[21-02-14 01:14:25-DEBUG] Checkpoints is in:
./results/checkpoints/20210214/3D_ResNet50-1-011424/
[21-02-14 01:14:25-DEBUG] Tensorboard is in:
./results/tensorboards/20210214/3D_ResNet50-1-011424/
[21-02-14 01:14:25-DEBUG] Data is in:
./data/Net_Input/3D_64_z1.0_l0.70_h0.10_20210125/
[21-02-14 01:14:25-DEBUG] LR: 0.0001, LD: 0.98
[21-02-14 01:14:25-DEBUG] WD: 1e-05, WU: 20
[21-02-14 01:14:25-DEBUG] BS: 4, FOLD: 1


[21-02-14 01:22:27-INFO] EPOCH: 1
[21-02-14 01:22:27-INFO] TRAIN_LOSS : 1.039, TIME: 474.0s
[21-02-14 01:23:05-INFO] VAL _RECALL: 0.357, TIME: 38.8s
[21-02-14 01:23:05-DEBUG] 
VAL  set, TITLE	CLS0	CLS1	CLS2	MEAN
VAL  set, REC:	1.000	0.000	0.071	0.357	
VAL  set, F1 :	0.675	0.000	0.127	0.267	
VAL  set, AUC:	0.748	0.592	0.683	0.674	
VAL  set, ACC:	0.523	0.712	0.788	0.674	
VAL  set, SPE:	0.053	1.000	0.985	0.680	
[21-02-14 01:23:44-INFO] TEST_RECALL: 0.366, TIME: 38.8s
[21-02-14 01:23:44-DEBUG] 
TEST set, TITLE	CLS0	CLS1	CLS2	MEAN
TEST set, REC:	1.000	0.000	0.099	0.366	
TEST set, F1 :	0.693	0.000	0.173	0.289	
TEST set, AUC:	0.768	0.604	0.693	0.688	
TEST set, ACC:	0.548	0.784	0.741	0.691	
TEST set, SPE:	0.079	1.000	0.984	0.688	
[21-02-14 01:23:45-INFO] BEST_RECALL: 0.366, EPOCH:   1
[21-02-14 01:31:39-INFO] EPOCH: 2
[21-02-14 01:31:39-INFO] TRAIN_LOSS : 1.002, TIME: 473.9s
[21-02-14 01:32:18-INFO] VAL _RECALL: 0.353, TIME: 38.9s
[21-02-14 01:32:18-DEBUG] 
VAL  set, TITLE	CLS0	CLS1	CLS2	MEAN
VAL  set, REC:	1.000	0.040	0.018	0.353	
VAL  set, F1 :	0.679	0.072	0.035	0.262	
VAL  set, AUC:	0.780	0.615	0.795	0.730	
VAL  set, ACC:	0.531	0.704	0.788	0.674	
VAL  set, SPE:	0.069	0.973	1.000	0.681	
[21-02-14 01:32:57-INFO] TEST_RECALL: 0.345, TIME: 39.0s
[21-02-14 01:32:57-DEBUG] 
TEST set, TITLE	CLS0	CLS1	CLS2	MEAN
TEST set, REC:	1.000	0.036	0.000	0.345	
TEST set, F1 :	0.691	0.062	0.000	0.251	
TEST set, AUC:	0.770	0.600	0.732	0.701	
TEST set, ACC:	0.544	0.764	0.726	0.678	
TEST set, SPE:	0.071	0.966	1.000	0.679	
[21-02-14 01:32:57-INFO] BEST_RECALL: 0.366, EPOCH:   1
[21-02-14 01:40:50-INFO] EPOCH: 3
[21-02-14 01:40:50-INFO] TRAIN_LOSS : 0.941, TIME: 473.5s
[21-02-14 01:41:29-INFO] VAL _RECALL: 0.482, TIME: 38.9s
[21-02-14 01:41:29-DEBUG] 
VAL  set, TITLE	CLS0	CLS1	CLS2	MEAN
VAL  set, REC:	0.558	0.120	0.768	0.482	
VAL  set, F1 :	0.658	0.173	0.437	0.422	
VAL  set, AUC:	0.789	0.495	0.758	0.681	
VAL  set, ACC:	0.712	0.669	0.573	0.651	
VAL  set, SPE:	0.863	0.892	0.520	0.758	
[21-02-14 01:42:08-INFO] TEST_RECALL: 0.476, TIME: 38.8s
[21-02-14 01:42:08-DEBUG] 
TEST set, TITLE	CLS0	CLS1	CLS2	MEAN
TEST set, REC:	0.515	0.125	0.789	0.476	
TEST set, F1 :	0.613	0.179	0.514	0.435	
TEST set, AUC:	0.787	0.502	0.772	0.687	
TEST set, ACC:	0.668	0.753	0.591	0.671	
TEST set, SPE:	0.827	0.926	0.516	0.756	
[21-02-14 01:42:09-INFO] BEST_RECALL: 0.476, EPOCH:   3
[21-02-14 01:50:03-INFO] EPOCH: 4
[21-02-14 01:50:03-INFO] TRAIN_LOSS : 0.925, TIME: 473.6s
[21-02-14 01:50:42-INFO] VAL _RECALL: 0.548, TIME: 39.0s
[21-02-14 01:50:42-DEBUG] 
VAL  set, TITLE	CLS0	CLS1	CLS2	MEAN
VAL  set, REC:	0.643	0.680	0.321	0.548	
VAL  set, F1 :	0.712	0.502	0.429	0.548	
VAL  set, AUC:	0.841	0.673	0.874	0.796	
VAL  set, ACC:	0.742	0.612	0.815	0.723	
VAL  set, SPE:	0.840	0.584	0.951	0.791	
[21-02-14 01:51:21-INFO] TEST_RECALL: 0.548, TIME: 38.8s
[21-02-14 01:51:21-DEBUG] 
TEST set, TITLE	CLS0	CLS1	CLS2	MEAN
TEST set, REC:	0.621	0.714	0.310	0.548	
TEST set, F1 :	0.713	0.428	0.436	0.525	
TEST set, AUC:	0.834	0.622	0.829	0.762	
TEST set, ACC:	0.745	0.587	0.780	0.704	
TEST set, SPE:	0.874	0.552	0.957	0.794	
[21-02-14 01:51:22-INFO] BEST_RECALL: 0.548, EPOCH:   4
[21-02-14 01:59:16-INFO] EPOCH: 5
[21-02-14 01:59:16-INFO] TRAIN_LOSS : 0.909, TIME: 473.7s
[21-02-14 01:59:54-INFO] VAL _RECALL: 0.428, TIME: 38.8s
[21-02-14 01:59:54-DEBUG] 
VAL  set, TITLE	CLS0	CLS1	CLS2	MEAN
VAL  set, REC:	0.302	0.000	0.982	0.428	
VAL  set, F1 :	0.441	0.000	0.414	0.285	
VAL  set, AUC:	0.751	0.446	0.746	0.648	
VAL  set, ACC:	0.619	0.704	0.400	0.574	
VAL  set, SPE:	0.931	0.989	0.240	0.720	
[21-02-14 02:00:33-INFO] TEST_RECALL: 0.413, TIME: 38.7s
[21-02-14 02:00:33-DEBUG] 
TEST set, TITLE	CLS0	CLS1	CLS2	MEAN
TEST set, REC:	0.280	0.000	0.958	0.413	
TEST set, F1 :	0.428	0.000	0.471	0.299	
TEST set, AUC:	0.731	0.510	0.738	0.660	
TEST set, ACC:	0.618	0.784	0.409	0.604	
TEST set, SPE:	0.969	1.000	0.202	0.724	
[21-02-14 02:00:33-INFO] BEST_RECALL: 0.548, EPOCH:   4
[21-02-14 02:08:26-INFO] EPOCH: 6
[21-02-14 02:08:27-INFO] TRAIN_LOSS : 0.871, TIME: 473.4s
[21-02-14 02:09:05-INFO] VAL _RECALL: 0.569, TIME: 38.7s
[21-02-14 02:09:05-DEBUG] 
VAL  set, TITLE	CLS0	CLS1	CLS2	MEAN
VAL  set, REC:	0.977	0.107	0.625	0.569	
VAL  set, F1 :	0.757	0.174	0.737	0.556	
VAL  set, AUC:	0.896	0.723	0.946	0.855	
VAL  set, ACC:	0.688	0.708	0.904	0.767	
VAL  set, SPE:	0.405	0.951	0.980	0.779	
[21-02-14 02:09:44-INFO] TEST_RECALL: 0.544, TIME: 38.9s
[21-02-14 02:09:44-DEBUG] 
TEST set, TITLE	CLS0	CLS1	CLS2	MEAN
TEST set, REC:	0.947	0.107	0.577	0.544	
TEST set, F1 :	0.760	0.176	0.678	0.538	
TEST set, AUC:	0.836	0.654	0.872	0.787	
TEST set, ACC:	0.695	0.784	0.849	0.776	
TEST set, SPE:	0.433	0.970	0.952	0.785	
[21-02-14 02:09:45-INFO] BEST_RECALL: 0.548, EPOCH:   4
[21-02-14 02:17:38-INFO] EPOCH: 7
[21-02-14 02:17:38-INFO] TRAIN_LOSS : 0.843, TIME: 473.1s
[21-02-14 02:18:16-INFO] VAL _RECALL: 0.549, TIME: 38.7s
[21-02-14 02:18:16-DEBUG] 
VAL  set, TITLE	CLS0	CLS1	CLS2	MEAN
VAL  set, REC:	0.550	0.133	0.964	0.549	
VAL  set, F1 :	0.686	0.183	0.529	0.466	
VAL  set, AUC:	0.856	0.598	0.886	0.780	
VAL  set, ACC:	0.750	0.658	0.631	0.679	
VAL  set, SPE:	0.947	0.870	0.539	0.785	
[21-02-14 02:18:55-INFO] TEST_RECALL: 0.486, TIME: 38.8s
[21-02-14 02:18:55-DEBUG] 
TEST set, TITLE	CLS0	CLS1	CLS2	MEAN
TEST set, REC:	0.455	0.143	0.859	0.486	
TEST set, F1 :	0.591	0.170	0.552	0.438	
TEST set, AUC:	0.809	0.564	0.817	0.730	
TEST set, ACC:	0.680	0.699	0.618	0.665	
TEST set, SPE:	0.913	0.852	0.527	0.764	
[21-02-14 02:18:57-INFO] BEST_RECALL: 0.548, EPOCH:   4
[21-02-14 02:26:50-INFO] EPOCH: 8
[21-02-14 02:26:50-INFO] TRAIN_LOSS : 0.824, TIME: 473.2s
[21-02-14 02:27:29-INFO] VAL _RECALL: 0.513, TIME: 38.9s
[21-02-14 02:27:29-DEBUG] 
VAL  set, TITLE	CLS0	CLS1	CLS2	MEAN
VAL  set, REC:	0.543	0.013	0.982	0.513	
VAL  set, F1 :	0.673	0.026	0.468	0.389	
VAL  set, AUC:	0.864	0.517	0.870	0.750	
VAL  set, ACC:	0.738	0.712	0.519	0.656	
VAL  set, SPE:	0.931	0.995	0.392	0.773	
[21-02-14 02:28:08-INFO] TEST_RECALL: 0.470, TIME: 38.9s
[21-02-14 02:28:08-DEBUG] 
TEST set, TITLE	CLS0	CLS1	CLS2	MEAN
TEST set, REC:	0.439	0.000	0.972	0.470	
TEST set, F1 :	0.586	0.000	0.525	0.370	
TEST set, AUC:	0.818	0.549	0.830	0.732	
TEST set, ACC:	0.683	0.780	0.517	0.660	
TEST set, SPE:	0.937	0.995	0.346	0.759	
[21-02-14 02:28:09-INFO] BEST_RECALL: 0.548, EPOCH:   4
[21-02-14 02:36:02-INFO] EPOCH: 9
[21-02-14 02:36:02-INFO] TRAIN_LOSS : 0.846, TIME: 473.2s
[21-02-14 02:36:41-INFO] VAL _RECALL: 0.646, TIME: 38.8s
[21-02-14 02:36:41-DEBUG] 
VAL  set, TITLE	CLS0	CLS1	CLS2	MEAN
VAL  set, REC:	0.783	0.387	0.768	0.646	
VAL  set, F1 :	0.798	0.423	0.662	0.628	
VAL  set, AUC:	0.913	0.789	0.906	0.869	
VAL  set, ACC:	0.804	0.696	0.831	0.777	
VAL  set, SPE:	0.824	0.822	0.848	0.831	
[21-02-14 02:37:20-INFO] TEST_RECALL: 0.583, TIME: 38.8s
[21-02-14 02:37:20-DEBUG] 
TEST set, TITLE	CLS0	CLS1	CLS2	MEAN
TEST set, REC:	0.758	0.286	0.704	0.583	
TEST set, F1 :	0.763	0.311	0.654	0.576	
TEST set, AUC:	0.827	0.668	0.842	0.779	
TEST set, ACC:	0.761	0.726	0.795	0.761	
TEST set, SPE:	0.764	0.847	0.830	0.814	
[21-02-14 02:37:23-INFO] BEST_RECALL: 0.583, EPOCH:   9
[21-02-14 02:45:16-INFO] EPOCH: 10
[21-02-14 02:45:16-INFO] TRAIN_LOSS : 0.777, TIME: 473.0s
[21-02-14 02:45:55-INFO] VAL _RECALL: 0.350, TIME: 38.8s
[21-02-14 02:45:55-DEBUG] 
VAL  set, TITLE	CLS0	CLS1	CLS2	MEAN
VAL  set, REC:	0.016	0.053	0.982	0.350	
VAL  set, F1 :	0.031	0.087	0.370	0.163	
VAL  set, AUC:	0.789	0.429	0.715	0.644	
VAL  set, ACC:	0.512	0.677	0.281	0.490	
VAL  set, SPE:	1.000	0.930	0.088	0.673	
[21-02-14 02:46:34-INFO] TEST_RECALL: 0.372, TIME: 38.9s
[21-02-14 02:46:34-DEBUG] 
TEST set, TITLE	CLS0	CLS1	CLS2	MEAN
TEST set, REC:	0.091	0.054	0.972	0.372	
TEST set, F1 :	0.167	0.087	0.452	0.235	
TEST set, AUC:	0.727	0.493	0.714	0.645	
TEST set, ACC:	0.537	0.757	0.355	0.550	
TEST set, SPE:	1.000	0.951	0.122	0.691	
[21-02-14 02:46:35-INFO] BEST_RECALL: 0.583, EPOCH:   9
[21-02-14 02:54:28-INFO] EPOCH: 11
[21-02-14 02:54:28-INFO] TRAIN_LOSS : 0.795, TIME: 473.1s
[21-02-14 02:55:07-INFO] VAL _RECALL: 0.646, TIME: 38.8s
[21-02-14 02:55:07-DEBUG] 
VAL  set, TITLE	CLS0	CLS1	CLS2	MEAN
VAL  set, REC:	0.752	0.453	0.732	0.646	
VAL  set, F1 :	0.789	0.500	0.594	0.628	
VAL  set, AUC:	0.869	0.744	0.875	0.829	
VAL  set, ACC:	0.800	0.738	0.785	0.774	
VAL  set, SPE:	0.847	0.854	0.799	0.833	
[21-02-14 02:55:46-INFO] TEST_RECALL: 0.507, TIME: 38.8s
[21-02-14 02:55:46-DEBUG] 
TEST set, TITLE	CLS0	CLS1	CLS2	MEAN
TEST set, REC:	0.576	0.339	0.606	0.507	
TEST set, F1 :	0.647	0.314	0.531	0.497	
TEST set, AUC:	0.752	0.590	0.732	0.691	
TEST set, ACC:	0.680	0.680	0.707	0.689	
TEST set, SPE:	0.787	0.773	0.745	0.768	
[21-02-14 02:55:47-INFO] BEST_RECALL: 0.583, EPOCH:   9
[21-02-14 03:03:40-INFO] EPOCH: 12
[21-02-14 03:03:40-INFO] TRAIN_LOSS : 0.778, TIME: 473.2s
[21-02-14 03:04:19-INFO] VAL _RECALL: 0.333, TIME: 38.9s
[21-02-14 03:04:19-DEBUG] 
VAL  set, TITLE	CLS0	CLS1	CLS2	MEAN
VAL  set, REC:	1.000	0.000	0.000	0.333	
VAL  set, F1 :	0.663	0.000	0.000	0.221	
VAL  set, AUC:	0.849	0.613	0.925	0.796	
VAL  set, ACC:	0.496	0.712	0.785	0.664	
VAL  set, SPE:	0.000	1.000	1.000	0.667	
[21-02-14 03:04:58-INFO] TEST_RECALL: 0.333, TIME: 38.8s
[21-02-14 03:04:58-DEBUG] 
TEST set, TITLE	CLS0	CLS1	CLS2	MEAN
TEST set, REC:	1.000	0.000	0.000	0.333	
TEST set, F1 :	0.675	0.000	0.000	0.225	
TEST set, AUC:	0.805	0.560	0.832	0.732	
TEST set, ACC:	0.510	0.784	0.726	0.673	
TEST set, SPE:	0.000	1.000	1.000	0.667	
[21-02-14 03:04:59-INFO] BEST_RECALL: 0.583, EPOCH:   9
[21-02-14 03:12:52-INFO] EPOCH: 13
[21-02-14 03:12:52-INFO] TRAIN_LOSS : 0.777, TIME: 472.7s
[21-02-14 03:13:31-INFO] VAL _RECALL: 0.658, TIME: 38.7s
[21-02-14 03:13:31-DEBUG] 
VAL  set, TITLE	CLS0	CLS1	CLS2	MEAN
VAL  set, REC:	0.953	0.467	0.554	0.658	
VAL  set, F1 :	0.826	0.522	0.705	0.684	
VAL  set, AUC:	0.924	0.787	0.964	0.892	
VAL  set, ACC:	0.800	0.754	0.900	0.818	
VAL  set, SPE:	0.649	0.870	0.995	0.838	
[21-02-14 03:14:10-INFO] TEST_RECALL: 0.539, TIME: 38.8s
[21-02-14 03:14:10-DEBUG] 
TEST set, TITLE	CLS0	CLS1	CLS2	MEAN
TEST set, REC:	0.909	0.286	0.423	0.539	
TEST set, F1 :	0.779	0.299	0.583	0.554	
TEST set, AUC:	0.826	0.657	0.863	0.782	
TEST set, ACC:	0.737	0.710	0.834	0.761	
TEST set, SPE:	0.559	0.828	0.989	0.792	
[21-02-14 03:14:11-INFO] BEST_RECALL: 0.583, EPOCH:   9
[21-02-14 03:22:04-INFO] EPOCH: 14
[21-02-14 03:22:04-INFO] TRAIN_LOSS : 0.719, TIME: 472.8s
[21-02-14 03:22:43-INFO] VAL _RECALL: 0.667, TIME: 38.9s
[21-02-14 03:22:43-DEBUG] 
VAL  set, TITLE	CLS0	CLS1	CLS2	MEAN
VAL  set, REC:	0.953	0.227	0.821	0.667	
VAL  set, F1 :	0.834	0.351	0.719	0.634	
VAL  set, AUC:	0.936	0.808	0.934	0.893	
VAL  set, ACC:	0.812	0.758	0.862	0.810	
VAL  set, SPE:	0.672	0.973	0.873	0.839	
[21-02-14 03:23:21-INFO] TEST_RECALL: 0.546, TIME: 38.8s
[21-02-14 03:23:21-DEBUG] 
TEST set, TITLE	CLS0	CLS1	CLS2	MEAN
TEST set, REC:	0.856	0.107	0.676	0.546	
TEST set, F1 :	0.761	0.171	0.636	0.523	
TEST set, AUC:	0.832	0.659	0.836	0.776	
TEST set, ACC:	0.726	0.776	0.788	0.763	
TEST set, SPE:	0.591	0.961	0.830	0.794	
[21-02-14 03:23:23-INFO] BEST_RECALL: 0.583, EPOCH:   9
[21-02-14 03:31:15-INFO] EPOCH: 15
[21-02-14 03:31:15-INFO] TRAIN_LOSS : 0.756, TIME: 472.6s
[21-02-14 03:31:54-INFO] VAL _RECALL: 0.659, TIME: 38.7s
[21-02-14 03:31:54-DEBUG] 
VAL  set, TITLE	CLS0	CLS1	CLS2	MEAN
VAL  set, REC:	0.791	0.240	0.946	0.659	
VAL  set, F1 :	0.816	0.327	0.662	0.602	
VAL  set, AUC:	0.915	0.801	0.958	0.891	
VAL  set, ACC:	0.823	0.715	0.792	0.777	
VAL  set, SPE:	0.855	0.908	0.750	0.838	
[21-02-14 03:32:33-INFO] TEST_RECALL: 0.549, TIME: 38.7s
[21-02-14 03:32:33-DEBUG] 
TEST set, TITLE	CLS0	CLS1	CLS2	MEAN
TEST set, REC:	0.644	0.143	0.859	0.549	
TEST set, F1 :	0.714	0.188	0.626	0.509	
TEST set, AUC:	0.825	0.670	0.873	0.789	
TEST set, ACC:	0.737	0.734	0.718	0.730	
TEST set, SPE:	0.835	0.897	0.665	0.799	
[21-02-14 03:32:34-INFO] BEST_RECALL: 0.583, EPOCH:   9
[21-02-14 03:40:27-INFO] EPOCH: 16
[21-02-14 03:40:27-INFO] TRAIN_LOSS : 0.683, TIME: 472.6s
[21-02-14 03:41:06-INFO] VAL _RECALL: 0.667, TIME: 38.8s
[21-02-14 03:41:06-DEBUG] 
VAL  set, TITLE	CLS0	CLS1	CLS2	MEAN
VAL  set, REC:	0.930	0.213	0.857	0.667	
VAL  set, F1 :	0.845	0.314	0.716	0.625	
VAL  set, AUC:	0.939	0.825	0.938	0.901	
VAL  set, ACC:	0.831	0.731	0.854	0.805	
VAL  set, SPE:	0.733	0.941	0.853	0.842	
[21-02-14 03:41:44-INFO] TEST_RECALL: 0.592, TIME: 38.9s
[21-02-14 03:41:44-DEBUG] 
TEST set, TITLE	CLS0	CLS1	CLS2	MEAN
TEST set, REC:	0.833	0.125	0.817	0.592	
TEST set, F1 :	0.777	0.203	0.699	0.560	
TEST set, AUC:	0.836	0.704	0.881	0.807	
TEST set, ACC:	0.757	0.788	0.807	0.784	
TEST set, SPE:	0.677	0.970	0.803	0.817	
[21-02-14 03:41:47-INFO] BEST_RECALL: 0.592, EPOCH:  16
[21-02-14 03:49:40-INFO] EPOCH: 17
[21-02-14 03:49:40-INFO] TRAIN_LOSS : 0.709, TIME: 472.7s
[21-02-14 03:50:19-INFO] VAL _RECALL: 0.637, TIME: 38.7s
[21-02-14 03:50:19-DEBUG] 
VAL  set, TITLE	CLS0	CLS1	CLS2	MEAN
VAL  set, REC:	0.217	0.800	0.893	0.637	
VAL  set, F1 :	0.357	0.508	0.787	0.551	
VAL  set, AUC:	0.971	0.673	0.968	0.870	
VAL  set, ACC:	0.612	0.554	0.896	0.687	
VAL  set, SPE:	1.000	0.454	0.897	0.784	
[21-02-14 03:50:58-INFO] TEST_RECALL: 0.529, TIME: 38.9s
[21-02-14 03:50:58-DEBUG] 
TEST set, TITLE	CLS0	CLS1	CLS2	MEAN
TEST set, REC:	0.152	0.661	0.775	0.529	
TEST set, F1 :	0.260	0.366	0.679	0.435	
TEST set, AUC:	0.854	0.606	0.881	0.780	
TEST set, ACC:	0.560	0.506	0.799	0.622	
TEST set, SPE:	0.984	0.463	0.809	0.752	
[21-02-14 03:50:59-INFO] BEST_RECALL: 0.592, EPOCH:  16
[21-02-14 03:58:52-INFO] EPOCH: 18
[21-02-14 03:58:52-INFO] TRAIN_LOSS : 0.679, TIME: 472.7s
[21-02-14 03:59:30-INFO] VAL _RECALL: 0.713, TIME: 38.7s
[21-02-14 03:59:30-DEBUG] 
VAL  set, TITLE	CLS0	CLS1	CLS2	MEAN
VAL  set, REC:	0.682	0.920	0.536	0.713	
VAL  set, F1 :	0.793	0.654	0.690	0.712	
VAL  set, AUC:	0.937	0.854	0.960	0.917	
VAL  set, ACC:	0.823	0.719	0.896	0.813	
VAL  set, SPE:	0.962	0.638	0.995	0.865	
[21-02-14 04:00:09-INFO] TEST_RECALL: 0.510, TIME: 38.7s
[21-02-14 04:00:09-DEBUG] 
TEST set, TITLE	CLS0	CLS1	CLS2	MEAN
TEST set, REC:	0.477	0.643	0.408	0.510	
TEST set, F1 :	0.583	0.365	0.552	0.500	
TEST set, AUC:	0.812	0.613	0.864	0.763	
TEST set, ACC:	0.653	0.517	0.819	0.663	
TEST set, SPE:	0.835	0.483	0.973	0.764	
[21-02-14 04:00:10-INFO] BEST_RECALL: 0.592, EPOCH:  16
[21-02-14 04:08:03-INFO] EPOCH: 19
[21-02-14 04:08:03-INFO] TRAIN_LOSS : 0.676, TIME: 472.7s
[21-02-14 04:08:42-INFO] VAL _RECALL: 0.408, TIME: 38.7s
[21-02-14 04:08:42-DEBUG] 
VAL  set, TITLE	CLS0	CLS1	CLS2	MEAN
VAL  set, REC:	0.984	0.187	0.054	0.408	
VAL  set, F1 :	0.743	0.235	0.102	0.360	
VAL  set, AUC:	0.887	0.662	0.927	0.825	
VAL  set, ACC:	0.662	0.650	0.796	0.703	
VAL  set, SPE:	0.344	0.838	1.000	0.727	
[21-02-14 04:09:20-INFO] TEST_RECALL: 0.380, TIME: 38.7s
[21-02-14 04:09:20-DEBUG] 
TEST set, TITLE	CLS0	CLS1	CLS2	MEAN
TEST set, REC:	0.932	0.179	0.028	0.380	
TEST set, F1 :	0.730	0.185	0.055	0.323	
TEST set, AUC:	0.753	0.552	0.775	0.693	
TEST set, ACC:	0.649	0.660	0.734	0.681	
TEST set, SPE:	0.354	0.793	1.000	0.716	
[21-02-14 04:09:22-INFO] BEST_RECALL: 0.592, EPOCH:  16
[21-02-14 04:17:14-INFO] EPOCH: 20
[21-02-14 04:17:14-INFO] TRAIN_LOSS : 0.632, TIME: 472.4s
[21-02-14 04:17:53-INFO] VAL _RECALL: 0.633, TIME: 38.7s
[21-02-14 04:17:53-DEBUG] 
VAL  set, TITLE	CLS0	CLS1	CLS2	MEAN
VAL  set, REC:	0.953	0.267	0.679	0.633	
VAL  set, F1 :	0.796	0.364	0.752	0.637	
VAL  set, AUC:	0.910	0.781	0.950	0.880	
VAL  set, ACC:	0.758	0.731	0.904	0.797	
VAL  set, SPE:	0.565	0.919	0.966	0.816	
[21-02-14 04:18:32-INFO] TEST_RECALL: 0.556, TIME: 38.9s
[21-02-14 04:18:32-DEBUG] 
TEST set, TITLE	CLS0	CLS1	CLS2	MEAN
TEST set, REC:	0.871	0.232	0.563	0.556	
TEST set, F1 :	0.772	0.286	0.620	0.559	
TEST set, AUC:	0.823	0.679	0.838	0.780	
TEST set, ACC:	0.737	0.749	0.811	0.766	
TEST set, SPE:	0.598	0.892	0.904	0.798	
[21-02-14 04:18:33-INFO] BEST_RECALL: 0.592, EPOCH:  16
[21-02-14 04:26:26-INFO] EPOCH: 21
[21-02-14 04:26:26-INFO] TRAIN_LOSS : 0.548, TIME: 472.5s
[21-02-14 04:27:04-INFO] VAL _RECALL: 0.778, TIME: 38.7s
[21-02-14 04:27:04-DEBUG] 
VAL  set, TITLE	CLS0	CLS1	CLS2	MEAN
VAL  set, REC:	0.984	0.493	0.857	0.778	
VAL  set, F1 :	0.852	0.638	0.906	0.799	
VAL  set, AUC:	0.971	0.912	0.991	0.958	
VAL  set, ACC:	0.831	0.838	0.962	0.877	
VAL  set, SPE:	0.679	0.978	0.990	0.883	
[21-02-14 04:27:43-INFO] TEST_RECALL: 0.551, TIME: 38.9s
[21-02-14 04:27:43-DEBUG] 
TEST set, TITLE	CLS0	CLS1	CLS2	MEAN
TEST set, REC:	0.917	0.214	0.521	0.551	
TEST set, F1 :	0.773	0.282	0.617	0.557	
TEST set, AUC:	0.830	0.658	0.852	0.780	
TEST set, ACC:	0.726	0.764	0.822	0.771	
TEST set, SPE:	0.528	0.916	0.936	0.793	
[21-02-14 04:27:45-INFO] BEST_RECALL: 0.592, EPOCH:  16
[21-02-14 04:35:37-INFO] EPOCH: 22
[21-02-14 04:35:37-INFO] TRAIN_LOSS : 0.474, TIME: 472.7s
[21-02-14 04:36:16-INFO] VAL _RECALL: 0.813, TIME: 38.8s
[21-02-14 04:36:16-DEBUG] 
VAL  set, TITLE	CLS0	CLS1	CLS2	MEAN
VAL  set, REC:	0.775	0.987	0.679	0.813	
VAL  set, F1 :	0.870	0.755	0.809	0.811	
VAL  set, AUC:	0.995	0.974	0.990	0.986	
VAL  set, ACC:	0.885	0.815	0.931	0.877	
VAL  set, SPE:	0.992	0.746	1.000	0.913	
[21-02-14 04:36:55-INFO] TEST_RECALL: 0.534, TIME: 38.8s
[21-02-14 04:36:55-DEBUG] 
TEST set, TITLE	CLS0	CLS1	CLS2	MEAN
TEST set, REC:	0.561	0.732	0.310	0.534	
TEST set, F1 :	0.661	0.418	0.449	0.509	
TEST set, AUC:	0.831	0.683	0.837	0.784	
TEST set, ACC:	0.707	0.560	0.792	0.686	
TEST set, SPE:	0.858	0.512	0.973	0.781	
[21-02-14 04:36:56-INFO] BEST_RECALL: 0.592, EPOCH:  16
[21-02-14 04:44:49-INFO] EPOCH: 23
[21-02-14 04:44:49-INFO] TRAIN_LOSS : 0.429, TIME: 472.4s
[21-02-14 04:45:28-INFO] VAL _RECALL: 0.924, TIME: 38.8s
[21-02-14 04:45:28-DEBUG] 
VAL  set, TITLE	CLS0	CLS1	CLS2	MEAN
VAL  set, REC:	0.977	0.813	0.982	0.924	
VAL  set, F1 :	0.940	0.878	0.973	0.930	
VAL  set, AUC:	0.991	0.979	0.998	0.989	
VAL  set, ACC:	0.938	0.935	0.988	0.954	
VAL  set, SPE:	0.901	0.984	0.990	0.958	
[21-02-14 04:46:07-INFO] TEST_RECALL: 0.597, TIME: 38.9s
[21-02-14 04:46:07-DEBUG] 
TEST set, TITLE	CLS0	CLS1	CLS2	MEAN
TEST set, REC:	0.795	0.446	0.549	0.597	
TEST set, F1 :	0.778	0.397	0.639	0.605	
TEST set, AUC:	0.841	0.669	0.853	0.788	
TEST set, ACC:	0.768	0.707	0.830	0.768	
TEST set, SPE:	0.740	0.778	0.936	0.818	
[21-02-14 04:46:09-INFO] BEST_RECALL: 0.597, EPOCH:  23
[21-02-14 04:54:02-INFO] EPOCH: 24
[21-02-14 04:54:02-INFO] TRAIN_LOSS : 0.351, TIME: 472.7s
[21-02-14 04:54:41-INFO] VAL _RECALL: 0.962, TIME: 38.8s
[21-02-14 04:54:41-DEBUG] 
VAL  set, TITLE	CLS0	CLS1	CLS2	MEAN
VAL  set, REC:	0.938	0.947	1.000	0.962	
VAL  set, F1 :	0.964	0.928	0.966	0.953	
VAL  set, AUC:	0.998	0.995	1.000	0.998	
VAL  set, ACC:	0.965	0.958	0.985	0.969	
VAL  set, SPE:	0.992	0.962	0.980	0.978	
[21-02-14 04:55:20-INFO] TEST_RECALL: 0.615, TIME: 38.7s
[21-02-14 04:55:20-DEBUG] 
TEST set, TITLE	CLS0	CLS1	CLS2	MEAN
TEST set, REC:	0.667	0.518	0.662	0.615	
TEST set, F1 :	0.739	0.423	0.657	0.607	
TEST set, AUC:	0.845	0.638	0.843	0.775	
TEST set, ACC:	0.761	0.695	0.811	0.755	
TEST set, SPE:	0.858	0.744	0.867	0.823	
[21-02-14 04:55:22-INFO] BEST_RECALL: 0.615, EPOCH:  24
[21-02-14 05:03:15-INFO] EPOCH: 25
[21-02-14 05:03:15-INFO] TRAIN_LOSS : 0.283, TIME: 472.4s
[21-02-14 05:03:54-INFO] VAL _RECALL: 0.811, TIME: 38.8s
[21-02-14 05:03:54-DEBUG] 
VAL  set, TITLE	CLS0	CLS1	CLS2	MEAN
VAL  set, REC:	0.992	0.440	1.000	0.811	
VAL  set, F1 :	0.945	0.611	0.794	0.783	
VAL  set, AUC:	0.992	0.970	0.991	0.984	
VAL  set, ACC:	0.942	0.838	0.888	0.890	
VAL  set, SPE:	0.893	1.000	0.858	0.917	
[21-02-14 05:04:32-INFO] TEST_RECALL: 0.585, TIME: 38.9s
[21-02-14 05:04:32-DEBUG] 
TEST set, TITLE	CLS0	CLS1	CLS2	MEAN
TEST set, REC:	0.856	0.125	0.775	0.585	
TEST set, F1 :	0.782	0.189	0.710	0.560	
TEST set, AUC:	0.830	0.657	0.861	0.783	
TEST set, ACC:	0.757	0.768	0.826	0.784	
TEST set, SPE:	0.654	0.946	0.846	0.815	
[21-02-14 05:04:34-INFO] BEST_RECALL: 0.615, EPOCH:  24
[21-02-14 05:12:26-INFO] EPOCH: 26
[21-02-14 05:12:26-INFO] TRAIN_LOSS : 0.312, TIME: 472.7s
[21-02-14 05:13:05-INFO] VAL _RECALL: 0.954, TIME: 38.8s
[21-02-14 05:13:05-DEBUG] 
VAL  set, TITLE	CLS0	CLS1	CLS2	MEAN
VAL  set, REC:	0.915	1.000	0.946	0.954	
VAL  set, F1 :	0.955	0.915	0.972	0.948	
VAL  set, AUC:	1.000	0.996	1.000	0.999	
VAL  set, ACC:	0.958	0.946	0.988	0.964	
VAL  set, SPE:	1.000	0.924	1.000	0.975	
[21-02-14 05:13:44-INFO] TEST_RECALL: 0.644, TIME: 38.8s
[21-02-14 05:13:44-DEBUG] 
TEST set, TITLE	CLS0	CLS1	CLS2	MEAN
TEST set, REC:	0.545	0.696	0.690	0.644	
TEST set, F1 :	0.676	0.456	0.731	0.621	
TEST set, AUC:	0.868	0.690	0.875	0.811	
TEST set, ACC:	0.734	0.641	0.861	0.745	
TEST set, SPE:	0.929	0.626	0.926	0.827	
[21-02-14 05:13:47-INFO] BEST_RECALL: 0.644, EPOCH:  26
[21-02-14 05:21:39-INFO] EPOCH: 27
[21-02-14 05:21:39-INFO] TRAIN_LOSS : 0.185, TIME: 472.6s
[21-02-14 05:22:18-INFO] VAL _RECALL: 0.949, TIME: 38.8s
[21-02-14 05:22:18-DEBUG] 
VAL  set, TITLE	CLS0	CLS1	CLS2	MEAN
VAL  set, REC:	0.977	0.960	0.911	0.949	
VAL  set, F1 :	0.969	0.941	0.953	0.955	
VAL  set, AUC:	0.998	0.996	1.000	0.998	
VAL  set, ACC:	0.969	0.965	0.981	0.972	
VAL  set, SPE:	0.962	0.968	1.000	0.976	
[21-02-14 05:22:57-INFO] TEST_RECALL: 0.635, TIME: 38.9s
[21-02-14 05:22:57-DEBUG] 
TEST set, TITLE	CLS0	CLS1	CLS2	MEAN
TEST set, REC:	0.795	0.518	0.592	0.635	
TEST set, F1 :	0.781	0.460	0.683	0.641	
TEST set, AUC:	0.839	0.691	0.862	0.797	
TEST set, ACC:	0.772	0.737	0.849	0.786	
TEST set, SPE:	0.748	0.798	0.947	0.831	
[21-02-14 05:22:58-INFO] BEST_RECALL: 0.644, EPOCH:  26
[21-02-14 05:30:51-INFO] EPOCH: 28
[21-02-14 05:30:51-INFO] TRAIN_LOSS : 0.178, TIME: 472.8s
[21-02-14 05:31:30-INFO] VAL _RECALL: 0.981, TIME: 38.8s
[21-02-14 05:31:30-DEBUG] 
VAL  set, TITLE	CLS0	CLS1	CLS2	MEAN
VAL  set, REC:	1.000	0.960	0.982	0.981	
VAL  set, F1 :	0.996	0.980	0.965	0.980	
VAL  set, AUC:	0.999	1.000	0.997	0.999	
VAL  set, ACC:	0.996	0.988	0.985	0.990	
VAL  set, SPE:	0.992	1.000	0.985	0.993	
[21-02-14 05:32:09-INFO] TEST_RECALL: 0.546, TIME: 38.7s
[21-02-14 05:32:09-DEBUG] 
TEST set, TITLE	CLS0	CLS1	CLS2	MEAN
TEST set, REC:	0.826	0.250	0.563	0.546	
TEST set, F1 :	0.770	0.272	0.606	0.549	
TEST set, AUC:	0.826	0.648	0.844	0.773	
TEST set, ACC:	0.749	0.710	0.799	0.753	
TEST set, SPE:	0.669	0.837	0.888	0.798	
[21-02-14 05:32:10-INFO] BEST_RECALL: 0.644, EPOCH:  26
[21-02-14 05:40:02-INFO] EPOCH: 29
[21-02-14 05:40:03-INFO] TRAIN_LOSS : 0.163, TIME: 472.4s
[21-02-14 05:40:41-INFO] VAL _RECALL: 0.953, TIME: 38.8s
[21-02-14 05:40:41-DEBUG] 
VAL  set, TITLE	CLS0	CLS1	CLS2	MEAN
VAL  set, REC:	1.000	0.893	0.964	0.953	
VAL  set, F1 :	0.989	0.931	0.939	0.953	
VAL  set, AUC:	1.000	0.995	0.998	0.997	
VAL  set, ACC:	0.988	0.962	0.973	0.974	
VAL  set, SPE:	0.977	0.989	0.975	0.981	
[21-02-14 05:41:20-INFO] TEST_RECALL: 0.562, TIME: 38.9s
[21-02-14 05:41:20-DEBUG] 
TEST set, TITLE	CLS0	CLS1	CLS2	MEAN
TEST set, REC:	0.841	0.268	0.577	0.562	
TEST set, F1 :	0.776	0.300	0.621	0.566	
TEST set, AUC:	0.831	0.649	0.837	0.772	
TEST set, ACC:	0.753	0.730	0.807	0.763	
TEST set, SPE:	0.661	0.857	0.894	0.804	
[21-02-14 05:41:22-INFO] BEST_RECALL: 0.644, EPOCH:  26
[21-02-14 05:49:14-INFO] EPOCH: 30
[21-02-14 05:49:14-INFO] TRAIN_LOSS : 0.159, TIME: 472.3s
[21-02-14 05:49:53-INFO] VAL _RECALL: 0.996, TIME: 38.9s
[21-02-14 05:49:53-DEBUG] 
VAL  set, TITLE	CLS0	CLS1	CLS2	MEAN
VAL  set, REC:	1.000	0.987	1.000	0.996	
VAL  set, F1 :	0.996	0.993	1.000	0.996	
VAL  set, AUC:	1.000	1.000	1.000	1.000	
VAL  set, ACC:	0.996	0.996	1.000	0.997	
VAL  set, SPE:	0.992	1.000	1.000	0.997	
[21-02-14 05:50:31-INFO] TEST_RECALL: 0.576, TIME: 38.7s
[21-02-14 05:50:31-DEBUG] 
TEST set, TITLE	CLS0	CLS1	CLS2	MEAN
TEST set, REC:	0.758	0.321	0.648	0.576	
TEST set, F1 :	0.746	0.319	0.672	0.579	
TEST set, AUC:	0.840	0.632	0.832	0.768	
TEST set, ACC:	0.737	0.703	0.826	0.755	
TEST set, SPE:	0.717	0.808	0.894	0.806	
[21-02-14 05:50:33-INFO] BEST_RECALL: 0.644, EPOCH:  26
[21-02-14 05:58:25-INFO] EPOCH: 31
[21-02-14 05:58:25-INFO] TRAIN_LOSS : 0.104, TIME: 472.4s
[21-02-14 05:59:04-INFO] VAL _RECALL: 0.996, TIME: 38.8s
[21-02-14 05:59:04-DEBUG] 
VAL  set, TITLE	CLS0	CLS1	CLS2	MEAN
VAL  set, REC:	1.000	0.987	1.000	0.996	
VAL  set, F1 :	0.996	0.993	1.000	0.996	
VAL  set, AUC:	1.000	1.000	1.000	1.000	
VAL  set, ACC:	0.996	0.996	1.000	0.997	
VAL  set, SPE:	0.992	1.000	1.000	0.997	
[21-02-14 05:59:43-INFO] TEST_RECALL: 0.585, TIME: 38.8s
[21-02-14 05:59:43-DEBUG] 
TEST set, TITLE	CLS0	CLS1	CLS2	MEAN
TEST set, REC:	0.712	0.464	0.577	0.585	
TEST set, F1 :	0.720	0.394	0.656	0.590	
TEST set, AUC:	0.812	0.658	0.842	0.771	
TEST set, ACC:	0.718	0.691	0.834	0.748	
TEST set, SPE:	0.724	0.754	0.931	0.803	
[21-02-14 05:59:44-INFO] BEST_RECALL: 0.644, EPOCH:  26
[21-02-14 06:07:37-INFO] EPOCH: 32
[21-02-14 06:07:37-INFO] TRAIN_LOSS : 0.147, TIME: 472.3s
[21-02-14 06:08:15-INFO] VAL _RECALL: 0.994, TIME: 38.8s
[21-02-14 06:08:15-DEBUG] 
VAL  set, TITLE	CLS0	CLS1	CLS2	MEAN
VAL  set, REC:	1.000	1.000	0.982	0.994	
VAL  set, F1 :	1.000	0.993	0.991	0.995	
VAL  set, AUC:	1.000	1.000	1.000	1.000	
VAL  set, ACC:	1.000	0.996	0.996	0.997	
VAL  set, SPE:	1.000	0.995	1.000	0.998	
[21-02-14 06:08:54-INFO] TEST_RECALL: 0.606, TIME: 38.8s
[21-02-14 06:08:54-DEBUG] 
TEST set, TITLE	CLS0	CLS1	CLS2	MEAN
TEST set, REC:	0.795	0.446	0.577	0.606	
TEST set, F1 :	0.772	0.407	0.667	0.615	
TEST set, AUC:	0.840	0.670	0.869	0.793	
TEST set, ACC:	0.761	0.718	0.842	0.773	
TEST set, SPE:	0.724	0.793	0.941	0.820	
[21-02-14 06:08:56-INFO] BEST_RECALL: 0.644, EPOCH:  26
[21-02-14 06:16:48-INFO] EPOCH: 33
[21-02-14 06:16:48-INFO] TRAIN_LOSS : 0.120, TIME: 472.2s
[21-02-14 06:17:27-INFO] VAL _RECALL: 0.994, TIME: 38.8s
[21-02-14 06:17:27-DEBUG] 
VAL  set, TITLE	CLS0	CLS1	CLS2	MEAN
VAL  set, REC:	1.000	1.000	0.982	0.994	
VAL  set, F1 :	1.000	0.993	0.991	0.995	
VAL  set, AUC:	1.000	1.000	1.000	1.000	
VAL  set, ACC:	1.000	0.996	0.996	0.997	
VAL  set, SPE:	1.000	0.995	1.000	0.998	
[21-02-14 06:18:05-INFO] TEST_RECALL: 0.583, TIME: 38.8s
[21-02-14 06:18:05-DEBUG] 
TEST set, TITLE	CLS0	CLS1	CLS2	MEAN
TEST set, REC:	0.765	0.393	0.592	0.583	
TEST set, F1 :	0.748	0.358	0.672	0.593	
TEST set, AUC:	0.822	0.671	0.849	0.781	
TEST set, ACC:	0.737	0.695	0.842	0.758	
TEST set, SPE:	0.709	0.778	0.936	0.808	
[21-02-14 06:18:07-INFO] BEST_RECALL: 0.644, EPOCH:  26
[21-02-14 06:25:59-INFO] EPOCH: 34
[21-02-14 06:25:59-INFO] TRAIN_LOSS : 0.059, TIME: 472.1s
[21-02-14 06:26:38-INFO] VAL _RECALL: 0.996, TIME: 38.9s
[21-02-14 06:26:38-DEBUG] 
VAL  set, TITLE	CLS0	CLS1	CLS2	MEAN
VAL  set, REC:	1.000	0.987	1.000	0.996	
VAL  set, F1 :	0.996	0.993	1.000	0.996	
VAL  set, AUC:	1.000	1.000	1.000	1.000	
VAL  set, ACC:	0.996	0.996	1.000	0.997	
VAL  set, SPE:	0.992	1.000	1.000	0.997	
[21-02-14 06:27:17-INFO] TEST_RECALL: 0.584, TIME: 38.9s
[21-02-14 06:27:17-DEBUG] 
TEST set, TITLE	CLS0	CLS1	CLS2	MEAN
TEST set, REC:	0.780	0.393	0.577	0.584	
TEST set, F1 :	0.757	0.373	0.641	0.590	
TEST set, AUC:	0.829	0.665	0.845	0.780	
TEST set, ACC:	0.745	0.714	0.822	0.761	
TEST set, SPE:	0.709	0.803	0.915	0.809	
[21-02-14 06:27:18-INFO] BEST_RECALL: 0.644, EPOCH:  26
[21-02-14 06:35:10-INFO] EPOCH: 35
[21-02-14 06:35:10-INFO] TRAIN_LOSS : 0.090, TIME: 472.3s
[21-02-14 06:35:49-INFO] VAL _RECALL: 0.981, TIME: 38.7s
[21-02-14 06:35:49-DEBUG] 
VAL  set, TITLE	CLS0	CLS1	CLS2	MEAN
VAL  set, REC:	1.000	0.960	0.982	0.981	
VAL  set, F1 :	0.996	0.973	0.973	0.981	
VAL  set, AUC:	1.000	1.000	1.000	1.000	
VAL  set, ACC:	0.996	0.985	0.988	0.990	
VAL  set, SPE:	0.992	0.995	0.990	0.992	
[21-02-14 06:36:28-INFO] TEST_RECALL: 0.578, TIME: 38.7s
[21-02-14 06:36:28-DEBUG] 
TEST set, TITLE	CLS0	CLS1	CLS2	MEAN
TEST set, REC:	0.742	0.357	0.634	0.578	
TEST set, F1 :	0.766	0.336	0.629	0.577	
TEST set, AUC:	0.833	0.614	0.824	0.757	
TEST set, ACC:	0.768	0.695	0.795	0.753	
TEST set, SPE:	0.795	0.788	0.856	0.813	
[21-02-14 06:36:29-INFO] BEST_RECALL: 0.644, EPOCH:  26
[21-02-14 06:44:21-INFO] EPOCH: 36
[21-02-14 06:44:21-INFO] TRAIN_LOSS : 0.079, TIME: 472.2s
[21-02-14 06:45:00-INFO] VAL _RECALL: 0.932, TIME: 38.8s
[21-02-14 06:45:00-DEBUG] 
VAL  set, TITLE	CLS0	CLS1	CLS2	MEAN
VAL  set, REC:	0.922	1.000	0.875	0.932	
VAL  set, F1 :	0.960	0.898	0.933	0.930	
VAL  set, AUC:	1.000	1.000	1.000	1.000	
VAL  set, ACC:	0.962	0.935	0.973	0.956	
VAL  set, SPE:	1.000	0.908	1.000	0.969	
[21-02-14 06:45:39-INFO] TEST_RECALL: 0.548, TIME: 38.8s
[21-02-14 06:45:39-DEBUG] 
TEST set, TITLE	CLS0	CLS1	CLS2	MEAN
TEST set, REC:	0.508	0.714	0.423	0.548	
TEST set, F1 :	0.629	0.406	0.556	0.530	
TEST set, AUC:	0.794	0.614	0.803	0.737	
TEST set, ACC:	0.695	0.548	0.815	0.686	
TEST set, SPE:	0.890	0.502	0.963	0.785	
[21-02-14 06:45:40-INFO] BEST_RECALL: 0.644, EPOCH:  26
[21-02-14 06:53:33-INFO] EPOCH: 37
[21-02-14 06:53:33-INFO] TRAIN_LOSS : 0.147, TIME: 472.5s
[21-02-14 06:54:12-INFO] VAL _RECALL: 0.956, TIME: 38.8s
[21-02-14 06:54:12-DEBUG] 
VAL  set, TITLE	CLS0	CLS1	CLS2	MEAN
VAL  set, REC:	0.922	0.947	1.000	0.956	
VAL  set, F1 :	0.960	0.922	0.949	0.944	
VAL  set, AUC:	0.998	0.991	1.000	0.996	
VAL  set, ACC:	0.962	0.954	0.977	0.964	
VAL  set, SPE:	1.000	0.957	0.971	0.976	
[21-02-14 06:54:50-INFO] TEST_RECALL: 0.581, TIME: 38.8s
[21-02-14 06:54:50-DEBUG] 
TEST set, TITLE	CLS0	CLS1	CLS2	MEAN
TEST set, REC:	0.591	0.446	0.704	0.581	
TEST set, F1 :	0.675	0.362	0.671	0.570	
TEST set, AUC:	0.823	0.645	0.833	0.767	
TEST set, ACC:	0.710	0.660	0.811	0.727	
TEST set, SPE:	0.835	0.719	0.851	0.802	
[21-02-14 06:54:52-INFO] BEST_RECALL: 0.644, EPOCH:  26
[21-02-14 07:02:44-INFO] EPOCH: 38
[21-02-14 07:02:44-INFO] TRAIN_LOSS : 0.108, TIME: 472.4s
[21-02-14 07:03:23-INFO] VAL _RECALL: 0.990, TIME: 38.7s
[21-02-14 07:03:23-DEBUG] 
VAL  set, TITLE	CLS0	CLS1	CLS2	MEAN
VAL  set, REC:	0.969	1.000	1.000	0.990	
VAL  set, F1 :	0.984	0.974	1.000	0.986	
VAL  set, AUC:	1.000	1.000	1.000	1.000	
VAL  set, ACC:	0.985	0.985	1.000	0.990	
VAL  set, SPE:	1.000	0.978	1.000	0.993	
[21-02-14 07:04:02-INFO] TEST_RECALL: 0.621, TIME: 38.9s
[21-02-14 07:04:02-DEBUG] 
TEST set, TITLE	CLS0	CLS1	CLS2	MEAN
TEST set, REC:	0.659	0.571	0.634	0.621	
TEST set, F1 :	0.728	0.427	0.698	0.617	
TEST set, AUC:	0.824	0.678	0.847	0.783	
TEST set, ACC:	0.749	0.668	0.849	0.755	
TEST set, SPE:	0.843	0.695	0.931	0.823	
[21-02-14 07:04:03-INFO] BEST_RECALL: 0.644, EPOCH:  26
[21-02-14 07:11:55-INFO] EPOCH: 39
[21-02-14 07:11:55-INFO] TRAIN_LOSS : 0.034, TIME: 472.1s
[21-02-14 07:12:34-INFO] VAL _RECALL: 1.000, TIME: 38.8s
[21-02-14 07:12:34-DEBUG] 
VAL  set, TITLE	CLS0	CLS1	CLS2	MEAN
VAL  set, REC:	1.000	1.000	1.000	1.000	
VAL  set, F1 :	1.000	1.000	1.000	1.000	
VAL  set, AUC:	1.000	1.000	1.000	1.000	
VAL  set, ACC:	1.000	1.000	1.000	1.000	
VAL  set, SPE:	1.000	1.000	1.000	1.000	
[21-02-14 07:13:13-INFO] TEST_RECALL: 0.614, TIME: 38.9s
[21-02-14 07:13:13-DEBUG] 
TEST set, TITLE	CLS0	CLS1	CLS2	MEAN
TEST set, REC:	0.598	0.625	0.620	0.614	
TEST set, F1 :	0.699	0.435	0.672	0.602	
TEST set, AUC:	0.810	0.638	0.825	0.758	
TEST set, ACC:	0.737	0.649	0.834	0.740	
TEST set, SPE:	0.882	0.655	0.915	0.817	
[21-02-14 07:13:14-INFO] BEST_RECALL: 0.644, EPOCH:  26
[21-02-14 07:21:06-INFO] EPOCH: 40
[21-02-14 07:21:06-INFO] TRAIN_LOSS : 0.030, TIME: 472.1s
[21-02-14 07:21:45-INFO] VAL _RECALL: 0.987, TIME: 38.9s
[21-02-14 07:21:45-DEBUG] 
VAL  set, TITLE	CLS0	CLS1	CLS2	MEAN
VAL  set, REC:	1.000	0.960	1.000	0.987	
VAL  set, F1 :	0.989	0.980	1.000	0.989	
VAL  set, AUC:	1.000	1.000	1.000	1.000	
VAL  set, ACC:	0.988	0.988	1.000	0.992	
VAL  set, SPE:	0.977	1.000	1.000	0.992	
[21-02-14 07:22:24-INFO] TEST_RECALL: 0.590, TIME: 38.8s
[21-02-14 07:22:24-DEBUG] 
TEST set, TITLE	CLS0	CLS1	CLS2	MEAN
TEST set, REC:	0.864	0.286	0.620	0.590	
TEST set, F1 :	0.768	0.330	0.710	0.602	
TEST set, AUC:	0.828	0.673	0.848	0.783	
TEST set, ACC:	0.734	0.749	0.861	0.781	
TEST set, SPE:	0.598	0.877	0.952	0.809	
[21-02-14 07:22:25-INFO] BEST_RECALL: 0.644, EPOCH:  26
[21-02-14 07:30:17-INFO] EPOCH: 41
[21-02-14 07:30:17-INFO] TRAIN_LOSS : 0.075, TIME: 472.1s
[21-02-14 07:30:56-INFO] VAL _RECALL: 0.973, TIME: 38.9s
[21-02-14 07:30:56-DEBUG] 
VAL  set, TITLE	CLS0	CLS1	CLS2	MEAN
VAL  set, REC:	1.000	0.920	1.000	0.973	
VAL  set, F1 :	0.985	0.958	0.982	0.975	
VAL  set, AUC:	1.000	0.999	1.000	1.000	
VAL  set, ACC:	0.985	0.977	0.992	0.985	
VAL  set, SPE:	0.969	1.000	0.990	0.987	
[21-02-14 07:31:35-INFO] TEST_RECALL: 0.581, TIME: 38.9s
[21-02-14 07:31:35-DEBUG] 
TEST set, TITLE	CLS0	CLS1	CLS2	MEAN
TEST set, REC:	0.833	0.179	0.732	0.581	
TEST set, F1 :	0.772	0.244	0.689	0.568	
TEST set, AUC:	0.808	0.617	0.846	0.757	
TEST set, ACC:	0.749	0.761	0.819	0.776	
TEST set, SPE:	0.661	0.921	0.851	0.811	
[21-02-14 07:31:36-INFO] BEST_RECALL: 0.644, EPOCH:  26
[21-02-14 07:39:28-INFO] EPOCH: 42
[21-02-14 07:39:28-INFO] TRAIN_LOSS : 0.081, TIME: 472.1s
[21-02-14 07:40:07-INFO] VAL _RECALL: 0.986, TIME: 38.7s
[21-02-14 07:40:07-DEBUG] 
VAL  set, TITLE	CLS0	CLS1	CLS2	MEAN
VAL  set, REC:	0.977	1.000	0.982	0.986	
VAL  set, F1 :	0.988	0.974	0.991	0.984	
VAL  set, AUC:	1.000	1.000	1.000	1.000	
VAL  set, ACC:	0.988	0.985	0.996	0.990	
VAL  set, SPE:	1.000	0.978	1.000	0.993	
[21-02-14 07:40:46-INFO] TEST_RECALL: 0.594, TIME: 38.8s
[21-02-14 07:40:46-DEBUG] 
TEST set, TITLE	CLS0	CLS1	CLS2	MEAN
TEST set, REC:	0.598	0.607	0.577	0.594	
TEST set, F1 :	0.675	0.436	0.641	0.584	
TEST set, AUC:	0.798	0.669	0.810	0.759	
TEST set, ACC:	0.707	0.660	0.822	0.730	
TEST set, SPE:	0.819	0.675	0.915	0.803	
[21-02-14 07:40:47-INFO] BEST_RECALL: 0.644, EPOCH:  26
[21-02-14 07:48:39-INFO] EPOCH: 43
[21-02-14 07:48:39-INFO] TRAIN_LOSS : 0.043, TIME: 472.0s
[21-02-14 07:49:18-INFO] VAL _RECALL: 0.994, TIME: 38.7s
[21-02-14 07:49:18-DEBUG] 
VAL  set, TITLE	CLS0	CLS1	CLS2	MEAN
VAL  set, REC:	1.000	1.000	0.982	0.994	
VAL  set, F1 :	1.000	0.993	0.991	0.995	
VAL  set, AUC:	1.000	1.000	1.000	1.000	
VAL  set, ACC:	1.000	0.996	0.996	0.997	
VAL  set, SPE:	1.000	0.995	1.000	0.998	
[21-02-14 07:49:57-INFO] TEST_RECALL: 0.635, TIME: 38.8s
[21-02-14 07:49:57-DEBUG] 
TEST set, TITLE	CLS0	CLS1	CLS2	MEAN
TEST set, REC:	0.750	0.536	0.620	0.635	
TEST set, F1 :	0.753	0.458	0.710	0.640	
TEST set, AUC:	0.815	0.688	0.837	0.780	
TEST set, ACC:	0.749	0.726	0.861	0.779	
TEST set, SPE:	0.748	0.778	0.952	0.826	
[21-02-14 07:49:58-INFO] BEST_RECALL: 0.644, EPOCH:  26
[21-02-14 07:57:50-INFO] EPOCH: 44
[21-02-14 07:57:50-INFO] TRAIN_LOSS : 0.023, TIME: 471.8s
[21-02-14 07:58:29-INFO] VAL _RECALL: 1.000, TIME: 38.9s
[21-02-14 07:58:29-DEBUG] 
VAL  set, TITLE	CLS0	CLS1	CLS2	MEAN
VAL  set, REC:	1.000	1.000	1.000	1.000	
VAL  set, F1 :	1.000	1.000	1.000	1.000	
VAL  set, AUC:	1.000	1.000	1.000	1.000	
VAL  set, ACC:	1.000	1.000	1.000	1.000	
VAL  set, SPE:	1.000	1.000	1.000	1.000	
[21-02-14 07:59:08-INFO] TEST_RECALL: 0.544, TIME: 38.9s
[21-02-14 07:59:08-DEBUG] 
TEST set, TITLE	CLS0	CLS1	CLS2	MEAN
TEST set, REC:	0.841	0.339	0.451	0.544	
TEST set, F1 :	0.740	0.352	0.582	0.558	
TEST set, AUC:	0.803	0.672	0.840	0.772	
TEST set, ACC:	0.699	0.730	0.822	0.750	
TEST set, SPE:	0.551	0.837	0.963	0.784	
[21-02-14 07:59:09-INFO] BEST_RECALL: 0.644, EPOCH:  26
[21-02-14 08:07:01-INFO] EPOCH: 45
[21-02-14 08:07:01-INFO] TRAIN_LOSS : 0.016, TIME: 471.8s
[21-02-14 08:07:40-INFO] VAL _RECALL: 1.000, TIME: 38.8s
[21-02-14 08:07:40-DEBUG] 
VAL  set, TITLE	CLS0	CLS1	CLS2	MEAN
VAL  set, REC:	1.000	1.000	1.000	1.000	
VAL  set, F1 :	1.000	1.000	1.000	1.000	
VAL  set, AUC:	1.000	1.000	1.000	1.000	
VAL  set, ACC:	1.000	1.000	1.000	1.000	
VAL  set, SPE:	1.000	1.000	1.000	1.000	
[21-02-14 08:08:18-INFO] TEST_RECALL: 0.616, TIME: 38.8s
[21-02-14 08:08:18-DEBUG] 
TEST set, TITLE	CLS0	CLS1	CLS2	MEAN
TEST set, REC:	0.795	0.375	0.676	0.616	
TEST set, F1 :	0.747	0.400	0.727	0.625	
TEST set, AUC:	0.810	0.674	0.866	0.783	
TEST set, ACC:	0.726	0.757	0.861	0.781	
TEST set, SPE:	0.654	0.862	0.931	0.815	
[21-02-14 08:08:20-INFO] BEST_RECALL: 0.644, EPOCH:  26
[21-02-14 08:16:11-INFO] EPOCH: 46
[21-02-14 08:16:11-INFO] TRAIN_LOSS : 0.024, TIME: 471.4s
[21-02-14 08:16:50-INFO] VAL _RECALL: 0.983, TIME: 38.9s
[21-02-14 08:16:50-DEBUG] 
VAL  set, TITLE	CLS0	CLS1	CLS2	MEAN
VAL  set, REC:	0.984	1.000	0.964	0.983	
VAL  set, F1 :	0.992	0.974	0.982	0.983	
VAL  set, AUC:	1.000	1.000	1.000	1.000	
VAL  set, ACC:	0.992	0.985	0.992	0.990	
VAL  set, SPE:	1.000	0.978	1.000	0.993	
[21-02-14 08:17:29-INFO] TEST_RECALL: 0.577, TIME: 38.9s
[21-02-14 08:17:29-DEBUG] 
TEST set, TITLE	CLS0	CLS1	CLS2	MEAN
TEST set, REC:	0.598	0.625	0.507	0.577	
TEST set, F1 :	0.658	0.417	0.655	0.577	
TEST set, AUC:	0.794	0.646	0.862	0.767	
TEST set, ACC:	0.683	0.622	0.853	0.719	
TEST set, SPE:	0.772	0.621	0.984	0.792	
[21-02-14 08:17:30-INFO] BEST_RECALL: 0.644, EPOCH:  26
[21-02-14 08:25:22-INFO] EPOCH: 47
[21-02-14 08:25:22-INFO] TRAIN_LOSS : 0.028, TIME: 471.8s
[21-02-14 08:26:01-INFO] VAL _RECALL: 0.991, TIME: 38.7s
[21-02-14 08:26:01-DEBUG] 
VAL  set, TITLE	CLS0	CLS1	CLS2	MEAN
VAL  set, REC:	1.000	0.973	1.000	0.991	
VAL  set, F1 :	1.000	0.986	0.982	0.990	
VAL  set, AUC:	1.000	1.000	1.000	1.000	
VAL  set, ACC:	1.000	0.992	0.992	0.995	
VAL  set, SPE:	1.000	1.000	0.990	0.997	
[21-02-14 08:26:40-INFO] TEST_RECALL: 0.590, TIME: 38.8s
[21-02-14 08:26:40-DEBUG] 
TEST set, TITLE	CLS0	CLS1	CLS2	MEAN
TEST set, REC:	0.826	0.268	0.676	0.590	
TEST set, F1 :	0.760	0.316	0.706	0.594	
TEST set, AUC:	0.812	0.679	0.853	0.781	
TEST set, ACC:	0.734	0.749	0.846	0.776	
TEST set, SPE:	0.638	0.882	0.910	0.810	
[21-02-14 08:26:41-INFO] BEST_RECALL: 0.644, EPOCH:  26
[21-02-14 08:34:33-INFO] EPOCH: 48
[21-02-14 08:34:33-INFO] TRAIN_LOSS : 0.017, TIME: 471.7s
[21-02-14 08:35:12-INFO] VAL _RECALL: 1.000, TIME: 38.9s
[21-02-14 08:35:12-DEBUG] 
VAL  set, TITLE	CLS0	CLS1	CLS2	MEAN
VAL  set, REC:	1.000	1.000	1.000	1.000	
VAL  set, F1 :	1.000	1.000	1.000	1.000	
VAL  set, AUC:	1.000	1.000	1.000	1.000	
VAL  set, ACC:	1.000	1.000	1.000	1.000	
VAL  set, SPE:	1.000	1.000	1.000	1.000	
[21-02-14 08:35:50-INFO] TEST_RECALL: 0.603, TIME: 38.8s
[21-02-14 08:35:50-DEBUG] 
TEST set, TITLE	CLS0	CLS1	CLS2	MEAN
TEST set, REC:	0.803	0.357	0.648	0.603	
TEST set, F1 :	0.765	0.357	0.713	0.612	
TEST set, AUC:	0.818	0.677	0.849	0.781	
TEST set, ACC:	0.749	0.722	0.857	0.776	
TEST set, SPE:	0.693	0.823	0.936	0.817	
[21-02-14 08:35:52-INFO] BEST_RECALL: 0.644, EPOCH:  26
[21-02-14 08:43:43-INFO] EPOCH: 49
[21-02-14 08:43:43-INFO] TRAIN_LOSS : 0.015, TIME: 471.5s
[21-02-14 08:44:22-INFO] VAL _RECALL: 1.000, TIME: 38.8s
[21-02-14 08:44:22-DEBUG] 
VAL  set, TITLE	CLS0	CLS1	CLS2	MEAN
VAL  set, REC:	1.000	1.000	1.000	1.000	
VAL  set, F1 :	1.000	1.000	1.000	1.000	
VAL  set, AUC:	1.000	1.000	1.000	1.000	
VAL  set, ACC:	1.000	1.000	1.000	1.000	
VAL  set, SPE:	1.000	1.000	1.000	1.000	
[21-02-14 08:45:01-INFO] TEST_RECALL: 0.651, TIME: 38.8s
[21-02-14 08:45:01-DEBUG] 
TEST set, TITLE	CLS0	CLS1	CLS2	MEAN
TEST set, REC:	0.833	0.429	0.690	0.651	
TEST set, F1 :	0.786	0.457	0.737	0.660	
TEST set, AUC:	0.825	0.693	0.869	0.796	
TEST set, ACC:	0.768	0.780	0.865	0.804	
TEST set, SPE:	0.701	0.877	0.931	0.836	
[21-02-14 08:45:04-INFO] BEST_RECALL: 0.651, EPOCH:  49
[21-02-14 08:52:56-INFO] EPOCH: 50
[21-02-14 08:52:56-INFO] TRAIN_LOSS : 0.033, TIME: 472.0s
[21-02-14 08:53:34-INFO] VAL _RECALL: 0.993, TIME: 38.7s
[21-02-14 08:53:34-DEBUG] 
VAL  set, TITLE	CLS0	CLS1	CLS2	MEAN
VAL  set, REC:	0.992	0.987	1.000	0.993	
VAL  set, F1 :	0.992	0.987	1.000	0.993	
VAL  set, AUC:	0.998	0.995	1.000	0.998	
VAL  set, ACC:	0.992	0.992	1.000	0.995	
VAL  set, SPE:	0.992	0.995	1.000	0.996	
[21-02-14 08:54:13-INFO] TEST_RECALL: 0.587, TIME: 38.8s
[21-02-14 08:54:13-DEBUG] 
TEST set, TITLE	CLS0	CLS1	CLS2	MEAN
TEST set, REC:	0.621	0.589	0.549	0.587	
TEST set, F1 :	0.689	0.418	0.639	0.582	
TEST set, AUC:	0.778	0.636	0.829	0.748	
TEST set, ACC:	0.714	0.645	0.830	0.730	
TEST set, SPE:	0.811	0.660	0.936	0.802	
[21-02-14 08:54:15-INFO] BEST_RECALL: 0.651, EPOCH:  49
[21-02-14 09:02:07-INFO] EPOCH: 51
[21-02-14 09:02:07-INFO] TRAIN_LOSS : 0.054, TIME: 472.0s
[21-02-14 09:02:45-INFO] VAL _RECALL: 1.000, TIME: 38.9s
[21-02-14 09:02:45-DEBUG] 
VAL  set, TITLE	CLS0	CLS1	CLS2	MEAN
VAL  set, REC:	1.000	1.000	1.000	1.000	
VAL  set, F1 :	1.000	1.000	1.000	1.000	
VAL  set, AUC:	1.000	1.000	1.000	1.000	
VAL  set, ACC:	1.000	1.000	1.000	1.000	
VAL  set, SPE:	1.000	1.000	1.000	1.000	
[21-02-14 09:03:24-INFO] TEST_RECALL: 0.517, TIME: 38.8s
[21-02-14 09:03:24-DEBUG] 
TEST set, TITLE	CLS0	CLS1	CLS2	MEAN
TEST set, REC:	0.758	0.286	0.507	0.517	
TEST set, F1 :	0.719	0.269	0.595	0.528	
TEST set, AUC:	0.780	0.635	0.830	0.748	
TEST set, ACC:	0.699	0.664	0.811	0.725	
TEST set, SPE:	0.638	0.768	0.926	0.777	
[21-02-14 09:03:26-INFO] BEST_RECALL: 0.651, EPOCH:  49
[21-02-14 09:11:18-INFO] EPOCH: 52
[21-02-14 09:11:18-INFO] TRAIN_LOSS : 0.076, TIME: 472.1s
[21-02-14 09:11:57-INFO] VAL _RECALL: 1.000, TIME: 38.9s
[21-02-14 09:11:57-DEBUG] 
VAL  set, TITLE	CLS0	CLS1	CLS2	MEAN
VAL  set, REC:	1.000	1.000	1.000	1.000	
VAL  set, F1 :	1.000	1.000	1.000	1.000	
VAL  set, AUC:	1.000	1.000	1.000	1.000	
VAL  set, ACC:	1.000	1.000	1.000	1.000	
VAL  set, SPE:	1.000	1.000	1.000	1.000	
[21-02-14 09:12:36-INFO] TEST_RECALL: 0.552, TIME: 38.8s
[21-02-14 09:12:36-DEBUG] 
TEST set, TITLE	CLS0	CLS1	CLS2	MEAN
TEST set, REC:	0.788	0.375	0.493	0.552	
TEST set, F1 :	0.743	0.341	0.609	0.564	
TEST set, AUC:	0.791	0.645	0.851	0.763	
TEST set, ACC:	0.722	0.687	0.826	0.745	
TEST set, SPE:	0.654	0.773	0.952	0.793	
[21-02-14 09:12:37-INFO] BEST_RECALL: 0.651, EPOCH:  49
[21-02-14 09:20:29-INFO] EPOCH: 53
[21-02-14 09:20:29-INFO] TRAIN_LOSS : 0.032, TIME: 471.9s
[21-02-14 09:21:08-INFO] VAL _RECALL: 0.976, TIME: 38.9s
[21-02-14 09:21:08-DEBUG] 
VAL  set, TITLE	CLS0	CLS1	CLS2	MEAN
VAL  set, REC:	1.000	1.000	0.929	0.976	
VAL  set, F1 :	1.000	0.974	0.963	0.979	
VAL  set, AUC:	1.000	1.000	1.000	1.000	
VAL  set, ACC:	1.000	0.985	0.985	0.990	
VAL  set, SPE:	1.000	0.978	1.000	0.993	
[21-02-14 09:21:47-INFO] TEST_RECALL: 0.519, TIME: 38.9s
[21-02-14 09:21:47-DEBUG] 
TEST set, TITLE	CLS0	CLS1	CLS2	MEAN
TEST set, REC:	0.659	0.518	0.380	0.519	
TEST set, F1 :	0.690	0.354	0.529	0.525	
TEST set, AUC:	0.787	0.621	0.850	0.752	
TEST set, ACC:	0.699	0.591	0.815	0.701	
TEST set, SPE:	0.740	0.611	0.979	0.777	
[21-02-14 09:21:48-INFO] BEST_RECALL: 0.651, EPOCH:  49
[21-02-14 09:29:40-INFO] EPOCH: 54
[21-02-14 09:29:40-INFO] TRAIN_LOSS : 0.023, TIME: 471.6s
[21-02-14 09:30:18-INFO] VAL _RECALL: 1.000, TIME: 38.8s
[21-02-14 09:30:18-DEBUG] 
VAL  set, TITLE	CLS0	CLS1	CLS2	MEAN
VAL  set, REC:	1.000	1.000	1.000	1.000	
VAL  set, F1 :	1.000	1.000	1.000	1.000	
VAL  set, AUC:	1.000	1.000	1.000	1.000	
VAL  set, ACC:	1.000	1.000	1.000	1.000	
VAL  set, SPE:	1.000	1.000	1.000	1.000	
[21-02-14 09:30:57-INFO] TEST_RECALL: 0.585, TIME: 38.9s
[21-02-14 09:30:57-DEBUG] 
TEST set, TITLE	CLS0	CLS1	CLS2	MEAN
TEST set, REC:	0.803	0.304	0.648	0.585	
TEST set, F1 :	0.749	0.327	0.702	0.593	
TEST set, AUC:	0.811	0.655	0.866	0.778	
TEST set, ACC:	0.726	0.730	0.849	0.768	
TEST set, SPE:	0.646	0.847	0.926	0.806	
[21-02-14 09:30:59-INFO] BEST_RECALL: 0.651, EPOCH:  49
[21-02-14 09:38:50-INFO] EPOCH: 55
[21-02-14 09:38:50-INFO] TRAIN_LOSS : 0.005, TIME: 471.4s
[21-02-14 09:39:29-INFO] VAL _RECALL: 1.000, TIME: 38.7s
[21-02-14 09:39:29-DEBUG] 
VAL  set, TITLE	CLS0	CLS1	CLS2	MEAN
VAL  set, REC:	1.000	1.000	1.000	1.000	
VAL  set, F1 :	1.000	1.000	1.000	1.000	
VAL  set, AUC:	1.000	1.000	1.000	1.000	
VAL  set, ACC:	1.000	1.000	1.000	1.000	
VAL  set, SPE:	1.000	1.000	1.000	1.000	
[21-02-14 09:40:08-INFO] TEST_RECALL: 0.616, TIME: 38.8s
[21-02-14 09:40:08-DEBUG] 
TEST set, TITLE	CLS0	CLS1	CLS2	MEAN
TEST set, REC:	0.765	0.393	0.690	0.616	
TEST set, F1 :	0.751	0.383	0.731	0.622	
TEST set, AUC:	0.821	0.664	0.853	0.779	
TEST set, ACC:	0.741	0.726	0.861	0.776	
TEST set, SPE:	0.717	0.818	0.926	0.820	
[21-02-14 09:40:09-INFO] BEST_RECALL: 0.651, EPOCH:  49
[21-02-14 09:48:00-INFO] EPOCH: 56
[21-02-14 09:48:00-INFO] TRAIN_LOSS : 0.006, TIME: 471.4s
[21-02-14 09:48:39-INFO] VAL _RECALL: 1.000, TIME: 38.9s
[21-02-14 09:48:39-DEBUG] 
VAL  set, TITLE	CLS0	CLS1	CLS2	MEAN
VAL  set, REC:	1.000	1.000	1.000	1.000	
VAL  set, F1 :	1.000	1.000	1.000	1.000	
VAL  set, AUC:	1.000	1.000	1.000	1.000	
VAL  set, ACC:	1.000	1.000	1.000	1.000	
VAL  set, SPE:	1.000	1.000	1.000	1.000	
[21-02-14 09:49:18-INFO] TEST_RECALL: 0.610, TIME: 38.9s
[21-02-14 09:49:18-DEBUG] 
TEST set, TITLE	CLS0	CLS1	CLS2	MEAN
TEST set, REC:	0.818	0.393	0.620	0.610	
TEST set, F1 :	0.771	0.389	0.704	0.622	
TEST set, AUC:	0.829	0.698	0.856	0.794	
TEST set, ACC:	0.753	0.734	0.857	0.781	
TEST set, SPE:	0.685	0.828	0.947	0.820	
[21-02-14 09:49:19-INFO] BEST_RECALL: 0.651, EPOCH:  49
[21-02-14 09:57:11-INFO] EPOCH: 57
[21-02-14 09:57:11-INFO] TRAIN_LOSS : 0.002, TIME: 471.2s
[21-02-14 09:57:49-INFO] VAL _RECALL: 1.000, TIME: 38.7s
[21-02-14 09:57:49-DEBUG] 
VAL  set, TITLE	CLS0	CLS1	CLS2	MEAN
VAL  set, REC:	1.000	1.000	1.000	1.000	
VAL  set, F1 :	1.000	1.000	1.000	1.000	
VAL  set, AUC:	1.000	1.000	1.000	1.000	
VAL  set, ACC:	1.000	1.000	1.000	1.000	
VAL  set, SPE:	1.000	1.000	1.000	1.000	
[21-02-14 09:58:28-INFO] TEST_RECALL: 0.608, TIME: 38.7s
[21-02-14 09:58:28-DEBUG] 
TEST set, TITLE	CLS0	CLS1	CLS2	MEAN
TEST set, REC:	0.803	0.429	0.592	0.608	
TEST set, F1 :	0.771	0.400	0.683	0.618	
TEST set, AUC:	0.820	0.694	0.856	0.790	
TEST set, ACC:	0.757	0.722	0.849	0.776	
TEST set, SPE:	0.709	0.803	0.947	0.819	
[21-02-14 09:58:29-INFO] BEST_RECALL: 0.651, EPOCH:  49
[21-02-14 10:06:20-INFO] EPOCH: 58
[21-02-14 10:06:20-INFO] TRAIN_LOSS : 0.001, TIME: 471.0s
[21-02-14 10:06:59-INFO] VAL _RECALL: 1.000, TIME: 38.9s
[21-02-14 10:06:59-DEBUG] 
VAL  set, TITLE	CLS0	CLS1	CLS2	MEAN
VAL  set, REC:	1.000	1.000	1.000	1.000	
VAL  set, F1 :	1.000	1.000	1.000	1.000	
VAL  set, AUC:	1.000	1.000	1.000	1.000	
VAL  set, ACC:	1.000	1.000	1.000	1.000	
VAL  set, SPE:	1.000	1.000	1.000	1.000	
[21-02-14 10:07:38-INFO] TEST_RECALL: 0.618, TIME: 38.8s
[21-02-14 10:07:38-DEBUG] 
TEST set, TITLE	CLS0	CLS1	CLS2	MEAN
TEST set, REC:	0.780	0.482	0.592	0.618	
TEST set, F1 :	0.769	0.429	0.677	0.625	
TEST set, AUC:	0.815	0.691	0.854	0.786	
TEST set, ACC:	0.761	0.722	0.846	0.776	
TEST set, SPE:	0.740	0.788	0.941	0.823	
[21-02-14 10:07:39-INFO] BEST_RECALL: 0.651, EPOCH:  49
[21-02-14 10:15:31-INFO] EPOCH: 59
[21-02-14 10:15:31-INFO] TRAIN_LOSS : 0.002, TIME: 471.1s
[21-02-14 10:16:09-INFO] VAL _RECALL: 1.000, TIME: 38.9s
[21-02-14 10:16:09-DEBUG] 
VAL  set, TITLE	CLS0	CLS1	CLS2	MEAN
VAL  set, REC:	1.000	1.000	1.000	1.000	
VAL  set, F1 :	1.000	1.000	1.000	1.000	
VAL  set, AUC:	1.000	1.000	1.000	1.000	
VAL  set, ACC:	1.000	1.000	1.000	1.000	
VAL  set, SPE:	1.000	1.000	1.000	1.000	
[21-02-14 10:16:48-INFO] TEST_RECALL: 0.634, TIME: 38.8s
[21-02-14 10:16:48-DEBUG] 
TEST set, TITLE	CLS0	CLS1	CLS2	MEAN
TEST set, REC:	0.803	0.464	0.634	0.634	
TEST set, F1 :	0.785	0.444	0.687	0.639	
TEST set, AUC:	0.823	0.679	0.848	0.783	
TEST set, ACC:	0.776	0.749	0.842	0.789	
TEST set, SPE:	0.748	0.828	0.920	0.832	
[21-02-14 10:16:50-INFO] BEST_RECALL: 0.651, EPOCH:  49
[21-02-14 10:24:41-INFO] EPOCH: 60
[21-02-14 10:24:41-INFO] TRAIN_LOSS : 0.001, TIME: 471.6s
[21-02-14 10:25:20-INFO] VAL _RECALL: 1.000, TIME: 38.9s
[21-02-14 10:25:20-DEBUG] 
VAL  set, TITLE	CLS0	CLS1	CLS2	MEAN
VAL  set, REC:	1.000	1.000	1.000	1.000	
VAL  set, F1 :	1.000	1.000	1.000	1.000	
VAL  set, AUC:	1.000	1.000	1.000	1.000	
VAL  set, ACC:	1.000	1.000	1.000	1.000	
VAL  set, SPE:	1.000	1.000	1.000	1.000	
[21-02-14 10:25:59-INFO] TEST_RECALL: 0.626, TIME: 38.9s
[21-02-14 10:25:59-DEBUG] 
TEST set, TITLE	CLS0	CLS1	CLS2	MEAN
TEST set, REC:	0.773	0.500	0.606	0.626	
TEST set, F1 :	0.770	0.438	0.688	0.632	
TEST set, AUC:	0.821	0.687	0.849	0.785	
TEST set, ACC:	0.764	0.722	0.849	0.779	
TEST set, SPE:	0.756	0.783	0.941	0.827	
[21-02-14 10:26:00-INFO] BEST_RECALL: 0.651, EPOCH:  49
[21-02-14 10:33:52-INFO] EPOCH: 61
[21-02-14 10:33:52-INFO] TRAIN_LOSS : 0.007, TIME: 471.5s
[21-02-14 10:34:31-INFO] VAL _RECALL: 0.991, TIME: 38.8s
[21-02-14 10:34:31-DEBUG] 
VAL  set, TITLE	CLS0	CLS1	CLS2	MEAN
VAL  set, REC:	1.000	0.973	1.000	0.991	
VAL  set, F1 :	0.996	0.986	0.991	0.991	
VAL  set, AUC:	1.000	1.000	1.000	1.000	
VAL  set, ACC:	0.996	0.992	0.996	0.995	
VAL  set, SPE:	0.992	1.000	0.995	0.996	
[21-02-14 10:35:10-INFO] TEST_RECALL: 0.599, TIME: 38.9s
[21-02-14 10:35:10-DEBUG] 
TEST set, TITLE	CLS0	CLS1	CLS2	MEAN
TEST set, REC:	0.795	0.268	0.732	0.599	
TEST set, F1 :	0.772	0.306	0.703	0.594	
TEST set, AUC:	0.837	0.704	0.868	0.803	
TEST set, ACC:	0.761	0.737	0.830	0.776	
TEST set, SPE:	0.724	0.867	0.867	0.819	
[21-02-14 10:35:11-INFO] BEST_RECALL: 0.651, EPOCH:  49
[21-02-14 10:43:03-INFO] EPOCH: 62
[21-02-14 10:43:03-INFO] TRAIN_LOSS : 0.081, TIME: 472.2s
[21-02-14 10:43:42-INFO] VAL _RECALL: 0.995, TIME: 38.8s
[21-02-14 10:43:42-DEBUG] 
VAL  set, TITLE	CLS0	CLS1	CLS2	MEAN
VAL  set, REC:	0.984	1.000	1.000	0.995	
VAL  set, F1 :	0.992	0.987	1.000	0.993	
VAL  set, AUC:	1.000	1.000	1.000	1.000	
VAL  set, ACC:	0.992	0.992	1.000	0.995	
VAL  set, SPE:	1.000	0.989	1.000	0.996	
[21-02-14 10:44:21-INFO] TEST_RECALL: 0.570, TIME: 38.8s
[21-02-14 10:44:21-DEBUG] 
TEST set, TITLE	CLS0	CLS1	CLS2	MEAN
TEST set, REC:	0.697	0.464	0.549	0.570	
TEST set, F1 :	0.710	0.377	0.645	0.577	
TEST set, AUC:	0.817	0.671	0.841	0.776	
TEST set, ACC:	0.710	0.668	0.834	0.737	
TEST set, SPE:	0.724	0.724	0.941	0.797	
[21-02-14 10:44:22-INFO] BEST_RECALL: 0.651, EPOCH:  49
[21-02-14 10:52:14-INFO] EPOCH: 63
[21-02-14 10:52:14-INFO] TRAIN_LOSS : 0.046, TIME: 471.7s
[21-02-14 10:52:53-INFO] VAL _RECALL: 0.986, TIME: 38.8s
[21-02-14 10:52:53-DEBUG] 
VAL  set, TITLE	CLS0	CLS1	CLS2	MEAN
VAL  set, REC:	0.992	1.000	0.964	0.986	
VAL  set, F1 :	0.996	0.980	0.982	0.986	
VAL  set, AUC:	1.000	1.000	1.000	1.000	
VAL  set, ACC:	0.996	0.988	0.992	0.992	
VAL  set, SPE:	1.000	0.984	1.000	0.995	
[21-02-14 10:53:32-INFO] TEST_RECALL: 0.560, TIME: 38.9s
[21-02-14 10:53:32-DEBUG] 
TEST set, TITLE	CLS0	CLS1	CLS2	MEAN
TEST set, REC:	0.803	0.482	0.394	0.560	
TEST set, F1 :	0.763	0.394	0.544	0.567	
TEST set, AUC:	0.839	0.680	0.855	0.791	
TEST set, ACC:	0.745	0.680	0.819	0.748	
TEST set, SPE:	0.685	0.734	0.979	0.799	
[21-02-14 10:53:33-INFO] BEST_RECALL: 0.651, EPOCH:  49
[21-02-14 11:01:25-INFO] EPOCH: 64
[21-02-14 11:01:25-INFO] TRAIN_LOSS : 0.044, TIME: 471.7s
[21-02-14 11:02:04-INFO] VAL _RECALL: 0.995, TIME: 38.8s
[21-02-14 11:02:04-DEBUG] 
VAL  set, TITLE	CLS0	CLS1	CLS2	MEAN
VAL  set, REC:	0.984	1.000	1.000	0.995	
VAL  set, F1 :	0.992	0.987	1.000	0.993	
VAL  set, AUC:	1.000	1.000	1.000	1.000	
VAL  set, ACC:	0.992	0.992	1.000	0.995	
VAL  set, SPE:	1.000	0.989	1.000	0.996	
[21-02-14 11:02:42-INFO] TEST_RECALL: 0.594, TIME: 38.9s
[21-02-14 11:02:42-DEBUG] 
TEST set, TITLE	CLS0	CLS1	CLS2	MEAN
TEST set, REC:	0.591	0.571	0.620	0.594	
TEST set, F1 :	0.664	0.410	0.693	0.589	
TEST set, AUC:	0.804	0.652	0.843	0.766	
TEST set, ACC:	0.695	0.645	0.849	0.730	
TEST set, SPE:	0.803	0.665	0.936	0.801	
[21-02-14 11:02:44-INFO] BEST_RECALL: 0.651, EPOCH:  49
[21-02-14 11:10:35-INFO] EPOCH: 65
[21-02-14 11:10:35-INFO] TRAIN_LOSS : 0.015, TIME: 471.7s
[21-02-14 11:11:14-INFO] VAL _RECALL: 1.000, TIME: 38.7s
[21-02-14 11:11:14-DEBUG] 
VAL  set, TITLE	CLS0	CLS1	CLS2	MEAN
VAL  set, REC:	1.000	1.000	1.000	1.000	
VAL  set, F1 :	1.000	1.000	1.000	1.000	
VAL  set, AUC:	1.000	1.000	1.000	1.000	
VAL  set, ACC:	1.000	1.000	1.000	1.000	
VAL  set, SPE:	1.000	1.000	1.000	1.000	
[21-02-14 11:11:53-INFO] TEST_RECALL: 0.588, TIME: 38.8s
[21-02-14 11:11:53-DEBUG] 
TEST set, TITLE	CLS0	CLS1	CLS2	MEAN
TEST set, REC:	0.833	0.411	0.521	0.588	
TEST set, F1 :	0.775	0.390	0.638	0.601	
TEST set, AUC:	0.814	0.670	0.827	0.770	
TEST set, ACC:	0.753	0.722	0.838	0.771	
TEST set, SPE:	0.669	0.808	0.957	0.812	
[21-02-14 11:11:54-INFO] BEST_RECALL: 0.651, EPOCH:  49
[21-02-14 11:19:46-INFO] EPOCH: 66
[21-02-14 11:19:46-INFO] TRAIN_LOSS : 0.008, TIME: 471.6s
[21-02-14 11:20:25-INFO] VAL _RECALL: 1.000, TIME: 38.9s
[21-02-14 11:20:25-DEBUG] 
VAL  set, TITLE	CLS0	CLS1	CLS2	MEAN
VAL  set, REC:	1.000	1.000	1.000	1.000	
VAL  set, F1 :	1.000	1.000	1.000	1.000	
VAL  set, AUC:	1.000	1.000	1.000	1.000	
VAL  set, ACC:	1.000	1.000	1.000	1.000	
VAL  set, SPE:	1.000	1.000	1.000	1.000	
[21-02-14 11:21:04-INFO] TEST_RECALL: 0.580, TIME: 38.8s
[21-02-14 11:21:04-DEBUG] 
TEST set, TITLE	CLS0	CLS1	CLS2	MEAN
TEST set, REC:	0.795	0.411	0.535	0.580	
TEST set, F1 :	0.764	0.380	0.623	0.589	
TEST set, AUC:	0.821	0.685	0.830	0.779	
TEST set, ACC:	0.749	0.710	0.822	0.761	
TEST set, SPE:	0.701	0.793	0.931	0.808	
[21-02-14 11:21:05-INFO] BEST_RECALL: 0.651, EPOCH:  49
[21-02-14 11:28:56-INFO] EPOCH: 67
[21-02-14 11:28:56-INFO] TRAIN_LOSS : 0.004, TIME: 471.3s
[21-02-14 11:29:35-INFO] VAL _RECALL: 1.000, TIME: 38.8s
[21-02-14 11:29:35-DEBUG] 
VAL  set, TITLE	CLS0	CLS1	CLS2	MEAN
VAL  set, REC:	1.000	1.000	1.000	1.000	
VAL  set, F1 :	1.000	1.000	1.000	1.000	
VAL  set, AUC:	1.000	1.000	1.000	1.000	
VAL  set, ACC:	1.000	1.000	1.000	1.000	
VAL  set, SPE:	1.000	1.000	1.000	1.000	
[21-02-14 11:30:14-INFO] TEST_RECALL: 0.620, TIME: 38.8s
[21-02-14 11:30:14-DEBUG] 
TEST set, TITLE	CLS0	CLS1	CLS2	MEAN
TEST set, REC:	0.833	0.393	0.634	0.620	
TEST set, F1 :	0.791	0.404	0.687	0.627	
TEST set, AUC:	0.830	0.683	0.846	0.786	
TEST set, ACC:	0.776	0.749	0.842	0.789	
TEST set, SPE:	0.717	0.847	0.920	0.828	
[21-02-14 11:30:16-INFO] BEST_RECALL: 0.651, EPOCH:  49
[21-02-14 11:38:07-INFO] EPOCH: 68
[21-02-14 11:38:07-INFO] TRAIN_LOSS : 0.005, TIME: 471.3s
[21-02-14 11:38:46-INFO] VAL _RECALL: 1.000, TIME: 38.8s
[21-02-14 11:38:46-DEBUG] 
VAL  set, TITLE	CLS0	CLS1	CLS2	MEAN
VAL  set, REC:	1.000	1.000	1.000	1.000	
VAL  set, F1 :	1.000	1.000	1.000	1.000	
VAL  set, AUC:	1.000	1.000	1.000	1.000	
VAL  set, ACC:	1.000	1.000	1.000	1.000	
VAL  set, SPE:	1.000	1.000	1.000	1.000	
[21-02-14 11:39:25-INFO] TEST_RECALL: 0.598, TIME: 38.9s
[21-02-14 11:39:25-DEBUG] 
TEST set, TITLE	CLS0	CLS1	CLS2	MEAN
TEST set, REC:	0.780	0.464	0.549	0.598	
TEST set, F1 :	0.752	0.416	0.655	0.608	
TEST set, AUC:	0.816	0.671	0.848	0.778	
TEST set, ACC:	0.737	0.718	0.842	0.766	
TEST set, SPE:	0.693	0.788	0.952	0.811	
[21-02-14 11:39:26-INFO] BEST_RECALL: 0.651, EPOCH:  49
[21-02-14 11:47:17-INFO] EPOCH: 69
[21-02-14 11:47:17-INFO] TRAIN_LOSS : 0.007, TIME: 471.2s
[21-02-14 11:47:56-INFO] VAL _RECALL: 1.000, TIME: 38.8s
[21-02-14 11:47:56-DEBUG] 
VAL  set, TITLE	CLS0	CLS1	CLS2	MEAN
VAL  set, REC:	1.000	1.000	1.000	1.000	
VAL  set, F1 :	1.000	1.000	1.000	1.000	
VAL  set, AUC:	1.000	1.000	1.000	1.000	
VAL  set, ACC:	1.000	1.000	1.000	1.000	
VAL  set, SPE:	1.000	1.000	1.000	1.000	
[21-02-14 11:48:35-INFO] TEST_RECALL: 0.592, TIME: 38.8s
[21-02-14 11:48:35-DEBUG] 
TEST set, TITLE	CLS0	CLS1	CLS2	MEAN
TEST set, REC:	0.894	0.304	0.577	0.592	
TEST set, F1 :	0.784	0.358	0.672	0.605	
TEST set, AUC:	0.824	0.673	0.854	0.784	
TEST set, ACC:	0.749	0.764	0.846	0.786	
TEST set, SPE:	0.598	0.892	0.947	0.812	
[21-02-14 11:48:36-INFO] BEST_RECALL: 0.651, EPOCH:  49
