[21-02-14 22:23:57-DEBUG] Checkpoints is in:
./results/checkpoints/20210214/3D_ResNet50-3-222355/
[21-02-14 22:23:57-DEBUG] Tensorboard is in:
./results/tensorboards/20210214/3D_ResNet50-3-222355/
[21-02-14 22:23:57-DEBUG] Data is in:
./data/Net_Input/3D_64_z1.0_l0.70_h0.10_20210125/
[21-02-14 22:23:57-DEBUG] LR: 0.0001, LD: 0.98
[21-02-14 22:23:57-DEBUG] WD: 1e-05, WU: 20
[21-02-14 22:23:57-DEBUG] BS: 4, FOLD: 3


[21-02-14 22:31:59-INFO] EPOCH: 1
[21-02-14 22:31:59-INFO] TRAIN_LOSS : 1.046, TIME: 474.7s
[21-02-14 22:32:37-INFO] VAL _RECALL: 0.351, TIME: 38.8s
[21-02-14 22:32:37-DEBUG] 
VAL  set, TITLE	CLS0	CLS1	CLS2	MEAN
VAL  set, REC:	1.000	0.000	0.054	0.351	
VAL  set, F1 :	0.672	0.000	0.100	0.257	
VAL  set, AUC:	0.756	0.542	0.694	0.664	
VAL  set, ACC:	0.515	0.708	0.792	0.672	
VAL  set, SPE:	0.038	0.995	0.995	0.676	
[21-02-14 22:33:16-INFO] TEST_RECALL: 0.359, TIME: 38.9s
[21-02-14 22:33:16-DEBUG] 
TEST set, TITLE	CLS0	CLS1	CLS2	MEAN
TEST set, REC:	0.993	0.029	0.057	0.359	
TEST set, F1 :	0.699	0.056	0.103	0.286	
TEST set, AUC:	0.764	0.586	0.699	0.683	
TEST set, ACC:	0.548	0.741	0.799	0.696	
TEST set, SPE:	0.049	1.000	0.990	0.680	
[21-02-14 22:33:17-INFO] BEST_RECALL: 0.359, EPOCH:   1
[21-02-14 22:41:11-INFO] EPOCH: 2
[21-02-14 22:41:11-INFO] TRAIN_LOSS : 1.003, TIME: 474.2s
[21-02-14 22:41:50-INFO] VAL _RECALL: 0.469, TIME: 38.9s
[21-02-14 22:41:50-DEBUG] 
VAL  set, TITLE	CLS0	CLS1	CLS2	MEAN
VAL  set, REC:	0.550	0.107	0.750	0.469	
VAL  set, F1 :	0.643	0.160	0.422	0.408	
VAL  set, AUC:	0.770	0.519	0.730	0.673	
VAL  set, ACC:	0.696	0.677	0.558	0.644	
VAL  set, SPE:	0.840	0.908	0.505	0.751	
[21-02-14 22:42:29-INFO] TEST_RECALL: 0.491, TIME: 38.8s
[21-02-14 22:42:29-DEBUG] 
TEST set, TITLE	CLS0	CLS1	CLS2	MEAN
TEST set, REC:	0.533	0.072	0.868	0.491	
TEST set, F1 :	0.640	0.115	0.453	0.403	
TEST set, AUC:	0.774	0.584	0.756	0.705	
TEST set, ACC:	0.683	0.703	0.571	0.653	
TEST set, SPE:	0.852	0.932	0.495	0.760	
[21-02-14 22:42:30-INFO] BEST_RECALL: 0.491, EPOCH:   2
[21-02-14 22:50:24-INFO] EPOCH: 3
[21-02-14 22:50:24-INFO] TRAIN_LOSS : 0.972, TIME: 474.0s
[21-02-14 22:51:03-INFO] VAL _RECALL: 0.453, TIME: 38.7s
[21-02-14 22:51:03-DEBUG] 
VAL  set, TITLE	CLS0	CLS1	CLS2	MEAN
VAL  set, REC:	0.953	0.173	0.232	0.453	
VAL  set, F1 :	0.715	0.255	0.351	0.440	
VAL  set, AUC:	0.817	0.669	0.830	0.772	
VAL  set, ACC:	0.623	0.708	0.815	0.715	
VAL  set, SPE:	0.298	0.924	0.975	0.733	
[21-02-14 22:51:42-INFO] TEST_RECALL: 0.474, TIME: 38.8s
[21-02-14 22:51:42-DEBUG] 
TEST set, TITLE	CLS0	CLS1	CLS2	MEAN
TEST set, REC:	0.949	0.116	0.358	0.474	
TEST set, F1 :	0.747	0.182	0.463	0.464	
TEST set, AUC:	0.803	0.670	0.854	0.776	
TEST set, ACC:	0.660	0.722	0.830	0.737	
TEST set, SPE:	0.336	0.942	0.951	0.743	
[21-02-14 22:51:42-INFO] BEST_RECALL: 0.491, EPOCH:   2
[21-02-14 22:59:36-INFO] EPOCH: 4
[21-02-14 22:59:36-INFO] TRAIN_LOSS : 0.936, TIME: 474.0s
[21-02-14 23:00:14-INFO] VAL _RECALL: 0.363, TIME: 38.9s
[21-02-14 23:00:14-DEBUG] 
VAL  set, TITLE	CLS0	CLS1	CLS2	MEAN
VAL  set, REC:	0.992	0.027	0.071	0.363	
VAL  set, F1 :	0.694	0.044	0.133	0.290	
VAL  set, AUC:	0.804	0.582	0.866	0.751	
VAL  set, ACC:	0.565	0.665	0.800	0.677	
VAL  set, SPE:	0.145	0.924	1.000	0.690	
[21-02-14 23:00:53-INFO] TEST_RECALL: 0.365, TIME: 38.8s
[21-02-14 23:00:53-DEBUG] 
TEST set, TITLE	CLS0	CLS1	CLS2	MEAN
TEST set, REC:	0.971	0.087	0.038	0.365	
TEST set, F1 :	0.713	0.133	0.073	0.306	
TEST set, AUC:	0.796	0.592	0.862	0.750	
TEST set, ACC:	0.587	0.699	0.803	0.696	
TEST set, SPE:	0.156	0.921	1.000	0.692	
[21-02-14 23:00:53-INFO] BEST_RECALL: 0.491, EPOCH:   2
[21-02-14 23:08:47-INFO] EPOCH: 5
[21-02-14 23:08:47-INFO] TRAIN_LOSS : 0.898, TIME: 473.9s
[21-02-14 23:09:26-INFO] VAL _RECALL: 0.542, TIME: 38.9s
[21-02-14 23:09:26-DEBUG] 
VAL  set, TITLE	CLS0	CLS1	CLS2	MEAN
VAL  set, REC:	0.775	0.227	0.625	0.542	
VAL  set, F1 :	0.746	0.296	0.511	0.518	
VAL  set, AUC:	0.834	0.635	0.839	0.769	
VAL  set, ACC:	0.738	0.688	0.742	0.723	
VAL  set, SPE:	0.702	0.876	0.775	0.784	
[21-02-14 23:10:05-INFO] TEST_RECALL: 0.565, TIME: 38.9s
[21-02-14 23:10:05-DEBUG] 
TEST set, TITLE	CLS0	CLS1	CLS2	MEAN
TEST set, REC:	0.752	0.188	0.755	0.565	
TEST set, F1 :	0.733	0.252	0.597	0.528	
TEST set, AUC:	0.787	0.671	0.856	0.771	
TEST set, ACC:	0.710	0.703	0.792	0.735	
TEST set, SPE:	0.664	0.889	0.801	0.785	
[21-02-14 23:10:06-INFO] BEST_RECALL: 0.565, EPOCH:   5
[21-02-14 23:18:00-INFO] EPOCH: 6
[21-02-14 23:18:00-INFO] TRAIN_LOSS : 0.857, TIME: 473.8s
[21-02-14 23:18:39-INFO] VAL _RECALL: 0.410, TIME: 38.8s
[21-02-14 23:18:39-DEBUG] 
VAL  set, TITLE	CLS0	CLS1	CLS2	MEAN
VAL  set, REC:	0.977	0.093	0.161	0.410	
VAL  set, F1 :	0.708	0.141	0.277	0.375	
VAL  set, AUC:	0.831	0.619	0.895	0.782	
VAL  set, ACC:	0.600	0.673	0.819	0.697	
VAL  set, SPE:	0.229	0.908	1.000	0.712	
[21-02-14 23:19:18-INFO] TEST_RECALL: 0.385, TIME: 38.8s
[21-02-14 23:19:18-DEBUG] 
TEST set, TITLE	CLS0	CLS1	CLS2	MEAN
TEST set, REC:	0.964	0.058	0.132	0.385	
TEST set, F1 :	0.729	0.085	0.226	0.347	
TEST set, AUC:	0.803	0.589	0.881	0.758	
TEST set, ACC:	0.622	0.668	0.815	0.701	
TEST set, SPE:	0.238	0.889	0.990	0.706	
[21-02-14 23:19:18-INFO] BEST_RECALL: 0.565, EPOCH:   5
[21-02-14 23:27:12-INFO] EPOCH: 7
[21-02-14 23:27:12-INFO] TRAIN_LOSS : 0.872, TIME: 473.8s
[21-02-14 23:27:51-INFO] VAL _RECALL: 0.665, TIME: 38.8s
[21-02-14 23:27:51-DEBUG] 
VAL  set, TITLE	CLS0	CLS1	CLS2	MEAN
VAL  set, REC:	0.760	0.573	0.661	0.665	
VAL  set, F1 :	0.794	0.534	0.661	0.663	
VAL  set, AUC:	0.892	0.733	0.918	0.847	
VAL  set, ACC:	0.804	0.712	0.854	0.790	
VAL  set, SPE:	0.847	0.768	0.907	0.841	
[21-02-14 23:28:30-INFO] TEST_RECALL: 0.637, TIME: 38.9s
[21-02-14 23:28:30-DEBUG] 
TEST set, TITLE	CLS0	CLS1	CLS2	MEAN
TEST set, REC:	0.715	0.536	0.660	0.637	
TEST set, F1 :	0.766	0.487	0.636	0.630	
TEST set, AUC:	0.854	0.687	0.893	0.811	
TEST set, ACC:	0.768	0.699	0.846	0.771	
TEST set, SPE:	0.828	0.758	0.893	0.826	
[21-02-14 23:28:33-INFO] BEST_RECALL: 0.637, EPOCH:   7
[21-02-14 23:36:26-INFO] EPOCH: 8
[21-02-14 23:36:26-INFO] TRAIN_LOSS : 0.817, TIME: 473.7s
[21-02-14 23:37:05-INFO] VAL _RECALL: 0.624, TIME: 38.9s
[21-02-14 23:37:05-DEBUG] 
VAL  set, TITLE	CLS0	CLS1	CLS2	MEAN
VAL  set, REC:	0.775	0.347	0.750	0.624	
VAL  set, F1 :	0.772	0.400	0.641	0.604	
VAL  set, AUC:	0.846	0.744	0.884	0.825	
VAL  set, ACC:	0.773	0.700	0.819	0.764	
VAL  set, SPE:	0.771	0.843	0.838	0.817	
[21-02-14 23:37:44-INFO] TEST_RECALL: 0.578, TIME: 38.8s
[21-02-14 23:37:44-DEBUG] 
TEST set, TITLE	CLS0	CLS1	CLS2	MEAN
TEST set, REC:	0.766	0.232	0.736	0.578	
TEST set, F1 :	0.750	0.291	0.609	0.550	
TEST set, AUC:	0.806	0.663	0.865	0.778	
TEST set, ACC:	0.730	0.699	0.807	0.745	
TEST set, SPE:	0.689	0.868	0.825	0.794	
[21-02-14 23:37:45-INFO] BEST_RECALL: 0.637, EPOCH:   7
[21-02-14 23:45:39-INFO] EPOCH: 9
[21-02-14 23:45:39-INFO] TRAIN_LOSS : 0.829, TIME: 474.0s
[21-02-14 23:46:18-INFO] VAL _RECALL: 0.668, TIME: 38.8s
[21-02-14 23:46:18-DEBUG] 
VAL  set, TITLE	CLS0	CLS1	CLS2	MEAN
VAL  set, REC:	0.814	0.440	0.750	0.668	
VAL  set, F1 :	0.802	0.485	0.689	0.658	
VAL  set, AUC:	0.898	0.750	0.913	0.854	
VAL  set, ACC:	0.800	0.731	0.854	0.795	
VAL  set, SPE:	0.786	0.849	0.882	0.839	
[21-02-14 23:46:57-INFO] TEST_RECALL: 0.575, TIME: 38.9s
[21-02-14 23:46:57-DEBUG] 
TEST set, TITLE	CLS0	CLS1	CLS2	MEAN
TEST set, REC:	0.715	0.348	0.660	0.575	
TEST set, F1 :	0.737	0.372	0.569	0.559	
TEST set, AUC:	0.826	0.677	0.851	0.785	
TEST set, ACC:	0.730	0.687	0.795	0.737	
TEST set, SPE:	0.746	0.811	0.830	0.796	
[21-02-14 23:46:58-INFO] BEST_RECALL: 0.637, EPOCH:   7
[21-02-14 23:54:52-INFO] EPOCH: 10
[21-02-14 23:54:52-INFO] TRAIN_LOSS : 0.788, TIME: 474.0s
[21-02-14 23:55:31-INFO] VAL _RECALL: 0.648, TIME: 39.0s
[21-02-14 23:55:31-DEBUG] 
VAL  set, TITLE	CLS0	CLS1	CLS2	MEAN
VAL  set, REC:	0.775	0.507	0.661	0.648	
VAL  set, F1 :	0.813	0.490	0.622	0.642	
VAL  set, AUC:	0.885	0.729	0.901	0.838	
VAL  set, ACC:	0.823	0.696	0.827	0.782	
VAL  set, SPE:	0.870	0.773	0.873	0.839	
[21-02-14 23:56:10-INFO] TEST_RECALL: 0.622, TIME: 38.8s
[21-02-14 23:56:10-DEBUG] 
TEST set, TITLE	CLS0	CLS1	CLS2	MEAN
TEST set, REC:	0.686	0.464	0.717	0.622	
TEST set, F1 :	0.729	0.451	0.644	0.608	
TEST set, AUC:	0.827	0.694	0.892	0.805	
TEST set, ACC:	0.730	0.699	0.838	0.755	
TEST set, SPE:	0.779	0.784	0.869	0.811	
[21-02-14 23:56:12-INFO] BEST_RECALL: 0.637, EPOCH:   7
[21-02-15 00:04:05-INFO] EPOCH: 11
[21-02-15 00:04:05-INFO] TRAIN_LOSS : 0.810, TIME: 473.6s
[21-02-15 00:04:44-INFO] VAL _RECALL: 0.573, TIME: 38.8s
[21-02-15 00:04:44-DEBUG] 
VAL  set, TITLE	CLS0	CLS1	CLS2	MEAN
VAL  set, REC:	0.760	0.013	0.946	0.573	
VAL  set, F1 :	0.775	0.026	0.561	0.454	
VAL  set, AUC:	0.878	0.653	0.910	0.814	
VAL  set, ACC:	0.781	0.708	0.681	0.723	
VAL  set, SPE:	0.802	0.989	0.608	0.800	
[21-02-15 00:05:23-INFO] TEST_RECALL: 0.528, TIME: 38.8s
[21-02-15 00:05:23-DEBUG] 
TEST set, TITLE	CLS0	CLS1	CLS2	MEAN
TEST set, REC:	0.635	0.043	0.906	0.528	
TEST set, F1 :	0.702	0.080	0.492	0.425	
TEST set, AUC:	0.804	0.638	0.825	0.756	
TEST set, ACC:	0.714	0.734	0.618	0.689	
TEST set, SPE:	0.803	0.984	0.544	0.777	
[21-02-15 00:05:24-INFO] BEST_RECALL: 0.637, EPOCH:   7
[21-02-15 00:13:18-INFO] EPOCH: 12
[21-02-15 00:13:18-INFO] TRAIN_LOSS : 0.775, TIME: 473.4s
[21-02-15 00:13:56-INFO] VAL _RECALL: 0.685, TIME: 38.7s
[21-02-15 00:13:56-DEBUG] 
VAL  set, TITLE	CLS0	CLS1	CLS2	MEAN
VAL  set, REC:	0.930	0.373	0.750	0.685	
VAL  set, F1 :	0.842	0.471	0.724	0.679	
VAL  set, AUC:	0.922	0.805	0.936	0.888	
VAL  set, ACC:	0.827	0.758	0.877	0.821	
VAL  set, SPE:	0.725	0.914	0.912	0.850	
[21-02-15 00:14:35-INFO] TEST_RECALL: 0.607, TIME: 38.8s
[21-02-15 00:14:35-DEBUG] 
TEST set, TITLE	CLS0	CLS1	CLS2	MEAN
TEST set, REC:	0.891	0.290	0.642	0.607	
TEST set, F1 :	0.797	0.377	0.642	0.605	
TEST set, AUC:	0.847	0.725	0.870	0.814	
TEST set, ACC:	0.761	0.745	0.853	0.786	
TEST set, SPE:	0.615	0.911	0.908	0.811	
[21-02-15 00:14:36-INFO] BEST_RECALL: 0.637, EPOCH:   7
[21-02-15 00:22:30-INFO] EPOCH: 13
[21-02-15 00:22:30-INFO] TRAIN_LOSS : 0.753, TIME: 473.7s
[21-02-15 00:23:09-INFO] VAL _RECALL: 0.718, TIME: 38.8s
[21-02-15 00:23:09-DEBUG] 
VAL  set, TITLE	CLS0	CLS1	CLS2	MEAN
VAL  set, REC:	0.891	0.387	0.875	0.718	
VAL  set, F1 :	0.842	0.483	0.772	0.699	
VAL  set, AUC:	0.927	0.825	0.958	0.903	
VAL  set, ACC:	0.835	0.762	0.888	0.828	
VAL  set, SPE:	0.779	0.914	0.892	0.861	
[21-02-15 00:23:48-INFO] TEST_RECALL: 0.627, TIME: 38.9s
[21-02-15 00:23:48-DEBUG] 
TEST set, TITLE	CLS0	CLS1	CLS2	MEAN
TEST set, REC:	0.810	0.261	0.811	0.627	
TEST set, F1 :	0.787	0.333	0.672	0.597	
TEST set, AUC:	0.857	0.710	0.914	0.827	
TEST set, ACC:	0.768	0.722	0.838	0.776	
TEST set, SPE:	0.721	0.889	0.845	0.818	
[21-02-15 00:23:49-INFO] BEST_RECALL: 0.637, EPOCH:   7
[21-02-15 00:31:43-INFO] EPOCH: 14
[21-02-15 00:31:43-INFO] TRAIN_LOSS : 0.713, TIME: 473.6s
[21-02-15 00:32:22-INFO] VAL _RECALL: 0.671, TIME: 39.0s
[21-02-15 00:32:22-DEBUG] 
VAL  set, TITLE	CLS0	CLS1	CLS2	MEAN
VAL  set, REC:	0.705	0.307	1.000	0.671	
VAL  set, F1 :	0.809	0.397	0.626	0.610	
VAL  set, AUC:	0.934	0.692	0.939	0.855	
VAL  set, ACC:	0.835	0.731	0.742	0.769	
VAL  set, SPE:	0.962	0.903	0.672	0.845	
[21-02-15 00:33:01-INFO] TEST_RECALL: 0.587, TIME: 38.9s
[21-02-15 00:33:01-DEBUG] 
TEST set, TITLE	CLS0	CLS1	CLS2	MEAN
TEST set, REC:	0.599	0.275	0.887	0.587	
TEST set, F1 :	0.701	0.358	0.528	0.529	
TEST set, AUC:	0.796	0.636	0.847	0.760	
TEST set, ACC:	0.730	0.737	0.676	0.714	
TEST set, SPE:	0.877	0.905	0.621	0.801	
[21-02-15 00:33:02-INFO] BEST_RECALL: 0.637, EPOCH:   7
[21-02-15 00:40:55-INFO] EPOCH: 15
[21-02-15 00:40:55-INFO] TRAIN_LOSS : 0.742, TIME: 473.0s
[21-02-15 00:41:34-INFO] VAL _RECALL: 0.623, TIME: 38.9s
[21-02-15 00:41:34-DEBUG] 
VAL  set, TITLE	CLS0	CLS1	CLS2	MEAN
VAL  set, REC:	0.977	0.000	0.893	0.623	
VAL  set, F1 :	0.790	0.000	0.794	0.528	
VAL  set, AUC:	0.929	0.797	0.966	0.897	
VAL  set, ACC:	0.742	0.712	0.900	0.785	
VAL  set, SPE:	0.511	1.000	0.902	0.804	
[21-02-15 00:42:13-INFO] TEST_RECALL: 0.537, TIME: 38.8s
[21-02-15 00:42:13-DEBUG] 
TEST set, TITLE	CLS0	CLS1	CLS2	MEAN
TEST set, REC:	0.912	0.000	0.698	0.537	
TEST set, F1 :	0.758	0.000	0.622	0.460	
TEST set, AUC:	0.821	0.719	0.876	0.805	
TEST set, ACC:	0.691	0.734	0.826	0.750	
TEST set, SPE:	0.443	1.000	0.859	0.767	
[21-02-15 00:42:14-INFO] BEST_RECALL: 0.637, EPOCH:   7
[21-02-15 00:50:08-INFO] EPOCH: 16
[21-02-15 00:50:08-INFO] TRAIN_LOSS : 0.684, TIME: 473.4s
[21-02-15 00:50:46-INFO] VAL _RECALL: 0.744, TIME: 38.8s
[21-02-15 00:50:46-DEBUG] 
VAL  set, TITLE	CLS0	CLS1	CLS2	MEAN
VAL  set, REC:	0.814	0.507	0.911	0.744	
VAL  set, F1 :	0.847	0.547	0.767	0.720	
VAL  set, AUC:	0.945	0.818	0.959	0.907	
VAL  set, ACC:	0.854	0.758	0.881	0.831	
VAL  set, SPE:	0.893	0.859	0.873	0.875	
[21-02-15 00:51:25-INFO] TEST_RECALL: 0.629, TIME: 38.9s
[21-02-15 00:51:25-DEBUG] 
TEST set, TITLE	CLS0	CLS1	CLS2	MEAN
TEST set, REC:	0.708	0.348	0.830	0.629	
TEST set, F1 :	0.746	0.390	0.652	0.596	
TEST set, AUC:	0.837	0.734	0.884	0.818	
TEST set, ACC:	0.745	0.710	0.819	0.758	
TEST set, SPE:	0.787	0.842	0.816	0.815	
[21-02-15 00:51:27-INFO] BEST_RECALL: 0.637, EPOCH:   7
[21-02-15 00:59:20-INFO] EPOCH: 17
[21-02-15 00:59:20-INFO] TRAIN_LOSS : 0.716, TIME: 473.5s
[21-02-15 00:59:59-INFO] VAL _RECALL: 0.745, TIME: 38.8s
[21-02-15 00:59:59-DEBUG] 
VAL  set, TITLE	CLS0	CLS1	CLS2	MEAN
VAL  set, REC:	0.488	0.907	0.839	0.745	
VAL  set, F1 :	0.649	0.627	0.862	0.713	
VAL  set, AUC:	0.945	0.807	0.978	0.910	
VAL  set, ACC:	0.738	0.688	0.942	0.790	
VAL  set, SPE:	0.985	0.600	0.971	0.852	
[21-02-15 01:00:38-INFO] TEST_RECALL: 0.599, TIME: 39.0s
[21-02-15 01:00:38-DEBUG] 
TEST set, TITLE	CLS0	CLS1	CLS2	MEAN
TEST set, REC:	0.350	0.710	0.736	0.599	
TEST set, F1 :	0.508	0.458	0.678	0.548	
TEST set, AUC:	0.850	0.670	0.905	0.808	
TEST set, ACC:	0.641	0.552	0.857	0.683	
TEST set, SPE:	0.967	0.495	0.888	0.783	
[21-02-15 01:00:39-INFO] BEST_RECALL: 0.637, EPOCH:   7
[21-02-15 01:08:32-INFO] EPOCH: 18
[21-02-15 01:08:32-INFO] TRAIN_LOSS : 0.656, TIME: 473.0s
[21-02-15 01:09:11-INFO] VAL _RECALL: 0.689, TIME: 38.9s
[21-02-15 01:09:11-DEBUG] 
VAL  set, TITLE	CLS0	CLS1	CLS2	MEAN
VAL  set, REC:	0.953	0.240	0.875	0.689	
VAL  set, F1 :	0.817	0.371	0.803	0.664	
VAL  set, AUC:	0.935	0.824	0.966	0.908	
VAL  set, ACC:	0.788	0.765	0.908	0.821	
VAL  set, SPE:	0.626	0.978	0.917	0.840	
[21-02-15 01:09:50-INFO] TEST_RECALL: 0.577, TIME: 38.8s
[21-02-15 01:09:50-DEBUG] 
TEST set, TITLE	CLS0	CLS1	CLS2	MEAN
TEST set, REC:	0.869	0.203	0.660	0.577	
TEST set, F1 :	0.773	0.298	0.603	0.558	
TEST set, AUC:	0.799	0.687	0.882	0.789	
TEST set, ACC:	0.730	0.745	0.822	0.766	
TEST set, SPE:	0.574	0.942	0.864	0.793	
[21-02-15 01:09:51-INFO] BEST_RECALL: 0.637, EPOCH:   7
[21-02-15 01:17:44-INFO] EPOCH: 19
[21-02-15 01:17:44-INFO] TRAIN_LOSS : 0.665, TIME: 472.9s
[21-02-15 01:18:23-INFO] VAL _RECALL: 0.374, TIME: 38.9s
[21-02-15 01:18:23-DEBUG] 
VAL  set, TITLE	CLS0	CLS1	CLS2	MEAN
VAL  set, REC:	0.992	0.040	0.089	0.374	
VAL  set, F1 :	0.719	0.059	0.161	0.313	
VAL  set, AUC:	0.819	0.564	0.877	0.753	
VAL  set, ACC:	0.615	0.631	0.800	0.682	
VAL  set, SPE:	0.244	0.870	0.995	0.703	
[21-02-15 01:19:02-INFO] TEST_RECALL: 0.378, TIME: 38.8s
[21-02-15 01:19:02-DEBUG] 
TEST set, TITLE	CLS0	CLS1	CLS2	MEAN
TEST set, REC:	0.985	0.072	0.075	0.378	
TEST set, F1 :	0.732	0.109	0.140	0.327	
TEST set, AUC:	0.749	0.530	0.826	0.702	
TEST set, ACC:	0.618	0.683	0.811	0.704	
TEST set, SPE:	0.205	0.905	1.000	0.703	
[21-02-15 01:19:03-INFO] BEST_RECALL: 0.637, EPOCH:   7
[21-02-15 01:26:56-INFO] EPOCH: 20
[21-02-15 01:26:56-INFO] TRAIN_LOSS : 0.606, TIME: 472.9s
[21-02-15 01:27:35-INFO] VAL _RECALL: 0.791, TIME: 38.7s
[21-02-15 01:27:35-DEBUG] 
VAL  set, TITLE	CLS0	CLS1	CLS2	MEAN
VAL  set, REC:	0.938	0.507	0.929	0.791	
VAL  set, F1 :	0.871	0.628	0.860	0.786	
VAL  set, AUC:	0.951	0.895	0.978	0.941	
VAL  set, ACC:	0.862	0.827	0.935	0.874	
VAL  set, SPE:	0.786	0.957	0.936	0.893	
[21-02-15 01:28:14-INFO] TEST_RECALL: 0.621, TIME: 38.8s
[21-02-15 01:28:14-DEBUG] 
TEST set, TITLE	CLS0	CLS1	CLS2	MEAN
TEST set, REC:	0.847	0.261	0.755	0.621	
TEST set, F1 :	0.789	0.350	0.661	0.600	
TEST set, AUC:	0.852	0.749	0.918	0.840	
TEST set, ACC:	0.761	0.741	0.842	0.781	
TEST set, SPE:	0.664	0.916	0.864	0.815	
[21-02-15 01:28:15-INFO] BEST_RECALL: 0.637, EPOCH:   7
[21-02-15 01:36:08-INFO] EPOCH: 21
[21-02-15 01:36:08-INFO] TRAIN_LOSS : 0.460, TIME: 472.8s
[21-02-15 01:36:47-INFO] VAL _RECALL: 0.649, TIME: 38.8s
[21-02-15 01:36:47-DEBUG] 
VAL  set, TITLE	CLS0	CLS1	CLS2	MEAN
VAL  set, REC:	0.984	0.107	0.857	0.649	
VAL  set, F1 :	0.920	0.190	0.600	0.570	
VAL  set, AUC:	0.985	0.948	0.900	0.944	
VAL  set, ACC:	0.915	0.738	0.754	0.803	
VAL  set, SPE:	0.847	0.995	0.725	0.856	
[21-02-15 01:37:25-INFO] TEST_RECALL: 0.506, TIME: 38.7s
[21-02-15 01:37:25-DEBUG] 
TEST set, TITLE	CLS0	CLS1	CLS2	MEAN
TEST set, REC:	0.832	0.101	0.585	0.506	
TEST set, F1 :	0.740	0.179	0.470	0.463	
TEST set, AUC:	0.829	0.743	0.821	0.798	
TEST set, ACC:	0.691	0.753	0.730	0.725	
TEST set, SPE:	0.533	0.989	0.767	0.763	
[21-02-15 01:37:27-INFO] BEST_RECALL: 0.637, EPOCH:   7
[21-02-15 01:45:20-INFO] EPOCH: 22
[21-02-15 01:45:20-INFO] TRAIN_LOSS : 0.427, TIME: 472.9s
[21-02-15 01:45:59-INFO] VAL _RECALL: 0.949, TIME: 38.9s
[21-02-15 01:45:59-DEBUG] 
VAL  set, TITLE	CLS0	CLS1	CLS2	MEAN
VAL  set, REC:	0.915	0.933	1.000	0.949	
VAL  set, F1 :	0.952	0.897	0.966	0.938	
VAL  set, AUC:	0.998	0.986	1.000	0.995	
VAL  set, ACC:	0.954	0.938	0.985	0.959	
VAL  set, SPE:	0.992	0.941	0.980	0.971	
[21-02-15 01:46:37-INFO] TEST_RECALL: 0.612, TIME: 38.9s
[21-02-15 01:46:37-DEBUG] 
TEST set, TITLE	CLS0	CLS1	CLS2	MEAN
TEST set, REC:	0.577	0.638	0.623	0.612	
TEST set, F1 :	0.690	0.478	0.629	0.599	
TEST set, AUC:	0.831	0.694	0.893	0.806	
TEST set, ACC:	0.726	0.629	0.849	0.735	
TEST set, SPE:	0.893	0.626	0.908	0.809	
[21-02-15 01:46:39-INFO] BEST_RECALL: 0.637, EPOCH:   7
[21-02-15 01:54:32-INFO] EPOCH: 23
[21-02-15 01:54:32-INFO] TRAIN_LOSS : 0.358, TIME: 473.3s
[21-02-15 01:55:11-INFO] VAL _RECALL: 0.747, TIME: 38.9s
[21-02-15 01:55:11-DEBUG] 
VAL  set, TITLE	CLS0	CLS1	CLS2	MEAN
VAL  set, REC:	1.000	0.347	0.893	0.747	
VAL  set, F1 :	0.863	0.515	0.833	0.737	
VAL  set, AUC:	0.996	0.969	0.989	0.985	
VAL  set, ACC:	0.842	0.812	0.923	0.859	
VAL  set, SPE:	0.687	1.000	0.931	0.873	
[21-02-15 01:55:50-INFO] TEST_RECALL: 0.546, TIME: 38.9s
[21-02-15 01:55:50-DEBUG] 
TEST set, TITLE	CLS0	CLS1	CLS2	MEAN
TEST set, REC:	0.927	0.145	0.566	0.546	
TEST set, F1 :	0.772	0.241	0.566	0.526	
TEST set, AUC:	0.853	0.715	0.879	0.816	
TEST set, ACC:	0.710	0.757	0.822	0.763	
TEST set, SPE:	0.467	0.979	0.888	0.778	
[21-02-15 01:55:51-INFO] BEST_RECALL: 0.637, EPOCH:   7
[21-02-15 02:03:44-INFO] EPOCH: 24
[21-02-15 02:03:44-INFO] TRAIN_LOSS : 0.303, TIME: 473.1s
[21-02-15 02:04:23-INFO] VAL _RECALL: 0.838, TIME: 38.8s
[21-02-15 02:04:23-DEBUG] 
VAL  set, TITLE	CLS0	CLS1	CLS2	MEAN
VAL  set, REC:	0.977	0.893	0.643	0.838	
VAL  set, F1 :	0.958	0.812	0.783	0.851	
VAL  set, AUC:	0.994	0.961	0.998	0.984	
VAL  set, ACC:	0.958	0.881	0.923	0.921	
VAL  set, SPE:	0.939	0.876	1.000	0.938	
[21-02-15 02:05:02-INFO] TEST_RECALL: 0.555, TIME: 38.8s
[21-02-15 02:05:02-DEBUG] 
TEST set, TITLE	CLS0	CLS1	CLS2	MEAN
TEST set, REC:	0.796	0.493	0.377	0.555	
TEST set, F1 :	0.765	0.439	0.513	0.572	
TEST set, AUC:	0.831	0.694	0.881	0.802	
TEST set, ACC:	0.741	0.664	0.853	0.753	
TEST set, SPE:	0.680	0.726	0.976	0.794	
[21-02-15 02:05:03-INFO] BEST_RECALL: 0.637, EPOCH:   7
[21-02-15 02:12:56-INFO] EPOCH: 25
[21-02-15 02:12:56-INFO] TRAIN_LOSS : 0.261, TIME: 473.0s
[21-02-15 02:13:35-INFO] VAL _RECALL: 0.849, TIME: 38.9s
[21-02-15 02:13:35-DEBUG] 
VAL  set, TITLE	CLS0	CLS1	CLS2	MEAN
VAL  set, REC:	1.000	0.653	0.893	0.849	
VAL  set, F1 :	0.942	0.790	0.820	0.851	
VAL  set, AUC:	0.999	0.995	0.976	0.990	
VAL  set, ACC:	0.938	0.900	0.915	0.918	
VAL  set, SPE:	0.878	1.000	0.922	0.933	
[21-02-15 02:14:14-INFO] TEST_RECALL: 0.558, TIME: 38.9s
[21-02-15 02:14:14-DEBUG] 
TEST set, TITLE	CLS0	CLS1	CLS2	MEAN
TEST set, REC:	0.891	0.159	0.623	0.558	
TEST set, F1 :	0.767	0.244	0.600	0.537	
TEST set, AUC:	0.843	0.734	0.871	0.816	
TEST set, ACC:	0.714	0.737	0.830	0.761	
TEST set, SPE:	0.516	0.947	0.883	0.782	
[21-02-15 02:14:15-INFO] BEST_RECALL: 0.637, EPOCH:   7
[21-02-15 02:22:09-INFO] EPOCH: 26
[21-02-15 02:22:09-INFO] TRAIN_LOSS : 0.263, TIME: 473.3s
[21-02-15 02:22:48-INFO] VAL _RECALL: 0.972, TIME: 38.9s
[21-02-15 02:22:48-DEBUG] 
VAL  set, TITLE	CLS0	CLS1	CLS2	MEAN
VAL  set, REC:	1.000	0.987	0.929	0.972	
VAL  set, F1 :	0.992	0.974	0.963	0.976	
VAL  set, AUC:	0.999	0.999	0.999	0.999	
VAL  set, ACC:	0.992	0.985	0.985	0.987	
VAL  set, SPE:	0.985	0.984	1.000	0.990	
[21-02-15 02:23:27-INFO] TEST_RECALL: 0.522, TIME: 38.8s
[21-02-15 02:23:27-DEBUG] 
TEST set, TITLE	CLS0	CLS1	CLS2	MEAN
TEST set, REC:	0.774	0.377	0.415	0.522	
TEST set, F1 :	0.734	0.374	0.489	0.532	
TEST set, AUC:	0.814	0.694	0.859	0.789	
TEST set, ACC:	0.703	0.664	0.822	0.730	
TEST set, SPE:	0.623	0.768	0.927	0.773	
[21-02-15 02:23:28-INFO] BEST_RECALL: 0.637, EPOCH:   7
[21-02-15 02:31:21-INFO] EPOCH: 27
[21-02-15 02:31:21-INFO] TRAIN_LOSS : 0.208, TIME: 473.2s
[21-02-15 02:32:00-INFO] VAL _RECALL: 0.982, TIME: 38.8s
[21-02-15 02:32:00-DEBUG] 
VAL  set, TITLE	CLS0	CLS1	CLS2	MEAN
VAL  set, REC:	1.000	0.947	1.000	0.982	
VAL  set, F1 :	0.992	0.973	0.982	0.982	
VAL  set, AUC:	1.000	0.997	1.000	0.999	
VAL  set, ACC:	0.992	0.985	0.992	0.990	
VAL  set, SPE:	0.985	1.000	0.990	0.992	
[21-02-15 02:32:39-INFO] TEST_RECALL: 0.639, TIME: 38.9s
[21-02-15 02:32:39-DEBUG] 
TEST set, TITLE	CLS0	CLS1	CLS2	MEAN
TEST set, REC:	0.781	0.362	0.774	0.639	
TEST set, F1 :	0.770	0.413	0.689	0.624	
TEST set, AUC:	0.848	0.734	0.903	0.828	
TEST set, ACC:	0.753	0.726	0.857	0.779	
TEST set, SPE:	0.721	0.858	0.879	0.819	
[21-02-15 02:32:42-INFO] BEST_RECALL: 0.639, EPOCH:  27
[21-02-15 02:40:35-INFO] EPOCH: 28
[21-02-15 02:40:35-INFO] TRAIN_LOSS : 0.136, TIME: 472.9s
[21-02-15 02:41:13-INFO] VAL _RECALL: 0.980, TIME: 38.8s
[21-02-15 02:41:13-DEBUG] 
VAL  set, TITLE	CLS0	CLS1	CLS2	MEAN
VAL  set, REC:	0.992	0.947	1.000	0.980	
VAL  set, F1 :	0.992	0.966	0.974	0.977	
VAL  set, AUC:	1.000	0.999	1.000	1.000	
VAL  set, ACC:	0.992	0.981	0.988	0.987	
VAL  set, SPE:	0.992	0.995	0.985	0.991	
[21-02-15 02:41:52-INFO] TEST_RECALL: 0.576, TIME: 38.9s
[21-02-15 02:41:52-DEBUG] 
TEST set, TITLE	CLS0	CLS1	CLS2	MEAN
TEST set, REC:	0.730	0.377	0.623	0.576	
TEST set, F1 :	0.733	0.397	0.579	0.569	
TEST set, AUC:	0.796	0.680	0.874	0.783	
TEST set, ACC:	0.718	0.695	0.815	0.743	
TEST set, SPE:	0.705	0.811	0.864	0.793	
[21-02-15 02:41:54-INFO] BEST_RECALL: 0.639, EPOCH:  27
[21-02-15 02:49:47-INFO] EPOCH: 29
[21-02-15 02:49:47-INFO] TRAIN_LOSS : 0.152, TIME: 472.9s
[21-02-15 02:50:25-INFO] VAL _RECALL: 0.972, TIME: 38.7s
[21-02-15 02:50:25-DEBUG] 
VAL  set, TITLE	CLS0	CLS1	CLS2	MEAN
VAL  set, REC:	1.000	0.933	0.982	0.972	
VAL  set, F1 :	0.996	0.959	0.957	0.971	
VAL  set, AUC:	1.000	1.000	0.999	0.999	
VAL  set, ACC:	0.996	0.977	0.981	0.985	
VAL  set, SPE:	0.992	0.995	0.980	0.989	
[21-02-15 02:51:04-INFO] TEST_RECALL: 0.564, TIME: 38.9s
[21-02-15 02:51:04-DEBUG] 
TEST set, TITLE	CLS0	CLS1	CLS2	MEAN
TEST set, REC:	0.796	0.217	0.679	0.564	
TEST set, F1 :	0.739	0.297	0.590	0.542	
TEST set, AUC:	0.804	0.662	0.885	0.783	
TEST set, ACC:	0.703	0.726	0.807	0.745	
TEST set, SPE:	0.598	0.911	0.840	0.783	
[21-02-15 02:51:05-INFO] BEST_RECALL: 0.639, EPOCH:  27
[21-02-15 02:58:58-INFO] EPOCH: 30
[21-02-15 02:58:58-INFO] TRAIN_LOSS : 0.138, TIME: 472.7s
[21-02-15 02:59:37-INFO] VAL _RECALL: 0.974, TIME: 38.9s
[21-02-15 02:59:37-DEBUG] 
VAL  set, TITLE	CLS0	CLS1	CLS2	MEAN
VAL  set, REC:	0.961	0.960	1.000	0.974	
VAL  set, F1 :	0.973	0.947	0.991	0.970	
VAL  set, AUC:	0.998	0.994	1.000	0.997	
VAL  set, ACC:	0.973	0.969	0.996	0.979	
VAL  set, SPE:	0.985	0.973	0.995	0.984	
[21-02-15 03:00:16-INFO] TEST_RECALL: 0.619, TIME: 38.8s
[21-02-15 03:00:16-DEBUG] 
TEST set, TITLE	CLS0	CLS1	CLS2	MEAN
TEST set, REC:	0.708	0.565	0.585	0.619	
TEST set, F1 :	0.749	0.487	0.626	0.621	
TEST set, AUC:	0.831	0.711	0.910	0.817	
TEST set, ACC:	0.749	0.683	0.857	0.763	
TEST set, SPE:	0.795	0.726	0.927	0.816	
[21-02-15 03:00:17-INFO] BEST_RECALL: 0.639, EPOCH:  27
[21-02-15 03:08:10-INFO] EPOCH: 31
[21-02-15 03:08:10-INFO] TRAIN_LOSS : 0.162, TIME: 472.7s
[21-02-15 03:08:49-INFO] VAL _RECALL: 0.982, TIME: 38.8s
[21-02-15 03:08:49-DEBUG] 
VAL  set, TITLE	CLS0	CLS1	CLS2	MEAN
VAL  set, REC:	1.000	1.000	0.946	0.982	
VAL  set, F1 :	1.000	0.980	0.972	0.984	
VAL  set, AUC:	1.000	0.997	0.999	0.999	
VAL  set, ACC:	1.000	0.988	0.988	0.992	
VAL  set, SPE:	1.000	0.984	1.000	0.995	
[21-02-15 03:09:28-INFO] TEST_RECALL: 0.588, TIME: 38.8s
[21-02-15 03:09:28-DEBUG] 
TEST set, TITLE	CLS0	CLS1	CLS2	MEAN
TEST set, REC:	0.796	0.420	0.547	0.588	
TEST set, F1 :	0.757	0.439	0.592	0.596	
TEST set, AUC:	0.824	0.706	0.886	0.805	
TEST set, ACC:	0.730	0.714	0.846	0.763	
TEST set, SPE:	0.656	0.821	0.922	0.800	
[21-02-15 03:09:29-INFO] BEST_RECALL: 0.639, EPOCH:  27
[21-02-15 03:17:22-INFO] EPOCH: 32
[21-02-15 03:17:22-INFO] TRAIN_LOSS : 0.086, TIME: 472.9s
[21-02-15 03:18:00-INFO] VAL _RECALL: 0.984, TIME: 38.7s
[21-02-15 03:18:00-DEBUG] 
VAL  set, TITLE	CLS0	CLS1	CLS2	MEAN
VAL  set, REC:	1.000	0.987	0.964	0.984	
VAL  set, F1 :	0.992	0.987	0.982	0.987	
VAL  set, AUC:	1.000	1.000	1.000	1.000	
VAL  set, ACC:	0.992	0.992	0.992	0.992	
VAL  set, SPE:	0.985	0.995	1.000	0.993	
[21-02-15 03:18:39-INFO] TEST_RECALL: 0.620, TIME: 38.8s
[21-02-15 03:18:39-DEBUG] 
TEST set, TITLE	CLS0	CLS1	CLS2	MEAN
TEST set, REC:	0.737	0.594	0.528	0.620	
TEST set, F1 :	0.754	0.519	0.609	0.627	
TEST set, AUC:	0.824	0.754	0.899	0.826	
TEST set, ACC:	0.745	0.707	0.861	0.771	
TEST set, SPE:	0.754	0.747	0.947	0.816	
[21-02-15 03:18:41-INFO] BEST_RECALL: 0.639, EPOCH:  27
[21-02-15 03:26:33-INFO] EPOCH: 33
[21-02-15 03:26:33-INFO] TRAIN_LOSS : 0.155, TIME: 472.7s
[21-02-15 03:27:12-INFO] VAL _RECALL: 0.957, TIME: 38.7s
[21-02-15 03:27:12-DEBUG] 
VAL  set, TITLE	CLS0	CLS1	CLS2	MEAN
VAL  set, REC:	1.000	0.907	0.964	0.957	
VAL  set, F1 :	0.981	0.944	0.956	0.960	
VAL  set, AUC:	1.000	0.999	0.999	0.999	
VAL  set, ACC:	0.981	0.969	0.981	0.977	
VAL  set, SPE:	0.962	0.995	0.985	0.981	
[21-02-15 03:27:51-INFO] TEST_RECALL: 0.521, TIME: 38.9s
[21-02-15 03:27:51-DEBUG] 
TEST set, TITLE	CLS0	CLS1	CLS2	MEAN
TEST set, REC:	0.876	0.159	0.528	0.521	
TEST set, F1 :	0.755	0.218	0.566	0.513	
TEST set, AUC:	0.812	0.694	0.880	0.796	
TEST set, ACC:	0.699	0.695	0.834	0.743	
TEST set, SPE:	0.500	0.889	0.913	0.767	
[21-02-15 03:27:52-INFO] BEST_RECALL: 0.639, EPOCH:  27
[21-02-15 03:35:45-INFO] EPOCH: 34
[21-02-15 03:35:45-INFO] TRAIN_LOSS : 0.095, TIME: 472.6s
[21-02-15 03:36:24-INFO] VAL _RECALL: 0.982, TIME: 38.8s
[21-02-15 03:36:24-DEBUG] 
VAL  set, TITLE	CLS0	CLS1	CLS2	MEAN
VAL  set, REC:	1.000	0.947	1.000	0.982	
VAL  set, F1 :	0.985	0.973	1.000	0.986	
VAL  set, AUC:	1.000	1.000	1.000	1.000	
VAL  set, ACC:	0.985	0.985	1.000	0.990	
VAL  set, SPE:	0.969	1.000	1.000	0.990	
[21-02-15 03:37:02-INFO] TEST_RECALL: 0.619, TIME: 38.8s
[21-02-15 03:37:02-DEBUG] 
TEST set, TITLE	CLS0	CLS1	CLS2	MEAN
TEST set, REC:	0.898	0.319	0.642	0.619	
TEST set, F1 :	0.791	0.419	0.667	0.626	
TEST set, AUC:	0.841	0.720	0.901	0.821	
TEST set, ACC:	0.749	0.764	0.869	0.794	
TEST set, SPE:	0.582	0.926	0.927	0.812	
[21-02-15 03:37:04-INFO] BEST_RECALL: 0.639, EPOCH:  27
[21-02-15 03:44:56-INFO] EPOCH: 35
[21-02-15 03:44:56-INFO] TRAIN_LOSS : 0.069, TIME: 472.7s
[21-02-15 03:45:35-INFO] VAL _RECALL: 1.000, TIME: 38.8s
[21-02-15 03:45:35-DEBUG] 
VAL  set, TITLE	CLS0	CLS1	CLS2	MEAN
VAL  set, REC:	1.000	1.000	1.000	1.000	
VAL  set, F1 :	1.000	1.000	1.000	1.000	
VAL  set, AUC:	1.000	1.000	1.000	1.000	
VAL  set, ACC:	1.000	1.000	1.000	1.000	
VAL  set, SPE:	1.000	1.000	1.000	1.000	
[21-02-15 03:46:14-INFO] TEST_RECALL: 0.579, TIME: 38.8s
[21-02-15 03:46:14-DEBUG] 
TEST set, TITLE	CLS0	CLS1	CLS2	MEAN
TEST set, REC:	0.803	0.217	0.717	0.579	
TEST set, F1 :	0.759	0.294	0.603	0.552	
TEST set, AUC:	0.801	0.661	0.864	0.776	
TEST set, ACC:	0.730	0.722	0.807	0.753	
TEST set, SPE:	0.648	0.905	0.830	0.794	
[21-02-15 03:46:16-INFO] BEST_RECALL: 0.639, EPOCH:  27
[21-02-15 03:54:08-INFO] EPOCH: 36
[21-02-15 03:54:08-INFO] TRAIN_LOSS : 0.026, TIME: 472.4s
[21-02-15 03:54:47-INFO] VAL _RECALL: 0.983, TIME: 38.8s
[21-02-15 03:54:47-DEBUG] 
VAL  set, TITLE	CLS0	CLS1	CLS2	MEAN
VAL  set, REC:	0.961	0.987	1.000	0.983	
VAL  set, F1 :	0.980	0.961	0.991	0.977	
VAL  set, AUC:	1.000	0.998	1.000	0.999	
VAL  set, ACC:	0.981	0.977	0.996	0.985	
VAL  set, SPE:	1.000	0.973	0.995	0.989	
[21-02-15 03:55:26-INFO] TEST_RECALL: 0.598, TIME: 38.9s
[21-02-15 03:55:26-DEBUG] 
TEST set, TITLE	CLS0	CLS1	CLS2	MEAN
TEST set, REC:	0.577	0.464	0.755	0.598	
TEST set, F1 :	0.656	0.424	0.635	0.571	
TEST set, AUC:	0.789	0.638	0.890	0.772	
TEST set, ACC:	0.680	0.664	0.822	0.722	
TEST set, SPE:	0.795	0.737	0.840	0.791	
[21-02-15 03:55:27-INFO] BEST_RECALL: 0.639, EPOCH:  27
[21-02-15 04:03:20-INFO] EPOCH: 37
[21-02-15 04:03:20-INFO] TRAIN_LOSS : 0.047, TIME: 472.6s
[21-02-15 04:03:58-INFO] VAL _RECALL: 0.955, TIME: 38.8s
[21-02-15 04:03:58-DEBUG] 
VAL  set, TITLE	CLS0	CLS1	CLS2	MEAN
VAL  set, REC:	0.884	1.000	0.982	0.955	
VAL  set, F1 :	0.938	0.909	0.982	0.943	
VAL  set, AUC:	1.000	0.994	1.000	0.998	
VAL  set, ACC:	0.942	0.942	0.992	0.959	
VAL  set, SPE:	1.000	0.919	0.995	0.971	
[21-02-15 04:04:37-INFO] TEST_RECALL: 0.554, TIME: 38.7s
[21-02-15 04:04:37-DEBUG] 
TEST set, TITLE	CLS0	CLS1	CLS2	MEAN
TEST set, REC:	0.358	0.681	0.623	0.554	
TEST set, F1 :	0.505	0.437	0.606	0.516	
TEST set, AUC:	0.774	0.633	0.868	0.758	
TEST set, ACC:	0.629	0.533	0.834	0.665	
TEST set, SPE:	0.934	0.479	0.888	0.767	
[21-02-15 04:04:38-INFO] BEST_RECALL: 0.639, EPOCH:  27
[21-02-15 04:12:31-INFO] EPOCH: 38
[21-02-15 04:12:31-INFO] TRAIN_LOSS : 0.100, TIME: 472.8s
[21-02-15 04:13:10-INFO] VAL _RECALL: 1.000, TIME: 38.8s
[21-02-15 04:13:10-DEBUG] 
VAL  set, TITLE	CLS0	CLS1	CLS2	MEAN
VAL  set, REC:	1.000	1.000	1.000	1.000	
VAL  set, F1 :	1.000	1.000	1.000	1.000	
VAL  set, AUC:	1.000	1.000	1.000	1.000	
VAL  set, ACC:	1.000	1.000	1.000	1.000	
VAL  set, SPE:	1.000	1.000	1.000	1.000	
[21-02-15 04:13:49-INFO] TEST_RECALL: 0.619, TIME: 38.8s
[21-02-15 04:13:49-DEBUG] 
TEST set, TITLE	CLS0	CLS1	CLS2	MEAN
TEST set, REC:	0.810	0.406	0.642	0.619	
TEST set, F1 :	0.774	0.441	0.654	0.623	
TEST set, AUC:	0.842	0.719	0.913	0.824	
TEST set, ACC:	0.749	0.726	0.861	0.779	
TEST set, SPE:	0.680	0.842	0.917	0.813	
[21-02-15 04:13:50-INFO] BEST_RECALL: 0.639, EPOCH:  27
[21-02-15 04:21:43-INFO] EPOCH: 39
[21-02-15 04:21:43-INFO] TRAIN_LOSS : 0.089, TIME: 472.6s
[21-02-15 04:22:22-INFO] VAL _RECALL: 0.941, TIME: 38.8s
[21-02-15 04:22:22-DEBUG] 
VAL  set, TITLE	CLS0	CLS1	CLS2	MEAN
VAL  set, REC:	1.000	0.840	0.982	0.941	
VAL  set, F1 :	0.992	0.913	0.902	0.936	
VAL  set, AUC:	1.000	0.999	0.997	0.999	
VAL  set, ACC:	0.992	0.954	0.954	0.967	
VAL  set, SPE:	0.985	1.000	0.946	0.977	
[21-02-15 04:23:00-INFO] TEST_RECALL: 0.577, TIME: 38.7s
[21-02-15 04:23:00-DEBUG] 
TEST set, TITLE	CLS0	CLS1	CLS2	MEAN
TEST set, REC:	0.803	0.174	0.755	0.577	
TEST set, F1 :	0.759	0.270	0.576	0.535	
TEST set, AUC:	0.799	0.662	0.860	0.774	
TEST set, ACC:	0.730	0.749	0.772	0.750	
TEST set, SPE:	0.648	0.958	0.777	0.794	
[21-02-15 04:23:02-INFO] BEST_RECALL: 0.639, EPOCH:  27
[21-02-15 04:30:54-INFO] EPOCH: 40
[21-02-15 04:30:54-INFO] TRAIN_LOSS : 0.077, TIME: 472.4s
[21-02-15 04:31:33-INFO] VAL _RECALL: 0.981, TIME: 38.9s
[21-02-15 04:31:33-DEBUG] 
VAL  set, TITLE	CLS0	CLS1	CLS2	MEAN
VAL  set, REC:	0.969	0.973	1.000	0.981	
VAL  set, F1 :	0.984	0.967	0.974	0.975	
VAL  set, AUC:	1.000	0.999	1.000	1.000	
VAL  set, ACC:	0.985	0.981	0.988	0.985	
VAL  set, SPE:	1.000	0.984	0.985	0.990	
[21-02-15 04:32:12-INFO] TEST_RECALL: 0.611, TIME: 38.8s
[21-02-15 04:32:12-DEBUG] 
TEST set, TITLE	CLS0	CLS1	CLS2	MEAN
TEST set, REC:	0.606	0.377	0.849	0.611	
TEST set, F1 :	0.716	0.388	0.592	0.565	
TEST set, AUC:	0.839	0.656	0.890	0.795	
TEST set, ACC:	0.745	0.683	0.761	0.730	
TEST set, SPE:	0.902	0.795	0.738	0.811	
[21-02-15 04:32:13-INFO] BEST_RECALL: 0.639, EPOCH:  27
[21-02-15 04:40:06-INFO] EPOCH: 41
[21-02-15 04:40:06-INFO] TRAIN_LOSS : 0.056, TIME: 472.5s
[21-02-15 04:40:44-INFO] VAL _RECALL: 0.996, TIME: 38.7s
[21-02-15 04:40:44-DEBUG] 
VAL  set, TITLE	CLS0	CLS1	CLS2	MEAN
VAL  set, REC:	1.000	0.987	1.000	0.996	
VAL  set, F1 :	0.996	0.993	1.000	0.996	
VAL  set, AUC:	1.000	1.000	1.000	1.000	
VAL  set, ACC:	0.996	0.996	1.000	0.997	
VAL  set, SPE:	0.992	1.000	1.000	0.997	
[21-02-15 04:41:23-INFO] TEST_RECALL: 0.580, TIME: 38.7s
[21-02-15 04:41:23-DEBUG] 
TEST set, TITLE	CLS0	CLS1	CLS2	MEAN
TEST set, REC:	0.832	0.435	0.472	0.580	
TEST set, F1 :	0.781	0.429	0.581	0.597	
TEST set, AUC:	0.831	0.704	0.901	0.812	
TEST set, ACC:	0.753	0.691	0.861	0.768	
TEST set, SPE:	0.664	0.784	0.961	0.803	
[21-02-15 04:41:24-INFO] BEST_RECALL: 0.639, EPOCH:  27
[21-02-15 04:49:17-INFO] EPOCH: 42
[21-02-15 04:49:17-INFO] TRAIN_LOSS : 0.045, TIME: 472.2s
[21-02-15 04:49:55-INFO] VAL _RECALL: 0.993, TIME: 38.9s
[21-02-15 04:49:55-DEBUG] 
VAL  set, TITLE	CLS0	CLS1	CLS2	MEAN
VAL  set, REC:	0.992	0.987	1.000	0.993	
VAL  set, F1 :	0.996	0.987	0.991	0.991	
VAL  set, AUC:	1.000	1.000	1.000	1.000	
VAL  set, ACC:	0.996	0.992	0.996	0.995	
VAL  set, SPE:	1.000	0.995	0.995	0.997	
[21-02-15 04:50:34-INFO] TEST_RECALL: 0.636, TIME: 38.7s
[21-02-15 04:50:34-DEBUG] 
TEST set, TITLE	CLS0	CLS1	CLS2	MEAN
TEST set, REC:	0.672	0.464	0.774	0.636	
TEST set, F1 :	0.742	0.451	0.641	0.611	
TEST set, AUC:	0.835	0.691	0.883	0.803	
TEST set, ACC:	0.753	0.699	0.822	0.758	
TEST set, SPE:	0.844	0.784	0.835	0.821	
[21-02-15 04:50:36-INFO] BEST_RECALL: 0.639, EPOCH:  27
[21-02-15 04:58:28-INFO] EPOCH: 43
[21-02-15 04:58:28-INFO] TRAIN_LOSS : 0.026, TIME: 472.3s
[21-02-15 04:59:07-INFO] VAL _RECALL: 0.997, TIME: 38.8s
[21-02-15 04:59:07-DEBUG] 
VAL  set, TITLE	CLS0	CLS1	CLS2	MEAN
VAL  set, REC:	0.992	1.000	1.000	0.997	
VAL  set, F1 :	0.996	0.993	1.000	0.996	
VAL  set, AUC:	1.000	1.000	1.000	1.000	
VAL  set, ACC:	0.996	0.996	1.000	0.997	
VAL  set, SPE:	1.000	0.995	1.000	0.998	
[21-02-15 04:59:45-INFO] TEST_RECALL: 0.606, TIME: 38.8s
[21-02-15 04:59:45-DEBUG] 
TEST set, TITLE	CLS0	CLS1	CLS2	MEAN
TEST set, REC:	0.752	0.406	0.660	0.606	
TEST set, F1 :	0.774	0.412	0.603	0.597	
TEST set, AUC:	0.830	0.692	0.872	0.798	
TEST set, ACC:	0.768	0.691	0.822	0.761	
TEST set, SPE:	0.787	0.795	0.864	0.815	
[21-02-15 04:59:47-INFO] BEST_RECALL: 0.639, EPOCH:  27
[21-02-15 05:07:39-INFO] EPOCH: 44
[21-02-15 05:07:39-INFO] TRAIN_LOSS : 0.017, TIME: 472.2s
[21-02-15 05:08:18-INFO] VAL _RECALL: 1.000, TIME: 38.7s
[21-02-15 05:08:18-DEBUG] 
VAL  set, TITLE	CLS0	CLS1	CLS2	MEAN
VAL  set, REC:	1.000	1.000	1.000	1.000	
VAL  set, F1 :	1.000	1.000	1.000	1.000	
VAL  set, AUC:	1.000	1.000	1.000	1.000	
VAL  set, ACC:	1.000	1.000	1.000	1.000	
VAL  set, SPE:	1.000	1.000	1.000	1.000	
[21-02-15 05:08:57-INFO] TEST_RECALL: 0.629, TIME: 38.8s
[21-02-15 05:08:57-DEBUG] 
TEST set, TITLE	CLS0	CLS1	CLS2	MEAN
TEST set, REC:	0.774	0.435	0.679	0.629	
TEST set, F1 :	0.782	0.444	0.643	0.623	
TEST set, AUC:	0.841	0.692	0.898	0.810	
TEST set, ACC:	0.772	0.710	0.846	0.776	
TEST set, SPE:	0.770	0.811	0.888	0.823	
[21-02-15 05:08:58-INFO] BEST_RECALL: 0.639, EPOCH:  27
[21-02-15 05:16:50-INFO] EPOCH: 45
[21-02-15 05:16:50-INFO] TRAIN_LOSS : 0.004, TIME: 471.7s
[21-02-15 05:17:29-INFO] VAL _RECALL: 1.000, TIME: 38.8s
[21-02-15 05:17:29-DEBUG] 
VAL  set, TITLE	CLS0	CLS1	CLS2	MEAN
VAL  set, REC:	1.000	1.000	1.000	1.000	
VAL  set, F1 :	1.000	1.000	1.000	1.000	
VAL  set, AUC:	1.000	1.000	1.000	1.000	
VAL  set, ACC:	1.000	1.000	1.000	1.000	
VAL  set, SPE:	1.000	1.000	1.000	1.000	
[21-02-15 05:18:07-INFO] TEST_RECALL: 0.617, TIME: 38.8s
[21-02-15 05:18:07-DEBUG] 
TEST set, TITLE	CLS0	CLS1	CLS2	MEAN
TEST set, REC:	0.752	0.420	0.679	0.617	
TEST set, F1 :	0.755	0.433	0.649	0.612	
TEST set, AUC:	0.828	0.679	0.900	0.802	
TEST set, ACC:	0.741	0.707	0.849	0.766	
TEST set, SPE:	0.730	0.811	0.893	0.811	
[21-02-15 05:18:09-INFO] BEST_RECALL: 0.639, EPOCH:  27
[21-02-15 05:26:01-INFO] EPOCH: 46
[21-02-15 05:26:01-INFO] TRAIN_LOSS : 0.029, TIME: 472.0s
[21-02-15 05:26:40-INFO] VAL _RECALL: 0.946, TIME: 38.9s
[21-02-15 05:26:40-DEBUG] 
VAL  set, TITLE	CLS0	CLS1	CLS2	MEAN
VAL  set, REC:	0.930	0.907	1.000	0.946	
VAL  set, F1 :	0.964	0.944	0.882	0.930	
VAL  set, AUC:	0.999	0.997	0.996	0.997	
VAL  set, ACC:	0.965	0.969	0.942	0.959	
VAL  set, SPE:	1.000	0.995	0.926	0.974	
[21-02-15 05:27:18-INFO] TEST_RECALL: 0.585, TIME: 38.8s
[21-02-15 05:27:18-DEBUG] 
TEST set, TITLE	CLS0	CLS1	CLS2	MEAN
TEST set, REC:	0.577	0.348	0.830	0.585	
TEST set, F1 :	0.678	0.364	0.575	0.539	
TEST set, AUC:	0.810	0.635	0.877	0.774	
TEST set, ACC:	0.710	0.676	0.749	0.712	
TEST set, SPE:	0.861	0.795	0.728	0.795	
[21-02-15 05:27:20-INFO] BEST_RECALL: 0.639, EPOCH:  27
[21-02-15 05:35:12-INFO] EPOCH: 47
[21-02-15 05:35:12-INFO] TRAIN_LOSS : 0.033, TIME: 471.9s
[21-02-15 05:35:51-INFO] VAL _RECALL: 0.984, TIME: 38.9s
[21-02-15 05:35:51-DEBUG] 
VAL  set, TITLE	CLS0	CLS1	CLS2	MEAN
VAL  set, REC:	1.000	0.987	0.964	0.984	
VAL  set, F1 :	0.992	0.993	0.973	0.986	
VAL  set, AUC:	1.000	1.000	1.000	1.000	
VAL  set, ACC:	0.992	0.996	0.988	0.992	
VAL  set, SPE:	0.985	1.000	0.995	0.993	
[21-02-15 05:36:29-INFO] TEST_RECALL: 0.636, TIME: 38.8s
[21-02-15 05:36:29-DEBUG] 
TEST set, TITLE	CLS0	CLS1	CLS2	MEAN
TEST set, REC:	0.803	0.406	0.698	0.636	
TEST set, F1 :	0.791	0.452	0.638	0.627	
TEST set, AUC:	0.830	0.738	0.893	0.820	
TEST set, ACC:	0.776	0.737	0.838	0.784	
TEST set, SPE:	0.746	0.858	0.874	0.826	
[21-02-15 05:36:31-INFO] BEST_RECALL: 0.639, EPOCH:  27
[21-02-15 05:44:23-INFO] EPOCH: 48
[21-02-15 05:44:23-INFO] TRAIN_LOSS : 0.116, TIME: 472.3s
[21-02-15 05:45:02-INFO] VAL _RECALL: 0.990, TIME: 38.9s
[21-02-15 05:45:02-DEBUG] 
VAL  set, TITLE	CLS0	CLS1	CLS2	MEAN
VAL  set, REC:	0.969	1.000	1.000	0.990	
VAL  set, F1 :	0.984	0.974	1.000	0.986	
VAL  set, AUC:	1.000	1.000	1.000	1.000	
VAL  set, ACC:	0.985	0.985	1.000	0.990	
VAL  set, SPE:	1.000	0.978	1.000	0.993	
[21-02-15 05:45:41-INFO] TEST_RECALL: 0.612, TIME: 38.8s
[21-02-15 05:45:41-DEBUG] 
TEST set, TITLE	CLS0	CLS1	CLS2	MEAN
TEST set, REC:	0.686	0.565	0.585	0.612	
TEST set, F1 :	0.737	0.464	0.653	0.618	
TEST set, AUC:	0.836	0.733	0.885	0.818	
TEST set, ACC:	0.741	0.653	0.873	0.755	
TEST set, SPE:	0.803	0.684	0.947	0.811	
[21-02-15 05:45:42-INFO] BEST_RECALL: 0.639, EPOCH:  27
[21-02-15 05:53:34-INFO] EPOCH: 49
[21-02-15 05:53:34-INFO] TRAIN_LOSS : 0.052, TIME: 472.1s
[21-02-15 05:54:13-INFO] VAL _RECALL: 0.994, TIME: 38.6s
[21-02-15 05:54:13-DEBUG] 
VAL  set, TITLE	CLS0	CLS1	CLS2	MEAN
VAL  set, REC:	1.000	1.000	0.982	0.994	
VAL  set, F1 :	0.996	1.000	0.991	0.996	
VAL  set, AUC:	1.000	1.000	0.999	1.000	
VAL  set, ACC:	0.996	1.000	0.996	0.997	
VAL  set, SPE:	0.992	1.000	1.000	0.997	
[21-02-15 05:54:52-INFO] TEST_RECALL: 0.563, TIME: 38.8s
[21-02-15 05:54:52-DEBUG] 
TEST set, TITLE	CLS0	CLS1	CLS2	MEAN
TEST set, REC:	0.766	0.319	0.604	0.563	
TEST set, F1 :	0.747	0.346	0.582	0.559	
TEST set, AUC:	0.794	0.685	0.859	0.779	
TEST set, ACC:	0.726	0.680	0.822	0.743	
TEST set, SPE:	0.680	0.811	0.879	0.790	
[21-02-15 05:54:53-INFO] BEST_RECALL: 0.639, EPOCH:  27
[21-02-15 06:02:45-INFO] EPOCH: 50
[21-02-15 06:02:45-INFO] TRAIN_LOSS : 0.031, TIME: 472.1s
[21-02-15 06:03:24-INFO] VAL _RECALL: 0.984, TIME: 38.9s
[21-02-15 06:03:24-DEBUG] 
VAL  set, TITLE	CLS0	CLS1	CLS2	MEAN
VAL  set, REC:	0.969	1.000	0.982	0.984	
VAL  set, F1 :	0.984	0.968	0.991	0.981	
VAL  set, AUC:	1.000	1.000	1.000	1.000	
VAL  set, ACC:	0.985	0.981	0.996	0.987	
VAL  set, SPE:	1.000	0.973	1.000	0.991	
[21-02-15 06:04:03-INFO] TEST_RECALL: 0.617, TIME: 38.8s
[21-02-15 06:04:03-DEBUG] 
TEST set, TITLE	CLS0	CLS1	CLS2	MEAN
TEST set, REC:	0.701	0.623	0.528	0.617	
TEST set, F1 :	0.756	0.503	0.602	0.620	
TEST set, AUC:	0.844	0.738	0.888	0.823	
TEST set, ACC:	0.761	0.672	0.857	0.763	
TEST set, SPE:	0.828	0.689	0.942	0.820	
[21-02-15 06:04:04-INFO] BEST_RECALL: 0.639, EPOCH:  27
[21-02-15 06:11:56-INFO] EPOCH: 51
[21-02-15 06:11:56-INFO] TRAIN_LOSS : 0.062, TIME: 472.0s
[21-02-15 06:12:35-INFO] VAL _RECALL: 1.000, TIME: 38.9s
[21-02-15 06:12:35-DEBUG] 
VAL  set, TITLE	CLS0	CLS1	CLS2	MEAN
VAL  set, REC:	1.000	1.000	1.000	1.000	
VAL  set, F1 :	1.000	1.000	1.000	1.000	
VAL  set, AUC:	1.000	1.000	1.000	1.000	
VAL  set, ACC:	1.000	1.000	1.000	1.000	
VAL  set, SPE:	1.000	1.000	1.000	1.000	
[21-02-15 06:13:14-INFO] TEST_RECALL: 0.639, TIME: 38.9s
[21-02-15 06:13:14-DEBUG] 
TEST set, TITLE	CLS0	CLS1	CLS2	MEAN
TEST set, REC:	0.708	0.435	0.774	0.639	
TEST set, F1 :	0.758	0.448	0.641	0.615	
TEST set, AUC:	0.834	0.706	0.871	0.804	
TEST set, ACC:	0.761	0.714	0.822	0.766	
TEST set, SPE:	0.820	0.816	0.835	0.823	
[21-02-15 06:13:15-INFO] BEST_RECALL: 0.639, EPOCH:  27
[21-02-15 06:21:07-INFO] EPOCH: 52
[21-02-15 06:21:07-INFO] TRAIN_LOSS : 0.031, TIME: 471.9s
[21-02-15 06:21:46-INFO] VAL _RECALL: 1.000, TIME: 38.8s
[21-02-15 06:21:46-DEBUG] 
VAL  set, TITLE	CLS0	CLS1	CLS2	MEAN
VAL  set, REC:	1.000	1.000	1.000	1.000	
VAL  set, F1 :	1.000	1.000	1.000	1.000	
VAL  set, AUC:	1.000	1.000	1.000	1.000	
VAL  set, ACC:	1.000	1.000	1.000	1.000	
VAL  set, SPE:	1.000	1.000	1.000	1.000	
[21-02-15 06:22:25-INFO] TEST_RECALL: 0.630, TIME: 38.8s
[21-02-15 06:22:25-DEBUG] 
TEST set, TITLE	CLS0	CLS1	CLS2	MEAN
TEST set, REC:	0.701	0.565	0.623	0.630	
TEST set, F1 :	0.741	0.491	0.660	0.631	
TEST set, AUC:	0.832	0.720	0.884	0.812	
TEST set, ACC:	0.741	0.687	0.869	0.766	
TEST set, SPE:	0.787	0.732	0.932	0.817	
[21-02-15 06:22:26-INFO] BEST_RECALL: 0.639, EPOCH:  27
[21-02-15 06:30:18-INFO] EPOCH: 53
[21-02-15 06:30:18-INFO] TRAIN_LOSS : 0.013, TIME: 471.8s
[21-02-15 06:30:57-INFO] VAL _RECALL: 1.000, TIME: 38.8s
[21-02-15 06:30:57-DEBUG] 
VAL  set, TITLE	CLS0	CLS1	CLS2	MEAN
VAL  set, REC:	1.000	1.000	1.000	1.000	
VAL  set, F1 :	1.000	1.000	1.000	1.000	
VAL  set, AUC:	1.000	1.000	1.000	1.000	
VAL  set, ACC:	1.000	1.000	1.000	1.000	
VAL  set, SPE:	1.000	1.000	1.000	1.000	
[21-02-15 06:31:36-INFO] TEST_RECALL: 0.586, TIME: 38.9s
[21-02-15 06:31:36-DEBUG] 
TEST set, TITLE	CLS0	CLS1	CLS2	MEAN
TEST set, REC:	0.839	0.333	0.585	0.586	
TEST set, F1 :	0.772	0.387	0.614	0.591	
TEST set, AUC:	0.829	0.704	0.889	0.808	
TEST set, ACC:	0.737	0.718	0.849	0.768	
TEST set, SPE:	0.623	0.858	0.917	0.799	
[21-02-15 06:31:37-INFO] BEST_RECALL: 0.639, EPOCH:  27
[21-02-15 06:39:29-INFO] EPOCH: 54
[21-02-15 06:39:29-INFO] TRAIN_LOSS : 0.007, TIME: 471.7s
[21-02-15 06:40:08-INFO] VAL _RECALL: 1.000, TIME: 38.8s
[21-02-15 06:40:08-DEBUG] 
VAL  set, TITLE	CLS0	CLS1	CLS2	MEAN
VAL  set, REC:	1.000	1.000	1.000	1.000	
VAL  set, F1 :	1.000	1.000	1.000	1.000	
VAL  set, AUC:	1.000	1.000	1.000	1.000	
VAL  set, ACC:	1.000	1.000	1.000	1.000	
VAL  set, SPE:	1.000	1.000	1.000	1.000	
[21-02-15 06:40:47-INFO] TEST_RECALL: 0.611, TIME: 38.8s
[21-02-15 06:40:47-DEBUG] 
TEST set, TITLE	CLS0	CLS1	CLS2	MEAN
TEST set, REC:	0.708	0.275	0.849	0.611	
TEST set, F1 :	0.746	0.345	0.608	0.567	
TEST set, AUC:	0.825	0.682	0.868	0.792	
TEST set, ACC:	0.745	0.722	0.776	0.748	
TEST set, SPE:	0.787	0.884	0.757	0.809	
[21-02-15 06:40:48-INFO] BEST_RECALL: 0.639, EPOCH:  27
[21-02-15 06:48:40-INFO] EPOCH: 55
[21-02-15 06:48:40-INFO] TRAIN_LOSS : 0.006, TIME: 471.8s
[21-02-15 06:49:18-INFO] VAL _RECALL: 1.000, TIME: 38.7s
[21-02-15 06:49:18-DEBUG] 
VAL  set, TITLE	CLS0	CLS1	CLS2	MEAN
VAL  set, REC:	1.000	1.000	1.000	1.000	
VAL  set, F1 :	1.000	1.000	1.000	1.000	
VAL  set, AUC:	1.000	1.000	1.000	1.000	
VAL  set, ACC:	1.000	1.000	1.000	1.000	
VAL  set, SPE:	1.000	1.000	1.000	1.000	
[21-02-15 06:49:57-INFO] TEST_RECALL: 0.603, TIME: 38.7s
[21-02-15 06:49:57-DEBUG] 
TEST set, TITLE	CLS0	CLS1	CLS2	MEAN
TEST set, REC:	0.737	0.391	0.679	0.603	
TEST set, F1 :	0.745	0.419	0.610	0.591	
TEST set, AUC:	0.821	0.699	0.873	0.798	
TEST set, ACC:	0.734	0.710	0.822	0.755	
TEST set, SPE:	0.730	0.826	0.859	0.805	
[21-02-15 06:49:59-INFO] BEST_RECALL: 0.639, EPOCH:  27
[21-02-15 06:57:50-INFO] EPOCH: 56
[21-02-15 06:57:50-INFO] TRAIN_LOSS : 0.008, TIME: 471.7s
[21-02-15 06:58:29-INFO] VAL _RECALL: 1.000, TIME: 38.9s
[21-02-15 06:58:29-DEBUG] 
VAL  set, TITLE	CLS0	CLS1	CLS2	MEAN
VAL  set, REC:	1.000	1.000	1.000	1.000	
VAL  set, F1 :	1.000	1.000	1.000	1.000	
VAL  set, AUC:	1.000	1.000	1.000	1.000	
VAL  set, ACC:	1.000	1.000	1.000	1.000	
VAL  set, SPE:	1.000	1.000	1.000	1.000	
[21-02-15 06:59:08-INFO] TEST_RECALL: 0.621, TIME: 38.8s
[21-02-15 06:59:08-DEBUG] 
TEST set, TITLE	CLS0	CLS1	CLS2	MEAN
TEST set, REC:	0.825	0.377	0.660	0.621	
TEST set, F1 :	0.774	0.437	0.654	0.622	
TEST set, AUC:	0.847	0.726	0.900	0.824	
TEST set, ACC:	0.745	0.741	0.857	0.781	
TEST set, SPE:	0.656	0.874	0.908	0.812	
[21-02-15 06:59:09-INFO] BEST_RECALL: 0.639, EPOCH:  27
[21-02-15 07:07:01-INFO] EPOCH: 57
[21-02-15 07:07:01-INFO] TRAIN_LOSS : 0.002, TIME: 471.5s
[21-02-15 07:07:40-INFO] VAL _RECALL: 1.000, TIME: 38.7s
[21-02-15 07:07:40-DEBUG] 
VAL  set, TITLE	CLS0	CLS1	CLS2	MEAN
VAL  set, REC:	1.000	1.000	1.000	1.000	
VAL  set, F1 :	1.000	1.000	1.000	1.000	
VAL  set, AUC:	1.000	1.000	1.000	1.000	
VAL  set, ACC:	1.000	1.000	1.000	1.000	
VAL  set, SPE:	1.000	1.000	1.000	1.000	
[21-02-15 07:08:18-INFO] TEST_RECALL: 0.628, TIME: 38.9s
[21-02-15 07:08:18-DEBUG] 
TEST set, TITLE	CLS0	CLS1	CLS2	MEAN
TEST set, REC:	0.788	0.493	0.604	0.628	
TEST set, F1 :	0.780	0.493	0.621	0.631	
TEST set, AUC:	0.843	0.726	0.895	0.821	
TEST set, ACC:	0.764	0.730	0.849	0.781	
TEST set, SPE:	0.738	0.816	0.913	0.822	
[21-02-15 07:08:20-INFO] BEST_RECALL: 0.639, EPOCH:  27
[21-02-15 07:16:11-INFO] EPOCH: 58
[21-02-15 07:16:11-INFO] TRAIN_LOSS : 0.009, TIME: 471.5s
[21-02-15 07:16:50-INFO] VAL _RECALL: 0.983, TIME: 38.9s
[21-02-15 07:16:50-DEBUG] 
VAL  set, TITLE	CLS0	CLS1	CLS2	MEAN
VAL  set, REC:	0.984	1.000	0.964	0.983	
VAL  set, F1 :	0.992	0.974	0.982	0.983	
VAL  set, AUC:	1.000	1.000	1.000	1.000	
VAL  set, ACC:	0.992	0.985	0.992	0.990	
VAL  set, SPE:	1.000	0.978	1.000	0.993	
[21-02-15 07:17:29-INFO] TEST_RECALL: 0.623, TIME: 38.8s
[21-02-15 07:17:29-DEBUG] 
TEST set, TITLE	CLS0	CLS1	CLS2	MEAN
TEST set, REC:	0.642	0.623	0.604	0.623	
TEST set, F1 :	0.730	0.494	0.621	0.615	
TEST set, AUC:	0.841	0.723	0.886	0.817	
TEST set, ACC:	0.749	0.660	0.849	0.753	
TEST set, SPE:	0.869	0.674	0.913	0.818	
[21-02-15 07:17:30-INFO] BEST_RECALL: 0.639, EPOCH:  27
[21-02-15 07:25:22-INFO] EPOCH: 59
[21-02-15 07:25:22-INFO] TRAIN_LOSS : 0.018, TIME: 471.5s
[21-02-15 07:26:01-INFO] VAL _RECALL: 1.000, TIME: 38.9s
[21-02-15 07:26:01-DEBUG] 
VAL  set, TITLE	CLS0	CLS1	CLS2	MEAN
VAL  set, REC:	1.000	1.000	1.000	1.000	
VAL  set, F1 :	1.000	1.000	1.000	1.000	
VAL  set, AUC:	1.000	1.000	1.000	1.000	
VAL  set, ACC:	1.000	1.000	1.000	1.000	
VAL  set, SPE:	1.000	1.000	1.000	1.000	
[21-02-15 07:26:39-INFO] TEST_RECALL: 0.637, TIME: 38.7s
[21-02-15 07:26:39-DEBUG] 
TEST set, TITLE	CLS0	CLS1	CLS2	MEAN
TEST set, REC:	0.715	0.536	0.660	0.637	
TEST set, F1 :	0.754	0.493	0.648	0.632	
TEST set, AUC:	0.827	0.719	0.901	0.816	
TEST set, ACC:	0.753	0.707	0.853	0.771	
TEST set, SPE:	0.795	0.768	0.903	0.822	
[21-02-15 07:26:41-INFO] BEST_RECALL: 0.639, EPOCH:  27
[21-02-15 07:34:32-INFO] EPOCH: 60
[21-02-15 07:34:32-INFO] TRAIN_LOSS : 0.017, TIME: 471.6s
[21-02-15 07:35:11-INFO] VAL _RECALL: 0.988, TIME: 38.9s
[21-02-15 07:35:11-DEBUG] 
VAL  set, TITLE	CLS0	CLS1	CLS2	MEAN
VAL  set, REC:	1.000	1.000	0.964	0.988	
VAL  set, F1 :	1.000	0.987	0.982	0.990	
VAL  set, AUC:	1.000	1.000	1.000	1.000	
VAL  set, ACC:	1.000	0.992	0.992	0.995	
VAL  set, SPE:	1.000	0.989	1.000	0.996	
[21-02-15 07:35:50-INFO] TEST_RECALL: 0.572, TIME: 38.8s
[21-02-15 07:35:50-DEBUG] 
TEST set, TITLE	CLS0	CLS1	CLS2	MEAN
TEST set, REC:	0.730	0.420	0.566	0.572	
TEST set, F1 :	0.749	0.400	0.566	0.572	
TEST set, AUC:	0.798	0.660	0.884	0.781	
TEST set, ACC:	0.741	0.664	0.822	0.743	
TEST set, SPE:	0.754	0.753	0.888	0.798	
[21-02-15 07:35:51-INFO] BEST_RECALL: 0.639, EPOCH:  27
[21-02-15 07:43:43-INFO] EPOCH: 61
[21-02-15 07:43:43-INFO] TRAIN_LOSS : 0.060, TIME: 472.0s
[21-02-15 07:44:22-INFO] VAL _RECALL: 0.988, TIME: 38.9s
[21-02-15 07:44:22-DEBUG] 
VAL  set, TITLE	CLS0	CLS1	CLS2	MEAN
VAL  set, REC:	1.000	1.000	0.964	0.988	
VAL  set, F1 :	1.000	0.987	0.982	0.990	
VAL  set, AUC:	1.000	1.000	1.000	1.000	
VAL  set, ACC:	1.000	0.992	0.992	0.995	
VAL  set, SPE:	1.000	0.989	1.000	0.996	
[21-02-15 07:45:01-INFO] TEST_RECALL: 0.636, TIME: 38.8s
[21-02-15 07:45:01-DEBUG] 
TEST set, TITLE	CLS0	CLS1	CLS2	MEAN
TEST set, REC:	0.781	0.580	0.547	0.636	
TEST set, F1 :	0.787	0.523	0.624	0.644	
TEST set, AUC:	0.844	0.737	0.881	0.821	
TEST set, ACC:	0.776	0.718	0.865	0.786	
TEST set, SPE:	0.770	0.768	0.947	0.829	
[21-02-15 07:45:03-INFO] BEST_RECALL: 0.639, EPOCH:  27
[21-02-15 07:52:54-INFO] EPOCH: 62
[21-02-15 07:52:54-INFO] TRAIN_LOSS : 0.023, TIME: 471.8s
[21-02-15 07:53:33-INFO] VAL _RECALL: 1.000, TIME: 38.7s
[21-02-15 07:53:33-DEBUG] 
VAL  set, TITLE	CLS0	CLS1	CLS2	MEAN
VAL  set, REC:	1.000	1.000	1.000	1.000	
VAL  set, F1 :	1.000	1.000	1.000	1.000	
VAL  set, AUC:	1.000	1.000	1.000	1.000	
VAL  set, ACC:	1.000	1.000	1.000	1.000	
VAL  set, SPE:	1.000	1.000	1.000	1.000	
[21-02-15 07:54:12-INFO] TEST_RECALL: 0.609, TIME: 38.7s
[21-02-15 07:54:12-DEBUG] 
TEST set, TITLE	CLS0	CLS1	CLS2	MEAN
TEST set, REC:	0.774	0.319	0.736	0.609	
TEST set, F1 :	0.746	0.370	0.678	0.598	
TEST set, AUC:	0.815	0.674	0.899	0.796	
TEST set, ACC:	0.722	0.710	0.857	0.763	
TEST set, SPE:	0.664	0.853	0.888	0.802	
[21-02-15 07:54:13-INFO] BEST_RECALL: 0.639, EPOCH:  27
[21-02-15 08:02:05-INFO] EPOCH: 63
[21-02-15 08:02:05-INFO] TRAIN_LOSS : 0.020, TIME: 471.8s
[21-02-15 08:02:44-INFO] VAL _RECALL: 1.000, TIME: 38.9s
[21-02-15 08:02:44-DEBUG] 
VAL  set, TITLE	CLS0	CLS1	CLS2	MEAN
VAL  set, REC:	1.000	1.000	1.000	1.000	
VAL  set, F1 :	1.000	1.000	1.000	1.000	
VAL  set, AUC:	1.000	1.000	1.000	1.000	
VAL  set, ACC:	1.000	1.000	1.000	1.000	
VAL  set, SPE:	1.000	1.000	1.000	1.000	
[21-02-15 08:03:23-INFO] TEST_RECALL: 0.609, TIME: 38.8s
[21-02-15 08:03:23-DEBUG] 
TEST set, TITLE	CLS0	CLS1	CLS2	MEAN
TEST set, REC:	0.810	0.319	0.698	0.609	
TEST set, F1 :	0.768	0.376	0.661	0.602	
TEST set, AUC:	0.831	0.703	0.910	0.815	
TEST set, ACC:	0.741	0.718	0.853	0.771	
TEST set, SPE:	0.664	0.863	0.893	0.807	
[21-02-15 08:03:24-INFO] BEST_RECALL: 0.639, EPOCH:  27
[21-02-15 08:11:15-INFO] EPOCH: 64
[21-02-15 08:11:15-INFO] TRAIN_LOSS : 0.010, TIME: 471.4s
[21-02-15 08:11:54-INFO] VAL _RECALL: 0.996, TIME: 38.8s
[21-02-15 08:11:54-DEBUG] 
VAL  set, TITLE	CLS0	CLS1	CLS2	MEAN
VAL  set, REC:	1.000	0.987	1.000	0.996	
VAL  set, F1 :	0.996	0.993	1.000	0.996	
VAL  set, AUC:	1.000	0.999	1.000	1.000	
VAL  set, ACC:	0.996	0.996	1.000	0.997	
VAL  set, SPE:	0.992	1.000	1.000	0.997	
[21-02-15 08:12:33-INFO] TEST_RECALL: 0.610, TIME: 38.9s
[21-02-15 08:12:33-DEBUG] 
TEST set, TITLE	CLS0	CLS1	CLS2	MEAN
TEST set, REC:	0.847	0.304	0.679	0.610	
TEST set, F1 :	0.789	0.365	0.661	0.605	
TEST set, AUC:	0.833	0.699	0.897	0.810	
TEST set, ACC:	0.761	0.718	0.857	0.779	
TEST set, SPE:	0.664	0.868	0.903	0.812	
[21-02-15 08:12:34-INFO] BEST_RECALL: 0.639, EPOCH:  27
[21-02-15 08:20:26-INFO] EPOCH: 65
[21-02-15 08:20:26-INFO] TRAIN_LOSS : 0.014, TIME: 471.4s
[21-02-15 08:21:05-INFO] VAL _RECALL: 0.996, TIME: 38.7s
[21-02-15 08:21:05-DEBUG] 
VAL  set, TITLE	CLS0	CLS1	CLS2	MEAN
VAL  set, REC:	1.000	0.987	1.000	0.996	
VAL  set, F1 :	0.996	0.993	1.000	0.996	
VAL  set, AUC:	1.000	1.000	1.000	1.000	
VAL  set, ACC:	0.996	0.996	1.000	0.997	
VAL  set, SPE:	0.992	1.000	1.000	0.997	
[21-02-15 08:21:43-INFO] TEST_RECALL: 0.615, TIME: 38.8s
[21-02-15 08:21:43-DEBUG] 
TEST set, TITLE	CLS0	CLS1	CLS2	MEAN
TEST set, REC:	0.803	0.362	0.679	0.615	
TEST set, F1 :	0.772	0.417	0.637	0.609	
TEST set, AUC:	0.835	0.731	0.890	0.819	
TEST set, ACC:	0.749	0.730	0.842	0.773	
TEST set, SPE:	0.689	0.863	0.883	0.812	
[21-02-15 08:21:45-INFO] BEST_RECALL: 0.639, EPOCH:  27
[21-02-15 08:29:37-INFO] EPOCH: 66
[21-02-15 08:29:37-INFO] TRAIN_LOSS : 0.022, TIME: 471.9s
[21-02-15 08:30:15-INFO] VAL _RECALL: 0.995, TIME: 38.7s
[21-02-15 08:30:15-DEBUG] 
VAL  set, TITLE	CLS0	CLS1	CLS2	MEAN
VAL  set, REC:	0.984	1.000	1.000	0.995	
VAL  set, F1 :	0.992	0.987	1.000	0.993	
VAL  set, AUC:	1.000	1.000	1.000	1.000	
VAL  set, ACC:	0.992	0.992	1.000	0.995	
VAL  set, SPE:	1.000	0.989	1.000	0.996	
[21-02-15 08:30:54-INFO] TEST_RECALL: 0.639, TIME: 38.8s
[21-02-15 08:30:54-DEBUG] 
TEST set, TITLE	CLS0	CLS1	CLS2	MEAN
TEST set, REC:	0.635	0.565	0.717	0.639	
TEST set, F1 :	0.710	0.479	0.691	0.627	
TEST set, AUC:	0.824	0.725	0.898	0.816	
TEST set, ACC:	0.726	0.672	0.869	0.755	
TEST set, SPE:	0.828	0.711	0.908	0.815	
[21-02-15 08:30:57-INFO] BEST_RECALL: 0.639, EPOCH:  66
[21-02-15 08:38:48-INFO] EPOCH: 67
[21-02-15 08:38:48-INFO] TRAIN_LOSS : 0.012, TIME: 471.5s
[21-02-15 08:39:27-INFO] VAL _RECALL: 1.000, TIME: 38.8s
[21-02-15 08:39:27-DEBUG] 
VAL  set, TITLE	CLS0	CLS1	CLS2	MEAN
VAL  set, REC:	1.000	1.000	1.000	1.000	
VAL  set, F1 :	1.000	1.000	1.000	1.000	
VAL  set, AUC:	1.000	1.000	1.000	1.000	
VAL  set, ACC:	1.000	1.000	1.000	1.000	
VAL  set, SPE:	1.000	1.000	1.000	1.000	
[21-02-15 08:40:06-INFO] TEST_RECALL: 0.575, TIME: 38.8s
[21-02-15 08:40:06-DEBUG] 
TEST set, TITLE	CLS0	CLS1	CLS2	MEAN
TEST set, REC:	0.723	0.362	0.642	0.575	
TEST set, F1 :	0.717	0.370	0.636	0.574	
TEST set, AUC:	0.810	0.693	0.888	0.797	
TEST set, ACC:	0.699	0.672	0.849	0.740	
TEST set, SPE:	0.672	0.784	0.903	0.786	
[21-02-15 08:40:07-INFO] BEST_RECALL: 0.639, EPOCH:  66
[21-02-15 08:47:59-INFO] EPOCH: 68
[21-02-15 08:47:59-INFO] TRAIN_LOSS : 0.004, TIME: 471.4s
[21-02-15 08:48:38-INFO] VAL _RECALL: 1.000, TIME: 38.8s
[21-02-15 08:48:38-DEBUG] 
VAL  set, TITLE	CLS0	CLS1	CLS2	MEAN
VAL  set, REC:	1.000	1.000	1.000	1.000	
VAL  set, F1 :	1.000	1.000	1.000	1.000	
VAL  set, AUC:	1.000	1.000	1.000	1.000	
VAL  set, ACC:	1.000	1.000	1.000	1.000	
VAL  set, SPE:	1.000	1.000	1.000	1.000	
[21-02-15 08:49:16-INFO] TEST_RECALL: 0.603, TIME: 38.7s
[21-02-15 08:49:16-DEBUG] 
TEST set, TITLE	CLS0	CLS1	CLS2	MEAN
TEST set, REC:	0.898	0.232	0.679	0.603	
TEST set, F1 :	0.786	0.330	0.667	0.594	
TEST set, AUC:	0.802	0.713	0.898	0.804	
TEST set, ACC:	0.741	0.749	0.861	0.784	
TEST set, SPE:	0.566	0.937	0.908	0.803	
[21-02-15 08:49:18-INFO] BEST_RECALL: 0.639, EPOCH:  66
[21-02-15 08:57:09-INFO] EPOCH: 69
[21-02-15 08:57:09-INFO] TRAIN_LOSS : 0.001, TIME: 471.3s
[21-02-15 08:57:48-INFO] VAL _RECALL: 1.000, TIME: 38.8s
[21-02-15 08:57:48-DEBUG] 
VAL  set, TITLE	CLS0	CLS1	CLS2	MEAN
VAL  set, REC:	1.000	1.000	1.000	1.000	
VAL  set, F1 :	1.000	1.000	1.000	1.000	
VAL  set, AUC:	1.000	1.000	1.000	1.000	
VAL  set, ACC:	1.000	1.000	1.000	1.000	
VAL  set, SPE:	1.000	1.000	1.000	1.000	
[21-02-15 08:58:27-INFO] TEST_RECALL: 0.606, TIME: 38.8s
[21-02-15 08:58:27-DEBUG] 
TEST set, TITLE	CLS0	CLS1	CLS2	MEAN
TEST set, REC:	0.796	0.362	0.660	0.606	
TEST set, F1 :	0.762	0.397	0.660	0.606	
TEST set, AUC:	0.829	0.715	0.901	0.815	
TEST set, ACC:	0.737	0.707	0.861	0.768	
TEST set, SPE:	0.672	0.832	0.913	0.805	
[21-02-15 08:58:28-INFO] BEST_RECALL: 0.639, EPOCH:  66
