[21-02-14 11:48:38-DEBUG] Checkpoints is in:
./results/checkpoints/20210214/3D_ResNet50-2-114838/
[21-02-14 11:48:38-DEBUG] Tensorboard is in:
./results/tensorboards/20210214/3D_ResNet50-2-114838/
[21-02-14 11:48:38-DEBUG] Data is in:
./data/Net_Input/3D_64_z1.0_l0.70_h0.10_20210125/
[21-02-14 11:48:38-DEBUG] LR: 0.0001, LD: 0.98
[21-02-14 11:48:38-DEBUG] WD: 1e-05, WU: 20
[21-02-14 11:48:38-DEBUG] BS: 4, FOLD: 2


[21-02-14 11:56:35-INFO] EPOCH: 1
[21-02-14 11:56:35-INFO] TRAIN_LOSS : 1.043, TIME: 474.2s
[21-02-14 11:57:14-INFO] VAL _RECALL: 0.333, TIME: 38.9s
[21-02-14 11:57:14-DEBUG] 
VAL  set, TITLE	CLS0	CLS1	CLS2	MEAN
VAL  set, REC:	1.000	0.000	0.000	0.333	
VAL  set, F1 :	0.667	0.000	0.000	0.222	
VAL  set, AUC:	0.767	0.616	0.749	0.711	
VAL  set, ACC:	0.504	0.704	0.785	0.664	
VAL  set, SPE:	0.015	0.989	1.000	0.668	
[21-02-14 11:57:53-INFO] TEST_RECALL: 0.346, TIME: 38.8s
[21-02-14 11:57:53-DEBUG] 
TEST set, TITLE	CLS0	CLS1	CLS2	MEAN
TEST set, REC:	1.000	0.000	0.038	0.346	
TEST set, F1 :	0.682	0.000	0.074	0.252	
TEST set, AUC:	0.738	0.616	0.739	0.697	
TEST set, ACC:	0.521	0.714	0.807	0.681	
TEST set, SPE:	0.016	1.000	1.000	0.672	
[21-02-14 11:57:54-INFO] BEST_RECALL: 0.346, EPOCH:   1
[21-02-14 12:05:48-INFO] EPOCH: 2
[21-02-14 12:05:48-INFO] TRAIN_LOSS : 0.997, TIME: 474.5s
[21-02-14 12:06:27-INFO] VAL _RECALL: 0.481, TIME: 39.1s
[21-02-14 12:06:27-DEBUG] 
VAL  set, TITLE	CLS0	CLS1	CLS2	MEAN
VAL  set, REC:	0.457	0.360	0.625	0.481	
VAL  set, F1 :	0.539	0.329	0.511	0.460	
VAL  set, AUC:	0.739	0.509	0.766	0.672	
VAL  set, ACC:	0.612	0.577	0.742	0.644	
VAL  set, SPE:	0.763	0.665	0.775	0.734	
[21-02-14 12:07:06-INFO] TEST_RECALL: 0.516, TIME: 39.0s
[21-02-14 12:07:06-DEBUG] 
TEST set, TITLE	CLS0	CLS1	CLS2	MEAN
TEST set, REC:	0.429	0.446	0.673	0.516	
TEST set, F1 :	0.540	0.398	0.496	0.478	
TEST set, AUC:	0.714	0.628	0.774	0.706	
TEST set, ACC:	0.625	0.614	0.726	0.655	
TEST set, SPE:	0.833	0.681	0.739	0.751	
[21-02-14 12:07:08-INFO] BEST_RECALL: 0.516, EPOCH:   2
[21-02-14 12:15:02-INFO] EPOCH: 3
[21-02-14 12:15:02-INFO] TRAIN_LOSS : 0.939, TIME: 473.9s
[21-02-14 12:15:40-INFO] VAL _RECALL: 0.333, TIME: 38.8s
[21-02-14 12:15:40-DEBUG] 
VAL  set, TITLE	CLS0	CLS1	CLS2	MEAN
VAL  set, REC:	1.000	0.000	0.000	0.333	
VAL  set, F1 :	0.668	0.000	0.000	0.223	
VAL  set, AUC:	0.714	0.624	0.766	0.701	
VAL  set, ACC:	0.508	0.700	0.785	0.664	
VAL  set, SPE:	0.023	0.984	1.000	0.669	
[21-02-14 12:16:19-INFO] TEST_RECALL: 0.333, TIME: 38.8s
[21-02-14 12:16:19-DEBUG] 
TEST set, TITLE	CLS0	CLS1	CLS2	MEAN
TEST set, REC:	1.000	0.000	0.000	0.333	
TEST set, F1 :	0.679	0.000	0.000	0.226	
TEST set, AUC:	0.721	0.612	0.755	0.696	
TEST set, ACC:	0.514	0.714	0.799	0.676	
TEST set, SPE:	0.000	1.000	1.000	0.667	
[21-02-14 12:16:19-INFO] BEST_RECALL: 0.516, EPOCH:   2
[21-02-14 12:24:13-INFO] EPOCH: 4
[21-02-14 12:24:13-INFO] TRAIN_LOSS : 0.922, TIME: 473.8s
[21-02-14 12:24:52-INFO] VAL _RECALL: 0.637, TIME: 38.7s
[21-02-14 12:24:52-DEBUG] 
VAL  set, TITLE	CLS0	CLS1	CLS2	MEAN
VAL  set, REC:	0.837	0.413	0.661	0.637	
VAL  set, F1 :	0.788	0.456	0.673	0.639	
VAL  set, AUC:	0.851	0.710	0.919	0.827	
VAL  set, ACC:	0.777	0.715	0.862	0.785	
VAL  set, SPE:	0.718	0.838	0.917	0.824	
[21-02-14 12:25:31-INFO] TEST_RECALL: 0.519, TIME: 38.9s
[21-02-14 12:25:31-DEBUG] 
TEST set, TITLE	CLS0	CLS1	CLS2	MEAN
TEST set, REC:	0.752	0.324	0.481	0.519	
TEST set, F1 :	0.733	0.336	0.490	0.519	
TEST set, AUC:	0.809	0.654	0.848	0.770	
TEST set, ACC:	0.718	0.633	0.799	0.717	
TEST set, SPE:	0.683	0.757	0.879	0.773	
[21-02-14 12:25:32-INFO] BEST_RECALL: 0.519, EPOCH:   4
[21-02-14 12:33:26-INFO] EPOCH: 5
[21-02-14 12:33:26-INFO] TRAIN_LOSS : 0.883, TIME: 474.3s
[21-02-14 12:34:05-INFO] VAL _RECALL: 0.363, TIME: 38.8s
[21-02-14 12:34:05-DEBUG] 
VAL  set, TITLE	CLS0	CLS1	CLS2	MEAN
VAL  set, REC:	0.124	0.000	0.964	0.363	
VAL  set, F1 :	0.211	0.000	0.369	0.193	
VAL  set, AUC:	0.675	0.449	0.630	0.585	
VAL  set, ACC:	0.538	0.712	0.288	0.513	
VAL  set, SPE:	0.947	1.000	0.103	0.683	
[21-02-14 12:34:44-INFO] TEST_RECALL: 0.365, TIME: 38.9s
[21-02-14 12:34:44-DEBUG] 
TEST set, TITLE	CLS0	CLS1	CLS2	MEAN
TEST set, REC:	0.113	0.000	0.981	0.365	
TEST set, F1 :	0.199	0.000	0.348	0.182	
TEST set, AUC:	0.641	0.522	0.638	0.600	
TEST set, ACC:	0.533	0.714	0.263	0.503	
TEST set, SPE:	0.976	1.000	0.082	0.686	
[21-02-14 12:34:44-INFO] BEST_RECALL: 0.519, EPOCH:   4
[21-02-14 12:42:38-INFO] EPOCH: 6
[21-02-14 12:42:38-INFO] TRAIN_LOSS : 0.865, TIME: 474.2s
[21-02-14 12:43:17-INFO] VAL _RECALL: 0.440, TIME: 38.9s
[21-02-14 12:43:17-DEBUG] 
VAL  set, TITLE	CLS0	CLS1	CLS2	MEAN
VAL  set, REC:	1.000	0.000	0.321	0.440	
VAL  set, F1 :	0.697	0.000	0.480	0.392	
VAL  set, AUC:	0.853	0.612	0.923	0.796	
VAL  set, ACC:	0.569	0.712	0.850	0.710	
VAL  set, SPE:	0.145	1.000	0.995	0.713	
[21-02-14 12:43:56-INFO] TEST_RECALL: 0.436, TIME: 38.9s
[21-02-14 12:43:56-DEBUG] 
TEST set, TITLE	CLS0	CLS1	CLS2	MEAN
TEST set, REC:	1.000	0.000	0.308	0.436	
TEST set, F1 :	0.713	0.000	0.451	0.388	
TEST set, AUC:	0.800	0.611	0.869	0.760	
TEST set, ACC:	0.587	0.714	0.849	0.717	
TEST set, SPE:	0.151	1.000	0.986	0.712	
[21-02-14 12:43:57-INFO] BEST_RECALL: 0.519, EPOCH:   4
[21-02-14 12:51:51-INFO] EPOCH: 7
[21-02-14 12:51:51-INFO] TRAIN_LOSS : 0.858, TIME: 474.1s
[21-02-14 12:52:30-INFO] VAL _RECALL: 0.645, TIME: 38.9s
[21-02-14 12:52:30-DEBUG] 
VAL  set, TITLE	CLS0	CLS1	CLS2	MEAN
VAL  set, REC:	0.736	0.467	0.732	0.645	
VAL  set, F1 :	0.788	0.476	0.621	0.629	
VAL  set, AUC:	0.878	0.699	0.891	0.823	
VAL  set, ACC:	0.804	0.704	0.808	0.772	
VAL  set, SPE:	0.870	0.800	0.828	0.833	
[21-02-14 12:53:09-INFO] TEST_RECALL: 0.545, TIME: 38.9s
[21-02-14 12:53:09-DEBUG] 
TEST set, TITLE	CLS0	CLS1	CLS2	MEAN
TEST set, REC:	0.647	0.392	0.596	0.545	
TEST set, F1 :	0.708	0.387	0.496	0.530	
TEST set, AUC:	0.815	0.593	0.836	0.748	
TEST set, ACC:	0.726	0.645	0.757	0.709	
TEST set, SPE:	0.810	0.746	0.797	0.784	
[21-02-14 12:53:11-INFO] BEST_RECALL: 0.545, EPOCH:   7
[21-02-14 13:01:05-INFO] EPOCH: 8
[21-02-14 13:01:05-INFO] TRAIN_LOSS : 0.798, TIME: 474.0s
[21-02-14 13:01:44-INFO] VAL _RECALL: 0.532, TIME: 38.9s
[21-02-14 13:01:44-DEBUG] 
VAL  set, TITLE	CLS0	CLS1	CLS2	MEAN
VAL  set, REC:	0.543	0.053	1.000	0.532	
VAL  set, F1 :	0.683	0.087	0.502	0.424	
VAL  set, AUC:	0.902	0.498	0.912	0.770	
VAL  set, ACC:	0.750	0.677	0.573	0.667	
VAL  set, SPE:	0.954	0.930	0.456	0.780	
[21-02-14 13:02:23-INFO] TEST_RECALL: 0.476, TIME: 38.9s
[21-02-14 13:02:23-DEBUG] 
TEST set, TITLE	CLS0	CLS1	CLS2	MEAN
TEST set, REC:	0.414	0.054	0.962	0.476	
TEST set, F1 :	0.558	0.098	0.418	0.358	
TEST set, AUC:	0.793	0.528	0.825	0.716	
TEST set, ACC:	0.664	0.714	0.463	0.614	
TEST set, SPE:	0.929	0.978	0.338	0.748	
[21-02-14 13:02:24-INFO] BEST_RECALL: 0.545, EPOCH:   7
[21-02-14 13:10:18-INFO] EPOCH: 9
[21-02-14 13:10:18-INFO] TRAIN_LOSS : 0.865, TIME: 474.0s
[21-02-14 13:10:57-INFO] VAL _RECALL: 0.671, TIME: 38.9s
[21-02-14 13:10:57-DEBUG] 
VAL  set, TITLE	CLS0	CLS1	CLS2	MEAN
VAL  set, REC:	0.791	0.347	0.875	0.671	
VAL  set, F1 :	0.810	0.413	0.690	0.637	
VAL  set, AUC:	0.905	0.782	0.930	0.872	
VAL  set, ACC:	0.815	0.715	0.831	0.787	
VAL  set, SPE:	0.840	0.865	0.819	0.841	
[21-02-14 13:11:36-INFO] TEST_RECALL: 0.619, TIME: 38.9s
[21-02-14 13:11:36-DEBUG] 
TEST set, TITLE	CLS0	CLS1	CLS2	MEAN
TEST set, REC:	0.707	0.324	0.827	0.619	
TEST set, F1 :	0.755	0.384	0.597	0.579	
TEST set, AUC:	0.838	0.719	0.884	0.814	
TEST set, ACC:	0.764	0.703	0.776	0.748	
TEST set, SPE:	0.825	0.854	0.763	0.814	
[21-02-14 13:11:39-INFO] BEST_RECALL: 0.619, EPOCH:   9
[21-02-14 13:19:33-INFO] EPOCH: 10
[21-02-14 13:19:33-INFO] TRAIN_LOSS : 0.753, TIME: 473.9s
[21-02-14 13:20:12-INFO] VAL _RECALL: 0.456, TIME: 38.9s
[21-02-14 13:20:12-DEBUG] 
VAL  set, TITLE	CLS0	CLS1	CLS2	MEAN
VAL  set, REC:	0.372	0.013	0.982	0.456	
VAL  set, F1 :	0.516	0.026	0.428	0.323	
VAL  set, AUC:	0.842	0.465	0.825	0.711	
VAL  set, ACC:	0.654	0.712	0.435	0.600	
VAL  set, SPE:	0.931	0.995	0.284	0.737	
[21-02-14 13:20:51-INFO] TEST_RECALL: 0.455, TIME: 38.9s
[21-02-14 13:20:51-DEBUG] 
TEST set, TITLE	CLS0	CLS1	CLS2	MEAN
TEST set, REC:	0.338	0.027	1.000	0.455	
TEST set, F1 :	0.492	0.053	0.402	0.315	
TEST set, AUC:	0.786	0.521	0.834	0.714	
TEST set, ACC:	0.641	0.722	0.402	0.588	
TEST set, SPE:	0.960	1.000	0.251	0.737	
[21-02-14 13:20:52-INFO] BEST_RECALL: 0.619, EPOCH:   9
[21-02-14 13:28:46-INFO] EPOCH: 11
[21-02-14 13:28:46-INFO] TRAIN_LOSS : 0.829, TIME: 473.9s
[21-02-14 13:29:25-INFO] VAL _RECALL: 0.514, TIME: 38.8s
[21-02-14 13:29:25-DEBUG] 
VAL  set, TITLE	CLS0	CLS1	CLS2	MEAN
VAL  set, REC:	0.543	0.000	1.000	0.514	
VAL  set, F1 :	0.693	0.000	0.461	0.385	
VAL  set, AUC:	0.909	0.647	0.904	0.820	
VAL  set, ACC:	0.762	0.712	0.496	0.656	
VAL  set, SPE:	0.977	1.000	0.358	0.778	
[21-02-14 13:30:04-INFO] TEST_RECALL: 0.495, TIME: 39.1s
[21-02-14 13:30:04-DEBUG] 
TEST set, TITLE	CLS0	CLS1	CLS2	MEAN
TEST set, REC:	0.504	0.000	0.981	0.495	
TEST set, F1 :	0.650	0.000	0.429	0.360	
TEST set, AUC:	0.821	0.605	0.814	0.747	
TEST set, ACC:	0.722	0.714	0.475	0.637	
TEST set, SPE:	0.952	1.000	0.348	0.767	
[21-02-14 13:30:05-INFO] BEST_RECALL: 0.619, EPOCH:   9
[21-02-14 13:37:59-INFO] EPOCH: 12
[21-02-14 13:37:59-INFO] TRAIN_LOSS : 0.788, TIME: 474.0s
[21-02-14 13:38:38-INFO] VAL _RECALL: 0.424, TIME: 39.0s
[21-02-14 13:38:38-DEBUG] 
VAL  set, TITLE	CLS0	CLS1	CLS2	MEAN
VAL  set, REC:	0.992	0.067	0.214	0.424	
VAL  set, F1 :	0.727	0.100	0.353	0.393	
VAL  set, AUC:	0.923	0.683	0.951	0.853	
VAL  set, ACC:	0.631	0.654	0.831	0.705	
VAL  set, SPE:	0.275	0.892	1.000	0.722	
[21-02-14 13:39:17-INFO] TEST_RECALL: 0.445, TIME: 39.0s
[21-02-14 13:39:17-DEBUG] 
TEST set, TITLE	CLS0	CLS1	CLS2	MEAN
TEST set, REC:	0.985	0.176	0.173	0.445	
TEST set, F1 :	0.734	0.260	0.295	0.430	
TEST set, AUC:	0.816	0.634	0.849	0.766	
TEST set, ACC:	0.633	0.714	0.834	0.727	
TEST set, SPE:	0.262	0.930	1.000	0.731	
[21-02-14 13:39:19-INFO] BEST_RECALL: 0.619, EPOCH:   9
[21-02-14 13:47:12-INFO] EPOCH: 13
[21-02-14 13:47:12-INFO] TRAIN_LOSS : 0.757, TIME: 473.4s
[21-02-14 13:47:51-INFO] VAL _RECALL: 0.333, TIME: 38.7s
[21-02-14 13:47:51-DEBUG] 
VAL  set, TITLE	CLS0	CLS1	CLS2	MEAN
VAL  set, REC:	1.000	0.000	0.000	0.333	
VAL  set, F1 :	0.663	0.000	0.000	0.221	
VAL  set, AUC:	0.817	0.581	0.865	0.754	
VAL  set, ACC:	0.496	0.712	0.785	0.664	
VAL  set, SPE:	0.000	1.000	1.000	0.667	
[21-02-14 13:48:29-INFO] TEST_RECALL: 0.333, TIME: 38.8s
[21-02-14 13:48:29-DEBUG] 
TEST set, TITLE	CLS0	CLS1	CLS2	MEAN
TEST set, REC:	1.000	0.000	0.000	0.333	
TEST set, F1 :	0.679	0.000	0.000	0.226	
TEST set, AUC:	0.755	0.617	0.738	0.703	
TEST set, ACC:	0.514	0.714	0.799	0.676	
TEST set, SPE:	0.000	1.000	1.000	0.667	
[21-02-14 13:48:31-INFO] BEST_RECALL: 0.619, EPOCH:   9
[21-02-14 13:56:24-INFO] EPOCH: 14
[21-02-14 13:56:24-INFO] TRAIN_LOSS : 0.710, TIME: 473.7s
[21-02-14 13:57:04-INFO] VAL _RECALL: 0.579, TIME: 39.0s
[21-02-14 13:57:04-DEBUG] 
VAL  set, TITLE	CLS0	CLS1	CLS2	MEAN
VAL  set, REC:	0.938	0.227	0.571	0.579	
VAL  set, F1 :	0.786	0.347	0.561	0.565	
VAL  set, AUC:	0.909	0.784	0.883	0.859	
VAL  set, ACC:	0.746	0.754	0.808	0.769	
VAL  set, SPE:	0.557	0.968	0.873	0.799	
[21-02-14 13:57:42-INFO] TEST_RECALL: 0.512, TIME: 38.8s
[21-02-14 13:57:42-DEBUG] 
TEST set, TITLE	CLS0	CLS1	CLS2	MEAN
TEST set, REC:	0.880	0.041	0.615	0.512	
TEST set, F1 :	0.748	0.070	0.538	0.452	
TEST set, AUC:	0.794	0.668	0.817	0.760	
TEST set, ACC:	0.695	0.691	0.788	0.725	
TEST set, SPE:	0.500	0.951	0.831	0.761	
[21-02-14 13:57:44-INFO] BEST_RECALL: 0.619, EPOCH:   9
[21-02-14 14:05:37-INFO] EPOCH: 15
[21-02-14 14:05:37-INFO] TRAIN_LOSS : 0.709, TIME: 473.3s
[21-02-14 14:06:16-INFO] VAL _RECALL: 0.611, TIME: 38.7s
[21-02-14 14:06:16-DEBUG] 
VAL  set, TITLE	CLS0	CLS1	CLS2	MEAN
VAL  set, REC:	0.977	0.053	0.804	0.611	
VAL  set, F1 :	0.797	0.101	0.720	0.540	
VAL  set, AUC:	0.919	0.792	0.946	0.886	
VAL  set, ACC:	0.754	0.727	0.865	0.782	
VAL  set, SPE:	0.534	1.000	0.882	0.806	
[21-02-14 14:06:55-INFO] TEST_RECALL: 0.538, TIME: 38.8s
[21-02-14 14:06:55-DEBUG] 
TEST set, TITLE	CLS0	CLS1	CLS2	MEAN
TEST set, REC:	0.880	0.041	0.692	0.538	
TEST set, F1 :	0.748	0.073	0.585	0.469	
TEST set, AUC:	0.835	0.701	0.867	0.801	
TEST set, ACC:	0.695	0.707	0.803	0.735	
TEST set, SPE:	0.500	0.973	0.831	0.768	
[21-02-14 14:06:56-INFO] BEST_RECALL: 0.619, EPOCH:   9
[21-02-14 14:14:49-INFO] EPOCH: 16
[21-02-14 14:14:49-INFO] TRAIN_LOSS : 0.712, TIME: 473.4s
[21-02-14 14:15:28-INFO] VAL _RECALL: 0.619, TIME: 38.9s
[21-02-14 14:15:28-DEBUG] 
VAL  set, TITLE	CLS0	CLS1	CLS2	MEAN
VAL  set, REC:	0.860	0.533	0.464	0.619	
VAL  set, F1 :	0.804	0.510	0.598	0.637	
VAL  set, AUC:	0.872	0.736	0.910	0.839	
VAL  set, ACC:	0.792	0.704	0.865	0.787	
VAL  set, SPE:	0.725	0.773	0.975	0.825	
[21-02-14 14:16:07-INFO] TEST_RECALL: 0.542, TIME: 38.9s
[21-02-14 14:16:07-DEBUG] 
TEST set, TITLE	CLS0	CLS1	CLS2	MEAN
TEST set, REC:	0.782	0.459	0.385	0.542	
TEST set, F1 :	0.743	0.430	0.500	0.558	
TEST set, AUC:	0.819	0.695	0.844	0.786	
TEST set, ACC:	0.722	0.653	0.846	0.740	
TEST set, SPE:	0.659	0.730	0.961	0.783	
[21-02-14 14:16:09-INFO] BEST_RECALL: 0.619, EPOCH:   9
[21-02-14 14:24:02-INFO] EPOCH: 17
[21-02-14 14:24:02-INFO] TRAIN_LOSS : 0.725, TIME: 473.2s
[21-02-14 14:24:41-INFO] VAL _RECALL: 0.461, TIME: 38.7s
[21-02-14 14:24:41-DEBUG] 
VAL  set, TITLE	CLS0	CLS1	CLS2	MEAN
VAL  set, REC:	0.209	0.173	1.000	0.461	
VAL  set, F1 :	0.346	0.206	0.471	0.341	
VAL  set, AUC:	0.916	0.542	0.947	0.802	
VAL  set, ACC:	0.608	0.615	0.515	0.579	
VAL  set, SPE:	1.000	0.795	0.382	0.726	
[21-02-14 14:25:19-INFO] TEST_RECALL: 0.408, TIME: 38.8s
[21-02-14 14:25:19-DEBUG] 
TEST set, TITLE	CLS0	CLS1	CLS2	MEAN
TEST set, REC:	0.180	0.122	0.923	0.408	
TEST set, F1 :	0.296	0.168	0.386	0.283	
TEST set, AUC:	0.774	0.507	0.818	0.700	
TEST set, ACC:	0.560	0.656	0.409	0.542	
TEST set, SPE:	0.960	0.870	0.280	0.704	
[21-02-14 14:25:21-INFO] BEST_RECALL: 0.619, EPOCH:   9
[21-02-14 14:33:14-INFO] EPOCH: 18
[21-02-14 14:33:14-INFO] TRAIN_LOSS : 0.723, TIME: 473.2s
[21-02-14 14:33:53-INFO] VAL _RECALL: 0.722, TIME: 38.9s
[21-02-14 14:33:53-DEBUG] 
VAL  set, TITLE	CLS0	CLS1	CLS2	MEAN
VAL  set, REC:	0.868	0.333	0.964	0.722	
VAL  set, F1 :	0.882	0.467	0.679	0.676	
VAL  set, AUC:	0.962	0.868	0.975	0.935	
VAL  set, ACC:	0.885	0.781	0.804	0.823	
VAL  set, SPE:	0.901	0.962	0.760	0.874	
[21-02-14 14:34:32-INFO] TEST_RECALL: 0.585, TIME: 39.0s
[21-02-14 14:34:32-DEBUG] 
TEST set, TITLE	CLS0	CLS1	CLS2	MEAN
TEST set, REC:	0.759	0.149	0.846	0.585	
TEST set, F1 :	0.783	0.216	0.557	0.519	
TEST set, AUC:	0.851	0.708	0.914	0.825	
TEST set, ACC:	0.784	0.691	0.730	0.735	
TEST set, SPE:	0.810	0.908	0.700	0.806	
[21-02-14 14:34:33-INFO] BEST_RECALL: 0.619, EPOCH:   9
[21-02-14 14:42:27-INFO] EPOCH: 19
[21-02-14 14:42:27-INFO] TRAIN_LOSS : 0.679, TIME: 473.7s
[21-02-14 14:43:06-INFO] VAL _RECALL: 0.663, TIME: 38.8s
[21-02-14 14:43:06-DEBUG] 
VAL  set, TITLE	CLS0	CLS1	CLS2	MEAN
VAL  set, REC:	0.682	0.360	0.946	0.663	
VAL  set, F1 :	0.775	0.415	0.650	0.614	
VAL  set, AUC:	0.909	0.715	0.944	0.856	
VAL  set, ACC:	0.804	0.708	0.781	0.764	
VAL  set, SPE:	0.924	0.849	0.735	0.836	
[21-02-14 14:43:45-INFO] TEST_RECALL: 0.593, TIME: 38.9s
[21-02-14 14:43:45-DEBUG] 
TEST set, TITLE	CLS0	CLS1	CLS2	MEAN
TEST set, REC:	0.602	0.311	0.865	0.593	
TEST set, F1 :	0.714	0.368	0.533	0.538	
TEST set, AUC:	0.843	0.627	0.862	0.777	
TEST set, ACC:	0.753	0.695	0.695	0.714	
TEST set, SPE:	0.913	0.849	0.652	0.805	
[21-02-14 14:43:46-INFO] BEST_RECALL: 0.619, EPOCH:   9
[21-02-14 14:51:40-INFO] EPOCH: 20
[21-02-14 14:51:40-INFO] TRAIN_LOSS : 0.632, TIME: 473.7s
[21-02-14 14:52:19-INFO] VAL _RECALL: 0.762, TIME: 38.8s
[21-02-14 14:52:19-DEBUG] 
VAL  set, TITLE	CLS0	CLS1	CLS2	MEAN
VAL  set, REC:	0.953	0.440	0.893	0.762	
VAL  set, F1 :	0.888	0.555	0.806	0.750	
VAL  set, AUC:	0.974	0.907	0.973	0.951	
VAL  set, ACC:	0.881	0.796	0.908	0.862	
VAL  set, SPE:	0.809	0.941	0.912	0.887	
[21-02-14 14:52:57-INFO] TEST_RECALL: 0.634, TIME: 38.9s
[21-02-14 14:52:57-DEBUG] 
TEST set, TITLE	CLS0	CLS1	CLS2	MEAN
TEST set, REC:	0.872	0.338	0.692	0.634	
TEST set, F1 :	0.803	0.424	0.649	0.625	
TEST set, AUC:	0.867	0.745	0.884	0.832	
TEST set, ACC:	0.780	0.737	0.849	0.789	
TEST set, SPE:	0.683	0.897	0.889	0.823	
[21-02-14 14:53:00-INFO] BEST_RECALL: 0.634, EPOCH:  20
[21-02-14 15:00:54-INFO] EPOCH: 21
[21-02-14 15:00:54-INFO] TRAIN_LOSS : 0.525, TIME: 473.5s
[21-02-14 15:01:33-INFO] VAL _RECALL: 0.760, TIME: 38.8s
[21-02-14 15:01:33-DEBUG] 
VAL  set, TITLE	CLS0	CLS1	CLS2	MEAN
VAL  set, REC:	1.000	0.387	0.893	0.760	
VAL  set, F1 :	0.869	0.537	0.870	0.758	
VAL  set, AUC:	0.977	0.895	0.983	0.952	
VAL  set, ACC:	0.850	0.808	0.942	0.867	
VAL  set, SPE:	0.702	0.978	0.956	0.879	
[21-02-14 15:02:11-INFO] TEST_RECALL: 0.591, TIME: 38.9s
[21-02-14 15:02:11-DEBUG] 
TEST set, TITLE	CLS0	CLS1	CLS2	MEAN
TEST set, REC:	0.925	0.176	0.673	0.591	
TEST set, F1 :	0.783	0.265	0.660	0.570	
TEST set, AUC:	0.864	0.726	0.912	0.834	
TEST set, ACC:	0.737	0.722	0.861	0.773	
TEST set, SPE:	0.540	0.941	0.908	0.796	
[21-02-14 15:02:13-INFO] BEST_RECALL: 0.634, EPOCH:  20
[21-02-14 15:10:07-INFO] EPOCH: 22
[21-02-14 15:10:07-INFO] TRAIN_LOSS : 0.470, TIME: 473.9s
[21-02-14 15:10:46-INFO] VAL _RECALL: 0.828, TIME: 39.0s
[21-02-14 15:10:46-DEBUG] 
VAL  set, TITLE	CLS0	CLS1	CLS2	MEAN
VAL  set, REC:	0.884	0.600	1.000	0.828	
VAL  set, F1 :	0.919	0.692	0.789	0.800	
VAL  set, AUC:	0.987	0.943	0.998	0.976	
VAL  set, ACC:	0.923	0.846	0.885	0.885	
VAL  set, SPE:	0.962	0.946	0.853	0.920	
[21-02-14 15:11:25-INFO] TEST_RECALL: 0.624, TIME: 39.1s
[21-02-14 15:11:25-DEBUG] 
TEST set, TITLE	CLS0	CLS1	CLS2	MEAN
TEST set, REC:	0.662	0.365	0.846	0.624	
TEST set, F1 :	0.749	0.425	0.564	0.579	
TEST set, AUC:	0.851	0.727	0.899	0.825	
TEST set, ACC:	0.772	0.718	0.737	0.743	
TEST set, SPE:	0.889	0.859	0.710	0.819	
[21-02-14 15:11:26-INFO] BEST_RECALL: 0.634, EPOCH:  20
[21-02-14 15:19:20-INFO] EPOCH: 23
[21-02-14 15:19:20-INFO] TRAIN_LOSS : 0.405, TIME: 473.9s
[21-02-14 15:19:59-INFO] VAL _RECALL: 0.899, TIME: 38.8s
[21-02-14 15:19:59-DEBUG] 
VAL  set, TITLE	CLS0	CLS1	CLS2	MEAN
VAL  set, REC:	0.783	0.933	0.982	0.899	
VAL  set, F1 :	0.878	0.805	0.948	0.877	
VAL  set, AUC:	0.999	0.962	0.997	0.986	
VAL  set, ACC:	0.892	0.869	0.977	0.913	
VAL  set, SPE:	1.000	0.843	0.975	0.940	
[21-02-14 15:20:38-INFO] TEST_RECALL: 0.613, TIME: 38.9s
[21-02-14 15:20:38-DEBUG] 
TEST set, TITLE	CLS0	CLS1	CLS2	MEAN
TEST set, REC:	0.481	0.608	0.750	0.613	
TEST set, F1 :	0.621	0.474	0.639	0.578	
TEST set, AUC:	0.841	0.671	0.876	0.796	
TEST set, ACC:	0.699	0.614	0.830	0.714	
TEST set, SPE:	0.929	0.616	0.850	0.798	
[21-02-14 15:20:39-INFO] BEST_RECALL: 0.634, EPOCH:  20
[21-02-14 15:28:33-INFO] EPOCH: 24
[21-02-14 15:28:33-INFO] TRAIN_LOSS : 0.320, TIME: 473.9s
[21-02-14 15:29:12-INFO] VAL _RECALL: 0.922, TIME: 39.0s
[21-02-14 15:29:12-DEBUG] 
VAL  set, TITLE	CLS0	CLS1	CLS2	MEAN
VAL  set, REC:	0.992	0.827	0.946	0.922	
VAL  set, F1 :	0.966	0.879	0.930	0.925	
VAL  set, AUC:	0.998	0.986	0.995	0.993	
VAL  set, ACC:	0.965	0.935	0.969	0.956	
VAL  set, SPE:	0.939	0.978	0.975	0.964	
[21-02-14 15:29:51-INFO] TEST_RECALL: 0.557, TIME: 39.0s
[21-02-14 15:29:51-DEBUG] 
TEST set, TITLE	CLS0	CLS1	CLS2	MEAN
TEST set, REC:	0.835	0.338	0.500	0.557	
TEST set, F1 :	0.763	0.385	0.536	0.561	
TEST set, AUC:	0.853	0.717	0.831	0.800	
TEST set, ACC:	0.734	0.691	0.826	0.750	
TEST set, SPE:	0.627	0.832	0.908	0.789	
[21-02-14 15:29:52-INFO] BEST_RECALL: 0.634, EPOCH:  20
[21-02-14 15:37:46-INFO] EPOCH: 25
[21-02-14 15:37:46-INFO] TRAIN_LOSS : 0.301, TIME: 473.9s
[21-02-14 15:38:25-INFO] VAL _RECALL: 0.592, TIME: 38.9s
[21-02-14 15:38:25-DEBUG] 
VAL  set, TITLE	CLS0	CLS1	CLS2	MEAN
VAL  set, REC:	1.000	0.240	0.536	0.592	
VAL  set, F1 :	0.763	0.375	0.698	0.612	
VAL  set, AUC:	0.997	0.890	0.994	0.960	
VAL  set, ACC:	0.692	0.769	0.900	0.787	
VAL  set, SPE:	0.389	0.984	1.000	0.791	
[21-02-14 15:39:04-INFO] TEST_RECALL: 0.450, TIME: 38.9s
[21-02-14 15:39:04-DEBUG] 
TEST set, TITLE	CLS0	CLS1	CLS2	MEAN
TEST set, REC:	1.000	0.081	0.269	0.450	
TEST set, F1 :	0.725	0.145	0.412	0.427	
TEST set, AUC:	0.853	0.685	0.892	0.810	
TEST set, ACC:	0.610	0.726	0.846	0.727	
TEST set, SPE:	0.198	0.984	0.990	0.724	
[21-02-14 15:39:05-INFO] BEST_RECALL: 0.634, EPOCH:  20
[21-02-14 15:46:59-INFO] EPOCH: 26
[21-02-14 15:46:59-INFO] TRAIN_LOSS : 0.279, TIME: 473.7s
[21-02-14 15:47:38-INFO] VAL _RECALL: 0.966, TIME: 38.9s
[21-02-14 15:47:38-DEBUG] 
VAL  set, TITLE	CLS0	CLS1	CLS2	MEAN
VAL  set, REC:	1.000	0.933	0.964	0.966	
VAL  set, F1 :	0.981	0.952	0.982	0.972	
VAL  set, AUC:	1.000	0.997	0.999	0.999	
VAL  set, ACC:	0.981	0.973	0.992	0.982	
VAL  set, SPE:	0.962	0.989	1.000	0.984	
[21-02-14 15:48:17-INFO] TEST_RECALL: 0.610, TIME: 39.0s
[21-02-14 15:48:17-DEBUG] 
TEST set, TITLE	CLS0	CLS1	CLS2	MEAN
TEST set, REC:	0.812	0.459	0.558	0.610	
TEST set, F1 :	0.777	0.463	0.624	0.621	
TEST set, AUC:	0.859	0.730	0.889	0.826	
TEST set, ACC:	0.761	0.695	0.865	0.773	
TEST set, SPE:	0.706	0.789	0.942	0.813	
[21-02-14 15:48:18-INFO] BEST_RECALL: 0.634, EPOCH:  20
[21-02-14 15:56:12-INFO] EPOCH: 27
[21-02-14 15:56:12-INFO] TRAIN_LOSS : 0.207, TIME: 473.8s
[21-02-14 15:56:51-INFO] VAL _RECALL: 0.972, TIME: 38.9s
[21-02-14 15:56:51-DEBUG] 
VAL  set, TITLE	CLS0	CLS1	CLS2	MEAN
VAL  set, REC:	0.992	0.960	0.964	0.972	
VAL  set, F1 :	0.985	0.960	0.982	0.975	
VAL  set, AUC:	0.999	0.997	1.000	0.999	
VAL  set, ACC:	0.985	0.977	0.992	0.985	
VAL  set, SPE:	0.977	0.984	1.000	0.987	
[21-02-14 15:57:30-INFO] TEST_RECALL: 0.598, TIME: 38.8s
[21-02-14 15:57:30-DEBUG] 
TEST set, TITLE	CLS0	CLS1	CLS2	MEAN
TEST set, REC:	0.782	0.514	0.500	0.598	
TEST set, F1 :	0.759	0.478	0.612	0.616	
TEST set, AUC:	0.835	0.699	0.827	0.787	
TEST set, ACC:	0.745	0.680	0.873	0.766	
TEST set, SPE:	0.706	0.746	0.966	0.806	
[21-02-14 15:57:31-INFO] BEST_RECALL: 0.634, EPOCH:  20
[21-02-14 16:05:25-INFO] EPOCH: 28
[21-02-14 16:05:25-INFO] TRAIN_LOSS : 0.175, TIME: 473.7s
[21-02-14 16:06:04-INFO] VAL _RECALL: 0.909, TIME: 38.9s
[21-02-14 16:06:04-DEBUG] 
VAL  set, TITLE	CLS0	CLS1	CLS2	MEAN
VAL  set, REC:	0.829	0.987	0.911	0.909	
VAL  set, F1 :	0.907	0.841	0.944	0.897	
VAL  set, AUC:	1.000	0.995	0.998	0.998	
VAL  set, ACC:	0.915	0.892	0.977	0.928	
VAL  set, SPE:	1.000	0.854	0.995	0.950	
[21-02-14 16:06:43-INFO] TEST_RECALL: 0.593, TIME: 38.9s
[21-02-14 16:06:43-DEBUG] 
TEST set, TITLE	CLS0	CLS1	CLS2	MEAN
TEST set, REC:	0.474	0.730	0.577	0.593	
TEST set, F1 :	0.600	0.507	0.632	0.580	
TEST set, AUC:	0.800	0.689	0.872	0.787	
TEST set, ACC:	0.676	0.595	0.865	0.712	
TEST set, SPE:	0.889	0.541	0.937	0.789	
[21-02-14 16:06:44-INFO] BEST_RECALL: 0.634, EPOCH:  20
[21-02-14 16:14:38-INFO] EPOCH: 29
[21-02-14 16:14:38-INFO] TRAIN_LOSS : 0.179, TIME: 473.6s
[21-02-14 16:15:17-INFO] VAL _RECALL: 0.915, TIME: 38.8s
[21-02-14 16:15:17-DEBUG] 
VAL  set, TITLE	CLS0	CLS1	CLS2	MEAN
VAL  set, REC:	0.930	0.813	1.000	0.915	
VAL  set, F1 :	0.956	0.859	0.882	0.899	
VAL  set, AUC:	0.996	0.985	1.000	0.994	
VAL  set, ACC:	0.958	0.923	0.942	0.941	
VAL  set, SPE:	0.985	0.968	0.926	0.960	
[21-02-14 16:15:56-INFO] TEST_RECALL: 0.629, TIME: 38.9s
[21-02-14 16:15:56-DEBUG] 
TEST set, TITLE	CLS0	CLS1	CLS2	MEAN
TEST set, REC:	0.692	0.311	0.885	0.629	
TEST set, F1 :	0.751	0.377	0.609	0.579	
TEST set, AUC:	0.852	0.728	0.900	0.827	
TEST set, ACC:	0.764	0.707	0.772	0.748	
TEST set, SPE:	0.841	0.865	0.744	0.817	
[21-02-14 16:15:57-INFO] BEST_RECALL: 0.634, EPOCH:  20
[21-02-14 16:23:51-INFO] EPOCH: 30
[21-02-14 16:23:51-INFO] TRAIN_LOSS : 0.168, TIME: 473.7s
[21-02-14 16:24:30-INFO] VAL _RECALL: 0.997, TIME: 39.0s
[21-02-14 16:24:30-DEBUG] 
VAL  set, TITLE	CLS0	CLS1	CLS2	MEAN
VAL  set, REC:	0.992	1.000	1.000	0.997	
VAL  set, F1 :	0.996	0.993	1.000	0.996	
VAL  set, AUC:	1.000	1.000	1.000	1.000	
VAL  set, ACC:	0.996	0.996	1.000	0.997	
VAL  set, SPE:	1.000	0.995	1.000	0.998	
[21-02-14 16:25:09-INFO] TEST_RECALL: 0.656, TIME: 39.0s
[21-02-14 16:25:09-DEBUG] 
TEST set, TITLE	CLS0	CLS1	CLS2	MEAN
TEST set, REC:	0.767	0.527	0.673	0.656	
TEST set, F1 :	0.773	0.553	0.619	0.648	
TEST set, AUC:	0.833	0.742	0.882	0.819	
TEST set, ACC:	0.768	0.757	0.834	0.786	
TEST set, SPE:	0.770	0.849	0.874	0.831	
[21-02-14 16:25:11-INFO] BEST_RECALL: 0.656, EPOCH:  30
[21-02-14 16:33:05-INFO] EPOCH: 31
[21-02-14 16:33:05-INFO] TRAIN_LOSS : 0.121, TIME: 473.6s
[21-02-14 16:33:44-INFO] VAL _RECALL: 0.964, TIME: 38.8s
[21-02-14 16:33:44-DEBUG] 
VAL  set, TITLE	CLS0	CLS1	CLS2	MEAN
VAL  set, REC:	0.977	0.987	0.929	0.964	
VAL  set, F1 :	0.984	0.949	0.963	0.965	
VAL  set, AUC:	0.999	0.998	0.998	0.998	
VAL  set, ACC:	0.985	0.969	0.985	0.979	
VAL  set, SPE:	0.992	0.962	1.000	0.985	
[21-02-14 16:34:23-INFO] TEST_RECALL: 0.591, TIME: 38.9s
[21-02-14 16:34:23-DEBUG] 
TEST set, TITLE	CLS0	CLS1	CLS2	MEAN
TEST set, REC:	0.752	0.541	0.481	0.591	
TEST set, F1 :	0.755	0.485	0.568	0.603	
TEST set, AUC:	0.846	0.728	0.870	0.814	
TEST set, ACC:	0.749	0.672	0.853	0.758	
TEST set, SPE:	0.746	0.724	0.947	0.806	
[21-02-14 16:34:24-INFO] BEST_RECALL: 0.656, EPOCH:  30
[21-02-14 16:42:18-INFO] EPOCH: 32
[21-02-14 16:42:18-INFO] TRAIN_LOSS : 0.128, TIME: 473.9s
[21-02-14 16:42:57-INFO] VAL _RECALL: 0.997, TIME: 38.8s
[21-02-14 16:42:57-DEBUG] 
VAL  set, TITLE	CLS0	CLS1	CLS2	MEAN
VAL  set, REC:	0.992	1.000	1.000	0.997	
VAL  set, F1 :	0.996	0.993	1.000	0.996	
VAL  set, AUC:	1.000	1.000	1.000	1.000	
VAL  set, ACC:	0.996	0.996	1.000	0.997	
VAL  set, SPE:	1.000	0.995	1.000	0.998	
[21-02-14 16:43:36-INFO] TEST_RECALL: 0.631, TIME: 39.0s
[21-02-14 16:43:36-DEBUG] 
TEST set, TITLE	CLS0	CLS1	CLS2	MEAN
TEST set, REC:	0.782	0.419	0.692	0.631	
TEST set, F1 :	0.770	0.449	0.655	0.625	
TEST set, AUC:	0.833	0.717	0.876	0.809	
TEST set, ACC:	0.761	0.707	0.853	0.773	
TEST set, SPE:	0.738	0.822	0.894	0.818	
[21-02-14 16:43:37-INFO] BEST_RECALL: 0.656, EPOCH:  30
[21-02-14 16:51:31-INFO] EPOCH: 33
[21-02-14 16:51:31-INFO] TRAIN_LOSS : 0.141, TIME: 473.6s
[21-02-14 16:52:10-INFO] VAL _RECALL: 0.902, TIME: 38.9s
[21-02-14 16:52:10-DEBUG] 
VAL  set, TITLE	CLS0	CLS1	CLS2	MEAN
VAL  set, REC:	1.000	0.760	0.946	0.902	
VAL  set, F1 :	0.938	0.851	0.955	0.915	
VAL  set, AUC:	1.000	0.990	0.999	0.996	
VAL  set, ACC:	0.935	0.923	0.981	0.946	
VAL  set, SPE:	0.870	0.989	0.990	0.950	
[21-02-14 16:52:49-INFO] TEST_RECALL: 0.572, TIME: 39.0s
[21-02-14 16:52:49-DEBUG] 
TEST set, TITLE	CLS0	CLS1	CLS2	MEAN
TEST set, REC:	0.872	0.230	0.615	0.572	
TEST set, F1 :	0.753	0.327	0.604	0.561	
TEST set, AUC:	0.841	0.714	0.865	0.807	
TEST set, ACC:	0.707	0.730	0.838	0.758	
TEST set, SPE:	0.532	0.930	0.894	0.785	
[21-02-14 16:52:50-INFO] BEST_RECALL: 0.656, EPOCH:  30
[21-02-14 17:00:44-INFO] EPOCH: 34
[21-02-14 17:00:44-INFO] TRAIN_LOSS : 0.085, TIME: 473.7s
[21-02-14 17:01:23-INFO] VAL _RECALL: 0.993, TIME: 39.0s
[21-02-14 17:01:23-DEBUG] 
VAL  set, TITLE	CLS0	CLS1	CLS2	MEAN
VAL  set, REC:	0.992	0.987	1.000	0.993	
VAL  set, F1 :	0.996	0.987	0.991	0.991	
VAL  set, AUC:	1.000	1.000	1.000	1.000	
VAL  set, ACC:	0.996	0.992	0.996	0.995	
VAL  set, SPE:	1.000	0.995	0.995	0.997	
[21-02-14 17:02:02-INFO] TEST_RECALL: 0.633, TIME: 38.9s
[21-02-14 17:02:02-DEBUG] 
TEST set, TITLE	CLS0	CLS1	CLS2	MEAN
TEST set, REC:	0.737	0.392	0.769	0.633	
TEST set, F1 :	0.751	0.460	0.611	0.607	
TEST set, AUC:	0.844	0.758	0.891	0.831	
TEST set, ACC:	0.749	0.737	0.803	0.763	
TEST set, SPE:	0.762	0.876	0.812	0.816	
[21-02-14 17:02:03-INFO] BEST_RECALL: 0.656, EPOCH:  30
[21-02-14 17:09:57-INFO] EPOCH: 35
[21-02-14 17:09:57-INFO] TRAIN_LOSS : 0.090, TIME: 473.5s
[21-02-14 17:10:36-INFO] VAL _RECALL: 0.969, TIME: 38.9s
[21-02-14 17:10:36-DEBUG] 
VAL  set, TITLE	CLS0	CLS1	CLS2	MEAN
VAL  set, REC:	1.000	0.907	1.000	0.969	
VAL  set, F1 :	0.977	0.951	0.991	0.973	
VAL  set, AUC:	1.000	1.000	1.000	1.000	
VAL  set, ACC:	0.977	0.973	0.996	0.982	
VAL  set, SPE:	0.954	1.000	0.995	0.983	
[21-02-14 17:11:15-INFO] TEST_RECALL: 0.595, TIME: 39.0s
[21-02-14 17:11:15-DEBUG] 
TEST set, TITLE	CLS0	CLS1	CLS2	MEAN
TEST set, REC:	0.917	0.176	0.692	0.595	
TEST set, F1 :	0.770	0.274	0.679	0.574	
TEST set, AUC:	0.822	0.704	0.880	0.802	
TEST set, ACC:	0.718	0.734	0.869	0.773	
TEST set, SPE:	0.508	0.957	0.913	0.793	
[21-02-14 17:11:16-INFO] BEST_RECALL: 0.656, EPOCH:  30
[21-02-14 17:19:10-INFO] EPOCH: 36
[21-02-14 17:19:10-INFO] TRAIN_LOSS : 0.047, TIME: 473.6s
[21-02-14 17:19:49-INFO] VAL _RECALL: 0.987, TIME: 39.0s
[21-02-14 17:19:49-DEBUG] 
VAL  set, TITLE	CLS0	CLS1	CLS2	MEAN
VAL  set, REC:	1.000	0.960	1.000	0.987	
VAL  set, F1 :	0.996	0.980	0.982	0.986	
VAL  set, AUC:	1.000	1.000	1.000	1.000	
VAL  set, ACC:	0.996	0.988	0.992	0.992	
VAL  set, SPE:	0.992	1.000	0.990	0.994	
[21-02-14 17:20:28-INFO] TEST_RECALL: 0.613, TIME: 38.9s
[21-02-14 17:20:28-DEBUG] 
TEST set, TITLE	CLS0	CLS1	CLS2	MEAN
TEST set, REC:	0.782	0.230	0.827	0.613	
TEST set, F1 :	0.765	0.312	0.628	0.568	
TEST set, AUC:	0.829	0.710	0.922	0.821	
TEST set, ACC:	0.753	0.710	0.803	0.755	
TEST set, SPE:	0.722	0.903	0.797	0.807	
[21-02-14 17:20:29-INFO] BEST_RECALL: 0.656, EPOCH:  30
[21-02-14 17:28:22-INFO] EPOCH: 37
[21-02-14 17:28:22-INFO] TRAIN_LOSS : 0.043, TIME: 473.0s
[21-02-14 17:29:01-INFO] VAL _RECALL: 0.936, TIME: 38.9s
[21-02-14 17:29:01-DEBUG] 
VAL  set, TITLE	CLS0	CLS1	CLS2	MEAN
VAL  set, REC:	0.969	0.840	1.000	0.936	
VAL  set, F1 :	0.984	0.913	0.875	0.924	
VAL  set, AUC:	1.000	0.997	1.000	0.999	
VAL  set, ACC:	0.985	0.954	0.938	0.959	
VAL  set, SPE:	1.000	1.000	0.922	0.974	
[21-02-14 17:29:40-INFO] TEST_RECALL: 0.583, TIME: 38.8s
[21-02-14 17:29:40-DEBUG] 
TEST set, TITLE	CLS0	CLS1	CLS2	MEAN
TEST set, REC:	0.692	0.230	0.827	0.583	
TEST set, F1 :	0.751	0.288	0.555	0.531	
TEST set, AUC:	0.860	0.704	0.890	0.818	
TEST set, ACC:	0.764	0.676	0.734	0.725	
TEST set, SPE:	0.841	0.854	0.710	0.802	
[21-02-14 17:29:41-INFO] BEST_RECALL: 0.656, EPOCH:  30
[21-02-14 17:37:34-INFO] EPOCH: 38
[21-02-14 17:37:34-INFO] TRAIN_LOSS : 0.028, TIME: 472.9s
[21-02-14 17:38:13-INFO] VAL _RECALL: 1.000, TIME: 38.7s
[21-02-14 17:38:13-DEBUG] 
VAL  set, TITLE	CLS0	CLS1	CLS2	MEAN
VAL  set, REC:	1.000	1.000	1.000	1.000	
VAL  set, F1 :	1.000	1.000	1.000	1.000	
VAL  set, AUC:	1.000	1.000	1.000	1.000	
VAL  set, ACC:	1.000	1.000	1.000	1.000	
VAL  set, SPE:	1.000	1.000	1.000	1.000	
[21-02-14 17:38:51-INFO] TEST_RECALL: 0.598, TIME: 38.8s
[21-02-14 17:38:51-DEBUG] 
TEST set, TITLE	CLS0	CLS1	CLS2	MEAN
TEST set, REC:	0.789	0.351	0.654	0.598	
TEST set, F1 :	0.766	0.394	0.607	0.589	
TEST set, AUC:	0.831	0.725	0.890	0.816	
TEST set, ACC:	0.753	0.691	0.830	0.758	
TEST set, SPE:	0.714	0.827	0.874	0.805	
[21-02-14 17:38:53-INFO] BEST_RECALL: 0.656, EPOCH:  30
[21-02-14 17:46:46-INFO] EPOCH: 39
[21-02-14 17:46:46-INFO] TRAIN_LOSS : 0.102, TIME: 472.9s
[21-02-14 17:47:25-INFO] VAL _RECALL: 0.957, TIME: 38.9s
[21-02-14 17:47:25-DEBUG] 
VAL  set, TITLE	CLS0	CLS1	CLS2	MEAN
VAL  set, REC:	0.977	0.893	1.000	0.957	
VAL  set, F1 :	0.988	0.944	0.911	0.947	
VAL  set, AUC:	1.000	0.998	0.999	0.999	
VAL  set, ACC:	0.988	0.969	0.958	0.972	
VAL  set, SPE:	1.000	1.000	0.946	0.982	
[21-02-14 17:48:03-INFO] TEST_RECALL: 0.611, TIME: 38.8s
[21-02-14 17:48:03-DEBUG] 
TEST set, TITLE	CLS0	CLS1	CLS2	MEAN
TEST set, REC:	0.624	0.324	0.885	0.611	
TEST set, F1 :	0.695	0.414	0.564	0.558	
TEST set, AUC:	0.828	0.712	0.875	0.805	
TEST set, ACC:	0.718	0.737	0.726	0.727	
TEST set, SPE:	0.817	0.903	0.686	0.802	
[21-02-14 17:48:05-INFO] BEST_RECALL: 0.656, EPOCH:  30
[21-02-14 17:55:57-INFO] EPOCH: 40
[21-02-14 17:55:57-INFO] TRAIN_LOSS : 0.076, TIME: 472.7s
[21-02-14 17:56:36-INFO] VAL _RECALL: 1.000, TIME: 38.9s
[21-02-14 17:56:36-DEBUG] 
VAL  set, TITLE	CLS0	CLS1	CLS2	MEAN
VAL  set, REC:	1.000	1.000	1.000	1.000	
VAL  set, F1 :	1.000	1.000	1.000	1.000	
VAL  set, AUC:	1.000	1.000	1.000	1.000	
VAL  set, ACC:	1.000	1.000	1.000	1.000	
VAL  set, SPE:	1.000	1.000	1.000	1.000	
[21-02-14 17:57:15-INFO] TEST_RECALL: 0.646, TIME: 38.8s
[21-02-14 17:57:15-DEBUG] 
TEST set, TITLE	CLS0	CLS1	CLS2	MEAN
TEST set, REC:	0.789	0.514	0.635	0.646	
TEST set, F1 :	0.784	0.510	0.653	0.649	
TEST set, AUC:	0.862	0.744	0.910	0.839	
TEST set, ACC:	0.776	0.718	0.865	0.786	
TEST set, SPE:	0.762	0.800	0.923	0.828	
[21-02-14 17:57:17-INFO] BEST_RECALL: 0.656, EPOCH:  30
[21-02-14 18:05:09-INFO] EPOCH: 41
[21-02-14 18:05:09-INFO] TRAIN_LOSS : 0.051, TIME: 472.6s
[21-02-14 18:05:48-INFO] VAL _RECALL: 0.996, TIME: 38.9s
[21-02-14 18:05:48-DEBUG] 
VAL  set, TITLE	CLS0	CLS1	CLS2	MEAN
VAL  set, REC:	1.000	0.987	1.000	0.996	
VAL  set, F1 :	1.000	0.993	0.991	0.995	
VAL  set, AUC:	1.000	1.000	1.000	1.000	
VAL  set, ACC:	1.000	0.996	0.996	0.997	
VAL  set, SPE:	1.000	1.000	0.995	0.998	
[21-02-14 18:06:27-INFO] TEST_RECALL: 0.642, TIME: 38.9s
[21-02-14 18:06:27-DEBUG] 
TEST set, TITLE	CLS0	CLS1	CLS2	MEAN
TEST set, REC:	0.812	0.365	0.750	0.642	
TEST set, F1 :	0.806	0.443	0.609	0.619	
TEST set, AUC:	0.858	0.753	0.884	0.832	
TEST set, ACC:	0.799	0.737	0.807	0.781	
TEST set, SPE:	0.786	0.886	0.821	0.831	
[21-02-14 18:06:28-INFO] BEST_RECALL: 0.656, EPOCH:  30
[21-02-14 18:14:21-INFO] EPOCH: 42
[21-02-14 18:14:21-INFO] TRAIN_LOSS : 0.045, TIME: 472.7s
[21-02-14 18:15:00-INFO] VAL _RECALL: 0.988, TIME: 39.0s
[21-02-14 18:15:00-DEBUG] 
VAL  set, TITLE	CLS0	CLS1	CLS2	MEAN
VAL  set, REC:	1.000	1.000	0.964	0.988	
VAL  set, F1 :	1.000	0.987	0.982	0.990	
VAL  set, AUC:	1.000	1.000	1.000	1.000	
VAL  set, ACC:	1.000	0.992	0.992	0.995	
VAL  set, SPE:	1.000	0.989	1.000	0.996	
[21-02-14 18:15:39-INFO] TEST_RECALL: 0.604, TIME: 38.8s
[21-02-14 18:15:39-DEBUG] 
TEST set, TITLE	CLS0	CLS1	CLS2	MEAN
TEST set, REC:	0.714	0.541	0.558	0.604	
TEST set, F1 :	0.745	0.497	0.569	0.604	
TEST set, AUC:	0.810	0.704	0.831	0.782	
TEST set, ACC:	0.749	0.687	0.830	0.755	
TEST set, SPE:	0.786	0.746	0.899	0.810	
[21-02-14 18:15:40-INFO] BEST_RECALL: 0.656, EPOCH:  30
[21-02-14 18:23:33-INFO] EPOCH: 43
[21-02-14 18:23:33-INFO] TRAIN_LOSS : 0.057, TIME: 472.6s
[21-02-14 18:24:12-INFO] VAL _RECALL: 0.982, TIME: 38.9s
[21-02-14 18:24:12-DEBUG] 
VAL  set, TITLE	CLS0	CLS1	CLS2	MEAN
VAL  set, REC:	1.000	0.947	1.000	0.982	
VAL  set, F1 :	0.992	0.973	0.982	0.982	
VAL  set, AUC:	1.000	1.000	1.000	1.000	
VAL  set, ACC:	0.992	0.985	0.992	0.990	
VAL  set, SPE:	0.985	1.000	0.990	0.992	
[21-02-14 18:24:51-INFO] TEST_RECALL: 0.613, TIME: 38.9s
[21-02-14 18:24:51-DEBUG] 
TEST set, TITLE	CLS0	CLS1	CLS2	MEAN
TEST set, REC:	0.835	0.311	0.692	0.613	
TEST set, F1 :	0.760	0.393	0.661	0.605	
TEST set, AUC:	0.841	0.737	0.894	0.824	
TEST set, ACC:	0.730	0.726	0.857	0.771	
TEST set, SPE:	0.619	0.892	0.899	0.803	
[21-02-14 18:24:52-INFO] BEST_RECALL: 0.656, EPOCH:  30
[21-02-14 18:32:44-INFO] EPOCH: 44
[21-02-14 18:32:44-INFO] TRAIN_LOSS : 0.025, TIME: 472.4s
[21-02-14 18:33:23-INFO] VAL _RECALL: 0.996, TIME: 38.9s
[21-02-14 18:33:23-DEBUG] 
VAL  set, TITLE	CLS0	CLS1	CLS2	MEAN
VAL  set, REC:	1.000	0.987	1.000	0.996	
VAL  set, F1 :	1.000	0.993	0.991	0.995	
VAL  set, AUC:	1.000	1.000	1.000	1.000	
VAL  set, ACC:	1.000	0.996	0.996	0.997	
VAL  set, SPE:	1.000	1.000	0.995	0.998	
[21-02-14 18:34:02-INFO] TEST_RECALL: 0.645, TIME: 38.8s
[21-02-14 18:34:02-DEBUG] 
TEST set, TITLE	CLS0	CLS1	CLS2	MEAN
TEST set, REC:	0.714	0.432	0.788	0.645	
TEST set, F1 :	0.748	0.464	0.651	0.621	
TEST set, AUC:	0.828	0.698	0.881	0.802	
TEST set, ACC:	0.753	0.714	0.830	0.766	
TEST set, SPE:	0.794	0.827	0.841	0.820	
[21-02-14 18:34:03-INFO] BEST_RECALL: 0.656, EPOCH:  30
[21-02-14 18:41:56-INFO] EPOCH: 45
[21-02-14 18:41:56-INFO] TRAIN_LOSS : 0.019, TIME: 472.6s
[21-02-14 18:42:35-INFO] VAL _RECALL: 1.000, TIME: 38.9s
[21-02-14 18:42:35-DEBUG] 
VAL  set, TITLE	CLS0	CLS1	CLS2	MEAN
VAL  set, REC:	1.000	1.000	1.000	1.000	
VAL  set, F1 :	1.000	1.000	1.000	1.000	
VAL  set, AUC:	1.000	1.000	1.000	1.000	
VAL  set, ACC:	1.000	1.000	1.000	1.000	
VAL  set, SPE:	1.000	1.000	1.000	1.000	
[21-02-14 18:43:14-INFO] TEST_RECALL: 0.651, TIME: 38.8s
[21-02-14 18:43:14-DEBUG] 
TEST set, TITLE	CLS0	CLS1	CLS2	MEAN
TEST set, REC:	0.692	0.473	0.788	0.651	
TEST set, F1 :	0.739	0.476	0.672	0.629	
TEST set, AUC:	0.837	0.728	0.891	0.819	
TEST set, ACC:	0.749	0.703	0.846	0.766	
TEST set, SPE:	0.810	0.795	0.860	0.821	
[21-02-14 18:43:15-INFO] BEST_RECALL: 0.656, EPOCH:  30
[21-02-14 18:51:08-INFO] EPOCH: 46
[21-02-14 18:51:08-INFO] TRAIN_LOSS : 0.041, TIME: 472.7s
[21-02-14 18:51:47-INFO] VAL _RECALL: 1.000, TIME: 38.8s
[21-02-14 18:51:47-DEBUG] 
VAL  set, TITLE	CLS0	CLS1	CLS2	MEAN
VAL  set, REC:	1.000	1.000	1.000	1.000	
VAL  set, F1 :	1.000	1.000	1.000	1.000	
VAL  set, AUC:	1.000	1.000	1.000	1.000	
VAL  set, ACC:	1.000	1.000	1.000	1.000	
VAL  set, SPE:	1.000	1.000	1.000	1.000	
[21-02-14 18:52:26-INFO] TEST_RECALL: 0.661, TIME: 38.8s
[21-02-14 18:52:26-DEBUG] 
TEST set, TITLE	CLS0	CLS1	CLS2	MEAN
TEST set, REC:	0.737	0.554	0.692	0.661	
TEST set, F1 :	0.751	0.539	0.686	0.659	
TEST set, AUC:	0.813	0.726	0.881	0.807	
TEST set, ACC:	0.749	0.730	0.873	0.784	
TEST set, SPE:	0.762	0.800	0.918	0.827	
[21-02-14 18:52:28-INFO] BEST_RECALL: 0.661, EPOCH:  46
[21-02-14 19:00:21-INFO] EPOCH: 47
[21-02-14 19:00:21-INFO] TRAIN_LOSS : 0.026, TIME: 472.5s
[21-02-14 19:01:00-INFO] VAL _RECALL: 0.645, TIME: 38.7s
[21-02-14 19:01:00-DEBUG] 
VAL  set, TITLE	CLS0	CLS1	CLS2	MEAN
VAL  set, REC:	1.000	0.400	0.536	0.645	
VAL  set, F1 :	0.784	0.571	0.698	0.684	
VAL  set, AUC:	1.000	0.980	0.996	0.992	
VAL  set, ACC:	0.727	0.827	0.900	0.818	
VAL  set, SPE:	0.458	1.000	1.000	0.819	
[21-02-14 19:01:38-INFO] TEST_RECALL: 0.406, TIME: 38.9s
[21-02-14 19:01:38-DEBUG] 
TEST set, TITLE	CLS0	CLS1	CLS2	MEAN
TEST set, REC:	0.985	0.041	0.192	0.406	
TEST set, F1 :	0.702	0.072	0.323	0.366	
TEST set, AUC:	0.785	0.678	0.863	0.776	
TEST set, ACC:	0.571	0.703	0.838	0.704	
TEST set, SPE:	0.135	0.968	1.000	0.701	
[21-02-14 19:01:40-INFO] BEST_RECALL: 0.661, EPOCH:  46
[21-02-14 19:09:33-INFO] EPOCH: 48
[21-02-14 19:09:33-INFO] TRAIN_LOSS : 0.051, TIME: 473.2s
[21-02-14 19:10:12-INFO] VAL _RECALL: 1.000, TIME: 39.0s
[21-02-14 19:10:12-DEBUG] 
VAL  set, TITLE	CLS0	CLS1	CLS2	MEAN
VAL  set, REC:	1.000	1.000	1.000	1.000	
VAL  set, F1 :	1.000	1.000	1.000	1.000	
VAL  set, AUC:	1.000	1.000	1.000	1.000	
VAL  set, ACC:	1.000	1.000	1.000	1.000	
VAL  set, SPE:	1.000	1.000	1.000	1.000	
[21-02-14 19:10:51-INFO] TEST_RECALL: 0.598, TIME: 39.0s
[21-02-14 19:10:51-DEBUG] 
TEST set, TITLE	CLS0	CLS1	CLS2	MEAN
TEST set, REC:	0.789	0.351	0.654	0.598	
TEST set, F1 :	0.753	0.406	0.613	0.591	
TEST set, AUC:	0.820	0.697	0.863	0.793	
TEST set, ACC:	0.734	0.707	0.834	0.758	
TEST set, SPE:	0.675	0.849	0.879	0.801	
[21-02-14 19:10:53-INFO] BEST_RECALL: 0.661, EPOCH:  46
[21-02-14 19:18:45-INFO] EPOCH: 49
[21-02-14 19:18:45-INFO] TRAIN_LOSS : 0.014, TIME: 472.5s
[21-02-14 19:19:24-INFO] VAL _RECALL: 1.000, TIME: 39.0s
[21-02-14 19:19:24-DEBUG] 
VAL  set, TITLE	CLS0	CLS1	CLS2	MEAN
VAL  set, REC:	1.000	1.000	1.000	1.000	
VAL  set, F1 :	1.000	1.000	1.000	1.000	
VAL  set, AUC:	1.000	1.000	1.000	1.000	
VAL  set, ACC:	1.000	1.000	1.000	1.000	
VAL  set, SPE:	1.000	1.000	1.000	1.000	
[21-02-14 19:20:03-INFO] TEST_RECALL: 0.608, TIME: 39.0s
[21-02-14 19:20:03-DEBUG] 
TEST set, TITLE	CLS0	CLS1	CLS2	MEAN
TEST set, REC:	0.774	0.473	0.577	0.608	
TEST set, F1 :	0.766	0.483	0.577	0.608	
TEST set, AUC:	0.821	0.722	0.864	0.802	
TEST set, ACC:	0.757	0.710	0.830	0.766	
TEST set, SPE:	0.738	0.805	0.894	0.812	
[21-02-14 19:20:05-INFO] BEST_RECALL: 0.661, EPOCH:  46
[21-02-14 19:27:57-INFO] EPOCH: 50
[21-02-14 19:27:57-INFO] TRAIN_LOSS : 0.038, TIME: 472.3s
[21-02-14 19:28:36-INFO] VAL _RECALL: 0.996, TIME: 38.7s
[21-02-14 19:28:36-DEBUG] 
VAL  set, TITLE	CLS0	CLS1	CLS2	MEAN
VAL  set, REC:	1.000	0.987	1.000	0.996	
VAL  set, F1 :	0.996	0.993	1.000	0.996	
VAL  set, AUC:	1.000	1.000	1.000	1.000	
VAL  set, ACC:	0.996	0.996	1.000	0.997	
VAL  set, SPE:	0.992	1.000	1.000	0.997	
[21-02-14 19:29:14-INFO] TEST_RECALL: 0.624, TIME: 38.8s
[21-02-14 19:29:14-DEBUG] 
TEST set, TITLE	CLS0	CLS1	CLS2	MEAN
TEST set, REC:	0.850	0.311	0.712	0.624	
TEST set, F1 :	0.761	0.422	0.661	0.615	
TEST set, AUC:	0.805	0.713	0.872	0.796	
TEST set, ACC:	0.726	0.757	0.853	0.779	
TEST set, SPE:	0.595	0.935	0.889	0.806	
[21-02-14 19:29:16-INFO] BEST_RECALL: 0.661, EPOCH:  46
[21-02-14 19:37:08-INFO] EPOCH: 51
[21-02-14 19:37:08-INFO] TRAIN_LOSS : 0.008, TIME: 472.6s
[21-02-14 19:37:47-INFO] VAL _RECALL: 1.000, TIME: 39.0s
[21-02-14 19:37:47-DEBUG] 
VAL  set, TITLE	CLS0	CLS1	CLS2	MEAN
VAL  set, REC:	1.000	1.000	1.000	1.000	
VAL  set, F1 :	1.000	1.000	1.000	1.000	
VAL  set, AUC:	1.000	1.000	1.000	1.000	
VAL  set, ACC:	1.000	1.000	1.000	1.000	
VAL  set, SPE:	1.000	1.000	1.000	1.000	
[21-02-14 19:38:26-INFO] TEST_RECALL: 0.644, TIME: 39.0s
[21-02-14 19:38:26-DEBUG] 
TEST set, TITLE	CLS0	CLS1	CLS2	MEAN
TEST set, REC:	0.797	0.500	0.635	0.644	
TEST set, F1 :	0.785	0.525	0.617	0.642	
TEST set, AUC:	0.835	0.729	0.884	0.816	
TEST set, ACC:	0.776	0.741	0.842	0.786	
TEST set, SPE:	0.754	0.838	0.894	0.829	
[21-02-14 19:38:28-INFO] BEST_RECALL: 0.661, EPOCH:  46
[21-02-14 19:46:20-INFO] EPOCH: 52
[21-02-14 19:46:20-INFO] TRAIN_LOSS : 0.005, TIME: 472.3s
[21-02-14 19:46:59-INFO] VAL _RECALL: 0.996, TIME: 39.0s
[21-02-14 19:46:59-DEBUG] 
VAL  set, TITLE	CLS0	CLS1	CLS2	MEAN
VAL  set, REC:	1.000	0.987	1.000	0.996	
VAL  set, F1 :	0.996	0.993	1.000	0.996	
VAL  set, AUC:	1.000	1.000	1.000	1.000	
VAL  set, ACC:	0.996	0.996	1.000	0.997	
VAL  set, SPE:	0.992	1.000	1.000	0.997	
[21-02-14 19:47:38-INFO] TEST_RECALL: 0.616, TIME: 39.0s
[21-02-14 19:47:38-DEBUG] 
TEST set, TITLE	CLS0	CLS1	CLS2	MEAN
TEST set, REC:	0.917	0.392	0.538	0.616	
TEST set, F1 :	0.785	0.487	0.636	0.636	
TEST set, AUC:	0.824	0.717	0.882	0.808	
TEST set, ACC:	0.741	0.764	0.876	0.794	
TEST set, SPE:	0.556	0.914	0.961	0.810	
[21-02-14 19:47:40-INFO] BEST_RECALL: 0.661, EPOCH:  46
[21-02-14 19:55:32-INFO] EPOCH: 53
[21-02-14 19:55:32-INFO] TRAIN_LOSS : 0.013, TIME: 472.4s
[21-02-14 19:56:11-INFO] VAL _RECALL: 0.996, TIME: 38.9s
[21-02-14 19:56:11-DEBUG] 
VAL  set, TITLE	CLS0	CLS1	CLS2	MEAN
VAL  set, REC:	1.000	0.987	1.000	0.996	
VAL  set, F1 :	1.000	0.993	0.991	0.995	
VAL  set, AUC:	1.000	0.999	0.999	0.999	
VAL  set, ACC:	1.000	0.996	0.996	0.997	
VAL  set, SPE:	1.000	1.000	0.995	0.998	
[21-02-14 19:56:50-INFO] TEST_RECALL: 0.599, TIME: 39.0s
[21-02-14 19:56:50-DEBUG] 
TEST set, TITLE	CLS0	CLS1	CLS2	MEAN
TEST set, REC:	0.752	0.486	0.558	0.599	
TEST set, F1 :	0.738	0.493	0.574	0.602	
TEST set, AUC:	0.812	0.709	0.862	0.794	
TEST set, ACC:	0.726	0.714	0.834	0.758	
TEST set, SPE:	0.698	0.805	0.903	0.802	
[21-02-14 19:56:51-INFO] BEST_RECALL: 0.661, EPOCH:  46
[21-02-14 20:04:43-INFO] EPOCH: 54
[21-02-14 20:04:43-INFO] TRAIN_LOSS : 0.024, TIME: 472.0s
[21-02-14 20:05:22-INFO] VAL _RECALL: 0.995, TIME: 38.8s
[21-02-14 20:05:22-DEBUG] 
VAL  set, TITLE	CLS0	CLS1	CLS2	MEAN
VAL  set, REC:	0.984	1.000	1.000	0.995	
VAL  set, F1 :	0.992	0.993	0.991	0.992	
VAL  set, AUC:	1.000	1.000	1.000	1.000	
VAL  set, ACC:	0.992	0.996	0.996	0.995	
VAL  set, SPE:	1.000	0.995	0.995	0.997	
[21-02-14 20:06:01-INFO] TEST_RECALL: 0.636, TIME: 38.8s
[21-02-14 20:06:01-DEBUG] 
TEST set, TITLE	CLS0	CLS1	CLS2	MEAN
TEST set, REC:	0.609	0.608	0.692	0.636	
TEST set, F1 :	0.704	0.526	0.615	0.615	
TEST set, AUC:	0.828	0.722	0.865	0.805	
TEST set, ACC:	0.737	0.687	0.826	0.750	
TEST set, SPE:	0.873	0.719	0.860	0.817	
[21-02-14 20:06:02-INFO] BEST_RECALL: 0.661, EPOCH:  46
[21-02-14 20:13:55-INFO] EPOCH: 55
[21-02-14 20:13:55-INFO] TRAIN_LOSS : 0.085, TIME: 472.5s
[21-02-14 20:14:34-INFO] VAL _RECALL: 1.000, TIME: 38.8s
[21-02-14 20:14:34-DEBUG] 
VAL  set, TITLE	CLS0	CLS1	CLS2	MEAN
VAL  set, REC:	1.000	1.000	1.000	1.000	
VAL  set, F1 :	1.000	1.000	1.000	1.000	
VAL  set, AUC:	1.000	1.000	1.000	1.000	
VAL  set, ACC:	1.000	1.000	1.000	1.000	
VAL  set, SPE:	1.000	1.000	1.000	1.000	
[21-02-14 20:15:13-INFO] TEST_RECALL: 0.612, TIME: 38.9s
[21-02-14 20:15:13-DEBUG] 
TEST set, TITLE	CLS0	CLS1	CLS2	MEAN
TEST set, REC:	0.647	0.595	0.596	0.612	
TEST set, F1 :	0.714	0.503	0.608	0.608	
TEST set, AUC:	0.814	0.705	0.865	0.794	
TEST set, ACC:	0.734	0.664	0.846	0.748	
TEST set, SPE:	0.825	0.692	0.908	0.809	
[21-02-14 20:15:14-INFO] BEST_RECALL: 0.661, EPOCH:  46
[21-02-14 20:23:07-INFO] EPOCH: 56
[21-02-14 20:23:07-INFO] TRAIN_LOSS : 0.022, TIME: 472.7s
[21-02-14 20:23:46-INFO] VAL _RECALL: 0.995, TIME: 39.0s
[21-02-14 20:23:46-DEBUG] 
VAL  set, TITLE	CLS0	CLS1	CLS2	MEAN
VAL  set, REC:	0.984	1.000	1.000	0.995	
VAL  set, F1 :	0.992	0.987	1.000	0.993	
VAL  set, AUC:	1.000	1.000	1.000	1.000	
VAL  set, ACC:	0.992	0.992	1.000	0.995	
VAL  set, SPE:	1.000	0.989	1.000	0.996	
[21-02-14 20:24:25-INFO] TEST_RECALL: 0.642, TIME: 38.9s
[21-02-14 20:24:25-DEBUG] 
TEST set, TITLE	CLS0	CLS1	CLS2	MEAN
TEST set, REC:	0.586	0.649	0.692	0.642	
TEST set, F1 :	0.690	0.536	0.637	0.621	
TEST set, AUC:	0.830	0.731	0.869	0.810	
TEST set, ACC:	0.730	0.680	0.842	0.750	
TEST set, SPE:	0.881	0.692	0.879	0.817	
[21-02-14 20:24:26-INFO] BEST_RECALL: 0.661, EPOCH:  46
[21-02-14 20:32:19-INFO] EPOCH: 57
[21-02-14 20:32:19-INFO] TRAIN_LOSS : 0.021, TIME: 472.6s
[21-02-14 20:32:58-INFO] VAL _RECALL: 1.000, TIME: 38.8s
[21-02-14 20:32:58-DEBUG] 
VAL  set, TITLE	CLS0	CLS1	CLS2	MEAN
VAL  set, REC:	1.000	1.000	1.000	1.000	
VAL  set, F1 :	1.000	1.000	1.000	1.000	
VAL  set, AUC:	1.000	1.000	1.000	1.000	
VAL  set, ACC:	1.000	1.000	1.000	1.000	
VAL  set, SPE:	1.000	1.000	1.000	1.000	
[21-02-14 20:33:37-INFO] TEST_RECALL: 0.610, TIME: 38.9s
[21-02-14 20:33:37-DEBUG] 
TEST set, TITLE	CLS0	CLS1	CLS2	MEAN
TEST set, REC:	0.812	0.500	0.519	0.610	
TEST set, F1 :	0.774	0.503	0.587	0.622	
TEST set, AUC:	0.842	0.737	0.866	0.815	
TEST set, ACC:	0.757	0.718	0.853	0.776	
TEST set, SPE:	0.698	0.805	0.937	0.814	
[21-02-14 20:33:38-INFO] BEST_RECALL: 0.661, EPOCH:  46
[21-02-14 20:41:31-INFO] EPOCH: 58
[21-02-14 20:41:31-INFO] TRAIN_LOSS : 0.009, TIME: 472.7s
[21-02-14 20:42:10-INFO] VAL _RECALL: 0.976, TIME: 38.9s
[21-02-14 20:42:10-DEBUG] 
VAL  set, TITLE	CLS0	CLS1	CLS2	MEAN
VAL  set, REC:	1.000	1.000	0.929	0.976	
VAL  set, F1 :	0.996	0.980	0.963	0.980	
VAL  set, AUC:	1.000	1.000	1.000	1.000	
VAL  set, ACC:	0.996	0.988	0.985	0.990	
VAL  set, SPE:	0.992	0.984	1.000	0.992	
[21-02-14 20:42:49-INFO] TEST_RECALL: 0.613, TIME: 38.9s
[21-02-14 20:42:49-DEBUG] 
TEST set, TITLE	CLS0	CLS1	CLS2	MEAN
TEST set, REC:	0.805	0.554	0.481	0.613	
TEST set, F1 :	0.775	0.509	0.617	0.634	
TEST set, AUC:	0.830	0.713	0.915	0.819	
TEST set, ACC:	0.761	0.695	0.880	0.779	
TEST set, SPE:	0.714	0.751	0.981	0.815	
[21-02-14 20:42:50-INFO] BEST_RECALL: 0.661, EPOCH:  46
[21-02-14 20:50:42-INFO] EPOCH: 59
[21-02-14 20:50:42-INFO] TRAIN_LOSS : 0.007, TIME: 472.6s
[21-02-14 20:51:21-INFO] VAL _RECALL: 1.000, TIME: 38.8s
[21-02-14 20:51:21-DEBUG] 
VAL  set, TITLE	CLS0	CLS1	CLS2	MEAN
VAL  set, REC:	1.000	1.000	1.000	1.000	
VAL  set, F1 :	1.000	1.000	1.000	1.000	
VAL  set, AUC:	1.000	1.000	1.000	1.000	
VAL  set, ACC:	1.000	1.000	1.000	1.000	
VAL  set, SPE:	1.000	1.000	1.000	1.000	
[21-02-14 20:52:00-INFO] TEST_RECALL: 0.600, TIME: 38.9s
[21-02-14 20:52:00-DEBUG] 
TEST set, TITLE	CLS0	CLS1	CLS2	MEAN
TEST set, REC:	0.767	0.378	0.654	0.600	
TEST set, F1 :	0.756	0.409	0.613	0.592	
TEST set, AUC:	0.833	0.711	0.893	0.812	
TEST set, ACC:	0.745	0.687	0.834	0.755	
TEST set, SPE:	0.722	0.811	0.879	0.804	
[21-02-14 20:52:02-INFO] BEST_RECALL: 0.661, EPOCH:  46
[21-02-14 20:59:54-INFO] EPOCH: 60
[21-02-14 20:59:54-INFO] TRAIN_LOSS : 0.001, TIME: 472.1s
[21-02-14 21:00:32-INFO] VAL _RECALL: 1.000, TIME: 38.9s
[21-02-14 21:00:32-DEBUG] 
VAL  set, TITLE	CLS0	CLS1	CLS2	MEAN
VAL  set, REC:	1.000	1.000	1.000	1.000	
VAL  set, F1 :	1.000	1.000	1.000	1.000	
VAL  set, AUC:	1.000	1.000	1.000	1.000	
VAL  set, ACC:	1.000	1.000	1.000	1.000	
VAL  set, SPE:	1.000	1.000	1.000	1.000	
[21-02-14 21:01:11-INFO] TEST_RECALL: 0.587, TIME: 39.0s
[21-02-14 21:01:11-DEBUG] 
TEST set, TITLE	CLS0	CLS1	CLS2	MEAN
TEST set, REC:	0.797	0.311	0.654	0.587	
TEST set, F1 :	0.757	0.359	0.618	0.578	
TEST set, AUC:	0.834	0.712	0.891	0.812	
TEST set, ACC:	0.737	0.683	0.838	0.753	
TEST set, SPE:	0.675	0.832	0.884	0.797	
[21-02-14 21:01:13-INFO] BEST_RECALL: 0.661, EPOCH:  46
[21-02-14 21:09:05-INFO] EPOCH: 61
[21-02-14 21:09:05-INFO] TRAIN_LOSS : 0.001, TIME: 472.3s
[21-02-14 21:09:44-INFO] VAL _RECALL: 1.000, TIME: 38.9s
[21-02-14 21:09:44-DEBUG] 
VAL  set, TITLE	CLS0	CLS1	CLS2	MEAN
VAL  set, REC:	1.000	1.000	1.000	1.000	
VAL  set, F1 :	1.000	1.000	1.000	1.000	
VAL  set, AUC:	1.000	1.000	1.000	1.000	
VAL  set, ACC:	1.000	1.000	1.000	1.000	
VAL  set, SPE:	1.000	1.000	1.000	1.000	
[21-02-14 21:10:23-INFO] TEST_RECALL: 0.593, TIME: 39.0s
[21-02-14 21:10:23-DEBUG] 
TEST set, TITLE	CLS0	CLS1	CLS2	MEAN
TEST set, REC:	0.774	0.351	0.654	0.593	
TEST set, F1 :	0.752	0.388	0.618	0.586	
TEST set, AUC:	0.835	0.714	0.893	0.814	
TEST set, ACC:	0.737	0.683	0.838	0.753	
TEST set, SPE:	0.698	0.816	0.884	0.800	
[21-02-14 21:10:24-INFO] BEST_RECALL: 0.661, EPOCH:  46
[21-02-14 21:18:16-INFO] EPOCH: 62
[21-02-14 21:18:16-INFO] TRAIN_LOSS : 0.001, TIME: 471.4s
[21-02-14 21:18:55-INFO] VAL _RECALL: 1.000, TIME: 38.9s
[21-02-14 21:18:55-DEBUG] 
VAL  set, TITLE	CLS0	CLS1	CLS2	MEAN
VAL  set, REC:	1.000	1.000	1.000	1.000	
VAL  set, F1 :	1.000	1.000	1.000	1.000	
VAL  set, AUC:	1.000	1.000	1.000	1.000	
VAL  set, ACC:	1.000	1.000	1.000	1.000	
VAL  set, SPE:	1.000	1.000	1.000	1.000	
[21-02-14 21:19:34-INFO] TEST_RECALL: 0.613, TIME: 38.8s
[21-02-14 21:19:34-DEBUG] 
TEST set, TITLE	CLS0	CLS1	CLS2	MEAN
TEST set, REC:	0.752	0.432	0.654	0.613	
TEST set, F1 :	0.749	0.444	0.636	0.610	
TEST set, AUC:	0.830	0.713	0.898	0.814	
TEST set, ACC:	0.741	0.691	0.849	0.761	
TEST set, SPE:	0.730	0.795	0.899	0.808	
[21-02-14 21:19:35-INFO] BEST_RECALL: 0.661, EPOCH:  46
[21-02-14 21:27:27-INFO] EPOCH: 63
[21-02-14 21:27:27-INFO] TRAIN_LOSS : 0.001, TIME: 471.9s
[21-02-14 21:28:05-INFO] VAL _RECALL: 1.000, TIME: 38.7s
[21-02-14 21:28:05-DEBUG] 
VAL  set, TITLE	CLS0	CLS1	CLS2	MEAN
VAL  set, REC:	1.000	1.000	1.000	1.000	
VAL  set, F1 :	1.000	1.000	1.000	1.000	
VAL  set, AUC:	1.000	1.000	1.000	1.000	
VAL  set, ACC:	1.000	1.000	1.000	1.000	
VAL  set, SPE:	1.000	1.000	1.000	1.000	
[21-02-14 21:28:44-INFO] TEST_RECALL: 0.601, TIME: 38.8s
[21-02-14 21:28:44-DEBUG] 
TEST set, TITLE	CLS0	CLS1	CLS2	MEAN
TEST set, REC:	0.820	0.311	0.673	0.601	
TEST set, F1 :	0.768	0.393	0.598	0.586	
TEST set, AUC:	0.832	0.710	0.897	0.813	
TEST set, ACC:	0.745	0.726	0.819	0.763	
TEST set, SPE:	0.667	0.892	0.855	0.805	
[21-02-14 21:28:46-INFO] BEST_RECALL: 0.661, EPOCH:  46
[21-02-14 21:36:38-INFO] EPOCH: 64
[21-02-14 21:36:38-INFO] TRAIN_LOSS : 0.013, TIME: 472.0s
[21-02-14 21:37:17-INFO] VAL _RECALL: 1.000, TIME: 38.9s
[21-02-14 21:37:17-DEBUG] 
VAL  set, TITLE	CLS0	CLS1	CLS2	MEAN
VAL  set, REC:	1.000	1.000	1.000	1.000	
VAL  set, F1 :	1.000	1.000	1.000	1.000	
VAL  set, AUC:	1.000	1.000	1.000	1.000	
VAL  set, ACC:	1.000	1.000	1.000	1.000	
VAL  set, SPE:	1.000	1.000	1.000	1.000	
[21-02-14 21:37:55-INFO] TEST_RECALL: 0.625, TIME: 38.8s
[21-02-14 21:37:55-DEBUG] 
TEST set, TITLE	CLS0	CLS1	CLS2	MEAN
TEST set, REC:	0.722	0.459	0.692	0.625	
TEST set, F1 :	0.747	0.463	0.632	0.614	
TEST set, AUC:	0.822	0.696	0.898	0.805	
TEST set, ACC:	0.749	0.695	0.838	0.761	
TEST set, SPE:	0.778	0.789	0.874	0.814	
[21-02-14 21:37:57-INFO] BEST_RECALL: 0.661, EPOCH:  46
[21-02-14 21:45:48-INFO] EPOCH: 65
[21-02-14 21:45:48-INFO] TRAIN_LOSS : 0.002, TIME: 471.6s
[21-02-14 21:46:27-INFO] VAL _RECALL: 1.000, TIME: 38.9s
[21-02-14 21:46:27-DEBUG] 
VAL  set, TITLE	CLS0	CLS1	CLS2	MEAN
VAL  set, REC:	1.000	1.000	1.000	1.000	
VAL  set, F1 :	1.000	1.000	1.000	1.000	
VAL  set, AUC:	1.000	1.000	1.000	1.000	
VAL  set, ACC:	1.000	1.000	1.000	1.000	
VAL  set, SPE:	1.000	1.000	1.000	1.000	
[21-02-14 21:47:06-INFO] TEST_RECALL: 0.612, TIME: 38.9s
[21-02-14 21:47:06-DEBUG] 
TEST set, TITLE	CLS0	CLS1	CLS2	MEAN
TEST set, REC:	0.752	0.392	0.692	0.612	
TEST set, F1 :	0.769	0.423	0.595	0.596	
TEST set, AUC:	0.851	0.721	0.897	0.823	
TEST set, ACC:	0.768	0.695	0.811	0.758	
TEST set, SPE:	0.786	0.816	0.841	0.814	
[21-02-14 21:47:07-INFO] BEST_RECALL: 0.661, EPOCH:  46
[21-02-14 21:54:59-INFO] EPOCH: 66
[21-02-14 21:54:59-INFO] TRAIN_LOSS : 0.001, TIME: 471.3s
[21-02-14 21:55:38-INFO] VAL _RECALL: 1.000, TIME: 38.7s
[21-02-14 21:55:38-DEBUG] 
VAL  set, TITLE	CLS0	CLS1	CLS2	MEAN
VAL  set, REC:	1.000	1.000	1.000	1.000	
VAL  set, F1 :	1.000	1.000	1.000	1.000	
VAL  set, AUC:	1.000	1.000	1.000	1.000	
VAL  set, ACC:	1.000	1.000	1.000	1.000	
VAL  set, SPE:	1.000	1.000	1.000	1.000	
[21-02-14 21:56:17-INFO] TEST_RECALL: 0.640, TIME: 38.9s
[21-02-14 21:56:17-DEBUG] 
TEST set, TITLE	CLS0	CLS1	CLS2	MEAN
TEST set, REC:	0.752	0.514	0.654	0.640	
TEST set, F1 :	0.766	0.503	0.642	0.637	
TEST set, AUC:	0.837	0.727	0.906	0.824	
TEST set, ACC:	0.764	0.710	0.853	0.776	
TEST set, SPE:	0.778	0.789	0.903	0.823	
[21-02-14 21:56:18-INFO] BEST_RECALL: 0.661, EPOCH:  46
[21-02-14 22:04:09-INFO] EPOCH: 67
[21-02-14 22:04:09-INFO] TRAIN_LOSS : 0.001, TIME: 471.1s
[21-02-14 22:04:48-INFO] VAL _RECALL: 1.000, TIME: 38.8s
[21-02-14 22:04:48-DEBUG] 
VAL  set, TITLE	CLS0	CLS1	CLS2	MEAN
VAL  set, REC:	1.000	1.000	1.000	1.000	
VAL  set, F1 :	1.000	1.000	1.000	1.000	
VAL  set, AUC:	1.000	1.000	1.000	1.000	
VAL  set, ACC:	1.000	1.000	1.000	1.000	
VAL  set, SPE:	1.000	1.000	1.000	1.000	
[21-02-14 22:05:27-INFO] TEST_RECALL: 0.608, TIME: 38.9s
[21-02-14 22:05:27-DEBUG] 
TEST set, TITLE	CLS0	CLS1	CLS2	MEAN
TEST set, REC:	0.812	0.338	0.673	0.608	
TEST set, F1 :	0.755	0.403	0.648	0.602	
TEST set, AUC:	0.842	0.727	0.901	0.824	
TEST set, ACC:	0.730	0.714	0.853	0.766	
TEST set, SPE:	0.643	0.865	0.899	0.802	
[21-02-14 22:05:28-INFO] BEST_RECALL: 0.661, EPOCH:  46
[21-02-14 22:13:19-INFO] EPOCH: 68
[21-02-14 22:13:19-INFO] TRAIN_LOSS : 0.002, TIME: 471.3s
[21-02-14 22:13:58-INFO] VAL _RECALL: 0.994, TIME: 38.9s
[21-02-14 22:13:58-DEBUG] 
VAL  set, TITLE	CLS0	CLS1	CLS2	MEAN
VAL  set, REC:	1.000	1.000	0.982	0.994	
VAL  set, F1 :	1.000	0.993	0.991	0.995	
VAL  set, AUC:	1.000	1.000	1.000	1.000	
VAL  set, ACC:	1.000	0.996	0.996	0.997	
VAL  set, SPE:	1.000	0.995	1.000	0.998	
[21-02-14 22:14:37-INFO] TEST_RECALL: 0.599, TIME: 38.8s
[21-02-14 22:14:37-DEBUG] 
TEST set, TITLE	CLS0	CLS1	CLS2	MEAN
TEST set, REC:	0.820	0.419	0.558	0.599	
TEST set, F1 :	0.770	0.446	0.604	0.607	
TEST set, AUC:	0.821	0.711	0.878	0.804	
TEST set, ACC:	0.749	0.703	0.853	0.768	
TEST set, SPE:	0.675	0.816	0.928	0.806	
[21-02-14 22:14:38-INFO] BEST_RECALL: 0.661, EPOCH:  46
[21-02-14 22:22:30-INFO] EPOCH: 69
[21-02-14 22:22:30-INFO] TRAIN_LOSS : 0.028, TIME: 472.0s
[21-02-14 22:23:09-INFO] VAL _RECALL: 0.939, TIME: 38.8s
[21-02-14 22:23:09-DEBUG] 
VAL  set, TITLE	CLS0	CLS1	CLS2	MEAN
VAL  set, REC:	0.992	0.987	0.839	0.939	
VAL  set, F1 :	0.981	0.949	0.913	0.947	
VAL  set, AUC:	0.999	0.998	0.999	0.999	
VAL  set, ACC:	0.981	0.969	0.965	0.972	
VAL  set, SPE:	0.969	0.962	1.000	0.977	
[21-02-14 22:23:48-INFO] TEST_RECALL: 0.545, TIME: 38.8s
[21-02-14 22:23:48-DEBUG] 
TEST set, TITLE	CLS0	CLS1	CLS2	MEAN
TEST set, REC:	0.752	0.459	0.423	0.545	
TEST set, F1 :	0.717	0.422	0.564	0.568	
TEST set, AUC:	0.781	0.652	0.837	0.757	
TEST set, ACC:	0.695	0.641	0.869	0.735	
TEST set, SPE:	0.635	0.714	0.981	0.776	
[21-02-14 22:23:49-INFO] BEST_RECALL: 0.661, EPOCH:  46
