[21-02-04 04:11:42-DEBUG] Checkpoints is in:
./results/checkpoints/20210204/3D_ResNet18-2-041141/
[21-02-04 04:11:42-DEBUG] Tensorboard is in:
./results/tensorboards/20210204/3D_ResNet18-2-041141/
[21-02-04 04:11:42-DEBUG] Data is in:
./data/Net_Input/3D_64_z1.0_l0.70_h0.10_20210125/
[21-02-04 04:11:42-DEBUG] LR: 3e-05, LD: 0.98
[21-02-04 04:11:42-DEBUG] WD: 1e-05, WU: 20
[21-02-04 04:11:42-DEBUG] BS: 4, FOLD: 2


[21-02-04 04:22:02-INFO] EPOCH: 1
[21-02-04 04:22:02-INFO] TRAIN_LOSS : 1.023, TIME: 612.9s
[21-02-04 04:22:54-INFO] VAL _RECALL: 0.422, TIME: 51.7s
[21-02-04 04:22:54-DEBUG] 
VAL  set, TITLE	CLS0	CLS1	CLS2	MEAN
VAL  set, REC:	0.783	0.000	0.482	0.422	
VAL  set, F1 :	0.656	0.000	0.394	0.350	
VAL  set, AUC:	0.676	0.590	0.659	0.642	
VAL  set, ACC:	0.592	0.712	0.681	0.662	
VAL  set, SPE:	0.405	1.000	0.735	0.713	
[21-02-04 04:23:45-INFO] TEST_RECALL: 0.389, TIME: 51.5s
[21-02-04 04:23:45-DEBUG] 
TEST set, TITLE	CLS0	CLS1	CLS2	MEAN
TEST set, REC:	0.744	0.000	0.423	0.389	
TEST set, F1 :	0.639	0.000	0.328	0.322	
TEST set, AUC:	0.657	0.571	0.669	0.632	
TEST set, ACC:	0.568	0.714	0.653	0.645	
TEST set, SPE:	0.381	1.000	0.710	0.697	
[21-02-04 04:23:46-INFO] BEST_RECALL: 0.389, EPOCH:   1
[21-02-04 04:33:58-INFO] EPOCH: 2
[21-02-04 04:33:58-INFO] TRAIN_LOSS : 0.965, TIME: 612.5s
[21-02-04 04:34:50-INFO] VAL _RECALL: 0.432, TIME: 51.6s
[21-02-04 04:34:50-DEBUG] 
VAL  set, TITLE	CLS0	CLS1	CLS2	MEAN
VAL  set, REC:	0.992	0.000	0.304	0.432	
VAL  set, F1 :	0.713	0.000	0.395	0.369	
VAL  set, AUC:	0.832	0.636	0.826	0.765	
VAL  set, ACC:	0.604	0.712	0.800	0.705	
VAL  set, SPE:	0.221	1.000	0.936	0.719	
[21-02-04 04:35:41-INFO] TEST_RECALL: 0.409, TIME: 51.5s
[21-02-04 04:35:41-DEBUG] 
TEST set, TITLE	CLS0	CLS1	CLS2	MEAN
TEST set, REC:	0.925	0.014	0.288	0.409	
TEST set, F1 :	0.695	0.026	0.341	0.354	
TEST set, AUC:	0.749	0.602	0.777	0.709	
TEST set, ACC:	0.583	0.714	0.776	0.691	
TEST set, SPE:	0.222	0.995	0.899	0.705	
[21-02-04 04:35:42-INFO] BEST_RECALL: 0.409, EPOCH:   2
[21-02-04 04:45:54-INFO] EPOCH: 3
[21-02-04 04:45:54-INFO] TRAIN_LOSS : 0.918, TIME: 612.0s
[21-02-04 04:46:46-INFO] VAL _RECALL: 0.333, TIME: 51.6s
[21-02-04 04:46:46-DEBUG] 
VAL  set, TITLE	CLS0	CLS1	CLS2	MEAN
VAL  set, REC:	1.000	0.000	0.000	0.333	
VAL  set, F1 :	0.663	0.000	0.000	0.221	
VAL  set, AUC:	0.799	0.597	0.810	0.735	
VAL  set, ACC:	0.496	0.712	0.785	0.664	
VAL  set, SPE:	0.000	1.000	1.000	0.667	
[21-02-04 04:47:37-INFO] TEST_RECALL: 0.333, TIME: 51.6s
[21-02-04 04:47:37-DEBUG] 
TEST set, TITLE	CLS0	CLS1	CLS2	MEAN
TEST set, REC:	1.000	0.000	0.000	0.333	
TEST set, F1 :	0.679	0.000	0.000	0.226	
TEST set, AUC:	0.753	0.609	0.734	0.699	
TEST set, ACC:	0.514	0.714	0.799	0.676	
TEST set, SPE:	0.000	1.000	1.000	0.667	
[21-02-04 04:47:37-INFO] BEST_RECALL: 0.409, EPOCH:   2
[21-02-04 04:57:50-INFO] EPOCH: 4
[21-02-04 04:57:50-INFO] TRAIN_LOSS : 0.850, TIME: 612.5s
[21-02-04 04:58:42-INFO] VAL _RECALL: 0.333, TIME: 51.7s
[21-02-04 04:58:42-DEBUG] 
VAL  set, TITLE	CLS0	CLS1	CLS2	MEAN
VAL  set, REC:	1.000	0.000	0.000	0.333	
VAL  set, F1 :	0.663	0.000	0.000	0.221	
VAL  set, AUC:	0.736	0.579	0.737	0.684	
VAL  set, ACC:	0.496	0.712	0.785	0.664	
VAL  set, SPE:	0.000	1.000	1.000	0.667	
[21-02-04 04:59:33-INFO] TEST_RECALL: 0.333, TIME: 51.6s
[21-02-04 04:59:33-DEBUG] 
TEST set, TITLE	CLS0	CLS1	CLS2	MEAN
TEST set, REC:	1.000	0.000	0.000	0.333	
TEST set, F1 :	0.679	0.000	0.000	0.226	
TEST set, AUC:	0.708	0.593	0.683	0.661	
TEST set, ACC:	0.514	0.714	0.799	0.676	
TEST set, SPE:	0.000	1.000	1.000	0.667	
[21-02-04 04:59:33-INFO] BEST_RECALL: 0.409, EPOCH:   2
[21-02-04 05:09:46-INFO] EPOCH: 5
[21-02-04 05:09:46-INFO] TRAIN_LOSS : 0.829, TIME: 612.7s
[21-02-04 05:10:37-INFO] VAL _RECALL: 0.341, TIME: 51.6s
[21-02-04 05:10:37-DEBUG] 
VAL  set, TITLE	CLS0	CLS1	CLS2	MEAN
VAL  set, REC:	0.023	0.000	1.000	0.341	
VAL  set, F1 :	0.045	0.000	0.362	0.136	
VAL  set, AUC:	0.874	0.394	0.857	0.709	
VAL  set, ACC:	0.515	0.696	0.242	0.485	
VAL  set, SPE:	1.000	0.978	0.034	0.671	
[21-02-04 05:11:29-INFO] TEST_RECALL: 0.340, TIME: 51.6s
[21-02-04 05:11:29-DEBUG] 
TEST set, TITLE	CLS0	CLS1	CLS2	MEAN
TEST set, REC:	0.008	0.014	1.000	0.340	
TEST set, F1 :	0.015	0.026	0.339	0.127	
TEST set, AUC:	0.742	0.497	0.819	0.686	
TEST set, ACC:	0.486	0.714	0.216	0.472	
TEST set, SPE:	0.992	0.995	0.019	0.669	
[21-02-04 05:11:29-INFO] BEST_RECALL: 0.409, EPOCH:   2
[21-02-04 05:21:42-INFO] EPOCH: 6
[21-02-04 05:21:42-INFO] TRAIN_LOSS : 0.786, TIME: 612.4s
[21-02-04 05:22:33-INFO] VAL _RECALL: 0.577, TIME: 51.7s
[21-02-04 05:22:33-DEBUG] 
VAL  set, TITLE	CLS0	CLS1	CLS2	MEAN
VAL  set, REC:	0.388	0.360	0.982	0.577	
VAL  set, F1 :	0.543	0.314	0.671	0.509	
VAL  set, AUC:	0.915	0.573	0.949	0.812	
VAL  set, ACC:	0.677	0.546	0.792	0.672	
VAL  set, SPE:	0.962	0.622	0.740	0.775	
[21-02-04 05:23:25-INFO] TEST_RECALL: 0.542, TIME: 51.5s
[21-02-04 05:23:25-DEBUG] 
TEST set, TITLE	CLS0	CLS1	CLS2	MEAN
TEST set, REC:	0.316	0.446	0.865	0.542	
TEST set, F1 :	0.472	0.386	0.533	0.463	
TEST set, AUC:	0.800	0.576	0.880	0.752	
TEST set, ACC:	0.637	0.595	0.695	0.642	
TEST set, SPE:	0.976	0.654	0.652	0.761	
[21-02-04 05:23:26-INFO] BEST_RECALL: 0.542, EPOCH:   6
[21-02-04 05:33:37-INFO] EPOCH: 7
[21-02-04 05:33:37-INFO] TRAIN_LOSS : 0.705, TIME: 611.3s
[21-02-04 05:34:29-INFO] VAL _RECALL: 0.601, TIME: 51.7s
[21-02-04 05:34:29-DEBUG] 
VAL  set, TITLE	CLS0	CLS1	CLS2	MEAN
VAL  set, REC:	0.736	0.067	1.000	0.601	
VAL  set, F1 :	0.837	0.120	0.533	0.497	
VAL  set, AUC:	0.973	0.609	0.961	0.848	
VAL  set, ACC:	0.858	0.719	0.623	0.733	
VAL  set, SPE:	0.977	0.984	0.520	0.827	
[21-02-04 05:35:21-INFO] TEST_RECALL: 0.486, TIME: 51.5s
[21-02-04 05:35:21-DEBUG] 
TEST set, TITLE	CLS0	CLS1	CLS2	MEAN
TEST set, REC:	0.474	0.041	0.942	0.486	
TEST set, F1 :	0.609	0.070	0.436	0.371	
TEST set, AUC:	0.816	0.575	0.869	0.753	
TEST set, ACC:	0.687	0.691	0.510	0.629	
TEST set, SPE:	0.913	0.951	0.401	0.755	
[21-02-04 05:35:22-INFO] BEST_RECALL: 0.542, EPOCH:   6
[21-02-04 05:45:34-INFO] EPOCH: 8
[21-02-04 05:45:34-INFO] TRAIN_LOSS : 0.694, TIME: 612.1s
[21-02-04 05:46:25-INFO] VAL _RECALL: 0.411, TIME: 51.6s
[21-02-04 05:46:25-DEBUG] 
VAL  set, TITLE	CLS0	CLS1	CLS2	MEAN
VAL  set, REC:	0.008	0.227	1.000	0.411	
VAL  set, F1 :	0.015	0.178	0.563	0.252	
VAL  set, AUC:	0.962	0.404	0.974	0.780	
VAL  set, ACC:	0.508	0.396	0.665	0.523	
VAL  set, SPE:	1.000	0.465	0.574	0.679	
[21-02-04 05:47:17-INFO] TEST_RECALL: 0.414, TIME: 51.5s
[21-02-04 05:47:17-DEBUG] 
TEST set, TITLE	CLS0	CLS1	CLS2	MEAN
TEST set, REC:	0.000	0.338	0.904	0.414	
TEST set, F1 :	0.000	0.269	0.475	0.248	
TEST set, AUC:	0.786	0.455	0.861	0.701	
TEST set, ACC:	0.483	0.475	0.598	0.519	
TEST set, SPE:	0.992	0.530	0.522	0.681	
[21-02-04 05:47:18-INFO] BEST_RECALL: 0.542, EPOCH:   6
[21-02-04 05:57:30-INFO] EPOCH: 9
[21-02-04 05:57:30-INFO] TRAIN_LOSS : 0.670, TIME: 612.3s
[21-02-04 05:58:22-INFO] VAL _RECALL: 0.524, TIME: 51.7s
[21-02-04 05:58:22-DEBUG] 
VAL  set, TITLE	CLS0	CLS1	CLS2	MEAN
VAL  set, REC:	1.000	0.000	0.571	0.524	
VAL  set, F1 :	0.725	0.000	0.719	0.481	
VAL  set, AUC:	0.972	0.764	0.973	0.903	
VAL  set, ACC:	0.623	0.712	0.904	0.746	
VAL  set, SPE:	0.252	1.000	0.995	0.749	
[21-02-04 05:59:13-INFO] TEST_RECALL: 0.433, TIME: 51.4s
[21-02-04 05:59:13-DEBUG] 
TEST set, TITLE	CLS0	CLS1	CLS2	MEAN
TEST set, REC:	0.992	0.000	0.308	0.433	
TEST set, F1 :	0.708	0.000	0.451	0.386	
TEST set, AUC:	0.817	0.638	0.857	0.771	
TEST set, ACC:	0.579	0.714	0.849	0.714	
TEST set, SPE:	0.143	1.000	0.986	0.709	
[21-02-04 05:59:14-INFO] BEST_RECALL: 0.542, EPOCH:   6
[21-02-04 06:09:26-INFO] EPOCH: 10
[21-02-04 06:09:26-INFO] TRAIN_LOSS : 0.555, TIME: 611.8s
[21-02-04 06:10:18-INFO] VAL _RECALL: 0.817, TIME: 51.7s
[21-02-04 06:10:18-DEBUG] 
VAL  set, TITLE	CLS0	CLS1	CLS2	MEAN
VAL  set, REC:	0.775	0.693	0.982	0.817	
VAL  set, F1 :	0.870	0.671	0.815	0.785	
VAL  set, AUC:	0.989	0.860	0.984	0.945	
VAL  set, ACC:	0.885	0.804	0.904	0.864	
VAL  set, SPE:	0.992	0.849	0.882	0.908	
[21-02-04 06:11:10-INFO] TEST_RECALL: 0.617, TIME: 51.7s
[21-02-04 06:11:10-DEBUG] 
TEST set, TITLE	CLS0	CLS1	CLS2	MEAN
TEST set, REC:	0.519	0.486	0.846	0.617	
TEST set, F1 :	0.651	0.442	0.615	0.569	
TEST set, AUC:	0.842	0.666	0.895	0.801	
TEST set, ACC:	0.714	0.649	0.788	0.717	
TEST set, SPE:	0.921	0.714	0.773	0.802	
[21-02-04 06:11:12-INFO] BEST_RECALL: 0.617, EPOCH:  10
[21-02-04 06:21:24-INFO] EPOCH: 11
[21-02-04 06:21:24-INFO] TRAIN_LOSS : 0.581, TIME: 612.1s
[21-02-04 06:22:15-INFO] VAL _RECALL: 0.457, TIME: 51.6s
[21-02-04 06:22:15-DEBUG] 
VAL  set, TITLE	CLS0	CLS1	CLS2	MEAN
VAL  set, REC:	1.000	0.013	0.357	0.457	
VAL  set, F1 :	0.707	0.025	0.526	0.419	
VAL  set, AUC:	0.978	0.749	0.996	0.908	
VAL  set, ACC:	0.588	0.704	0.862	0.718	
VAL  set, SPE:	0.183	0.984	1.000	0.722	
[21-02-04 06:23:07-INFO] TEST_RECALL: 0.365, TIME: 51.6s
[21-02-04 06:23:07-DEBUG] 
TEST set, TITLE	CLS0	CLS1	CLS2	MEAN
TEST set, REC:	1.000	0.000	0.096	0.365	
TEST set, F1 :	0.693	0.000	0.172	0.288	
TEST set, AUC:	0.805	0.626	0.861	0.764	
TEST set, ACC:	0.544	0.707	0.815	0.689	
TEST set, SPE:	0.063	0.989	0.995	0.683	
[21-02-04 06:23:08-INFO] BEST_RECALL: 0.617, EPOCH:  10
[21-02-04 06:33:20-INFO] EPOCH: 12
[21-02-04 06:33:20-INFO] TRAIN_LOSS : 0.507, TIME: 612.0s
[21-02-04 06:34:12-INFO] VAL _RECALL: 0.692, TIME: 51.6s
[21-02-04 06:34:12-DEBUG] 
VAL  set, TITLE	CLS0	CLS1	CLS2	MEAN
VAL  set, REC:	1.000	0.093	0.982	0.692	
VAL  set, F1 :	0.819	0.171	0.894	0.628	
VAL  set, AUC:	0.993	0.929	0.994	0.972	
VAL  set, ACC:	0.781	0.738	0.950	0.823	
VAL  set, SPE:	0.565	1.000	0.941	0.835	
[21-02-04 06:35:03-INFO] TEST_RECALL: 0.546, TIME: 51.3s
[21-02-04 06:35:03-DEBUG] 
TEST set, TITLE	CLS0	CLS1	CLS2	MEAN
TEST set, REC:	0.970	0.014	0.654	0.546	
TEST set, F1 :	0.772	0.026	0.630	0.476	
TEST set, AUC:	0.829	0.681	0.864	0.791	
TEST set, ACC:	0.707	0.714	0.846	0.755	
TEST set, SPE:	0.429	0.995	0.894	0.772	
[21-02-04 06:35:04-INFO] BEST_RECALL: 0.617, EPOCH:  10
[21-02-04 06:45:16-INFO] EPOCH: 13
[21-02-04 06:45:16-INFO] TRAIN_LOSS : 0.498, TIME: 611.9s
[21-02-04 06:46:08-INFO] VAL _RECALL: 0.333, TIME: 51.7s
[21-02-04 06:46:08-DEBUG] 
VAL  set, TITLE	CLS0	CLS1	CLS2	MEAN
VAL  set, REC:	0.000	0.000	1.000	0.333	
VAL  set, F1 :	0.000	0.000	0.354	0.118	
VAL  set, AUC:	0.941	0.757	0.908	0.869	
VAL  set, ACC:	0.504	0.712	0.215	0.477	
VAL  set, SPE:	1.000	1.000	0.000	0.667	
[21-02-04 06:46:59-INFO] TEST_RECALL: 0.336, TIME: 51.8s
[21-02-04 06:46:59-DEBUG] 
TEST set, TITLE	CLS0	CLS1	CLS2	MEAN
TEST set, REC:	0.008	0.000	1.000	0.336	
TEST set, F1 :	0.015	0.000	0.335	0.117	
TEST set, AUC:	0.724	0.594	0.739	0.686	
TEST set, ACC:	0.490	0.714	0.205	0.470	
TEST set, SPE:	1.000	1.000	0.005	0.668	
[21-02-04 06:47:00-INFO] BEST_RECALL: 0.617, EPOCH:  10
[21-02-04 06:57:13-INFO] EPOCH: 14
[21-02-04 06:57:13-INFO] TRAIN_LOSS : 0.477, TIME: 612.4s
[21-02-04 06:58:05-INFO] VAL _RECALL: 0.878, TIME: 51.7s
[21-02-04 06:58:05-DEBUG] 
VAL  set, TITLE	CLS0	CLS1	CLS2	MEAN
VAL  set, REC:	1.000	0.653	0.982	0.878	
VAL  set, F1 :	0.928	0.784	0.940	0.884	
VAL  set, AUC:	0.998	0.987	0.999	0.994	
VAL  set, ACC:	0.923	0.896	0.973	0.931	
VAL  set, SPE:	0.847	0.995	0.971	0.938	
[21-02-04 06:58:56-INFO] TEST_RECALL: 0.549, TIME: 51.2s
[21-02-04 06:58:56-DEBUG] 
TEST set, TITLE	CLS0	CLS1	CLS2	MEAN
TEST set, REC:	0.865	0.243	0.538	0.549	
TEST set, F1 :	0.747	0.321	0.571	0.547	
TEST set, AUC:	0.807	0.667	0.860	0.778	
TEST set, ACC:	0.699	0.707	0.838	0.748	
TEST set, SPE:	0.524	0.892	0.913	0.776	
[21-02-04 06:58:57-INFO] BEST_RECALL: 0.617, EPOCH:  10
[21-02-04 07:09:09-INFO] EPOCH: 15
[21-02-04 07:09:09-INFO] TRAIN_LOSS : 0.374, TIME: 612.1s
[21-02-04 07:10:01-INFO] VAL _RECALL: 0.629, TIME: 51.7s
[21-02-04 07:10:01-DEBUG] 
VAL  set, TITLE	CLS0	CLS1	CLS2	MEAN
VAL  set, REC:	0.093	0.813	0.982	0.629	
VAL  set, F1 :	0.170	0.504	0.803	0.492	
VAL  set, AUC:	0.991	0.703	0.991	0.895	
VAL  set, ACC:	0.550	0.538	0.896	0.662	
VAL  set, SPE:	1.000	0.427	0.873	0.767	
[21-02-04 07:10:52-INFO] TEST_RECALL: 0.469, TIME: 51.5s
[21-02-04 07:10:52-DEBUG] 
TEST set, TITLE	CLS0	CLS1	CLS2	MEAN
TEST set, REC:	0.053	0.527	0.827	0.469	
TEST set, F1 :	0.100	0.361	0.531	0.331	
TEST set, AUC:	0.762	0.491	0.849	0.700	
TEST set, ACC:	0.514	0.467	0.707	0.562	
TEST set, SPE:	1.000	0.443	0.676	0.707	
[21-02-04 07:10:53-INFO] BEST_RECALL: 0.617, EPOCH:  10
[21-02-04 07:21:06-INFO] EPOCH: 16
[21-02-04 07:21:06-INFO] TRAIN_LOSS : 0.404, TIME: 612.6s
[21-02-04 07:21:57-INFO] VAL _RECALL: 0.973, TIME: 51.6s
[21-02-04 07:21:57-DEBUG] 
VAL  set, TITLE	CLS0	CLS1	CLS2	MEAN
VAL  set, REC:	1.000	0.973	0.946	0.973	
VAL  set, F1 :	0.992	0.967	0.972	0.977	
VAL  set, AUC:	1.000	0.997	0.999	0.999	
VAL  set, ACC:	0.992	0.981	0.988	0.987	
VAL  set, SPE:	0.985	0.984	1.000	0.990	
[21-02-04 07:22:49-INFO] TEST_RECALL: 0.593, TIME: 51.3s
[21-02-04 07:22:49-DEBUG] 
TEST set, TITLE	CLS0	CLS1	CLS2	MEAN
TEST set, REC:	0.782	0.554	0.442	0.593	
TEST set, F1 :	0.782	0.509	0.505	0.599	
TEST set, AUC:	0.836	0.698	0.857	0.797	
TEST set, ACC:	0.776	0.695	0.826	0.766	
TEST set, SPE:	0.770	0.751	0.923	0.815	
[21-02-04 07:22:50-INFO] BEST_RECALL: 0.617, EPOCH:  10
[21-02-04 07:33:01-INFO] EPOCH: 17
[21-02-04 07:33:01-INFO] TRAIN_LOSS : 0.290, TIME: 611.7s
[21-02-04 07:33:53-INFO] VAL _RECALL: 0.382, TIME: 51.6s
[21-02-04 07:33:53-DEBUG] 
VAL  set, TITLE	CLS0	CLS1	CLS2	MEAN
VAL  set, REC:	0.132	0.013	1.000	0.382	
VAL  set, F1 :	0.233	0.026	0.376	0.212	
VAL  set, AUC:	0.979	0.869	0.996	0.948	
VAL  set, ACC:	0.569	0.715	0.285	0.523	
VAL  set, SPE:	1.000	1.000	0.088	0.696	
[21-02-04 07:34:44-INFO] TEST_RECALL: 0.363, TIME: 51.5s
[21-02-04 07:34:44-DEBUG] 
TEST set, TITLE	CLS0	CLS1	CLS2	MEAN
TEST set, REC:	0.090	0.000	1.000	0.363	
TEST set, F1 :	0.166	0.000	0.348	0.171	
TEST set, AUC:	0.800	0.552	0.867	0.740	
TEST set, ACC:	0.533	0.714	0.247	0.498	
TEST set, SPE:	1.000	1.000	0.058	0.686	
[21-02-04 07:34:45-INFO] BEST_RECALL: 0.617, EPOCH:  10
[21-02-04 07:44:57-INFO] EPOCH: 18
[21-02-04 07:44:57-INFO] TRAIN_LOSS : 0.331, TIME: 612.0s
[21-02-04 07:45:49-INFO] VAL _RECALL: 0.338, TIME: 51.6s
[21-02-04 07:45:49-DEBUG] 
VAL  set, TITLE	CLS0	CLS1	CLS2	MEAN
VAL  set, REC:	0.000	0.013	1.000	0.338	
VAL  set, F1 :	0.000	0.026	0.356	0.127	
VAL  set, AUC:	0.907	0.956	0.881	0.915	
VAL  set, ACC:	0.504	0.715	0.219	0.479	
VAL  set, SPE:	1.000	1.000	0.005	0.668	
[21-02-04 07:46:40-INFO] TEST_RECALL: 0.336, TIME: 51.3s
[21-02-04 07:46:40-DEBUG] 
TEST set, TITLE	CLS0	CLS1	CLS2	MEAN
TEST set, REC:	0.008	0.000	1.000	0.336	
TEST set, F1 :	0.015	0.000	0.335	0.117	
TEST set, AUC:	0.696	0.624	0.608	0.642	
TEST set, ACC:	0.490	0.714	0.205	0.470	
TEST set, SPE:	1.000	1.000	0.005	0.668	
[21-02-04 07:46:41-INFO] BEST_RECALL: 0.617, EPOCH:  10
[21-02-04 07:56:54-INFO] EPOCH: 19
[21-02-04 07:56:54-INFO] TRAIN_LOSS : 0.332, TIME: 612.1s
[21-02-04 07:57:45-INFO] VAL _RECALL: 0.677, TIME: 51.8s
[21-02-04 07:57:45-DEBUG] 
VAL  set, TITLE	CLS0	CLS1	CLS2	MEAN
VAL  set, REC:	0.884	0.147	1.000	0.677	
VAL  set, F1 :	0.923	0.256	0.599	0.593	
VAL  set, AUC:	0.987	0.956	0.998	0.981	
VAL  set, ACC:	0.927	0.754	0.712	0.797	
VAL  set, SPE:	0.969	1.000	0.632	0.867	
[21-02-04 07:58:37-INFO] TEST_RECALL: 0.511, TIME: 51.6s
[21-02-04 07:58:37-DEBUG] 
TEST set, TITLE	CLS0	CLS1	CLS2	MEAN
TEST set, REC:	0.571	0.000	0.962	0.511	
TEST set, F1 :	0.682	0.000	0.455	0.379	
TEST set, AUC:	0.798	0.592	0.848	0.746	
TEST set, ACC:	0.726	0.710	0.537	0.658	
TEST set, SPE:	0.889	0.995	0.430	0.771	
[21-02-04 07:58:38-INFO] BEST_RECALL: 0.617, EPOCH:  10
[21-02-04 08:08:50-INFO] EPOCH: 20
[21-02-04 08:08:50-INFO] TRAIN_LOSS : 0.204, TIME: 612.2s
[21-02-04 08:09:42-INFO] VAL _RECALL: 0.953, TIME: 51.7s
[21-02-04 08:09:42-DEBUG] 
VAL  set, TITLE	CLS0	CLS1	CLS2	MEAN
VAL  set, REC:	0.953	0.907	1.000	0.953	
VAL  set, F1 :	0.969	0.951	0.911	0.943	
VAL  set, AUC:	0.998	0.999	1.000	0.999	
VAL  set, ACC:	0.969	0.973	0.958	0.967	
VAL  set, SPE:	0.985	1.000	0.946	0.977	
[21-02-04 08:10:33-INFO] TEST_RECALL: 0.545, TIME: 51.5s
[21-02-04 08:10:33-DEBUG] 
TEST set, TITLE	CLS0	CLS1	CLS2	MEAN
TEST set, REC:	0.602	0.149	0.885	0.545	
TEST set, F1 :	0.681	0.220	0.503	0.468	
TEST set, AUC:	0.790	0.647	0.803	0.747	
TEST set, ACC:	0.710	0.699	0.649	0.686	
TEST set, SPE:	0.825	0.919	0.589	0.778	
[21-02-04 08:10:35-INFO] BEST_RECALL: 0.617, EPOCH:  10
[21-02-04 08:20:47-INFO] EPOCH: 21
[21-02-04 08:20:47-INFO] TRAIN_LOSS : 0.115, TIME: 612.4s
[21-02-04 08:21:39-INFO] VAL _RECALL: 0.799, TIME: 51.7s
[21-02-04 08:21:39-DEBUG] 
VAL  set, TITLE	CLS0	CLS1	CLS2	MEAN
VAL  set, REC:	0.984	0.413	1.000	0.799	
VAL  set, F1 :	0.992	0.585	0.709	0.762	
VAL  set, AUC:	1.000	1.000	1.000	1.000	
VAL  set, ACC:	0.992	0.831	0.823	0.882	
VAL  set, SPE:	1.000	1.000	0.775	0.925	
[21-02-04 08:22:30-INFO] TEST_RECALL: 0.530, TIME: 51.5s
[21-02-04 08:22:30-DEBUG] 
TEST set, TITLE	CLS0	CLS1	CLS2	MEAN
TEST set, REC:	0.609	0.000	0.981	0.530	
TEST set, F1 :	0.701	0.000	0.479	0.393	
TEST set, AUC:	0.823	0.632	0.846	0.767	
TEST set, ACC:	0.734	0.714	0.571	0.673	
TEST set, SPE:	0.865	1.000	0.469	0.778	
[21-02-04 08:22:31-INFO] BEST_RECALL: 0.617, EPOCH:  10
[21-02-04 08:32:43-INFO] EPOCH: 22
[21-02-04 08:32:43-INFO] TRAIN_LOSS : 0.088, TIME: 612.1s
[21-02-04 08:33:35-INFO] VAL _RECALL: 1.000, TIME: 52.0s
[21-02-04 08:33:35-DEBUG] 
VAL  set, TITLE	CLS0	CLS1	CLS2	MEAN
VAL  set, REC:	1.000	1.000	1.000	1.000	
VAL  set, F1 :	1.000	1.000	1.000	1.000	
VAL  set, AUC:	1.000	1.000	1.000	1.000	
VAL  set, ACC:	1.000	1.000	1.000	1.000	
VAL  set, SPE:	1.000	1.000	1.000	1.000	
[21-02-04 08:34:27-INFO] TEST_RECALL: 0.598, TIME: 51.5s
[21-02-04 08:34:27-DEBUG] 
TEST set, TITLE	CLS0	CLS1	CLS2	MEAN
TEST set, REC:	0.564	0.365	0.865	0.598	
TEST set, F1 :	0.682	0.429	0.523	0.545	
TEST set, AUC:	0.837	0.664	0.858	0.786	
TEST set, ACC:	0.730	0.722	0.683	0.712	
TEST set, SPE:	0.905	0.865	0.638	0.802	
[21-02-04 08:34:28-INFO] BEST_RECALL: 0.617, EPOCH:  10
[21-02-04 08:44:40-INFO] EPOCH: 23
[21-02-04 08:44:40-INFO] TRAIN_LOSS : 0.120, TIME: 612.4s
[21-02-04 08:45:32-INFO] VAL _RECALL: 0.988, TIME: 51.7s
[21-02-04 08:45:32-DEBUG] 
VAL  set, TITLE	CLS0	CLS1	CLS2	MEAN
VAL  set, REC:	1.000	1.000	0.964	0.988	
VAL  set, F1 :	1.000	0.987	0.982	0.990	
VAL  set, AUC:	1.000	1.000	1.000	1.000	
VAL  set, ACC:	1.000	0.992	0.992	0.995	
VAL  set, SPE:	1.000	0.989	1.000	0.996	
[21-02-04 08:46:24-INFO] TEST_RECALL: 0.512, TIME: 51.6s
[21-02-04 08:46:24-DEBUG] 
TEST set, TITLE	CLS0	CLS1	CLS2	MEAN
TEST set, REC:	0.714	0.649	0.173	0.512	
TEST set, F1 :	0.736	0.485	0.290	0.504	
TEST set, AUC:	0.814	0.670	0.840	0.775	
TEST set, ACC:	0.737	0.606	0.830	0.725	
TEST set, SPE:	0.762	0.589	0.995	0.782	
[21-02-04 08:46:25-INFO] BEST_RECALL: 0.617, EPOCH:  10
[21-02-04 08:56:37-INFO] EPOCH: 24
[21-02-04 08:56:37-INFO] TRAIN_LOSS : 0.046, TIME: 612.3s
[21-02-04 08:57:29-INFO] VAL _RECALL: 1.000, TIME: 51.6s
[21-02-04 08:57:29-DEBUG] 
VAL  set, TITLE	CLS0	CLS1	CLS2	MEAN
VAL  set, REC:	1.000	1.000	1.000	1.000	
VAL  set, F1 :	1.000	1.000	1.000	1.000	
VAL  set, AUC:	1.000	1.000	1.000	1.000	
VAL  set, ACC:	1.000	1.000	1.000	1.000	
VAL  set, SPE:	1.000	1.000	1.000	1.000	
[21-02-04 08:58:20-INFO] TEST_RECALL: 0.589, TIME: 51.4s
[21-02-04 08:58:20-DEBUG] 
TEST set, TITLE	CLS0	CLS1	CLS2	MEAN
TEST set, REC:	0.767	0.405	0.596	0.589	
TEST set, F1 :	0.758	0.426	0.574	0.586	
TEST set, AUC:	0.842	0.706	0.844	0.797	
TEST set, ACC:	0.749	0.687	0.822	0.753	
TEST set, SPE:	0.730	0.800	0.879	0.803	
[21-02-04 08:58:21-INFO] BEST_RECALL: 0.617, EPOCH:  10
[21-02-04 09:08:34-INFO] EPOCH: 25
[21-02-04 09:08:34-INFO] TRAIN_LOSS : 0.031, TIME: 613.1s
[21-02-04 09:09:26-INFO] VAL _RECALL: 1.000, TIME: 51.6s
[21-02-04 09:09:26-DEBUG] 
VAL  set, TITLE	CLS0	CLS1	CLS2	MEAN
VAL  set, REC:	1.000	1.000	1.000	1.000	
VAL  set, F1 :	1.000	1.000	1.000	1.000	
VAL  set, AUC:	1.000	1.000	1.000	1.000	
VAL  set, ACC:	1.000	1.000	1.000	1.000	
VAL  set, SPE:	1.000	1.000	1.000	1.000	
[21-02-04 09:10:17-INFO] TEST_RECALL: 0.618, TIME: 51.3s
[21-02-04 09:10:17-DEBUG] 
TEST set, TITLE	CLS0	CLS1	CLS2	MEAN
TEST set, REC:	0.842	0.378	0.635	0.618	
TEST set, F1 :	0.789	0.448	0.606	0.614	
TEST set, AUC:	0.848	0.702	0.844	0.798	
TEST set, ACC:	0.768	0.734	0.834	0.779	
TEST set, SPE:	0.690	0.876	0.884	0.817	
[21-02-04 09:10:20-INFO] BEST_RECALL: 0.618, EPOCH:  25
[21-02-04 09:20:30-INFO] EPOCH: 26
[21-02-04 09:20:30-INFO] TRAIN_LOSS : 0.044, TIME: 610.7s
[21-02-04 09:21:22-INFO] VAL _RECALL: 0.994, TIME: 51.6s
[21-02-04 09:21:22-DEBUG] 
VAL  set, TITLE	CLS0	CLS1	CLS2	MEAN
VAL  set, REC:	1.000	1.000	0.982	0.994	
VAL  set, F1 :	0.996	1.000	0.991	0.996	
VAL  set, AUC:	1.000	1.000	1.000	1.000	
VAL  set, ACC:	0.996	1.000	0.996	0.997	
VAL  set, SPE:	0.992	1.000	1.000	0.997	
[21-02-04 09:22:13-INFO] TEST_RECALL: 0.503, TIME: 51.4s
[21-02-04 09:22:13-DEBUG] 
TEST set, TITLE	CLS0	CLS1	CLS2	MEAN
TEST set, REC:	0.917	0.284	0.308	0.503	
TEST set, F1 :	0.770	0.328	0.438	0.512	
TEST set, AUC:	0.842	0.686	0.859	0.796	
TEST set, ACC:	0.718	0.668	0.842	0.743	
TEST set, SPE:	0.508	0.822	0.976	0.768	
[21-02-04 09:22:14-INFO] BEST_RECALL: 0.618, EPOCH:  25
[21-02-04 09:32:27-INFO] EPOCH: 27
[21-02-04 09:32:27-INFO] TRAIN_LOSS : 0.046, TIME: 612.6s
[21-02-04 09:33:19-INFO] VAL _RECALL: 1.000, TIME: 51.7s
[21-02-04 09:33:19-DEBUG] 
VAL  set, TITLE	CLS0	CLS1	CLS2	MEAN
VAL  set, REC:	1.000	1.000	1.000	1.000	
VAL  set, F1 :	1.000	1.000	1.000	1.000	
VAL  set, AUC:	1.000	1.000	1.000	1.000	
VAL  set, ACC:	1.000	1.000	1.000	1.000	
VAL  set, SPE:	1.000	1.000	1.000	1.000	
[21-02-04 09:34:10-INFO] TEST_RECALL: 0.632, TIME: 51.5s
[21-02-04 09:34:10-DEBUG] 
TEST set, TITLE	CLS0	CLS1	CLS2	MEAN
TEST set, REC:	0.729	0.473	0.692	0.632	
TEST set, F1 :	0.761	0.476	0.621	0.619	
TEST set, AUC:	0.834	0.705	0.867	0.802	
TEST set, ACC:	0.764	0.703	0.830	0.766	
TEST set, SPE:	0.802	0.795	0.865	0.820	
[21-02-04 09:34:12-INFO] BEST_RECALL: 0.632, EPOCH:  27
[21-02-04 09:44:25-INFO] EPOCH: 28
[21-02-04 09:44:25-INFO] TRAIN_LOSS : 0.034, TIME: 613.0s
[21-02-04 09:45:17-INFO] VAL _RECALL: 1.000, TIME: 51.6s
[21-02-04 09:45:17-DEBUG] 
VAL  set, TITLE	CLS0	CLS1	CLS2	MEAN
VAL  set, REC:	1.000	1.000	1.000	1.000	
VAL  set, F1 :	1.000	1.000	1.000	1.000	
VAL  set, AUC:	1.000	1.000	1.000	1.000	
VAL  set, ACC:	1.000	1.000	1.000	1.000	
VAL  set, SPE:	1.000	1.000	1.000	1.000	
[21-02-04 09:46:08-INFO] TEST_RECALL: 0.597, TIME: 51.4s
[21-02-04 09:46:08-DEBUG] 
TEST set, TITLE	CLS0	CLS1	CLS2	MEAN
TEST set, REC:	0.782	0.527	0.481	0.597	
TEST set, F1 :	0.773	0.500	0.538	0.604	
TEST set, AUC:	0.824	0.683	0.839	0.782	
TEST set, ACC:	0.764	0.699	0.834	0.766	
TEST set, SPE:	0.746	0.768	0.923	0.812	
[21-02-04 09:46:09-INFO] BEST_RECALL: 0.632, EPOCH:  27
[21-02-04 09:56:22-INFO] EPOCH: 29
[21-02-04 09:56:22-INFO] TRAIN_LOSS : 0.029, TIME: 612.7s
[21-02-04 09:57:14-INFO] VAL _RECALL: 1.000, TIME: 51.6s
[21-02-04 09:57:14-DEBUG] 
VAL  set, TITLE	CLS0	CLS1	CLS2	MEAN
VAL  set, REC:	1.000	1.000	1.000	1.000	
VAL  set, F1 :	1.000	1.000	1.000	1.000	
VAL  set, AUC:	1.000	1.000	1.000	1.000	
VAL  set, ACC:	1.000	1.000	1.000	1.000	
VAL  set, SPE:	1.000	1.000	1.000	1.000	
[21-02-04 09:58:05-INFO] TEST_RECALL: 0.551, TIME: 51.5s
[21-02-04 09:58:05-DEBUG] 
TEST set, TITLE	CLS0	CLS1	CLS2	MEAN
TEST set, REC:	0.925	0.189	0.538	0.551	
TEST set, F1 :	0.771	0.269	0.589	0.543	
TEST set, AUC:	0.835	0.699	0.851	0.795	
TEST set, ACC:	0.718	0.707	0.849	0.758	
TEST set, SPE:	0.500	0.914	0.928	0.780	
[21-02-04 09:58:06-INFO] BEST_RECALL: 0.632, EPOCH:  27
[21-02-04 10:08:19-INFO] EPOCH: 30
[21-02-04 10:08:19-INFO] TRAIN_LOSS : 0.007, TIME: 612.9s
[21-02-04 10:09:11-INFO] VAL _RECALL: 1.000, TIME: 51.6s
[21-02-04 10:09:11-DEBUG] 
VAL  set, TITLE	CLS0	CLS1	CLS2	MEAN
VAL  set, REC:	1.000	1.000	1.000	1.000	
VAL  set, F1 :	1.000	1.000	1.000	1.000	
VAL  set, AUC:	1.000	1.000	1.000	1.000	
VAL  set, ACC:	1.000	1.000	1.000	1.000	
VAL  set, SPE:	1.000	1.000	1.000	1.000	
[21-02-04 10:10:02-INFO] TEST_RECALL: 0.552, TIME: 51.4s
[21-02-04 10:10:02-DEBUG] 
TEST set, TITLE	CLS0	CLS1	CLS2	MEAN
TEST set, REC:	0.797	0.473	0.385	0.552	
TEST set, F1 :	0.763	0.449	0.476	0.562	
TEST set, AUC:	0.831	0.698	0.861	0.797	
TEST set, ACC:	0.745	0.668	0.830	0.748	
TEST set, SPE:	0.690	0.746	0.942	0.793	
[21-02-04 10:10:03-INFO] BEST_RECALL: 0.632, EPOCH:  27
[21-02-04 10:20:15-INFO] EPOCH: 31
[21-02-04 10:20:15-INFO] TRAIN_LOSS : 0.048, TIME: 611.5s
[21-02-04 10:21:06-INFO] VAL _RECALL: 0.988, TIME: 51.6s
[21-02-04 10:21:06-DEBUG] 
VAL  set, TITLE	CLS0	CLS1	CLS2	MEAN
VAL  set, REC:	1.000	1.000	0.964	0.988	
VAL  set, F1 :	0.996	0.993	0.982	0.990	
VAL  set, AUC:	1.000	1.000	1.000	1.000	
VAL  set, ACC:	0.996	0.996	0.992	0.995	
VAL  set, SPE:	0.992	0.995	1.000	0.996	
[21-02-04 10:21:58-INFO] TEST_RECALL: 0.459, TIME: 51.5s
[21-02-04 10:21:58-DEBUG] 
TEST set, TITLE	CLS0	CLS1	CLS2	MEAN
TEST set, REC:	0.857	0.405	0.115	0.459	
TEST set, F1 :	0.735	0.400	0.207	0.447	
TEST set, AUC:	0.771	0.649	0.817	0.746	
TEST set, ACC:	0.683	0.653	0.822	0.719	
TEST set, SPE:	0.500	0.751	1.000	0.750	
[21-02-04 10:21:59-INFO] BEST_RECALL: 0.632, EPOCH:  27
[21-02-04 10:32:11-INFO] EPOCH: 32
[21-02-04 10:32:11-INFO] TRAIN_LOSS : 0.052, TIME: 612.5s
[21-02-04 10:33:03-INFO] VAL _RECALL: 0.987, TIME: 51.7s
[21-02-04 10:33:03-DEBUG] 
VAL  set, TITLE	CLS0	CLS1	CLS2	MEAN
VAL  set, REC:	1.000	0.960	1.000	0.987	
VAL  set, F1 :	1.000	0.980	0.974	0.985	
VAL  set, AUC:	1.000	1.000	1.000	1.000	
VAL  set, ACC:	1.000	0.988	0.988	0.992	
VAL  set, SPE:	1.000	1.000	0.985	0.995	
[21-02-04 10:33:55-INFO] TEST_RECALL: 0.533, TIME: 51.6s
[21-02-04 10:33:55-DEBUG] 
TEST set, TITLE	CLS0	CLS1	CLS2	MEAN
TEST set, REC:	0.722	0.108	0.769	0.533	
TEST set, F1 :	0.708	0.184	0.500	0.464	
TEST set, AUC:	0.787	0.681	0.851	0.773	
TEST set, ACC:	0.695	0.726	0.691	0.704	
TEST set, SPE:	0.667	0.973	0.671	0.770	
[21-02-04 10:33:56-INFO] BEST_RECALL: 0.632, EPOCH:  27
[21-02-04 10:44:08-INFO] EPOCH: 33
[21-02-04 10:44:08-INFO] TRAIN_LOSS : 0.018, TIME: 612.4s
[21-02-04 10:45:00-INFO] VAL _RECALL: 1.000, TIME: 51.6s
[21-02-04 10:45:00-DEBUG] 
VAL  set, TITLE	CLS0	CLS1	CLS2	MEAN
VAL  set, REC:	1.000	1.000	1.000	1.000	
VAL  set, F1 :	1.000	1.000	1.000	1.000	
VAL  set, AUC:	1.000	1.000	1.000	1.000	
VAL  set, ACC:	1.000	1.000	1.000	1.000	
VAL  set, SPE:	1.000	1.000	1.000	1.000	
[21-02-04 10:45:51-INFO] TEST_RECALL: 0.583, TIME: 51.4s
[21-02-04 10:45:51-DEBUG] 
TEST set, TITLE	CLS0	CLS1	CLS2	MEAN
TEST set, REC:	0.639	0.514	0.596	0.583	
TEST set, F1 :	0.708	0.475	0.525	0.570	
TEST set, AUC:	0.804	0.673	0.833	0.770	
TEST set, ACC:	0.730	0.676	0.784	0.730	
TEST set, SPE:	0.825	0.741	0.831	0.799	
[21-02-04 10:45:52-INFO] BEST_RECALL: 0.632, EPOCH:  27
[21-02-04 10:56:05-INFO] EPOCH: 34
[21-02-04 10:56:05-INFO] TRAIN_LOSS : 0.013, TIME: 612.7s
[21-02-04 10:56:57-INFO] VAL _RECALL: 1.000, TIME: 51.8s
[21-02-04 10:56:57-DEBUG] 
VAL  set, TITLE	CLS0	CLS1	CLS2	MEAN
VAL  set, REC:	1.000	1.000	1.000	1.000	
VAL  set, F1 :	1.000	1.000	1.000	1.000	
VAL  set, AUC:	1.000	1.000	1.000	1.000	
VAL  set, ACC:	1.000	1.000	1.000	1.000	
VAL  set, SPE:	1.000	1.000	1.000	1.000	
[21-02-04 10:57:48-INFO] TEST_RECALL: 0.587, TIME: 51.4s
[21-02-04 10:57:48-DEBUG] 
TEST set, TITLE	CLS0	CLS1	CLS2	MEAN
TEST set, REC:	0.835	0.311	0.615	0.587	
TEST set, F1 :	0.766	0.374	0.610	0.583	
TEST set, AUC:	0.825	0.697	0.864	0.795	
TEST set, ACC:	0.737	0.703	0.842	0.761	
TEST set, SPE:	0.635	0.859	0.899	0.798	
[21-02-04 10:57:49-INFO] BEST_RECALL: 0.632, EPOCH:  27
[21-02-04 11:08:01-INFO] EPOCH: 35
[21-02-04 11:08:01-INFO] TRAIN_LOSS : 0.004, TIME: 611.6s
[21-02-04 11:08:52-INFO] VAL _RECALL: 1.000, TIME: 51.7s
[21-02-04 11:08:52-DEBUG] 
VAL  set, TITLE	CLS0	CLS1	CLS2	MEAN
VAL  set, REC:	1.000	1.000	1.000	1.000	
VAL  set, F1 :	1.000	1.000	1.000	1.000	
VAL  set, AUC:	1.000	1.000	1.000	1.000	
VAL  set, ACC:	1.000	1.000	1.000	1.000	
VAL  set, SPE:	1.000	1.000	1.000	1.000	
[21-02-04 11:09:44-INFO] TEST_RECALL: 0.555, TIME: 51.4s
[21-02-04 11:09:44-DEBUG] 
TEST set, TITLE	CLS0	CLS1	CLS2	MEAN
TEST set, REC:	0.782	0.324	0.558	0.555	
TEST set, F1 :	0.740	0.375	0.532	0.549	
TEST set, AUC:	0.823	0.694	0.864	0.794	
TEST set, ACC:	0.718	0.691	0.803	0.737	
TEST set, SPE:	0.651	0.838	0.865	0.784	
[21-02-04 11:09:45-INFO] BEST_RECALL: 0.632, EPOCH:  27
[21-02-04 11:19:57-INFO] EPOCH: 36
[21-02-04 11:19:57-INFO] TRAIN_LOSS : 0.005, TIME: 612.3s
[21-02-04 11:20:49-INFO] VAL _RECALL: 1.000, TIME: 51.6s
[21-02-04 11:20:49-DEBUG] 
VAL  set, TITLE	CLS0	CLS1	CLS2	MEAN
VAL  set, REC:	1.000	1.000	1.000	1.000	
VAL  set, F1 :	1.000	1.000	1.000	1.000	
VAL  set, AUC:	1.000	1.000	1.000	1.000	
VAL  set, ACC:	1.000	1.000	1.000	1.000	
VAL  set, SPE:	1.000	1.000	1.000	1.000	
[21-02-04 11:21:40-INFO] TEST_RECALL: 0.583, TIME: 51.5s
[21-02-04 11:21:40-DEBUG] 
TEST set, TITLE	CLS0	CLS1	CLS2	MEAN
TEST set, REC:	0.812	0.243	0.692	0.583	
TEST set, F1 :	0.753	0.346	0.567	0.555	
TEST set, AUC:	0.829	0.707	0.866	0.801	
TEST set, ACC:	0.726	0.737	0.788	0.750	
TEST set, SPE:	0.635	0.935	0.812	0.794	
[21-02-04 11:21:41-INFO] BEST_RECALL: 0.632, EPOCH:  27
[21-02-04 11:31:54-INFO] EPOCH: 37
[21-02-04 11:31:54-INFO] TRAIN_LOSS : 0.002, TIME: 612.5s
[21-02-04 11:32:45-INFO] VAL _RECALL: 1.000, TIME: 51.7s
[21-02-04 11:32:45-DEBUG] 
VAL  set, TITLE	CLS0	CLS1	CLS2	MEAN
VAL  set, REC:	1.000	1.000	1.000	1.000	
VAL  set, F1 :	1.000	1.000	1.000	1.000	
VAL  set, AUC:	1.000	1.000	1.000	1.000	
VAL  set, ACC:	1.000	1.000	1.000	1.000	
VAL  set, SPE:	1.000	1.000	1.000	1.000	
[21-02-04 11:33:37-INFO] TEST_RECALL: 0.579, TIME: 51.4s
[21-02-04 11:33:37-DEBUG] 
TEST set, TITLE	CLS0	CLS1	CLS2	MEAN
TEST set, REC:	0.842	0.297	0.596	0.579	
TEST set, F1 :	0.765	0.389	0.554	0.569	
TEST set, AUC:	0.833	0.708	0.868	0.803	
TEST set, ACC:	0.734	0.734	0.807	0.758	
TEST set, SPE:	0.619	0.908	0.860	0.796	
[21-02-04 11:33:38-INFO] BEST_RECALL: 0.632, EPOCH:  27
[21-02-04 11:43:50-INFO] EPOCH: 38
[21-02-04 11:43:50-INFO] TRAIN_LOSS : 0.003, TIME: 612.2s
[21-02-04 11:44:42-INFO] VAL _RECALL: 1.000, TIME: 51.7s
[21-02-04 11:44:42-DEBUG] 
VAL  set, TITLE	CLS0	CLS1	CLS2	MEAN
VAL  set, REC:	1.000	1.000	1.000	1.000	
VAL  set, F1 :	1.000	1.000	1.000	1.000	
VAL  set, AUC:	1.000	1.000	1.000	1.000	
VAL  set, ACC:	1.000	1.000	1.000	1.000	
VAL  set, SPE:	1.000	1.000	1.000	1.000	
[21-02-04 11:45:33-INFO] TEST_RECALL: 0.596, TIME: 51.4s
[21-02-04 11:45:33-DEBUG] 
TEST set, TITLE	CLS0	CLS1	CLS2	MEAN
TEST set, REC:	0.835	0.243	0.712	0.596	
TEST set, F1 :	0.774	0.350	0.578	0.567	
TEST set, AUC:	0.842	0.701	0.870	0.805	
TEST set, ACC:	0.749	0.741	0.792	0.761	
TEST set, SPE:	0.659	0.941	0.812	0.804	
[21-02-04 11:45:34-INFO] BEST_RECALL: 0.632, EPOCH:  27
[21-02-04 11:55:46-INFO] EPOCH: 39
[21-02-04 11:55:46-INFO] TRAIN_LOSS : 0.002, TIME: 612.1s
[21-02-04 11:56:38-INFO] VAL _RECALL: 1.000, TIME: 51.6s
[21-02-04 11:56:38-DEBUG] 
VAL  set, TITLE	CLS0	CLS1	CLS2	MEAN
VAL  set, REC:	1.000	1.000	1.000	1.000	
VAL  set, F1 :	1.000	1.000	1.000	1.000	
VAL  set, AUC:	1.000	1.000	1.000	1.000	
VAL  set, ACC:	1.000	1.000	1.000	1.000	
VAL  set, SPE:	1.000	1.000	1.000	1.000	
[21-02-04 11:57:29-INFO] TEST_RECALL: 0.570, TIME: 51.7s
[21-02-04 11:57:29-DEBUG] 
TEST set, TITLE	CLS0	CLS1	CLS2	MEAN
TEST set, REC:	0.827	0.459	0.423	0.570	
TEST set, F1 :	0.783	0.456	0.500	0.580	
TEST set, AUC:	0.830	0.708	0.858	0.799	
TEST set, ACC:	0.764	0.687	0.830	0.761	
TEST set, SPE:	0.698	0.778	0.932	0.803	
[21-02-04 11:57:30-INFO] BEST_RECALL: 0.632, EPOCH:  27
[21-02-04 12:07:42-INFO] EPOCH: 40
[21-02-04 12:07:42-INFO] TRAIN_LOSS : 0.002, TIME: 611.9s
[21-02-04 12:08:34-INFO] VAL _RECALL: 1.000, TIME: 51.7s
[21-02-04 12:08:34-DEBUG] 
VAL  set, TITLE	CLS0	CLS1	CLS2	MEAN
VAL  set, REC:	1.000	1.000	1.000	1.000	
VAL  set, F1 :	1.000	1.000	1.000	1.000	
VAL  set, AUC:	1.000	1.000	1.000	1.000	
VAL  set, ACC:	1.000	1.000	1.000	1.000	
VAL  set, SPE:	1.000	1.000	1.000	1.000	
[21-02-04 12:09:26-INFO] TEST_RECALL: 0.558, TIME: 51.5s
[21-02-04 12:09:26-DEBUG] 
TEST set, TITLE	CLS0	CLS1	CLS2	MEAN
TEST set, REC:	0.805	0.351	0.519	0.558	
TEST set, F1 :	0.759	0.377	0.551	0.562	
TEST set, AUC:	0.825	0.704	0.861	0.797	
TEST set, ACC:	0.737	0.668	0.830	0.745	
TEST set, SPE:	0.667	0.795	0.908	0.790	
[21-02-04 12:09:27-INFO] BEST_RECALL: 0.632, EPOCH:  27
[21-02-04 12:19:39-INFO] EPOCH: 41
[21-02-04 12:19:39-INFO] TRAIN_LOSS : 0.001, TIME: 612.4s
[21-02-04 12:20:31-INFO] VAL _RECALL: 1.000, TIME: 51.7s
[21-02-04 12:20:31-DEBUG] 
VAL  set, TITLE	CLS0	CLS1	CLS2	MEAN
VAL  set, REC:	1.000	1.000	1.000	1.000	
VAL  set, F1 :	1.000	1.000	1.000	1.000	
VAL  set, AUC:	1.000	1.000	1.000	1.000	
VAL  set, ACC:	1.000	1.000	1.000	1.000	
VAL  set, SPE:	1.000	1.000	1.000	1.000	
[21-02-04 12:21:22-INFO] TEST_RECALL: 0.591, TIME: 51.4s
[21-02-04 12:21:22-DEBUG] 
TEST set, TITLE	CLS0	CLS1	CLS2	MEAN
TEST set, REC:	0.774	0.230	0.769	0.591	
TEST set, F1 :	0.763	0.324	0.559	0.549	
TEST set, AUC:	0.837	0.693	0.852	0.794	
TEST set, ACC:	0.753	0.726	0.757	0.745	
TEST set, SPE:	0.730	0.924	0.754	0.803	
[21-02-04 12:21:23-INFO] BEST_RECALL: 0.632, EPOCH:  27
[21-02-04 12:31:35-INFO] EPOCH: 42
[21-02-04 12:31:35-INFO] TRAIN_LOSS : 0.136, TIME: 611.7s
[21-02-04 12:32:27-INFO] VAL _RECALL: 0.652, TIME: 51.7s
[21-02-04 12:32:27-DEBUG] 
VAL  set, TITLE	CLS0	CLS1	CLS2	MEAN
VAL  set, REC:	1.000	0.653	0.304	0.652	
VAL  set, F1 :	0.806	0.772	0.466	0.681	
VAL  set, AUC:	0.989	0.963	0.985	0.979	
VAL  set, ACC:	0.762	0.888	0.850	0.833	
VAL  set, SPE:	0.527	0.984	1.000	0.837	
[21-02-04 12:33:18-INFO] TEST_RECALL: 0.360, TIME: 51.4s
[21-02-04 12:33:18-DEBUG] 
TEST set, TITLE	CLS0	CLS1	CLS2	MEAN
TEST set, REC:	0.955	0.068	0.058	0.360	
TEST set, F1 :	0.690	0.106	0.107	0.301	
TEST set, AUC:	0.709	0.587	0.741	0.679	
TEST set, ACC:	0.560	0.676	0.807	0.681	
TEST set, SPE:	0.143	0.919	0.995	0.686	
[21-02-04 12:33:19-INFO] BEST_RECALL: 0.632, EPOCH:  27
[21-02-04 12:43:32-INFO] EPOCH: 43
[21-02-04 12:43:32-INFO] TRAIN_LOSS : 0.102, TIME: 612.4s
[21-02-04 12:44:23-INFO] VAL _RECALL: 1.000, TIME: 51.7s
[21-02-04 12:44:23-DEBUG] 
VAL  set, TITLE	CLS0	CLS1	CLS2	MEAN
VAL  set, REC:	1.000	1.000	1.000	1.000	
VAL  set, F1 :	1.000	1.000	1.000	1.000	
VAL  set, AUC:	1.000	1.000	1.000	1.000	
VAL  set, ACC:	1.000	1.000	1.000	1.000	
VAL  set, SPE:	1.000	1.000	1.000	1.000	
[21-02-04 12:45:15-INFO] TEST_RECALL: 0.563, TIME: 51.7s
[21-02-04 12:45:15-DEBUG] 
TEST set, TITLE	CLS0	CLS1	CLS2	MEAN
TEST set, REC:	0.729	0.459	0.500	0.563	
TEST set, F1 :	0.738	0.450	0.500	0.563	
TEST set, AUC:	0.818	0.648	0.811	0.759	
TEST set, ACC:	0.734	0.680	0.799	0.737	
TEST set, SPE:	0.738	0.768	0.874	0.793	
[21-02-04 12:45:16-INFO] BEST_RECALL: 0.632, EPOCH:  27
[21-02-04 12:55:29-INFO] EPOCH: 44
[21-02-04 12:55:29-INFO] TRAIN_LOSS : 0.036, TIME: 612.9s
[21-02-04 12:56:21-INFO] VAL _RECALL: 1.000, TIME: 51.6s
[21-02-04 12:56:21-DEBUG] 
VAL  set, TITLE	CLS0	CLS1	CLS2	MEAN
VAL  set, REC:	1.000	1.000	1.000	1.000	
VAL  set, F1 :	1.000	1.000	1.000	1.000	
VAL  set, AUC:	1.000	1.000	1.000	1.000	
VAL  set, ACC:	1.000	1.000	1.000	1.000	
VAL  set, SPE:	1.000	1.000	1.000	1.000	
[21-02-04 12:57:12-INFO] TEST_RECALL: 0.553, TIME: 51.3s
[21-02-04 12:57:12-DEBUG] 
TEST set, TITLE	CLS0	CLS1	CLS2	MEAN
TEST set, REC:	0.504	0.676	0.481	0.553	
TEST set, F1 :	0.620	0.483	0.526	0.543	
TEST set, AUC:	0.807	0.657	0.843	0.769	
TEST set, ACC:	0.683	0.587	0.826	0.699	
TEST set, SPE:	0.873	0.551	0.913	0.779	
[21-02-04 12:57:13-INFO] BEST_RECALL: 0.632, EPOCH:  27
[21-02-04 13:07:25-INFO] EPOCH: 45
[21-02-04 13:07:25-INFO] TRAIN_LOSS : 0.016, TIME: 612.2s
[21-02-04 13:08:17-INFO] VAL _RECALL: 1.000, TIME: 51.7s
[21-02-04 13:08:17-DEBUG] 
VAL  set, TITLE	CLS0	CLS1	CLS2	MEAN
VAL  set, REC:	1.000	1.000	1.000	1.000	
VAL  set, F1 :	1.000	1.000	1.000	1.000	
VAL  set, AUC:	1.000	1.000	1.000	1.000	
VAL  set, ACC:	1.000	1.000	1.000	1.000	
VAL  set, SPE:	1.000	1.000	1.000	1.000	
[21-02-04 13:09:08-INFO] TEST_RECALL: 0.582, TIME: 51.3s
[21-02-04 13:09:08-DEBUG] 
TEST set, TITLE	CLS0	CLS1	CLS2	MEAN
TEST set, REC:	0.797	0.257	0.692	0.582	
TEST set, F1 :	0.765	0.328	0.576	0.556	
TEST set, AUC:	0.843	0.689	0.844	0.792	
TEST set, ACC:	0.749	0.699	0.795	0.748	
TEST set, SPE:	0.698	0.876	0.821	0.798	
[21-02-04 13:09:09-INFO] BEST_RECALL: 0.632, EPOCH:  27
[21-02-04 13:19:21-INFO] EPOCH: 46
[21-02-04 13:19:21-INFO] TRAIN_LOSS : 0.008, TIME: 611.8s
[21-02-04 13:20:13-INFO] VAL _RECALL: 1.000, TIME: 51.7s
[21-02-04 13:20:13-DEBUG] 
VAL  set, TITLE	CLS0	CLS1	CLS2	MEAN
VAL  set, REC:	1.000	1.000	1.000	1.000	
VAL  set, F1 :	1.000	1.000	1.000	1.000	
VAL  set, AUC:	1.000	1.000	1.000	1.000	
VAL  set, ACC:	1.000	1.000	1.000	1.000	
VAL  set, SPE:	1.000	1.000	1.000	1.000	
[21-02-04 13:21:05-INFO] TEST_RECALL: 0.581, TIME: 51.9s
[21-02-04 13:21:05-DEBUG] 
TEST set, TITLE	CLS0	CLS1	CLS2	MEAN
TEST set, REC:	0.842	0.459	0.442	0.581	
TEST set, F1 :	0.783	0.469	0.529	0.594	
TEST set, AUC:	0.827	0.698	0.863	0.796	
TEST set, ACC:	0.761	0.703	0.842	0.768	
TEST set, SPE:	0.675	0.800	0.942	0.806	
[21-02-04 13:21:06-INFO] BEST_RECALL: 0.632, EPOCH:  27
[21-02-04 13:31:18-INFO] EPOCH: 47
[21-02-04 13:31:18-INFO] TRAIN_LOSS : 0.003, TIME: 612.1s
[21-02-04 13:32:09-INFO] VAL _RECALL: 1.000, TIME: 51.7s
[21-02-04 13:32:09-DEBUG] 
VAL  set, TITLE	CLS0	CLS1	CLS2	MEAN
VAL  set, REC:	1.000	1.000	1.000	1.000	
VAL  set, F1 :	1.000	1.000	1.000	1.000	
VAL  set, AUC:	1.000	1.000	1.000	1.000	
VAL  set, ACC:	1.000	1.000	1.000	1.000	
VAL  set, SPE:	1.000	1.000	1.000	1.000	
[21-02-04 13:33:01-INFO] TEST_RECALL: 0.596, TIME: 51.5s
[21-02-04 13:33:01-DEBUG] 
TEST set, TITLE	CLS0	CLS1	CLS2	MEAN
TEST set, REC:	0.835	0.338	0.615	0.596	
TEST set, F1 :	0.774	0.410	0.587	0.590	
TEST set, AUC:	0.845	0.705	0.865	0.805	
TEST set, ACC:	0.749	0.722	0.826	0.766	
TEST set, SPE:	0.659	0.876	0.879	0.805	
[21-02-04 13:33:02-INFO] BEST_RECALL: 0.632, EPOCH:  27
[21-02-04 13:43:14-INFO] EPOCH: 48
[21-02-04 13:43:14-INFO] TRAIN_LOSS : 0.002, TIME: 612.0s
[21-02-04 13:44:06-INFO] VAL _RECALL: 1.000, TIME: 51.7s
[21-02-04 13:44:06-DEBUG] 
VAL  set, TITLE	CLS0	CLS1	CLS2	MEAN
VAL  set, REC:	1.000	1.000	1.000	1.000	
VAL  set, F1 :	1.000	1.000	1.000	1.000	
VAL  set, AUC:	1.000	1.000	1.000	1.000	
VAL  set, ACC:	1.000	1.000	1.000	1.000	
VAL  set, SPE:	1.000	1.000	1.000	1.000	
[21-02-04 13:44:57-INFO] TEST_RECALL: 0.593, TIME: 51.5s
[21-02-04 13:44:57-DEBUG] 
TEST set, TITLE	CLS0	CLS1	CLS2	MEAN
TEST set, REC:	0.797	0.500	0.481	0.593	
TEST set, F1 :	0.782	0.490	0.521	0.598	
TEST set, AUC:	0.840	0.705	0.848	0.798	
TEST set, ACC:	0.772	0.703	0.822	0.766	
TEST set, SPE:	0.746	0.784	0.908	0.813	
[21-02-04 13:44:58-INFO] BEST_RECALL: 0.632, EPOCH:  27
[21-02-04 13:55:11-INFO] EPOCH: 49
[21-02-04 13:55:11-INFO] TRAIN_LOSS : 0.002, TIME: 612.3s
[21-02-04 13:56:02-INFO] VAL _RECALL: 1.000, TIME: 51.9s
[21-02-04 13:56:02-DEBUG] 
VAL  set, TITLE	CLS0	CLS1	CLS2	MEAN
VAL  set, REC:	1.000	1.000	1.000	1.000	
VAL  set, F1 :	1.000	1.000	1.000	1.000	
VAL  set, AUC:	1.000	1.000	1.000	1.000	
VAL  set, ACC:	1.000	1.000	1.000	1.000	
VAL  set, SPE:	1.000	1.000	1.000	1.000	
[21-02-04 13:56:54-INFO] TEST_RECALL: 0.589, TIME: 51.4s
[21-02-04 13:56:54-DEBUG] 
TEST set, TITLE	CLS0	CLS1	CLS2	MEAN
TEST set, REC:	0.789	0.459	0.519	0.589	
TEST set, F1 :	0.775	0.463	0.540	0.592	
TEST set, AUC:	0.846	0.708	0.853	0.802	
TEST set, ACC:	0.764	0.695	0.822	0.761	
TEST set, SPE:	0.738	0.789	0.899	0.809	
[21-02-04 13:56:55-INFO] BEST_RECALL: 0.632, EPOCH:  27
[21-02-04 14:07:07-INFO] EPOCH: 50
[21-02-04 14:07:07-INFO] TRAIN_LOSS : 0.003, TIME: 612.2s
[21-02-04 14:07:59-INFO] VAL _RECALL: 1.000, TIME: 51.6s
[21-02-04 14:07:59-DEBUG] 
VAL  set, TITLE	CLS0	CLS1	CLS2	MEAN
VAL  set, REC:	1.000	1.000	1.000	1.000	
VAL  set, F1 :	1.000	1.000	1.000	1.000	
VAL  set, AUC:	1.000	1.000	1.000	1.000	
VAL  set, ACC:	1.000	1.000	1.000	1.000	
VAL  set, SPE:	1.000	1.000	1.000	1.000	
[21-02-04 14:08:50-INFO] TEST_RECALL: 0.605, TIME: 51.5s
[21-02-04 14:08:50-DEBUG] 
TEST set, TITLE	CLS0	CLS1	CLS2	MEAN
TEST set, REC:	0.827	0.392	0.596	0.605	
TEST set, F1 :	0.794	0.446	0.559	0.600	
TEST set, AUC:	0.849	0.704	0.843	0.799	
TEST set, ACC:	0.780	0.722	0.811	0.771	
TEST set, SPE:	0.730	0.854	0.865	0.816	
[21-02-04 14:08:51-INFO] BEST_RECALL: 0.632, EPOCH:  27
[21-02-04 14:19:03-INFO] EPOCH: 51
[21-02-04 14:19:03-INFO] TRAIN_LOSS : 0.001, TIME: 611.5s
[21-02-04 14:19:55-INFO] VAL _RECALL: 1.000, TIME: 51.6s
[21-02-04 14:19:55-DEBUG] 
VAL  set, TITLE	CLS0	CLS1	CLS2	MEAN
VAL  set, REC:	1.000	1.000	1.000	1.000	
VAL  set, F1 :	1.000	1.000	1.000	1.000	
VAL  set, AUC:	1.000	1.000	1.000	1.000	
VAL  set, ACC:	1.000	1.000	1.000	1.000	
VAL  set, SPE:	1.000	1.000	1.000	1.000	
[21-02-04 14:20:46-INFO] TEST_RECALL: 0.596, TIME: 51.4s
[21-02-04 14:20:46-DEBUG] 
TEST set, TITLE	CLS0	CLS1	CLS2	MEAN
TEST set, REC:	0.835	0.338	0.615	0.596	
TEST set, F1 :	0.782	0.410	0.571	0.588	
TEST set, AUC:	0.852	0.708	0.853	0.804	
TEST set, ACC:	0.761	0.722	0.815	0.766	
TEST set, SPE:	0.683	0.876	0.865	0.808	
[21-02-04 14:20:47-INFO] BEST_RECALL: 0.632, EPOCH:  27
[21-02-04 14:30:59-INFO] EPOCH: 52
[21-02-04 14:30:59-INFO] TRAIN_LOSS : 0.002, TIME: 612.4s
[21-02-04 14:31:51-INFO] VAL _RECALL: 1.000, TIME: 52.0s
[21-02-04 14:31:51-DEBUG] 
VAL  set, TITLE	CLS0	CLS1	CLS2	MEAN
VAL  set, REC:	1.000	1.000	1.000	1.000	
VAL  set, F1 :	1.000	1.000	1.000	1.000	
VAL  set, AUC:	1.000	1.000	1.000	1.000	
VAL  set, ACC:	1.000	1.000	1.000	1.000	
VAL  set, SPE:	1.000	1.000	1.000	1.000	
[21-02-04 14:32:43-INFO] TEST_RECALL: 0.608, TIME: 51.4s
[21-02-04 14:32:43-DEBUG] 
TEST set, TITLE	CLS0	CLS1	CLS2	MEAN
TEST set, REC:	0.835	0.392	0.596	0.608	
TEST set, F1 :	0.796	0.443	0.574	0.604	
TEST set, AUC:	0.851	0.710	0.852	0.804	
TEST set, ACC:	0.780	0.718	0.822	0.773	
TEST set, SPE:	0.722	0.849	0.879	0.817	
[21-02-04 14:32:44-INFO] BEST_RECALL: 0.632, EPOCH:  27
[21-02-04 14:42:55-INFO] EPOCH: 53
[21-02-04 14:42:56-INFO] TRAIN_LOSS : 0.001, TIME: 611.7s
[21-02-04 14:43:47-INFO] VAL _RECALL: 1.000, TIME: 51.7s
[21-02-04 14:43:47-DEBUG] 
VAL  set, TITLE	CLS0	CLS1	CLS2	MEAN
VAL  set, REC:	1.000	1.000	1.000	1.000	
VAL  set, F1 :	1.000	1.000	1.000	1.000	
VAL  set, AUC:	1.000	1.000	1.000	1.000	
VAL  set, ACC:	1.000	1.000	1.000	1.000	
VAL  set, SPE:	1.000	1.000	1.000	1.000	
[21-02-04 14:44:39-INFO] TEST_RECALL: 0.616, TIME: 51.4s
[21-02-04 14:44:39-DEBUG] 
TEST set, TITLE	CLS0	CLS1	CLS2	MEAN
TEST set, REC:	0.827	0.405	0.615	0.616	
TEST set, F1 :	0.794	0.458	0.582	0.611	
TEST set, AUC:	0.851	0.713	0.853	0.806	
TEST set, ACC:	0.780	0.726	0.822	0.776	
TEST set, SPE:	0.730	0.854	0.874	0.820	
[21-02-04 14:44:40-INFO] BEST_RECALL: 0.632, EPOCH:  27
[21-02-04 14:54:51-INFO] EPOCH: 54
[21-02-04 14:54:51-INFO] TRAIN_LOSS : 0.001, TIME: 611.8s
[21-02-04 14:55:43-INFO] VAL _RECALL: 1.000, TIME: 51.6s
[21-02-04 14:55:43-DEBUG] 
VAL  set, TITLE	CLS0	CLS1	CLS2	MEAN
VAL  set, REC:	1.000	1.000	1.000	1.000	
VAL  set, F1 :	1.000	1.000	1.000	1.000	
VAL  set, AUC:	1.000	1.000	1.000	1.000	
VAL  set, ACC:	1.000	1.000	1.000	1.000	
VAL  set, SPE:	1.000	1.000	1.000	1.000	
[21-02-04 14:56:34-INFO] TEST_RECALL: 0.618, TIME: 51.4s
[21-02-04 14:56:35-DEBUG] 
TEST set, TITLE	CLS0	CLS1	CLS2	MEAN
TEST set, REC:	0.835	0.405	0.615	0.618	
TEST set, F1 :	0.793	0.462	0.593	0.616	
TEST set, AUC:	0.851	0.714	0.854	0.806	
TEST set, ACC:	0.776	0.730	0.830	0.779	
TEST set, SPE:	0.714	0.859	0.884	0.819	
[21-02-04 14:56:36-INFO] BEST_RECALL: 0.632, EPOCH:  27
[21-02-04 15:06:35-INFO] EPOCH: 55
[21-02-04 15:06:35-INFO] TRAIN_LOSS : 0.001, TIME: 599.4s
[21-02-04 15:07:27-INFO] VAL _RECALL: 1.000, TIME: 51.6s
[21-02-04 15:07:27-DEBUG] 
VAL  set, TITLE	CLS0	CLS1	CLS2	MEAN
VAL  set, REC:	1.000	1.000	1.000	1.000	
VAL  set, F1 :	1.000	1.000	1.000	1.000	
VAL  set, AUC:	1.000	1.000	1.000	1.000	
VAL  set, ACC:	1.000	1.000	1.000	1.000	
VAL  set, SPE:	1.000	1.000	1.000	1.000	
[21-02-04 15:08:18-INFO] TEST_RECALL: 0.585, TIME: 51.4s
[21-02-04 15:08:18-DEBUG] 
TEST set, TITLE	CLS0	CLS1	CLS2	MEAN
TEST set, REC:	0.827	0.486	0.442	0.585	
TEST set, F1 :	0.789	0.483	0.511	0.594	
TEST set, AUC:	0.848	0.717	0.849	0.804	
TEST set, ACC:	0.772	0.703	0.830	0.768	
TEST set, SPE:	0.714	0.789	0.928	0.810	
[21-02-04 15:08:19-INFO] BEST_RECALL: 0.632, EPOCH:  27
[21-02-04 15:18:32-INFO] EPOCH: 56
[21-02-04 15:18:32-INFO] TRAIN_LOSS : 0.001, TIME: 612.8s
[21-02-04 15:19:24-INFO] VAL _RECALL: 1.000, TIME: 51.7s
[21-02-04 15:19:24-DEBUG] 
VAL  set, TITLE	CLS0	CLS1	CLS2	MEAN
VAL  set, REC:	1.000	1.000	1.000	1.000	
VAL  set, F1 :	1.000	1.000	1.000	1.000	
VAL  set, AUC:	1.000	1.000	1.000	1.000	
VAL  set, ACC:	1.000	1.000	1.000	1.000	
VAL  set, SPE:	1.000	1.000	1.000	1.000	
[21-02-04 15:20:15-INFO] TEST_RECALL: 0.623, TIME: 51.5s
[21-02-04 15:20:15-DEBUG] 
TEST set, TITLE	CLS0	CLS1	CLS2	MEAN
TEST set, REC:	0.812	0.459	0.596	0.623	
TEST set, F1 :	0.791	0.482	0.596	0.623	
TEST set, AUC:	0.848	0.713	0.849	0.803	
TEST set, ACC:	0.780	0.718	0.838	0.779	
TEST set, SPE:	0.746	0.822	0.899	0.822	
[21-02-04 15:20:16-INFO] BEST_RECALL: 0.632, EPOCH:  27
[21-02-04 15:30:29-INFO] EPOCH: 57
[21-02-04 15:30:29-INFO] TRAIN_LOSS : 0.001, TIME: 612.9s
[21-02-04 15:31:21-INFO] VAL _RECALL: 1.000, TIME: 51.8s
[21-02-04 15:31:21-DEBUG] 
VAL  set, TITLE	CLS0	CLS1	CLS2	MEAN
VAL  set, REC:	1.000	1.000	1.000	1.000	
VAL  set, F1 :	1.000	1.000	1.000	1.000	
VAL  set, AUC:	1.000	1.000	1.000	1.000	
VAL  set, ACC:	1.000	1.000	1.000	1.000	
VAL  set, SPE:	1.000	1.000	1.000	1.000	
[21-02-04 15:32:12-INFO] TEST_RECALL: 0.589, TIME: 51.6s
[21-02-04 15:32:12-DEBUG] 
TEST set, TITLE	CLS0	CLS1	CLS2	MEAN
TEST set, REC:	0.820	0.486	0.462	0.589	
TEST set, F1 :	0.784	0.483	0.527	0.598	
TEST set, AUC:	0.843	0.713	0.854	0.803	
TEST set, ACC:	0.768	0.703	0.834	0.768	
TEST set, SPE:	0.714	0.789	0.928	0.810	
[21-02-04 15:32:14-INFO] BEST_RECALL: 0.632, EPOCH:  27
[21-02-04 15:42:27-INFO] EPOCH: 58
[21-02-04 15:42:27-INFO] TRAIN_LOSS : 0.001, TIME: 613.4s
[21-02-04 15:43:19-INFO] VAL _RECALL: 1.000, TIME: 51.6s
[21-02-04 15:43:19-DEBUG] 
VAL  set, TITLE	CLS0	CLS1	CLS2	MEAN
VAL  set, REC:	1.000	1.000	1.000	1.000	
VAL  set, F1 :	1.000	1.000	1.000	1.000	
VAL  set, AUC:	1.000	1.000	1.000	1.000	
VAL  set, ACC:	1.000	1.000	1.000	1.000	
VAL  set, SPE:	1.000	1.000	1.000	1.000	
[21-02-04 15:44:10-INFO] TEST_RECALL: 0.607, TIME: 51.3s
[21-02-04 15:44:10-DEBUG] 
TEST set, TITLE	CLS0	CLS1	CLS2	MEAN
TEST set, REC:	0.835	0.351	0.635	0.607	
TEST set, F1 :	0.787	0.416	0.595	0.599	
TEST set, AUC:	0.855	0.716	0.856	0.809	
TEST set, ACC:	0.768	0.718	0.826	0.771	
TEST set, SPE:	0.698	0.865	0.874	0.813	
[21-02-04 15:44:11-INFO] BEST_RECALL: 0.632, EPOCH:  27
[21-02-04 15:54:24-INFO] EPOCH: 59
[21-02-04 15:54:24-INFO] TRAIN_LOSS : 0.000, TIME: 613.0s
[21-02-04 15:55:16-INFO] VAL _RECALL: 1.000, TIME: 51.6s
[21-02-04 15:55:16-DEBUG] 
VAL  set, TITLE	CLS0	CLS1	CLS2	MEAN
VAL  set, REC:	1.000	1.000	1.000	1.000	
VAL  set, F1 :	1.000	1.000	1.000	1.000	
VAL  set, AUC:	1.000	1.000	1.000	1.000	
VAL  set, ACC:	1.000	1.000	1.000	1.000	
VAL  set, SPE:	1.000	1.000	1.000	1.000	
[21-02-04 15:56:07-INFO] TEST_RECALL: 0.601, TIME: 51.8s
[21-02-04 15:56:07-DEBUG] 
TEST set, TITLE	CLS0	CLS1	CLS2	MEAN
TEST set, REC:	0.835	0.392	0.577	0.601	
TEST set, F1 :	0.782	0.446	0.577	0.602	
TEST set, AUC:	0.855	0.715	0.855	0.809	
TEST set, ACC:	0.761	0.722	0.830	0.771	
TEST set, SPE:	0.683	0.854	0.894	0.810	
[21-02-04 15:56:08-INFO] BEST_RECALL: 0.632, EPOCH:  27
[21-02-04 16:06:22-INFO] EPOCH: 60
[21-02-04 16:06:22-INFO] TRAIN_LOSS : 0.001, TIME: 613.1s
[21-02-04 16:07:13-INFO] VAL _RECALL: 1.000, TIME: 51.8s
[21-02-04 16:07:13-DEBUG] 
VAL  set, TITLE	CLS0	CLS1	CLS2	MEAN
VAL  set, REC:	1.000	1.000	1.000	1.000	
VAL  set, F1 :	1.000	1.000	1.000	1.000	
VAL  set, AUC:	1.000	1.000	1.000	1.000	
VAL  set, ACC:	1.000	1.000	1.000	1.000	
VAL  set, SPE:	1.000	1.000	1.000	1.000	
[21-02-04 16:08:05-INFO] TEST_RECALL: 0.596, TIME: 51.4s
[21-02-04 16:08:05-DEBUG] 
TEST set, TITLE	CLS0	CLS1	CLS2	MEAN
TEST set, REC:	0.812	0.378	0.596	0.596	
TEST set, F1 :	0.774	0.444	0.549	0.589	
TEST set, AUC:	0.850	0.707	0.844	0.800	
TEST set, ACC:	0.757	0.730	0.803	0.763	
TEST set, SPE:	0.698	0.870	0.855	0.808	
[21-02-04 16:08:06-INFO] BEST_RECALL: 0.632, EPOCH:  27
[21-02-04 16:18:18-INFO] EPOCH: 61
[21-02-04 16:18:18-INFO] TRAIN_LOSS : 0.000, TIME: 612.2s
[21-02-04 16:19:10-INFO] VAL _RECALL: 1.000, TIME: 51.6s
[21-02-04 16:19:10-DEBUG] 
VAL  set, TITLE	CLS0	CLS1	CLS2	MEAN
VAL  set, REC:	1.000	1.000	1.000	1.000	
VAL  set, F1 :	1.000	1.000	1.000	1.000	
VAL  set, AUC:	1.000	1.000	1.000	1.000	
VAL  set, ACC:	1.000	1.000	1.000	1.000	
VAL  set, SPE:	1.000	1.000	1.000	1.000	
[21-02-04 16:20:01-INFO] TEST_RECALL: 0.601, TIME: 51.6s
[21-02-04 16:20:01-DEBUG] 
TEST set, TITLE	CLS0	CLS1	CLS2	MEAN
TEST set, REC:	0.812	0.432	0.558	0.601	
TEST set, F1 :	0.777	0.464	0.569	0.603	
TEST set, AUC:	0.851	0.711	0.852	0.805	
TEST set, ACC:	0.761	0.714	0.830	0.768	
TEST set, SPE:	0.706	0.827	0.899	0.811	
[21-02-04 16:20:02-INFO] BEST_RECALL: 0.632, EPOCH:  27
[21-02-04 16:30:14-INFO] EPOCH: 62
[21-02-04 16:30:14-INFO] TRAIN_LOSS : 0.000, TIME: 612.3s
[21-02-04 16:31:06-INFO] VAL _RECALL: 1.000, TIME: 51.8s
[21-02-04 16:31:06-DEBUG] 
VAL  set, TITLE	CLS0	CLS1	CLS2	MEAN
VAL  set, REC:	1.000	1.000	1.000	1.000	
VAL  set, F1 :	1.000	1.000	1.000	1.000	
VAL  set, AUC:	1.000	1.000	1.000	1.000	
VAL  set, ACC:	1.000	1.000	1.000	1.000	
VAL  set, SPE:	1.000	1.000	1.000	1.000	
[21-02-04 16:31:58-INFO] TEST_RECALL: 0.602, TIME: 51.5s
[21-02-04 16:31:58-DEBUG] 
TEST set, TITLE	CLS0	CLS1	CLS2	MEAN
TEST set, REC:	0.827	0.459	0.519	0.602	
TEST set, F1 :	0.783	0.482	0.562	0.609	
TEST set, AUC:	0.845	0.710	0.854	0.803	
TEST set, ACC:	0.764	0.718	0.838	0.773	
TEST set, SPE:	0.698	0.822	0.918	0.813	
[21-02-04 16:31:59-INFO] BEST_RECALL: 0.632, EPOCH:  27
[21-02-04 16:42:11-INFO] EPOCH: 63
[21-02-04 16:42:11-INFO] TRAIN_LOSS : 0.001, TIME: 612.6s
[21-02-04 16:43:03-INFO] VAL _RECALL: 1.000, TIME: 51.7s
[21-02-04 16:43:03-DEBUG] 
VAL  set, TITLE	CLS0	CLS1	CLS2	MEAN
VAL  set, REC:	1.000	1.000	1.000	1.000	
VAL  set, F1 :	1.000	1.000	1.000	1.000	
VAL  set, AUC:	1.000	1.000	1.000	1.000	
VAL  set, ACC:	1.000	1.000	1.000	1.000	
VAL  set, SPE:	1.000	1.000	1.000	1.000	
[21-02-04 16:43:55-INFO] TEST_RECALL: 0.606, TIME: 51.5s
[21-02-04 16:43:55-DEBUG] 
TEST set, TITLE	CLS0	CLS1	CLS2	MEAN
TEST set, REC:	0.774	0.446	0.596	0.606	
TEST set, F1 :	0.769	0.478	0.554	0.600	
TEST set, AUC:	0.856	0.714	0.843	0.804	
TEST set, ACC:	0.761	0.722	0.807	0.763	
TEST set, SPE:	0.746	0.832	0.860	0.813	
[21-02-04 16:43:56-INFO] BEST_RECALL: 0.632, EPOCH:  27
[21-02-04 16:54:08-INFO] EPOCH: 64
[21-02-04 16:54:08-INFO] TRAIN_LOSS : 0.000, TIME: 612.3s
[21-02-04 16:54:59-INFO] VAL _RECALL: 1.000, TIME: 51.7s
[21-02-04 16:54:59-DEBUG] 
VAL  set, TITLE	CLS0	CLS1	CLS2	MEAN
VAL  set, REC:	1.000	1.000	1.000	1.000	
VAL  set, F1 :	1.000	1.000	1.000	1.000	
VAL  set, AUC:	1.000	1.000	1.000	1.000	
VAL  set, ACC:	1.000	1.000	1.000	1.000	
VAL  set, SPE:	1.000	1.000	1.000	1.000	
[21-02-04 16:55:51-INFO] TEST_RECALL: 0.610, TIME: 51.8s
[21-02-04 16:55:51-DEBUG] 
TEST set, TITLE	CLS0	CLS1	CLS2	MEAN
TEST set, REC:	0.835	0.419	0.577	0.610	
TEST set, F1 :	0.793	0.470	0.566	0.610	
TEST set, AUC:	0.853	0.710	0.853	0.805	
TEST set, ACC:	0.776	0.730	0.822	0.776	
TEST set, SPE:	0.714	0.854	0.884	0.817	
[21-02-04 16:55:52-INFO] BEST_RECALL: 0.632, EPOCH:  27
[21-02-04 17:06:05-INFO] EPOCH: 65
[21-02-04 17:06:05-INFO] TRAIN_LOSS : 0.000, TIME: 613.0s
[21-02-04 17:06:57-INFO] VAL _RECALL: 1.000, TIME: 51.8s
[21-02-04 17:06:57-DEBUG] 
VAL  set, TITLE	CLS0	CLS1	CLS2	MEAN
VAL  set, REC:	1.000	1.000	1.000	1.000	
VAL  set, F1 :	1.000	1.000	1.000	1.000	
VAL  set, AUC:	1.000	1.000	1.000	1.000	
VAL  set, ACC:	1.000	1.000	1.000	1.000	
VAL  set, SPE:	1.000	1.000	1.000	1.000	
[21-02-04 17:07:49-INFO] TEST_RECALL: 0.606, TIME: 51.6s
[21-02-04 17:07:49-DEBUG] 
TEST set, TITLE	CLS0	CLS1	CLS2	MEAN
TEST set, REC:	0.842	0.378	0.596	0.606	
TEST set, F1 :	0.786	0.444	0.579	0.603	
TEST set, AUC:	0.854	0.710	0.854	0.806	
TEST set, ACC:	0.764	0.730	0.826	0.773	
TEST set, SPE:	0.683	0.870	0.884	0.812	
[21-02-04 17:07:50-INFO] BEST_RECALL: 0.632, EPOCH:  27
[21-02-04 17:18:03-INFO] EPOCH: 66
[21-02-04 17:18:03-INFO] TRAIN_LOSS : 0.000, TIME: 613.0s
[21-02-04 17:18:54-INFO] VAL _RECALL: 1.000, TIME: 51.6s
[21-02-04 17:18:54-DEBUG] 
VAL  set, TITLE	CLS0	CLS1	CLS2	MEAN
VAL  set, REC:	1.000	1.000	1.000	1.000	
VAL  set, F1 :	1.000	1.000	1.000	1.000	
VAL  set, AUC:	1.000	1.000	1.000	1.000	
VAL  set, ACC:	1.000	1.000	1.000	1.000	
VAL  set, SPE:	1.000	1.000	1.000	1.000	
[21-02-04 17:19:46-INFO] TEST_RECALL: 0.604, TIME: 51.7s
[21-02-04 17:19:46-DEBUG] 
TEST set, TITLE	CLS0	CLS1	CLS2	MEAN
TEST set, REC:	0.835	0.419	0.558	0.604	
TEST set, F1 :	0.787	0.463	0.569	0.606	
TEST set, AUC:	0.852	0.716	0.856	0.808	
TEST set, ACC:	0.768	0.722	0.830	0.773	
TEST set, SPE:	0.698	0.843	0.899	0.813	
[21-02-04 17:19:47-INFO] BEST_RECALL: 0.632, EPOCH:  27
[21-02-04 17:30:00-INFO] EPOCH: 67
[21-02-04 17:30:00-INFO] TRAIN_LOSS : 0.000, TIME: 612.9s
[21-02-04 17:30:52-INFO] VAL _RECALL: 1.000, TIME: 51.5s
[21-02-04 17:30:52-DEBUG] 
VAL  set, TITLE	CLS0	CLS1	CLS2	MEAN
VAL  set, REC:	1.000	1.000	1.000	1.000	
VAL  set, F1 :	1.000	1.000	1.000	1.000	
VAL  set, AUC:	1.000	1.000	1.000	1.000	
VAL  set, ACC:	1.000	1.000	1.000	1.000	
VAL  set, SPE:	1.000	1.000	1.000	1.000	
[21-02-04 17:31:43-INFO] TEST_RECALL: 0.620, TIME: 51.7s
[21-02-04 17:31:43-DEBUG] 
TEST set, TITLE	CLS0	CLS1	CLS2	MEAN
TEST set, REC:	0.812	0.338	0.712	0.620	
TEST set, F1 :	0.777	0.427	0.602	0.602	
TEST set, AUC:	0.853	0.718	0.857	0.809	
TEST set, ACC:	0.761	0.741	0.811	0.771	
TEST set, SPE:	0.706	0.903	0.836	0.815	
[21-02-04 17:31:44-INFO] BEST_RECALL: 0.632, EPOCH:  27
[21-02-04 17:41:57-INFO] EPOCH: 68
[21-02-04 17:41:57-INFO] TRAIN_LOSS : 0.000, TIME: 613.0s
[21-02-04 17:42:49-INFO] VAL _RECALL: 1.000, TIME: 51.7s
[21-02-04 17:42:49-DEBUG] 
VAL  set, TITLE	CLS0	CLS1	CLS2	MEAN
VAL  set, REC:	1.000	1.000	1.000	1.000	
VAL  set, F1 :	1.000	1.000	1.000	1.000	
VAL  set, AUC:	1.000	1.000	1.000	1.000	
VAL  set, ACC:	1.000	1.000	1.000	1.000	
VAL  set, SPE:	1.000	1.000	1.000	1.000	
[21-02-04 17:43:40-INFO] TEST_RECALL: 0.604, TIME: 51.4s
[21-02-04 17:43:40-DEBUG] 
TEST set, TITLE	CLS0	CLS1	CLS2	MEAN
TEST set, REC:	0.842	0.432	0.538	0.604	
TEST set, F1 :	0.792	0.478	0.554	0.608	
TEST set, AUC:	0.850	0.718	0.856	0.808	
TEST set, ACC:	0.772	0.730	0.826	0.776	
TEST set, SPE:	0.698	0.849	0.899	0.815	
[21-02-04 17:43:41-INFO] BEST_RECALL: 0.632, EPOCH:  27
[21-02-04 17:53:55-INFO] EPOCH: 69
[21-02-04 17:53:55-INFO] TRAIN_LOSS : 0.000, TIME: 613.2s
[21-02-04 17:54:46-INFO] VAL _RECALL: 1.000, TIME: 51.6s
[21-02-04 17:54:46-DEBUG] 
VAL  set, TITLE	CLS0	CLS1	CLS2	MEAN
VAL  set, REC:	1.000	1.000	1.000	1.000	
VAL  set, F1 :	1.000	1.000	1.000	1.000	
VAL  set, AUC:	1.000	1.000	1.000	1.000	
VAL  set, ACC:	1.000	1.000	1.000	1.000	
VAL  set, SPE:	1.000	1.000	1.000	1.000	
[21-02-04 17:55:38-INFO] TEST_RECALL: 0.595, TIME: 51.4s
[21-02-04 17:55:38-DEBUG] 
TEST set, TITLE	CLS0	CLS1	CLS2	MEAN
TEST set, REC:	0.835	0.432	0.519	0.595	
TEST set, F1 :	0.784	0.467	0.551	0.601	
TEST set, AUC:	0.849	0.715	0.854	0.806	
TEST set, ACC:	0.764	0.718	0.830	0.771	
TEST set, SPE:	0.690	0.832	0.908	0.810	
[21-02-04 17:55:39-INFO] BEST_RECALL: 0.632, EPOCH:  27
