[21-02-04 17:55:44-DEBUG] Checkpoints is in:
./results/checkpoints/20210204/3D_ResNet18-3-175543/
[21-02-04 17:55:44-DEBUG] Tensorboard is in:
./results/tensorboards/20210204/3D_ResNet18-3-175543/
[21-02-04 17:55:44-DEBUG] Data is in:
./data/Net_Input/3D_64_z1.0_l0.70_h0.10_20210125/
[21-02-04 17:55:44-DEBUG] LR: 3e-05, LD: 0.98
[21-02-04 17:55:44-DEBUG] WD: 1e-05, WU: 20
[21-02-04 17:55:44-DEBUG] BS: 4, FOLD: 3


[21-02-04 18:06:04-INFO] EPOCH: 1
[21-02-04 18:06:04-INFO] TRAIN_LOSS : 1.030, TIME: 613.5s
[21-02-04 18:06:56-INFO] VAL _RECALL: 0.389, TIME: 51.5s
[21-02-04 18:06:56-DEBUG] 
VAL  set, TITLE	CLS0	CLS1	CLS2	MEAN
VAL  set, REC:	0.798	0.173	0.196	0.389	
VAL  set, F1 :	0.671	0.200	0.265	0.379	
VAL  set, AUC:	0.701	0.608	0.667	0.659	
VAL  set, ACC:	0.612	0.600	0.765	0.659	
VAL  set, SPE:	0.427	0.773	0.922	0.707	
[21-02-04 18:07:47-INFO] TEST_RECALL: 0.397, TIME: 51.5s
[21-02-04 18:07:47-DEBUG] 
TEST set, TITLE	CLS0	CLS1	CLS2	MEAN
TEST set, REC:	0.818	0.203	0.170	0.397	
TEST set, F1 :	0.702	0.248	0.209	0.386	
TEST set, AUC:	0.687	0.606	0.681	0.658	
TEST set, ACC:	0.633	0.672	0.737	0.681	
TEST set, SPE:	0.426	0.842	0.883	0.717	
[21-02-04 18:07:48-INFO] BEST_RECALL: 0.397, EPOCH:   1
[21-02-04 18:18:00-INFO] EPOCH: 2
[21-02-04 18:18:00-INFO] TRAIN_LOSS : 0.970, TIME: 612.0s
[21-02-04 18:18:52-INFO] VAL _RECALL: 0.457, TIME: 52.1s
[21-02-04 18:18:52-DEBUG] 
VAL  set, TITLE	CLS0	CLS1	CLS2	MEAN
VAL  set, REC:	0.992	0.040	0.339	0.457	
VAL  set, F1 :	0.727	0.073	0.442	0.414	
VAL  set, AUC:	0.820	0.606	0.812	0.746	
VAL  set, ACC:	0.631	0.708	0.815	0.718	
VAL  set, SPE:	0.275	0.978	0.946	0.733	
[21-02-04 18:19:44-INFO] TEST_RECALL: 0.439, TIME: 51.7s
[21-02-04 18:19:44-DEBUG] 
TEST set, TITLE	CLS0	CLS1	CLS2	MEAN
TEST set, REC:	0.956	0.058	0.302	0.439	
TEST set, F1 :	0.734	0.100	0.395	0.410	
TEST set, AUC:	0.795	0.619	0.821	0.745	
TEST set, ACC:	0.633	0.722	0.811	0.722	
TEST set, SPE:	0.270	0.963	0.942	0.725	
[21-02-04 18:19:45-INFO] BEST_RECALL: 0.439, EPOCH:   2
[21-02-04 18:29:58-INFO] EPOCH: 3
[21-02-04 18:29:58-INFO] TRAIN_LOSS : 0.911, TIME: 613.5s
[21-02-04 18:30:50-INFO] VAL _RECALL: 0.405, TIME: 51.6s
[21-02-04 18:30:50-DEBUG] 
VAL  set, TITLE	CLS0	CLS1	CLS2	MEAN
VAL  set, REC:	0.969	0.067	0.179	0.405	
VAL  set, F1 :	0.706	0.102	0.294	0.367	
VAL  set, AUC:	0.858	0.646	0.864	0.789	
VAL  set, ACC:	0.600	0.662	0.815	0.692	
VAL  set, SPE:	0.237	0.903	0.990	0.710	
[21-02-04 18:31:41-INFO] TEST_RECALL: 0.397, TIME: 51.5s
[21-02-04 18:31:41-DEBUG] 
TEST set, TITLE	CLS0	CLS1	CLS2	MEAN
TEST set, REC:	0.978	0.043	0.170	0.397	
TEST set, F1 :	0.738	0.067	0.277	0.361	
TEST set, AUC:	0.808	0.605	0.854	0.755	
TEST set, ACC:	0.633	0.676	0.819	0.709	
TEST set, SPE:	0.246	0.905	0.985	0.712	
[21-02-04 18:31:41-INFO] BEST_RECALL: 0.439, EPOCH:   2
[21-02-04 18:41:55-INFO] EPOCH: 4
[21-02-04 18:41:55-INFO] TRAIN_LOSS : 0.864, TIME: 613.3s
[21-02-04 18:42:46-INFO] VAL _RECALL: 0.530, TIME: 51.6s
[21-02-04 18:42:46-DEBUG] 
VAL  set, TITLE	CLS0	CLS1	CLS2	MEAN
VAL  set, REC:	1.000	0.160	0.429	0.530	
VAL  set, F1 :	0.750	0.253	0.593	0.532	
VAL  set, AUC:	0.890	0.686	0.910	0.829	
VAL  set, ACC:	0.669	0.727	0.873	0.756	
VAL  set, SPE:	0.344	0.957	0.995	0.765	
[21-02-04 18:43:38-INFO] TEST_RECALL: 0.503, TIME: 51.5s
[21-02-04 18:43:38-DEBUG] 
TEST set, TITLE	CLS0	CLS1	CLS2	MEAN
TEST set, REC:	0.993	0.043	0.472	0.503	
TEST set, F1 :	0.766	0.080	0.568	0.471	
TEST set, AUC:	0.832	0.615	0.894	0.780	
TEST set, ACC:	0.680	0.734	0.853	0.755	
TEST set, SPE:	0.328	0.984	0.951	0.755	
[21-02-04 18:43:39-INFO] BEST_RECALL: 0.503, EPOCH:   4
[21-02-04 18:53:52-INFO] EPOCH: 5
[21-02-04 18:53:52-INFO] TRAIN_LOSS : 0.817, TIME: 612.8s
[21-02-04 18:54:43-INFO] VAL _RECALL: 0.333, TIME: 51.8s
[21-02-04 18:54:43-DEBUG] 
VAL  set, TITLE	CLS0	CLS1	CLS2	MEAN
VAL  set, REC:	1.000	0.000	0.000	0.333	
VAL  set, F1 :	0.663	0.000	0.000	0.221	
VAL  set, AUC:	0.879	0.621	0.931	0.810	
VAL  set, ACC:	0.496	0.712	0.785	0.664	
VAL  set, SPE:	0.000	1.000	1.000	0.667	
[21-02-04 18:55:35-INFO] TEST_RECALL: 0.340, TIME: 51.4s
[21-02-04 18:55:35-DEBUG] 
TEST set, TITLE	CLS0	CLS1	CLS2	MEAN
TEST set, REC:	1.000	0.000	0.019	0.340	
TEST set, F1 :	0.694	0.000	0.037	0.244	
TEST set, AUC:	0.786	0.561	0.891	0.746	
TEST set, ACC:	0.533	0.734	0.799	0.689	
TEST set, SPE:	0.008	1.000	1.000	0.669	
[21-02-04 18:55:35-INFO] BEST_RECALL: 0.503, EPOCH:   4
[21-02-04 19:05:48-INFO] EPOCH: 6
[21-02-04 19:05:48-INFO] TRAIN_LOSS : 0.784, TIME: 613.1s
[21-02-04 19:06:40-INFO] VAL _RECALL: 0.377, TIME: 51.7s
[21-02-04 19:06:40-DEBUG] 
VAL  set, TITLE	CLS0	CLS1	CLS2	MEAN
VAL  set, REC:	0.116	0.013	1.000	0.377	
VAL  set, F1 :	0.208	0.018	0.424	0.217	
VAL  set, AUC:	0.923	0.366	0.924	0.738	
VAL  set, ACC:	0.562	0.577	0.415	0.518	
VAL  set, SPE:	1.000	0.805	0.255	0.687	
[21-02-04 19:07:31-INFO] TEST_RECALL: 0.362, TIME: 51.7s
[21-02-04 19:07:31-DEBUG] 
TEST set, TITLE	CLS0	CLS1	CLS2	MEAN
TEST set, REC:	0.058	0.029	1.000	0.362	
TEST set, F1 :	0.110	0.040	0.388	0.180	
TEST set, AUC:	0.825	0.447	0.884	0.718	
TEST set, ACC:	0.502	0.629	0.355	0.495	
TEST set, SPE:	1.000	0.847	0.189	0.679	
[21-02-04 19:07:32-INFO] BEST_RECALL: 0.503, EPOCH:   4
[21-02-04 19:17:45-INFO] EPOCH: 7
[21-02-04 19:17:45-INFO] TRAIN_LOSS : 0.711, TIME: 613.1s
[21-02-04 19:18:36-INFO] VAL _RECALL: 0.678, TIME: 51.6s
[21-02-04 19:18:36-DEBUG] 
VAL  set, TITLE	CLS0	CLS1	CLS2	MEAN
VAL  set, REC:	0.953	0.080	1.000	0.678	
VAL  set, F1 :	0.904	0.146	0.675	0.575	
VAL  set, AUC:	0.979	0.830	0.967	0.926	
VAL  set, ACC:	0.900	0.731	0.792	0.808	
VAL  set, SPE:	0.847	0.995	0.735	0.859	
[21-02-04 19:19:28-INFO] TEST_RECALL: 0.618, TIME: 51.6s
[21-02-04 19:19:28-DEBUG] 
TEST set, TITLE	CLS0	CLS1	CLS2	MEAN
TEST set, REC:	0.832	0.116	0.906	0.618	
TEST set, F1 :	0.823	0.195	0.604	0.541	
TEST set, AUC:	0.876	0.686	0.894	0.819	
TEST set, ACC:	0.811	0.745	0.757	0.771	
TEST set, SPE:	0.787	0.974	0.718	0.826	
[21-02-04 19:19:30-INFO] BEST_RECALL: 0.618, EPOCH:   7
[21-02-04 19:29:43-INFO] EPOCH: 8
[21-02-04 19:29:43-INFO] TRAIN_LOSS : 0.687, TIME: 613.1s
[21-02-04 19:30:35-INFO] VAL _RECALL: 0.490, TIME: 51.6s
[21-02-04 19:30:35-DEBUG] 
VAL  set, TITLE	CLS0	CLS1	CLS2	MEAN
VAL  set, REC:	0.023	1.000	0.446	0.490	
VAL  set, F1 :	0.045	0.489	0.617	0.384	
VAL  set, AUC:	0.968	0.745	0.959	0.891	
VAL  set, ACC:	0.515	0.396	0.881	0.597	
VAL  set, SPE:	1.000	0.151	1.000	0.717	
[21-02-04 19:31:26-INFO] TEST_RECALL: 0.403, TIME: 51.6s
[21-02-04 19:31:26-DEBUG] 
TEST set, TITLE	CLS0	CLS1	CLS2	MEAN
TEST set, REC:	0.022	0.942	0.245	0.403	
TEST set, F1 :	0.043	0.422	0.371	0.279	
TEST set, AUC:	0.842	0.612	0.881	0.779	
TEST set, ACC:	0.483	0.313	0.830	0.542	
TEST set, SPE:	1.000	0.084	0.981	0.688	
[21-02-04 19:31:27-INFO] BEST_RECALL: 0.618, EPOCH:   7
[21-02-04 19:41:40-INFO] EPOCH: 9
[21-02-04 19:41:40-INFO] TRAIN_LOSS : 0.678, TIME: 612.9s
[21-02-04 19:42:32-INFO] VAL _RECALL: 0.357, TIME: 51.6s
[21-02-04 19:42:32-DEBUG] 
VAL  set, TITLE	CLS0	CLS1	CLS2	MEAN
VAL  set, REC:	1.000	0.000	0.071	0.357	
VAL  set, F1 :	0.670	0.000	0.133	0.268	
VAL  set, AUC:	0.966	0.700	0.973	0.880	
VAL  set, ACC:	0.512	0.712	0.800	0.674	
VAL  set, SPE:	0.031	1.000	1.000	0.677	
[21-02-04 19:43:23-INFO] TEST_RECALL: 0.346, TIME: 51.5s
[21-02-04 19:43:23-DEBUG] 
TEST set, TITLE	CLS0	CLS1	CLS2	MEAN
TEST set, REC:	1.000	0.000	0.038	0.346	
TEST set, F1 :	0.695	0.000	0.073	0.256	
TEST set, AUC:	0.844	0.641	0.877	0.787	
TEST set, ACC:	0.537	0.734	0.803	0.691	
TEST set, SPE:	0.016	1.000	1.000	0.672	
[21-02-04 19:43:24-INFO] BEST_RECALL: 0.618, EPOCH:   7
[21-02-04 19:53:36-INFO] EPOCH: 10
[21-02-04 19:53:36-INFO] TRAIN_LOSS : 0.560, TIME: 611.8s
[21-02-04 19:54:28-INFO] VAL _RECALL: 0.588, TIME: 51.6s
[21-02-04 19:54:28-DEBUG] 
VAL  set, TITLE	CLS0	CLS1	CLS2	MEAN
VAL  set, REC:	1.000	0.533	0.232	0.588	
VAL  set, F1 :	0.872	0.516	0.377	0.588	
VAL  set, AUC:	0.994	0.798	0.983	0.925	
VAL  set, ACC:	0.854	0.712	0.835	0.800	
VAL  set, SPE:	0.710	0.784	1.000	0.831	
[21-02-04 19:55:19-INFO] TEST_RECALL: 0.462, TIME: 51.4s
[21-02-04 19:55:19-DEBUG] 
TEST set, TITLE	CLS0	CLS1	CLS2	MEAN
TEST set, REC:	0.949	0.362	0.075	0.462	
TEST set, F1 :	0.785	0.385	0.140	0.437	
TEST set, AUC:	0.849	0.671	0.890	0.803	
TEST set, ACC:	0.726	0.691	0.811	0.743	
TEST set, SPE:	0.475	0.811	1.000	0.762	
[21-02-04 19:55:20-INFO] BEST_RECALL: 0.618, EPOCH:   7
[21-02-04 20:05:33-INFO] EPOCH: 11
[21-02-04 20:05:33-INFO] TRAIN_LOSS : 0.550, TIME: 612.9s
[21-02-04 20:06:25-INFO] VAL _RECALL: 0.577, TIME: 51.9s
[21-02-04 20:06:25-DEBUG] 
VAL  set, TITLE	CLS0	CLS1	CLS2	MEAN
VAL  set, REC:	1.000	0.000	0.732	0.577	
VAL  set, F1 :	0.746	0.000	0.828	0.525	
VAL  set, AUC:	0.997	0.852	0.985	0.945	
VAL  set, ACC:	0.662	0.712	0.935	0.769	
VAL  set, SPE:	0.328	1.000	0.990	0.773	
[21-02-04 20:07:17-INFO] TEST_RECALL: 0.413, TIME: 51.5s
[21-02-04 20:07:17-DEBUG] 
TEST set, TITLE	CLS0	CLS1	CLS2	MEAN
TEST set, REC:	0.993	0.000	0.245	0.413	
TEST set, F1 :	0.723	0.000	0.356	0.360	
TEST set, AUC:	0.820	0.670	0.846	0.779	
TEST set, ACC:	0.598	0.734	0.819	0.717	
TEST set, SPE:	0.156	1.000	0.966	0.707	
[21-02-04 20:07:18-INFO] BEST_RECALL: 0.618, EPOCH:   7
[21-02-04 20:17:31-INFO] EPOCH: 12
[21-02-04 20:17:31-INFO] TRAIN_LOSS : 0.549, TIME: 613.0s
[21-02-04 20:18:22-INFO] VAL _RECALL: 0.356, TIME: 51.7s
[21-02-04 20:18:22-DEBUG] 
VAL  set, TITLE	CLS0	CLS1	CLS2	MEAN
VAL  set, REC:	0.000	0.067	1.000	0.356	
VAL  set, F1 :	0.000	0.078	0.426	0.168	
VAL  set, AUC:	0.965	0.482	0.941	0.796	
VAL  set, ACC:	0.504	0.546	0.419	0.490	
VAL  set, SPE:	1.000	0.741	0.260	0.667	
[21-02-04 20:19:14-INFO] TEST_RECALL: 0.384, TIME: 51.5s
[21-02-04 20:19:14-DEBUG] 
TEST set, TITLE	CLS0	CLS1	CLS2	MEAN
TEST set, REC:	0.000	0.188	0.962	0.384	
TEST set, F1 :	0.000	0.226	0.383	0.203	
TEST set, AUC:	0.795	0.519	0.833	0.715	
TEST set, ACC:	0.471	0.656	0.367	0.498	
TEST set, SPE:	1.000	0.826	0.214	0.680	
[21-02-04 20:19:15-INFO] BEST_RECALL: 0.618, EPOCH:   7
[21-02-04 20:29:28-INFO] EPOCH: 13
[21-02-04 20:29:28-INFO] TRAIN_LOSS : 0.528, TIME: 613.0s
[21-02-04 20:30:20-INFO] VAL _RECALL: 0.333, TIME: 51.6s
[21-02-04 20:30:20-DEBUG] 
VAL  set, TITLE	CLS0	CLS1	CLS2	MEAN
VAL  set, REC:	0.000	0.000	1.000	0.333	
VAL  set, F1 :	0.000	0.000	0.365	0.122	
VAL  set, AUC:	0.934	0.442	0.930	0.769	
VAL  set, ACC:	0.504	0.677	0.250	0.477	
VAL  set, SPE:	1.000	0.951	0.044	0.665	
[21-02-04 20:31:11-INFO] TEST_RECALL: 0.333, TIME: 51.7s
[21-02-04 20:31:11-DEBUG] 
TEST set, TITLE	CLS0	CLS1	CLS2	MEAN
TEST set, REC:	0.000	0.000	1.000	0.333	
TEST set, F1 :	0.000	0.000	0.344	0.115	
TEST set, AUC:	0.768	0.439	0.823	0.677	
TEST set, ACC:	0.471	0.718	0.220	0.470	
TEST set, SPE:	1.000	0.979	0.019	0.666	
[21-02-04 20:31:12-INFO] BEST_RECALL: 0.618, EPOCH:   7
[21-02-04 20:41:25-INFO] EPOCH: 14
[21-02-04 20:41:25-INFO] TRAIN_LOSS : 0.500, TIME: 612.6s
[21-02-04 20:42:17-INFO] VAL _RECALL: 0.757, TIME: 51.9s
[21-02-04 20:42:17-DEBUG] 
VAL  set, TITLE	CLS0	CLS1	CLS2	MEAN
VAL  set, REC:	0.922	0.973	0.375	0.757	
VAL  set, F1 :	0.952	0.756	0.545	0.751	
VAL  set, AUC:	0.995	0.970	0.996	0.987	
VAL  set, ACC:	0.954	0.819	0.865	0.879	
VAL  set, SPE:	0.985	0.757	1.000	0.914	
[21-02-04 20:43:08-INFO] TEST_RECALL: 0.455, TIME: 51.5s
[21-02-04 20:43:08-DEBUG] 
TEST set, TITLE	CLS0	CLS1	CLS2	MEAN
TEST set, REC:	0.562	0.783	0.019	0.455	
TEST set, F1 :	0.664	0.466	0.037	0.389	
TEST set, AUC:	0.805	0.639	0.856	0.766	
TEST set, ACC:	0.699	0.521	0.799	0.673	
TEST set, SPE:	0.852	0.426	1.000	0.760	
[21-02-04 20:43:09-INFO] BEST_RECALL: 0.618, EPOCH:   7
[21-02-04 20:53:23-INFO] EPOCH: 15
[21-02-04 20:53:23-INFO] TRAIN_LOSS : 0.419, TIME: 613.3s
[21-02-04 20:54:14-INFO] VAL _RECALL: 0.590, TIME: 51.6s
[21-02-04 20:54:14-DEBUG] 
VAL  set, TITLE	CLS0	CLS1	CLS2	MEAN
VAL  set, REC:	0.651	0.120	1.000	0.590	
VAL  set, F1 :	0.789	0.214	0.502	0.502	
VAL  set, AUC:	0.991	0.970	0.992	0.984	
VAL  set, ACC:	0.827	0.746	0.573	0.715	
VAL  set, SPE:	1.000	1.000	0.456	0.819	
[21-02-04 20:55:06-INFO] TEST_RECALL: 0.467, TIME: 51.7s
[21-02-04 20:55:06-DEBUG] 
TEST set, TITLE	CLS0	CLS1	CLS2	MEAN
TEST set, REC:	0.358	0.043	1.000	0.467	
TEST set, F1 :	0.505	0.081	0.424	0.337	
TEST set, AUC:	0.833	0.650	0.893	0.792	
TEST set, ACC:	0.629	0.737	0.444	0.604	
TEST set, SPE:	0.934	0.989	0.301	0.742	
[21-02-04 20:55:07-INFO] BEST_RECALL: 0.618, EPOCH:   7
[21-02-04 21:05:20-INFO] EPOCH: 16
[21-02-04 21:05:20-INFO] TRAIN_LOSS : 0.393, TIME: 613.6s
[21-02-04 21:06:12-INFO] VAL _RECALL: 0.459, TIME: 51.8s
[21-02-04 21:06:12-DEBUG] 
VAL  set, TITLE	CLS0	CLS1	CLS2	MEAN
VAL  set, REC:	0.271	1.000	0.107	0.459	
VAL  set, F1 :	0.427	0.512	0.190	0.376	
VAL  set, AUC:	0.990	0.961	0.989	0.980	
VAL  set, ACC:	0.638	0.450	0.804	0.631	
VAL  set, SPE:	1.000	0.227	0.995	0.741	
[21-02-04 21:07:04-INFO] TEST_RECALL: 0.372, TIME: 51.9s
[21-02-04 21:07:04-DEBUG] 
TEST set, TITLE	CLS0	CLS1	CLS2	MEAN
TEST set, REC:	0.117	1.000	0.000	0.372	
TEST set, F1 :	0.209	0.442	0.000	0.217	
TEST set, AUC:	0.763	0.610	0.823	0.732	
TEST set, ACC:	0.533	0.328	0.795	0.552	
TEST set, SPE:	1.000	0.084	1.000	0.695	
[21-02-04 21:07:05-INFO] BEST_RECALL: 0.618, EPOCH:   7
[21-02-04 21:17:18-INFO] EPOCH: 17
[21-02-04 21:17:18-INFO] TRAIN_LOSS : 0.381, TIME: 612.8s
[21-02-04 21:18:10-INFO] VAL _RECALL: 0.636, TIME: 51.6s
[21-02-04 21:18:10-DEBUG] 
VAL  set, TITLE	CLS0	CLS1	CLS2	MEAN
VAL  set, REC:	0.907	0.000	1.000	0.636	
VAL  set, F1 :	0.918	0.000	0.589	0.502	
VAL  set, AUC:	0.975	0.992	0.995	0.988	
VAL  set, ACC:	0.919	0.712	0.700	0.777	
VAL  set, SPE:	0.931	1.000	0.618	0.850	
[21-02-04 21:19:01-INFO] TEST_RECALL: 0.552, TIME: 51.5s
[21-02-04 21:19:01-DEBUG] 
TEST set, TITLE	CLS0	CLS1	CLS2	MEAN
TEST set, REC:	0.693	0.000	0.962	0.552	
TEST set, F1 :	0.739	0.000	0.531	0.424	
TEST set, AUC:	0.837	0.627	0.896	0.787	
TEST set, ACC:	0.741	0.734	0.653	0.709	
TEST set, SPE:	0.795	1.000	0.573	0.789	
[21-02-04 21:19:02-INFO] BEST_RECALL: 0.618, EPOCH:   7
[21-02-04 21:29:15-INFO] EPOCH: 18
[21-02-04 21:29:15-INFO] TRAIN_LOSS : 0.305, TIME: 612.9s
[21-02-04 21:30:07-INFO] VAL _RECALL: 0.681, TIME: 51.9s
[21-02-04 21:30:07-DEBUG] 
VAL  set, TITLE	CLS0	CLS1	CLS2	MEAN
VAL  set, REC:	0.124	0.973	0.946	0.681	
VAL  set, F1 :	0.221	0.591	0.828	0.547	
VAL  set, AUC:	0.999	0.906	0.988	0.964	
VAL  set, ACC:	0.565	0.612	0.915	0.697	
VAL  set, SPE:	1.000	0.465	0.907	0.791	
[21-02-04 21:30:58-INFO] TEST_RECALL: 0.478, TIME: 51.6s
[21-02-04 21:30:58-DEBUG] 
TEST set, TITLE	CLS0	CLS1	CLS2	MEAN
TEST set, REC:	0.036	0.681	0.717	0.478	
TEST set, F1 :	0.070	0.387	0.571	0.343	
TEST set, AUC:	0.815	0.572	0.833	0.740	
TEST set, ACC:	0.490	0.425	0.780	0.565	
TEST set, SPE:	1.000	0.332	0.796	0.709	
[21-02-04 21:31:00-INFO] BEST_RECALL: 0.618, EPOCH:   7
[21-02-04 21:41:12-INFO] EPOCH: 19
[21-02-04 21:41:12-INFO] TRAIN_LOSS : 0.318, TIME: 612.8s
[21-02-04 21:42:04-INFO] VAL _RECALL: 0.487, TIME: 51.9s
[21-02-04 21:42:04-DEBUG] 
VAL  set, TITLE	CLS0	CLS1	CLS2	MEAN
VAL  set, REC:	0.085	1.000	0.375	0.487	
VAL  set, F1 :	0.157	0.495	0.545	0.399	
VAL  set, AUC:	0.992	0.976	0.995	0.988	
VAL  set, ACC:	0.546	0.412	0.865	0.608	
VAL  set, SPE:	1.000	0.173	1.000	0.724	
[21-02-04 21:42:56-INFO] TEST_RECALL: 0.368, TIME: 51.4s
[21-02-04 21:42:56-DEBUG] 
TEST set, TITLE	CLS0	CLS1	CLS2	MEAN
TEST set, REC:	0.029	1.000	0.075	0.368	
TEST set, F1 :	0.057	0.431	0.140	0.209	
TEST set, AUC:	0.778	0.637	0.806	0.740	
TEST set, ACC:	0.486	0.297	0.811	0.532	
TEST set, SPE:	1.000	0.042	1.000	0.681	
[21-02-04 21:42:57-INFO] BEST_RECALL: 0.618, EPOCH:   7
[21-02-04 21:53:09-INFO] EPOCH: 20
[21-02-04 21:53:09-INFO] TRAIN_LOSS : 0.273, TIME: 612.5s
[21-02-04 21:54:01-INFO] VAL _RECALL: 0.820, TIME: 51.9s
[21-02-04 21:54:01-DEBUG] 
VAL  set, TITLE	CLS0	CLS1	CLS2	MEAN
VAL  set, REC:	0.969	0.973	0.518	0.820	
VAL  set, F1 :	0.969	0.825	0.682	0.825	
VAL  set, AUC:	0.996	0.982	0.999	0.992	
VAL  set, ACC:	0.969	0.881	0.896	0.915	
VAL  set, SPE:	0.969	0.843	1.000	0.938	
[21-02-04 21:54:53-INFO] TEST_RECALL: 0.515, TIME: 51.3s
[21-02-04 21:54:53-DEBUG] 
TEST set, TITLE	CLS0	CLS1	CLS2	MEAN
TEST set, REC:	0.810	0.565	0.170	0.515	
TEST set, F1 :	0.758	0.479	0.290	0.509	
TEST set, AUC:	0.797	0.688	0.871	0.785	
TEST set, ACC:	0.726	0.672	0.830	0.743	
TEST set, SPE:	0.631	0.711	1.000	0.781	
[21-02-04 21:54:54-INFO] BEST_RECALL: 0.618, EPOCH:   7
[21-02-04 22:05:06-INFO] EPOCH: 21
[21-02-04 22:05:06-INFO] TRAIN_LOSS : 0.201, TIME: 612.8s
[21-02-04 22:05:58-INFO] VAL _RECALL: 1.000, TIME: 51.7s
[21-02-04 22:05:58-DEBUG] 
VAL  set, TITLE	CLS0	CLS1	CLS2	MEAN
VAL  set, REC:	1.000	1.000	1.000	1.000	
VAL  set, F1 :	1.000	1.000	1.000	1.000	
VAL  set, AUC:	1.000	1.000	1.000	1.000	
VAL  set, ACC:	1.000	1.000	1.000	1.000	
VAL  set, SPE:	1.000	1.000	1.000	1.000	
[21-02-04 22:06:50-INFO] TEST_RECALL: 0.593, TIME: 51.5s
[21-02-04 22:06:50-DEBUG] 
TEST set, TITLE	CLS0	CLS1	CLS2	MEAN
TEST set, REC:	0.679	0.478	0.623	0.593	
TEST set, F1 :	0.727	0.418	0.635	0.593	
TEST set, AUC:	0.838	0.677	0.887	0.801	
TEST set, ACC:	0.730	0.645	0.853	0.743	
TEST set, SPE:	0.787	0.705	0.913	0.802	
[21-02-04 22:06:51-INFO] BEST_RECALL: 0.618, EPOCH:   7
[21-02-04 22:17:04-INFO] EPOCH: 22
[21-02-04 22:17:04-INFO] TRAIN_LOSS : 0.106, TIME: 613.2s
[21-02-04 22:17:56-INFO] VAL _RECALL: 0.818, TIME: 51.7s
[21-02-04 22:17:56-DEBUG] 
VAL  set, TITLE	CLS0	CLS1	CLS2	MEAN
VAL  set, REC:	0.961	0.493	1.000	0.818	
VAL  set, F1 :	0.973	0.661	0.732	0.788	
VAL  set, AUC:	0.999	1.000	1.000	1.000	
VAL  set, ACC:	0.973	0.854	0.842	0.890	
VAL  set, SPE:	0.985	1.000	0.799	0.928	
[21-02-04 22:18:47-INFO] TEST_RECALL: 0.549, TIME: 51.7s
[21-02-04 22:18:47-DEBUG] 
TEST set, TITLE	CLS0	CLS1	CLS2	MEAN
TEST set, REC:	0.708	0.014	0.925	0.549	
TEST set, F1 :	0.752	0.028	0.519	0.433	
TEST set, AUC:	0.848	0.707	0.899	0.818	
TEST set, ACC:	0.753	0.734	0.649	0.712	
TEST set, SPE:	0.803	0.995	0.578	0.792	
[21-02-04 22:18:48-INFO] BEST_RECALL: 0.618, EPOCH:   7
[21-02-04 22:29:01-INFO] EPOCH: 23
[21-02-04 22:29:01-INFO] TRAIN_LOSS : 0.099, TIME: 612.8s
[21-02-04 22:29:53-INFO] VAL _RECALL: 1.000, TIME: 51.6s
[21-02-04 22:29:53-DEBUG] 
VAL  set, TITLE	CLS0	CLS1	CLS2	MEAN
VAL  set, REC:	1.000	1.000	1.000	1.000	
VAL  set, F1 :	1.000	1.000	1.000	1.000	
VAL  set, AUC:	1.000	1.000	1.000	1.000	
VAL  set, ACC:	1.000	1.000	1.000	1.000	
VAL  set, SPE:	1.000	1.000	1.000	1.000	
[21-02-04 22:30:45-INFO] TEST_RECALL: 0.557, TIME: 51.7s
[21-02-04 22:30:45-DEBUG] 
TEST set, TITLE	CLS0	CLS1	CLS2	MEAN
TEST set, REC:	0.825	0.449	0.396	0.557	
TEST set, F1 :	0.771	0.431	0.519	0.573	
TEST set, AUC:	0.835	0.708	0.877	0.807	
TEST set, ACC:	0.741	0.683	0.849	0.758	
TEST set, SPE:	0.648	0.768	0.966	0.794	
[21-02-04 22:30:46-INFO] BEST_RECALL: 0.618, EPOCH:   7
[21-02-04 22:40:59-INFO] EPOCH: 24
[21-02-04 22:40:59-INFO] TRAIN_LOSS : 0.073, TIME: 613.0s
[21-02-04 22:41:50-INFO] VAL _RECALL: 1.000, TIME: 51.8s
[21-02-04 22:41:50-DEBUG] 
VAL  set, TITLE	CLS0	CLS1	CLS2	MEAN
VAL  set, REC:	1.000	1.000	1.000	1.000	
VAL  set, F1 :	1.000	1.000	1.000	1.000	
VAL  set, AUC:	1.000	1.000	1.000	1.000	
VAL  set, ACC:	1.000	1.000	1.000	1.000	
VAL  set, SPE:	1.000	1.000	1.000	1.000	
[21-02-04 22:42:42-INFO] TEST_RECALL: 0.660, TIME: 51.7s
[21-02-04 22:42:42-DEBUG] 
TEST set, TITLE	CLS0	CLS1	CLS2	MEAN
TEST set, REC:	0.839	0.348	0.792	0.660	
TEST set, F1 :	0.810	0.436	0.677	0.641	
TEST set, AUC:	0.843	0.702	0.902	0.815	
TEST set, ACC:	0.792	0.761	0.846	0.799	
TEST set, SPE:	0.738	0.911	0.859	0.836	
[21-02-04 22:42:44-INFO] BEST_RECALL: 0.660, EPOCH:  24
[21-02-04 22:52:58-INFO] EPOCH: 25
[21-02-04 22:52:58-INFO] TRAIN_LOSS : 0.063, TIME: 613.4s
[21-02-04 22:53:49-INFO] VAL _RECALL: 1.000, TIME: 51.9s
[21-02-04 22:53:49-DEBUG] 
VAL  set, TITLE	CLS0	CLS1	CLS2	MEAN
VAL  set, REC:	1.000	1.000	1.000	1.000	
VAL  set, F1 :	1.000	1.000	1.000	1.000	
VAL  set, AUC:	1.000	1.000	1.000	1.000	
VAL  set, ACC:	1.000	1.000	1.000	1.000	
VAL  set, SPE:	1.000	1.000	1.000	1.000	
[21-02-04 22:54:41-INFO] TEST_RECALL: 0.647, TIME: 51.6s
[21-02-04 22:54:41-DEBUG] 
TEST set, TITLE	CLS0	CLS1	CLS2	MEAN
TEST set, REC:	0.810	0.319	0.811	0.647	
TEST set, F1 :	0.793	0.396	0.677	0.622	
TEST set, AUC:	0.857	0.714	0.899	0.823	
TEST set, ACC:	0.776	0.741	0.842	0.786	
TEST set, SPE:	0.738	0.895	0.850	0.827	
[21-02-04 22:54:42-INFO] BEST_RECALL: 0.660, EPOCH:  24
[21-02-04 23:04:55-INFO] EPOCH: 26
[21-02-04 23:04:55-INFO] TRAIN_LOSS : 0.052, TIME: 612.6s
[21-02-04 23:05:46-INFO] VAL _RECALL: 0.956, TIME: 51.5s
[21-02-04 23:05:46-DEBUG] 
VAL  set, TITLE	CLS0	CLS1	CLS2	MEAN
VAL  set, REC:	0.922	0.947	1.000	0.956	
VAL  set, F1 :	0.960	0.959	0.903	0.941	
VAL  set, AUC:	1.000	0.998	1.000	0.999	
VAL  set, ACC:	0.962	0.977	0.954	0.964	
VAL  set, SPE:	1.000	0.989	0.941	0.977	
[21-02-04 23:06:38-INFO] TEST_RECALL: 0.588, TIME: 51.6s
[21-02-04 23:06:38-DEBUG] 
TEST set, TITLE	CLS0	CLS1	CLS2	MEAN
TEST set, REC:	0.628	0.232	0.906	0.588	
TEST set, F1 :	0.708	0.317	0.552	0.525	
TEST set, AUC:	0.836	0.679	0.888	0.801	
TEST set, ACC:	0.726	0.734	0.699	0.719	
TEST set, SPE:	0.836	0.916	0.646	0.799	
[21-02-04 23:06:39-INFO] BEST_RECALL: 0.660, EPOCH:  24
[21-02-04 23:16:52-INFO] EPOCH: 27
[21-02-04 23:16:52-INFO] TRAIN_LOSS : 0.105, TIME: 613.1s
[21-02-04 23:17:44-INFO] VAL _RECALL: 0.648, TIME: 51.7s
[21-02-04 23:17:44-DEBUG] 
VAL  set, TITLE	CLS0	CLS1	CLS2	MEAN
VAL  set, REC:	0.891	0.053	1.000	0.648	
VAL  set, F1 :	0.943	0.101	0.569	0.537	
VAL  set, AUC:	0.998	0.991	0.997	0.996	
VAL  set, ACC:	0.946	0.727	0.673	0.782	
VAL  set, SPE:	1.000	1.000	0.583	0.861	
[21-02-04 23:18:36-INFO] TEST_RECALL: 0.516, TIME: 51.8s
[21-02-04 23:18:36-DEBUG] 
TEST set, TITLE	CLS0	CLS1	CLS2	MEAN
TEST set, REC:	0.547	0.000	1.000	0.516	
TEST set, F1 :	0.676	0.000	0.467	0.381	
TEST set, AUC:	0.837	0.617	0.855	0.770	
TEST set, ACC:	0.722	0.734	0.533	0.663	
TEST set, SPE:	0.918	1.000	0.413	0.777	
[21-02-04 23:18:37-INFO] BEST_RECALL: 0.660, EPOCH:  24
[21-02-04 23:28:49-INFO] EPOCH: 28
[21-02-04 23:28:49-INFO] TRAIN_LOSS : 0.079, TIME: 612.6s
[21-02-04 23:29:41-INFO] VAL _RECALL: 0.984, TIME: 51.5s
[21-02-04 23:29:41-DEBUG] 
VAL  set, TITLE	CLS0	CLS1	CLS2	MEAN
VAL  set, REC:	0.953	1.000	1.000	0.984	
VAL  set, F1 :	0.976	0.968	0.991	0.978	
VAL  set, AUC:	1.000	1.000	1.000	1.000	
VAL  set, ACC:	0.977	0.981	0.996	0.985	
VAL  set, SPE:	1.000	0.973	0.995	0.989	
[21-02-04 23:30:32-INFO] TEST_RECALL: 0.582, TIME: 51.5s
[21-02-04 23:30:32-DEBUG] 
TEST set, TITLE	CLS0	CLS1	CLS2	MEAN
TEST set, REC:	0.445	0.696	0.604	0.582	
TEST set, F1 :	0.589	0.478	0.582	0.550	
TEST set, AUC:	0.812	0.671	0.864	0.782	
TEST set, ACC:	0.672	0.595	0.822	0.696	
TEST set, SPE:	0.926	0.558	0.879	0.788	
[21-02-04 23:30:33-INFO] BEST_RECALL: 0.660, EPOCH:  24
[21-02-04 23:40:47-INFO] EPOCH: 29
[21-02-04 23:40:47-INFO] TRAIN_LOSS : 0.060, TIME: 613.6s
[21-02-04 23:41:39-INFO] VAL _RECALL: 0.987, TIME: 51.9s
[21-02-04 23:41:39-DEBUG] 
VAL  set, TITLE	CLS0	CLS1	CLS2	MEAN
VAL  set, REC:	1.000	0.960	1.000	0.987	
VAL  set, F1 :	0.996	0.980	0.982	0.986	
VAL  set, AUC:	1.000	1.000	1.000	1.000	
VAL  set, ACC:	0.996	0.988	0.992	0.992	
VAL  set, SPE:	0.992	1.000	0.990	0.994	
[21-02-04 23:42:31-INFO] TEST_RECALL: 0.555, TIME: 51.6s
[21-02-04 23:42:31-DEBUG] 
TEST set, TITLE	CLS0	CLS1	CLS2	MEAN
TEST set, REC:	0.905	0.043	0.717	0.555	
TEST set, F1 :	0.782	0.079	0.608	0.490	
TEST set, AUC:	0.854	0.722	0.885	0.821	
TEST set, ACC:	0.734	0.730	0.811	0.758	
TEST set, SPE:	0.541	0.979	0.835	0.785	
[21-02-04 23:42:32-INFO] BEST_RECALL: 0.660, EPOCH:  24
[21-02-04 23:52:45-INFO] EPOCH: 30
[21-02-04 23:52:45-INFO] TRAIN_LOSS : 0.055, TIME: 613.1s
[21-02-04 23:53:37-INFO] VAL _RECALL: 0.964, TIME: 51.8s
[21-02-04 23:53:37-DEBUG] 
VAL  set, TITLE	CLS0	CLS1	CLS2	MEAN
VAL  set, REC:	1.000	0.947	0.946	0.964	
VAL  set, F1 :	0.974	0.973	0.972	0.973	
VAL  set, AUC:	1.000	1.000	1.000	1.000	
VAL  set, ACC:	0.973	0.985	0.988	0.982	
VAL  set, SPE:	0.947	1.000	1.000	0.982	
[21-02-04 23:54:28-INFO] TEST_RECALL: 0.412, TIME: 51.7s
[21-02-04 23:54:28-DEBUG] 
TEST set, TITLE	CLS0	CLS1	CLS2	MEAN
TEST set, REC:	0.985	0.043	0.208	0.412	
TEST set, F1 :	0.720	0.077	0.338	0.378	
TEST set, AUC:	0.842	0.710	0.901	0.818	
TEST set, ACC:	0.595	0.722	0.834	0.717	
TEST set, SPE:	0.156	0.968	0.995	0.706	
[21-02-04 23:54:29-INFO] BEST_RECALL: 0.660, EPOCH:  24
[21-02-05 00:04:42-INFO] EPOCH: 31
[21-02-05 00:04:42-INFO] TRAIN_LOSS : 0.040, TIME: 612.9s
[21-02-05 00:05:34-INFO] VAL _RECALL: 1.000, TIME: 51.9s
[21-02-05 00:05:34-DEBUG] 
VAL  set, TITLE	CLS0	CLS1	CLS2	MEAN
VAL  set, REC:	1.000	1.000	1.000	1.000	
VAL  set, F1 :	1.000	1.000	1.000	1.000	
VAL  set, AUC:	1.000	1.000	1.000	1.000	
VAL  set, ACC:	1.000	1.000	1.000	1.000	
VAL  set, SPE:	1.000	1.000	1.000	1.000	
[21-02-05 00:06:26-INFO] TEST_RECALL: 0.621, TIME: 51.6s
[21-02-05 00:06:26-DEBUG] 
TEST set, TITLE	CLS0	CLS1	CLS2	MEAN
TEST set, REC:	0.905	0.203	0.755	0.621	
TEST set, F1 :	0.792	0.301	0.714	0.603	
TEST set, AUC:	0.850	0.703	0.900	0.818	
TEST set, ACC:	0.749	0.749	0.876	0.792	
TEST set, SPE:	0.574	0.947	0.908	0.810	
[21-02-05 00:06:27-INFO] BEST_RECALL: 0.660, EPOCH:  24
[21-02-05 00:16:40-INFO] EPOCH: 32
[21-02-05 00:16:40-INFO] TRAIN_LOSS : 0.024, TIME: 613.1s
[21-02-05 00:17:32-INFO] VAL _RECALL: 1.000, TIME: 51.6s
[21-02-05 00:17:32-DEBUG] 
VAL  set, TITLE	CLS0	CLS1	CLS2	MEAN
VAL  set, REC:	1.000	1.000	1.000	1.000	
VAL  set, F1 :	1.000	1.000	1.000	1.000	
VAL  set, AUC:	1.000	1.000	1.000	1.000	
VAL  set, ACC:	1.000	1.000	1.000	1.000	
VAL  set, SPE:	1.000	1.000	1.000	1.000	
[21-02-05 00:18:23-INFO] TEST_RECALL: 0.652, TIME: 51.4s
[21-02-05 00:18:23-DEBUG] 
TEST set, TITLE	CLS0	CLS1	CLS2	MEAN
TEST set, REC:	0.679	0.580	0.698	0.652	
TEST set, F1 :	0.756	0.500	0.661	0.639	
TEST set, AUC:	0.858	0.748	0.899	0.835	
TEST set, ACC:	0.768	0.691	0.853	0.771	
TEST set, SPE:	0.869	0.732	0.893	0.831	
[21-02-05 00:18:24-INFO] BEST_RECALL: 0.660, EPOCH:  24
[21-02-05 00:28:37-INFO] EPOCH: 33
[21-02-05 00:28:37-INFO] TRAIN_LOSS : 0.017, TIME: 612.8s
[21-02-05 00:29:29-INFO] VAL _RECALL: 0.989, TIME: 52.0s
[21-02-05 00:29:29-DEBUG] 
VAL  set, TITLE	CLS0	CLS1	CLS2	MEAN
VAL  set, REC:	0.992	0.973	1.000	0.989	
VAL  set, F1 :	0.996	0.986	0.974	0.986	
VAL  set, AUC:	1.000	1.000	1.000	1.000	
VAL  set, ACC:	0.996	0.992	0.988	0.992	
VAL  set, SPE:	1.000	1.000	0.985	0.995	
[21-02-05 00:30:20-INFO] TEST_RECALL: 0.563, TIME: 51.7s
[21-02-05 00:30:20-DEBUG] 
TEST set, TITLE	CLS0	CLS1	CLS2	MEAN
TEST set, REC:	0.679	0.087	0.925	0.563	
TEST set, F1 :	0.738	0.146	0.533	0.472	
TEST set, AUC:	0.845	0.702	0.892	0.813	
TEST set, ACC:	0.745	0.730	0.668	0.714	
TEST set, SPE:	0.820	0.963	0.602	0.795	
[21-02-05 00:30:21-INFO] BEST_RECALL: 0.660, EPOCH:  24
[21-02-05 00:40:34-INFO] EPOCH: 34
[21-02-05 00:40:34-INFO] TRAIN_LOSS : 0.052, TIME: 612.6s
[21-02-05 00:41:26-INFO] VAL _RECALL: 1.000, TIME: 51.7s
[21-02-05 00:41:26-DEBUG] 
VAL  set, TITLE	CLS0	CLS1	CLS2	MEAN
VAL  set, REC:	1.000	1.000	1.000	1.000	
VAL  set, F1 :	1.000	1.000	1.000	1.000	
VAL  set, AUC:	1.000	1.000	1.000	1.000	
VAL  set, ACC:	1.000	1.000	1.000	1.000	
VAL  set, SPE:	1.000	1.000	1.000	1.000	
[21-02-05 00:42:18-INFO] TEST_RECALL: 0.640, TIME: 51.8s
[21-02-05 00:42:18-DEBUG] 
TEST set, TITLE	CLS0	CLS1	CLS2	MEAN
TEST set, REC:	0.759	0.406	0.755	0.640	
TEST set, F1 :	0.759	0.427	0.708	0.632	
TEST set, AUC:	0.852	0.720	0.902	0.825	
TEST set, ACC:	0.745	0.710	0.873	0.776	
TEST set, SPE:	0.730	0.821	0.903	0.818	
[21-02-05 00:42:19-INFO] BEST_RECALL: 0.660, EPOCH:  24
[21-02-05 00:52:31-INFO] EPOCH: 35
[21-02-05 00:52:31-INFO] TRAIN_LOSS : 0.039, TIME: 612.4s
[21-02-05 00:53:23-INFO] VAL _RECALL: 1.000, TIME: 51.8s
[21-02-05 00:53:23-DEBUG] 
VAL  set, TITLE	CLS0	CLS1	CLS2	MEAN
VAL  set, REC:	1.000	1.000	1.000	1.000	
VAL  set, F1 :	1.000	1.000	1.000	1.000	
VAL  set, AUC:	1.000	1.000	1.000	1.000	
VAL  set, ACC:	1.000	1.000	1.000	1.000	
VAL  set, SPE:	1.000	1.000	1.000	1.000	
[21-02-05 00:54:15-INFO] TEST_RECALL: 0.559, TIME: 51.7s
[21-02-05 00:54:15-DEBUG] 
TEST set, TITLE	CLS0	CLS1	CLS2	MEAN
TEST set, REC:	0.876	0.348	0.453	0.559	
TEST set, F1 :	0.779	0.387	0.558	0.575	
TEST set, AUC:	0.836	0.689	0.896	0.807	
TEST set, ACC:	0.737	0.707	0.853	0.766	
TEST set, SPE:	0.582	0.837	0.956	0.792	
[21-02-05 00:54:16-INFO] BEST_RECALL: 0.660, EPOCH:  24
[21-02-05 01:04:29-INFO] EPOCH: 36
[21-02-05 01:04:29-INFO] TRAIN_LOSS : 0.059, TIME: 613.1s
[21-02-05 01:05:20-INFO] VAL _RECALL: 0.987, TIME: 51.5s
[21-02-05 01:05:20-DEBUG] 
VAL  set, TITLE	CLS0	CLS1	CLS2	MEAN
VAL  set, REC:	1.000	0.960	1.000	0.987	
VAL  set, F1 :	0.992	0.980	0.991	0.988	
VAL  set, AUC:	1.000	1.000	1.000	1.000	
VAL  set, ACC:	0.992	0.988	0.996	0.992	
VAL  set, SPE:	0.985	1.000	0.995	0.993	
[21-02-05 01:06:12-INFO] TEST_RECALL: 0.496, TIME: 51.7s
[21-02-05 01:06:12-DEBUG] 
TEST set, TITLE	CLS0	CLS1	CLS2	MEAN
TEST set, REC:	0.964	0.072	0.453	0.496	
TEST set, F1 :	0.754	0.125	0.545	0.475	
TEST set, AUC:	0.826	0.657	0.899	0.794	
TEST set, ACC:	0.668	0.730	0.846	0.748	
TEST set, SPE:	0.336	0.968	0.947	0.750	
[21-02-05 01:06:13-INFO] BEST_RECALL: 0.660, EPOCH:  24
[21-02-05 01:16:26-INFO] EPOCH: 37
[21-02-05 01:16:26-INFO] TRAIN_LOSS : 0.039, TIME: 613.0s
[21-02-05 01:17:18-INFO] VAL _RECALL: 1.000, TIME: 52.0s
[21-02-05 01:17:18-DEBUG] 
VAL  set, TITLE	CLS0	CLS1	CLS2	MEAN
VAL  set, REC:	1.000	1.000	1.000	1.000	
VAL  set, F1 :	1.000	1.000	1.000	1.000	
VAL  set, AUC:	1.000	1.000	1.000	1.000	
VAL  set, ACC:	1.000	1.000	1.000	1.000	
VAL  set, SPE:	1.000	1.000	1.000	1.000	
[21-02-05 01:18:10-INFO] TEST_RECALL: 0.590, TIME: 51.6s
[21-02-05 01:18:10-DEBUG] 
TEST set, TITLE	CLS0	CLS1	CLS2	MEAN
TEST set, REC:	0.730	0.304	0.736	0.590	
TEST set, F1 :	0.741	0.331	0.645	0.572	
TEST set, AUC:	0.830	0.659	0.891	0.793	
TEST set, ACC:	0.730	0.672	0.834	0.745	
TEST set, SPE:	0.730	0.805	0.859	0.798	
[21-02-05 01:18:11-INFO] BEST_RECALL: 0.660, EPOCH:  24
[21-02-05 01:28:24-INFO] EPOCH: 38
[21-02-05 01:28:24-INFO] TRAIN_LOSS : 0.016, TIME: 613.0s
[21-02-05 01:29:15-INFO] VAL _RECALL: 1.000, TIME: 51.5s
[21-02-05 01:29:15-DEBUG] 
VAL  set, TITLE	CLS0	CLS1	CLS2	MEAN
VAL  set, REC:	1.000	1.000	1.000	1.000	
VAL  set, F1 :	1.000	1.000	1.000	1.000	
VAL  set, AUC:	1.000	1.000	1.000	1.000	
VAL  set, ACC:	1.000	1.000	1.000	1.000	
VAL  set, SPE:	1.000	1.000	1.000	1.000	
[21-02-05 01:30:07-INFO] TEST_RECALL: 0.588, TIME: 51.6s
[21-02-05 01:30:07-DEBUG] 
TEST set, TITLE	CLS0	CLS1	CLS2	MEAN
TEST set, REC:	0.898	0.319	0.547	0.588	
TEST set, F1 :	0.781	0.396	0.630	0.603	
TEST set, AUC:	0.831	0.707	0.891	0.810	
TEST set, ACC:	0.734	0.741	0.869	0.781	
TEST set, SPE:	0.549	0.895	0.951	0.798	
[21-02-05 01:30:08-INFO] BEST_RECALL: 0.660, EPOCH:  24
[21-02-05 01:40:20-INFO] EPOCH: 39
[21-02-05 01:40:20-INFO] TRAIN_LOSS : 0.030, TIME: 612.6s
[21-02-05 01:41:12-INFO] VAL _RECALL: 0.994, TIME: 51.6s
[21-02-05 01:41:12-DEBUG] 
VAL  set, TITLE	CLS0	CLS1	CLS2	MEAN
VAL  set, REC:	1.000	1.000	0.982	0.994	
VAL  set, F1 :	1.000	0.993	0.991	0.995	
VAL  set, AUC:	1.000	1.000	1.000	1.000	
VAL  set, ACC:	1.000	0.996	0.996	0.997	
VAL  set, SPE:	1.000	0.995	1.000	0.998	
[21-02-05 01:42:04-INFO] TEST_RECALL: 0.546, TIME: 51.5s
[21-02-05 01:42:04-DEBUG] 
TEST set, TITLE	CLS0	CLS1	CLS2	MEAN
TEST set, REC:	0.526	0.812	0.302	0.546	
TEST set, F1 :	0.655	0.496	0.444	0.532	
TEST set, AUC:	0.832	0.707	0.885	0.808	
TEST set, ACC:	0.707	0.560	0.846	0.704	
TEST set, SPE:	0.910	0.468	0.985	0.788	
[21-02-05 01:42:05-INFO] BEST_RECALL: 0.660, EPOCH:  24
[21-02-05 01:52:17-INFO] EPOCH: 40
[21-02-05 01:52:17-INFO] TRAIN_LOSS : 0.021, TIME: 612.7s
[21-02-05 01:53:09-INFO] VAL _RECALL: 1.000, TIME: 51.5s
[21-02-05 01:53:09-DEBUG] 
VAL  set, TITLE	CLS0	CLS1	CLS2	MEAN
VAL  set, REC:	1.000	1.000	1.000	1.000	
VAL  set, F1 :	1.000	1.000	1.000	1.000	
VAL  set, AUC:	1.000	1.000	1.000	1.000	
VAL  set, ACC:	1.000	1.000	1.000	1.000	
VAL  set, SPE:	1.000	1.000	1.000	1.000	
[21-02-05 01:54:00-INFO] TEST_RECALL: 0.613, TIME: 51.5s
[21-02-05 01:54:00-DEBUG] 
TEST set, TITLE	CLS0	CLS1	CLS2	MEAN
TEST set, REC:	0.869	0.348	0.623	0.613	
TEST set, F1 :	0.785	0.403	0.688	0.625	
TEST set, AUC:	0.853	0.704	0.900	0.819	
TEST set, ACC:	0.749	0.726	0.884	0.786	
TEST set, SPE:	0.615	0.863	0.951	0.810	
[21-02-05 01:54:01-INFO] BEST_RECALL: 0.660, EPOCH:  24
[21-02-05 02:04:14-INFO] EPOCH: 41
[21-02-05 02:04:14-INFO] TRAIN_LOSS : 0.007, TIME: 612.5s
[21-02-05 02:05:05-INFO] VAL _RECALL: 1.000, TIME: 51.6s
[21-02-05 02:05:05-DEBUG] 
VAL  set, TITLE	CLS0	CLS1	CLS2	MEAN
VAL  set, REC:	1.000	1.000	1.000	1.000	
VAL  set, F1 :	1.000	1.000	1.000	1.000	
VAL  set, AUC:	1.000	1.000	1.000	1.000	
VAL  set, ACC:	1.000	1.000	1.000	1.000	
VAL  set, SPE:	1.000	1.000	1.000	1.000	
[21-02-05 02:05:57-INFO] TEST_RECALL: 0.571, TIME: 51.4s
[21-02-05 02:05:57-DEBUG] 
TEST set, TITLE	CLS0	CLS1	CLS2	MEAN
TEST set, REC:	0.920	0.188	0.604	0.571	
TEST set, F1 :	0.783	0.280	0.621	0.561	
TEST set, AUC:	0.854	0.718	0.887	0.820	
TEST set, ACC:	0.730	0.741	0.849	0.773	
TEST set, SPE:	0.516	0.942	0.913	0.790	
[21-02-05 02:05:58-INFO] BEST_RECALL: 0.660, EPOCH:  24
[21-02-05 02:16:11-INFO] EPOCH: 42
[21-02-05 02:16:11-INFO] TRAIN_LOSS : 0.003, TIME: 612.7s
[21-02-05 02:17:03-INFO] VAL _RECALL: 1.000, TIME: 51.9s
[21-02-05 02:17:03-DEBUG] 
VAL  set, TITLE	CLS0	CLS1	CLS2	MEAN
VAL  set, REC:	1.000	1.000	1.000	1.000	
VAL  set, F1 :	1.000	1.000	1.000	1.000	
VAL  set, AUC:	1.000	1.000	1.000	1.000	
VAL  set, ACC:	1.000	1.000	1.000	1.000	
VAL  set, SPE:	1.000	1.000	1.000	1.000	
[21-02-05 02:17:54-INFO] TEST_RECALL: 0.603, TIME: 51.6s
[21-02-05 02:17:54-DEBUG] 
TEST set, TITLE	CLS0	CLS1	CLS2	MEAN
TEST set, REC:	0.861	0.362	0.585	0.603	
TEST set, F1 :	0.789	0.417	0.626	0.611	
TEST set, AUC:	0.852	0.723	0.892	0.823	
TEST set, ACC:	0.757	0.730	0.857	0.781	
TEST set, SPE:	0.639	0.863	0.927	0.810	
[21-02-05 02:17:55-INFO] BEST_RECALL: 0.660, EPOCH:  24
[21-02-05 02:28:08-INFO] EPOCH: 43
[21-02-05 02:28:08-INFO] TRAIN_LOSS : 0.028, TIME: 613.2s
[21-02-05 02:29:00-INFO] VAL _RECALL: 0.997, TIME: 51.9s
[21-02-05 02:29:00-DEBUG] 
VAL  set, TITLE	CLS0	CLS1	CLS2	MEAN
VAL  set, REC:	0.992	1.000	1.000	0.997	
VAL  set, F1 :	0.996	0.993	1.000	0.996	
VAL  set, AUC:	1.000	1.000	1.000	1.000	
VAL  set, ACC:	0.996	0.996	1.000	0.997	
VAL  set, SPE:	1.000	0.995	1.000	0.998	
[21-02-05 02:29:52-INFO] TEST_RECALL: 0.633, TIME: 51.4s
[21-02-05 02:29:52-DEBUG] 
TEST set, TITLE	CLS0	CLS1	CLS2	MEAN
TEST set, REC:	0.693	0.319	0.887	0.633	
TEST set, F1 :	0.751	0.386	0.623	0.586	
TEST set, AUC:	0.837	0.687	0.889	0.805	
TEST set, ACC:	0.757	0.730	0.780	0.755	
TEST set, SPE:	0.828	0.879	0.752	0.820	
[21-02-05 02:29:53-INFO] BEST_RECALL: 0.660, EPOCH:  24
[21-02-05 02:40:05-INFO] EPOCH: 44
[21-02-05 02:40:05-INFO] TRAIN_LOSS : 0.048, TIME: 612.1s
[21-02-05 02:40:56-INFO] VAL _RECALL: 0.994, TIME: 51.5s
[21-02-05 02:40:56-DEBUG] 
VAL  set, TITLE	CLS0	CLS1	CLS2	MEAN
VAL  set, REC:	1.000	1.000	0.982	0.994	
VAL  set, F1 :	1.000	0.993	0.991	0.995	
VAL  set, AUC:	1.000	1.000	1.000	1.000	
VAL  set, ACC:	1.000	0.996	0.996	0.997	
VAL  set, SPE:	1.000	0.995	1.000	0.998	
[21-02-05 02:41:48-INFO] TEST_RECALL: 0.527, TIME: 51.5s
[21-02-05 02:41:48-DEBUG] 
TEST set, TITLE	CLS0	CLS1	CLS2	MEAN
TEST set, REC:	0.891	0.464	0.226	0.527	
TEST set, F1 :	0.780	0.460	0.364	0.535	
TEST set, AUC:	0.854	0.703	0.911	0.823	
TEST set, ACC:	0.734	0.710	0.838	0.761	
TEST set, SPE:	0.557	0.800	0.995	0.784	
[21-02-05 02:41:49-INFO] BEST_RECALL: 0.660, EPOCH:  24
[21-02-05 02:52:03-INFO] EPOCH: 45
[21-02-05 02:52:03-INFO] TRAIN_LOSS : 0.088, TIME: 613.8s
[21-02-05 02:52:55-INFO] VAL _RECALL: 0.992, TIME: 52.0s
[21-02-05 02:52:55-DEBUG] 
VAL  set, TITLE	CLS0	CLS1	CLS2	MEAN
VAL  set, REC:	0.977	1.000	1.000	0.992	
VAL  set, F1 :	0.988	0.980	1.000	0.990	
VAL  set, AUC:	1.000	1.000	1.000	1.000	
VAL  set, ACC:	0.988	0.988	1.000	0.992	
VAL  set, SPE:	1.000	0.984	1.000	0.995	
[21-02-05 02:53:46-INFO] TEST_RECALL: 0.593, TIME: 51.7s
[21-02-05 02:53:46-DEBUG] 
TEST set, TITLE	CLS0	CLS1	CLS2	MEAN
TEST set, REC:	0.599	0.464	0.717	0.593	
TEST set, F1 :	0.689	0.408	0.618	0.572	
TEST set, AUC:	0.810	0.699	0.882	0.797	
TEST set, ACC:	0.714	0.641	0.819	0.725	
TEST set, SPE:	0.844	0.705	0.845	0.798	
[21-02-05 02:53:48-INFO] BEST_RECALL: 0.660, EPOCH:  24
[21-02-05 03:04:00-INFO] EPOCH: 46
[21-02-05 03:04:00-INFO] TRAIN_LOSS : 0.033, TIME: 612.5s
[21-02-05 03:04:52-INFO] VAL _RECALL: 1.000, TIME: 51.7s
[21-02-05 03:04:52-DEBUG] 
VAL  set, TITLE	CLS0	CLS1	CLS2	MEAN
VAL  set, REC:	1.000	1.000	1.000	1.000	
VAL  set, F1 :	1.000	1.000	1.000	1.000	
VAL  set, AUC:	1.000	1.000	1.000	1.000	
VAL  set, ACC:	1.000	1.000	1.000	1.000	
VAL  set, SPE:	1.000	1.000	1.000	1.000	
[21-02-05 03:05:43-INFO] TEST_RECALL: 0.569, TIME: 51.2s
[21-02-05 03:05:43-DEBUG] 
TEST set, TITLE	CLS0	CLS1	CLS2	MEAN
TEST set, REC:	0.752	0.652	0.302	0.569	
TEST set, F1 :	0.766	0.511	0.438	0.572	
TEST set, AUC:	0.816	0.724	0.898	0.812	
TEST set, ACC:	0.757	0.668	0.842	0.755	
TEST set, SPE:	0.762	0.674	0.981	0.806	
[21-02-05 03:05:44-INFO] BEST_RECALL: 0.660, EPOCH:  24
[21-02-05 03:15:57-INFO] EPOCH: 47
[21-02-05 03:15:57-INFO] TRAIN_LOSS : 0.013, TIME: 612.9s
[21-02-05 03:16:49-INFO] VAL _RECALL: 1.000, TIME: 51.6s
[21-02-05 03:16:49-DEBUG] 
VAL  set, TITLE	CLS0	CLS1	CLS2	MEAN
VAL  set, REC:	1.000	1.000	1.000	1.000	
VAL  set, F1 :	1.000	1.000	1.000	1.000	
VAL  set, AUC:	1.000	1.000	1.000	1.000	
VAL  set, ACC:	1.000	1.000	1.000	1.000	
VAL  set, SPE:	1.000	1.000	1.000	1.000	
[21-02-05 03:17:40-INFO] TEST_RECALL: 0.619, TIME: 51.4s
[21-02-05 03:17:40-DEBUG] 
TEST set, TITLE	CLS0	CLS1	CLS2	MEAN
TEST set, REC:	0.628	0.681	0.547	0.619	
TEST set, F1 :	0.720	0.508	0.617	0.615	
TEST set, AUC:	0.827	0.713	0.889	0.809	
TEST set, ACC:	0.741	0.649	0.861	0.750	
TEST set, SPE:	0.869	0.637	0.942	0.816	
[21-02-05 03:17:41-INFO] BEST_RECALL: 0.660, EPOCH:  24
[21-02-05 03:27:54-INFO] EPOCH: 48
[21-02-05 03:27:54-INFO] TRAIN_LOSS : 0.007, TIME: 612.6s
[21-02-05 03:28:45-INFO] VAL _RECALL: 1.000, TIME: 51.8s
[21-02-05 03:28:45-DEBUG] 
VAL  set, TITLE	CLS0	CLS1	CLS2	MEAN
VAL  set, REC:	1.000	1.000	1.000	1.000	
VAL  set, F1 :	1.000	1.000	1.000	1.000	
VAL  set, AUC:	1.000	1.000	1.000	1.000	
VAL  set, ACC:	1.000	1.000	1.000	1.000	
VAL  set, SPE:	1.000	1.000	1.000	1.000	
[21-02-05 03:29:37-INFO] TEST_RECALL: 0.593, TIME: 51.4s
[21-02-05 03:29:37-DEBUG] 
TEST set, TITLE	CLS0	CLS1	CLS2	MEAN
TEST set, REC:	0.752	0.536	0.491	0.593	
TEST set, F1 :	0.744	0.481	0.598	0.607	
TEST set, AUC:	0.830	0.718	0.897	0.815	
TEST set, ACC:	0.726	0.691	0.865	0.761	
TEST set, SPE:	0.697	0.747	0.961	0.802	
[21-02-05 03:29:38-INFO] BEST_RECALL: 0.660, EPOCH:  24
[21-02-05 03:39:50-INFO] EPOCH: 49
[21-02-05 03:39:50-INFO] TRAIN_LOSS : 0.007, TIME: 612.2s
[21-02-05 03:40:42-INFO] VAL _RECALL: 1.000, TIME: 51.9s
[21-02-05 03:40:42-DEBUG] 
VAL  set, TITLE	CLS0	CLS1	CLS2	MEAN
VAL  set, REC:	1.000	1.000	1.000	1.000	
VAL  set, F1 :	1.000	1.000	1.000	1.000	
VAL  set, AUC:	1.000	1.000	1.000	1.000	
VAL  set, ACC:	1.000	1.000	1.000	1.000	
VAL  set, SPE:	1.000	1.000	1.000	1.000	
[21-02-05 03:41:34-INFO] TEST_RECALL: 0.573, TIME: 51.7s
[21-02-05 03:41:34-DEBUG] 
TEST set, TITLE	CLS0	CLS1	CLS2	MEAN
TEST set, REC:	0.788	0.478	0.453	0.573	
TEST set, F1 :	0.753	0.452	0.565	0.590	
TEST set, AUC:	0.840	0.718	0.915	0.824	
TEST set, ACC:	0.726	0.691	0.857	0.758	
TEST set, SPE:	0.656	0.768	0.961	0.795	
[21-02-05 03:41:35-INFO] BEST_RECALL: 0.660, EPOCH:  24
[21-02-05 03:51:48-INFO] EPOCH: 50
[21-02-05 03:51:48-INFO] TRAIN_LOSS : 0.003, TIME: 612.7s
[21-02-05 03:52:40-INFO] VAL _RECALL: 1.000, TIME: 52.0s
[21-02-05 03:52:40-DEBUG] 
VAL  set, TITLE	CLS0	CLS1	CLS2	MEAN
VAL  set, REC:	1.000	1.000	1.000	1.000	
VAL  set, F1 :	1.000	1.000	1.000	1.000	
VAL  set, AUC:	1.000	1.000	1.000	1.000	
VAL  set, ACC:	1.000	1.000	1.000	1.000	
VAL  set, SPE:	1.000	1.000	1.000	1.000	
[21-02-05 03:53:31-INFO] TEST_RECALL: 0.613, TIME: 51.5s
[21-02-05 03:53:31-DEBUG] 
TEST set, TITLE	CLS0	CLS1	CLS2	MEAN
TEST set, REC:	0.796	0.420	0.623	0.613	
TEST set, F1 :	0.757	0.436	0.680	0.624	
TEST set, AUC:	0.849	0.725	0.919	0.831	
TEST set, ACC:	0.730	0.710	0.880	0.773	
TEST set, SPE:	0.656	0.816	0.947	0.806	
[21-02-05 03:53:32-INFO] BEST_RECALL: 0.660, EPOCH:  24
[21-02-05 04:03:44-INFO] EPOCH: 51
[21-02-05 04:03:45-INFO] TRAIN_LOSS : 0.002, TIME: 612.4s
[21-02-05 04:04:36-INFO] VAL _RECALL: 1.000, TIME: 51.8s
[21-02-05 04:04:36-DEBUG] 
VAL  set, TITLE	CLS0	CLS1	CLS2	MEAN
VAL  set, REC:	1.000	1.000	1.000	1.000	
VAL  set, F1 :	1.000	1.000	1.000	1.000	
VAL  set, AUC:	1.000	1.000	1.000	1.000	
VAL  set, ACC:	1.000	1.000	1.000	1.000	
VAL  set, SPE:	1.000	1.000	1.000	1.000	
[21-02-05 04:05:28-INFO] TEST_RECALL: 0.622, TIME: 51.7s
[21-02-05 04:05:28-DEBUG] 
TEST set, TITLE	CLS0	CLS1	CLS2	MEAN
TEST set, REC:	0.854	0.333	0.679	0.622	
TEST set, F1 :	0.777	0.407	0.692	0.626	
TEST set, AUC:	0.855	0.730	0.917	0.834	
TEST set, ACC:	0.741	0.741	0.876	0.786	
TEST set, SPE:	0.615	0.889	0.927	0.810	
[21-02-05 04:05:29-INFO] BEST_RECALL: 0.660, EPOCH:  24
[21-02-05 04:15:42-INFO] EPOCH: 52
[21-02-05 04:15:42-INFO] TRAIN_LOSS : 0.006, TIME: 612.9s
[21-02-05 04:16:34-INFO] VAL _RECALL: 1.000, TIME: 52.2s
[21-02-05 04:16:34-DEBUG] 
VAL  set, TITLE	CLS0	CLS1	CLS2	MEAN
VAL  set, REC:	1.000	1.000	1.000	1.000	
VAL  set, F1 :	1.000	1.000	1.000	1.000	
VAL  set, AUC:	1.000	1.000	1.000	1.000	
VAL  set, ACC:	1.000	1.000	1.000	1.000	
VAL  set, SPE:	1.000	1.000	1.000	1.000	
[21-02-05 04:17:26-INFO] TEST_RECALL: 0.626, TIME: 51.9s
[21-02-05 04:17:26-DEBUG] 
TEST set, TITLE	CLS0	CLS1	CLS2	MEAN
TEST set, REC:	0.818	0.362	0.698	0.626	
TEST set, F1 :	0.767	0.413	0.705	0.628	
TEST set, AUC:	0.854	0.724	0.919	0.832	
TEST set, ACC:	0.737	0.726	0.880	0.781	
TEST set, SPE:	0.648	0.858	0.927	0.811	
[21-02-05 04:17:27-INFO] BEST_RECALL: 0.660, EPOCH:  24
[21-02-05 04:27:40-INFO] EPOCH: 53
[21-02-05 04:27:40-INFO] TRAIN_LOSS : 0.002, TIME: 613.2s
[21-02-05 04:28:32-INFO] VAL _RECALL: 1.000, TIME: 51.9s
[21-02-05 04:28:32-DEBUG] 
VAL  set, TITLE	CLS0	CLS1	CLS2	MEAN
VAL  set, REC:	1.000	1.000	1.000	1.000	
VAL  set, F1 :	1.000	1.000	1.000	1.000	
VAL  set, AUC:	1.000	1.000	1.000	1.000	
VAL  set, ACC:	1.000	1.000	1.000	1.000	
VAL  set, SPE:	1.000	1.000	1.000	1.000	
[21-02-05 04:29:24-INFO] TEST_RECALL: 0.628, TIME: 51.7s
[21-02-05 04:29:24-DEBUG] 
TEST set, TITLE	CLS0	CLS1	CLS2	MEAN
TEST set, REC:	0.818	0.406	0.660	0.628	
TEST set, F1 :	0.772	0.437	0.700	0.637	
TEST set, AUC:	0.850	0.729	0.917	0.832	
TEST set, ACC:	0.745	0.722	0.884	0.784	
TEST set, SPE:	0.664	0.837	0.942	0.814	
[21-02-05 04:29:25-INFO] BEST_RECALL: 0.660, EPOCH:  24
[21-02-05 04:39:38-INFO] EPOCH: 54
[21-02-05 04:39:38-INFO] TRAIN_LOSS : 0.001, TIME: 612.8s
[21-02-05 04:40:29-INFO] VAL _RECALL: 1.000, TIME: 51.6s
[21-02-05 04:40:29-DEBUG] 
VAL  set, TITLE	CLS0	CLS1	CLS2	MEAN
VAL  set, REC:	1.000	1.000	1.000	1.000	
VAL  set, F1 :	1.000	1.000	1.000	1.000	
VAL  set, AUC:	1.000	1.000	1.000	1.000	
VAL  set, ACC:	1.000	1.000	1.000	1.000	
VAL  set, SPE:	1.000	1.000	1.000	1.000	
[21-02-05 04:41:21-INFO] TEST_RECALL: 0.626, TIME: 51.5s
[21-02-05 04:41:21-DEBUG] 
TEST set, TITLE	CLS0	CLS1	CLS2	MEAN
TEST set, REC:	0.803	0.435	0.642	0.626	
TEST set, F1 :	0.772	0.451	0.680	0.634	
TEST set, AUC:	0.850	0.729	0.916	0.832	
TEST set, ACC:	0.749	0.718	0.876	0.781	
TEST set, SPE:	0.689	0.821	0.937	0.815	
[21-02-05 04:41:22-INFO] BEST_RECALL: 0.660, EPOCH:  24
[21-02-05 04:51:22-INFO] EPOCH: 55
[21-02-05 04:51:22-INFO] TRAIN_LOSS : 0.001, TIME: 600.3s
[21-02-05 04:52:14-INFO] VAL _RECALL: 1.000, TIME: 51.9s
[21-02-05 04:52:14-DEBUG] 
VAL  set, TITLE	CLS0	CLS1	CLS2	MEAN
VAL  set, REC:	1.000	1.000	1.000	1.000	
VAL  set, F1 :	1.000	1.000	1.000	1.000	
VAL  set, AUC:	1.000	1.000	1.000	1.000	
VAL  set, ACC:	1.000	1.000	1.000	1.000	
VAL  set, SPE:	1.000	1.000	1.000	1.000	
[21-02-05 04:53:06-INFO] TEST_RECALL: 0.580, TIME: 51.7s
[21-02-05 04:53:06-DEBUG] 
TEST set, TITLE	CLS0	CLS1	CLS2	MEAN
TEST set, REC:	0.810	0.478	0.453	0.580	
TEST set, F1 :	0.766	0.458	0.571	0.598	
TEST set, AUC:	0.840	0.730	0.914	0.828	
TEST set, ACC:	0.737	0.699	0.861	0.766	
TEST set, SPE:	0.656	0.779	0.966	0.800	
[21-02-05 04:53:07-INFO] BEST_RECALL: 0.660, EPOCH:  24
[21-02-05 05:03:21-INFO] EPOCH: 56
[21-02-05 05:03:21-INFO] TRAIN_LOSS : 0.001, TIME: 614.3s
[21-02-05 05:04:13-INFO] VAL _RECALL: 1.000, TIME: 51.7s
[21-02-05 05:04:13-DEBUG] 
VAL  set, TITLE	CLS0	CLS1	CLS2	MEAN
VAL  set, REC:	1.000	1.000	1.000	1.000	
VAL  set, F1 :	1.000	1.000	1.000	1.000	
VAL  set, AUC:	1.000	1.000	1.000	1.000	
VAL  set, ACC:	1.000	1.000	1.000	1.000	
VAL  set, SPE:	1.000	1.000	1.000	1.000	
[21-02-05 05:05:04-INFO] TEST_RECALL: 0.610, TIME: 51.4s
[21-02-05 05:05:04-DEBUG] 
TEST set, TITLE	CLS0	CLS1	CLS2	MEAN
TEST set, REC:	0.803	0.406	0.623	0.610	
TEST set, F1 :	0.761	0.427	0.673	0.621	
TEST set, AUC:	0.854	0.736	0.910	0.834	
TEST set, ACC:	0.734	0.710	0.876	0.773	
TEST set, SPE:	0.656	0.821	0.942	0.806	
[21-02-05 05:05:05-INFO] BEST_RECALL: 0.660, EPOCH:  24
[21-02-05 05:15:18-INFO] EPOCH: 57
[21-02-05 05:15:18-INFO] TRAIN_LOSS : 0.001, TIME: 612.8s
[21-02-05 05:16:10-INFO] VAL _RECALL: 1.000, TIME: 51.9s
[21-02-05 05:16:10-DEBUG] 
VAL  set, TITLE	CLS0	CLS1	CLS2	MEAN
VAL  set, REC:	1.000	1.000	1.000	1.000	
VAL  set, F1 :	1.000	1.000	1.000	1.000	
VAL  set, AUC:	1.000	1.000	1.000	1.000	
VAL  set, ACC:	1.000	1.000	1.000	1.000	
VAL  set, SPE:	1.000	1.000	1.000	1.000	
[21-02-05 05:17:02-INFO] TEST_RECALL: 0.623, TIME: 51.5s
[21-02-05 05:17:02-DEBUG] 
TEST set, TITLE	CLS0	CLS1	CLS2	MEAN
TEST set, REC:	0.810	0.435	0.623	0.623	
TEST set, F1 :	0.774	0.448	0.680	0.634	
TEST set, AUC:	0.854	0.738	0.912	0.835	
TEST set, ACC:	0.749	0.714	0.880	0.781	
TEST set, SPE:	0.680	0.816	0.947	0.814	
[21-02-05 05:17:03-INFO] BEST_RECALL: 0.660, EPOCH:  24
[21-02-05 05:27:17-INFO] EPOCH: 58
[21-02-05 05:27:17-INFO] TRAIN_LOSS : 0.001, TIME: 613.9s
[21-02-05 05:28:08-INFO] VAL _RECALL: 1.000, TIME: 51.9s
[21-02-05 05:28:08-DEBUG] 
VAL  set, TITLE	CLS0	CLS1	CLS2	MEAN
VAL  set, REC:	1.000	1.000	1.000	1.000	
VAL  set, F1 :	1.000	1.000	1.000	1.000	
VAL  set, AUC:	1.000	1.000	1.000	1.000	
VAL  set, ACC:	1.000	1.000	1.000	1.000	
VAL  set, SPE:	1.000	1.000	1.000	1.000	
[21-02-05 05:29:00-INFO] TEST_RECALL: 0.644, TIME: 51.4s
[21-02-05 05:29:00-DEBUG] 
TEST set, TITLE	CLS0	CLS1	CLS2	MEAN
TEST set, REC:	0.854	0.362	0.717	0.644	
TEST set, F1 :	0.788	0.442	0.704	0.645	
TEST set, AUC:	0.856	0.735	0.915	0.835	
TEST set, ACC:	0.757	0.757	0.876	0.797	
TEST set, SPE:	0.648	0.900	0.917	0.822	
[21-02-05 05:29:01-INFO] BEST_RECALL: 0.660, EPOCH:  24
[21-02-05 05:39:14-INFO] EPOCH: 59
[21-02-05 05:39:14-INFO] TRAIN_LOSS : 0.001, TIME: 613.4s
[21-02-05 05:40:06-INFO] VAL _RECALL: 1.000, TIME: 51.8s
[21-02-05 05:40:06-DEBUG] 
VAL  set, TITLE	CLS0	CLS1	CLS2	MEAN
VAL  set, REC:	1.000	1.000	1.000	1.000	
VAL  set, F1 :	1.000	1.000	1.000	1.000	
VAL  set, AUC:	1.000	1.000	1.000	1.000	
VAL  set, ACC:	1.000	1.000	1.000	1.000	
VAL  set, SPE:	1.000	1.000	1.000	1.000	
[21-02-05 05:40:58-INFO] TEST_RECALL: 0.599, TIME: 51.7s
[21-02-05 05:40:58-DEBUG] 
TEST set, TITLE	CLS0	CLS1	CLS2	MEAN
TEST set, REC:	0.796	0.493	0.509	0.599	
TEST set, F1 :	0.770	0.463	0.614	0.616	
TEST set, AUC:	0.847	0.737	0.910	0.831	
TEST set, ACC:	0.749	0.695	0.869	0.771	
TEST set, SPE:	0.697	0.768	0.961	0.809	
[21-02-05 05:40:59-INFO] BEST_RECALL: 0.660, EPOCH:  24
[21-02-05 05:51:12-INFO] EPOCH: 60
[21-02-05 05:51:12-INFO] TRAIN_LOSS : 0.001, TIME: 613.7s
[21-02-05 05:52:04-INFO] VAL _RECALL: 1.000, TIME: 51.7s
[21-02-05 05:52:04-DEBUG] 
VAL  set, TITLE	CLS0	CLS1	CLS2	MEAN
VAL  set, REC:	1.000	1.000	1.000	1.000	
VAL  set, F1 :	1.000	1.000	1.000	1.000	
VAL  set, AUC:	1.000	1.000	1.000	1.000	
VAL  set, ACC:	1.000	1.000	1.000	1.000	
VAL  set, SPE:	1.000	1.000	1.000	1.000	
[21-02-05 05:52:55-INFO] TEST_RECALL: 0.601, TIME: 51.4s
[21-02-05 05:52:55-DEBUG] 
TEST set, TITLE	CLS0	CLS1	CLS2	MEAN
TEST set, REC:	0.803	0.435	0.566	0.601	
TEST set, F1 :	0.767	0.438	0.638	0.614	
TEST set, AUC:	0.850	0.737	0.913	0.834	
TEST set, ACC:	0.741	0.703	0.869	0.771	
TEST set, SPE:	0.672	0.800	0.947	0.806	
[21-02-05 05:52:56-INFO] BEST_RECALL: 0.660, EPOCH:  24
[21-02-05 06:03:10-INFO] EPOCH: 61
[21-02-05 06:03:10-INFO] TRAIN_LOSS : 0.000, TIME: 613.1s
[21-02-05 06:04:01-INFO] VAL _RECALL: 1.000, TIME: 51.8s
[21-02-05 06:04:01-DEBUG] 
VAL  set, TITLE	CLS0	CLS1	CLS2	MEAN
VAL  set, REC:	1.000	1.000	1.000	1.000	
VAL  set, F1 :	1.000	1.000	1.000	1.000	
VAL  set, AUC:	1.000	1.000	1.000	1.000	
VAL  set, ACC:	1.000	1.000	1.000	1.000	
VAL  set, SPE:	1.000	1.000	1.000	1.000	
[21-02-05 06:04:53-INFO] TEST_RECALL: 0.592, TIME: 51.5s
[21-02-05 06:04:53-DEBUG] 
TEST set, TITLE	CLS0	CLS1	CLS2	MEAN
TEST set, REC:	0.788	0.478	0.509	0.592	
TEST set, F1 :	0.758	0.455	0.614	0.609	
TEST set, AUC:	0.846	0.738	0.916	0.833	
TEST set, ACC:	0.734	0.695	0.869	0.766	
TEST set, SPE:	0.672	0.774	0.961	0.802	
[21-02-05 06:04:54-INFO] BEST_RECALL: 0.660, EPOCH:  24
[21-02-05 06:15:06-INFO] EPOCH: 62
[21-02-05 06:15:06-INFO] TRAIN_LOSS : 0.000, TIME: 611.7s
[21-02-05 06:15:57-INFO] VAL _RECALL: 1.000, TIME: 51.7s
[21-02-05 06:15:57-DEBUG] 
VAL  set, TITLE	CLS0	CLS1	CLS2	MEAN
VAL  set, REC:	1.000	1.000	1.000	1.000	
VAL  set, F1 :	1.000	1.000	1.000	1.000	
VAL  set, AUC:	1.000	1.000	1.000	1.000	
VAL  set, ACC:	1.000	1.000	1.000	1.000	
VAL  set, SPE:	1.000	1.000	1.000	1.000	
[21-02-05 06:16:49-INFO] TEST_RECALL: 0.578, TIME: 51.5s
[21-02-05 06:16:49-DEBUG] 
TEST set, TITLE	CLS0	CLS1	CLS2	MEAN
TEST set, REC:	0.803	0.478	0.453	0.578	
TEST set, F1 :	0.761	0.452	0.578	0.597	
TEST set, AUC:	0.845	0.738	0.915	0.833	
TEST set, ACC:	0.734	0.691	0.865	0.763	
TEST set, SPE:	0.656	0.768	0.971	0.798	
[21-02-05 06:16:50-INFO] BEST_RECALL: 0.660, EPOCH:  24
[21-02-05 06:27:03-INFO] EPOCH: 63
[21-02-05 06:27:03-INFO] TRAIN_LOSS : 0.001, TIME: 612.7s
[21-02-05 06:27:54-INFO] VAL _RECALL: 0.996, TIME: 51.7s
[21-02-05 06:27:54-DEBUG] 
VAL  set, TITLE	CLS0	CLS1	CLS2	MEAN
VAL  set, REC:	1.000	0.987	1.000	0.996	
VAL  set, F1 :	1.000	0.993	0.991	0.995	
VAL  set, AUC:	1.000	1.000	1.000	1.000	
VAL  set, ACC:	1.000	0.996	0.996	0.997	
VAL  set, SPE:	1.000	1.000	0.995	0.998	
[21-02-05 06:28:46-INFO] TEST_RECALL: 0.613, TIME: 51.5s
[21-02-05 06:28:46-DEBUG] 
TEST set, TITLE	CLS0	CLS1	CLS2	MEAN
TEST set, REC:	0.861	0.072	0.906	0.613	
TEST set, F1 :	0.814	0.130	0.636	0.526	
TEST set, AUC:	0.865	0.744	0.910	0.840	
TEST set, ACC:	0.792	0.741	0.788	0.773	
TEST set, SPE:	0.713	0.984	0.757	0.818	
[21-02-05 06:28:47-INFO] BEST_RECALL: 0.660, EPOCH:  24
[21-02-05 06:39:00-INFO] EPOCH: 64
[21-02-05 06:39:00-INFO] TRAIN_LOSS : 0.061, TIME: 612.9s
[21-02-05 06:39:51-INFO] VAL _RECALL: 0.994, TIME: 51.7s
[21-02-05 06:39:51-DEBUG] 
VAL  set, TITLE	CLS0	CLS1	CLS2	MEAN
VAL  set, REC:	1.000	1.000	0.982	0.994	
VAL  set, F1 :	1.000	0.993	0.991	0.995	
VAL  set, AUC:	1.000	1.000	1.000	1.000	
VAL  set, ACC:	1.000	0.996	0.996	0.997	
VAL  set, SPE:	1.000	0.995	1.000	0.998	
[21-02-05 06:40:43-INFO] TEST_RECALL: 0.610, TIME: 51.7s
[21-02-05 06:40:43-DEBUG] 
TEST set, TITLE	CLS0	CLS1	CLS2	MEAN
TEST set, REC:	0.766	0.667	0.396	0.610	
TEST set, F1 :	0.784	0.532	0.545	0.620	
TEST set, AUC:	0.837	0.729	0.894	0.820	
TEST set, ACC:	0.776	0.687	0.865	0.776	
TEST set, SPE:	0.787	0.695	0.985	0.822	
[21-02-05 06:40:44-INFO] BEST_RECALL: 0.660, EPOCH:  24
[21-02-05 06:50:57-INFO] EPOCH: 65
[21-02-05 06:50:57-INFO] TRAIN_LOSS : 0.029, TIME: 612.8s
[21-02-05 06:51:49-INFO] VAL _RECALL: 1.000, TIME: 51.7s
[21-02-05 06:51:49-DEBUG] 
VAL  set, TITLE	CLS0	CLS1	CLS2	MEAN
VAL  set, REC:	1.000	1.000	1.000	1.000	
VAL  set, F1 :	1.000	1.000	1.000	1.000	
VAL  set, AUC:	1.000	1.000	1.000	1.000	
VAL  set, ACC:	1.000	1.000	1.000	1.000	
VAL  set, SPE:	1.000	1.000	1.000	1.000	
[21-02-05 06:52:40-INFO] TEST_RECALL: 0.628, TIME: 51.5s
[21-02-05 06:52:40-DEBUG] 
TEST set, TITLE	CLS0	CLS1	CLS2	MEAN
TEST set, REC:	0.839	0.478	0.566	0.628	
TEST set, F1 :	0.788	0.512	0.619	0.639	
TEST set, AUC:	0.845	0.736	0.906	0.829	
TEST set, ACC:	0.761	0.757	0.857	0.792	
TEST set, SPE:	0.672	0.858	0.932	0.821	
[21-02-05 06:52:41-INFO] BEST_RECALL: 0.660, EPOCH:  24
[21-02-05 07:02:54-INFO] EPOCH: 66
[21-02-05 07:02:54-INFO] TRAIN_LOSS : 0.008, TIME: 612.9s
[21-02-05 07:03:45-INFO] VAL _RECALL: 1.000, TIME: 51.5s
[21-02-05 07:03:45-DEBUG] 
VAL  set, TITLE	CLS0	CLS1	CLS2	MEAN
VAL  set, REC:	1.000	1.000	1.000	1.000	
VAL  set, F1 :	1.000	1.000	1.000	1.000	
VAL  set, AUC:	1.000	1.000	1.000	1.000	
VAL  set, ACC:	1.000	1.000	1.000	1.000	
VAL  set, SPE:	1.000	1.000	1.000	1.000	
[21-02-05 07:04:37-INFO] TEST_RECALL: 0.644, TIME: 51.5s
[21-02-05 07:04:37-DEBUG] 
TEST set, TITLE	CLS0	CLS1	CLS2	MEAN
TEST set, REC:	0.839	0.377	0.717	0.644	
TEST set, F1 :	0.793	0.441	0.691	0.642	
TEST set, AUC:	0.863	0.744	0.902	0.836	
TEST set, ACC:	0.768	0.745	0.869	0.794	
TEST set, SPE:	0.689	0.879	0.908	0.825	
[21-02-05 07:04:38-INFO] BEST_RECALL: 0.660, EPOCH:  24
[21-02-05 07:14:51-INFO] EPOCH: 67
[21-02-05 07:14:51-INFO] TRAIN_LOSS : 0.004, TIME: 613.3s
[21-02-05 07:15:43-INFO] VAL _RECALL: 1.000, TIME: 51.8s
[21-02-05 07:15:43-DEBUG] 
VAL  set, TITLE	CLS0	CLS1	CLS2	MEAN
VAL  set, REC:	1.000	1.000	1.000	1.000	
VAL  set, F1 :	1.000	1.000	1.000	1.000	
VAL  set, AUC:	1.000	1.000	1.000	1.000	
VAL  set, ACC:	1.000	1.000	1.000	1.000	
VAL  set, SPE:	1.000	1.000	1.000	1.000	
[21-02-05 07:16:35-INFO] TEST_RECALL: 0.684, TIME: 51.6s
[21-02-05 07:16:35-DEBUG] 
TEST set, TITLE	CLS0	CLS1	CLS2	MEAN
TEST set, REC:	0.737	0.580	0.736	0.684	
TEST set, F1 :	0.792	0.530	0.696	0.673	
TEST set, AUC:	0.860	0.743	0.894	0.832	
TEST set, ACC:	0.795	0.726	0.869	0.797	
TEST set, SPE:	0.861	0.779	0.903	0.848	
[21-02-05 07:16:37-INFO] BEST_RECALL: 0.684, EPOCH:  67
[21-02-05 07:26:50-INFO] EPOCH: 68
[21-02-05 07:26:50-INFO] TRAIN_LOSS : 0.002, TIME: 613.5s
[21-02-05 07:27:42-INFO] VAL _RECALL: 1.000, TIME: 51.6s
[21-02-05 07:27:42-DEBUG] 
VAL  set, TITLE	CLS0	CLS1	CLS2	MEAN
VAL  set, REC:	1.000	1.000	1.000	1.000	
VAL  set, F1 :	1.000	1.000	1.000	1.000	
VAL  set, AUC:	1.000	1.000	1.000	1.000	
VAL  set, ACC:	1.000	1.000	1.000	1.000	
VAL  set, SPE:	1.000	1.000	1.000	1.000	
[21-02-05 07:28:34-INFO] TEST_RECALL: 0.659, TIME: 51.6s
[21-02-05 07:28:34-DEBUG] 
TEST set, TITLE	CLS0	CLS1	CLS2	MEAN
TEST set, REC:	0.781	0.536	0.660	0.659	
TEST set, F1 :	0.784	0.510	0.700	0.665	
TEST set, AUC:	0.856	0.744	0.904	0.835	
TEST set, ACC:	0.772	0.726	0.884	0.794	
TEST set, SPE:	0.762	0.795	0.942	0.833	
[21-02-05 07:28:35-INFO] BEST_RECALL: 0.684, EPOCH:  67
[21-02-05 07:38:47-INFO] EPOCH: 69
[21-02-05 07:38:47-INFO] TRAIN_LOSS : 0.002, TIME: 612.0s
[21-02-05 07:39:38-INFO] VAL _RECALL: 1.000, TIME: 51.8s
[21-02-05 07:39:38-DEBUG] 
VAL  set, TITLE	CLS0	CLS1	CLS2	MEAN
VAL  set, REC:	1.000	1.000	1.000	1.000	
VAL  set, F1 :	1.000	1.000	1.000	1.000	
VAL  set, AUC:	1.000	1.000	1.000	1.000	
VAL  set, ACC:	1.000	1.000	1.000	1.000	
VAL  set, SPE:	1.000	1.000	1.000	1.000	
[21-02-05 07:40:30-INFO] TEST_RECALL: 0.643, TIME: 51.5s
[21-02-05 07:40:30-DEBUG] 
TEST set, TITLE	CLS0	CLS1	CLS2	MEAN
TEST set, REC:	0.854	0.435	0.642	0.643	
TEST set, F1 :	0.799	0.476	0.687	0.654	
TEST set, AUC:	0.858	0.746	0.909	0.838	
TEST set, ACC:	0.772	0.745	0.880	0.799	
TEST set, SPE:	0.680	0.858	0.942	0.827	
[21-02-05 07:40:31-INFO] BEST_RECALL: 0.684, EPOCH:  67
