[21-02-04 15:03:15-DEBUG] Checkpoints is in:
./results/checkpoints/20210204/3D_ResNet18-2-150314/
[21-02-04 15:03:15-DEBUG] Tensorboard is in:
./results/tensorboards/20210204/3D_ResNet18-2-150314/
[21-02-04 15:03:15-DEBUG] Data is in:
./data/Net_Input/3D_64_z1.0_l0.70_h0.10_20210125/
[21-02-04 15:03:15-DEBUG] LR: 3e-05, LD: 0.98
[21-02-04 15:03:15-DEBUG] WD: 1e-05, WU: 20
[21-02-04 15:03:15-DEBUG] BS: 4, FOLD: 2


[21-02-04 15:13:35-INFO] EPOCH: 1
[21-02-04 15:13:35-INFO] TRAIN_LOSS : 1.023, TIME: 613.0s
[21-02-04 15:14:27-INFO] VAL _RECALL: 0.422, TIME: 51.6s
[21-02-04 15:14:27-DEBUG] 
VAL  set, TITLE	CLS0	CLS1	CLS2	MEAN
VAL  set, REC:	0.783	0.000	0.482	0.422	
VAL  set, F1 :	0.656	0.000	0.394	0.350	
VAL  set, AUC:	0.675	0.590	0.658	0.641	
VAL  set, ACC:	0.592	0.712	0.681	0.662	
VAL  set, SPE:	0.405	1.000	0.735	0.713	
[21-02-04 15:15:18-INFO] TEST_RECALL: 0.389, TIME: 51.3s
[21-02-04 15:15:18-DEBUG] 
TEST set, TITLE	CLS0	CLS1	CLS2	MEAN
TEST set, REC:	0.744	0.000	0.423	0.389	
TEST set, F1 :	0.639	0.000	0.328	0.322	
TEST set, AUC:	0.657	0.572	0.668	0.633	
TEST set, ACC:	0.568	0.714	0.653	0.645	
TEST set, SPE:	0.381	1.000	0.710	0.697	
[21-02-04 15:15:18-INFO] BEST_RECALL: 0.389, EPOCH:   1
[21-02-04 15:25:31-INFO] EPOCH: 2
[21-02-04 15:25:31-INFO] TRAIN_LOSS : 0.965, TIME: 613.0s
[21-02-04 15:26:23-INFO] VAL _RECALL: 0.444, TIME: 51.6s
[21-02-04 15:26:23-DEBUG] 
VAL  set, TITLE	CLS0	CLS1	CLS2	MEAN
VAL  set, REC:	0.992	0.000	0.339	0.444	
VAL  set, F1 :	0.717	0.000	0.432	0.383	
VAL  set, AUC:	0.829	0.636	0.822	0.762	
VAL  set, ACC:	0.612	0.712	0.808	0.710	
VAL  set, SPE:	0.237	1.000	0.936	0.724	
[21-02-04 15:27:15-INFO] TEST_RECALL: 0.413, TIME: 51.9s
[21-02-04 15:27:15-DEBUG] 
TEST set, TITLE	CLS0	CLS1	CLS2	MEAN
TEST set, REC:	0.917	0.014	0.308	0.413	
TEST set, F1 :	0.695	0.026	0.352	0.358	
TEST set, AUC:	0.748	0.606	0.775	0.710	
TEST set, ACC:	0.587	0.714	0.772	0.691	
TEST set, SPE:	0.238	0.995	0.889	0.707	
[21-02-04 15:27:16-INFO] BEST_RECALL: 0.413, EPOCH:   2
[21-02-04 15:37:28-INFO] EPOCH: 3
[21-02-04 15:37:28-INFO] TRAIN_LOSS : 0.918, TIME: 612.5s
[21-02-04 15:38:20-INFO] VAL _RECALL: 0.333, TIME: 51.5s
[21-02-04 15:38:20-DEBUG] 
VAL  set, TITLE	CLS0	CLS1	CLS2	MEAN
VAL  set, REC:	1.000	0.000	0.000	0.333	
VAL  set, F1 :	0.663	0.000	0.000	0.221	
VAL  set, AUC:	0.799	0.598	0.808	0.735	
VAL  set, ACC:	0.496	0.712	0.785	0.664	
VAL  set, SPE:	0.000	1.000	1.000	0.667	
[21-02-04 15:39:11-INFO] TEST_RECALL: 0.333, TIME: 51.6s
[21-02-04 15:39:11-DEBUG] 
TEST set, TITLE	CLS0	CLS1	CLS2	MEAN
TEST set, REC:	1.000	0.000	0.000	0.333	
TEST set, F1 :	0.679	0.000	0.000	0.226	
TEST set, AUC:	0.754	0.609	0.732	0.699	
TEST set, ACC:	0.514	0.714	0.799	0.676	
TEST set, SPE:	0.000	1.000	1.000	0.667	
[21-02-04 15:39:12-INFO] BEST_RECALL: 0.413, EPOCH:   2
[21-02-04 15:49:25-INFO] EPOCH: 4
[21-02-04 15:49:25-INFO] TRAIN_LOSS : 0.849, TIME: 613.3s
[21-02-04 15:50:16-INFO] VAL _RECALL: 0.333, TIME: 51.6s
[21-02-04 15:50:16-DEBUG] 
VAL  set, TITLE	CLS0	CLS1	CLS2	MEAN
VAL  set, REC:	1.000	0.000	0.000	0.333	
VAL  set, F1 :	0.665	0.000	0.000	0.222	
VAL  set, AUC:	0.763	0.587	0.763	0.704	
VAL  set, ACC:	0.500	0.708	0.785	0.664	
VAL  set, SPE:	0.008	0.995	1.000	0.667	
[21-02-04 15:51:08-INFO] TEST_RECALL: 0.333, TIME: 51.3s
[21-02-04 15:51:08-DEBUG] 
TEST set, TITLE	CLS0	CLS1	CLS2	MEAN
TEST set, REC:	1.000	0.000	0.000	0.333	
TEST set, F1 :	0.679	0.000	0.000	0.226	
TEST set, AUC:	0.727	0.592	0.713	0.677	
TEST set, ACC:	0.514	0.714	0.799	0.676	
TEST set, SPE:	0.000	1.000	1.000	0.667	
[21-02-04 15:51:08-INFO] BEST_RECALL: 0.413, EPOCH:   2
[21-02-04 16:01:21-INFO] EPOCH: 5
[21-02-04 16:01:21-INFO] TRAIN_LOSS : 0.829, TIME: 612.7s
[21-02-04 16:02:12-INFO] VAL _RECALL: 0.359, TIME: 51.6s
[21-02-04 16:02:12-DEBUG] 
VAL  set, TITLE	CLS0	CLS1	CLS2	MEAN
VAL  set, REC:	0.078	0.000	1.000	0.359	
VAL  set, F1 :	0.144	0.000	0.370	0.171	
VAL  set, AUC:	0.860	0.472	0.871	0.734	
VAL  set, ACC:	0.542	0.700	0.265	0.503	
VAL  set, SPE:	1.000	0.984	0.064	0.683	
[21-02-04 16:03:04-INFO] TEST_RECALL: 0.359, TIME: 51.8s
[21-02-04 16:03:04-DEBUG] 
TEST set, TITLE	CLS0	CLS1	CLS2	MEAN
TEST set, REC:	0.038	0.041	1.000	0.359	
TEST set, F1 :	0.071	0.073	0.351	0.165	
TEST set, AUC:	0.743	0.525	0.837	0.701	
TEST set, ACC:	0.498	0.707	0.259	0.488	
TEST set, SPE:	0.984	0.973	0.072	0.677	
[21-02-04 16:03:04-INFO] BEST_RECALL: 0.413, EPOCH:   2
[21-02-04 16:13:17-INFO] EPOCH: 6
[21-02-04 16:13:17-INFO] TRAIN_LOSS : 0.773, TIME: 613.2s
[21-02-04 16:14:09-INFO] VAL _RECALL: 0.645, TIME: 51.6s
[21-02-04 16:14:09-DEBUG] 
VAL  set, TITLE	CLS0	CLS1	CLS2	MEAN
VAL  set, REC:	0.566	0.387	0.982	0.645	
VAL  set, F1 :	0.695	0.389	0.683	0.589	
VAL  set, AUC:	0.919	0.640	0.951	0.837	
VAL  set, ACC:	0.754	0.650	0.804	0.736	
VAL  set, SPE:	0.939	0.757	0.755	0.817	
[21-02-04 16:15:00-INFO] TEST_RECALL: 0.565, TIME: 51.3s
[21-02-04 16:15:00-DEBUG] 
TEST set, TITLE	CLS0	CLS1	CLS2	MEAN
TEST set, REC:	0.444	0.405	0.846	0.565	
TEST set, F1 :	0.590	0.390	0.537	0.505	
TEST set, AUC:	0.808	0.609	0.886	0.768	
TEST set, ACC:	0.683	0.637	0.707	0.676	
TEST set, SPE:	0.937	0.730	0.671	0.779	
[21-02-04 16:15:01-INFO] BEST_RECALL: 0.565, EPOCH:   6
[21-02-04 16:25:15-INFO] EPOCH: 7
[21-02-04 16:25:15-INFO] TRAIN_LOSS : 0.698, TIME: 613.2s
[21-02-04 16:26:06-INFO] VAL _RECALL: 0.411, TIME: 51.6s
[21-02-04 16:26:06-DEBUG] 
VAL  set, TITLE	CLS0	CLS1	CLS2	MEAN
VAL  set, REC:	0.233	0.000	1.000	0.411	
VAL  set, F1 :	0.377	0.000	0.394	0.257	
VAL  set, AUC:	0.964	0.423	0.928	0.772	
VAL  set, ACC:	0.619	0.704	0.338	0.554	
VAL  set, SPE:	1.000	0.989	0.157	0.715	
[21-02-04 16:26:58-INFO] TEST_RECALL: 0.382, TIME: 51.9s
[21-02-04 16:26:58-DEBUG] 
TEST set, TITLE	CLS0	CLS1	CLS2	MEAN
TEST set, REC:	0.150	0.014	0.981	0.382	
TEST set, F1 :	0.256	0.026	0.359	0.214	
TEST set, AUC:	0.786	0.509	0.845	0.714	
TEST set, ACC:	0.552	0.707	0.297	0.519	
TEST set, SPE:	0.976	0.984	0.126	0.695	
[21-02-04 16:26:59-INFO] BEST_RECALL: 0.565, EPOCH:   6
[21-02-04 16:37:12-INFO] EPOCH: 8
[21-02-04 16:37:12-INFO] TRAIN_LOSS : 0.697, TIME: 613.0s
[21-02-04 16:38:04-INFO] VAL _RECALL: 0.351, TIME: 51.8s
[21-02-04 16:38:04-DEBUG] 
VAL  set, TITLE	CLS0	CLS1	CLS2	MEAN
VAL  set, REC:	0.000	0.053	1.000	0.351	
VAL  set, F1 :	0.000	0.061	0.432	0.164	
VAL  set, AUC:	0.969	0.411	0.968	0.783	
VAL  set, ACC:	0.504	0.523	0.435	0.487	
VAL  set, SPE:	1.000	0.714	0.279	0.664	
[21-02-04 16:38:56-INFO] TEST_RECALL: 0.365, TIME: 51.4s
[21-02-04 16:38:56-DEBUG] 
TEST set, TITLE	CLS0	CLS1	CLS2	MEAN
TEST set, REC:	0.000	0.095	1.000	0.365	
TEST set, F1 :	0.000	0.124	0.382	0.169	
TEST set, AUC:	0.787	0.480	0.869	0.712	
TEST set, ACC:	0.486	0.618	0.351	0.485	
TEST set, SPE:	1.000	0.827	0.188	0.672	
[21-02-04 16:38:57-INFO] BEST_RECALL: 0.565, EPOCH:   6
[21-02-04 16:49:09-INFO] EPOCH: 9
[21-02-04 16:49:09-INFO] TRAIN_LOSS : 0.662, TIME: 612.6s
[21-02-04 16:50:01-INFO] VAL _RECALL: 0.707, TIME: 51.8s
[21-02-04 16:50:01-DEBUG] 
VAL  set, TITLE	CLS0	CLS1	CLS2	MEAN
VAL  set, REC:	0.907	0.213	1.000	0.707	
VAL  set, F1 :	0.944	0.337	0.633	0.638	
VAL  set, AUC:	0.991	0.824	0.981	0.932	
VAL  set, ACC:	0.946	0.758	0.750	0.818	
VAL  set, SPE:	0.985	0.978	0.681	0.881	
[21-02-04 16:50:53-INFO] TEST_RECALL: 0.564, TIME: 51.7s
[21-02-04 16:50:53-DEBUG] 
TEST set, TITLE	CLS0	CLS1	CLS2	MEAN
TEST set, REC:	0.586	0.162	0.942	0.564	
TEST set, F1 :	0.687	0.253	0.500	0.480	
TEST set, AUC:	0.817	0.661	0.906	0.795	
TEST set, ACC:	0.726	0.726	0.622	0.691	
TEST set, SPE:	0.873	0.951	0.541	0.788	
[21-02-04 16:50:54-INFO] BEST_RECALL: 0.565, EPOCH:   6
[21-02-04 17:01:06-INFO] EPOCH: 10
[21-02-04 17:01:06-INFO] TRAIN_LOSS : 0.549, TIME: 612.8s
[21-02-04 17:01:58-INFO] VAL _RECALL: 0.674, TIME: 51.6s
[21-02-04 17:01:58-DEBUG] 
VAL  set, TITLE	CLS0	CLS1	CLS2	MEAN
VAL  set, REC:	1.000	0.307	0.714	0.674	
VAL  set, F1 :	0.822	0.430	0.808	0.687	
VAL  set, AUC:	0.964	0.831	0.983	0.926	
VAL  set, ACC:	0.785	0.765	0.927	0.826	
VAL  set, SPE:	0.573	0.951	0.985	0.836	
[21-02-04 17:02:50-INFO] TEST_RECALL: 0.536, TIME: 51.5s
[21-02-04 17:02:50-DEBUG] 
TEST set, TITLE	CLS0	CLS1	CLS2	MEAN
TEST set, REC:	0.880	0.230	0.500	0.536	
TEST set, F1 :	0.731	0.309	0.591	0.544	
TEST set, AUC:	0.802	0.652	0.870	0.775	
TEST set, ACC:	0.668	0.707	0.861	0.745	
TEST set, SPE:	0.444	0.897	0.952	0.764	
[21-02-04 17:02:51-INFO] BEST_RECALL: 0.565, EPOCH:   6
[21-02-04 17:13:04-INFO] EPOCH: 11
[21-02-04 17:13:04-INFO] TRAIN_LOSS : 0.566, TIME: 613.2s
[21-02-04 17:13:56-INFO] VAL _RECALL: 0.669, TIME: 51.8s
[21-02-04 17:13:56-DEBUG] 
VAL  set, TITLE	CLS0	CLS1	CLS2	MEAN
VAL  set, REC:	0.992	0.013	1.000	0.669	
VAL  set, F1 :	0.911	0.026	0.687	0.541	
VAL  set, AUC:	0.993	0.953	0.993	0.980	
VAL  set, ACC:	0.904	0.715	0.804	0.808	
VAL  set, SPE:	0.817	1.000	0.750	0.856	
[21-02-04 17:14:47-INFO] TEST_RECALL: 0.546, TIME: 51.5s
[21-02-04 17:14:47-DEBUG] 
TEST set, TITLE	CLS0	CLS1	CLS2	MEAN
TEST set, REC:	0.797	0.014	0.827	0.546	
TEST set, F1 :	0.746	0.027	0.541	0.438	
TEST set, AUC:	0.795	0.671	0.866	0.778	
TEST set, ACC:	0.722	0.718	0.718	0.719	
TEST set, SPE:	0.643	1.000	0.691	0.778	
[21-02-04 17:14:48-INFO] BEST_RECALL: 0.565, EPOCH:   6
[21-02-04 17:25:01-INFO] EPOCH: 12
[21-02-04 17:25:01-INFO] TRAIN_LOSS : 0.494, TIME: 613.1s
[21-02-04 17:25:53-INFO] VAL _RECALL: 0.527, TIME: 51.5s
[21-02-04 17:25:53-DEBUG] 
VAL  set, TITLE	CLS0	CLS1	CLS2	MEAN
VAL  set, REC:	0.581	0.000	1.000	0.527	
VAL  set, F1 :	0.735	0.000	0.465	0.400	
VAL  set, AUC:	0.985	0.756	0.964	0.902	
VAL  set, ACC:	0.792	0.712	0.504	0.669	
VAL  set, SPE:	1.000	1.000	0.368	0.789	
[21-02-04 17:26:45-INFO] TEST_RECALL: 0.444, TIME: 51.8s
[21-02-04 17:26:45-DEBUG] 
TEST set, TITLE	CLS0	CLS1	CLS2	MEAN
TEST set, REC:	0.331	0.000	1.000	0.444	
TEST set, F1 :	0.484	0.000	0.397	0.293	
TEST set, AUC:	0.797	0.581	0.869	0.749	
TEST set, ACC:	0.637	0.714	0.390	0.580	
TEST set, SPE:	0.960	1.000	0.237	0.732	
[21-02-04 17:26:46-INFO] BEST_RECALL: 0.565, EPOCH:   6
[21-02-04 17:36:59-INFO] EPOCH: 13
[21-02-04 17:36:59-INFO] TRAIN_LOSS : 0.498, TIME: 612.9s
[21-02-04 17:37:50-INFO] VAL _RECALL: 0.333, TIME: 51.6s
[21-02-04 17:37:50-DEBUG] 
VAL  set, TITLE	CLS0	CLS1	CLS2	MEAN
VAL  set, REC:	0.000	0.000	1.000	0.333	
VAL  set, F1 :	0.000	0.000	0.354	0.118	
VAL  set, AUC:	0.906	0.689	0.925	0.840	
VAL  set, ACC:	0.504	0.712	0.215	0.477	
VAL  set, SPE:	1.000	1.000	0.000	0.667	
[21-02-04 17:38:42-INFO] TEST_RECALL: 0.333, TIME: 51.4s
[21-02-04 17:38:42-DEBUG] 
TEST set, TITLE	CLS0	CLS1	CLS2	MEAN
TEST set, REC:	0.000	0.000	1.000	0.333	
TEST set, F1 :	0.000	0.000	0.334	0.111	
TEST set, AUC:	0.725	0.548	0.782	0.685	
TEST set, ACC:	0.486	0.714	0.201	0.467	
TEST set, SPE:	1.000	1.000	0.000	0.667	
[21-02-04 17:38:43-INFO] BEST_RECALL: 0.565, EPOCH:   6
[21-02-04 17:48:55-INFO] EPOCH: 14
[21-02-04 17:48:55-INFO] TRAIN_LOSS : 0.477, TIME: 612.8s
[21-02-04 17:49:47-INFO] VAL _RECALL: 0.815, TIME: 51.6s
[21-02-04 17:49:47-DEBUG] 
VAL  set, TITLE	CLS0	CLS1	CLS2	MEAN
VAL  set, REC:	1.000	0.480	0.964	0.815	
VAL  set, F1 :	0.893	0.643	0.908	0.814	
VAL  set, AUC:	0.996	0.986	0.992	0.991	
VAL  set, ACC:	0.881	0.846	0.958	0.895	
VAL  set, SPE:	0.763	0.995	0.956	0.905	
[21-02-04 17:50:39-INFO] TEST_RECALL: 0.563, TIME: 51.6s
[21-02-04 17:50:39-DEBUG] 
TEST set, TITLE	CLS0	CLS1	CLS2	MEAN
TEST set, REC:	0.842	0.135	0.712	0.563	
TEST set, F1 :	0.742	0.206	0.622	0.523	
TEST set, AUC:	0.794	0.639	0.865	0.766	
TEST set, ACC:	0.699	0.703	0.826	0.743	
TEST set, SPE:	0.548	0.930	0.855	0.777	
[21-02-04 17:50:40-INFO] BEST_RECALL: 0.565, EPOCH:   6
[21-02-04 18:00:40-INFO] EPOCH: 15
[21-02-04 18:00:40-INFO] TRAIN_LOSS : 0.335, TIME: 600.3s
[21-02-04 18:01:32-INFO] VAL _RECALL: 0.336, TIME: 51.6s
[21-02-04 18:01:32-DEBUG] 
VAL  set, TITLE	CLS0	CLS1	CLS2	MEAN
VAL  set, REC:	0.008	1.000	0.000	0.336	
VAL  set, F1 :	0.015	0.449	0.000	0.155	
VAL  set, AUC:	0.998	0.978	0.986	0.987	
VAL  set, ACC:	0.508	0.292	0.785	0.528	
VAL  set, SPE:	1.000	0.005	1.000	0.668	
[21-02-04 18:02:23-INFO] TEST_RECALL: 0.338, TIME: 51.5s
[21-02-04 18:02:23-DEBUG] 
TEST set, TITLE	CLS0	CLS1	CLS2	MEAN
TEST set, REC:	0.015	1.000	0.000	0.338	
TEST set, F1 :	0.030	0.447	0.000	0.159	
TEST set, AUC:	0.768	0.595	0.789	0.717	
TEST set, ACC:	0.494	0.293	0.799	0.529	
TEST set, SPE:	1.000	0.011	1.000	0.670	
[21-02-04 18:02:24-INFO] BEST_RECALL: 0.565, EPOCH:   6
[21-02-04 18:12:38-INFO] EPOCH: 16
[21-02-04 18:12:38-INFO] TRAIN_LOSS : 0.393, TIME: 614.1s
[21-02-04 18:13:30-INFO] VAL _RECALL: 0.911, TIME: 51.6s
[21-02-04 18:13:30-DEBUG] 
VAL  set, TITLE	CLS0	CLS1	CLS2	MEAN
VAL  set, REC:	1.000	0.787	0.946	0.911	
VAL  set, F1 :	0.956	0.874	0.922	0.917	
VAL  set, AUC:	0.999	0.995	0.996	0.997	
VAL  set, ACC:	0.954	0.935	0.965	0.951	
VAL  set, SPE:	0.908	0.995	0.971	0.958	
[21-02-04 18:14:21-INFO] TEST_RECALL: 0.587, TIME: 51.4s
[21-02-04 18:14:21-DEBUG] 
TEST set, TITLE	CLS0	CLS1	CLS2	MEAN
TEST set, REC:	0.880	0.189	0.692	0.587	
TEST set, F1 :	0.760	0.275	0.667	0.567	
TEST set, AUC:	0.845	0.714	0.903	0.821	
TEST set, ACC:	0.714	0.714	0.861	0.763	
TEST set, SPE:	0.540	0.924	0.903	0.789	
[21-02-04 18:14:23-INFO] BEST_RECALL: 0.587, EPOCH:  16
[21-02-04 18:24:36-INFO] EPOCH: 17
[21-02-04 18:24:36-INFO] TRAIN_LOSS : 0.320, TIME: 612.7s
[21-02-04 18:25:28-INFO] VAL _RECALL: 0.975, TIME: 51.6s
[21-02-04 18:25:28-DEBUG] 
VAL  set, TITLE	CLS0	CLS1	CLS2	MEAN
VAL  set, REC:	1.000	0.960	0.964	0.975	
VAL  set, F1 :	0.989	0.973	0.973	0.978	
VAL  set, AUC:	1.000	0.999	1.000	0.999	
VAL  set, ACC:	0.988	0.985	0.988	0.987	
VAL  set, SPE:	0.977	0.995	0.995	0.989	
[21-02-04 18:26:19-INFO] TEST_RECALL: 0.539, TIME: 51.6s
[21-02-04 18:26:19-DEBUG] 
TEST set, TITLE	CLS0	CLS1	CLS2	MEAN
TEST set, REC:	0.820	0.162	0.635	0.539	
TEST set, F1 :	0.729	0.220	0.600	0.516	
TEST set, AUC:	0.789	0.620	0.862	0.757	
TEST set, ACC:	0.687	0.672	0.830	0.730	
TEST set, SPE:	0.548	0.876	0.879	0.768	
[21-02-04 18:26:20-INFO] BEST_RECALL: 0.587, EPOCH:  16
[21-02-04 18:36:35-INFO] EPOCH: 18
[21-02-04 18:36:35-INFO] TRAIN_LOSS : 0.277, TIME: 614.6s
[21-02-04 18:37:27-INFO] VAL _RECALL: 0.655, TIME: 51.6s
[21-02-04 18:37:27-DEBUG] 
VAL  set, TITLE	CLS0	CLS1	CLS2	MEAN
VAL  set, REC:	0.054	1.000	0.911	0.655	
VAL  set, F1 :	0.103	0.584	0.803	0.497	
VAL  set, AUC:	0.982	0.971	0.968	0.974	
VAL  set, ACC:	0.531	0.588	0.904	0.674	
VAL  set, SPE:	1.000	0.422	0.902	0.775	
[21-02-04 18:38:18-INFO] TEST_RECALL: 0.438, TIME: 51.5s
[21-02-04 18:38:18-DEBUG] 
TEST set, TITLE	CLS0	CLS1	CLS2	MEAN
TEST set, REC:	0.023	0.811	0.481	0.438	
TEST set, F1 :	0.044	0.446	0.442	0.311	
TEST set, AUC:	0.750	0.560	0.716	0.675	
TEST set, ACC:	0.498	0.425	0.757	0.560	
TEST set, SPE:	1.000	0.270	0.826	0.699	
[21-02-04 18:38:19-INFO] BEST_RECALL: 0.587, EPOCH:  16
[21-02-04 18:48:32-INFO] EPOCH: 19
[21-02-04 18:48:32-INFO] TRAIN_LOSS : 0.304, TIME: 613.2s
[21-02-04 18:49:24-INFO] VAL _RECALL: 0.756, TIME: 51.8s
[21-02-04 18:49:24-DEBUG] 
VAL  set, TITLE	CLS0	CLS1	CLS2	MEAN
VAL  set, REC:	1.000	0.267	1.000	0.756	
VAL  set, F1 :	0.981	0.421	0.691	0.698	
VAL  set, AUC:	0.998	0.947	0.984	0.976	
VAL  set, ACC:	0.981	0.788	0.808	0.859	
VAL  set, SPE:	0.962	1.000	0.755	0.906	
[21-02-04 18:50:16-INFO] TEST_RECALL: 0.563, TIME: 51.8s
[21-02-04 18:50:16-DEBUG] 
TEST set, TITLE	CLS0	CLS1	CLS2	MEAN
TEST set, REC:	0.767	0.000	0.923	0.563	
TEST set, F1 :	0.758	0.000	0.549	0.436	
TEST set, AUC:	0.812	0.679	0.867	0.786	
TEST set, ACC:	0.749	0.714	0.695	0.719	
TEST set, SPE:	0.730	1.000	0.638	0.789	
[21-02-04 18:50:17-INFO] BEST_RECALL: 0.587, EPOCH:  16
[21-02-04 19:00:32-INFO] EPOCH: 20
[21-02-04 19:00:32-INFO] TRAIN_LOSS : 0.192, TIME: 615.1s
[21-02-04 19:01:24-INFO] VAL _RECALL: 0.992, TIME: 51.7s
[21-02-04 19:01:24-DEBUG] 
VAL  set, TITLE	CLS0	CLS1	CLS2	MEAN
VAL  set, REC:	0.977	1.000	1.000	0.992	
VAL  set, F1 :	0.988	0.980	1.000	0.990	
VAL  set, AUC:	1.000	1.000	1.000	1.000	
VAL  set, ACC:	0.988	0.988	1.000	0.992	
VAL  set, SPE:	1.000	0.984	1.000	0.995	
[21-02-04 19:02:15-INFO] TEST_RECALL: 0.560, TIME: 51.6s
[21-02-04 19:02:15-DEBUG] 
TEST set, TITLE	CLS0	CLS1	CLS2	MEAN
TEST set, REC:	0.714	0.311	0.654	0.560	
TEST set, F1 :	0.728	0.343	0.553	0.541	
TEST set, AUC:	0.791	0.643	0.816	0.750	
TEST set, ACC:	0.726	0.660	0.788	0.725	
TEST set, SPE:	0.738	0.800	0.821	0.786	
[21-02-04 19:02:16-INFO] BEST_RECALL: 0.587, EPOCH:  16
[21-02-04 19:12:30-INFO] EPOCH: 21
[21-02-04 19:12:30-INFO] TRAIN_LOSS : 0.108, TIME: 613.4s
[21-02-04 19:13:22-INFO] VAL _RECALL: 0.939, TIME: 51.6s
[21-02-04 19:13:22-DEBUG] 
VAL  set, TITLE	CLS0	CLS1	CLS2	MEAN
VAL  set, REC:	0.938	0.880	1.000	0.939	
VAL  set, F1 :	0.968	0.936	0.868	0.924	
VAL  set, AUC:	1.000	1.000	1.000	1.000	
VAL  set, ACC:	0.969	0.965	0.935	0.956	
VAL  set, SPE:	1.000	1.000	0.917	0.972	
[21-02-04 19:14:13-INFO] TEST_RECALL: 0.495, TIME: 51.6s
[21-02-04 19:14:13-DEBUG] 
TEST set, TITLE	CLS0	CLS1	CLS2	MEAN
TEST set, REC:	0.504	0.135	0.846	0.495	
TEST set, F1 :	0.629	0.213	0.417	0.420	
TEST set, AUC:	0.807	0.602	0.791	0.734	
TEST set, ACC:	0.695	0.714	0.525	0.645	
TEST set, SPE:	0.897	0.946	0.444	0.762	
[21-02-04 19:14:14-INFO] BEST_RECALL: 0.587, EPOCH:  16
[21-02-04 19:24:26-INFO] EPOCH: 22
[21-02-04 19:24:26-INFO] TRAIN_LOSS : 0.080, TIME: 611.9s
[21-02-04 19:25:18-INFO] VAL _RECALL: 0.978, TIME: 51.7s
[21-02-04 19:25:18-DEBUG] 
VAL  set, TITLE	CLS0	CLS1	CLS2	MEAN
VAL  set, REC:	1.000	0.933	1.000	0.978	
VAL  set, F1 :	1.000	0.966	0.957	0.974	
VAL  set, AUC:	1.000	1.000	1.000	1.000	
VAL  set, ACC:	1.000	0.981	0.981	0.987	
VAL  set, SPE:	1.000	1.000	0.975	0.992	
[21-02-04 19:26:09-INFO] TEST_RECALL: 0.553, TIME: 51.6s
[21-02-04 19:26:09-DEBUG] 
TEST set, TITLE	CLS0	CLS1	CLS2	MEAN
TEST set, REC:	0.677	0.135	0.846	0.553	
TEST set, F1 :	0.747	0.215	0.478	0.480	
TEST set, AUC:	0.844	0.660	0.853	0.786	
TEST set, ACC:	0.764	0.718	0.629	0.704	
TEST set, SPE:	0.857	0.951	0.575	0.794	
[21-02-04 19:26:10-INFO] BEST_RECALL: 0.587, EPOCH:  16
[21-02-04 19:36:23-INFO] EPOCH: 23
[21-02-04 19:36:23-INFO] TRAIN_LOSS : 0.059, TIME: 612.8s
[21-02-04 19:37:15-INFO] VAL _RECALL: 0.818, TIME: 51.7s
[21-02-04 19:37:15-DEBUG] 
VAL  set, TITLE	CLS0	CLS1	CLS2	MEAN
VAL  set, REC:	0.953	1.000	0.500	0.818	
VAL  set, F1 :	0.976	0.815	0.667	0.819	
VAL  set, AUC:	1.000	1.000	1.000	1.000	
VAL  set, ACC:	0.977	0.869	0.892	0.913	
VAL  set, SPE:	1.000	0.816	1.000	0.939	
[21-02-04 19:38:06-INFO] TEST_RECALL: 0.483, TIME: 51.5s
[21-02-04 19:38:06-DEBUG] 
TEST set, TITLE	CLS0	CLS1	CLS2	MEAN
TEST set, REC:	0.474	0.919	0.058	0.483	
TEST set, F1 :	0.618	0.525	0.109	0.417	
TEST set, AUC:	0.795	0.655	0.868	0.773	
TEST set, ACC:	0.699	0.525	0.811	0.678	
TEST set, SPE:	0.937	0.368	1.000	0.768	
[21-02-04 19:38:07-INFO] BEST_RECALL: 0.587, EPOCH:  16
[21-02-04 19:48:20-INFO] EPOCH: 24
[21-02-04 19:48:20-INFO] TRAIN_LOSS : 0.054, TIME: 613.1s
[21-02-04 19:49:12-INFO] VAL _RECALL: 1.000, TIME: 51.6s
[21-02-04 19:49:12-DEBUG] 
VAL  set, TITLE	CLS0	CLS1	CLS2	MEAN
VAL  set, REC:	1.000	1.000	1.000	1.000	
VAL  set, F1 :	1.000	1.000	1.000	1.000	
VAL  set, AUC:	1.000	1.000	1.000	1.000	
VAL  set, ACC:	1.000	1.000	1.000	1.000	
VAL  set, SPE:	1.000	1.000	1.000	1.000	
[21-02-04 19:50:04-INFO] TEST_RECALL: 0.634, TIME: 51.5s
[21-02-04 19:50:04-DEBUG] 
TEST set, TITLE	CLS0	CLS1	CLS2	MEAN
TEST set, REC:	0.714	0.514	0.673	0.634	
TEST set, F1 :	0.751	0.503	0.614	0.623	
TEST set, AUC:	0.829	0.711	0.847	0.796	
TEST set, ACC:	0.757	0.710	0.830	0.766	
TEST set, SPE:	0.802	0.789	0.870	0.820	
[21-02-04 19:50:06-INFO] BEST_RECALL: 0.634, EPOCH:  24
[21-02-04 20:00:19-INFO] EPOCH: 25
[21-02-04 20:00:19-INFO] TRAIN_LOSS : 0.049, TIME: 612.8s
[21-02-04 20:01:10-INFO] VAL _RECALL: 0.997, TIME: 51.7s
[21-02-04 20:01:10-DEBUG] 
VAL  set, TITLE	CLS0	CLS1	CLS2	MEAN
VAL  set, REC:	0.992	1.000	1.000	0.997	
VAL  set, F1 :	0.996	0.993	1.000	0.996	
VAL  set, AUC:	1.000	1.000	1.000	1.000	
VAL  set, ACC:	0.996	0.996	1.000	0.997	
VAL  set, SPE:	1.000	0.995	1.000	0.998	
[21-02-04 20:02:02-INFO] TEST_RECALL: 0.514, TIME: 51.8s
[21-02-04 20:02:02-DEBUG] 
TEST set, TITLE	CLS0	CLS1	CLS2	MEAN
TEST set, REC:	0.436	0.838	0.269	0.514	
TEST set, F1 :	0.577	0.502	0.400	0.493	
TEST set, AUC:	0.775	0.669	0.814	0.753	
TEST set, ACC:	0.672	0.525	0.838	0.678	
TEST set, SPE:	0.921	0.400	0.981	0.767	
[21-02-04 20:02:03-INFO] BEST_RECALL: 0.634, EPOCH:  24
[21-02-04 20:12:16-INFO] EPOCH: 26
[21-02-04 20:12:16-INFO] TRAIN_LOSS : 0.048, TIME: 612.8s
[21-02-04 20:13:08-INFO] VAL _RECALL: 0.964, TIME: 51.6s
[21-02-04 20:13:08-DEBUG] 
VAL  set, TITLE	CLS0	CLS1	CLS2	MEAN
VAL  set, REC:	1.000	0.893	1.000	0.964	
VAL  set, F1 :	0.970	0.944	1.000	0.971	
VAL  set, AUC:	1.000	1.000	1.000	1.000	
VAL  set, ACC:	0.969	0.969	1.000	0.979	
VAL  set, SPE:	0.939	1.000	1.000	0.980	
[21-02-04 20:14:00-INFO] TEST_RECALL: 0.531, TIME: 51.9s
[21-02-04 20:14:00-DEBUG] 
TEST set, TITLE	CLS0	CLS1	CLS2	MEAN
TEST set, REC:	0.970	0.027	0.596	0.531	
TEST set, F1 :	0.752	0.051	0.639	0.481	
TEST set, AUC:	0.841	0.671	0.868	0.793	
TEST set, ACC:	0.672	0.714	0.865	0.750	
TEST set, SPE:	0.357	0.989	0.932	0.760	
[21-02-04 20:14:01-INFO] BEST_RECALL: 0.634, EPOCH:  24
[21-02-04 20:24:13-INFO] EPOCH: 27
[21-02-04 20:24:13-INFO] TRAIN_LOSS : 0.029, TIME: 612.7s
[21-02-04 20:25:05-INFO] VAL _RECALL: 1.000, TIME: 51.6s
[21-02-04 20:25:05-DEBUG] 
VAL  set, TITLE	CLS0	CLS1	CLS2	MEAN
VAL  set, REC:	1.000	1.000	1.000	1.000	
VAL  set, F1 :	1.000	1.000	1.000	1.000	
VAL  set, AUC:	1.000	1.000	1.000	1.000	
VAL  set, ACC:	1.000	1.000	1.000	1.000	
VAL  set, SPE:	1.000	1.000	1.000	1.000	
[21-02-04 20:25:56-INFO] TEST_RECALL: 0.575, TIME: 51.5s
[21-02-04 20:25:56-DEBUG] 
TEST set, TITLE	CLS0	CLS1	CLS2	MEAN
TEST set, REC:	0.835	0.257	0.635	0.575	
TEST set, F1 :	0.779	0.322	0.574	0.558	
TEST set, AUC:	0.852	0.713	0.870	0.811	
TEST set, ACC:	0.757	0.691	0.811	0.753	
TEST set, SPE:	0.675	0.865	0.855	0.798	
[21-02-04 20:25:57-INFO] BEST_RECALL: 0.634, EPOCH:  24
[21-02-04 20:36:10-INFO] EPOCH: 28
[21-02-04 20:36:10-INFO] TRAIN_LOSS : 0.057, TIME: 612.9s
[21-02-04 20:37:02-INFO] VAL _RECALL: 0.979, TIME: 51.8s
[21-02-04 20:37:02-DEBUG] 
VAL  set, TITLE	CLS0	CLS1	CLS2	MEAN
VAL  set, REC:	0.953	1.000	0.982	0.979	
VAL  set, F1 :	0.976	0.955	0.991	0.974	
VAL  set, AUC:	1.000	1.000	1.000	1.000	
VAL  set, ACC:	0.977	0.973	0.996	0.982	
VAL  set, SPE:	1.000	0.962	1.000	0.987	
[21-02-04 20:37:54-INFO] TEST_RECALL: 0.484, TIME: 51.9s
[21-02-04 20:37:54-DEBUG] 
TEST set, TITLE	CLS0	CLS1	CLS2	MEAN
TEST set, REC:	0.368	0.851	0.231	0.484	
TEST set, F1 :	0.516	0.488	0.343	0.449	
TEST set, AUC:	0.784	0.649	0.776	0.736	
TEST set, ACC:	0.645	0.490	0.822	0.653	
TEST set, SPE:	0.937	0.346	0.971	0.751	
[21-02-04 20:37:55-INFO] BEST_RECALL: 0.634, EPOCH:  24
[21-02-04 20:48:08-INFO] EPOCH: 29
[21-02-04 20:48:08-INFO] TRAIN_LOSS : 0.087, TIME: 612.9s
[21-02-04 20:49:00-INFO] VAL _RECALL: 0.920, TIME: 51.6s
[21-02-04 20:49:00-DEBUG] 
VAL  set, TITLE	CLS0	CLS1	CLS2	MEAN
VAL  set, REC:	0.760	1.000	1.000	0.920	
VAL  set, F1 :	0.863	0.980	0.800	0.881	
VAL  set, AUC:	0.997	1.000	0.998	0.998	
VAL  set, ACC:	0.881	0.988	0.892	0.921	
VAL  set, SPE:	1.000	0.984	0.863	0.949	
[21-02-04 20:49:51-INFO] TEST_RECALL: 0.486, TIME: 51.4s
[21-02-04 20:49:51-DEBUG] 
TEST set, TITLE	CLS0	CLS1	CLS2	MEAN
TEST set, REC:	0.316	0.297	0.846	0.486	
TEST set, F1 :	0.467	0.324	0.436	0.409	
TEST set, AUC:	0.798	0.660	0.747	0.735	
TEST set, ACC:	0.629	0.645	0.560	0.611	
TEST set, SPE:	0.960	0.784	0.488	0.744	
[21-02-04 20:49:52-INFO] BEST_RECALL: 0.634, EPOCH:  24
[21-02-04 21:00:05-INFO] EPOCH: 30
[21-02-04 21:00:05-INFO] TRAIN_LOSS : 0.103, TIME: 612.9s
[21-02-04 21:00:57-INFO] VAL _RECALL: 0.992, TIME: 51.9s
[21-02-04 21:00:57-DEBUG] 
VAL  set, TITLE	CLS0	CLS1	CLS2	MEAN
VAL  set, REC:	0.977	1.000	1.000	0.992	
VAL  set, F1 :	0.988	0.980	1.000	0.990	
VAL  set, AUC:	1.000	1.000	1.000	1.000	
VAL  set, ACC:	0.988	0.988	1.000	0.992	
VAL  set, SPE:	1.000	0.984	1.000	0.995	
[21-02-04 21:01:48-INFO] TEST_RECALL: 0.605, TIME: 51.5s
[21-02-04 21:01:48-DEBUG] 
TEST set, TITLE	CLS0	CLS1	CLS2	MEAN
TEST set, REC:	0.602	0.676	0.538	0.605	
TEST set, F1 :	0.693	0.508	0.622	0.607	
TEST set, AUC:	0.790	0.653	0.853	0.765	
TEST set, ACC:	0.726	0.625	0.869	0.740	
TEST set, SPE:	0.857	0.605	0.952	0.805	
[21-02-04 21:01:49-INFO] BEST_RECALL: 0.634, EPOCH:  24
[21-02-04 21:12:02-INFO] EPOCH: 31
[21-02-04 21:12:02-INFO] TRAIN_LOSS : 0.058, TIME: 612.8s
[21-02-04 21:12:54-INFO] VAL _RECALL: 0.952, TIME: 51.7s
[21-02-04 21:12:54-DEBUG] 
VAL  set, TITLE	CLS0	CLS1	CLS2	MEAN
VAL  set, REC:	1.000	1.000	0.857	0.952	
VAL  set, F1 :	1.000	0.949	0.923	0.957	
VAL  set, AUC:	1.000	1.000	1.000	1.000	
VAL  set, ACC:	1.000	0.969	0.969	0.979	
VAL  set, SPE:	1.000	0.957	1.000	0.986	
[21-02-04 21:13:46-INFO] TEST_RECALL: 0.498, TIME: 51.6s
[21-02-04 21:13:46-DEBUG] 
TEST set, TITLE	CLS0	CLS1	CLS2	MEAN
TEST set, REC:	0.677	0.703	0.115	0.498	
TEST set, F1 :	0.723	0.493	0.207	0.474	
TEST set, AUC:	0.796	0.652	0.854	0.767	
TEST set, ACC:	0.734	0.587	0.822	0.714	
TEST set, SPE:	0.794	0.541	1.000	0.778	
[21-02-04 21:13:47-INFO] BEST_RECALL: 0.634, EPOCH:  24
[21-02-04 21:24:00-INFO] EPOCH: 32
[21-02-04 21:24:00-INFO] TRAIN_LOSS : 0.027, TIME: 613.1s
[21-02-04 21:24:51-INFO] VAL _RECALL: 1.000, TIME: 51.8s
[21-02-04 21:24:51-DEBUG] 
VAL  set, TITLE	CLS0	CLS1	CLS2	MEAN
VAL  set, REC:	1.000	1.000	1.000	1.000	
VAL  set, F1 :	1.000	1.000	1.000	1.000	
VAL  set, AUC:	1.000	1.000	1.000	1.000	
VAL  set, ACC:	1.000	1.000	1.000	1.000	
VAL  set, SPE:	1.000	1.000	1.000	1.000	
[21-02-04 21:25:43-INFO] TEST_RECALL: 0.579, TIME: 51.6s
[21-02-04 21:25:43-DEBUG] 
TEST set, TITLE	CLS0	CLS1	CLS2	MEAN
TEST set, REC:	0.744	0.473	0.519	0.579	
TEST set, F1 :	0.736	0.435	0.614	0.595	
TEST set, AUC:	0.816	0.686	0.871	0.791	
TEST set, ACC:	0.726	0.649	0.869	0.748	
TEST set, SPE:	0.706	0.719	0.957	0.794	
[21-02-04 21:25:44-INFO] BEST_RECALL: 0.634, EPOCH:  24
[21-02-04 21:35:57-INFO] EPOCH: 33
[21-02-04 21:35:57-INFO] TRAIN_LOSS : 0.007, TIME: 612.8s
[21-02-04 21:36:48-INFO] VAL _RECALL: 1.000, TIME: 51.6s
[21-02-04 21:36:48-DEBUG] 
VAL  set, TITLE	CLS0	CLS1	CLS2	MEAN
VAL  set, REC:	1.000	1.000	1.000	1.000	
VAL  set, F1 :	1.000	1.000	1.000	1.000	
VAL  set, AUC:	1.000	1.000	1.000	1.000	
VAL  set, ACC:	1.000	1.000	1.000	1.000	
VAL  set, SPE:	1.000	1.000	1.000	1.000	
[21-02-04 21:37:40-INFO] TEST_RECALL: 0.583, TIME: 51.5s
[21-02-04 21:37:40-DEBUG] 
TEST set, TITLE	CLS0	CLS1	CLS2	MEAN
TEST set, REC:	0.774	0.378	0.596	0.583	
TEST set, F1 :	0.744	0.403	0.608	0.585	
TEST set, AUC:	0.818	0.675	0.878	0.791	
TEST set, ACC:	0.726	0.680	0.846	0.750	
TEST set, SPE:	0.675	0.800	0.908	0.794	
[21-02-04 21:37:41-INFO] BEST_RECALL: 0.634, EPOCH:  24
[21-02-04 21:47:54-INFO] EPOCH: 34
[21-02-04 21:47:54-INFO] TRAIN_LOSS : 0.006, TIME: 612.8s
[21-02-04 21:48:45-INFO] VAL _RECALL: 1.000, TIME: 51.6s
[21-02-04 21:48:45-DEBUG] 
VAL  set, TITLE	CLS0	CLS1	CLS2	MEAN
VAL  set, REC:	1.000	1.000	1.000	1.000	
VAL  set, F1 :	1.000	1.000	1.000	1.000	
VAL  set, AUC:	1.000	1.000	1.000	1.000	
VAL  set, ACC:	1.000	1.000	1.000	1.000	
VAL  set, SPE:	1.000	1.000	1.000	1.000	
[21-02-04 21:49:37-INFO] TEST_RECALL: 0.602, TIME: 51.4s
[21-02-04 21:49:37-DEBUG] 
TEST set, TITLE	CLS0	CLS1	CLS2	MEAN
TEST set, REC:	0.767	0.405	0.635	0.602	
TEST set, F1 :	0.756	0.423	0.623	0.600	
TEST set, AUC:	0.822	0.683	0.861	0.789	
TEST set, ACC:	0.745	0.683	0.846	0.758	
TEST set, SPE:	0.722	0.795	0.899	0.805	
[21-02-04 21:49:38-INFO] BEST_RECALL: 0.634, EPOCH:  24
[21-02-04 21:59:50-INFO] EPOCH: 35
[21-02-04 21:59:51-INFO] TRAIN_LOSS : 0.003, TIME: 612.7s
[21-02-04 22:00:42-INFO] VAL _RECALL: 1.000, TIME: 51.8s
[21-02-04 22:00:42-DEBUG] 
VAL  set, TITLE	CLS0	CLS1	CLS2	MEAN
VAL  set, REC:	1.000	1.000	1.000	1.000	
VAL  set, F1 :	1.000	1.000	1.000	1.000	
VAL  set, AUC:	1.000	1.000	1.000	1.000	
VAL  set, ACC:	1.000	1.000	1.000	1.000	
VAL  set, SPE:	1.000	1.000	1.000	1.000	
[21-02-04 22:01:34-INFO] TEST_RECALL: 0.607, TIME: 51.6s
[21-02-04 22:01:34-DEBUG] 
TEST set, TITLE	CLS0	CLS1	CLS2	MEAN
TEST set, REC:	0.774	0.297	0.750	0.607	
TEST set, F1 :	0.752	0.355	0.650	0.586	
TEST set, AUC:	0.826	0.687	0.872	0.795	
TEST set, ACC:	0.737	0.691	0.838	0.755	
TEST set, SPE:	0.698	0.849	0.860	0.802	
[21-02-04 22:01:35-INFO] BEST_RECALL: 0.634, EPOCH:  24
[21-02-04 22:11:47-INFO] EPOCH: 36
[21-02-04 22:11:47-INFO] TRAIN_LOSS : 0.005, TIME: 612.1s
[21-02-04 22:12:39-INFO] VAL _RECALL: 1.000, TIME: 51.6s
[21-02-04 22:12:39-DEBUG] 
VAL  set, TITLE	CLS0	CLS1	CLS2	MEAN
VAL  set, REC:	1.000	1.000	1.000	1.000	
VAL  set, F1 :	1.000	1.000	1.000	1.000	
VAL  set, AUC:	1.000	1.000	1.000	1.000	
VAL  set, ACC:	1.000	1.000	1.000	1.000	
VAL  set, SPE:	1.000	1.000	1.000	1.000	
[21-02-04 22:13:30-INFO] TEST_RECALL: 0.585, TIME: 51.6s
[21-02-04 22:13:30-DEBUG] 
TEST set, TITLE	CLS0	CLS1	CLS2	MEAN
TEST set, REC:	0.782	0.243	0.731	0.585	
TEST set, F1 :	0.751	0.313	0.603	0.556	
TEST set, AUC:	0.829	0.672	0.856	0.785	
TEST set, ACC:	0.734	0.695	0.807	0.745	
TEST set, SPE:	0.683	0.876	0.826	0.795	
[21-02-04 22:13:31-INFO] BEST_RECALL: 0.634, EPOCH:  24
[21-02-04 22:23:44-INFO] EPOCH: 37
[21-02-04 22:23:44-INFO] TRAIN_LOSS : 0.003, TIME: 612.9s
[21-02-04 22:24:36-INFO] VAL _RECALL: 1.000, TIME: 51.7s
[21-02-04 22:24:36-DEBUG] 
VAL  set, TITLE	CLS0	CLS1	CLS2	MEAN
VAL  set, REC:	1.000	1.000	1.000	1.000	
VAL  set, F1 :	1.000	1.000	1.000	1.000	
VAL  set, AUC:	1.000	1.000	1.000	1.000	
VAL  set, ACC:	1.000	1.000	1.000	1.000	
VAL  set, SPE:	1.000	1.000	1.000	1.000	
[21-02-04 22:25:27-INFO] TEST_RECALL: 0.582, TIME: 51.5s
[21-02-04 22:25:27-DEBUG] 
TEST set, TITLE	CLS0	CLS1	CLS2	MEAN
TEST set, REC:	0.842	0.230	0.673	0.582	
TEST set, F1 :	0.765	0.306	0.614	0.562	
TEST set, AUC:	0.838	0.687	0.865	0.797	
TEST set, ACC:	0.734	0.703	0.830	0.755	
TEST set, SPE:	0.619	0.892	0.870	0.794	
[21-02-04 22:25:28-INFO] BEST_RECALL: 0.634, EPOCH:  24
[21-02-04 22:35:41-INFO] EPOCH: 38
[21-02-04 22:35:41-INFO] TRAIN_LOSS : 0.009, TIME: 612.4s
[21-02-04 22:36:33-INFO] VAL _RECALL: 1.000, TIME: 51.8s
[21-02-04 22:36:33-DEBUG] 
VAL  set, TITLE	CLS0	CLS1	CLS2	MEAN
VAL  set, REC:	1.000	1.000	1.000	1.000	
VAL  set, F1 :	1.000	1.000	1.000	1.000	
VAL  set, AUC:	1.000	1.000	1.000	1.000	
VAL  set, ACC:	1.000	1.000	1.000	1.000	
VAL  set, SPE:	1.000	1.000	1.000	1.000	
[21-02-04 22:37:24-INFO] TEST_RECALL: 0.581, TIME: 51.4s
[21-02-04 22:37:24-DEBUG] 
TEST set, TITLE	CLS0	CLS1	CLS2	MEAN
TEST set, REC:	0.805	0.324	0.615	0.581	
TEST set, F1 :	0.756	0.358	0.634	0.583	
TEST set, AUC:	0.824	0.673	0.862	0.786	
TEST set, ACC:	0.734	0.668	0.857	0.753	
TEST set, SPE:	0.659	0.805	0.918	0.794	
[21-02-04 22:37:25-INFO] BEST_RECALL: 0.634, EPOCH:  24
[21-02-04 22:47:36-INFO] EPOCH: 39
[21-02-04 22:47:36-INFO] TRAIN_LOSS : 0.009, TIME: 610.5s
[21-02-04 22:48:27-INFO] VAL _RECALL: 1.000, TIME: 51.6s
[21-02-04 22:48:27-DEBUG] 
VAL  set, TITLE	CLS0	CLS1	CLS2	MEAN
VAL  set, REC:	1.000	1.000	1.000	1.000	
VAL  set, F1 :	1.000	1.000	1.000	1.000	
VAL  set, AUC:	1.000	1.000	1.000	1.000	
VAL  set, ACC:	1.000	1.000	1.000	1.000	
VAL  set, SPE:	1.000	1.000	1.000	1.000	
[21-02-04 22:49:19-INFO] TEST_RECALL: 0.529, TIME: 51.5s
[21-02-04 22:49:19-DEBUG] 
TEST set, TITLE	CLS0	CLS1	CLS2	MEAN
TEST set, REC:	0.722	0.635	0.231	0.529	
TEST set, F1 :	0.736	0.490	0.369	0.531	
TEST set, AUC:	0.813	0.663	0.842	0.772	
TEST set, ACC:	0.734	0.622	0.842	0.732	
TEST set, SPE:	0.746	0.616	0.995	0.786	
[21-02-04 22:49:20-INFO] BEST_RECALL: 0.634, EPOCH:  24
[21-02-04 22:59:33-INFO] EPOCH: 40
[21-02-04 22:59:33-INFO] TRAIN_LOSS : 0.103, TIME: 613.2s
[21-02-04 23:00:25-INFO] VAL _RECALL: 0.996, TIME: 51.8s
[21-02-04 23:00:25-DEBUG] 
VAL  set, TITLE	CLS0	CLS1	CLS2	MEAN
VAL  set, REC:	1.000	0.987	1.000	0.996	
VAL  set, F1 :	0.996	0.993	1.000	0.996	
VAL  set, AUC:	1.000	1.000	1.000	1.000	
VAL  set, ACC:	0.996	0.996	1.000	0.997	
VAL  set, SPE:	0.992	1.000	1.000	0.997	
[21-02-04 23:01:16-INFO] TEST_RECALL: 0.546, TIME: 51.4s
[21-02-04 23:01:16-DEBUG] 
TEST set, TITLE	CLS0	CLS1	CLS2	MEAN
TEST set, REC:	0.910	0.189	0.538	0.546	
TEST set, F1 :	0.773	0.264	0.566	0.534	
TEST set, AUC:	0.827	0.670	0.836	0.778	
TEST set, ACC:	0.726	0.699	0.834	0.753	
TEST set, SPE:	0.532	0.903	0.908	0.781	
[21-02-04 23:01:17-INFO] BEST_RECALL: 0.634, EPOCH:  24
[21-02-04 23:11:30-INFO] EPOCH: 41
[21-02-04 23:11:30-INFO] TRAIN_LOSS : 0.034, TIME: 612.9s
[21-02-04 23:12:22-INFO] VAL _RECALL: 1.000, TIME: 51.6s
[21-02-04 23:12:22-DEBUG] 
VAL  set, TITLE	CLS0	CLS1	CLS2	MEAN
VAL  set, REC:	1.000	1.000	1.000	1.000	
VAL  set, F1 :	1.000	1.000	1.000	1.000	
VAL  set, AUC:	1.000	1.000	1.000	1.000	
VAL  set, ACC:	1.000	1.000	1.000	1.000	
VAL  set, SPE:	1.000	1.000	1.000	1.000	
[21-02-04 23:13:13-INFO] TEST_RECALL: 0.574, TIME: 51.5s
[21-02-04 23:13:13-DEBUG] 
TEST set, TITLE	CLS0	CLS1	CLS2	MEAN
TEST set, REC:	0.639	0.257	0.827	0.574	
TEST set, F1 :	0.691	0.302	0.589	0.527	
TEST set, AUC:	0.804	0.645	0.850	0.766	
TEST set, ACC:	0.707	0.660	0.768	0.712	
TEST set, SPE:	0.778	0.822	0.754	0.784	
[21-02-04 23:13:14-INFO] BEST_RECALL: 0.634, EPOCH:  24
[21-02-04 23:23:27-INFO] EPOCH: 42
[21-02-04 23:23:27-INFO] TRAIN_LOSS : 0.008, TIME: 613.3s
[21-02-04 23:24:19-INFO] VAL _RECALL: 1.000, TIME: 51.8s
[21-02-04 23:24:19-DEBUG] 
VAL  set, TITLE	CLS0	CLS1	CLS2	MEAN
VAL  set, REC:	1.000	1.000	1.000	1.000	
VAL  set, F1 :	1.000	1.000	1.000	1.000	
VAL  set, AUC:	1.000	1.000	1.000	1.000	
VAL  set, ACC:	1.000	1.000	1.000	1.000	
VAL  set, SPE:	1.000	1.000	1.000	1.000	
[21-02-04 23:25:11-INFO] TEST_RECALL: 0.608, TIME: 51.5s
[21-02-04 23:25:11-DEBUG] 
TEST set, TITLE	CLS0	CLS1	CLS2	MEAN
TEST set, REC:	0.805	0.230	0.788	0.608	
TEST set, F1 :	0.754	0.309	0.661	0.575	
TEST set, AUC:	0.831	0.676	0.871	0.793	
TEST set, ACC:	0.730	0.707	0.838	0.758	
TEST set, SPE:	0.651	0.897	0.850	0.799	
[21-02-04 23:25:12-INFO] BEST_RECALL: 0.634, EPOCH:  24
[21-02-04 23:35:25-INFO] EPOCH: 43
[21-02-04 23:35:25-INFO] TRAIN_LOSS : 0.007, TIME: 612.7s
[21-02-04 23:36:16-INFO] VAL _RECALL: 1.000, TIME: 51.7s
[21-02-04 23:36:16-DEBUG] 
VAL  set, TITLE	CLS0	CLS1	CLS2	MEAN
VAL  set, REC:	1.000	1.000	1.000	1.000	
VAL  set, F1 :	1.000	1.000	1.000	1.000	
VAL  set, AUC:	1.000	1.000	1.000	1.000	
VAL  set, ACC:	1.000	1.000	1.000	1.000	
VAL  set, SPE:	1.000	1.000	1.000	1.000	
[21-02-04 23:37:08-INFO] TEST_RECALL: 0.576, TIME: 51.5s
[21-02-04 23:37:08-DEBUG] 
TEST set, TITLE	CLS0	CLS1	CLS2	MEAN
TEST set, REC:	0.767	0.230	0.731	0.576	
TEST set, F1 :	0.739	0.288	0.613	0.547	
TEST set, AUC:	0.824	0.682	0.866	0.791	
TEST set, ACC:	0.722	0.676	0.815	0.737	
TEST set, SPE:	0.675	0.854	0.836	0.788	
[21-02-04 23:37:09-INFO] BEST_RECALL: 0.634, EPOCH:  24
[21-02-04 23:47:22-INFO] EPOCH: 44
[21-02-04 23:47:22-INFO] TRAIN_LOSS : 0.009, TIME: 612.9s
[21-02-04 23:48:14-INFO] VAL _RECALL: 1.000, TIME: 51.7s
[21-02-04 23:48:14-DEBUG] 
VAL  set, TITLE	CLS0	CLS1	CLS2	MEAN
VAL  set, REC:	1.000	1.000	1.000	1.000	
VAL  set, F1 :	1.000	1.000	1.000	1.000	
VAL  set, AUC:	1.000	1.000	1.000	1.000	
VAL  set, ACC:	1.000	1.000	1.000	1.000	
VAL  set, SPE:	1.000	1.000	1.000	1.000	
[21-02-04 23:49:05-INFO] TEST_RECALL: 0.578, TIME: 51.4s
[21-02-04 23:49:05-DEBUG] 
TEST set, TITLE	CLS0	CLS1	CLS2	MEAN
TEST set, REC:	0.789	0.176	0.769	0.578	
TEST set, F1 :	0.766	0.245	0.580	0.530	
TEST set, AUC:	0.827	0.674	0.844	0.782	
TEST set, ACC:	0.753	0.691	0.776	0.740	
TEST set, SPE:	0.714	0.897	0.778	0.796	
[21-02-04 23:49:06-INFO] BEST_RECALL: 0.634, EPOCH:  24
[21-02-04 23:59:18-INFO] EPOCH: 45
[21-02-04 23:59:18-INFO] TRAIN_LOSS : 0.007, TIME: 612.2s
[21-02-05 00:00:10-INFO] VAL _RECALL: 1.000, TIME: 51.6s
[21-02-05 00:00:10-DEBUG] 
VAL  set, TITLE	CLS0	CLS1	CLS2	MEAN
VAL  set, REC:	1.000	1.000	1.000	1.000	
VAL  set, F1 :	1.000	1.000	1.000	1.000	
VAL  set, AUC:	1.000	1.000	1.000	1.000	
VAL  set, ACC:	1.000	1.000	1.000	1.000	
VAL  set, SPE:	1.000	1.000	1.000	1.000	
[21-02-05 00:01:01-INFO] TEST_RECALL: 0.565, TIME: 51.4s
[21-02-05 00:01:01-DEBUG] 
TEST set, TITLE	CLS0	CLS1	CLS2	MEAN
TEST set, REC:	0.722	0.338	0.635	0.565	
TEST set, F1 :	0.738	0.370	0.537	0.548	
TEST set, AUC:	0.821	0.662	0.825	0.769	
TEST set, ACC:	0.737	0.672	0.780	0.730	
TEST set, SPE:	0.754	0.805	0.816	0.792	
[21-02-05 00:01:02-INFO] BEST_RECALL: 0.634, EPOCH:  24
[21-02-05 00:11:15-INFO] EPOCH: 46
[21-02-05 00:11:15-INFO] TRAIN_LOSS : 0.007, TIME: 612.4s
[21-02-05 00:12:06-INFO] VAL _RECALL: 1.000, TIME: 51.8s
[21-02-05 00:12:06-DEBUG] 
VAL  set, TITLE	CLS0	CLS1	CLS2	MEAN
VAL  set, REC:	1.000	1.000	1.000	1.000	
VAL  set, F1 :	1.000	1.000	1.000	1.000	
VAL  set, AUC:	1.000	1.000	1.000	1.000	
VAL  set, ACC:	1.000	1.000	1.000	1.000	
VAL  set, SPE:	1.000	1.000	1.000	1.000	
[21-02-05 00:12:58-INFO] TEST_RECALL: 0.530, TIME: 51.4s
[21-02-05 00:12:58-DEBUG] 
TEST set, TITLE	CLS0	CLS1	CLS2	MEAN
TEST set, REC:	0.759	0.446	0.385	0.530	
TEST set, F1 :	0.735	0.410	0.488	0.544	
TEST set, AUC:	0.813	0.654	0.854	0.774	
TEST set, ACC:	0.718	0.633	0.838	0.730	
TEST set, SPE:	0.675	0.708	0.952	0.778	
[21-02-05 00:12:59-INFO] BEST_RECALL: 0.634, EPOCH:  24
[21-02-05 00:23:12-INFO] EPOCH: 47
[21-02-05 00:23:12-INFO] TRAIN_LOSS : 0.003, TIME: 612.7s
[21-02-05 00:24:03-INFO] VAL _RECALL: 1.000, TIME: 51.8s
[21-02-05 00:24:03-DEBUG] 
VAL  set, TITLE	CLS0	CLS1	CLS2	MEAN
VAL  set, REC:	1.000	1.000	1.000	1.000	
VAL  set, F1 :	1.000	1.000	1.000	1.000	
VAL  set, AUC:	1.000	1.000	1.000	1.000	
VAL  set, ACC:	1.000	1.000	1.000	1.000	
VAL  set, SPE:	1.000	1.000	1.000	1.000	
[21-02-05 00:24:55-INFO] TEST_RECALL: 0.562, TIME: 51.5s
[21-02-05 00:24:55-DEBUG] 
TEST set, TITLE	CLS0	CLS1	CLS2	MEAN
TEST set, REC:	0.797	0.311	0.577	0.562	
TEST set, F1 :	0.768	0.351	0.541	0.553	
TEST set, AUC:	0.838	0.669	0.859	0.789	
TEST set, ACC:	0.753	0.672	0.803	0.743	
TEST set, SPE:	0.706	0.816	0.860	0.794	
[21-02-05 00:24:56-INFO] BEST_RECALL: 0.634, EPOCH:  24
[21-02-05 00:35:08-INFO] EPOCH: 48
[21-02-05 00:35:08-INFO] TRAIN_LOSS : 0.001, TIME: 611.8s
[21-02-05 00:35:59-INFO] VAL _RECALL: 1.000, TIME: 51.7s
[21-02-05 00:35:59-DEBUG] 
VAL  set, TITLE	CLS0	CLS1	CLS2	MEAN
VAL  set, REC:	1.000	1.000	1.000	1.000	
VAL  set, F1 :	1.000	1.000	1.000	1.000	
VAL  set, AUC:	1.000	1.000	1.000	1.000	
VAL  set, ACC:	1.000	1.000	1.000	1.000	
VAL  set, SPE:	1.000	1.000	1.000	1.000	
[21-02-05 00:36:51-INFO] TEST_RECALL: 0.545, TIME: 51.8s
[21-02-05 00:36:51-DEBUG] 
TEST set, TITLE	CLS0	CLS1	CLS2	MEAN
TEST set, REC:	0.767	0.405	0.462	0.545	
TEST set, F1 :	0.747	0.395	0.516	0.553	
TEST set, AUC:	0.837	0.672	0.856	0.788	
TEST set, ACC:	0.734	0.645	0.826	0.735	
TEST set, SPE:	0.698	0.741	0.918	0.786	
[21-02-05 00:36:52-INFO] BEST_RECALL: 0.634, EPOCH:  24
[21-02-05 00:47:04-INFO] EPOCH: 49
[21-02-05 00:47:04-INFO] TRAIN_LOSS : 0.001, TIME: 612.0s
[21-02-05 00:47:56-INFO] VAL _RECALL: 1.000, TIME: 51.8s
[21-02-05 00:47:56-DEBUG] 
VAL  set, TITLE	CLS0	CLS1	CLS2	MEAN
VAL  set, REC:	1.000	1.000	1.000	1.000	
VAL  set, F1 :	1.000	1.000	1.000	1.000	
VAL  set, AUC:	1.000	1.000	1.000	1.000	
VAL  set, ACC:	1.000	1.000	1.000	1.000	
VAL  set, SPE:	1.000	1.000	1.000	1.000	
[21-02-05 00:48:48-INFO] TEST_RECALL: 0.548, TIME: 51.6s
[21-02-05 00:48:48-DEBUG] 
TEST set, TITLE	CLS0	CLS1	CLS2	MEAN
TEST set, REC:	0.805	0.378	0.462	0.548	
TEST set, F1 :	0.767	0.384	0.516	0.556	
TEST set, AUC:	0.839	0.676	0.855	0.790	
TEST set, ACC:	0.749	0.653	0.826	0.743	
TEST set, SPE:	0.690	0.762	0.918	0.790	
[21-02-05 00:48:49-INFO] BEST_RECALL: 0.634, EPOCH:  24
[21-02-05 00:59:01-INFO] EPOCH: 50
[21-02-05 00:59:01-INFO] TRAIN_LOSS : 0.001, TIME: 612.6s
[21-02-05 00:59:53-INFO] VAL _RECALL: 1.000, TIME: 51.6s
[21-02-05 00:59:53-DEBUG] 
VAL  set, TITLE	CLS0	CLS1	CLS2	MEAN
VAL  set, REC:	1.000	1.000	1.000	1.000	
VAL  set, F1 :	1.000	1.000	1.000	1.000	
VAL  set, AUC:	1.000	1.000	1.000	1.000	
VAL  set, ACC:	1.000	1.000	1.000	1.000	
VAL  set, SPE:	1.000	1.000	1.000	1.000	
[21-02-05 01:00:44-INFO] TEST_RECALL: 0.559, TIME: 51.5s
[21-02-05 01:00:44-DEBUG] 
TEST set, TITLE	CLS0	CLS1	CLS2	MEAN
TEST set, REC:	0.759	0.378	0.538	0.559	
TEST set, F1 :	0.748	0.386	0.544	0.559	
TEST set, AUC:	0.839	0.679	0.855	0.791	
TEST set, ACC:	0.737	0.656	0.819	0.737	
TEST set, SPE:	0.714	0.768	0.889	0.790	
[21-02-05 01:00:45-INFO] BEST_RECALL: 0.634, EPOCH:  24
[21-02-05 01:10:58-INFO] EPOCH: 51
[21-02-05 01:10:58-INFO] TRAIN_LOSS : 0.001, TIME: 613.0s
[21-02-05 01:11:50-INFO] VAL _RECALL: 1.000, TIME: 51.7s
[21-02-05 01:11:50-DEBUG] 
VAL  set, TITLE	CLS0	CLS1	CLS2	MEAN
VAL  set, REC:	1.000	1.000	1.000	1.000	
VAL  set, F1 :	1.000	1.000	1.000	1.000	
VAL  set, AUC:	1.000	1.000	1.000	1.000	
VAL  set, ACC:	1.000	1.000	1.000	1.000	
VAL  set, SPE:	1.000	1.000	1.000	1.000	
[21-02-05 01:12:42-INFO] TEST_RECALL: 0.565, TIME: 51.5s
[21-02-05 01:12:42-DEBUG] 
TEST set, TITLE	CLS0	CLS1	CLS2	MEAN
TEST set, REC:	0.827	0.311	0.558	0.565	
TEST set, F1 :	0.775	0.359	0.547	0.560	
TEST set, AUC:	0.846	0.681	0.861	0.796	
TEST set, ACC:	0.753	0.683	0.815	0.750	
TEST set, SPE:	0.675	0.832	0.879	0.795	
[21-02-05 01:12:43-INFO] BEST_RECALL: 0.634, EPOCH:  24
[21-02-05 01:22:55-INFO] EPOCH: 52
[21-02-05 01:22:55-INFO] TRAIN_LOSS : 0.001, TIME: 612.0s
[21-02-05 01:23:46-INFO] VAL _RECALL: 1.000, TIME: 51.7s
[21-02-05 01:23:46-DEBUG] 
VAL  set, TITLE	CLS0	CLS1	CLS2	MEAN
VAL  set, REC:	1.000	1.000	1.000	1.000	
VAL  set, F1 :	1.000	1.000	1.000	1.000	
VAL  set, AUC:	1.000	1.000	1.000	1.000	
VAL  set, ACC:	1.000	1.000	1.000	1.000	
VAL  set, SPE:	1.000	1.000	1.000	1.000	
[21-02-05 01:24:38-INFO] TEST_RECALL: 0.494, TIME: 51.7s
[21-02-05 01:24:38-DEBUG] 
TEST set, TITLE	CLS0	CLS1	CLS2	MEAN
TEST set, REC:	0.835	0.473	0.173	0.494	
TEST set, F1 :	0.766	0.429	0.277	0.491	
TEST set, AUC:	0.827	0.666	0.847	0.780	
TEST set, ACC:	0.737	0.641	0.819	0.732	
TEST set, SPE:	0.635	0.708	0.981	0.775	
[21-02-05 01:24:39-INFO] BEST_RECALL: 0.634, EPOCH:  24
[21-02-05 01:34:51-INFO] EPOCH: 53
[21-02-05 01:34:51-INFO] TRAIN_LOSS : 0.001, TIME: 612.5s
[21-02-05 01:35:43-INFO] VAL _RECALL: 1.000, TIME: 51.8s
[21-02-05 01:35:43-DEBUG] 
VAL  set, TITLE	CLS0	CLS1	CLS2	MEAN
VAL  set, REC:	1.000	1.000	1.000	1.000	
VAL  set, F1 :	1.000	1.000	1.000	1.000	
VAL  set, AUC:	1.000	1.000	1.000	1.000	
VAL  set, ACC:	1.000	1.000	1.000	1.000	
VAL  set, SPE:	1.000	1.000	1.000	1.000	
[21-02-05 01:36:35-INFO] TEST_RECALL: 0.555, TIME: 51.6s
[21-02-05 01:36:35-DEBUG] 
TEST set, TITLE	CLS0	CLS1	CLS2	MEAN
TEST set, REC:	0.782	0.365	0.519	0.555	
TEST set, F1 :	0.762	0.388	0.509	0.553	
TEST set, AUC:	0.834	0.656	0.841	0.777	
TEST set, ACC:	0.749	0.672	0.799	0.740	
TEST set, SPE:	0.714	0.795	0.870	0.793	
[21-02-05 01:36:36-INFO] BEST_RECALL: 0.634, EPOCH:  24
[21-02-05 01:46:49-INFO] EPOCH: 54
[21-02-05 01:46:49-INFO] TRAIN_LOSS : 0.001, TIME: 612.7s
[21-02-05 01:47:40-INFO] VAL _RECALL: 1.000, TIME: 51.6s
[21-02-05 01:47:40-DEBUG] 
VAL  set, TITLE	CLS0	CLS1	CLS2	MEAN
VAL  set, REC:	1.000	1.000	1.000	1.000	
VAL  set, F1 :	1.000	1.000	1.000	1.000	
VAL  set, AUC:	1.000	1.000	1.000	1.000	
VAL  set, ACC:	1.000	1.000	1.000	1.000	
VAL  set, SPE:	1.000	1.000	1.000	1.000	
[21-02-05 01:48:32-INFO] TEST_RECALL: 0.564, TIME: 51.6s
[21-02-05 01:48:32-DEBUG] 
TEST set, TITLE	CLS0	CLS1	CLS2	MEAN
TEST set, REC:	0.805	0.311	0.577	0.564	
TEST set, F1 :	0.762	0.365	0.541	0.556	
TEST set, AUC:	0.835	0.659	0.846	0.780	
TEST set, ACC:	0.741	0.691	0.803	0.745	
TEST set, SPE:	0.675	0.843	0.860	0.793	
[21-02-05 01:48:33-INFO] BEST_RECALL: 0.634, EPOCH:  24
[21-02-05 01:58:45-INFO] EPOCH: 55
[21-02-05 01:58:45-INFO] TRAIN_LOSS : 0.001, TIME: 612.3s
[21-02-05 01:59:37-INFO] VAL _RECALL: 1.000, TIME: 51.6s
[21-02-05 01:59:37-DEBUG] 
VAL  set, TITLE	CLS0	CLS1	CLS2	MEAN
VAL  set, REC:	1.000	1.000	1.000	1.000	
VAL  set, F1 :	1.000	1.000	1.000	1.000	
VAL  set, AUC:	1.000	1.000	1.000	1.000	
VAL  set, ACC:	1.000	1.000	1.000	1.000	
VAL  set, SPE:	1.000	1.000	1.000	1.000	
[21-02-05 02:00:29-INFO] TEST_RECALL: 0.548, TIME: 51.6s
[21-02-05 02:00:29-DEBUG] 
TEST set, TITLE	CLS0	CLS1	CLS2	MEAN
TEST set, REC:	0.789	0.432	0.423	0.548	
TEST set, F1 :	0.753	0.427	0.494	0.558	
TEST set, AUC:	0.832	0.667	0.849	0.782	
TEST set, ACC:	0.734	0.668	0.826	0.743	
TEST set, SPE:	0.675	0.762	0.928	0.788	
[21-02-05 02:00:30-INFO] BEST_RECALL: 0.634, EPOCH:  24
[21-02-05 02:10:42-INFO] EPOCH: 56
[21-02-05 02:10:42-INFO] TRAIN_LOSS : 0.000, TIME: 612.3s
[21-02-05 02:11:33-INFO] VAL _RECALL: 1.000, TIME: 51.6s
[21-02-05 02:11:33-DEBUG] 
VAL  set, TITLE	CLS0	CLS1	CLS2	MEAN
VAL  set, REC:	1.000	1.000	1.000	1.000	
VAL  set, F1 :	1.000	1.000	1.000	1.000	
VAL  set, AUC:	1.000	1.000	1.000	1.000	
VAL  set, ACC:	1.000	1.000	1.000	1.000	
VAL  set, SPE:	1.000	1.000	1.000	1.000	
[21-02-05 02:12:25-INFO] TEST_RECALL: 0.555, TIME: 51.8s
[21-02-05 02:12:25-DEBUG] 
TEST set, TITLE	CLS0	CLS1	CLS2	MEAN
TEST set, REC:	0.797	0.311	0.558	0.555	
TEST set, F1 :	0.757	0.357	0.532	0.549	
TEST set, AUC:	0.837	0.668	0.850	0.785	
TEST set, ACC:	0.737	0.680	0.803	0.740	
TEST set, SPE:	0.675	0.827	0.865	0.789	
[21-02-05 02:12:26-INFO] BEST_RECALL: 0.634, EPOCH:  24
[21-02-05 02:22:38-INFO] EPOCH: 57
[21-02-05 02:22:38-INFO] TRAIN_LOSS : 0.000, TIME: 612.1s
[21-02-05 02:23:30-INFO] VAL _RECALL: 1.000, TIME: 51.7s
[21-02-05 02:23:30-DEBUG] 
VAL  set, TITLE	CLS0	CLS1	CLS2	MEAN
VAL  set, REC:	1.000	1.000	1.000	1.000	
VAL  set, F1 :	1.000	1.000	1.000	1.000	
VAL  set, AUC:	1.000	1.000	1.000	1.000	
VAL  set, ACC:	1.000	1.000	1.000	1.000	
VAL  set, SPE:	1.000	1.000	1.000	1.000	
[21-02-05 02:24:21-INFO] TEST_RECALL: 0.541, TIME: 51.4s
[21-02-05 02:24:21-DEBUG] 
TEST set, TITLE	CLS0	CLS1	CLS2	MEAN
TEST set, REC:	0.782	0.378	0.462	0.541	
TEST set, F1 :	0.746	0.392	0.500	0.546	
TEST set, AUC:	0.831	0.669	0.856	0.785	
TEST set, ACC:	0.726	0.664	0.815	0.735	
TEST set, SPE:	0.667	0.778	0.903	0.783	
[21-02-05 02:24:23-INFO] BEST_RECALL: 0.634, EPOCH:  24
[21-02-05 02:34:35-INFO] EPOCH: 58
[21-02-05 02:34:35-INFO] TRAIN_LOSS : 0.000, TIME: 612.8s
[21-02-05 02:35:27-INFO] VAL _RECALL: 1.000, TIME: 51.9s
[21-02-05 02:35:27-DEBUG] 
VAL  set, TITLE	CLS0	CLS1	CLS2	MEAN
VAL  set, REC:	1.000	1.000	1.000	1.000	
VAL  set, F1 :	1.000	1.000	1.000	1.000	
VAL  set, AUC:	1.000	1.000	1.000	1.000	
VAL  set, ACC:	1.000	1.000	1.000	1.000	
VAL  set, SPE:	1.000	1.000	1.000	1.000	
[21-02-05 02:36:19-INFO] TEST_RECALL: 0.550, TIME: 51.7s
[21-02-05 02:36:19-DEBUG] 
TEST set, TITLE	CLS0	CLS1	CLS2	MEAN
TEST set, REC:	0.842	0.270	0.538	0.550	
TEST set, F1 :	0.767	0.333	0.528	0.543	
TEST set, AUC:	0.835	0.670	0.858	0.788	
TEST set, ACC:	0.737	0.691	0.807	0.745	
TEST set, SPE:	0.627	0.859	0.874	0.787	
[21-02-05 02:36:20-INFO] BEST_RECALL: 0.634, EPOCH:  24
[21-02-05 02:46:33-INFO] EPOCH: 59
[21-02-05 02:46:33-INFO] TRAIN_LOSS : 0.000, TIME: 612.7s
[21-02-05 02:47:24-INFO] VAL _RECALL: 1.000, TIME: 51.7s
[21-02-05 02:47:24-DEBUG] 
VAL  set, TITLE	CLS0	CLS1	CLS2	MEAN
VAL  set, REC:	1.000	1.000	1.000	1.000	
VAL  set, F1 :	1.000	1.000	1.000	1.000	
VAL  set, AUC:	1.000	1.000	1.000	1.000	
VAL  set, ACC:	1.000	1.000	1.000	1.000	
VAL  set, SPE:	1.000	1.000	1.000	1.000	
[21-02-05 02:48:16-INFO] TEST_RECALL: 0.565, TIME: 51.5s
[21-02-05 02:48:16-DEBUG] 
TEST set, TITLE	CLS0	CLS1	CLS2	MEAN
TEST set, REC:	0.797	0.284	0.615	0.565	
TEST set, F1 :	0.757	0.341	0.557	0.552	
TEST set, AUC:	0.838	0.673	0.853	0.788	
TEST set, ACC:	0.737	0.687	0.803	0.743	
TEST set, SPE:	0.675	0.849	0.850	0.791	
[21-02-05 02:48:17-INFO] BEST_RECALL: 0.634, EPOCH:  24
[21-02-05 02:58:29-INFO] EPOCH: 60
[21-02-05 02:58:29-INFO] TRAIN_LOSS : 0.000, TIME: 612.2s
[21-02-05 02:59:21-INFO] VAL _RECALL: 1.000, TIME: 51.8s
[21-02-05 02:59:21-DEBUG] 
VAL  set, TITLE	CLS0	CLS1	CLS2	MEAN
VAL  set, REC:	1.000	1.000	1.000	1.000	
VAL  set, F1 :	1.000	1.000	1.000	1.000	
VAL  set, AUC:	1.000	1.000	1.000	1.000	
VAL  set, ACC:	1.000	1.000	1.000	1.000	
VAL  set, SPE:	1.000	1.000	1.000	1.000	
[21-02-05 03:00:13-INFO] TEST_RECALL: 0.538, TIME: 51.8s
[21-02-05 03:00:13-DEBUG] 
TEST set, TITLE	CLS0	CLS1	CLS2	MEAN
TEST set, REC:	0.797	0.297	0.519	0.538	
TEST set, F1 :	0.754	0.338	0.505	0.533	
TEST set, AUC:	0.836	0.675	0.853	0.788	
TEST set, ACC:	0.734	0.668	0.795	0.732	
TEST set, SPE:	0.667	0.816	0.865	0.783	
[21-02-05 03:00:14-INFO] BEST_RECALL: 0.634, EPOCH:  24
[21-02-05 03:10:27-INFO] EPOCH: 61
[21-02-05 03:10:27-INFO] TRAIN_LOSS : 0.000, TIME: 613.0s
[21-02-05 03:11:18-INFO] VAL _RECALL: 1.000, TIME: 51.6s
[21-02-05 03:11:18-DEBUG] 
VAL  set, TITLE	CLS0	CLS1	CLS2	MEAN
VAL  set, REC:	1.000	1.000	1.000	1.000	
VAL  set, F1 :	1.000	1.000	1.000	1.000	
VAL  set, AUC:	1.000	1.000	1.000	1.000	
VAL  set, ACC:	1.000	1.000	1.000	1.000	
VAL  set, SPE:	1.000	1.000	1.000	1.000	
[21-02-05 03:12:10-INFO] TEST_RECALL: 0.552, TIME: 51.7s
[21-02-05 03:12:10-DEBUG] 
TEST set, TITLE	CLS0	CLS1	CLS2	MEAN
TEST set, REC:	0.789	0.405	0.462	0.552	
TEST set, F1 :	0.755	0.411	0.511	0.559	
TEST set, AUC:	0.835	0.672	0.852	0.786	
TEST set, ACC:	0.737	0.668	0.822	0.743	
TEST set, SPE:	0.683	0.773	0.913	0.790	
[21-02-05 03:12:11-INFO] BEST_RECALL: 0.634, EPOCH:  24
[21-02-05 03:22:24-INFO] EPOCH: 62
[21-02-05 03:22:24-INFO] TRAIN_LOSS : 0.000, TIME: 612.5s
[21-02-05 03:23:16-INFO] VAL _RECALL: 1.000, TIME: 51.8s
[21-02-05 03:23:16-DEBUG] 
VAL  set, TITLE	CLS0	CLS1	CLS2	MEAN
VAL  set, REC:	1.000	1.000	1.000	1.000	
VAL  set, F1 :	1.000	1.000	1.000	1.000	
VAL  set, AUC:	1.000	1.000	1.000	1.000	
VAL  set, ACC:	1.000	1.000	1.000	1.000	
VAL  set, SPE:	1.000	1.000	1.000	1.000	
[21-02-05 03:24:07-INFO] TEST_RECALL: 0.548, TIME: 51.4s
[21-02-05 03:24:07-DEBUG] 
TEST set, TITLE	CLS0	CLS1	CLS2	MEAN
TEST set, REC:	0.789	0.432	0.423	0.548	
TEST set, F1 :	0.755	0.410	0.524	0.563	
TEST set, AUC:	0.832	0.669	0.846	0.782	
TEST set, ACC:	0.737	0.645	0.846	0.743	
TEST set, SPE:	0.683	0.730	0.952	0.788	
[21-02-05 03:24:08-INFO] BEST_RECALL: 0.634, EPOCH:  24
[21-02-05 03:34:20-INFO] EPOCH: 63
[21-02-05 03:34:21-INFO] TRAIN_LOSS : 0.000, TIME: 612.6s
[21-02-05 03:35:12-INFO] VAL _RECALL: 1.000, TIME: 51.8s
[21-02-05 03:35:12-DEBUG] 
VAL  set, TITLE	CLS0	CLS1	CLS2	MEAN
VAL  set, REC:	1.000	1.000	1.000	1.000	
VAL  set, F1 :	1.000	1.000	1.000	1.000	
VAL  set, AUC:	1.000	1.000	1.000	1.000	
VAL  set, ACC:	1.000	1.000	1.000	1.000	
VAL  set, SPE:	1.000	1.000	1.000	1.000	
[21-02-05 03:36:04-INFO] TEST_RECALL: 0.552, TIME: 51.7s
[21-02-05 03:36:04-DEBUG] 
TEST set, TITLE	CLS0	CLS1	CLS2	MEAN
TEST set, REC:	0.774	0.324	0.558	0.552	
TEST set, F1 :	0.752	0.358	0.527	0.546	
TEST set, AUC:	0.841	0.680	0.851	0.791	
TEST set, ACC:	0.737	0.668	0.799	0.735	
TEST set, SPE:	0.698	0.805	0.860	0.788	
[21-02-05 03:36:05-INFO] BEST_RECALL: 0.634, EPOCH:  24
[21-02-05 03:46:18-INFO] EPOCH: 64
[21-02-05 03:46:18-INFO] TRAIN_LOSS : 0.000, TIME: 612.8s
[21-02-05 03:47:10-INFO] VAL _RECALL: 1.000, TIME: 51.6s
[21-02-05 03:47:10-DEBUG] 
VAL  set, TITLE	CLS0	CLS1	CLS2	MEAN
VAL  set, REC:	1.000	1.000	1.000	1.000	
VAL  set, F1 :	1.000	1.000	1.000	1.000	
VAL  set, AUC:	1.000	1.000	1.000	1.000	
VAL  set, ACC:	1.000	1.000	1.000	1.000	
VAL  set, SPE:	1.000	1.000	1.000	1.000	
[21-02-05 03:48:01-INFO] TEST_RECALL: 0.556, TIME: 51.4s
[21-02-05 03:48:01-DEBUG] 
TEST set, TITLE	CLS0	CLS1	CLS2	MEAN
TEST set, REC:	0.812	0.338	0.519	0.556	
TEST set, F1 :	0.769	0.373	0.524	0.555	
TEST set, AUC:	0.839	0.679	0.855	0.791	
TEST set, ACC:	0.749	0.676	0.811	0.745	
TEST set, SPE:	0.683	0.811	0.884	0.792	
[21-02-05 03:48:02-INFO] BEST_RECALL: 0.634, EPOCH:  24
[21-02-05 03:58:13-INFO] EPOCH: 65
[21-02-05 03:58:13-INFO] TRAIN_LOSS : 0.000, TIME: 611.5s
[21-02-05 03:59:05-INFO] VAL _RECALL: 1.000, TIME: 51.7s
[21-02-05 03:59:05-DEBUG] 
VAL  set, TITLE	CLS0	CLS1	CLS2	MEAN
VAL  set, REC:	1.000	1.000	1.000	1.000	
VAL  set, F1 :	1.000	1.000	1.000	1.000	
VAL  set, AUC:	1.000	1.000	1.000	1.000	
VAL  set, ACC:	1.000	1.000	1.000	1.000	
VAL  set, SPE:	1.000	1.000	1.000	1.000	
[21-02-05 03:59:57-INFO] TEST_RECALL: 0.563, TIME: 51.6s
[21-02-05 03:59:57-DEBUG] 
TEST set, TITLE	CLS0	CLS1	CLS2	MEAN
TEST set, REC:	0.812	0.378	0.500	0.563	
TEST set, F1 :	0.771	0.409	0.515	0.565	
TEST set, AUC:	0.841	0.681	0.852	0.792	
TEST set, ACC:	0.753	0.687	0.811	0.750	
TEST set, SPE:	0.690	0.811	0.889	0.797	
[21-02-05 03:59:58-INFO] BEST_RECALL: 0.634, EPOCH:  24
[21-02-05 04:10:10-INFO] EPOCH: 66
[21-02-05 04:10:10-INFO] TRAIN_LOSS : 0.000, TIME: 612.2s
[21-02-05 04:11:02-INFO] VAL _RECALL: 1.000, TIME: 51.7s
[21-02-05 04:11:02-DEBUG] 
VAL  set, TITLE	CLS0	CLS1	CLS2	MEAN
VAL  set, REC:	1.000	1.000	1.000	1.000	
VAL  set, F1 :	1.000	1.000	1.000	1.000	
VAL  set, AUC:	1.000	1.000	1.000	1.000	
VAL  set, ACC:	1.000	1.000	1.000	1.000	
VAL  set, SPE:	1.000	1.000	1.000	1.000	
[21-02-05 04:11:53-INFO] TEST_RECALL: 0.556, TIME: 51.3s
[21-02-05 04:11:53-DEBUG] 
TEST set, TITLE	CLS0	CLS1	CLS2	MEAN
TEST set, REC:	0.827	0.378	0.462	0.556	
TEST set, F1 :	0.772	0.400	0.516	0.563	
TEST set, AUC:	0.839	0.682	0.852	0.791	
TEST set, ACC:	0.749	0.676	0.826	0.750	
TEST set, SPE:	0.667	0.795	0.918	0.793	
[21-02-05 04:11:54-INFO] BEST_RECALL: 0.634, EPOCH:  24
[21-02-05 04:22:06-INFO] EPOCH: 67
[21-02-05 04:22:06-INFO] TRAIN_LOSS : 0.000, TIME: 611.7s
[21-02-05 04:22:57-INFO] VAL _RECALL: 1.000, TIME: 51.6s
[21-02-05 04:22:57-DEBUG] 
VAL  set, TITLE	CLS0	CLS1	CLS2	MEAN
VAL  set, REC:	1.000	1.000	1.000	1.000	
VAL  set, F1 :	1.000	1.000	1.000	1.000	
VAL  set, AUC:	1.000	1.000	1.000	1.000	
VAL  set, ACC:	1.000	1.000	1.000	1.000	
VAL  set, SPE:	1.000	1.000	1.000	1.000	
[21-02-05 04:23:49-INFO] TEST_RECALL: 0.593, TIME: 51.5s
[21-02-05 04:23:49-DEBUG] 
TEST set, TITLE	CLS0	CLS1	CLS2	MEAN
TEST set, REC:	0.835	0.176	0.769	0.593	
TEST set, F1 :	0.784	0.255	0.602	0.547	
TEST set, AUC:	0.840	0.682	0.859	0.794	
TEST set, ACC:	0.764	0.707	0.795	0.755	
TEST set, SPE:	0.690	0.919	0.802	0.804	
[21-02-05 04:23:50-INFO] BEST_RECALL: 0.634, EPOCH:  24
[21-02-05 04:34:02-INFO] EPOCH: 68
[21-02-05 04:34:02-INFO] TRAIN_LOSS : 0.000, TIME: 612.1s
[21-02-05 04:34:54-INFO] VAL _RECALL: 1.000, TIME: 51.6s
[21-02-05 04:34:54-DEBUG] 
VAL  set, TITLE	CLS0	CLS1	CLS2	MEAN
VAL  set, REC:	1.000	1.000	1.000	1.000	
VAL  set, F1 :	1.000	1.000	1.000	1.000	
VAL  set, AUC:	1.000	1.000	1.000	1.000	
VAL  set, ACC:	1.000	1.000	1.000	1.000	
VAL  set, SPE:	1.000	1.000	1.000	1.000	
[21-02-05 04:35:45-INFO] TEST_RECALL: 0.537, TIME: 51.5s
[21-02-05 04:35:45-DEBUG] 
TEST set, TITLE	CLS0	CLS1	CLS2	MEAN
TEST set, REC:	0.805	0.324	0.481	0.537	
TEST set, F1 :	0.756	0.353	0.505	0.538	
TEST set, AUC:	0.834	0.673	0.857	0.788	
TEST set, ACC:	0.734	0.660	0.811	0.735	
TEST set, SPE:	0.659	0.795	0.894	0.782	
[21-02-05 04:35:46-INFO] BEST_RECALL: 0.634, EPOCH:  24
[21-02-05 04:45:59-INFO] EPOCH: 69
[21-02-05 04:45:59-INFO] TRAIN_LOSS : 0.000, TIME: 612.7s
[21-02-05 04:46:50-INFO] VAL _RECALL: 1.000, TIME: 51.6s
[21-02-05 04:46:50-DEBUG] 
VAL  set, TITLE	CLS0	CLS1	CLS2	MEAN
VAL  set, REC:	1.000	1.000	1.000	1.000	
VAL  set, F1 :	1.000	1.000	1.000	1.000	
VAL  set, AUC:	1.000	1.000	1.000	1.000	
VAL  set, ACC:	1.000	1.000	1.000	1.000	
VAL  set, SPE:	1.000	1.000	1.000	1.000	
[21-02-05 04:47:42-INFO] TEST_RECALL: 0.535, TIME: 51.7s
[21-02-05 04:47:42-DEBUG] 
TEST set, TITLE	CLS0	CLS1	CLS2	MEAN
TEST set, REC:	0.812	0.351	0.442	0.535	
TEST set, F1 :	0.761	0.369	0.495	0.541	
TEST set, AUC:	0.835	0.671	0.855	0.787	
TEST set, ACC:	0.737	0.656	0.819	0.737	
TEST set, SPE:	0.659	0.778	0.913	0.783	
[21-02-05 04:47:43-INFO] BEST_RECALL: 0.634, EPOCH:  24
