[21-02-04 01:18:31-DEBUG] Checkpoints is in:
./results/checkpoints/20210204/3D_ResNet18-1-011830/
[21-02-04 01:18:31-DEBUG] Tensorboard is in:
./results/tensorboards/20210204/3D_ResNet18-1-011830/
[21-02-04 01:18:31-DEBUG] Data is in:
./data/Net_Input/3D_64_z1.0_l0.70_h0.10_20210125/
[21-02-04 01:18:31-DEBUG] LR: 3e-05, LD: 0.98
[21-02-04 01:18:31-DEBUG] WD: 1e-05, WU: 20
[21-02-04 01:18:31-DEBUG] BS: 4, FOLD: 1


[21-02-04 01:28:51-INFO] EPOCH: 1
[21-02-04 01:28:51-INFO] TRAIN_LOSS : 1.026, TIME: 612.8s
[21-02-04 01:29:43-INFO] VAL _RECALL: 0.381, TIME: 51.6s
[21-02-04 01:29:43-DEBUG] 
VAL  set, TITLE	CLS0	CLS1	CLS2	MEAN
VAL  set, REC:	0.992	0.027	0.125	0.381	
VAL  set, F1 :	0.694	0.052	0.189	0.312	
VAL  set, AUC:	0.715	0.600	0.735	0.683	
VAL  set, ACC:	0.565	0.719	0.769	0.685	
VAL  set, SPE:	0.145	1.000	0.946	0.697	
[21-02-04 01:30:34-INFO] TEST_RECALL: 0.414, TIME: 51.4s
[21-02-04 01:30:34-DEBUG] 
TEST set, TITLE	CLS0	CLS1	CLS2	MEAN
TEST set, REC:	0.985	0.018	0.239	0.414	
TEST set, F1 :	0.712	0.034	0.362	0.369	
TEST set, AUC:	0.730	0.576	0.737	0.681	
TEST set, ACC:	0.595	0.780	0.768	0.714	
TEST set, SPE:	0.189	0.990	0.968	0.716	
[21-02-04 01:30:35-INFO] BEST_RECALL: 0.414, EPOCH:   1
[21-02-04 01:40:47-INFO] EPOCH: 2
[21-02-04 01:40:47-INFO] TRAIN_LOSS : 0.982, TIME: 612.3s
[21-02-04 01:41:39-INFO] VAL _RECALL: 0.429, TIME: 51.7s
[21-02-04 01:41:39-DEBUG] 
VAL  set, TITLE	CLS0	CLS1	CLS2	MEAN
VAL  set, REC:	0.922	0.080	0.286	0.429	
VAL  set, F1 :	0.717	0.118	0.372	0.402	
VAL  set, AUC:	0.786	0.622	0.789	0.733	
VAL  set, ACC:	0.638	0.654	0.792	0.695	
VAL  set, SPE:	0.359	0.886	0.931	0.726	
[21-02-04 01:42:30-INFO] TEST_RECALL: 0.452, TIME: 51.4s
[21-02-04 01:42:30-DEBUG] 
TEST set, TITLE	CLS0	CLS1	CLS2	MEAN
TEST set, REC:	0.924	0.107	0.324	0.452	
TEST set, F1 :	0.739	0.146	0.434	0.440	
TEST set, AUC:	0.786	0.601	0.771	0.720	
TEST set, ACC:	0.668	0.730	0.768	0.722	
TEST set, SPE:	0.402	0.901	0.936	0.746	
[21-02-04 01:42:31-INFO] BEST_RECALL: 0.452, EPOCH:   2
[21-02-04 01:52:43-INFO] EPOCH: 3
[21-02-04 01:52:44-INFO] TRAIN_LOSS : 0.943, TIME: 612.3s
[21-02-04 01:53:35-INFO] VAL _RECALL: 0.333, TIME: 51.7s
[21-02-04 01:53:35-DEBUG] 
VAL  set, TITLE	CLS0	CLS1	CLS2	MEAN
VAL  set, REC:	1.000	0.000	0.000	0.333	
VAL  set, F1 :	0.663	0.000	0.000	0.221	
VAL  set, AUC:	0.849	0.625	0.852	0.775	
VAL  set, ACC:	0.496	0.712	0.785	0.664	
VAL  set, SPE:	0.000	1.000	1.000	0.667	
[21-02-04 01:54:27-INFO] TEST_RECALL: 0.333, TIME: 51.8s
[21-02-04 01:54:27-DEBUG] 
TEST set, TITLE	CLS0	CLS1	CLS2	MEAN
TEST set, REC:	1.000	0.000	0.000	0.333	
TEST set, F1 :	0.675	0.000	0.000	0.225	
TEST set, AUC:	0.823	0.590	0.790	0.734	
TEST set, ACC:	0.510	0.784	0.726	0.673	
TEST set, SPE:	0.000	1.000	1.000	0.667	
[21-02-04 01:54:27-INFO] BEST_RECALL: 0.452, EPOCH:   2
[21-02-04 02:04:40-INFO] EPOCH: 4
[21-02-04 02:04:41-INFO] TRAIN_LOSS : 0.875, TIME: 613.5s
[21-02-04 02:05:32-INFO] VAL _RECALL: 0.369, TIME: 51.6s
[21-02-04 02:05:32-DEBUG] 
VAL  set, TITLE	CLS0	CLS1	CLS2	MEAN
VAL  set, REC:	1.000	0.000	0.107	0.369	
VAL  set, F1 :	0.675	0.000	0.194	0.290	
VAL  set, AUC:	0.857	0.639	0.889	0.795	
VAL  set, ACC:	0.523	0.708	0.808	0.679	
VAL  set, SPE:	0.053	0.995	1.000	0.683	
[21-02-04 02:06:24-INFO] TEST_RECALL: 0.362, TIME: 51.7s
[21-02-04 02:06:24-DEBUG] 
TEST set, TITLE	CLS0	CLS1	CLS2	MEAN
TEST set, REC:	1.000	0.000	0.085	0.362	
TEST set, F1 :	0.688	0.000	0.156	0.281	
TEST set, AUC:	0.804	0.566	0.839	0.736	
TEST set, ACC:	0.537	0.780	0.749	0.689	
TEST set, SPE:	0.055	0.995	1.000	0.683	
[21-02-04 02:06:24-INFO] BEST_RECALL: 0.452, EPOCH:   2
[21-02-04 02:16:37-INFO] EPOCH: 5
[21-02-04 02:16:37-INFO] TRAIN_LOSS : 0.845, TIME: 613.0s
[21-02-04 02:17:28-INFO] VAL _RECALL: 0.450, TIME: 51.5s
[21-02-04 02:17:28-DEBUG] 
VAL  set, TITLE	CLS0	CLS1	CLS2	MEAN
VAL  set, REC:	0.992	0.053	0.304	0.450	
VAL  set, F1 :	0.721	0.088	0.459	0.423	
VAL  set, AUC:	0.792	0.577	0.839	0.736	
VAL  set, ACC:	0.619	0.681	0.846	0.715	
VAL  set, SPE:	0.252	0.935	0.995	0.727	
[21-02-04 02:18:20-INFO] TEST_RECALL: 0.397, TIME: 51.6s
[21-02-04 02:18:20-DEBUG] 
TEST set, TITLE	CLS0	CLS1	CLS2	MEAN
TEST set, REC:	0.970	0.054	0.169	0.397	
TEST set, F1 :	0.731	0.075	0.273	0.360	
TEST set, AUC:	0.769	0.549	0.758	0.692	
TEST set, ACC:	0.637	0.714	0.753	0.701	
TEST set, SPE:	0.291	0.897	0.973	0.720	
[21-02-04 02:18:20-INFO] BEST_RECALL: 0.452, EPOCH:   2
[21-02-04 02:28:33-INFO] EPOCH: 6
[21-02-04 02:28:33-INFO] TRAIN_LOSS : 0.771, TIME: 613.0s
[21-02-04 02:29:25-INFO] VAL _RECALL: 0.576, TIME: 51.7s
[21-02-04 02:29:25-DEBUG] 
VAL  set, TITLE	CLS0	CLS1	CLS2	MEAN
VAL  set, REC:	0.953	0.507	0.268	0.576	
VAL  set, F1 :	0.842	0.487	0.417	0.582	
VAL  set, AUC:	0.944	0.760	0.967	0.890	
VAL  set, ACC:	0.823	0.692	0.838	0.785	
VAL  set, SPE:	0.695	0.768	0.995	0.819	
[21-02-04 02:30:16-INFO] TEST_RECALL: 0.484, TIME: 51.5s
[21-02-04 02:30:16-DEBUG] 
TEST set, TITLE	CLS0	CLS1	CLS2	MEAN
TEST set, REC:	0.894	0.446	0.113	0.484	
TEST set, F1 :	0.797	0.355	0.198	0.450	
TEST set, AUC:	0.849	0.633	0.851	0.778	
TEST set, ACC:	0.768	0.649	0.749	0.722	
TEST set, SPE:	0.638	0.704	0.989	0.777	
[21-02-04 02:30:18-INFO] BEST_RECALL: 0.484, EPOCH:   6
[21-02-04 02:40:30-INFO] EPOCH: 7
[21-02-04 02:40:30-INFO] TRAIN_LOSS : 0.732, TIME: 612.4s
[21-02-04 02:41:22-INFO] VAL _RECALL: 0.363, TIME: 51.7s
[21-02-04 02:41:22-DEBUG] 
VAL  set, TITLE	CLS0	CLS1	CLS2	MEAN
VAL  set, REC:	1.000	0.000	0.089	0.363	
VAL  set, F1 :	0.672	0.000	0.164	0.279	
VAL  set, AUC:	0.918	0.676	0.939	0.844	
VAL  set, ACC:	0.515	0.712	0.804	0.677	
VAL  set, SPE:	0.038	1.000	1.000	0.679	
[21-02-04 02:42:13-INFO] TEST_RECALL: 0.338, TIME: 51.3s
[21-02-04 02:42:13-DEBUG] 
TEST set, TITLE	CLS0	CLS1	CLS2	MEAN
TEST set, REC:	1.000	0.000	0.014	0.338	
TEST set, F1 :	0.677	0.000	0.028	0.235	
TEST set, AUC:	0.794	0.572	0.825	0.730	
TEST set, ACC:	0.514	0.784	0.730	0.676	
TEST set, SPE:	0.008	1.000	1.000	0.669	
[21-02-04 02:42:14-INFO] BEST_RECALL: 0.484, EPOCH:   6
[21-02-04 02:52:25-INFO] EPOCH: 8
[21-02-04 02:52:25-INFO] TRAIN_LOSS : 0.712, TIME: 611.5s
[21-02-04 02:53:17-INFO] VAL _RECALL: 0.738, TIME: 51.8s
[21-02-04 02:53:17-DEBUG] 
VAL  set, TITLE	CLS0	CLS1	CLS2	MEAN
VAL  set, REC:	0.535	0.787	0.893	0.738	
VAL  set, F1 :	0.693	0.596	0.813	0.701	
VAL  set, AUC:	0.963	0.812	0.963	0.912	
VAL  set, ACC:	0.765	0.692	0.912	0.790	
VAL  set, SPE:	0.992	0.654	0.917	0.854	
[21-02-04 02:54:09-INFO] TEST_RECALL: 0.519, TIME: 51.7s
[21-02-04 02:54:09-DEBUG] 
TEST set, TITLE	CLS0	CLS1	CLS2	MEAN
TEST set, REC:	0.341	0.554	0.662	0.519	
TEST set, F1 :	0.497	0.328	0.635	0.487	
TEST set, AUC:	0.878	0.552	0.873	0.767	
TEST set, ACC:	0.649	0.510	0.792	0.650	
TEST set, SPE:	0.969	0.498	0.840	0.769	
[21-02-04 02:54:11-INFO] BEST_RECALL: 0.519, EPOCH:   8
[21-02-04 03:04:24-INFO] EPOCH: 9
[21-02-04 03:04:24-INFO] TRAIN_LOSS : 0.671, TIME: 613.5s
[21-02-04 03:05:16-INFO] VAL _RECALL: 0.506, TIME: 51.8s
[21-02-04 03:05:16-DEBUG] 
VAL  set, TITLE	CLS0	CLS1	CLS2	MEAN
VAL  set, REC:	1.000	0.000	0.518	0.506	
VAL  set, F1 :	0.733	0.000	0.674	0.469	
VAL  set, AUC:	0.994	0.765	0.983	0.914	
VAL  set, ACC:	0.638	0.685	0.892	0.738	
VAL  set, SPE:	0.282	0.962	0.995	0.747	
[21-02-04 03:06:08-INFO] TEST_RECALL: 0.390, TIME: 51.6s
[21-02-04 03:06:08-DEBUG] 
TEST set, TITLE	CLS0	CLS1	CLS2	MEAN
TEST set, REC:	1.000	0.000	0.169	0.390	
TEST set, F1 :	0.704	0.000	0.286	0.330	
TEST set, AUC:	0.864	0.610	0.883	0.785	
TEST set, ACC:	0.571	0.772	0.768	0.704	
TEST set, SPE:	0.126	0.985	0.995	0.702	
[21-02-04 03:06:09-INFO] BEST_RECALL: 0.519, EPOCH:   8
[21-02-04 03:16:21-INFO] EPOCH: 10
[21-02-04 03:16:21-INFO] TRAIN_LOSS : 0.572, TIME: 612.5s
[21-02-04 03:17:13-INFO] VAL _RECALL: 0.606, TIME: 51.8s
[21-02-04 03:17:13-DEBUG] 
VAL  set, TITLE	CLS0	CLS1	CLS2	MEAN
VAL  set, REC:	1.000	0.013	0.804	0.606	
VAL  set, F1 :	0.770	0.026	0.826	0.541	
VAL  set, AUC:	0.985	0.861	0.985	0.944	
VAL  set, ACC:	0.704	0.715	0.927	0.782	
VAL  set, SPE:	0.412	1.000	0.961	0.791	
[21-02-04 03:18:05-INFO] TEST_RECALL: 0.439, TIME: 51.7s
[21-02-04 03:18:05-DEBUG] 
TEST set, TITLE	CLS0	CLS1	CLS2	MEAN
TEST set, REC:	0.992	0.000	0.324	0.439	
TEST set, F1 :	0.722	0.000	0.465	0.395	
TEST set, AUC:	0.840	0.637	0.844	0.774	
TEST set, ACC:	0.610	0.784	0.795	0.730	
TEST set, SPE:	0.213	1.000	0.973	0.729	
[21-02-04 03:18:06-INFO] BEST_RECALL: 0.519, EPOCH:   8
[21-02-04 03:28:19-INFO] EPOCH: 11
[21-02-04 03:28:19-INFO] TRAIN_LOSS : 0.618, TIME: 612.9s
[21-02-04 03:29:11-INFO] VAL _RECALL: 0.838, TIME: 51.8s
[21-02-04 03:29:11-DEBUG] 
VAL  set, TITLE	CLS0	CLS1	CLS2	MEAN
VAL  set, REC:	0.969	0.920	0.625	0.838	
VAL  set, F1 :	0.962	0.817	0.769	0.849	
VAL  set, AUC:	0.995	0.959	0.994	0.983	
VAL  set, ACC:	0.962	0.881	0.919	0.921	
VAL  set, SPE:	0.954	0.865	1.000	0.940	
[21-02-04 03:30:02-INFO] TEST_RECALL: 0.504, TIME: 51.7s
[21-02-04 03:30:02-DEBUG] 
TEST set, TITLE	CLS0	CLS1	CLS2	MEAN
TEST set, REC:	0.689	0.500	0.324	0.504	
TEST set, F1 :	0.717	0.346	0.451	0.504	
TEST set, AUC:	0.814	0.596	0.855	0.755	
TEST set, ACC:	0.722	0.591	0.784	0.699	
TEST set, SPE:	0.756	0.616	0.957	0.776	
[21-02-04 03:30:03-INFO] BEST_RECALL: 0.519, EPOCH:   8
[21-02-04 03:40:15-INFO] EPOCH: 12
[21-02-04 03:40:15-INFO] TRAIN_LOSS : 0.491, TIME: 612.0s
[21-02-04 03:41:07-INFO] VAL _RECALL: 0.586, TIME: 51.5s
[21-02-04 03:41:07-DEBUG] 
VAL  set, TITLE	CLS0	CLS1	CLS2	MEAN
VAL  set, REC:	0.744	0.013	1.000	0.586	
VAL  set, F1 :	0.838	0.026	0.521	0.462	
VAL  set, AUC:	0.958	0.886	0.965	0.936	
VAL  set, ACC:	0.858	0.715	0.604	0.726	
VAL  set, SPE:	0.969	1.000	0.495	0.822	
[21-02-04 03:41:58-INFO] TEST_RECALL: 0.451, TIME: 51.5s
[21-02-04 03:41:58-DEBUG] 
TEST set, TITLE	CLS0	CLS1	CLS2	MEAN
TEST set, REC:	0.409	0.000	0.944	0.451	
TEST set, F1 :	0.535	0.000	0.515	0.350	
TEST set, AUC:	0.786	0.557	0.806	0.716	
TEST set, ACC:	0.637	0.784	0.514	0.645	
TEST set, SPE:	0.874	1.000	0.351	0.742	
[21-02-04 03:41:59-INFO] BEST_RECALL: 0.519, EPOCH:   8
[21-02-04 03:52:12-INFO] EPOCH: 13
[21-02-04 03:52:12-INFO] TRAIN_LOSS : 0.478, TIME: 612.9s
[21-02-04 03:53:04-INFO] VAL _RECALL: 0.380, TIME: 51.7s
[21-02-04 03:53:04-DEBUG] 
VAL  set, TITLE	CLS0	CLS1	CLS2	MEAN
VAL  set, REC:	0.140	0.000	1.000	0.380	
VAL  set, F1 :	0.245	0.000	0.376	0.207	
VAL  set, AUC:	0.981	0.581	0.908	0.823	
VAL  set, ACC:	0.573	0.712	0.285	0.523	
VAL  set, SPE:	1.000	1.000	0.088	0.696	
[21-02-04 03:53:56-INFO] TEST_RECALL: 0.348, TIME: 51.5s
[21-02-04 03:53:56-DEBUG] 
TEST set, TITLE	CLS0	CLS1	CLS2	MEAN
TEST set, REC:	0.045	0.000	1.000	0.348	
TEST set, F1 :	0.087	0.000	0.438	0.175	
TEST set, AUC:	0.821	0.457	0.809	0.695	
TEST set, ACC:	0.514	0.784	0.297	0.532	
TEST set, SPE:	1.000	1.000	0.032	0.677	
[21-02-04 03:53:57-INFO] BEST_RECALL: 0.519, EPOCH:   8
[21-02-04 04:04:10-INFO] EPOCH: 14
[21-02-04 04:04:10-INFO] TRAIN_LOSS : 0.449, TIME: 613.3s
[21-02-04 04:05:02-INFO] VAL _RECALL: 0.707, TIME: 52.0s
[21-02-04 04:05:02-DEBUG] 
VAL  set, TITLE	CLS0	CLS1	CLS2	MEAN
VAL  set, REC:	0.682	0.440	1.000	0.707	
VAL  set, F1 :	0.811	0.482	0.675	0.656	
VAL  set, AUC:	0.998	0.725	0.989	0.904	
VAL  set, ACC:	0.842	0.727	0.792	0.787	
VAL  set, SPE:	1.000	0.843	0.735	0.860	
[21-02-04 04:05:53-INFO] TEST_RECALL: 0.498, TIME: 51.5s
[21-02-04 04:05:53-DEBUG] 
TEST set, TITLE	CLS0	CLS1	CLS2	MEAN
TEST set, REC:	0.311	0.268	0.915	0.498	
TEST set, F1 :	0.458	0.227	0.628	0.438	
TEST set, AUC:	0.864	0.485	0.866	0.738	
TEST set, ACC:	0.625	0.606	0.703	0.645	
TEST set, SPE:	0.953	0.700	0.622	0.758	
[21-02-04 04:05:54-INFO] BEST_RECALL: 0.519, EPOCH:   8
[21-02-04 04:15:55-INFO] EPOCH: 15
[21-02-04 04:15:55-INFO] TRAIN_LOSS : 0.364, TIME: 600.4s
[21-02-04 04:16:47-INFO] VAL _RECALL: 0.637, TIME: 51.6s
[21-02-04 04:16:47-DEBUG] 
VAL  set, TITLE	CLS0	CLS1	CLS2	MEAN
VAL  set, REC:	0.845	0.067	1.000	0.637	
VAL  set, F1 :	0.912	0.125	0.557	0.531	
VAL  set, AUC:	0.995	0.988	0.999	0.994	
VAL  set, ACC:	0.919	0.731	0.658	0.769	
VAL  set, SPE:	0.992	1.000	0.564	0.852	
[21-02-04 04:17:38-INFO] TEST_RECALL: 0.460, TIME: 51.5s
[21-02-04 04:17:38-DEBUG] 
TEST set, TITLE	CLS0	CLS1	CLS2	MEAN
TEST set, REC:	0.409	0.000	0.972	0.460	
TEST set, F1 :	0.548	0.000	0.523	0.357	
TEST set, AUC:	0.837	0.571	0.855	0.754	
TEST set, ACC:	0.656	0.780	0.514	0.650	
TEST set, SPE:	0.913	0.995	0.340	0.750	
[21-02-04 04:17:39-INFO] BEST_RECALL: 0.519, EPOCH:   8
[21-02-04 04:27:53-INFO] EPOCH: 16
[21-02-04 04:27:53-INFO] TRAIN_LOSS : 0.332, TIME: 613.8s
[21-02-04 04:28:45-INFO] VAL _RECALL: 0.852, TIME: 51.7s
[21-02-04 04:28:45-DEBUG] 
VAL  set, TITLE	CLS0	CLS1	CLS2	MEAN
VAL  set, REC:	0.729	0.827	1.000	0.852	
VAL  set, F1 :	0.843	0.761	0.836	0.813	
VAL  set, AUC:	0.999	0.927	0.998	0.975	
VAL  set, ACC:	0.865	0.850	0.915	0.877	
VAL  set, SPE:	1.000	0.859	0.892	0.917	
[21-02-04 04:29:36-INFO] TEST_RECALL: 0.498, TIME: 51.8s
[21-02-04 04:29:37-DEBUG] 
TEST set, TITLE	CLS0	CLS1	CLS2	MEAN
TEST set, REC:	0.242	0.393	0.859	0.498	
TEST set, F1 :	0.381	0.297	0.604	0.427	
TEST set, AUC:	0.810	0.518	0.829	0.719	
TEST set, ACC:	0.598	0.598	0.691	0.629	
TEST set, SPE:	0.969	0.655	0.628	0.750	
[21-02-04 04:29:38-INFO] BEST_RECALL: 0.519, EPOCH:   8
[21-02-04 04:39:51-INFO] EPOCH: 17
[21-02-04 04:39:51-INFO] TRAIN_LOSS : 0.317, TIME: 613.4s
[21-02-04 04:40:43-INFO] VAL _RECALL: 0.938, TIME: 51.6s
[21-02-04 04:40:43-DEBUG] 
VAL  set, TITLE	CLS0	CLS1	CLS2	MEAN
VAL  set, REC:	0.868	1.000	0.946	0.938	
VAL  set, F1 :	0.929	0.888	0.964	0.927	
VAL  set, AUC:	0.998	0.994	0.998	0.997	
VAL  set, ACC:	0.935	0.927	0.985	0.949	
VAL  set, SPE:	1.000	0.897	0.995	0.964	
[21-02-04 04:41:34-INFO] TEST_RECALL: 0.551, TIME: 51.7s
[21-02-04 04:41:34-DEBUG] 
TEST set, TITLE	CLS0	CLS1	CLS2	MEAN
TEST set, REC:	0.561	0.571	0.521	0.551	
TEST set, F1 :	0.655	0.374	0.612	0.547	
TEST set, AUC:	0.806	0.621	0.832	0.753	
TEST set, ACC:	0.699	0.587	0.819	0.701	
TEST set, SPE:	0.843	0.591	0.931	0.788	
[21-02-04 04:41:36-INFO] BEST_RECALL: 0.551, EPOCH:  17
[21-02-04 04:51:50-INFO] EPOCH: 18
[21-02-04 04:51:50-INFO] TRAIN_LOSS : 0.294, TIME: 614.2s
[21-02-04 04:52:42-INFO] VAL _RECALL: 0.893, TIME: 51.5s
[21-02-04 04:52:42-DEBUG] 
VAL  set, TITLE	CLS0	CLS1	CLS2	MEAN
VAL  set, REC:	1.000	0.680	1.000	0.893	
VAL  set, F1 :	0.959	0.810	0.896	0.888	
VAL  set, AUC:	1.000	1.000	1.000	1.000	
VAL  set, ACC:	0.958	0.908	0.950	0.938	
VAL  set, SPE:	0.916	1.000	0.936	0.951	
[21-02-04 04:53:34-INFO] TEST_RECALL: 0.523, TIME: 51.6s
[21-02-04 04:53:34-DEBUG] 
TEST set, TITLE	CLS0	CLS1	CLS2	MEAN
TEST set, REC:	0.932	0.018	0.620	0.523	
TEST set, F1 :	0.759	0.033	0.657	0.483	
TEST set, AUC:	0.800	0.605	0.855	0.753	
TEST set, ACC:	0.699	0.776	0.822	0.766	
TEST set, SPE:	0.457	0.985	0.899	0.780	
[21-02-04 04:53:35-INFO] BEST_RECALL: 0.551, EPOCH:  17
[21-02-04 05:03:49-INFO] EPOCH: 19
[21-02-04 05:03:49-INFO] TRAIN_LOSS : 0.313, TIME: 614.1s
[21-02-04 05:04:40-INFO] VAL _RECALL: 0.894, TIME: 51.7s
[21-02-04 05:04:40-DEBUG] 
VAL  set, TITLE	CLS0	CLS1	CLS2	MEAN
VAL  set, REC:	0.992	0.707	0.982	0.894	
VAL  set, F1 :	0.921	0.815	0.982	0.906	
VAL  set, AUC:	0.997	0.985	0.998	0.993	
VAL  set, ACC:	0.915	0.908	0.992	0.938	
VAL  set, SPE:	0.840	0.989	0.995	0.941	
[21-02-04 05:05:32-INFO] TEST_RECALL: 0.436, TIME: 51.7s
[21-02-04 05:05:32-DEBUG] 
TEST set, TITLE	CLS0	CLS1	CLS2	MEAN
TEST set, REC:	0.917	0.179	0.211	0.436	
TEST set, F1 :	0.725	0.215	0.330	0.423	
TEST set, AUC:	0.753	0.574	0.789	0.705	
TEST set, ACC:	0.645	0.718	0.764	0.709	
TEST set, SPE:	0.362	0.867	0.973	0.734	
[21-02-04 05:05:33-INFO] BEST_RECALL: 0.551, EPOCH:  17
[21-02-04 05:15:47-INFO] EPOCH: 20
[21-02-04 05:15:47-INFO] TRAIN_LOSS : 0.301, TIME: 613.7s
[21-02-04 05:16:39-INFO] VAL _RECALL: 0.678, TIME: 51.7s
[21-02-04 05:16:39-DEBUG] 
VAL  set, TITLE	CLS0	CLS1	CLS2	MEAN
VAL  set, REC:	1.000	0.160	0.875	0.678	
VAL  set, F1 :	0.801	0.276	0.883	0.653	
VAL  set, AUC:	0.998	0.985	0.993	0.992	
VAL  set, ACC:	0.754	0.758	0.950	0.821	
VAL  set, SPE:	0.511	1.000	0.971	0.827	
[21-02-04 05:17:30-INFO] TEST_RECALL: 0.493, TIME: 51.7s
[21-02-04 05:17:30-DEBUG] 
TEST set, TITLE	CLS0	CLS1	CLS2	MEAN
TEST set, REC:	1.000	0.000	0.479	0.493	
TEST set, F1 :	0.744	0.000	0.636	0.460	
TEST set, AUC:	0.826	0.593	0.877	0.765	
TEST set, ACC:	0.649	0.784	0.849	0.761	
TEST set, SPE:	0.283	1.000	0.989	0.758	
[21-02-04 05:17:31-INFO] BEST_RECALL: 0.551, EPOCH:  17
[21-02-04 05:27:44-INFO] EPOCH: 21
[21-02-04 05:27:44-INFO] TRAIN_LOSS : 0.148, TIME: 612.5s
[21-02-04 05:28:36-INFO] VAL _RECALL: 1.000, TIME: 51.9s
[21-02-04 05:28:36-DEBUG] 
VAL  set, TITLE	CLS0	CLS1	CLS2	MEAN
VAL  set, REC:	1.000	1.000	1.000	1.000	
VAL  set, F1 :	1.000	1.000	1.000	1.000	
VAL  set, AUC:	1.000	1.000	1.000	1.000	
VAL  set, ACC:	1.000	1.000	1.000	1.000	
VAL  set, SPE:	1.000	1.000	1.000	1.000	
[21-02-04 05:29:27-INFO] TEST_RECALL: 0.577, TIME: 51.6s
[21-02-04 05:29:27-DEBUG] 
TEST set, TITLE	CLS0	CLS1	CLS2	MEAN
TEST set, REC:	0.848	0.250	0.634	0.577	
TEST set, F1 :	0.765	0.318	0.657	0.580	
TEST set, AUC:	0.814	0.636	0.848	0.766	
TEST set, ACC:	0.734	0.768	0.819	0.773	
TEST set, SPE:	0.614	0.911	0.888	0.805	
[21-02-04 05:29:30-INFO] BEST_RECALL: 0.577, EPOCH:  21
[21-02-04 05:39:43-INFO] EPOCH: 22
[21-02-04 05:39:43-INFO] TRAIN_LOSS : 0.072, TIME: 613.4s
[21-02-04 05:40:35-INFO] VAL _RECALL: 0.968, TIME: 52.0s
[21-02-04 05:40:35-DEBUG] 
VAL  set, TITLE	CLS0	CLS1	CLS2	MEAN
VAL  set, REC:	0.922	1.000	0.982	0.968	
VAL  set, F1 :	0.960	0.932	0.991	0.961	
VAL  set, AUC:	1.000	1.000	1.000	1.000	
VAL  set, ACC:	0.962	0.958	0.996	0.972	
VAL  set, SPE:	1.000	0.941	1.000	0.980	
[21-02-04 05:41:27-INFO] TEST_RECALL: 0.445, TIME: 51.6s
[21-02-04 05:41:27-DEBUG] 
TEST set, TITLE	CLS0	CLS1	CLS2	MEAN
TEST set, REC:	0.356	0.768	0.211	0.445	
TEST set, F1 :	0.495	0.366	0.323	0.394	
TEST set, AUC:	0.766	0.602	0.825	0.731	
TEST set, ACC:	0.629	0.425	0.757	0.604	
TEST set, SPE:	0.913	0.330	0.963	0.735	
[21-02-04 05:41:28-INFO] BEST_RECALL: 0.577, EPOCH:  21
[21-02-04 05:51:40-INFO] EPOCH: 23
[21-02-04 05:51:41-INFO] TRAIN_LOSS : 0.084, TIME: 612.8s
[21-02-04 05:52:32-INFO] VAL _RECALL: 0.995, TIME: 51.6s
[21-02-04 05:52:32-DEBUG] 
VAL  set, TITLE	CLS0	CLS1	CLS2	MEAN
VAL  set, REC:	0.984	1.000	1.000	0.995	
VAL  set, F1 :	0.992	0.987	1.000	0.993	
VAL  set, AUC:	1.000	1.000	1.000	1.000	
VAL  set, ACC:	0.992	0.992	1.000	0.995	
VAL  set, SPE:	1.000	0.989	1.000	0.996	
[21-02-04 05:53:24-INFO] TEST_RECALL: 0.531, TIME: 51.9s
[21-02-04 05:53:24-DEBUG] 
TEST set, TITLE	CLS0	CLS1	CLS2	MEAN
TEST set, REC:	0.523	0.393	0.676	0.531	
TEST set, F1 :	0.624	0.314	0.611	0.517	
TEST set, AUC:	0.816	0.570	0.803	0.730	
TEST set, ACC:	0.680	0.629	0.764	0.691	
TEST set, SPE:	0.843	0.695	0.798	0.778	
[21-02-04 05:53:25-INFO] BEST_RECALL: 0.577, EPOCH:  21
[21-02-04 06:03:38-INFO] EPOCH: 24
[21-02-04 06:03:38-INFO] TRAIN_LOSS : 0.057, TIME: 613.1s
[21-02-04 06:04:30-INFO] VAL _RECALL: 1.000, TIME: 51.6s
[21-02-04 06:04:30-DEBUG] 
VAL  set, TITLE	CLS0	CLS1	CLS2	MEAN
VAL  set, REC:	1.000	1.000	1.000	1.000	
VAL  set, F1 :	1.000	1.000	1.000	1.000	
VAL  set, AUC:	1.000	1.000	1.000	1.000	
VAL  set, ACC:	1.000	1.000	1.000	1.000	
VAL  set, SPE:	1.000	1.000	1.000	1.000	
[21-02-04 06:05:22-INFO] TEST_RECALL: 0.594, TIME: 51.8s
[21-02-04 06:05:22-DEBUG] 
TEST set, TITLE	CLS0	CLS1	CLS2	MEAN
TEST set, REC:	0.765	0.286	0.732	0.594	
TEST set, F1 :	0.762	0.320	0.680	0.587	
TEST set, AUC:	0.838	0.630	0.857	0.775	
TEST set, ACC:	0.757	0.737	0.811	0.768	
TEST set, SPE:	0.748	0.862	0.840	0.817	
[21-02-04 06:05:24-INFO] BEST_RECALL: 0.594, EPOCH:  24
[21-02-04 06:15:35-INFO] EPOCH: 25
[21-02-04 06:15:35-INFO] TRAIN_LOSS : 0.042, TIME: 611.7s
[21-02-04 06:16:27-INFO] VAL _RECALL: 0.996, TIME: 51.9s
[21-02-04 06:16:27-DEBUG] 
VAL  set, TITLE	CLS0	CLS1	CLS2	MEAN
VAL  set, REC:	1.000	0.987	1.000	0.996	
VAL  set, F1 :	1.000	0.993	0.991	0.995	
VAL  set, AUC:	1.000	1.000	1.000	1.000	
VAL  set, ACC:	1.000	0.996	0.996	0.997	
VAL  set, SPE:	1.000	1.000	0.995	0.998	
[21-02-04 06:17:19-INFO] TEST_RECALL: 0.563, TIME: 51.7s
[21-02-04 06:17:19-DEBUG] 
TEST set, TITLE	CLS0	CLS1	CLS2	MEAN
TEST set, REC:	0.485	0.429	0.775	0.563	
TEST set, F1 :	0.610	0.340	0.659	0.536	
TEST set, AUC:	0.835	0.611	0.844	0.763	
TEST set, ACC:	0.683	0.641	0.780	0.701	
TEST set, SPE:	0.890	0.700	0.782	0.790	
[21-02-04 06:17:20-INFO] BEST_RECALL: 0.594, EPOCH:  24
[21-02-04 06:27:33-INFO] EPOCH: 26
[21-02-04 06:27:33-INFO] TRAIN_LOSS : 0.023, TIME: 612.6s
[21-02-04 06:28:24-INFO] VAL _RECALL: 1.000, TIME: 51.5s
[21-02-04 06:28:24-DEBUG] 
VAL  set, TITLE	CLS0	CLS1	CLS2	MEAN
VAL  set, REC:	1.000	1.000	1.000	1.000	
VAL  set, F1 :	1.000	1.000	1.000	1.000	
VAL  set, AUC:	1.000	1.000	1.000	1.000	
VAL  set, ACC:	1.000	1.000	1.000	1.000	
VAL  set, SPE:	1.000	1.000	1.000	1.000	
[21-02-04 06:29:16-INFO] TEST_RECALL: 0.590, TIME: 51.8s
[21-02-04 06:29:16-DEBUG] 
TEST set, TITLE	CLS0	CLS1	CLS2	MEAN
TEST set, REC:	0.856	0.196	0.718	0.590	
TEST set, F1 :	0.787	0.272	0.680	0.580	
TEST set, AUC:	0.834	0.618	0.866	0.773	
TEST set, ACC:	0.764	0.772	0.815	0.784	
TEST set, SPE:	0.669	0.931	0.851	0.817	
[21-02-04 06:29:17-INFO] BEST_RECALL: 0.594, EPOCH:  24
[21-02-04 06:39:30-INFO] EPOCH: 27
[21-02-04 06:39:30-INFO] TRAIN_LOSS : 0.030, TIME: 612.9s
[21-02-04 06:40:22-INFO] VAL _RECALL: 1.000, TIME: 51.8s
[21-02-04 06:40:22-DEBUG] 
VAL  set, TITLE	CLS0	CLS1	CLS2	MEAN
VAL  set, REC:	1.000	1.000	1.000	1.000	
VAL  set, F1 :	1.000	1.000	1.000	1.000	
VAL  set, AUC:	1.000	1.000	1.000	1.000	
VAL  set, ACC:	1.000	1.000	1.000	1.000	
VAL  set, SPE:	1.000	1.000	1.000	1.000	
[21-02-04 06:41:14-INFO] TEST_RECALL: 0.584, TIME: 51.7s
[21-02-04 06:41:14-DEBUG] 
TEST set, TITLE	CLS0	CLS1	CLS2	MEAN
TEST set, REC:	0.803	0.286	0.662	0.584	
TEST set, F1 :	0.760	0.344	0.644	0.583	
TEST set, AUC:	0.820	0.576	0.848	0.748	
TEST set, ACC:	0.741	0.764	0.799	0.768	
TEST set, SPE:	0.677	0.897	0.851	0.808	
[21-02-04 06:41:15-INFO] BEST_RECALL: 0.594, EPOCH:  24
[21-02-04 06:51:27-INFO] EPOCH: 28
[21-02-04 06:51:27-INFO] TRAIN_LOSS : 0.031, TIME: 612.7s
[21-02-04 06:52:19-INFO] VAL _RECALL: 1.000, TIME: 51.6s
[21-02-04 06:52:19-DEBUG] 
VAL  set, TITLE	CLS0	CLS1	CLS2	MEAN
VAL  set, REC:	1.000	1.000	1.000	1.000	
VAL  set, F1 :	1.000	1.000	1.000	1.000	
VAL  set, AUC:	1.000	1.000	1.000	1.000	
VAL  set, ACC:	1.000	1.000	1.000	1.000	
VAL  set, SPE:	1.000	1.000	1.000	1.000	
[21-02-04 06:53:11-INFO] TEST_RECALL: 0.564, TIME: 51.5s
[21-02-04 06:53:11-DEBUG] 
TEST set, TITLE	CLS0	CLS1	CLS2	MEAN
TEST set, REC:	0.727	0.304	0.662	0.564	
TEST set, F1 :	0.733	0.309	0.644	0.562	
TEST set, AUC:	0.814	0.594	0.849	0.752	
TEST set, ACC:	0.730	0.707	0.799	0.745	
TEST set, SPE:	0.732	0.818	0.851	0.800	
[21-02-04 06:53:12-INFO] BEST_RECALL: 0.594, EPOCH:  24
[21-02-04 07:03:25-INFO] EPOCH: 29
[21-02-04 07:03:25-INFO] TRAIN_LOSS : 0.027, TIME: 613.8s
[21-02-04 07:04:17-INFO] VAL _RECALL: 0.982, TIME: 51.8s
[21-02-04 07:04:17-DEBUG] 
VAL  set, TITLE	CLS0	CLS1	CLS2	MEAN
VAL  set, REC:	1.000	0.947	1.000	0.982	
VAL  set, F1 :	1.000	0.973	0.966	0.979	
VAL  set, AUC:	1.000	0.998	1.000	0.999	
VAL  set, ACC:	1.000	0.985	0.985	0.990	
VAL  set, SPE:	1.000	1.000	0.980	0.993	
[21-02-04 07:05:09-INFO] TEST_RECALL: 0.535, TIME: 51.6s
[21-02-04 07:05:09-DEBUG] 
TEST set, TITLE	CLS0	CLS1	CLS2	MEAN
TEST set, REC:	0.652	0.107	0.845	0.535	
TEST set, F1 :	0.711	0.140	0.632	0.494	
TEST set, AUC:	0.829	0.566	0.838	0.744	
TEST set, ACC:	0.730	0.714	0.730	0.725	
TEST set, SPE:	0.811	0.882	0.686	0.793	
[21-02-04 07:05:10-INFO] BEST_RECALL: 0.594, EPOCH:  24
[21-02-04 07:15:23-INFO] EPOCH: 30
[21-02-04 07:15:23-INFO] TRAIN_LOSS : 0.079, TIME: 613.1s
[21-02-04 07:16:15-INFO] VAL _RECALL: 0.992, TIME: 51.5s
[21-02-04 07:16:15-DEBUG] 
VAL  set, TITLE	CLS0	CLS1	CLS2	MEAN
VAL  set, REC:	0.977	1.000	1.000	0.992	
VAL  set, F1 :	0.988	0.980	1.000	0.990	
VAL  set, AUC:	1.000	1.000	1.000	1.000	
VAL  set, ACC:	0.988	0.988	1.000	0.992	
VAL  set, SPE:	1.000	0.984	1.000	0.995	
[21-02-04 07:17:06-INFO] TEST_RECALL: 0.529, TIME: 51.9s
[21-02-04 07:17:06-DEBUG] 
TEST set, TITLE	CLS0	CLS1	CLS2	MEAN
TEST set, REC:	0.538	0.500	0.549	0.529	
TEST set, F1 :	0.626	0.364	0.569	0.520	
TEST set, AUC:	0.791	0.630	0.786	0.736	
TEST set, ACC:	0.672	0.622	0.772	0.689	
TEST set, SPE:	0.811	0.655	0.856	0.774	
[21-02-04 07:17:07-INFO] BEST_RECALL: 0.594, EPOCH:  24
[21-02-04 07:27:20-INFO] EPOCH: 31
[21-02-04 07:27:20-INFO] TRAIN_LOSS : 0.054, TIME: 612.9s
[21-02-04 07:28:12-INFO] VAL _RECALL: 1.000, TIME: 52.0s
[21-02-04 07:28:12-DEBUG] 
VAL  set, TITLE	CLS0	CLS1	CLS2	MEAN
VAL  set, REC:	1.000	1.000	1.000	1.000	
VAL  set, F1 :	1.000	1.000	1.000	1.000	
VAL  set, AUC:	1.000	1.000	1.000	1.000	
VAL  set, ACC:	1.000	1.000	1.000	1.000	
VAL  set, SPE:	1.000	1.000	1.000	1.000	
[21-02-04 07:29:04-INFO] TEST_RECALL: 0.559, TIME: 51.4s
[21-02-04 07:29:04-DEBUG] 
TEST set, TITLE	CLS0	CLS1	CLS2	MEAN
TEST set, REC:	0.735	0.393	0.549	0.559	
TEST set, F1 :	0.738	0.352	0.600	0.563	
TEST set, AUC:	0.817	0.620	0.843	0.760	
TEST set, ACC:	0.734	0.687	0.799	0.740	
TEST set, SPE:	0.732	0.768	0.894	0.798	
[21-02-04 07:29:05-INFO] BEST_RECALL: 0.594, EPOCH:  24
[21-02-04 07:39:18-INFO] EPOCH: 32
[21-02-04 07:39:18-INFO] TRAIN_LOSS : 0.014, TIME: 612.7s
[21-02-04 07:40:09-INFO] VAL _RECALL: 1.000, TIME: 51.7s
[21-02-04 07:40:09-DEBUG] 
VAL  set, TITLE	CLS0	CLS1	CLS2	MEAN
VAL  set, REC:	1.000	1.000	1.000	1.000	
VAL  set, F1 :	1.000	1.000	1.000	1.000	
VAL  set, AUC:	1.000	1.000	1.000	1.000	
VAL  set, ACC:	1.000	1.000	1.000	1.000	
VAL  set, SPE:	1.000	1.000	1.000	1.000	
[21-02-04 07:41:01-INFO] TEST_RECALL: 0.574, TIME: 51.7s
[21-02-04 07:41:01-DEBUG] 
TEST set, TITLE	CLS0	CLS1	CLS2	MEAN
TEST set, REC:	0.803	0.286	0.634	0.574	
TEST set, F1 :	0.757	0.320	0.652	0.576	
TEST set, AUC:	0.824	0.616	0.855	0.765	
TEST set, ACC:	0.737	0.737	0.815	0.763	
TEST set, SPE:	0.669	0.862	0.883	0.805	
[21-02-04 07:41:02-INFO] BEST_RECALL: 0.594, EPOCH:  24
[21-02-04 07:51:15-INFO] EPOCH: 33
[21-02-04 07:51:15-INFO] TRAIN_LOSS : 0.009, TIME: 612.5s
[21-02-04 07:52:07-INFO] VAL _RECALL: 1.000, TIME: 52.1s
[21-02-04 07:52:07-DEBUG] 
VAL  set, TITLE	CLS0	CLS1	CLS2	MEAN
VAL  set, REC:	1.000	1.000	1.000	1.000	
VAL  set, F1 :	1.000	1.000	1.000	1.000	
VAL  set, AUC:	1.000	1.000	1.000	1.000	
VAL  set, ACC:	1.000	1.000	1.000	1.000	
VAL  set, SPE:	1.000	1.000	1.000	1.000	
[21-02-04 07:52:58-INFO] TEST_RECALL: 0.566, TIME: 51.6s
[21-02-04 07:52:58-DEBUG] 
TEST set, TITLE	CLS0	CLS1	CLS2	MEAN
TEST set, REC:	0.727	0.268	0.704	0.566	
TEST set, F1 :	0.730	0.283	0.671	0.561	
TEST set, AUC:	0.829	0.612	0.845	0.762	
TEST set, ACC:	0.726	0.707	0.811	0.748	
TEST set, SPE:	0.724	0.828	0.851	0.801	
[21-02-04 07:52:59-INFO] BEST_RECALL: 0.594, EPOCH:  24
[21-02-04 08:03:12-INFO] EPOCH: 34
[21-02-04 08:03:12-INFO] TRAIN_LOSS : 0.004, TIME: 612.6s
[21-02-04 08:04:04-INFO] VAL _RECALL: 1.000, TIME: 51.7s
[21-02-04 08:04:04-DEBUG] 
VAL  set, TITLE	CLS0	CLS1	CLS2	MEAN
VAL  set, REC:	1.000	1.000	1.000	1.000	
VAL  set, F1 :	1.000	1.000	1.000	1.000	
VAL  set, AUC:	1.000	1.000	1.000	1.000	
VAL  set, ACC:	1.000	1.000	1.000	1.000	
VAL  set, SPE:	1.000	1.000	1.000	1.000	
[21-02-04 08:04:55-INFO] TEST_RECALL: 0.588, TIME: 51.4s
[21-02-04 08:04:55-DEBUG] 
TEST set, TITLE	CLS0	CLS1	CLS2	MEAN
TEST set, REC:	0.705	0.411	0.648	0.588	
TEST set, F1 :	0.732	0.377	0.648	0.586	
TEST set, AUC:	0.820	0.634	0.844	0.766	
TEST set, ACC:	0.737	0.707	0.807	0.750	
TEST set, SPE:	0.772	0.788	0.867	0.809	
[21-02-04 08:04:56-INFO] BEST_RECALL: 0.594, EPOCH:  24
[21-02-04 08:15:09-INFO] EPOCH: 35
[21-02-04 08:15:09-INFO] TRAIN_LOSS : 0.007, TIME: 612.7s
[21-02-04 08:16:00-INFO] VAL _RECALL: 1.000, TIME: 51.5s
[21-02-04 08:16:00-DEBUG] 
VAL  set, TITLE	CLS0	CLS1	CLS2	MEAN
VAL  set, REC:	1.000	1.000	1.000	1.000	
VAL  set, F1 :	1.000	1.000	1.000	1.000	
VAL  set, AUC:	1.000	1.000	1.000	1.000	
VAL  set, ACC:	1.000	1.000	1.000	1.000	
VAL  set, SPE:	1.000	1.000	1.000	1.000	
[21-02-04 08:16:52-INFO] TEST_RECALL: 0.567, TIME: 51.4s
[21-02-04 08:16:52-DEBUG] 
TEST set, TITLE	CLS0	CLS1	CLS2	MEAN
TEST set, REC:	0.614	0.411	0.676	0.567	
TEST set, F1 :	0.686	0.341	0.653	0.560	
TEST set, AUC:	0.820	0.627	0.850	0.766	
TEST set, ACC:	0.714	0.656	0.803	0.725	
TEST set, SPE:	0.819	0.724	0.851	0.798	
[21-02-04 08:16:53-INFO] BEST_RECALL: 0.594, EPOCH:  24
[21-02-04 08:27:06-INFO] EPOCH: 36
[21-02-04 08:27:06-INFO] TRAIN_LOSS : 0.082, TIME: 612.7s
[21-02-04 08:27:57-INFO] VAL _RECALL: 0.866, TIME: 51.5s
[21-02-04 08:27:57-DEBUG] 
VAL  set, TITLE	CLS0	CLS1	CLS2	MEAN
VAL  set, REC:	0.612	0.987	1.000	0.866	
VAL  set, F1 :	0.760	0.759	0.957	0.825	
VAL  set, AUC:	1.000	0.996	1.000	0.999	
VAL  set, ACC:	0.808	0.819	0.981	0.869	
VAL  set, SPE:	1.000	0.751	0.975	0.909	
[21-02-04 08:28:49-INFO] TEST_RECALL: 0.474, TIME: 51.6s
[21-02-04 08:28:49-DEBUG] 
TEST set, TITLE	CLS0	CLS1	CLS2	MEAN
TEST set, REC:	0.129	0.714	0.577	0.474	
TEST set, F1 :	0.227	0.356	0.573	0.385	
TEST set, AUC:	0.767	0.553	0.797	0.706	
TEST set, ACC:	0.552	0.440	0.764	0.586	
TEST set, SPE:	0.992	0.365	0.835	0.731	
[21-02-04 08:28:50-INFO] BEST_RECALL: 0.594, EPOCH:  24
[21-02-04 08:39:02-INFO] EPOCH: 37
[21-02-04 08:39:02-INFO] TRAIN_LOSS : 0.032, TIME: 612.3s
[21-02-04 08:39:54-INFO] VAL _RECALL: 1.000, TIME: 51.7s
[21-02-04 08:39:54-DEBUG] 
VAL  set, TITLE	CLS0	CLS1	CLS2	MEAN
VAL  set, REC:	1.000	1.000	1.000	1.000	
VAL  set, F1 :	1.000	1.000	1.000	1.000	
VAL  set, AUC:	1.000	1.000	1.000	1.000	
VAL  set, ACC:	1.000	1.000	1.000	1.000	
VAL  set, SPE:	1.000	1.000	1.000	1.000	
[21-02-04 08:40:46-INFO] TEST_RECALL: 0.534, TIME: 51.7s
[21-02-04 08:40:46-DEBUG] 
TEST set, TITLE	CLS0	CLS1	CLS2	MEAN
TEST set, REC:	0.553	0.161	0.887	0.534	
TEST set, F1 :	0.655	0.200	0.615	0.490	
TEST set, AUC:	0.820	0.611	0.853	0.761	
TEST set, ACC:	0.703	0.722	0.695	0.707	
TEST set, SPE:	0.858	0.877	0.622	0.786	
[21-02-04 08:40:47-INFO] BEST_RECALL: 0.594, EPOCH:  24
[21-02-04 08:50:59-INFO] EPOCH: 38
[21-02-04 08:50:59-INFO] TRAIN_LOSS : 0.012, TIME: 612.5s
[21-02-04 08:51:51-INFO] VAL _RECALL: 1.000, TIME: 51.5s
[21-02-04 08:51:51-DEBUG] 
VAL  set, TITLE	CLS0	CLS1	CLS2	MEAN
VAL  set, REC:	1.000	1.000	1.000	1.000	
VAL  set, F1 :	1.000	1.000	1.000	1.000	
VAL  set, AUC:	1.000	1.000	1.000	1.000	
VAL  set, ACC:	1.000	1.000	1.000	1.000	
VAL  set, SPE:	1.000	1.000	1.000	1.000	
[21-02-04 08:52:43-INFO] TEST_RECALL: 0.571, TIME: 51.9s
[21-02-04 08:52:43-DEBUG] 
TEST set, TITLE	CLS0	CLS1	CLS2	MEAN
TEST set, REC:	0.811	0.339	0.563	0.571	
TEST set, F1 :	0.743	0.345	0.667	0.585	
TEST set, AUC:	0.814	0.648	0.876	0.779	
TEST set, ACC:	0.714	0.722	0.846	0.761	
TEST set, SPE:	0.614	0.828	0.952	0.798	
[21-02-04 08:52:44-INFO] BEST_RECALL: 0.594, EPOCH:  24
[21-02-04 09:02:57-INFO] EPOCH: 39
[21-02-04 09:02:57-INFO] TRAIN_LOSS : 0.026, TIME: 613.0s
[21-02-04 09:03:49-INFO] VAL _RECALL: 0.849, TIME: 51.8s
[21-02-04 09:03:49-DEBUG] 
VAL  set, TITLE	CLS0	CLS1	CLS2	MEAN
VAL  set, REC:	0.992	1.000	0.554	0.849	
VAL  set, F1 :	0.996	0.852	0.713	0.854	
VAL  set, AUC:	1.000	1.000	1.000	1.000	
VAL  set, ACC:	0.996	0.900	0.904	0.933	
VAL  set, SPE:	1.000	0.859	1.000	0.953	
[21-02-04 09:04:41-INFO] TEST_RECALL: 0.436, TIME: 52.0s
[21-02-04 09:04:41-DEBUG] 
TEST set, TITLE	CLS0	CLS1	CLS2	MEAN
TEST set, REC:	0.356	0.911	0.042	0.436	
TEST set, F1 :	0.511	0.398	0.077	0.329	
TEST set, AUC:	0.798	0.633	0.691	0.708	
TEST set, ACC:	0.653	0.405	0.722	0.593	
TEST set, SPE:	0.961	0.266	0.979	0.735	
[21-02-04 09:04:41-INFO] BEST_RECALL: 0.594, EPOCH:  24
[21-02-04 09:14:53-INFO] EPOCH: 40
[21-02-04 09:14:53-INFO] TRAIN_LOSS : 0.020, TIME: 611.3s
[21-02-04 09:15:45-INFO] VAL _RECALL: 1.000, TIME: 52.0s
[21-02-04 09:15:45-DEBUG] 
VAL  set, TITLE	CLS0	CLS1	CLS2	MEAN
VAL  set, REC:	1.000	1.000	1.000	1.000	
VAL  set, F1 :	1.000	1.000	1.000	1.000	
VAL  set, AUC:	1.000	1.000	1.000	1.000	
VAL  set, ACC:	1.000	1.000	1.000	1.000	
VAL  set, SPE:	1.000	1.000	1.000	1.000	
[21-02-04 09:16:37-INFO] TEST_RECALL: 0.599, TIME: 51.9s
[21-02-04 09:16:37-DEBUG] 
TEST set, TITLE	CLS0	CLS1	CLS2	MEAN
TEST set, REC:	0.742	0.393	0.662	0.599	
TEST set, F1 :	0.734	0.400	0.667	0.600	
TEST set, AUC:	0.828	0.667	0.861	0.785	
TEST set, ACC:	0.726	0.745	0.819	0.763	
TEST set, SPE:	0.709	0.842	0.878	0.810	
[21-02-04 09:16:39-INFO] BEST_RECALL: 0.599, EPOCH:  40
[21-02-04 09:26:51-INFO] EPOCH: 41
[21-02-04 09:26:51-INFO] TRAIN_LOSS : 0.005, TIME: 612.5s
[21-02-04 09:27:43-INFO] VAL _RECALL: 1.000, TIME: 51.5s
[21-02-04 09:27:43-DEBUG] 
VAL  set, TITLE	CLS0	CLS1	CLS2	MEAN
VAL  set, REC:	1.000	1.000	1.000	1.000	
VAL  set, F1 :	1.000	1.000	1.000	1.000	
VAL  set, AUC:	1.000	1.000	1.000	1.000	
VAL  set, ACC:	1.000	1.000	1.000	1.000	
VAL  set, SPE:	1.000	1.000	1.000	1.000	
[21-02-04 09:28:34-INFO] TEST_RECALL: 0.559, TIME: 51.4s
[21-02-04 09:28:34-DEBUG] 
TEST set, TITLE	CLS0	CLS1	CLS2	MEAN
TEST set, REC:	0.727	0.357	0.592	0.559	
TEST set, F1 :	0.727	0.333	0.627	0.562	
TEST set, AUC:	0.827	0.653	0.856	0.779	
TEST set, ACC:	0.722	0.691	0.807	0.740	
TEST set, SPE:	0.717	0.783	0.888	0.796	
[21-02-04 09:28:35-INFO] BEST_RECALL: 0.599, EPOCH:  40
[21-02-04 09:38:47-INFO] EPOCH: 42
[21-02-04 09:38:47-INFO] TRAIN_LOSS : 0.004, TIME: 612.2s
[21-02-04 09:39:39-INFO] VAL _RECALL: 1.000, TIME: 51.8s
[21-02-04 09:39:39-DEBUG] 
VAL  set, TITLE	CLS0	CLS1	CLS2	MEAN
VAL  set, REC:	1.000	1.000	1.000	1.000	
VAL  set, F1 :	1.000	1.000	1.000	1.000	
VAL  set, AUC:	1.000	1.000	1.000	1.000	
VAL  set, ACC:	1.000	1.000	1.000	1.000	
VAL  set, SPE:	1.000	1.000	1.000	1.000	
[21-02-04 09:40:31-INFO] TEST_RECALL: 0.583, TIME: 51.6s
[21-02-04 09:40:31-DEBUG] 
TEST set, TITLE	CLS0	CLS1	CLS2	MEAN
TEST set, REC:	0.773	0.214	0.761	0.583	
TEST set, F1 :	0.764	0.273	0.663	0.566	
TEST set, AUC:	0.842	0.629	0.865	0.779	
TEST set, ACC:	0.757	0.753	0.788	0.766	
TEST set, SPE:	0.740	0.901	0.798	0.813	
[21-02-04 09:40:32-INFO] BEST_RECALL: 0.599, EPOCH:  40
[21-02-04 09:50:45-INFO] EPOCH: 43
[21-02-04 09:50:45-INFO] TRAIN_LOSS : 0.002, TIME: 612.7s
[21-02-04 09:51:36-INFO] VAL _RECALL: 1.000, TIME: 51.8s
[21-02-04 09:51:36-DEBUG] 
VAL  set, TITLE	CLS0	CLS1	CLS2	MEAN
VAL  set, REC:	1.000	1.000	1.000	1.000	
VAL  set, F1 :	1.000	1.000	1.000	1.000	
VAL  set, AUC:	1.000	1.000	1.000	1.000	
VAL  set, ACC:	1.000	1.000	1.000	1.000	
VAL  set, SPE:	1.000	1.000	1.000	1.000	
[21-02-04 09:52:28-INFO] TEST_RECALL: 0.556, TIME: 51.6s
[21-02-04 09:52:28-DEBUG] 
TEST set, TITLE	CLS0	CLS1	CLS2	MEAN
TEST set, REC:	0.780	0.339	0.549	0.556	
TEST set, F1 :	0.755	0.309	0.639	0.568	
TEST set, AUC:	0.829	0.640	0.862	0.777	
TEST set, ACC:	0.741	0.672	0.830	0.748	
TEST set, SPE:	0.701	0.764	0.936	0.800	
[21-02-04 09:52:29-INFO] BEST_RECALL: 0.599, EPOCH:  40
[21-02-04 10:02:42-INFO] EPOCH: 44
[21-02-04 10:02:42-INFO] TRAIN_LOSS : 0.011, TIME: 612.6s
[21-02-04 10:03:34-INFO] VAL _RECALL: 1.000, TIME: 51.9s
[21-02-04 10:03:34-DEBUG] 
VAL  set, TITLE	CLS0	CLS1	CLS2	MEAN
VAL  set, REC:	1.000	1.000	1.000	1.000	
VAL  set, F1 :	1.000	1.000	1.000	1.000	
VAL  set, AUC:	1.000	1.000	1.000	1.000	
VAL  set, ACC:	1.000	1.000	1.000	1.000	
VAL  set, SPE:	1.000	1.000	1.000	1.000	
[21-02-04 10:04:25-INFO] TEST_RECALL: 0.520, TIME: 51.6s
[21-02-04 10:04:25-DEBUG] 
TEST set, TITLE	CLS0	CLS1	CLS2	MEAN
TEST set, REC:	0.803	0.321	0.437	0.520	
TEST set, F1 :	0.736	0.310	0.544	0.530	
TEST set, AUC:	0.809	0.630	0.853	0.764	
TEST set, ACC:	0.707	0.691	0.799	0.732	
TEST set, SPE:	0.606	0.793	0.936	0.779	
[21-02-04 10:04:26-INFO] BEST_RECALL: 0.599, EPOCH:  40
[21-02-04 10:14:39-INFO] EPOCH: 45
[21-02-04 10:14:39-INFO] TRAIN_LOSS : 0.005, TIME: 612.4s
[21-02-04 10:15:30-INFO] VAL _RECALL: 1.000, TIME: 51.6s
[21-02-04 10:15:30-DEBUG] 
VAL  set, TITLE	CLS0	CLS1	CLS2	MEAN
VAL  set, REC:	1.000	1.000	1.000	1.000	
VAL  set, F1 :	1.000	1.000	1.000	1.000	
VAL  set, AUC:	1.000	1.000	1.000	1.000	
VAL  set, ACC:	1.000	1.000	1.000	1.000	
VAL  set, SPE:	1.000	1.000	1.000	1.000	
[21-02-04 10:16:22-INFO] TEST_RECALL: 0.589, TIME: 51.6s
[21-02-04 10:16:22-DEBUG] 
TEST set, TITLE	CLS0	CLS1	CLS2	MEAN
TEST set, REC:	0.803	0.357	0.606	0.589	
TEST set, F1 :	0.768	0.377	0.632	0.593	
TEST set, AUC:	0.827	0.643	0.852	0.774	
TEST set, ACC:	0.753	0.745	0.807	0.768	
TEST set, SPE:	0.701	0.852	0.883	0.812	
[21-02-04 10:16:23-INFO] BEST_RECALL: 0.599, EPOCH:  40
[21-02-04 10:26:36-INFO] EPOCH: 46
[21-02-04 10:26:36-INFO] TRAIN_LOSS : 0.002, TIME: 612.7s
[21-02-04 10:27:27-INFO] VAL _RECALL: 1.000, TIME: 51.6s
[21-02-04 10:27:27-DEBUG] 
VAL  set, TITLE	CLS0	CLS1	CLS2	MEAN
VAL  set, REC:	1.000	1.000	1.000	1.000	
VAL  set, F1 :	1.000	1.000	1.000	1.000	
VAL  set, AUC:	1.000	1.000	1.000	1.000	
VAL  set, ACC:	1.000	1.000	1.000	1.000	
VAL  set, SPE:	1.000	1.000	1.000	1.000	
[21-02-04 10:28:19-INFO] TEST_RECALL: 0.570, TIME: 51.7s
[21-02-04 10:28:19-DEBUG] 
TEST set, TITLE	CLS0	CLS1	CLS2	MEAN
TEST set, REC:	0.780	0.339	0.592	0.570	
TEST set, F1 :	0.741	0.342	0.651	0.578	
TEST set, AUC:	0.825	0.644	0.864	0.778	
TEST set, ACC:	0.722	0.718	0.826	0.755	
TEST set, SPE:	0.661	0.823	0.915	0.800	
[21-02-04 10:28:20-INFO] BEST_RECALL: 0.599, EPOCH:  40
[21-02-04 10:38:32-INFO] EPOCH: 47
[21-02-04 10:38:32-INFO] TRAIN_LOSS : 0.001, TIME: 612.5s
[21-02-04 10:39:24-INFO] VAL _RECALL: 1.000, TIME: 51.6s
[21-02-04 10:39:24-DEBUG] 
VAL  set, TITLE	CLS0	CLS1	CLS2	MEAN
VAL  set, REC:	1.000	1.000	1.000	1.000	
VAL  set, F1 :	1.000	1.000	1.000	1.000	
VAL  set, AUC:	1.000	1.000	1.000	1.000	
VAL  set, ACC:	1.000	1.000	1.000	1.000	
VAL  set, SPE:	1.000	1.000	1.000	1.000	
[21-02-04 10:40:15-INFO] TEST_RECALL: 0.571, TIME: 51.5s
[21-02-04 10:40:15-DEBUG] 
TEST set, TITLE	CLS0	CLS1	CLS2	MEAN
TEST set, REC:	0.750	0.357	0.606	0.571	
TEST set, F1 :	0.742	0.351	0.628	0.573	
TEST set, AUC:	0.833	0.652	0.860	0.782	
TEST set, ACC:	0.734	0.714	0.803	0.750	
TEST set, SPE:	0.717	0.813	0.878	0.802	
[21-02-04 10:40:16-INFO] BEST_RECALL: 0.599, EPOCH:  40
[21-02-04 10:50:30-INFO] EPOCH: 48
[21-02-04 10:50:30-INFO] TRAIN_LOSS : 0.001, TIME: 613.3s
[21-02-04 10:51:22-INFO] VAL _RECALL: 1.000, TIME: 51.8s
[21-02-04 10:51:22-DEBUG] 
VAL  set, TITLE	CLS0	CLS1	CLS2	MEAN
VAL  set, REC:	1.000	1.000	1.000	1.000	
VAL  set, F1 :	1.000	1.000	1.000	1.000	
VAL  set, AUC:	1.000	1.000	1.000	1.000	
VAL  set, ACC:	1.000	1.000	1.000	1.000	
VAL  set, SPE:	1.000	1.000	1.000	1.000	
[21-02-04 10:52:13-INFO] TEST_RECALL: 0.578, TIME: 51.9s
[21-02-04 10:52:13-DEBUG] 
TEST set, TITLE	CLS0	CLS1	CLS2	MEAN
TEST set, REC:	0.750	0.321	0.662	0.578	
TEST set, F1 :	0.747	0.330	0.653	0.577	
TEST set, AUC:	0.829	0.648	0.861	0.779	
TEST set, ACC:	0.741	0.718	0.807	0.755	
TEST set, SPE:	0.732	0.828	0.862	0.807	
[21-02-04 10:52:14-INFO] BEST_RECALL: 0.599, EPOCH:  40
[21-02-04 11:02:27-INFO] EPOCH: 49
[21-02-04 11:02:27-INFO] TRAIN_LOSS : 0.001, TIME: 612.5s
[21-02-04 11:03:19-INFO] VAL _RECALL: 1.000, TIME: 52.0s
[21-02-04 11:03:19-DEBUG] 
VAL  set, TITLE	CLS0	CLS1	CLS2	MEAN
VAL  set, REC:	1.000	1.000	1.000	1.000	
VAL  set, F1 :	1.000	1.000	1.000	1.000	
VAL  set, AUC:	1.000	1.000	1.000	1.000	
VAL  set, ACC:	1.000	1.000	1.000	1.000	
VAL  set, SPE:	1.000	1.000	1.000	1.000	
[21-02-04 11:04:10-INFO] TEST_RECALL: 0.555, TIME: 51.5s
[21-02-04 11:04:10-DEBUG] 
TEST set, TITLE	CLS0	CLS1	CLS2	MEAN
TEST set, REC:	0.727	0.375	0.563	0.555	
TEST set, F1 :	0.733	0.333	0.615	0.561	
TEST set, AUC:	0.833	0.652	0.858	0.781	
TEST set, ACC:	0.730	0.676	0.807	0.737	
TEST set, SPE:	0.732	0.759	0.899	0.797	
[21-02-04 11:04:11-INFO] BEST_RECALL: 0.599, EPOCH:  40
[21-02-04 11:14:24-INFO] EPOCH: 50
[21-02-04 11:14:24-INFO] TRAIN_LOSS : 0.001, TIME: 612.4s
[21-02-04 11:15:15-INFO] VAL _RECALL: 1.000, TIME: 51.5s
[21-02-04 11:15:15-DEBUG] 
VAL  set, TITLE	CLS0	CLS1	CLS2	MEAN
VAL  set, REC:	1.000	1.000	1.000	1.000	
VAL  set, F1 :	1.000	1.000	1.000	1.000	
VAL  set, AUC:	1.000	1.000	1.000	1.000	
VAL  set, ACC:	1.000	1.000	1.000	1.000	
VAL  set, SPE:	1.000	1.000	1.000	1.000	
[21-02-04 11:16:07-INFO] TEST_RECALL: 0.563, TIME: 51.5s
[21-02-04 11:16:07-DEBUG] 
TEST set, TITLE	CLS0	CLS1	CLS2	MEAN
TEST set, REC:	0.720	0.393	0.577	0.563	
TEST set, F1 :	0.731	0.352	0.617	0.566	
TEST set, AUC:	0.829	0.649	0.854	0.777	
TEST set, ACC:	0.730	0.687	0.803	0.740	
TEST set, SPE:	0.740	0.768	0.888	0.799	
[21-02-04 11:16:08-INFO] BEST_RECALL: 0.599, EPOCH:  40
[21-02-04 11:26:21-INFO] EPOCH: 51
[21-02-04 11:26:21-INFO] TRAIN_LOSS : 0.001, TIME: 613.4s
[21-02-04 11:27:13-INFO] VAL _RECALL: 1.000, TIME: 51.8s
[21-02-04 11:27:13-DEBUG] 
VAL  set, TITLE	CLS0	CLS1	CLS2	MEAN
VAL  set, REC:	1.000	1.000	1.000	1.000	
VAL  set, F1 :	1.000	1.000	1.000	1.000	
VAL  set, AUC:	1.000	1.000	1.000	1.000	
VAL  set, ACC:	1.000	1.000	1.000	1.000	
VAL  set, SPE:	1.000	1.000	1.000	1.000	
[21-02-04 11:28:05-INFO] TEST_RECALL: 0.591, TIME: 51.5s
[21-02-04 11:28:05-DEBUG] 
TEST set, TITLE	CLS0	CLS1	CLS2	MEAN
TEST set, REC:	0.833	0.250	0.690	0.591	
TEST set, F1 :	0.783	0.318	0.658	0.586	
TEST set, AUC:	0.833	0.639	0.852	0.775	
TEST set, ACC:	0.764	0.768	0.803	0.779	
TEST set, SPE:	0.693	0.911	0.846	0.817	
[21-02-04 11:28:06-INFO] BEST_RECALL: 0.599, EPOCH:  40
[21-02-04 11:38:18-INFO] EPOCH: 52
[21-02-04 11:38:18-INFO] TRAIN_LOSS : 0.001, TIME: 612.2s
[21-02-04 11:39:09-INFO] VAL _RECALL: 1.000, TIME: 51.6s
[21-02-04 11:39:09-DEBUG] 
VAL  set, TITLE	CLS0	CLS1	CLS2	MEAN
VAL  set, REC:	1.000	1.000	1.000	1.000	
VAL  set, F1 :	1.000	1.000	1.000	1.000	
VAL  set, AUC:	1.000	1.000	1.000	1.000	
VAL  set, ACC:	1.000	1.000	1.000	1.000	
VAL  set, SPE:	1.000	1.000	1.000	1.000	
[21-02-04 11:40:01-INFO] TEST_RECALL: 0.547, TIME: 51.4s
[21-02-04 11:40:01-DEBUG] 
TEST set, TITLE	CLS0	CLS1	CLS2	MEAN
TEST set, REC:	0.614	0.661	0.366	0.547	
TEST set, F1 :	0.698	0.409	0.495	0.534	
TEST set, AUC:	0.811	0.649	0.829	0.763	
TEST set, ACC:	0.730	0.587	0.795	0.704	
TEST set, SPE:	0.850	0.567	0.957	0.791	
[21-02-04 11:40:02-INFO] BEST_RECALL: 0.599, EPOCH:  40
[21-02-04 11:50:14-INFO] EPOCH: 53
[21-02-04 11:50:14-INFO] TRAIN_LOSS : 0.002, TIME: 612.3s
[21-02-04 11:51:06-INFO] VAL _RECALL: 1.000, TIME: 51.6s
[21-02-04 11:51:06-DEBUG] 
VAL  set, TITLE	CLS0	CLS1	CLS2	MEAN
VAL  set, REC:	1.000	1.000	1.000	1.000	
VAL  set, F1 :	1.000	1.000	1.000	1.000	
VAL  set, AUC:	1.000	1.000	1.000	1.000	
VAL  set, ACC:	1.000	1.000	1.000	1.000	
VAL  set, SPE:	1.000	1.000	1.000	1.000	
[21-02-04 11:51:57-INFO] TEST_RECALL: 0.561, TIME: 51.4s
[21-02-04 11:51:57-DEBUG] 
TEST set, TITLE	CLS0	CLS1	CLS2	MEAN
TEST set, REC:	0.788	0.107	0.789	0.561	
TEST set, F1 :	0.773	0.160	0.644	0.526	
TEST set, AUC:	0.838	0.636	0.863	0.779	
TEST set, ACC:	0.764	0.757	0.761	0.761	
TEST set, SPE:	0.740	0.936	0.750	0.809	
[21-02-04 11:51:58-INFO] BEST_RECALL: 0.599, EPOCH:  40
[21-02-04 12:02:11-INFO] EPOCH: 54
[21-02-04 12:02:11-INFO] TRAIN_LOSS : 0.001, TIME: 612.7s
[21-02-04 12:03:03-INFO] VAL _RECALL: 1.000, TIME: 52.0s
[21-02-04 12:03:03-DEBUG] 
VAL  set, TITLE	CLS0	CLS1	CLS2	MEAN
VAL  set, REC:	1.000	1.000	1.000	1.000	
VAL  set, F1 :	1.000	1.000	1.000	1.000	
VAL  set, AUC:	1.000	1.000	1.000	1.000	
VAL  set, ACC:	1.000	1.000	1.000	1.000	
VAL  set, SPE:	1.000	1.000	1.000	1.000	
[21-02-04 12:03:55-INFO] TEST_RECALL: 0.572, TIME: 51.6s
[21-02-04 12:03:55-DEBUG] 
TEST set, TITLE	CLS0	CLS1	CLS2	MEAN
TEST set, REC:	0.742	0.411	0.563	0.572	
TEST set, F1 :	0.745	0.374	0.606	0.575	
TEST set, AUC:	0.830	0.654	0.851	0.778	
TEST set, ACC:	0.741	0.703	0.799	0.748	
TEST set, SPE:	0.740	0.783	0.888	0.804	
[21-02-04 12:03:56-INFO] BEST_RECALL: 0.599, EPOCH:  40
[21-02-04 12:14:09-INFO] EPOCH: 55
[21-02-04 12:14:09-INFO] TRAIN_LOSS : 0.000, TIME: 613.4s
[21-02-04 12:15:00-INFO] VAL _RECALL: 1.000, TIME: 51.5s
[21-02-04 12:15:00-DEBUG] 
VAL  set, TITLE	CLS0	CLS1	CLS2	MEAN
VAL  set, REC:	1.000	1.000	1.000	1.000	
VAL  set, F1 :	1.000	1.000	1.000	1.000	
VAL  set, AUC:	1.000	1.000	1.000	1.000	
VAL  set, ACC:	1.000	1.000	1.000	1.000	
VAL  set, SPE:	1.000	1.000	1.000	1.000	
[21-02-04 12:15:52-INFO] TEST_RECALL: 0.569, TIME: 51.6s
[21-02-04 12:15:52-DEBUG] 
TEST set, TITLE	CLS0	CLS1	CLS2	MEAN
TEST set, REC:	0.765	0.393	0.549	0.569	
TEST set, F1 :	0.751	0.361	0.614	0.575	
TEST set, AUC:	0.825	0.658	0.852	0.778	
TEST set, ACC:	0.741	0.699	0.811	0.750	
TEST set, SPE:	0.717	0.783	0.910	0.803	
[21-02-04 12:15:53-INFO] BEST_RECALL: 0.599, EPOCH:  40
[21-02-04 12:26:06-INFO] EPOCH: 56
[21-02-04 12:26:06-INFO] TRAIN_LOSS : 0.001, TIME: 612.9s
[21-02-04 12:26:58-INFO] VAL _RECALL: 1.000, TIME: 51.8s
[21-02-04 12:26:58-DEBUG] 
VAL  set, TITLE	CLS0	CLS1	CLS2	MEAN
VAL  set, REC:	1.000	1.000	1.000	1.000	
VAL  set, F1 :	1.000	1.000	1.000	1.000	
VAL  set, AUC:	1.000	1.000	1.000	1.000	
VAL  set, ACC:	1.000	1.000	1.000	1.000	
VAL  set, SPE:	1.000	1.000	1.000	1.000	
[21-02-04 12:27:50-INFO] TEST_RECALL: 0.576, TIME: 51.6s
[21-02-04 12:27:50-DEBUG] 
TEST set, TITLE	CLS0	CLS1	CLS2	MEAN
TEST set, REC:	0.682	0.482	0.563	0.576	
TEST set, F1 :	0.732	0.383	0.611	0.575	
TEST set, AUC:	0.818	0.654	0.843	0.772	
TEST set, ACC:	0.745	0.664	0.803	0.737	
TEST set, SPE:	0.811	0.714	0.894	0.806	
[21-02-04 12:27:51-INFO] BEST_RECALL: 0.599, EPOCH:  40
[21-02-04 12:38:03-INFO] EPOCH: 57
[21-02-04 12:38:03-INFO] TRAIN_LOSS : 0.000, TIME: 612.4s
[21-02-04 12:38:55-INFO] VAL _RECALL: 1.000, TIME: 51.9s
[21-02-04 12:38:55-DEBUG] 
VAL  set, TITLE	CLS0	CLS1	CLS2	MEAN
VAL  set, REC:	1.000	1.000	1.000	1.000	
VAL  set, F1 :	1.000	1.000	1.000	1.000	
VAL  set, AUC:	1.000	1.000	1.000	1.000	
VAL  set, ACC:	1.000	1.000	1.000	1.000	
VAL  set, SPE:	1.000	1.000	1.000	1.000	
[21-02-04 12:39:46-INFO] TEST_RECALL: 0.575, TIME: 51.4s
[21-02-04 12:39:46-DEBUG] 
TEST set, TITLE	CLS0	CLS1	CLS2	MEAN
TEST set, REC:	0.795	0.393	0.535	0.575	
TEST set, F1 :	0.764	0.370	0.613	0.582	
TEST set, AUC:	0.823	0.658	0.853	0.778	
TEST set, ACC:	0.749	0.710	0.815	0.758	
TEST set, SPE:	0.701	0.798	0.920	0.806	
[21-02-04 12:39:47-INFO] BEST_RECALL: 0.599, EPOCH:  40
[21-02-04 12:50:01-INFO] EPOCH: 58
[21-02-04 12:50:01-INFO] TRAIN_LOSS : 0.000, TIME: 613.6s
[21-02-04 12:50:53-INFO] VAL _RECALL: 1.000, TIME: 51.8s
[21-02-04 12:50:53-DEBUG] 
VAL  set, TITLE	CLS0	CLS1	CLS2	MEAN
VAL  set, REC:	1.000	1.000	1.000	1.000	
VAL  set, F1 :	1.000	1.000	1.000	1.000	
VAL  set, AUC:	1.000	1.000	1.000	1.000	
VAL  set, ACC:	1.000	1.000	1.000	1.000	
VAL  set, SPE:	1.000	1.000	1.000	1.000	
[21-02-04 12:51:45-INFO] TEST_RECALL: 0.575, TIME: 52.0s
[21-02-04 12:51:45-DEBUG] 
TEST set, TITLE	CLS0	CLS1	CLS2	MEAN
TEST set, REC:	0.788	0.304	0.634	0.575	
TEST set, F1 :	0.765	0.324	0.638	0.576	
TEST set, AUC:	0.829	0.652	0.851	0.777	
TEST set, ACC:	0.753	0.726	0.803	0.761	
TEST set, SPE:	0.717	0.842	0.867	0.809	
[21-02-04 12:51:46-INFO] BEST_RECALL: 0.599, EPOCH:  40
[21-02-04 13:01:58-INFO] EPOCH: 59
[21-02-04 13:01:58-INFO] TRAIN_LOSS : 0.000, TIME: 612.2s
[21-02-04 13:02:50-INFO] VAL _RECALL: 1.000, TIME: 51.6s
[21-02-04 13:02:50-DEBUG] 
VAL  set, TITLE	CLS0	CLS1	CLS2	MEAN
VAL  set, REC:	1.000	1.000	1.000	1.000	
VAL  set, F1 :	1.000	1.000	1.000	1.000	
VAL  set, AUC:	1.000	1.000	1.000	1.000	
VAL  set, ACC:	1.000	1.000	1.000	1.000	
VAL  set, SPE:	1.000	1.000	1.000	1.000	
[21-02-04 13:03:41-INFO] TEST_RECALL: 0.573, TIME: 51.4s
[21-02-04 13:03:41-DEBUG] 
TEST set, TITLE	CLS0	CLS1	CLS2	MEAN
TEST set, REC:	0.803	0.339	0.577	0.573	
TEST set, F1 :	0.771	0.349	0.612	0.577	
TEST set, AUC:	0.826	0.661	0.848	0.778	
TEST set, ACC:	0.757	0.726	0.799	0.761	
TEST set, SPE:	0.709	0.833	0.883	0.808	
[21-02-04 13:03:42-INFO] BEST_RECALL: 0.599, EPOCH:  40
[21-02-04 13:13:54-INFO] EPOCH: 60
[21-02-04 13:13:54-INFO] TRAIN_LOSS : 0.000, TIME: 612.5s
[21-02-04 13:14:47-INFO] VAL _RECALL: 1.000, TIME: 52.1s
[21-02-04 13:14:47-DEBUG] 
VAL  set, TITLE	CLS0	CLS1	CLS2	MEAN
VAL  set, REC:	1.000	1.000	1.000	1.000	
VAL  set, F1 :	1.000	1.000	1.000	1.000	
VAL  set, AUC:	1.000	1.000	1.000	1.000	
VAL  set, ACC:	1.000	1.000	1.000	1.000	
VAL  set, SPE:	1.000	1.000	1.000	1.000	
[21-02-04 13:15:38-INFO] TEST_RECALL: 0.578, TIME: 51.5s
[21-02-04 13:15:38-DEBUG] 
TEST set, TITLE	CLS0	CLS1	CLS2	MEAN
TEST set, REC:	0.758	0.357	0.620	0.578	
TEST set, F1 :	0.752	0.348	0.642	0.581	
TEST set, AUC:	0.828	0.652	0.842	0.774	
TEST set, ACC:	0.745	0.710	0.811	0.755	
TEST set, SPE:	0.732	0.808	0.883	0.808	
[21-02-04 13:15:39-INFO] BEST_RECALL: 0.599, EPOCH:  40
[21-02-04 13:25:51-INFO] EPOCH: 61
[21-02-04 13:25:51-INFO] TRAIN_LOSS : 0.000, TIME: 612.1s
[21-02-04 13:26:43-INFO] VAL _RECALL: 1.000, TIME: 51.9s
[21-02-04 13:26:43-DEBUG] 
VAL  set, TITLE	CLS0	CLS1	CLS2	MEAN
VAL  set, REC:	1.000	1.000	1.000	1.000	
VAL  set, F1 :	1.000	1.000	1.000	1.000	
VAL  set, AUC:	1.000	1.000	1.000	1.000	
VAL  set, ACC:	1.000	1.000	1.000	1.000	
VAL  set, SPE:	1.000	1.000	1.000	1.000	
[21-02-04 13:27:35-INFO] TEST_RECALL: 0.567, TIME: 51.6s
[21-02-04 13:27:35-DEBUG] 
TEST set, TITLE	CLS0	CLS1	CLS2	MEAN
TEST set, REC:	0.705	0.321	0.676	0.567	
TEST set, F1 :	0.732	0.316	0.640	0.563	
TEST set, AUC:	0.833	0.652	0.838	0.774	
TEST set, ACC:	0.737	0.699	0.792	0.743	
TEST set, SPE:	0.772	0.803	0.835	0.803	
[21-02-04 13:27:36-INFO] BEST_RECALL: 0.599, EPOCH:  40
[21-02-04 13:37:48-INFO] EPOCH: 62
[21-02-04 13:37:48-INFO] TRAIN_LOSS : 0.000, TIME: 612.5s
[21-02-04 13:38:40-INFO] VAL _RECALL: 1.000, TIME: 51.5s
[21-02-04 13:38:40-DEBUG] 
VAL  set, TITLE	CLS0	CLS1	CLS2	MEAN
VAL  set, REC:	1.000	1.000	1.000	1.000	
VAL  set, F1 :	1.000	1.000	1.000	1.000	
VAL  set, AUC:	1.000	1.000	1.000	1.000	
VAL  set, ACC:	1.000	1.000	1.000	1.000	
VAL  set, SPE:	1.000	1.000	1.000	1.000	
[21-02-04 13:39:31-INFO] TEST_RECALL: 0.562, TIME: 51.4s
[21-02-04 13:39:31-DEBUG] 
TEST set, TITLE	CLS0	CLS1	CLS2	MEAN
TEST set, REC:	0.758	0.393	0.535	0.562	
TEST set, F1 :	0.743	0.358	0.603	0.568	
TEST set, AUC:	0.821	0.654	0.842	0.773	
TEST set, ACC:	0.734	0.695	0.807	0.745	
TEST set, SPE:	0.709	0.778	0.910	0.799	
[21-02-04 13:39:32-INFO] BEST_RECALL: 0.599, EPOCH:  40
[21-02-04 13:49:44-INFO] EPOCH: 63
[21-02-04 13:49:44-INFO] TRAIN_LOSS : 0.000, TIME: 612.3s
[21-02-04 13:50:36-INFO] VAL _RECALL: 1.000, TIME: 51.7s
[21-02-04 13:50:36-DEBUG] 
VAL  set, TITLE	CLS0	CLS1	CLS2	MEAN
VAL  set, REC:	1.000	1.000	1.000	1.000	
VAL  set, F1 :	1.000	1.000	1.000	1.000	
VAL  set, AUC:	1.000	1.000	1.000	1.000	
VAL  set, ACC:	1.000	1.000	1.000	1.000	
VAL  set, SPE:	1.000	1.000	1.000	1.000	
[21-02-04 13:51:28-INFO] TEST_RECALL: 0.577, TIME: 51.6s
[21-02-04 13:51:28-DEBUG] 
TEST set, TITLE	CLS0	CLS1	CLS2	MEAN
TEST set, REC:	0.765	0.375	0.592	0.577	
TEST set, F1 :	0.754	0.365	0.622	0.580	
TEST set, AUC:	0.827	0.652	0.840	0.773	
TEST set, ACC:	0.745	0.718	0.803	0.755	
TEST set, SPE:	0.724	0.813	0.883	0.807	
[21-02-04 13:51:29-INFO] BEST_RECALL: 0.599, EPOCH:  40
[21-02-04 14:01:41-INFO] EPOCH: 64
[21-02-04 14:01:41-INFO] TRAIN_LOSS : 0.000, TIME: 612.3s
[21-02-04 14:02:33-INFO] VAL _RECALL: 1.000, TIME: 51.6s
[21-02-04 14:02:33-DEBUG] 
VAL  set, TITLE	CLS0	CLS1	CLS2	MEAN
VAL  set, REC:	1.000	1.000	1.000	1.000	
VAL  set, F1 :	1.000	1.000	1.000	1.000	
VAL  set, AUC:	1.000	1.000	1.000	1.000	
VAL  set, ACC:	1.000	1.000	1.000	1.000	
VAL  set, SPE:	1.000	1.000	1.000	1.000	
[21-02-04 14:03:24-INFO] TEST_RECALL: 0.564, TIME: 51.6s
[21-02-04 14:03:24-DEBUG] 
TEST set, TITLE	CLS0	CLS1	CLS2	MEAN
TEST set, REC:	0.765	0.393	0.535	0.564	
TEST set, F1 :	0.745	0.361	0.608	0.571	
TEST set, AUC:	0.822	0.652	0.842	0.772	
TEST set, ACC:	0.734	0.699	0.811	0.748	
TEST set, SPE:	0.701	0.783	0.915	0.800	
[21-02-04 14:03:25-INFO] BEST_RECALL: 0.599, EPOCH:  40
[21-02-04 14:13:37-INFO] EPOCH: 65
[21-02-04 14:13:37-INFO] TRAIN_LOSS : 0.000, TIME: 612.0s
[21-02-04 14:14:29-INFO] VAL _RECALL: 1.000, TIME: 51.7s
[21-02-04 14:14:29-DEBUG] 
VAL  set, TITLE	CLS0	CLS1	CLS2	MEAN
VAL  set, REC:	1.000	1.000	1.000	1.000	
VAL  set, F1 :	1.000	1.000	1.000	1.000	
VAL  set, AUC:	1.000	1.000	1.000	1.000	
VAL  set, ACC:	1.000	1.000	1.000	1.000	
VAL  set, SPE:	1.000	1.000	1.000	1.000	
[21-02-04 14:15:21-INFO] TEST_RECALL: 0.575, TIME: 51.7s
[21-02-04 14:15:21-DEBUG] 
TEST set, TITLE	CLS0	CLS1	CLS2	MEAN
TEST set, REC:	0.795	0.339	0.592	0.575	
TEST set, F1 :	0.766	0.352	0.618	0.579	
TEST set, AUC:	0.829	0.652	0.839	0.774	
TEST set, ACC:	0.753	0.730	0.799	0.761	
TEST set, SPE:	0.709	0.837	0.878	0.808	
[21-02-04 14:15:22-INFO] BEST_RECALL: 0.599, EPOCH:  40
[21-02-04 14:25:34-INFO] EPOCH: 66
[21-02-04 14:25:34-INFO] TRAIN_LOSS : 0.000, TIME: 612.5s
[21-02-04 14:26:26-INFO] VAL _RECALL: 1.000, TIME: 51.6s
[21-02-04 14:26:26-DEBUG] 
VAL  set, TITLE	CLS0	CLS1	CLS2	MEAN
VAL  set, REC:	1.000	1.000	1.000	1.000	
VAL  set, F1 :	1.000	1.000	1.000	1.000	
VAL  set, AUC:	1.000	1.000	1.000	1.000	
VAL  set, ACC:	1.000	1.000	1.000	1.000	
VAL  set, SPE:	1.000	1.000	1.000	1.000	
[21-02-04 14:27:17-INFO] TEST_RECALL: 0.573, TIME: 51.3s
[21-02-04 14:27:17-DEBUG] 
TEST set, TITLE	CLS0	CLS1	CLS2	MEAN
TEST set, REC:	0.765	0.375	0.577	0.573	
TEST set, F1 :	0.751	0.359	0.621	0.577	
TEST set, AUC:	0.832	0.657	0.842	0.777	
TEST set, ACC:	0.741	0.710	0.807	0.753	
TEST set, SPE:	0.717	0.803	0.894	0.804	
[21-02-04 14:27:18-INFO] BEST_RECALL: 0.599, EPOCH:  40
[21-02-04 14:37:31-INFO] EPOCH: 67
[21-02-04 14:37:31-INFO] TRAIN_LOSS : 0.000, TIME: 612.9s
[21-02-04 14:38:23-INFO] VAL _RECALL: 1.000, TIME: 51.9s
[21-02-04 14:38:23-DEBUG] 
VAL  set, TITLE	CLS0	CLS1	CLS2	MEAN
VAL  set, REC:	1.000	1.000	1.000	1.000	
VAL  set, F1 :	1.000	1.000	1.000	1.000	
VAL  set, AUC:	1.000	1.000	1.000	1.000	
VAL  set, ACC:	1.000	1.000	1.000	1.000	
VAL  set, SPE:	1.000	1.000	1.000	1.000	
[21-02-04 14:39:15-INFO] TEST_RECALL: 0.580, TIME: 51.6s
[21-02-04 14:39:15-DEBUG] 
TEST set, TITLE	CLS0	CLS1	CLS2	MEAN
TEST set, REC:	0.795	0.411	0.535	0.580	
TEST set, F1 :	0.766	0.390	0.603	0.586	
TEST set, AUC:	0.827	0.657	0.842	0.775	
TEST set, ACC:	0.753	0.722	0.807	0.761	
TEST set, SPE:	0.709	0.808	0.910	0.809	
[21-02-04 14:39:16-INFO] BEST_RECALL: 0.599, EPOCH:  40
[21-02-04 14:49:28-INFO] EPOCH: 68
[21-02-04 14:49:28-INFO] TRAIN_LOSS : 0.000, TIME: 612.3s
[21-02-04 14:50:20-INFO] VAL _RECALL: 1.000, TIME: 51.6s
[21-02-04 14:50:20-DEBUG] 
VAL  set, TITLE	CLS0	CLS1	CLS2	MEAN
VAL  set, REC:	1.000	1.000	1.000	1.000	
VAL  set, F1 :	1.000	1.000	1.000	1.000	
VAL  set, AUC:	1.000	1.000	1.000	1.000	
VAL  set, ACC:	1.000	1.000	1.000	1.000	
VAL  set, SPE:	1.000	1.000	1.000	1.000	
[21-02-04 14:51:12-INFO] TEST_RECALL: 0.580, TIME: 51.8s
[21-02-04 14:51:12-DEBUG] 
TEST set, TITLE	CLS0	CLS1	CLS2	MEAN
TEST set, REC:	0.811	0.393	0.535	0.580	
TEST set, F1 :	0.770	0.386	0.603	0.586	
TEST set, AUC:	0.827	0.657	0.845	0.776	
TEST set, ACC:	0.753	0.730	0.807	0.763	
TEST set, SPE:	0.693	0.823	0.910	0.808	
[21-02-04 14:51:13-INFO] BEST_RECALL: 0.599, EPOCH:  40
[21-02-04 15:01:25-INFO] EPOCH: 69
[21-02-04 15:01:25-INFO] TRAIN_LOSS : 0.000, TIME: 612.6s
[21-02-04 15:02:17-INFO] VAL _RECALL: 1.000, TIME: 52.0s
[21-02-04 15:02:17-DEBUG] 
VAL  set, TITLE	CLS0	CLS1	CLS2	MEAN
VAL  set, REC:	1.000	1.000	1.000	1.000	
VAL  set, F1 :	1.000	1.000	1.000	1.000	
VAL  set, AUC:	1.000	1.000	1.000	1.000	
VAL  set, ACC:	1.000	1.000	1.000	1.000	
VAL  set, SPE:	1.000	1.000	1.000	1.000	
[21-02-04 15:03:09-INFO] TEST_RECALL: 0.567, TIME: 51.6s
[21-02-04 15:03:09-DEBUG] 
TEST set, TITLE	CLS0	CLS1	CLS2	MEAN
TEST set, REC:	0.811	0.411	0.479	0.567	
TEST set, F1 :	0.759	0.387	0.581	0.576	
TEST set, AUC:	0.822	0.657	0.845	0.775	
TEST set, ACC:	0.737	0.718	0.811	0.755	
TEST set, SPE:	0.661	0.803	0.936	0.800	
[21-02-04 15:03:10-INFO] BEST_RECALL: 0.599, EPOCH:  40
