[21-01-31 21:16:04-DEBUG] Checkpoints is in:
./results/checkpoints/20210131/3D_ResNet10-0-211603/
[21-01-31 21:16:04-DEBUG] Tensorboard is in:
./results/tensorboards/20210131/3D_ResNet10-0-211603/
[21-01-31 21:16:04-DEBUG] Data is in:
./data/Net_Input/3D_64_z1.0_l0.70_h0.10_20210125/
[21-01-31 21:16:04-DEBUG] LR: 3e-05, LD: 0.98
[21-01-31 21:16:04-DEBUG] WD: 1e-05, WU: 20
[21-01-31 21:16:04-DEBUG] BS: 4, FOLD: 0


[21-01-31 21:22:43-INFO] EPOCH: 1
[21-01-31 21:22:43-INFO] TRAIN_LOSS : 1.041, TIME: 392.7s
[21-01-31 21:23:55-INFO] VAL _RECALL: 0.333, TIME: 71.9s
[21-01-31 21:23:55-DEBUG] 
VAL  set, TITLE	CLS0	CLS1	CLS2	MEAN
VAL  set, REC:	1.000	0.000	0.000	0.333	
VAL  set, F1 :	0.665	0.000	0.000	0.222	
VAL  set, AUC:	0.743	0.529	0.649	0.640	
VAL  set, ACC:	0.498	0.710	0.788	0.665	
VAL  set, SPE:	0.000	1.000	1.000	0.667	
[21-01-31 21:25:35-INFO] TEST_RECALL: 0.333, TIME: 100.2s
[21-01-31 21:25:35-DEBUG] 
TEST set, TITLE	CLS0	CLS1	CLS2	MEAN
TEST set, REC:	1.000	0.000	0.000	0.333	
TEST set, F1 :	0.680	0.000	0.000	0.227	
TEST set, AUC:	0.674	0.445	0.644	0.588	
TEST set, ACC:	0.515	0.723	0.792	0.677	
TEST set, SPE:	0.000	1.000	1.000	0.667	
[21-01-31 21:25:36-INFO] BEST_RECALL: 0.333, EPOCH:   1
[21-01-31 21:31:25-INFO] EPOCH: 2
[21-01-31 21:31:25-INFO] TRAIN_LOSS : 1.022, TIME: 349.1s
[21-01-31 21:32:10-INFO] VAL _RECALL: 0.339, TIME: 44.9s
[21-01-31 21:32:10-DEBUG] 
VAL  set, TITLE	CLS0	CLS1	CLS2	MEAN
VAL  set, REC:	1.000	0.000	0.018	0.339	
VAL  set, F1 :	0.667	0.000	0.036	0.234	
VAL  set, AUC:	0.748	0.589	0.771	0.703	
VAL  set, ACC:	0.502	0.710	0.792	0.668	
VAL  set, SPE:	0.008	1.000	1.000	0.669	
[21-01-31 21:33:46-INFO] TEST_RECALL: 0.333, TIME: 96.5s
[21-01-31 21:33:46-DEBUG] 
TEST set, TITLE	CLS0	CLS1	CLS2	MEAN
TEST set, REC:	1.000	0.000	0.000	0.333	
TEST set, F1 :	0.682	0.000	0.000	0.227	
TEST set, AUC:	0.702	0.549	0.713	0.655	
TEST set, ACC:	0.519	0.723	0.788	0.677	
TEST set, SPE:	0.008	1.000	0.995	0.668	
[21-01-31 21:33:46-INFO] BEST_RECALL: 0.333, EPOCH:   1
[21-01-31 21:39:18-INFO] EPOCH: 3
[21-01-31 21:39:18-INFO] TRAIN_LOSS : 0.986, TIME: 332.0s
[21-01-31 21:39:52-INFO] VAL _RECALL: 0.475, TIME: 33.6s
[21-01-31 21:39:52-DEBUG] 
VAL  set, TITLE	CLS0	CLS1	CLS2	MEAN
VAL  set, REC:	0.845	0.307	0.273	0.475	
VAL  set, F1 :	0.719	0.348	0.361	0.476	
VAL  set, AUC:	0.750	0.625	0.779	0.718	
VAL  set, ACC:	0.672	0.668	0.795	0.712	
VAL  set, SPE:	0.500	0.815	0.936	0.750	
[21-01-31 21:41:29-INFO] TEST_RECALL: 0.460, TIME: 96.8s
[21-01-31 21:41:29-DEBUG] 
TEST set, TITLE	CLS0	CLS1	CLS2	MEAN
TEST set, REC:	0.851	0.306	0.222	0.460	
TEST set, F1 :	0.724	0.349	0.304	0.459	
TEST set, AUC:	0.726	0.586	0.730	0.681	
TEST set, ACC:	0.665	0.685	0.788	0.713	
TEST set, SPE:	0.468	0.830	0.937	0.745	
[21-01-31 21:41:29-INFO] BEST_RECALL: 0.460, EPOCH:   3
[21-01-31 21:46:49-INFO] EPOCH: 4
[21-01-31 21:46:49-INFO] TRAIN_LOSS : 0.958, TIME: 320.4s
[21-01-31 21:47:19-INFO] VAL _RECALL: 0.511, TIME: 29.3s
[21-01-31 21:47:19-DEBUG] 
VAL  set, TITLE	CLS0	CLS1	CLS2	MEAN
VAL  set, REC:	0.752	0.000	0.782	0.511	
VAL  set, F1 :	0.700	0.000	0.518	0.406	
VAL  set, AUC:	0.763	0.628	0.787	0.726	
VAL  set, ACC:	0.680	0.710	0.691	0.694	
VAL  set, SPE:	0.608	1.000	0.667	0.758	
[21-01-31 21:48:56-INFO] TEST_RECALL: 0.494, TIME: 97.2s
[21-01-31 21:48:56-DEBUG] 
TEST set, TITLE	CLS0	CLS1	CLS2	MEAN
TEST set, REC:	0.761	0.000	0.722	0.494	
TEST set, F1 :	0.716	0.000	0.479	0.398	
TEST set, AUC:	0.755	0.558	0.741	0.685	
TEST set, ACC:	0.688	0.723	0.673	0.695	
TEST set, SPE:	0.611	1.000	0.660	0.757	
[21-01-31 21:48:56-INFO] BEST_RECALL: 0.494, EPOCH:   4
[21-01-31 21:54:09-INFO] EPOCH: 5
[21-01-31 21:54:09-INFO] TRAIN_LOSS : 0.937, TIME: 312.4s
[21-01-31 21:54:38-INFO] VAL _RECALL: 0.357, TIME: 29.7s
[21-01-31 21:54:38-DEBUG] 
VAL  set, TITLE	CLS0	CLS1	CLS2	MEAN
VAL  set, REC:	0.070	0.000	1.000	0.357	
VAL  set, F1 :	0.130	0.000	0.361	0.164	
VAL  set, AUC:	0.772	0.491	0.783	0.682	
VAL  set, ACC:	0.537	0.710	0.247	0.498	
VAL  set, SPE:	1.000	1.000	0.044	0.681	
[21-01-31 21:56:14-INFO] TEST_RECALL: 0.343, TIME: 95.2s
[21-01-31 21:56:14-DEBUG] 
TEST set, TITLE	CLS0	CLS1	CLS2	MEAN
TEST set, REC:	0.030	0.000	1.000	0.343	
TEST set, F1 :	0.058	0.000	0.348	0.135	
TEST set, AUC:	0.762	0.405	0.724	0.631	
TEST set, ACC:	0.500	0.723	0.223	0.482	
TEST set, SPE:	1.000	1.000	0.019	0.673	
[21-01-31 21:56:14-INFO] BEST_RECALL: 0.494, EPOCH:   4
[21-01-31 22:01:37-INFO] EPOCH: 6
[21-01-31 22:01:37-INFO] TRAIN_LOSS : 0.896, TIME: 323.4s
[21-01-31 22:02:10-INFO] VAL _RECALL: 0.557, TIME: 33.2s
[21-01-31 22:02:10-DEBUG] 
VAL  set, TITLE	CLS0	CLS1	CLS2	MEAN
VAL  set, REC:	0.798	0.147	0.727	0.557	
VAL  set, F1 :	0.738	0.222	0.571	0.511	
VAL  set, AUC:	0.810	0.641	0.849	0.767	
VAL  set, ACC:	0.718	0.703	0.768	0.730	
VAL  set, SPE:	0.638	0.929	0.779	0.782	
[21-01-31 22:03:45-INFO] TEST_RECALL: 0.552, TIME: 94.4s
[21-01-31 22:03:45-DEBUG] 
TEST set, TITLE	CLS0	CLS1	CLS2	MEAN
TEST set, REC:	0.799	0.153	0.704	0.552	
TEST set, F1 :	0.767	0.227	0.528	0.507	
TEST set, AUC:	0.795	0.553	0.792	0.713	
TEST set, ACC:	0.750	0.712	0.738	0.733	
TEST set, SPE:	0.698	0.926	0.748	0.791	
[21-01-31 22:03:45-INFO] BEST_RECALL: 0.552, EPOCH:   6
[21-01-31 22:09:05-INFO] EPOCH: 7
[21-01-31 22:09:05-INFO] TRAIN_LOSS : 0.871, TIME: 319.4s
[21-01-31 22:09:37-INFO] VAL _RECALL: 0.534, TIME: 32.8s
[21-01-31 22:09:37-DEBUG] 
VAL  set, TITLE	CLS0	CLS1	CLS2	MEAN
VAL  set, REC:	0.620	0.000	0.982	0.534	
VAL  set, F1 :	0.705	0.000	0.500	0.402	
VAL  set, AUC:	0.834	0.661	0.895	0.797	
VAL  set, ACC:	0.741	0.710	0.583	0.678	
VAL  set, SPE:	0.862	1.000	0.475	0.779	
[21-01-31 22:11:12-INFO] TEST_RECALL: 0.473, TIME: 94.3s
[21-01-31 22:11:12-DEBUG] 
TEST set, TITLE	CLS0	CLS1	CLS2	MEAN
TEST set, REC:	0.493	0.000	0.926	0.473	
TEST set, F1 :	0.608	0.000	0.433	0.347	
TEST set, AUC:	0.797	0.496	0.783	0.692	
TEST set, ACC:	0.673	0.723	0.496	0.631	
TEST set, SPE:	0.865	1.000	0.383	0.750	
[21-01-31 22:11:12-INFO] BEST_RECALL: 0.552, EPOCH:   6
[21-01-31 22:16:42-INFO] EPOCH: 8
[21-01-31 22:16:42-INFO] TRAIN_LOSS : 0.833, TIME: 330.2s
[21-01-31 22:17:21-INFO] VAL _RECALL: 0.625, TIME: 38.4s
[21-01-31 22:17:21-DEBUG] 
VAL  set, TITLE	CLS0	CLS1	CLS2	MEAN
VAL  set, REC:	0.860	0.107	0.909	0.625	
VAL  set, F1 :	0.804	0.180	0.654	0.546	
VAL  set, AUC:	0.878	0.720	0.920	0.839	
VAL  set, ACC:	0.792	0.718	0.795	0.768	
VAL  set, SPE:	0.723	0.967	0.765	0.818	
[21-01-31 22:18:55-INFO] TEST_RECALL: 0.571, TIME: 93.8s
[21-01-31 22:18:55-DEBUG] 
TEST set, TITLE	CLS0	CLS1	CLS2	MEAN
TEST set, REC:	0.881	0.056	0.778	0.571	
TEST set, F1 :	0.800	0.103	0.571	0.491	
TEST set, AUC:	0.838	0.559	0.806	0.734	
TEST set, ACC:	0.773	0.731	0.758	0.754	
TEST set, SPE:	0.659	0.989	0.752	0.800	
[21-01-31 22:18:56-INFO] BEST_RECALL: 0.571, EPOCH:   8
[21-01-31 22:24:22-INFO] EPOCH: 9
[21-01-31 22:24:22-INFO] TRAIN_LOSS : 0.797, TIME: 326.6s
