[21-02-03 00:47:06-DEBUG] Checkpoints is in:
./results/checkpoints/20210203/3D_ResNet18-0-004705/
[21-02-03 00:47:06-DEBUG] Tensorboard is in:
./results/tensorboards/20210203/3D_ResNet18-0-004705/
[21-02-03 00:47:06-DEBUG] Data is in:
./data/Net_Input/3D_64_z1.0_l0.70_h0.10_20210125/
[21-02-03 00:47:06-DEBUG] LR: 3e-05, LD: 0.98
[21-02-03 00:47:06-DEBUG] WD: 1e-05, WU: 20
[21-02-03 00:47:06-DEBUG] BS: 4, FOLD: 0


[21-02-03 00:57:22-INFO] EPOCH: 1
[21-02-03 00:57:22-INFO] TRAIN_LOSS : 1.028, TIME: 609.3s
[21-02-03 00:58:13-INFO] VAL _RECALL: 0.333, TIME: 51.4s
[21-02-03 00:58:13-DEBUG] 
VAL  set, TITLE	CLS0	CLS1	CLS2	MEAN
VAL  set, REC:	1.000	0.000	0.000	0.333	
VAL  set, F1 :	0.675	0.000	0.000	0.225	
VAL  set, AUC:	0.763	0.618	0.752	0.711	
VAL  set, ACC:	0.510	0.784	0.726	0.673	
VAL  set, SPE:	0.000	1.000	1.000	0.667	
[21-02-03 00:59:05-INFO] TEST_RECALL: 0.333, TIME: 51.7s
[21-02-03 00:59:05-DEBUG] 
TEST set, TITLE	CLS0	CLS1	CLS2	MEAN
TEST set, REC:	1.000	0.000	0.000	0.333	
TEST set, F1 :	0.663	0.000	0.000	0.221	
TEST set, AUC:	0.731	0.574	0.760	0.688	
TEST set, ACC:	0.496	0.712	0.785	0.664	
TEST set, SPE:	0.000	1.000	1.000	0.667	
[21-02-03 00:59:05-INFO] BEST_RECALL: 0.333, EPOCH:   1
[21-02-03 01:09:10-INFO] EPOCH: 2
[21-02-03 01:09:10-INFO] TRAIN_LOSS : 0.978, TIME: 604.8s
[21-02-03 01:10:02-INFO] VAL _RECALL: 0.436, TIME: 52.2s
[21-02-03 01:10:02-DEBUG] 
VAL  set, TITLE	CLS0	CLS1	CLS2	MEAN
VAL  set, REC:	0.985	0.000	0.324	0.436	
VAL  set, F1 :	0.730	0.000	0.434	0.388	
VAL  set, AUC:	0.791	0.587	0.802	0.727	
VAL  set, ACC:	0.629	0.784	0.768	0.727	
VAL  set, SPE:	0.260	1.000	0.936	0.732	
[21-02-03 01:10:54-INFO] TEST_RECALL: 0.434, TIME: 51.6s
[21-02-03 01:10:54-DEBUG] 
TEST set, TITLE	CLS0	CLS1	CLS2	MEAN
TEST set, REC:	0.984	0.013	0.304	0.434	
TEST set, F1 :	0.711	0.026	0.395	0.378	
TEST set, AUC:	0.758	0.555	0.808	0.707	
TEST set, ACC:	0.604	0.712	0.800	0.705	
TEST set, SPE:	0.229	0.995	0.936	0.720	
[21-02-03 01:10:55-INFO] BEST_RECALL: 0.434, EPOCH:   2
[21-02-03 01:21:05-INFO] EPOCH: 3
[21-02-03 01:21:05-INFO] TRAIN_LOSS : 0.912, TIME: 609.8s
[21-02-03 01:21:56-INFO] VAL _RECALL: 0.496, TIME: 51.4s
[21-02-03 01:21:56-DEBUG] 
VAL  set, TITLE	CLS0	CLS1	CLS2	MEAN
VAL  set, REC:	0.545	0.000	0.944	0.496	
VAL  set, F1 :	0.640	0.000	0.570	0.403	
VAL  set, AUC:	0.815	0.500	0.830	0.715	
VAL  set, ACC:	0.687	0.776	0.610	0.691	
VAL  set, SPE:	0.835	0.990	0.484	0.770	
[21-02-03 01:22:48-INFO] TEST_RECALL: 0.461, TIME: 51.6s
[21-02-03 01:22:48-DEBUG] 
TEST set, TITLE	CLS0	CLS1	CLS2	MEAN
TEST set, REC:	0.512	0.013	0.857	0.461	
TEST set, F1 :	0.592	0.024	0.447	0.354	
TEST set, AUC:	0.765	0.483	0.763	0.670	
TEST set, ACC:	0.650	0.692	0.542	0.628	
TEST set, SPE:	0.786	0.968	0.456	0.737	
[21-02-03 01:22:49-INFO] BEST_RECALL: 0.461, EPOCH:   3
[21-02-03 01:32:56-INFO] EPOCH: 4
[21-02-03 01:32:56-INFO] TRAIN_LOSS : 0.856, TIME: 607.1s
[21-02-03 01:33:46-INFO] VAL _RECALL: 0.407, TIME: 49.6s
[21-02-03 01:33:46-DEBUG] 
VAL  set, TITLE	CLS0	CLS1	CLS2	MEAN
VAL  set, REC:	0.212	0.036	0.972	0.407	
VAL  set, F1 :	0.344	0.053	0.495	0.297	
VAL  set, AUC:	0.875	0.454	0.852	0.727	
VAL  set, ACC:	0.587	0.722	0.456	0.588	
VAL  set, SPE:	0.976	0.911	0.261	0.716	
[21-02-03 01:34:37-INFO] TEST_RECALL: 0.417, TIME: 51.7s
[21-02-03 01:34:37-DEBUG] 
TEST set, TITLE	CLS0	CLS1	CLS2	MEAN
TEST set, REC:	0.225	0.080	0.946	0.417	
TEST set, F1 :	0.354	0.125	0.408	0.295	
TEST set, AUC:	0.795	0.440	0.779	0.671	
TEST set, ACC:	0.592	0.677	0.408	0.559	
TEST set, SPE:	0.954	0.919	0.260	0.711	
[21-02-03 01:34:37-INFO] BEST_RECALL: 0.461, EPOCH:   3
[21-02-03 01:44:47-INFO] EPOCH: 5
[21-02-03 01:44:47-INFO] TRAIN_LOSS : 0.829, TIME: 609.4s
[21-02-03 01:45:38-INFO] VAL _RECALL: 0.614, TIME: 51.4s
[21-02-03 01:45:38-DEBUG] 
VAL  set, TITLE	CLS0	CLS1	CLS2	MEAN
VAL  set, REC:	0.955	0.196	0.690	0.614	
VAL  set, F1 :	0.826	0.268	0.748	0.614	
VAL  set, AUC:	0.926	0.752	0.943	0.874	
VAL  set, ACC:	0.795	0.768	0.873	0.812	
VAL  set, SPE:	0.630	0.926	0.941	0.833	
[21-02-03 01:46:30-INFO] TEST_RECALL: 0.520, TIME: 51.7s
[21-02-03 01:46:30-DEBUG] 
TEST set, TITLE	CLS0	CLS1	CLS2	MEAN
TEST set, REC:	0.899	0.213	0.446	0.520	
TEST set, F1 :	0.753	0.278	0.515	0.516	
TEST set, AUC:	0.846	0.676	0.864	0.795	
TEST set, ACC:	0.708	0.681	0.819	0.736	
TEST set, SPE:	0.519	0.870	0.922	0.770	
[21-02-03 01:46:31-INFO] BEST_RECALL: 0.520, EPOCH:   5
[21-02-03 01:56:40-INFO] EPOCH: 6
[21-02-03 01:56:40-INFO] TRAIN_LOSS : 0.771, TIME: 609.5s
[21-02-03 01:57:29-INFO] VAL _RECALL: 0.339, TIME: 48.8s
[21-02-03 01:57:29-DEBUG] 
VAL  set, TITLE	CLS0	CLS1	CLS2	MEAN
VAL  set, REC:	1.000	0.018	0.000	0.339	
VAL  set, F1 :	0.706	0.027	0.000	0.244	
VAL  set, AUC:	0.922	0.604	0.935	0.820	
VAL  set, ACC:	0.575	0.726	0.726	0.676	
VAL  set, SPE:	0.134	0.921	1.000	0.685	
[21-02-03 01:58:19-INFO] TEST_RECALL: 0.333, TIME: 50.1s
[21-02-03 01:58:19-DEBUG] 
TEST set, TITLE	CLS0	CLS1	CLS2	MEAN
TEST set, REC:	1.000	0.000	0.000	0.333	
TEST set, F1 :	0.677	0.000	0.000	0.226	
TEST set, AUC:	0.826	0.617	0.821	0.755	
TEST set, ACC:	0.527	0.681	0.785	0.664	
TEST set, SPE:	0.061	0.957	1.000	0.673	
[21-02-03 01:58:20-INFO] BEST_RECALL: 0.520, EPOCH:   5
[21-02-03 02:08:29-INFO] EPOCH: 7
[21-02-03 02:08:29-INFO] TRAIN_LOSS : 0.745, TIME: 609.4s
[21-02-03 02:09:21-INFO] VAL _RECALL: 0.773, TIME: 51.5s
[21-02-03 02:09:21-DEBUG] 
VAL  set, TITLE	CLS0	CLS1	CLS2	MEAN
VAL  set, REC:	0.682	0.679	0.958	0.773	
VAL  set, F1 :	0.800	0.567	0.855	0.741	
VAL  set, AUC:	0.963	0.831	0.985	0.926	
VAL  set, ACC:	0.826	0.776	0.911	0.838	
VAL  set, SPE:	0.976	0.803	0.894	0.891	
[21-02-03 02:10:12-INFO] TEST_RECALL: 0.626, TIME: 51.8s
[21-02-03 02:10:12-DEBUG] 
TEST set, TITLE	CLS0	CLS1	CLS2	MEAN
TEST set, REC:	0.589	0.573	0.714	0.626	
TEST set, F1 :	0.694	0.489	0.640	0.608	
TEST set, AUC:	0.858	0.664	0.861	0.794	
TEST set, ACC:	0.742	0.654	0.827	0.741	
TEST set, SPE:	0.893	0.686	0.858	0.812	
[21-02-03 02:10:14-INFO] BEST_RECALL: 0.626, EPOCH:   7
[21-02-03 02:20:24-INFO] EPOCH: 8
[21-02-03 02:20:24-INFO] TRAIN_LOSS : 0.683, TIME: 609.4s
[21-02-03 02:21:14-INFO] VAL _RECALL: 0.684, TIME: 50.5s
[21-02-03 02:21:14-DEBUG] 
VAL  set, TITLE	CLS0	CLS1	CLS2	MEAN
VAL  set, REC:	0.409	0.714	0.930	0.684	
VAL  set, F1 :	0.581	0.449	0.857	0.629	
VAL  set, AUC:	0.971	0.732	0.980	0.894	
VAL  set, ACC:	0.699	0.622	0.915	0.745	
VAL  set, SPE:	1.000	0.596	0.910	0.835	
[21-02-03 02:22:04-INFO] TEST_RECALL: 0.517, TIME: 49.7s
[21-02-03 02:22:04-DEBUG] 
TEST set, TITLE	CLS0	CLS1	CLS2	MEAN
TEST set, REC:	0.357	0.693	0.500	0.517	
TEST set, F1 :	0.520	0.450	0.500	0.490	
TEST set, AUC:	0.873	0.559	0.835	0.756	
TEST set, ACC:	0.673	0.512	0.785	0.656	
TEST set, SPE:	0.985	0.438	0.863	0.762	
[21-02-03 02:22:05-INFO] BEST_RECALL: 0.626, EPOCH:   7
[21-02-03 02:32:13-INFO] EPOCH: 9
[21-02-03 02:32:13-INFO] TRAIN_LOSS : 0.623, TIME: 607.9s
[21-02-03 02:33:05-INFO] VAL _RECALL: 0.476, TIME: 51.6s
[21-02-03 02:33:05-DEBUG] 
VAL  set, TITLE	CLS0	CLS1	CLS2	MEAN
VAL  set, REC:	0.258	1.000	0.169	0.476	
VAL  set, F1 :	0.410	0.416	0.289	0.372	
VAL  set, AUC:	0.977	0.903	0.985	0.955	
VAL  set, ACC:	0.622	0.394	0.772	0.596	
VAL  set, SPE:	1.000	0.227	1.000	0.742	
[21-02-03 02:33:56-INFO] TEST_RECALL: 0.424, TIME: 51.6s
[21-02-03 02:33:56-DEBUG] 
TEST set, TITLE	CLS0	CLS1	CLS2	MEAN
TEST set, REC:	0.233	0.987	0.054	0.424	
TEST set, F1 :	0.373	0.493	0.102	0.323	
TEST set, AUC:	0.847	0.720	0.829	0.799	
TEST set, ACC:	0.612	0.415	0.796	0.608	
TEST set, SPE:	0.985	0.184	1.000	0.723	
[21-02-03 02:33:57-INFO] BEST_RECALL: 0.626, EPOCH:   7
[21-02-03 02:44:07-INFO] EPOCH: 10
[21-02-03 02:44:07-INFO] TRAIN_LOSS : 0.581, TIME: 610.0s
[21-02-03 02:44:59-INFO] VAL _RECALL: 0.352, TIME: 51.3s
[21-02-03 02:44:59-DEBUG] 
VAL  set, TITLE	CLS0	CLS1	CLS2	MEAN
VAL  set, REC:	1.000	0.000	0.056	0.352	
VAL  set, F1 :	0.697	0.000	0.107	0.268	
VAL  set, AUC:	0.984	0.659	0.979	0.874	
VAL  set, ACC:	0.556	0.753	0.741	0.683	
VAL  set, SPE:	0.094	0.961	1.000	0.685	
[21-02-03 02:45:49-INFO] TEST_RECALL: 0.338, TIME: 50.5s
[21-02-03 02:45:49-DEBUG] 
TEST set, TITLE	CLS0	CLS1	CLS2	MEAN
TEST set, REC:	1.000	0.013	0.000	0.338	
TEST set, F1 :	0.670	0.025	0.000	0.232	
TEST set, AUC:	0.832	0.630	0.831	0.765	
TEST set, ACC:	0.512	0.704	0.785	0.667	
TEST set, SPE:	0.031	0.984	1.000	0.671	
[21-02-03 02:45:50-INFO] BEST_RECALL: 0.626, EPOCH:   7
[21-02-03 02:55:57-INFO] EPOCH: 11
[21-02-03 02:55:57-INFO] TRAIN_LOSS : 0.516, TIME: 606.7s
[21-02-03 02:56:49-INFO] VAL _RECALL: 0.720, TIME: 51.5s
[21-02-03 02:56:49-DEBUG] 
VAL  set, TITLE	CLS0	CLS1	CLS2	MEAN
VAL  set, REC:	0.970	0.964	0.225	0.720	
VAL  set, F1 :	0.977	0.639	0.368	0.661	
VAL  set, AUC:	0.994	0.927	1.000	0.974	
VAL  set, ACC:	0.977	0.764	0.788	0.843	
VAL  set, SPE:	0.984	0.709	1.000	0.898	
[21-02-03 02:57:40-INFO] TEST_RECALL: 0.488, TIME: 51.5s
[21-02-03 02:57:40-DEBUG] 
TEST set, TITLE	CLS0	CLS1	CLS2	MEAN
TEST set, REC:	0.713	0.733	0.018	0.488	
TEST set, F1 :	0.751	0.505	0.035	0.430	
TEST set, AUC:	0.828	0.684	0.845	0.786	
TEST set, ACC:	0.765	0.585	0.788	0.713	
TEST set, SPE:	0.817	0.524	1.000	0.780	
[21-02-03 02:57:41-INFO] BEST_RECALL: 0.626, EPOCH:   7
[21-02-03 03:07:51-INFO] EPOCH: 12
[21-02-03 03:07:51-INFO] TRAIN_LOSS : 0.503, TIME: 609.7s
[21-02-03 03:08:42-INFO] VAL _RECALL: 0.720, TIME: 51.3s
[21-02-03 03:08:42-DEBUG] 
VAL  set, TITLE	CLS0	CLS1	CLS2	MEAN
VAL  set, REC:	1.000	0.161	1.000	0.720	
VAL  set, F1 :	0.933	0.277	0.835	0.682	
VAL  set, AUC:	0.998	0.980	0.998	0.992	
VAL  set, ACC:	0.927	0.819	0.892	0.879	
VAL  set, SPE:	0.850	1.000	0.851	0.900	
[21-02-03 03:09:34-INFO] TEST_RECALL: 0.529, TIME: 51.5s
[21-02-03 03:09:34-DEBUG] 
TEST set, TITLE	CLS0	CLS1	CLS2	MEAN
TEST set, REC:	0.860	0.013	0.714	0.529	
TEST set, F1 :	0.755	0.025	0.552	0.444	
TEST set, AUC:	0.859	0.672	0.845	0.792	
TEST set, ACC:	0.723	0.696	0.750	0.723	
TEST set, SPE:	0.588	0.973	0.760	0.774	
[21-02-03 03:09:35-INFO] BEST_RECALL: 0.626, EPOCH:   7
[21-02-03 03:19:40-INFO] EPOCH: 13
[21-02-03 03:19:40-INFO] TRAIN_LOSS : 0.517, TIME: 605.1s
[21-02-03 03:20:31-INFO] VAL _RECALL: 0.485, TIME: 51.4s
[21-02-03 03:20:31-DEBUG] 
VAL  set, TITLE	CLS0	CLS1	CLS2	MEAN
VAL  set, REC:	0.455	0.000	1.000	0.485	
VAL  set, F1 :	0.625	0.000	0.526	0.384	
VAL  set, AUC:	0.997	0.628	0.982	0.869	
VAL  set, ACC:	0.722	0.784	0.506	0.671	
VAL  set, SPE:	1.000	1.000	0.319	0.773	
[21-02-03 03:21:23-INFO] TEST_RECALL: 0.411, TIME: 51.7s
[21-02-03 03:21:23-DEBUG] 
TEST set, TITLE	CLS0	CLS1	CLS2	MEAN
TEST set, REC:	0.233	0.000	1.000	0.411	
TEST set, F1 :	0.368	0.000	0.397	0.255	
TEST set, AUC:	0.842	0.482	0.822	0.715	
TEST set, ACC:	0.604	0.712	0.346	0.554	
TEST set, SPE:	0.969	1.000	0.167	0.712	
[21-02-03 03:21:24-INFO] BEST_RECALL: 0.626, EPOCH:   7
[21-02-03 03:31:34-INFO] EPOCH: 14
[21-02-03 03:31:34-INFO] TRAIN_LOSS : 0.460, TIME: 609.8s
[21-02-03 03:32:25-INFO] VAL _RECALL: 0.617, TIME: 51.3s
[21-02-03 03:32:25-DEBUG] 
VAL  set, TITLE	CLS0	CLS1	CLS2	MEAN
VAL  set, REC:	0.939	0.911	0.000	0.617	
VAL  set, F1 :	0.943	0.554	0.000	0.499	
VAL  set, AUC:	0.991	0.739	0.883	0.871	
VAL  set, ACC:	0.942	0.683	0.726	0.784	
VAL  set, SPE:	0.945	0.621	1.000	0.855	
[21-02-03 03:33:17-INFO] TEST_RECALL: 0.482, TIME: 51.6s
[21-02-03 03:33:17-DEBUG] 
TEST set, TITLE	CLS0	CLS1	CLS2	MEAN
TEST set, REC:	0.767	0.680	0.000	0.482	
TEST set, F1 :	0.776	0.488	0.000	0.422	
TEST set, AUC:	0.842	0.624	0.759	0.742	
TEST set, ACC:	0.781	0.588	0.785	0.718	
TEST set, SPE:	0.794	0.551	1.000	0.782	
[21-02-03 03:33:18-INFO] BEST_RECALL: 0.626, EPOCH:   7
[21-02-03 03:43:25-INFO] EPOCH: 15
[21-02-03 03:43:25-INFO] TRAIN_LOSS : 0.395, TIME: 607.0s
[21-02-03 03:44:15-INFO] VAL _RECALL: 0.650, TIME: 50.1s
[21-02-03 03:44:15-DEBUG] 
VAL  set, TITLE	CLS0	CLS1	CLS2	MEAN
VAL  set, REC:	0.992	0.000	0.958	0.650	
VAL  set, F1 :	0.834	0.000	0.919	0.584	
VAL  set, AUC:	0.947	0.945	0.990	0.961	
VAL  set, ACC:	0.799	0.784	0.954	0.846	
VAL  set, SPE:	0.598	1.000	0.952	0.850	
[21-02-03 03:45:07-INFO] TEST_RECALL: 0.455, TIME: 51.6s
[21-02-03 03:45:07-DEBUG] 
TEST set, TITLE	CLS0	CLS1	CLS2	MEAN
TEST set, REC:	0.953	0.000	0.411	0.455	
TEST set, F1 :	0.711	0.000	0.465	0.392	
TEST set, AUC:	0.777	0.587	0.805	0.723	
TEST set, ACC:	0.615	0.712	0.796	0.708	
TEST set, SPE:	0.282	1.000	0.902	0.728	
[21-02-03 03:45:08-INFO] BEST_RECALL: 0.626, EPOCH:   7
[21-02-03 03:55:17-INFO] EPOCH: 16
[21-02-03 03:55:17-INFO] TRAIN_LOSS : 0.409, TIME: 609.5s
[21-02-03 03:56:09-INFO] VAL _RECALL: 0.948, TIME: 51.3s
[21-02-03 03:56:09-DEBUG] 
VAL  set, TITLE	CLS0	CLS1	CLS2	MEAN
VAL  set, REC:	0.985	0.929	0.930	0.948	
VAL  set, F1 :	0.974	0.912	0.964	0.950	
VAL  set, AUC:	0.997	0.986	0.999	0.994	
VAL  set, ACC:	0.973	0.961	0.981	0.972	
VAL  set, SPE:	0.961	0.970	1.000	0.977	
[21-02-03 03:57:00-INFO] TEST_RECALL: 0.524, TIME: 51.4s
[21-02-03 03:57:00-DEBUG] 
TEST set, TITLE	CLS0	CLS1	CLS2	MEAN
TEST set, REC:	0.829	0.440	0.304	0.524	
TEST set, F1 :	0.740	0.449	0.405	0.531	
TEST set, AUC:	0.836	0.683	0.813	0.778	
TEST set, ACC:	0.712	0.688	0.808	0.736	
TEST set, SPE:	0.595	0.789	0.946	0.777	
[21-02-03 03:57:01-INFO] BEST_RECALL: 0.626, EPOCH:   7
[21-02-03 04:07:09-INFO] EPOCH: 17
[21-02-03 04:07:09-INFO] TRAIN_LOSS : 0.364, TIME: 607.9s
[21-02-03 04:07:58-INFO] VAL _RECALL: 0.821, TIME: 48.6s
[21-02-03 04:07:58-DEBUG] 
VAL  set, TITLE	CLS0	CLS1	CLS2	MEAN
VAL  set, REC:	1.000	0.464	1.000	0.821	
VAL  set, F1 :	0.940	0.634	0.916	0.830	
VAL  set, AUC:	0.996	0.997	0.999	0.997	
VAL  set, ACC:	0.934	0.884	0.950	0.923	
VAL  set, SPE:	0.866	1.000	0.931	0.932	
[21-02-03 04:08:49-INFO] TEST_RECALL: 0.569, TIME: 51.6s
[21-02-03 04:08:49-DEBUG] 
TEST set, TITLE	CLS0	CLS1	CLS2	MEAN
TEST set, REC:	0.876	0.027	0.804	0.569	
TEST set, F1 :	0.777	0.050	0.604	0.477	
TEST set, AUC:	0.842	0.680	0.857	0.793	
TEST set, ACC:	0.750	0.708	0.773	0.744	
TEST set, SPE:	0.626	0.984	0.765	0.791	
[21-02-03 04:08:50-INFO] BEST_RECALL: 0.626, EPOCH:   7
[21-02-03 04:18:59-INFO] EPOCH: 18
[21-02-03 04:18:59-INFO] TRAIN_LOSS : 0.322, TIME: 609.2s
[21-02-03 04:19:51-INFO] VAL _RECALL: 0.670, TIME: 51.5s
[21-02-03 04:19:51-DEBUG] 
VAL  set, TITLE	CLS0	CLS1	CLS2	MEAN
VAL  set, REC:	0.992	0.018	1.000	0.670	
VAL  set, F1 :	0.936	0.035	0.785	0.585	
VAL  set, AUC:	0.990	0.989	0.977	0.985	
VAL  set, ACC:	0.931	0.788	0.849	0.856	
VAL  set, SPE:	0.866	1.000	0.793	0.886	
[21-02-03 04:20:43-INFO] TEST_RECALL: 0.522, TIME: 51.8s
[21-02-03 04:20:43-DEBUG] 
TEST set, TITLE	CLS0	CLS1	CLS2	MEAN
TEST set, REC:	0.853	0.000	0.714	0.522	
TEST set, F1 :	0.759	0.000	0.516	0.425	
TEST set, AUC:	0.828	0.664	0.804	0.765	
TEST set, ACC:	0.731	0.712	0.712	0.718	
TEST set, SPE:	0.611	1.000	0.711	0.774	
[21-02-03 04:20:44-INFO] BEST_RECALL: 0.626, EPOCH:   7
[21-02-03 04:30:54-INFO] EPOCH: 19
[21-02-03 04:30:54-INFO] TRAIN_LOSS : 0.289, TIME: 609.7s
[21-02-03 04:31:43-INFO] VAL _RECALL: 0.511, TIME: 48.8s
[21-02-03 04:31:43-DEBUG] 
VAL  set, TITLE	CLS0	CLS1	CLS2	MEAN
VAL  set, REC:	0.121	0.411	1.000	0.511	
VAL  set, F1 :	0.216	0.460	0.526	0.401	
VAL  set, AUC:	0.996	0.830	0.997	0.941	
VAL  set, ACC:	0.552	0.792	0.506	0.616	
VAL  set, SPE:	1.000	0.897	0.319	0.739	
[21-02-03 04:32:33-INFO] TEST_RECALL: 0.375, TIME: 50.0s
[21-02-03 04:32:33-DEBUG] 
TEST set, TITLE	CLS0	CLS1	CLS2	MEAN
TEST set, REC:	0.054	0.107	0.964	0.375	
TEST set, F1 :	0.103	0.138	0.403	0.215	
TEST set, AUC:	0.822	0.476	0.769	0.689	
TEST set, ACC:	0.531	0.615	0.385	0.510	
TEST set, SPE:	1.000	0.822	0.225	0.682	
[21-02-03 04:32:34-INFO] BEST_RECALL: 0.626, EPOCH:   7
[21-02-03 04:42:43-INFO] EPOCH: 20
[21-02-03 04:42:43-INFO] TRAIN_LOSS : 0.217, TIME: 609.0s
[21-02-03 04:43:34-INFO] VAL _RECALL: 0.881, TIME: 51.4s
[21-02-03 04:43:34-DEBUG] 
VAL  set, TITLE	CLS0	CLS1	CLS2	MEAN
VAL  set, REC:	1.000	0.643	1.000	0.881	
VAL  set, F1 :	0.930	0.783	1.000	0.904	
VAL  set, AUC:	0.999	0.998	1.000	0.999	
VAL  set, ACC:	0.923	0.923	1.000	0.949	
VAL  set, SPE:	0.843	1.000	1.000	0.948	
[21-02-03 04:44:26-INFO] TEST_RECALL: 0.548, TIME: 51.7s
[21-02-03 04:44:26-DEBUG] 
TEST set, TITLE	CLS0	CLS1	CLS2	MEAN
TEST set, REC:	0.953	0.120	0.571	0.548	
TEST set, F1 :	0.752	0.209	0.598	0.520	
TEST set, AUC:	0.847	0.722	0.833	0.801	
TEST set, ACC:	0.688	0.738	0.835	0.754	
TEST set, SPE:	0.427	0.989	0.907	0.775	
[21-02-03 04:44:27-INFO] BEST_RECALL: 0.626, EPOCH:   7
[21-02-03 04:54:36-INFO] EPOCH: 21
[21-02-03 04:54:36-INFO] TRAIN_LOSS : 0.140, TIME: 609.3s
[21-02-03 04:55:27-INFO] VAL _RECALL: 0.953, TIME: 50.8s
[21-02-03 04:55:27-DEBUG] 
VAL  set, TITLE	CLS0	CLS1	CLS2	MEAN
VAL  set, REC:	0.917	1.000	0.944	0.953	
VAL  set, F1 :	0.957	0.882	0.971	0.936	
VAL  set, AUC:	1.000	1.000	1.000	1.000	
VAL  set, ACC:	0.958	0.942	0.985	0.961	
VAL  set, SPE:	1.000	0.926	1.000	0.975	
[21-02-03 04:56:17-INFO] TEST_RECALL: 0.521, TIME: 49.8s
[21-02-03 04:56:17-DEBUG] 
TEST set, TITLE	CLS0	CLS1	CLS2	MEAN
TEST set, REC:	0.434	0.880	0.250	0.521	
TEST set, F1 :	0.569	0.524	0.394	0.496	
TEST set, AUC:	0.833	0.722	0.833	0.796	
TEST set, ACC:	0.673	0.538	0.835	0.682	
TEST set, SPE:	0.908	0.400	0.995	0.768	
[21-02-03 04:56:18-INFO] BEST_RECALL: 0.626, EPOCH:   7
[21-02-03 05:06:26-INFO] EPOCH: 22
[21-02-03 05:06:26-INFO] TRAIN_LOSS : 0.063, TIME: 608.1s
[21-02-03 05:07:17-INFO] VAL _RECALL: 1.000, TIME: 51.3s
[21-02-03 05:07:17-DEBUG] 
VAL  set, TITLE	CLS0	CLS1	CLS2	MEAN
VAL  set, REC:	1.000	1.000	1.000	1.000	
VAL  set, F1 :	1.000	1.000	1.000	1.000	
VAL  set, AUC:	1.000	1.000	1.000	1.000	
VAL  set, ACC:	1.000	1.000	1.000	1.000	
VAL  set, SPE:	1.000	1.000	1.000	1.000	
[21-02-03 05:08:09-INFO] TEST_RECALL: 0.612, TIME: 51.5s
[21-02-03 05:08:09-DEBUG] 
TEST set, TITLE	CLS0	CLS1	CLS2	MEAN
TEST set, REC:	0.682	0.600	0.554	0.612	
TEST set, F1 :	0.733	0.511	0.596	0.614	
TEST set, AUC:	0.838	0.683	0.850	0.790	
TEST set, ACC:	0.754	0.669	0.838	0.754	
TEST set, SPE:	0.824	0.697	0.917	0.813	
[21-02-03 05:08:10-INFO] BEST_RECALL: 0.626, EPOCH:   7
[21-02-03 05:18:19-INFO] EPOCH: 23
[21-02-03 05:18:19-INFO] TRAIN_LOSS : 0.064, TIME: 609.0s
[21-02-03 05:19:10-INFO] VAL _RECALL: 1.000, TIME: 51.5s
[21-02-03 05:19:10-DEBUG] 
VAL  set, TITLE	CLS0	CLS1	CLS2	MEAN
VAL  set, REC:	1.000	1.000	1.000	1.000	
VAL  set, F1 :	1.000	1.000	1.000	1.000	
VAL  set, AUC:	1.000	1.000	1.000	1.000	
VAL  set, ACC:	1.000	1.000	1.000	1.000	
VAL  set, SPE:	1.000	1.000	1.000	1.000	
[21-02-03 05:20:01-INFO] TEST_RECALL: 0.554, TIME: 50.5s
[21-02-03 05:20:01-DEBUG] 
TEST set, TITLE	CLS0	CLS1	CLS2	MEAN
TEST set, REC:	0.891	0.360	0.411	0.554	
TEST set, F1 :	0.747	0.419	0.554	0.573	
TEST set, AUC:	0.833	0.718	0.861	0.804	
TEST set, ACC:	0.700	0.712	0.858	0.756	
TEST set, SPE:	0.511	0.854	0.980	0.782	
[21-02-03 05:20:02-INFO] BEST_RECALL: 0.626, EPOCH:   7
[21-02-03 05:30:07-INFO] EPOCH: 24
[21-02-03 05:30:07-INFO] TRAIN_LOSS : 0.048, TIME: 605.4s
[21-02-03 05:30:59-INFO] VAL _RECALL: 1.000, TIME: 51.3s
[21-02-03 05:30:59-DEBUG] 
VAL  set, TITLE	CLS0	CLS1	CLS2	MEAN
VAL  set, REC:	1.000	1.000	1.000	1.000	
VAL  set, F1 :	1.000	1.000	1.000	1.000	
VAL  set, AUC:	1.000	1.000	1.000	1.000	
VAL  set, ACC:	1.000	1.000	1.000	1.000	
VAL  set, SPE:	1.000	1.000	1.000	1.000	
[21-02-03 05:31:50-INFO] TEST_RECALL: 0.564, TIME: 51.6s
[21-02-03 05:31:50-DEBUG] 
TEST set, TITLE	CLS0	CLS1	CLS2	MEAN
TEST set, REC:	0.860	0.440	0.393	0.564	
TEST set, F1 :	0.782	0.452	0.489	0.574	
TEST set, AUC:	0.855	0.726	0.856	0.812	
TEST set, ACC:	0.762	0.692	0.823	0.759	
TEST set, SPE:	0.664	0.795	0.941	0.800	
[21-02-03 05:31:51-INFO] BEST_RECALL: 0.626, EPOCH:   7
[21-02-03 05:42:00-INFO] EPOCH: 25
[21-02-03 05:42:01-INFO] TRAIN_LOSS : 0.040, TIME: 609.3s
[21-02-03 05:42:52-INFO] VAL _RECALL: 0.793, TIME: 51.3s
[21-02-03 05:42:52-DEBUG] 
VAL  set, TITLE	CLS0	CLS1	CLS2	MEAN
VAL  set, REC:	0.985	1.000	0.394	0.793	
VAL  set, F1 :	0.992	0.713	0.566	0.757	
VAL  set, AUC:	1.000	1.000	1.000	1.000	
VAL  set, ACC:	0.992	0.826	0.834	0.884	
VAL  set, SPE:	1.000	0.778	1.000	0.926	
[21-02-03 05:43:43-INFO] TEST_RECALL: 0.437, TIME: 51.6s
[21-02-03 05:43:43-DEBUG] 
TEST set, TITLE	CLS0	CLS1	CLS2	MEAN
TEST set, REC:	0.403	0.907	0.000	0.437	
TEST set, F1 :	0.550	0.495	0.000	0.348	
TEST set, AUC:	0.847	0.728	0.808	0.794	
TEST set, ACC:	0.673	0.465	0.785	0.641	
TEST set, SPE:	0.939	0.286	1.000	0.742	
[21-02-03 05:43:44-INFO] BEST_RECALL: 0.626, EPOCH:   7
[21-02-03 05:53:49-INFO] EPOCH: 26
[21-02-03 05:53:49-INFO] TRAIN_LOSS : 0.032, TIME: 604.7s
[21-02-03 05:54:41-INFO] VAL _RECALL: 1.000, TIME: 51.5s
[21-02-03 05:54:41-DEBUG] 
VAL  set, TITLE	CLS0	CLS1	CLS2	MEAN
VAL  set, REC:	1.000	1.000	1.000	1.000	
VAL  set, F1 :	1.000	1.000	1.000	1.000	
VAL  set, AUC:	1.000	1.000	1.000	1.000	
VAL  set, ACC:	1.000	1.000	1.000	1.000	
VAL  set, SPE:	1.000	1.000	1.000	1.000	
[21-02-03 05:55:32-INFO] TEST_RECALL: 0.610, TIME: 51.4s
[21-02-03 05:55:32-DEBUG] 
TEST set, TITLE	CLS0	CLS1	CLS2	MEAN
TEST set, REC:	0.698	0.400	0.732	0.610	
TEST set, F1 :	0.747	0.444	0.569	0.587	
TEST set, AUC:	0.843	0.705	0.807	0.785	
TEST set, ACC:	0.765	0.712	0.762	0.746	
TEST set, SPE:	0.832	0.838	0.770	0.813	
[21-02-03 05:55:33-INFO] BEST_RECALL: 0.626, EPOCH:   7
[21-02-03 06:05:43-INFO] EPOCH: 27
[21-02-03 06:05:43-INFO] TRAIN_LOSS : 0.023, TIME: 609.3s
[21-02-03 06:06:34-INFO] VAL _RECALL: 1.000, TIME: 51.4s
[21-02-03 06:06:34-DEBUG] 
VAL  set, TITLE	CLS0	CLS1	CLS2	MEAN
VAL  set, REC:	1.000	1.000	1.000	1.000	
VAL  set, F1 :	1.000	1.000	1.000	1.000	
VAL  set, AUC:	1.000	1.000	1.000	1.000	
VAL  set, ACC:	1.000	1.000	1.000	1.000	
VAL  set, SPE:	1.000	1.000	1.000	1.000	
[21-02-03 06:07:25-INFO] TEST_RECALL: 0.603, TIME: 51.6s
[21-02-03 06:07:25-DEBUG] 
TEST set, TITLE	CLS0	CLS1	CLS2	MEAN
TEST set, REC:	0.845	0.267	0.696	0.603	
TEST set, F1 :	0.768	0.364	0.619	0.583	
TEST set, AUC:	0.865	0.738	0.855	0.819	
TEST set, ACC:	0.746	0.731	0.815	0.764	
TEST set, SPE:	0.649	0.919	0.848	0.805	
[21-02-03 06:07:26-INFO] BEST_RECALL: 0.626, EPOCH:   7
[21-02-03 06:17:32-INFO] EPOCH: 28
[21-02-03 06:17:32-INFO] TRAIN_LOSS : 0.074, TIME: 605.6s
[21-02-03 06:18:22-INFO] VAL _RECALL: 0.982, TIME: 50.0s
[21-02-03 06:18:22-DEBUG] 
VAL  set, TITLE	CLS0	CLS1	CLS2	MEAN
VAL  set, REC:	1.000	0.946	1.000	0.982	
VAL  set, F1 :	0.989	0.972	1.000	0.987	
VAL  set, AUC:	1.000	1.000	1.000	1.000	
VAL  set, ACC:	0.988	0.988	1.000	0.992	
VAL  set, SPE:	0.976	1.000	1.000	0.992	
[21-02-03 06:19:14-INFO] TEST_RECALL: 0.526, TIME: 51.6s
[21-02-03 06:19:14-DEBUG] 
TEST set, TITLE	CLS0	CLS1	CLS2	MEAN
TEST set, REC:	0.868	0.120	0.589	0.526	
TEST set, F1 :	0.747	0.180	0.550	0.492	
TEST set, AUC:	0.812	0.635	0.825	0.757	
TEST set, ACC:	0.708	0.685	0.792	0.728	
TEST set, SPE:	0.550	0.914	0.848	0.770	
[21-02-03 06:19:15-INFO] BEST_RECALL: 0.626, EPOCH:   7
[21-02-03 06:29:24-INFO] EPOCH: 29
[21-02-03 06:29:24-INFO] TRAIN_LOSS : 0.074, TIME: 609.2s
[21-02-03 06:30:15-INFO] VAL _RECALL: 0.788, TIME: 51.5s
[21-02-03 06:30:15-DEBUG] 
VAL  set, TITLE	CLS0	CLS1	CLS2	MEAN
VAL  set, REC:	0.705	0.661	1.000	0.788	
VAL  set, F1 :	0.827	0.796	0.710	0.777	
VAL  set, AUC:	0.999	0.998	1.000	0.999	
VAL  set, ACC:	0.849	0.927	0.776	0.851	
VAL  set, SPE:	1.000	1.000	0.691	0.897	
[21-02-03 06:31:07-INFO] TEST_RECALL: 0.452, TIME: 51.7s
[21-02-03 06:31:07-DEBUG] 
TEST set, TITLE	CLS0	CLS1	CLS2	MEAN
TEST set, REC:	0.326	0.067	0.964	0.452	
TEST set, F1 :	0.480	0.116	0.417	0.338	
TEST set, AUC:	0.842	0.548	0.793	0.728	
TEST set, ACC:	0.650	0.708	0.419	0.592	
TEST set, SPE:	0.969	0.968	0.270	0.736	
[21-02-03 06:31:08-INFO] BEST_RECALL: 0.626, EPOCH:   7
[21-02-03 06:41:16-INFO] EPOCH: 30
[21-02-03 06:41:16-INFO] TRAIN_LOSS : 0.044, TIME: 608.2s
[21-02-03 06:42:06-INFO] VAL _RECALL: 1.000, TIME: 49.4s
[21-02-03 06:42:06-DEBUG] 
VAL  set, TITLE	CLS0	CLS1	CLS2	MEAN
VAL  set, REC:	1.000	1.000	1.000	1.000	
VAL  set, F1 :	1.000	1.000	1.000	1.000	
VAL  set, AUC:	1.000	1.000	1.000	1.000	
VAL  set, ACC:	1.000	1.000	1.000	1.000	
VAL  set, SPE:	1.000	1.000	1.000	1.000	
[21-02-03 06:42:58-INFO] TEST_RECALL: 0.601, TIME: 52.1s
[21-02-03 06:42:58-DEBUG] 
TEST set, TITLE	CLS0	CLS1	CLS2	MEAN
TEST set, REC:	0.814	0.347	0.643	0.601	
TEST set, F1 :	0.769	0.391	0.632	0.597	
TEST set, AUC:	0.846	0.676	0.836	0.786	
TEST set, ACC:	0.758	0.688	0.838	0.762	
TEST set, SPE:	0.702	0.827	0.892	0.807	
[21-02-03 06:42:59-INFO] BEST_RECALL: 0.626, EPOCH:   7
[21-02-03 06:53:08-INFO] EPOCH: 31
[21-02-03 06:53:08-INFO] TRAIN_LOSS : 0.034, TIME: 609.3s
[21-02-03 06:54:00-INFO] VAL _RECALL: 0.988, TIME: 51.2s
[21-02-03 06:54:00-DEBUG] 
VAL  set, TITLE	CLS0	CLS1	CLS2	MEAN
VAL  set, REC:	1.000	0.964	1.000	0.988	
VAL  set, F1 :	1.000	0.982	0.986	0.989	
VAL  set, AUC:	1.000	1.000	1.000	1.000	
VAL  set, ACC:	1.000	0.992	0.992	0.995	
VAL  set, SPE:	1.000	1.000	0.989	0.996	
[21-02-03 06:54:51-INFO] TEST_RECALL: 0.585, TIME: 51.8s
[21-02-03 06:54:51-DEBUG] 
TEST set, TITLE	CLS0	CLS1	CLS2	MEAN
TEST set, REC:	0.853	0.080	0.821	0.585	
TEST set, F1 :	0.791	0.143	0.582	0.506	
TEST set, AUC:	0.852	0.685	0.839	0.792	
TEST set, ACC:	0.777	0.723	0.746	0.749	
TEST set, SPE:	0.702	0.984	0.725	0.804	
[21-02-03 06:54:52-INFO] BEST_RECALL: 0.626, EPOCH:   7
[21-02-03 07:05:01-INFO] EPOCH: 32
[21-02-03 07:05:02-INFO] TRAIN_LOSS : 0.040, TIME: 609.1s
[21-02-03 07:05:51-INFO] VAL _RECALL: 0.944, TIME: 49.5s
[21-02-03 07:05:51-DEBUG] 
VAL  set, TITLE	CLS0	CLS1	CLS2	MEAN
VAL  set, REC:	0.992	0.839	1.000	0.944	
VAL  set, F1 :	0.996	0.913	0.934	0.948	
VAL  set, AUC:	1.000	1.000	1.000	1.000	
VAL  set, ACC:	0.996	0.965	0.961	0.974	
VAL  set, SPE:	1.000	1.000	0.947	0.982	
[21-02-03 07:06:42-INFO] TEST_RECALL: 0.561, TIME: 50.5s
[21-02-03 07:06:42-DEBUG] 
TEST set, TITLE	CLS0	CLS1	CLS2	MEAN
TEST set, REC:	0.674	0.080	0.929	0.561	
TEST set, F1 :	0.740	0.140	0.523	0.468	
TEST set, AUC:	0.847	0.659	0.831	0.779	
TEST set, ACC:	0.765	0.715	0.635	0.705	
TEST set, SPE:	0.855	0.973	0.554	0.794	
[21-02-03 07:06:43-INFO] BEST_RECALL: 0.626, EPOCH:   7
[21-02-03 07:16:52-INFO] EPOCH: 33
[21-02-03 07:16:52-INFO] TRAIN_LOSS : 0.027, TIME: 609.1s
[21-02-03 07:17:43-INFO] VAL _RECALL: 0.866, TIME: 51.5s
[21-02-03 07:17:43-DEBUG] 
VAL  set, TITLE	CLS0	CLS1	CLS2	MEAN
VAL  set, REC:	0.598	1.000	1.000	0.866	
VAL  set, F1 :	0.749	0.783	0.866	0.799	
VAL  set, AUC:	1.000	0.998	1.000	0.999	
VAL  set, ACC:	0.795	0.880	0.915	0.864	
VAL  set, SPE:	1.000	0.847	0.883	0.910	
[21-02-03 07:18:35-INFO] TEST_RECALL: 0.545, TIME: 51.4s
[21-02-03 07:18:35-DEBUG] 
TEST set, TITLE	CLS0	CLS1	CLS2	MEAN
TEST set, REC:	0.264	0.587	0.786	0.545	
TEST set, F1 :	0.415	0.456	0.540	0.470	
TEST set, AUC:	0.857	0.598	0.806	0.754	
TEST set, ACC:	0.631	0.596	0.712	0.646	
TEST set, SPE:	0.992	0.600	0.691	0.761	
[21-02-03 07:18:36-INFO] BEST_RECALL: 0.626, EPOCH:   7
[21-02-03 07:28:45-INFO] EPOCH: 34
[21-02-03 07:28:45-INFO] TRAIN_LOSS : 0.022, TIME: 609.5s
[21-02-03 07:29:36-INFO] VAL _RECALL: 1.000, TIME: 50.8s
[21-02-03 07:29:36-DEBUG] 
VAL  set, TITLE	CLS0	CLS1	CLS2	MEAN
VAL  set, REC:	1.000	1.000	1.000	1.000	
VAL  set, F1 :	1.000	1.000	1.000	1.000	
VAL  set, AUC:	1.000	1.000	1.000	1.000	
VAL  set, ACC:	1.000	1.000	1.000	1.000	
VAL  set, SPE:	1.000	1.000	1.000	1.000	
[21-02-03 07:30:26-INFO] TEST_RECALL: 0.602, TIME: 50.3s
[21-02-03 07:30:26-DEBUG] 
TEST set, TITLE	CLS0	CLS1	CLS2	MEAN
TEST set, REC:	0.853	0.293	0.661	0.602	
TEST set, F1 :	0.791	0.376	0.592	0.586	
TEST set, AUC:	0.868	0.711	0.856	0.812	
TEST set, ACC:	0.777	0.719	0.804	0.767	
TEST set, SPE:	0.702	0.892	0.843	0.812	
[21-02-03 07:30:27-INFO] BEST_RECALL: 0.626, EPOCH:   7
[21-02-03 07:40:34-INFO] EPOCH: 35
[21-02-03 07:40:34-INFO] TRAIN_LOSS : 0.006, TIME: 607.1s
[21-02-03 07:41:26-INFO] VAL _RECALL: 1.000, TIME: 51.4s
[21-02-03 07:41:26-DEBUG] 
VAL  set, TITLE	CLS0	CLS1	CLS2	MEAN
VAL  set, REC:	1.000	1.000	1.000	1.000	
VAL  set, F1 :	1.000	1.000	1.000	1.000	
VAL  set, AUC:	1.000	1.000	1.000	1.000	
VAL  set, ACC:	1.000	1.000	1.000	1.000	
VAL  set, SPE:	1.000	1.000	1.000	1.000	
[21-02-03 07:42:18-INFO] TEST_RECALL: 0.585, TIME: 51.6s
[21-02-03 07:42:18-DEBUG] 
TEST set, TITLE	CLS0	CLS1	CLS2	MEAN
TEST set, REC:	0.845	0.320	0.589	0.585	
TEST set, F1 :	0.776	0.397	0.559	0.577	
TEST set, AUC:	0.864	0.715	0.860	0.813	
TEST set, ACC:	0.758	0.719	0.800	0.759	
TEST set, SPE:	0.672	0.881	0.858	0.804	
[21-02-03 07:42:19-INFO] BEST_RECALL: 0.626, EPOCH:   7
[21-02-03 07:52:27-INFO] EPOCH: 36
[21-02-03 07:52:27-INFO] TRAIN_LOSS : 0.004, TIME: 608.6s
[21-02-03 07:53:18-INFO] VAL _RECALL: 1.000, TIME: 51.3s
[21-02-03 07:53:18-DEBUG] 
VAL  set, TITLE	CLS0	CLS1	CLS2	MEAN
VAL  set, REC:	1.000	1.000	1.000	1.000	
VAL  set, F1 :	1.000	1.000	1.000	1.000	
VAL  set, AUC:	1.000	1.000	1.000	1.000	
VAL  set, ACC:	1.000	1.000	1.000	1.000	
VAL  set, SPE:	1.000	1.000	1.000	1.000	
[21-02-03 07:54:09-INFO] TEST_RECALL: 0.577, TIME: 50.6s
[21-02-03 07:54:09-DEBUG] 
TEST set, TITLE	CLS0	CLS1	CLS2	MEAN
TEST set, REC:	0.860	0.280	0.589	0.577	
TEST set, F1 :	0.766	0.356	0.589	0.570	
TEST set, AUC:	0.861	0.708	0.864	0.811	
TEST set, ACC:	0.738	0.708	0.823	0.756	
TEST set, SPE:	0.618	0.881	0.887	0.796	
[21-02-03 07:54:10-INFO] BEST_RECALL: 0.626, EPOCH:   7
[21-02-03 08:04:15-INFO] EPOCH: 37
[21-02-03 08:04:15-INFO] TRAIN_LOSS : 0.014, TIME: 605.4s
[21-02-03 08:05:07-INFO] VAL _RECALL: 1.000, TIME: 51.2s
[21-02-03 08:05:07-DEBUG] 
VAL  set, TITLE	CLS0	CLS1	CLS2	MEAN
VAL  set, REC:	1.000	1.000	1.000	1.000	
VAL  set, F1 :	1.000	1.000	1.000	1.000	
VAL  set, AUC:	1.000	1.000	1.000	1.000	
VAL  set, ACC:	1.000	1.000	1.000	1.000	
VAL  set, SPE:	1.000	1.000	1.000	1.000	
[21-02-03 08:05:58-INFO] TEST_RECALL: 0.586, TIME: 51.5s
[21-02-03 08:05:58-DEBUG] 
TEST set, TITLE	CLS0	CLS1	CLS2	MEAN
TEST set, REC:	0.876	0.187	0.696	0.586	
TEST set, F1 :	0.769	0.269	0.639	0.559	
TEST set, AUC:	0.863	0.689	0.857	0.803	
TEST set, ACC:	0.738	0.708	0.831	0.759	
TEST set, SPE:	0.603	0.919	0.868	0.797	
[21-02-03 08:05:59-INFO] BEST_RECALL: 0.626, EPOCH:   7
[21-02-03 08:16:08-INFO] EPOCH: 38
[21-02-03 08:16:08-INFO] TRAIN_LOSS : 0.019, TIME: 609.2s
[21-02-03 08:16:59-INFO] VAL _RECALL: 0.995, TIME: 51.2s
[21-02-03 08:16:59-DEBUG] 
VAL  set, TITLE	CLS0	CLS1	CLS2	MEAN
VAL  set, REC:	0.985	1.000	1.000	0.995	
VAL  set, F1 :	0.992	1.000	0.986	0.993	
VAL  set, AUC:	1.000	1.000	1.000	1.000	
VAL  set, ACC:	0.992	1.000	0.992	0.995	
VAL  set, SPE:	1.000	1.000	0.989	0.996	
[21-02-03 08:17:51-INFO] TEST_RECALL: 0.529, TIME: 51.5s
[21-02-03 08:17:51-DEBUG] 
TEST set, TITLE	CLS0	CLS1	CLS2	MEAN
TEST set, REC:	0.589	0.160	0.839	0.529	
TEST set, F1 :	0.676	0.240	0.482	0.466	
TEST set, AUC:	0.837	0.652	0.824	0.771	
TEST set, ACC:	0.719	0.708	0.612	0.679	
TEST set, SPE:	0.847	0.930	0.549	0.775	
[21-02-03 08:17:52-INFO] BEST_RECALL: 0.626, EPOCH:   7
[21-02-03 08:27:57-INFO] EPOCH: 39
[21-02-03 08:27:57-INFO] TRAIN_LOSS : 0.096, TIME: 604.8s
[21-02-03 08:28:48-INFO] VAL _RECALL: 1.000, TIME: 51.3s
[21-02-03 08:28:48-DEBUG] 
VAL  set, TITLE	CLS0	CLS1	CLS2	MEAN
VAL  set, REC:	1.000	1.000	1.000	1.000	
VAL  set, F1 :	1.000	1.000	1.000	1.000	
VAL  set, AUC:	1.000	1.000	1.000	1.000	
VAL  set, ACC:	1.000	1.000	1.000	1.000	
VAL  set, SPE:	1.000	1.000	1.000	1.000	
[21-02-03 08:29:40-INFO] TEST_RECALL: 0.508, TIME: 51.6s
[21-02-03 08:29:40-DEBUG] 
TEST set, TITLE	CLS0	CLS1	CLS2	MEAN
TEST set, REC:	0.674	0.600	0.250	0.508	
TEST set, F1 :	0.693	0.479	0.346	0.506	
TEST set, AUC:	0.770	0.626	0.764	0.720	
TEST set, ACC:	0.704	0.623	0.796	0.708	
TEST set, SPE:	0.733	0.632	0.946	0.770	
[21-02-03 08:29:41-INFO] BEST_RECALL: 0.626, EPOCH:   7
[21-02-03 08:39:50-INFO] EPOCH: 40
[21-02-03 08:39:50-INFO] TRAIN_LOSS : 0.038, TIME: 609.0s
[21-02-03 08:40:41-INFO] VAL _RECALL: 1.000, TIME: 51.5s
[21-02-03 08:40:41-DEBUG] 
VAL  set, TITLE	CLS0	CLS1	CLS2	MEAN
VAL  set, REC:	1.000	1.000	1.000	1.000	
VAL  set, F1 :	1.000	1.000	1.000	1.000	
VAL  set, AUC:	1.000	1.000	1.000	1.000	
VAL  set, ACC:	1.000	1.000	1.000	1.000	
VAL  set, SPE:	1.000	1.000	1.000	1.000	
[21-02-03 08:41:33-INFO] TEST_RECALL: 0.517, TIME: 51.7s
[21-02-03 08:41:33-DEBUG] 
TEST set, TITLE	CLS0	CLS1	CLS2	MEAN
TEST set, REC:	0.806	0.387	0.357	0.517	
TEST set, F1 :	0.735	0.392	0.449	0.525	
TEST set, AUC:	0.837	0.665	0.795	0.766	
TEST set, ACC:	0.712	0.654	0.812	0.726	
TEST set, SPE:	0.618	0.762	0.936	0.772	
[21-02-03 08:41:34-INFO] BEST_RECALL: 0.626, EPOCH:   7
[21-02-03 08:51:40-INFO] EPOCH: 41
[21-02-03 08:51:40-INFO] TRAIN_LOSS : 0.023, TIME: 606.4s
[21-02-03 08:52:30-INFO] VAL _RECALL: 1.000, TIME: 49.8s
[21-02-03 08:52:30-DEBUG] 
VAL  set, TITLE	CLS0	CLS1	CLS2	MEAN
VAL  set, REC:	1.000	1.000	1.000	1.000	
VAL  set, F1 :	1.000	1.000	1.000	1.000	
VAL  set, AUC:	1.000	1.000	1.000	1.000	
VAL  set, ACC:	1.000	1.000	1.000	1.000	
VAL  set, SPE:	1.000	1.000	1.000	1.000	
[21-02-03 08:53:22-INFO] TEST_RECALL: 0.586, TIME: 51.6s
[21-02-03 08:53:22-DEBUG] 
TEST set, TITLE	CLS0	CLS1	CLS2	MEAN
TEST set, REC:	0.853	0.280	0.625	0.586	
TEST set, F1 :	0.783	0.359	0.574	0.572	
TEST set, AUC:	0.849	0.691	0.833	0.791	
TEST set, ACC:	0.765	0.712	0.800	0.759	
TEST set, SPE:	0.679	0.886	0.848	0.805	
[21-02-03 08:53:23-INFO] BEST_RECALL: 0.626, EPOCH:   7
[21-02-03 09:03:32-INFO] EPOCH: 42
[21-02-03 09:03:32-INFO] TRAIN_LOSS : 0.034, TIME: 608.9s
[21-02-03 09:04:23-INFO] VAL _RECALL: 1.000, TIME: 51.2s
[21-02-03 09:04:23-DEBUG] 
VAL  set, TITLE	CLS0	CLS1	CLS2	MEAN
VAL  set, REC:	1.000	1.000	1.000	1.000	
VAL  set, F1 :	1.000	1.000	1.000	1.000	
VAL  set, AUC:	1.000	1.000	1.000	1.000	
VAL  set, ACC:	1.000	1.000	1.000	1.000	
VAL  set, SPE:	1.000	1.000	1.000	1.000	
[21-02-03 09:05:14-INFO] TEST_RECALL: 0.555, TIME: 51.6s
[21-02-03 09:05:14-DEBUG] 
TEST set, TITLE	CLS0	CLS1	CLS2	MEAN
TEST set, REC:	0.899	0.320	0.446	0.555	
TEST set, F1 :	0.758	0.397	0.538	0.564	
TEST set, AUC:	0.835	0.691	0.852	0.793	
TEST set, ACC:	0.715	0.719	0.835	0.756	
TEST set, SPE:	0.534	0.881	0.941	0.786	
[21-02-03 09:05:15-INFO] BEST_RECALL: 0.626, EPOCH:   7
[21-02-03 09:15:23-INFO] EPOCH: 43
[21-02-03 09:15:23-INFO] TRAIN_LOSS : 0.019, TIME: 607.9s
[21-02-03 09:16:13-INFO] VAL _RECALL: 1.000, TIME: 49.7s
[21-02-03 09:16:13-DEBUG] 
VAL  set, TITLE	CLS0	CLS1	CLS2	MEAN
VAL  set, REC:	1.000	1.000	1.000	1.000	
VAL  set, F1 :	1.000	1.000	1.000	1.000	
VAL  set, AUC:	1.000	1.000	1.000	1.000	
VAL  set, ACC:	1.000	1.000	1.000	1.000	
VAL  set, SPE:	1.000	1.000	1.000	1.000	
[21-02-03 09:17:03-INFO] TEST_RECALL: 0.617, TIME: 50.1s
[21-02-03 09:17:03-DEBUG] 
TEST set, TITLE	CLS0	CLS1	CLS2	MEAN
TEST set, REC:	0.853	0.320	0.679	0.617	
TEST set, F1 :	0.800	0.400	0.608	0.603	
TEST set, AUC:	0.860	0.714	0.847	0.807	
TEST set, ACC:	0.788	0.723	0.812	0.774	
TEST set, SPE:	0.725	0.886	0.848	0.820	
[21-02-03 09:17:04-INFO] BEST_RECALL: 0.626, EPOCH:   7
[21-02-03 09:27:13-INFO] EPOCH: 44
[21-02-03 09:27:13-INFO] TRAIN_LOSS : 0.010, TIME: 609.0s
[21-02-03 09:28:05-INFO] VAL _RECALL: 1.000, TIME: 51.3s
[21-02-03 09:28:05-DEBUG] 
VAL  set, TITLE	CLS0	CLS1	CLS2	MEAN
VAL  set, REC:	1.000	1.000	1.000	1.000	
VAL  set, F1 :	1.000	1.000	1.000	1.000	
VAL  set, AUC:	1.000	1.000	1.000	1.000	
VAL  set, ACC:	1.000	1.000	1.000	1.000	
VAL  set, SPE:	1.000	1.000	1.000	1.000	
[21-02-03 09:28:56-INFO] TEST_RECALL: 0.588, TIME: 51.5s
[21-02-03 09:28:56-DEBUG] 
TEST set, TITLE	CLS0	CLS1	CLS2	MEAN
TEST set, REC:	0.868	0.307	0.589	0.588	
TEST set, F1 :	0.783	0.390	0.569	0.581	
TEST set, AUC:	0.860	0.702	0.857	0.806	
TEST set, ACC:	0.762	0.723	0.808	0.764	
TEST set, SPE:	0.656	0.892	0.868	0.805	
[21-02-03 09:28:57-INFO] BEST_RECALL: 0.626, EPOCH:   7
[21-02-03 09:39:06-INFO] EPOCH: 45
[21-02-03 09:39:06-INFO] TRAIN_LOSS : 0.010, TIME: 609.0s
[21-02-03 09:39:56-INFO] VAL _RECALL: 1.000, TIME: 50.1s
[21-02-03 09:39:56-DEBUG] 
VAL  set, TITLE	CLS0	CLS1	CLS2	MEAN
VAL  set, REC:	1.000	1.000	1.000	1.000	
VAL  set, F1 :	1.000	1.000	1.000	1.000	
VAL  set, AUC:	1.000	1.000	1.000	1.000	
VAL  set, ACC:	1.000	1.000	1.000	1.000	
VAL  set, SPE:	1.000	1.000	1.000	1.000	
[21-02-03 09:40:45-INFO] TEST_RECALL: 0.562, TIME: 48.8s
[21-02-03 09:40:45-DEBUG] 
TEST set, TITLE	CLS0	CLS1	CLS2	MEAN
TEST set, REC:	0.853	0.280	0.554	0.562	
TEST set, F1 :	0.769	0.356	0.534	0.553	
TEST set, AUC:	0.850	0.708	0.828	0.796	
TEST set, ACC:	0.746	0.708	0.792	0.749	
TEST set, SPE:	0.641	0.881	0.858	0.793	
[21-02-03 09:40:46-INFO] BEST_RECALL: 0.626, EPOCH:   7
[21-02-03 09:50:55-INFO] EPOCH: 46
[21-02-03 09:50:55-INFO] TRAIN_LOSS : 0.002, TIME: 608.7s
[21-02-03 09:51:46-INFO] VAL _RECALL: 1.000, TIME: 51.1s
[21-02-03 09:51:46-DEBUG] 
VAL  set, TITLE	CLS0	CLS1	CLS2	MEAN
VAL  set, REC:	1.000	1.000	1.000	1.000	
VAL  set, F1 :	1.000	1.000	1.000	1.000	
VAL  set, AUC:	1.000	1.000	1.000	1.000	
VAL  set, ACC:	1.000	1.000	1.000	1.000	
VAL  set, SPE:	1.000	1.000	1.000	1.000	
[21-02-03 09:52:38-INFO] TEST_RECALL: 0.597, TIME: 51.8s
[21-02-03 09:52:38-DEBUG] 
TEST set, TITLE	CLS0	CLS1	CLS2	MEAN
TEST set, REC:	0.837	0.453	0.500	0.597	
TEST set, F1 :	0.788	0.476	0.544	0.603	
TEST set, AUC:	0.852	0.708	0.836	0.799	
TEST set, ACC:	0.777	0.712	0.819	0.769	
TEST set, SPE:	0.718	0.816	0.907	0.814	
[21-02-03 09:52:39-INFO] BEST_RECALL: 0.626, EPOCH:   7
[21-02-03 10:02:48-INFO] EPOCH: 47
[21-02-03 10:02:48-INFO] TRAIN_LOSS : 0.003, TIME: 609.4s
[21-02-03 10:03:40-INFO] VAL _RECALL: 1.000, TIME: 51.4s
[21-02-03 10:03:40-DEBUG] 
VAL  set, TITLE	CLS0	CLS1	CLS2	MEAN
VAL  set, REC:	1.000	1.000	1.000	1.000	
VAL  set, F1 :	1.000	1.000	1.000	1.000	
VAL  set, AUC:	1.000	1.000	1.000	1.000	
VAL  set, ACC:	1.000	1.000	1.000	1.000	
VAL  set, SPE:	1.000	1.000	1.000	1.000	
[21-02-03 10:04:29-INFO] TEST_RECALL: 0.594, TIME: 49.3s
[21-02-03 10:04:29-DEBUG] 
TEST set, TITLE	CLS0	CLS1	CLS2	MEAN
TEST set, REC:	0.814	0.360	0.607	0.594	
TEST set, F1 :	0.784	0.409	0.567	0.586	
TEST set, AUC:	0.866	0.695	0.835	0.799	
TEST set, ACC:	0.777	0.700	0.800	0.759	
TEST set, SPE:	0.740	0.838	0.853	0.810	
[21-02-03 10:04:30-INFO] BEST_RECALL: 0.626, EPOCH:   7
[21-02-03 10:14:38-INFO] EPOCH: 48
[21-02-03 10:14:38-INFO] TRAIN_LOSS : 0.001, TIME: 607.8s
[21-02-03 10:15:29-INFO] VAL _RECALL: 1.000, TIME: 51.6s
[21-02-03 10:15:29-DEBUG] 
VAL  set, TITLE	CLS0	CLS1	CLS2	MEAN
VAL  set, REC:	1.000	1.000	1.000	1.000	
VAL  set, F1 :	1.000	1.000	1.000	1.000	
VAL  set, AUC:	1.000	1.000	1.000	1.000	
VAL  set, ACC:	1.000	1.000	1.000	1.000	
VAL  set, SPE:	1.000	1.000	1.000	1.000	
[21-02-03 10:16:21-INFO] TEST_RECALL: 0.600, TIME: 51.7s
[21-02-03 10:16:21-DEBUG] 
TEST set, TITLE	CLS0	CLS1	CLS2	MEAN
TEST set, REC:	0.845	0.347	0.607	0.600	
TEST set, F1 :	0.793	0.406	0.581	0.593	
TEST set, AUC:	0.870	0.706	0.845	0.807	
TEST set, ACC:	0.781	0.708	0.812	0.767	
TEST set, SPE:	0.718	0.854	0.868	0.813	
[21-02-03 10:16:22-INFO] BEST_RECALL: 0.626, EPOCH:   7
[21-02-03 10:26:31-INFO] EPOCH: 49
[21-02-03 10:26:31-INFO] TRAIN_LOSS : 0.001, TIME: 609.2s
[21-02-03 10:27:23-INFO] VAL _RECALL: 1.000, TIME: 51.6s
[21-02-03 10:27:23-DEBUG] 
VAL  set, TITLE	CLS0	CLS1	CLS2	MEAN
VAL  set, REC:	1.000	1.000	1.000	1.000	
VAL  set, F1 :	1.000	1.000	1.000	1.000	
VAL  set, AUC:	1.000	1.000	1.000	1.000	
VAL  set, ACC:	1.000	1.000	1.000	1.000	
VAL  set, SPE:	1.000	1.000	1.000	1.000	
[21-02-03 10:28:14-INFO] TEST_RECALL: 0.593, TIME: 50.9s
[21-02-03 10:28:14-DEBUG] 
TEST set, TITLE	CLS0	CLS1	CLS2	MEAN
TEST set, REC:	0.853	0.320	0.607	0.593	
TEST set, F1 :	0.794	0.384	0.576	0.585	
TEST set, AUC:	0.871	0.702	0.848	0.807	
TEST set, ACC:	0.781	0.704	0.808	0.764	
TEST set, SPE:	0.710	0.859	0.863	0.811	
[21-02-03 10:28:15-INFO] BEST_RECALL: 0.626, EPOCH:   7
[21-02-03 10:38:21-INFO] EPOCH: 50
[21-02-03 10:38:21-INFO] TRAIN_LOSS : 0.001, TIME: 605.6s
[21-02-03 10:39:12-INFO] VAL _RECALL: 1.000, TIME: 51.5s
[21-02-03 10:39:12-DEBUG] 
VAL  set, TITLE	CLS0	CLS1	CLS2	MEAN
VAL  set, REC:	1.000	1.000	1.000	1.000	
VAL  set, F1 :	1.000	1.000	1.000	1.000	
VAL  set, AUC:	1.000	1.000	1.000	1.000	
VAL  set, ACC:	1.000	1.000	1.000	1.000	
VAL  set, SPE:	1.000	1.000	1.000	1.000	
[21-02-03 10:40:04-INFO] TEST_RECALL: 0.605, TIME: 51.7s
[21-02-03 10:40:04-DEBUG] 
TEST set, TITLE	CLS0	CLS1	CLS2	MEAN
TEST set, REC:	0.829	0.360	0.625	0.605	
TEST set, F1 :	0.793	0.412	0.588	0.598	
TEST set, AUC:	0.871	0.697	0.847	0.805	
TEST set, ACC:	0.785	0.704	0.812	0.767	
TEST set, SPE:	0.740	0.843	0.863	0.815	
[21-02-03 10:40:05-INFO] BEST_RECALL: 0.626, EPOCH:   7
[21-02-03 10:50:13-INFO] EPOCH: 51
[21-02-03 10:50:13-INFO] TRAIN_LOSS : 0.001, TIME: 608.6s
[21-02-03 10:51:05-INFO] VAL _RECALL: 1.000, TIME: 51.2s
[21-02-03 10:51:05-DEBUG] 
VAL  set, TITLE	CLS0	CLS1	CLS2	MEAN
VAL  set, REC:	1.000	1.000	1.000	1.000	
VAL  set, F1 :	1.000	1.000	1.000	1.000	
VAL  set, AUC:	1.000	1.000	1.000	1.000	
VAL  set, ACC:	1.000	1.000	1.000	1.000	
VAL  set, SPE:	1.000	1.000	1.000	1.000	
[21-02-03 10:51:56-INFO] TEST_RECALL: 0.583, TIME: 51.5s
[21-02-03 10:51:56-DEBUG] 
TEST set, TITLE	CLS0	CLS1	CLS2	MEAN
TEST set, REC:	0.845	0.333	0.571	0.583	
TEST set, F1 :	0.781	0.391	0.566	0.579	
TEST set, AUC:	0.873	0.710	0.852	0.812	
TEST set, ACC:	0.765	0.700	0.812	0.759	
TEST set, SPE:	0.687	0.849	0.877	0.804	
[21-02-03 10:51:57-INFO] BEST_RECALL: 0.626, EPOCH:   7
[21-02-03 11:02:02-INFO] EPOCH: 52
[21-02-03 11:02:02-INFO] TRAIN_LOSS : 0.001, TIME: 604.6s
[21-02-03 11:02:53-INFO] VAL _RECALL: 1.000, TIME: 51.3s
[21-02-03 11:02:53-DEBUG] 
VAL  set, TITLE	CLS0	CLS1	CLS2	MEAN
VAL  set, REC:	1.000	1.000	1.000	1.000	
VAL  set, F1 :	1.000	1.000	1.000	1.000	
VAL  set, AUC:	1.000	1.000	1.000	1.000	
VAL  set, ACC:	1.000	1.000	1.000	1.000	
VAL  set, SPE:	1.000	1.000	1.000	1.000	
[21-02-03 11:03:45-INFO] TEST_RECALL: 0.588, TIME: 51.7s
[21-02-03 11:03:45-DEBUG] 
TEST set, TITLE	CLS0	CLS1	CLS2	MEAN
TEST set, REC:	0.845	0.347	0.571	0.588	
TEST set, F1 :	0.784	0.403	0.566	0.585	
TEST set, AUC:	0.871	0.707	0.852	0.810	
TEST set, ACC:	0.769	0.704	0.812	0.762	
TEST set, SPE:	0.695	0.849	0.877	0.807	
[21-02-03 11:03:46-INFO] BEST_RECALL: 0.626, EPOCH:   7
[21-02-03 11:13:55-INFO] EPOCH: 53
[21-02-03 11:13:55-INFO] TRAIN_LOSS : 0.000, TIME: 609.4s
[21-02-03 11:14:47-INFO] VAL _RECALL: 1.000, TIME: 51.4s
[21-02-03 11:14:47-DEBUG] 
VAL  set, TITLE	CLS0	CLS1	CLS2	MEAN
VAL  set, REC:	1.000	1.000	1.000	1.000	
VAL  set, F1 :	1.000	1.000	1.000	1.000	
VAL  set, AUC:	1.000	1.000	1.000	1.000	
VAL  set, ACC:	1.000	1.000	1.000	1.000	
VAL  set, SPE:	1.000	1.000	1.000	1.000	
[21-02-03 11:15:38-INFO] TEST_RECALL: 0.592, TIME: 51.6s
[21-02-03 11:15:38-DEBUG] 
TEST set, TITLE	CLS0	CLS1	CLS2	MEAN
TEST set, REC:	0.845	0.360	0.571	0.592	
TEST set, F1 :	0.781	0.415	0.577	0.591	
TEST set, AUC:	0.868	0.709	0.851	0.809	
TEST set, ACC:	0.765	0.708	0.819	0.764	
TEST set, SPE:	0.687	0.849	0.887	0.808	
[21-02-03 11:15:39-INFO] BEST_RECALL: 0.626, EPOCH:   7
[21-02-03 11:25:46-INFO] EPOCH: 54
[21-02-03 11:25:46-INFO] TRAIN_LOSS : 0.001, TIME: 606.7s
[21-02-03 11:26:36-INFO] VAL _RECALL: 1.000, TIME: 49.9s
[21-02-03 11:26:36-DEBUG] 
VAL  set, TITLE	CLS0	CLS1	CLS2	MEAN
VAL  set, REC:	1.000	1.000	1.000	1.000	
VAL  set, F1 :	1.000	1.000	1.000	1.000	
VAL  set, AUC:	1.000	1.000	1.000	1.000	
VAL  set, ACC:	1.000	1.000	1.000	1.000	
VAL  set, SPE:	1.000	1.000	1.000	1.000	
[21-02-03 11:27:27-INFO] TEST_RECALL: 0.595, TIME: 51.5s
[21-02-03 11:27:27-DEBUG] 
TEST set, TITLE	CLS0	CLS1	CLS2	MEAN
TEST set, REC:	0.853	0.360	0.571	0.595	
TEST set, F1 :	0.783	0.415	0.587	0.595	
TEST set, AUC:	0.868	0.705	0.855	0.809	
TEST set, ACC:	0.765	0.708	0.827	0.767	
TEST set, SPE:	0.679	0.849	0.897	0.808	
[21-02-03 11:27:28-INFO] BEST_RECALL: 0.626, EPOCH:   7
[21-02-03 11:37:25-INFO] EPOCH: 55
[21-02-03 11:37:25-INFO] TRAIN_LOSS : 0.001, TIME: 596.9s
[21-02-03 11:38:17-INFO] VAL _RECALL: 1.000, TIME: 51.8s
[21-02-03 11:38:17-DEBUG] 
VAL  set, TITLE	CLS0	CLS1	CLS2	MEAN
VAL  set, REC:	1.000	1.000	1.000	1.000	
VAL  set, F1 :	1.000	1.000	1.000	1.000	
VAL  set, AUC:	1.000	1.000	1.000	1.000	
VAL  set, ACC:	1.000	1.000	1.000	1.000	
VAL  set, SPE:	1.000	1.000	1.000	1.000	
[21-02-03 11:39:09-INFO] TEST_RECALL: 0.595, TIME: 51.7s
[21-02-03 11:39:09-DEBUG] 
TEST set, TITLE	CLS0	CLS1	CLS2	MEAN
TEST set, REC:	0.845	0.387	0.554	0.595	
TEST set, F1 :	0.787	0.433	0.569	0.596	
TEST set, AUC:	0.872	0.712	0.849	0.811	
TEST set, ACC:	0.773	0.708	0.819	0.767	
TEST set, SPE:	0.702	0.838	0.892	0.811	
[21-02-03 11:39:10-INFO] BEST_RECALL: 0.626, EPOCH:   7
[21-02-03 11:49:23-INFO] EPOCH: 56
[21-02-03 11:49:23-INFO] TRAIN_LOSS : 0.007, TIME: 613.3s
[21-02-03 11:50:15-INFO] VAL _RECALL: 0.962, TIME: 51.5s
[21-02-03 11:50:15-DEBUG] 
VAL  set, TITLE	CLS0	CLS1	CLS2	MEAN
VAL  set, REC:	1.000	1.000	0.887	0.962	
VAL  set, F1 :	0.985	0.966	0.940	0.964	
VAL  set, AUC:	1.000	1.000	1.000	1.000	
VAL  set, ACC:	0.985	0.985	0.969	0.979	
VAL  set, SPE:	0.969	0.980	1.000	0.983	
[21-02-03 11:51:06-INFO] TEST_RECALL: 0.461, TIME: 51.8s
[21-02-03 11:51:06-DEBUG] 
TEST set, TITLE	CLS0	CLS1	CLS2	MEAN
TEST set, REC:	0.806	0.507	0.071	0.461	
TEST set, F1 :	0.691	0.478	0.133	0.434	
TEST set, AUC:	0.747	0.674	0.812	0.744	
TEST set, ACC:	0.642	0.681	0.800	0.708	
TEST set, SPE:	0.481	0.751	1.000	0.744	
[21-02-03 11:51:08-INFO] BEST_RECALL: 0.626, EPOCH:   7
[21-02-03 12:01:19-INFO] EPOCH: 57
[21-02-03 12:01:19-INFO] TRAIN_LOSS : 0.063, TIME: 611.9s
[21-02-03 12:02:11-INFO] VAL _RECALL: 1.000, TIME: 51.6s
[21-02-03 12:02:11-DEBUG] 
VAL  set, TITLE	CLS0	CLS1	CLS2	MEAN
VAL  set, REC:	1.000	1.000	1.000	1.000	
VAL  set, F1 :	1.000	1.000	1.000	1.000	
VAL  set, AUC:	1.000	1.000	1.000	1.000	
VAL  set, ACC:	1.000	1.000	1.000	1.000	
VAL  set, SPE:	1.000	1.000	1.000	1.000	
[21-02-03 12:03:03-INFO] TEST_RECALL: 0.565, TIME: 51.8s
[21-02-03 12:03:03-DEBUG] 
TEST set, TITLE	CLS0	CLS1	CLS2	MEAN
TEST set, REC:	0.853	0.520	0.321	0.565	
TEST set, F1 :	0.780	0.494	0.450	0.575	
TEST set, AUC:	0.849	0.692	0.823	0.788	
TEST set, ACC:	0.762	0.692	0.831	0.762	
TEST set, SPE:	0.672	0.762	0.971	0.802	
[21-02-03 12:03:04-INFO] BEST_RECALL: 0.626, EPOCH:   7
[21-02-03 12:13:16-INFO] EPOCH: 58
[21-02-03 12:13:16-INFO] TRAIN_LOSS : 0.032, TIME: 611.6s
[21-02-03 12:14:07-INFO] VAL _RECALL: 1.000, TIME: 51.5s
[21-02-03 12:14:07-DEBUG] 
VAL  set, TITLE	CLS0	CLS1	CLS2	MEAN
VAL  set, REC:	1.000	1.000	1.000	1.000	
VAL  set, F1 :	1.000	1.000	1.000	1.000	
VAL  set, AUC:	1.000	1.000	1.000	1.000	
VAL  set, ACC:	1.000	1.000	1.000	1.000	
VAL  set, SPE:	1.000	1.000	1.000	1.000	
[21-02-03 12:14:59-INFO] TEST_RECALL: 0.543, TIME: 51.9s
[21-02-03 12:14:59-DEBUG] 
TEST set, TITLE	CLS0	CLS1	CLS2	MEAN
TEST set, REC:	0.899	0.320	0.411	0.543	
TEST set, F1 :	0.761	0.390	0.500	0.550	
TEST set, AUC:	0.851	0.694	0.839	0.795	
TEST set, ACC:	0.719	0.712	0.823	0.751	
TEST set, SPE:	0.542	0.870	0.936	0.783	
[21-02-03 12:15:00-INFO] BEST_RECALL: 0.626, EPOCH:   7
[21-02-03 12:25:13-INFO] EPOCH: 59
[21-02-03 12:25:13-INFO] TRAIN_LOSS : 0.041, TIME: 612.8s
[21-02-03 12:26:05-INFO] VAL _RECALL: 1.000, TIME: 51.6s
[21-02-03 12:26:05-DEBUG] 
VAL  set, TITLE	CLS0	CLS1	CLS2	MEAN
VAL  set, REC:	1.000	1.000	1.000	1.000	
VAL  set, F1 :	1.000	1.000	1.000	1.000	
VAL  set, AUC:	1.000	1.000	1.000	1.000	
VAL  set, ACC:	1.000	1.000	1.000	1.000	
VAL  set, SPE:	1.000	1.000	1.000	1.000	
[21-02-03 12:26:56-INFO] TEST_RECALL: 0.562, TIME: 51.8s
[21-02-03 12:26:56-DEBUG] 
TEST set, TITLE	CLS0	CLS1	CLS2	MEAN
TEST set, REC:	0.860	0.360	0.464	0.562	
TEST set, F1 :	0.779	0.400	0.520	0.566	
TEST set, AUC:	0.867	0.730	0.852	0.816	
TEST set, ACC:	0.758	0.688	0.815	0.754	
TEST set, SPE:	0.656	0.822	0.912	0.797	
[21-02-03 12:26:57-INFO] BEST_RECALL: 0.626, EPOCH:   7
[21-02-03 12:37:09-INFO] EPOCH: 60
[21-02-03 12:37:09-INFO] TRAIN_LOSS : 0.007, TIME: 611.9s
[21-02-03 12:38:01-INFO] VAL _RECALL: 1.000, TIME: 51.4s
[21-02-03 12:38:01-DEBUG] 
VAL  set, TITLE	CLS0	CLS1	CLS2	MEAN
VAL  set, REC:	1.000	1.000	1.000	1.000	
VAL  set, F1 :	1.000	1.000	1.000	1.000	
VAL  set, AUC:	1.000	1.000	1.000	1.000	
VAL  set, ACC:	1.000	1.000	1.000	1.000	
VAL  set, SPE:	1.000	1.000	1.000	1.000	
[21-02-03 12:38:53-INFO] TEST_RECALL: 0.604, TIME: 51.9s
[21-02-03 12:38:53-DEBUG] 
TEST set, TITLE	CLS0	CLS1	CLS2	MEAN
TEST set, REC:	0.791	0.467	0.554	0.604	
TEST set, F1 :	0.767	0.473	0.585	0.608	
TEST set, AUC:	0.858	0.718	0.857	0.811	
TEST set, ACC:	0.762	0.700	0.831	0.764	
TEST set, SPE:	0.733	0.795	0.907	0.811	
[21-02-03 12:38:54-INFO] BEST_RECALL: 0.626, EPOCH:   7
[21-02-03 12:49:06-INFO] EPOCH: 61
[21-02-03 12:49:06-INFO] TRAIN_LOSS : 0.003, TIME: 612.7s
[21-02-03 12:49:58-INFO] VAL _RECALL: 1.000, TIME: 51.7s
[21-02-03 12:49:58-DEBUG] 
VAL  set, TITLE	CLS0	CLS1	CLS2	MEAN
VAL  set, REC:	1.000	1.000	1.000	1.000	
VAL  set, F1 :	1.000	1.000	1.000	1.000	
VAL  set, AUC:	1.000	1.000	1.000	1.000	
VAL  set, ACC:	1.000	1.000	1.000	1.000	
VAL  set, SPE:	1.000	1.000	1.000	1.000	
[21-02-03 12:50:50-INFO] TEST_RECALL: 0.585, TIME: 51.8s
[21-02-03 12:50:50-DEBUG] 
TEST set, TITLE	CLS0	CLS1	CLS2	MEAN
TEST set, REC:	0.876	0.307	0.571	0.585	
TEST set, F1 :	0.782	0.380	0.582	0.581	
TEST set, AUC:	0.870	0.732	0.858	0.820	
TEST set, ACC:	0.758	0.712	0.823	0.764	
TEST set, SPE:	0.641	0.876	0.892	0.803	
[21-02-03 12:50:51-INFO] BEST_RECALL: 0.626, EPOCH:   7
[21-02-03 13:01:03-INFO] EPOCH: 62
[21-02-03 13:01:03-INFO] TRAIN_LOSS : 0.002, TIME: 612.4s
[21-02-03 13:01:55-INFO] VAL _RECALL: 1.000, TIME: 51.6s
[21-02-03 13:01:55-DEBUG] 
VAL  set, TITLE	CLS0	CLS1	CLS2	MEAN
VAL  set, REC:	1.000	1.000	1.000	1.000	
VAL  set, F1 :	1.000	1.000	1.000	1.000	
VAL  set, AUC:	1.000	1.000	1.000	1.000	
VAL  set, ACC:	1.000	1.000	1.000	1.000	
VAL  set, SPE:	1.000	1.000	1.000	1.000	
[21-02-03 13:02:47-INFO] TEST_RECALL: 0.587, TIME: 51.8s
[21-02-03 13:02:47-DEBUG] 
TEST set, TITLE	CLS0	CLS1	CLS2	MEAN
TEST set, REC:	0.860	0.293	0.607	0.587	
TEST set, F1 :	0.779	0.370	0.586	0.578	
TEST set, AUC:	0.868	0.728	0.859	0.818	
TEST set, ACC:	0.758	0.712	0.815	0.762	
TEST set, SPE:	0.656	0.881	0.873	0.803	
[21-02-03 13:02:48-INFO] BEST_RECALL: 0.626, EPOCH:   7
[21-02-03 13:12:59-INFO] EPOCH: 63
[21-02-03 13:12:59-INFO] TRAIN_LOSS : 0.004, TIME: 611.6s
[21-02-03 13:13:51-INFO] VAL _RECALL: 1.000, TIME: 51.6s
[21-02-03 13:13:51-DEBUG] 
VAL  set, TITLE	CLS0	CLS1	CLS2	MEAN
VAL  set, REC:	1.000	1.000	1.000	1.000	
VAL  set, F1 :	1.000	1.000	1.000	1.000	
VAL  set, AUC:	1.000	1.000	1.000	1.000	
VAL  set, ACC:	1.000	1.000	1.000	1.000	
VAL  set, SPE:	1.000	1.000	1.000	1.000	
[21-02-03 13:14:43-INFO] TEST_RECALL: 0.584, TIME: 51.8s
[21-02-03 13:14:43-DEBUG] 
TEST set, TITLE	CLS0	CLS1	CLS2	MEAN
TEST set, REC:	0.853	0.293	0.607	0.584	
TEST set, F1 :	0.791	0.370	0.553	0.571	
TEST set, AUC:	0.869	0.707	0.850	0.809	
TEST set, ACC:	0.777	0.712	0.788	0.759	
TEST set, SPE:	0.702	0.881	0.838	0.807	
[21-02-03 13:14:44-INFO] BEST_RECALL: 0.626, EPOCH:   7
[21-02-03 13:24:56-INFO] EPOCH: 64
[21-02-03 13:24:56-INFO] TRAIN_LOSS : 0.002, TIME: 612.2s
[21-02-03 13:25:48-INFO] VAL _RECALL: 1.000, TIME: 51.7s
[21-02-03 13:25:48-DEBUG] 
VAL  set, TITLE	CLS0	CLS1	CLS2	MEAN
VAL  set, REC:	1.000	1.000	1.000	1.000	
VAL  set, F1 :	1.000	1.000	1.000	1.000	
VAL  set, AUC:	1.000	1.000	1.000	1.000	
VAL  set, ACC:	1.000	1.000	1.000	1.000	
VAL  set, SPE:	1.000	1.000	1.000	1.000	
[21-02-03 13:26:39-INFO] TEST_RECALL: 0.582, TIME: 51.8s
[21-02-03 13:26:39-DEBUG] 
TEST set, TITLE	CLS0	CLS1	CLS2	MEAN
TEST set, REC:	0.868	0.307	0.571	0.582	
TEST set, F1 :	0.775	0.387	0.571	0.578	
TEST set, AUC:	0.873	0.739	0.859	0.824	
TEST set, ACC:	0.750	0.719	0.815	0.762	
TEST set, SPE:	0.634	0.886	0.882	0.801	
[21-02-03 13:26:40-INFO] BEST_RECALL: 0.626, EPOCH:   7
[21-02-03 13:36:52-INFO] EPOCH: 65
[21-02-03 13:36:52-INFO] TRAIN_LOSS : 0.001, TIME: 612.0s
[21-02-03 13:37:44-INFO] VAL _RECALL: 1.000, TIME: 51.7s
[21-02-03 13:37:44-DEBUG] 
VAL  set, TITLE	CLS0	CLS1	CLS2	MEAN
VAL  set, REC:	1.000	1.000	1.000	1.000	
VAL  set, F1 :	1.000	1.000	1.000	1.000	
VAL  set, AUC:	1.000	1.000	1.000	1.000	
VAL  set, ACC:	1.000	1.000	1.000	1.000	
VAL  set, SPE:	1.000	1.000	1.000	1.000	
[21-02-03 13:38:36-INFO] TEST_RECALL: 0.593, TIME: 51.8s
[21-02-03 13:38:36-DEBUG] 
TEST set, TITLE	CLS0	CLS1	CLS2	MEAN
TEST set, REC:	0.868	0.267	0.643	0.593	
TEST set, F1 :	0.783	0.360	0.585	0.576	
TEST set, AUC:	0.871	0.734	0.855	0.820	
TEST set, ACC:	0.762	0.727	0.804	0.764	
TEST set, SPE:	0.656	0.914	0.848	0.806	
[21-02-03 13:38:37-INFO] BEST_RECALL: 0.626, EPOCH:   7
[21-02-03 13:48:49-INFO] EPOCH: 66
[21-02-03 13:48:49-INFO] TRAIN_LOSS : 0.001, TIME: 611.7s
[21-02-03 13:49:40-INFO] VAL _RECALL: 1.000, TIME: 51.5s
[21-02-03 13:49:40-DEBUG] 
VAL  set, TITLE	CLS0	CLS1	CLS2	MEAN
VAL  set, REC:	1.000	1.000	1.000	1.000	
VAL  set, F1 :	1.000	1.000	1.000	1.000	
VAL  set, AUC:	1.000	1.000	1.000	1.000	
VAL  set, ACC:	1.000	1.000	1.000	1.000	
VAL  set, SPE:	1.000	1.000	1.000	1.000	
[21-02-03 13:50:32-INFO] TEST_RECALL: 0.577, TIME: 51.7s
[21-02-03 13:50:32-DEBUG] 
TEST set, TITLE	CLS0	CLS1	CLS2	MEAN
TEST set, REC:	0.876	0.267	0.589	0.577	
TEST set, F1 :	0.779	0.348	0.574	0.567	
TEST set, AUC:	0.871	0.739	0.858	0.823	
TEST set, ACC:	0.754	0.712	0.812	0.759	
TEST set, SPE:	0.634	0.892	0.873	0.799	
[21-02-03 13:50:33-INFO] BEST_RECALL: 0.626, EPOCH:   7
[21-02-03 14:00:45-INFO] EPOCH: 67
[21-02-03 14:00:45-INFO] TRAIN_LOSS : 0.001, TIME: 611.6s
[21-02-03 14:01:36-INFO] VAL _RECALL: 1.000, TIME: 51.5s
[21-02-03 14:01:36-DEBUG] 
VAL  set, TITLE	CLS0	CLS1	CLS2	MEAN
VAL  set, REC:	1.000	1.000	1.000	1.000	
VAL  set, F1 :	1.000	1.000	1.000	1.000	
VAL  set, AUC:	1.000	1.000	1.000	1.000	
VAL  set, ACC:	1.000	1.000	1.000	1.000	
VAL  set, SPE:	1.000	1.000	1.000	1.000	
[21-02-03 14:02:28-INFO] TEST_RECALL: 0.573, TIME: 51.8s
[21-02-03 14:02:28-DEBUG] 
TEST set, TITLE	CLS0	CLS1	CLS2	MEAN
TEST set, REC:	0.837	0.293	0.589	0.573	
TEST set, F1 :	0.774	0.364	0.550	0.563	
TEST set, AUC:	0.875	0.739	0.853	0.822	
TEST set, ACC:	0.758	0.704	0.792	0.751	
TEST set, SPE:	0.679	0.870	0.848	0.799	
[21-02-03 14:02:29-INFO] BEST_RECALL: 0.626, EPOCH:   7
[21-02-03 14:12:41-INFO] EPOCH: 68
[21-02-03 14:12:41-INFO] TRAIN_LOSS : 0.001, TIME: 611.7s
[21-02-03 14:13:32-INFO] VAL _RECALL: 1.000, TIME: 51.6s
[21-02-03 14:13:32-DEBUG] 
VAL  set, TITLE	CLS0	CLS1	CLS2	MEAN
VAL  set, REC:	1.000	1.000	1.000	1.000	
VAL  set, F1 :	1.000	1.000	1.000	1.000	
VAL  set, AUC:	1.000	1.000	1.000	1.000	
VAL  set, ACC:	1.000	1.000	1.000	1.000	
VAL  set, SPE:	1.000	1.000	1.000	1.000	
[21-02-03 14:14:24-INFO] TEST_RECALL: 0.569, TIME: 52.1s
[21-02-03 14:14:24-DEBUG] 
TEST set, TITLE	CLS0	CLS1	CLS2	MEAN
TEST set, REC:	0.860	0.240	0.607	0.569	
TEST set, F1 :	0.782	0.319	0.553	0.551	
TEST set, AUC:	0.878	0.747	0.864	0.830	
TEST set, ACC:	0.762	0.704	0.788	0.751	
TEST set, SPE:	0.664	0.892	0.838	0.798	
[21-02-03 14:14:25-INFO] BEST_RECALL: 0.626, EPOCH:   7
[21-02-03 14:24:37-INFO] EPOCH: 69
[21-02-03 14:24:37-INFO] TRAIN_LOSS : 0.001, TIME: 611.5s
[21-02-03 14:25:29-INFO] VAL _RECALL: 1.000, TIME: 51.7s
[21-02-03 14:25:29-DEBUG] 
VAL  set, TITLE	CLS0	CLS1	CLS2	MEAN
VAL  set, REC:	1.000	1.000	1.000	1.000	
VAL  set, F1 :	1.000	1.000	1.000	1.000	
VAL  set, AUC:	1.000	1.000	1.000	1.000	
VAL  set, ACC:	1.000	1.000	1.000	1.000	
VAL  set, SPE:	1.000	1.000	1.000	1.000	
[21-02-03 14:26:20-INFO] TEST_RECALL: 0.593, TIME: 51.8s
[21-02-03 14:26:20-DEBUG] 
TEST set, TITLE	CLS0	CLS1	CLS2	MEAN
TEST set, REC:	0.837	0.333	0.607	0.593	
TEST set, F1 :	0.785	0.407	0.557	0.583	
TEST set, AUC:	0.874	0.736	0.858	0.822	
TEST set, ACC:	0.773	0.719	0.792	0.762	
TEST set, SPE:	0.710	0.876	0.843	0.810	
[21-02-03 14:26:22-INFO] BEST_RECALL: 0.626, EPOCH:   7
