[21-02-03 14:26:23-DEBUG] Checkpoints is in:
./results/checkpoints/20210203/3D_ResNet18-1-142623/
[21-02-03 14:26:23-DEBUG] Tensorboard is in:
./results/tensorboards/20210203/3D_ResNet18-1-142623/
[21-02-03 14:26:23-DEBUG] Data is in:
./data/Net_Input/3D_64_z1.0_l0.70_h0.10_20210125/
[21-02-03 14:26:23-DEBUG] LR: 3e-05, LD: 0.98
[21-02-03 14:26:23-DEBUG] WD: 1e-05, WU: 20
[21-02-03 14:26:23-DEBUG] BS: 4, FOLD: 1


[21-02-03 14:36:41-INFO] EPOCH: 1
[21-02-03 14:36:41-INFO] TRAIN_LOSS : 1.026, TIME: 613.3s
[21-02-03 14:37:32-INFO] VAL _RECALL: 0.393, TIME: 51.7s
[21-02-03 14:37:32-DEBUG] 
VAL  set, TITLE	CLS0	CLS1	CLS2	MEAN
VAL  set, REC:	0.992	0.027	0.161	0.393	
VAL  set, F1 :	0.699	0.052	0.234	0.328	
VAL  set, AUC:	0.714	0.599	0.735	0.683	
VAL  set, ACC:	0.577	0.719	0.773	0.690	
VAL  set, SPE:	0.168	1.000	0.941	0.703	
[21-02-03 14:38:24-INFO] TEST_RECALL: 0.405, TIME: 51.3s
[21-02-03 14:38:24-DEBUG] 
TEST set, TITLE	CLS0	CLS1	CLS2	MEAN
TEST set, REC:	0.985	0.018	0.211	0.405	
TEST set, F1 :	0.712	0.033	0.326	0.357	
TEST set, AUC:	0.728	0.574	0.738	0.680	
TEST set, ACC:	0.595	0.772	0.761	0.709	
TEST set, SPE:	0.189	0.980	0.968	0.712	
[21-02-03 14:38:24-INFO] BEST_RECALL: 0.405, EPOCH:   1
[21-02-03 14:48:38-INFO] EPOCH: 2
[21-02-03 14:48:38-INFO] TRAIN_LOSS : 0.983, TIME: 613.8s
[21-02-03 14:49:30-INFO] VAL _RECALL: 0.452, TIME: 52.2s
[21-02-03 14:49:30-DEBUG] 
VAL  set, TITLE	CLS0	CLS1	CLS2	MEAN
VAL  set, REC:	0.922	0.147	0.286	0.452	
VAL  set, F1 :	0.726	0.202	0.386	0.438	
VAL  set, AUC:	0.782	0.620	0.789	0.730	
VAL  set, ACC:	0.654	0.665	0.804	0.708	
VAL  set, SPE:	0.389	0.876	0.946	0.737	
[21-02-03 14:50:22-INFO] TEST_RECALL: 0.446, TIME: 51.6s
[21-02-03 14:50:22-DEBUG] 
TEST set, TITLE	CLS0	CLS1	CLS2	MEAN
TEST set, REC:	0.917	0.125	0.296	0.446	
TEST set, F1 :	0.740	0.161	0.404	0.435	
TEST set, AUC:	0.784	0.598	0.772	0.718	
TEST set, ACC:	0.672	0.718	0.761	0.717	
TEST set, SPE:	0.417	0.882	0.936	0.745	
[21-02-03 14:50:23-INFO] BEST_RECALL: 0.446, EPOCH:   2
[21-02-03 15:00:37-INFO] EPOCH: 3
[21-02-03 15:00:37-INFO] TRAIN_LOSS : 0.943, TIME: 613.9s
[21-02-03 15:01:28-INFO] VAL _RECALL: 0.333, TIME: 51.7s
[21-02-03 15:01:28-DEBUG] 
VAL  set, TITLE	CLS0	CLS1	CLS2	MEAN
VAL  set, REC:	1.000	0.000	0.000	0.333	
VAL  set, F1 :	0.663	0.000	0.000	0.221	
VAL  set, AUC:	0.841	0.620	0.829	0.763	
VAL  set, ACC:	0.496	0.712	0.785	0.664	
VAL  set, SPE:	0.000	1.000	1.000	0.667	
[21-02-03 15:02:20-INFO] TEST_RECALL: 0.333, TIME: 51.8s
[21-02-03 15:02:20-DEBUG] 
TEST set, TITLE	CLS0	CLS1	CLS2	MEAN
TEST set, REC:	1.000	0.000	0.000	0.333	
TEST set, F1 :	0.675	0.000	0.000	0.225	
TEST set, AUC:	0.813	0.588	0.767	0.723	
TEST set, ACC:	0.510	0.784	0.726	0.673	
TEST set, SPE:	0.000	1.000	1.000	0.667	
[21-02-03 15:02:20-INFO] BEST_RECALL: 0.446, EPOCH:   2
[21-02-03 15:12:34-INFO] EPOCH: 4
[21-02-03 15:12:34-INFO] TRAIN_LOSS : 0.874, TIME: 613.5s
[21-02-03 15:13:26-INFO] VAL _RECALL: 0.363, TIME: 52.1s
[21-02-03 15:13:26-DEBUG] 
VAL  set, TITLE	CLS0	CLS1	CLS2	MEAN
VAL  set, REC:	1.000	0.000	0.089	0.363	
VAL  set, F1 :	0.675	0.000	0.164	0.280	
VAL  set, AUC:	0.857	0.640	0.891	0.796	
VAL  set, ACC:	0.523	0.704	0.804	0.677	
VAL  set, SPE:	0.053	0.989	1.000	0.681	
[21-02-03 15:14:17-INFO] TEST_RECALL: 0.347, TIME: 51.6s
[21-02-03 15:14:17-DEBUG] 
TEST set, TITLE	CLS0	CLS1	CLS2	MEAN
TEST set, REC:	1.000	0.000	0.042	0.347	
TEST set, F1 :	0.684	0.000	0.081	0.255	
TEST set, AUC:	0.807	0.564	0.843	0.738	
TEST set, ACC:	0.529	0.776	0.737	0.681	
TEST set, SPE:	0.039	0.990	1.000	0.677	
[21-02-03 15:14:17-INFO] BEST_RECALL: 0.446, EPOCH:   2
[21-02-03 15:24:31-INFO] EPOCH: 5
[21-02-03 15:24:31-INFO] TRAIN_LOSS : 0.842, TIME: 614.0s
[21-02-03 15:25:23-INFO] VAL _RECALL: 0.369, TIME: 51.9s
[21-02-03 15:25:23-DEBUG] 
VAL  set, TITLE	CLS0	CLS1	CLS2	MEAN
VAL  set, REC:	1.000	0.000	0.107	0.369	
VAL  set, F1 :	0.690	0.000	0.194	0.294	
VAL  set, AUC:	0.779	0.551	0.818	0.716	
VAL  set, ACC:	0.554	0.677	0.808	0.679	
VAL  set, SPE:	0.115	0.951	1.000	0.689	
[21-02-03 15:26:15-INFO] TEST_RECALL: 0.372, TIME: 51.7s
[21-02-03 15:26:15-DEBUG] 
TEST set, TITLE	CLS0	CLS1	CLS2	MEAN
TEST set, REC:	1.000	0.018	0.099	0.372	
TEST set, F1 :	0.700	0.032	0.177	0.303	
TEST set, AUC:	0.749	0.537	0.728	0.671	
TEST set, ACC:	0.564	0.768	0.749	0.694	
TEST set, SPE:	0.110	0.975	0.995	0.693	
[21-02-03 15:26:15-INFO] BEST_RECALL: 0.446, EPOCH:   2
[21-02-03 15:36:29-INFO] EPOCH: 6
[21-02-03 15:36:29-INFO] TRAIN_LOSS : 0.765, TIME: 613.5s
[21-02-03 15:37:20-INFO] VAL _RECALL: 0.573, TIME: 51.9s
[21-02-03 15:37:20-DEBUG] 
VAL  set, TITLE	CLS0	CLS1	CLS2	MEAN
VAL  set, REC:	0.984	0.360	0.375	0.573	
VAL  set, F1 :	0.801	0.429	0.545	0.592	
VAL  set, AUC:	0.941	0.751	0.966	0.886	
VAL  set, ACC:	0.758	0.723	0.865	0.782	
VAL  set, SPE:	0.534	0.870	1.000	0.802	
[21-02-03 15:38:12-INFO] TEST_RECALL: 0.455, TIME: 51.6s
[21-02-03 15:38:12-DEBUG] 
TEST set, TITLE	CLS0	CLS1	CLS2	MEAN
TEST set, REC:	0.932	0.321	0.113	0.455	
TEST set, F1 :	0.778	0.298	0.198	0.425	
TEST set, AUC:	0.847	0.633	0.860	0.780	
TEST set, ACC:	0.730	0.672	0.749	0.717	
TEST set, SPE:	0.520	0.768	0.989	0.759	
[21-02-03 15:38:13-INFO] BEST_RECALL: 0.455, EPOCH:   6
[21-02-03 15:48:26-INFO] EPOCH: 7
[21-02-03 15:48:26-INFO] TRAIN_LOSS : 0.731, TIME: 612.9s
[21-02-03 15:49:18-INFO] VAL _RECALL: 0.339, TIME: 51.7s
[21-02-03 15:49:18-DEBUG] 
VAL  set, TITLE	CLS0	CLS1	CLS2	MEAN
VAL  set, REC:	1.000	0.000	0.018	0.339	
VAL  set, F1 :	0.667	0.000	0.035	0.234	
VAL  set, AUC:	0.911	0.659	0.933	0.834	
VAL  set, ACC:	0.504	0.708	0.788	0.667	
VAL  set, SPE:	0.015	0.995	1.000	0.670	
[21-02-03 15:50:09-INFO] TEST_RECALL: 0.333, TIME: 51.5s
[21-02-03 15:50:09-DEBUG] 
TEST set, TITLE	CLS0	CLS1	CLS2	MEAN
TEST set, REC:	1.000	0.000	0.000	0.333	
TEST set, F1 :	0.675	0.000	0.000	0.225	
TEST set, AUC:	0.798	0.574	0.815	0.729	
TEST set, ACC:	0.510	0.784	0.726	0.673	
TEST set, SPE:	0.000	1.000	1.000	0.667	
[21-02-03 15:50:10-INFO] BEST_RECALL: 0.455, EPOCH:   6
[21-02-03 16:00:23-INFO] EPOCH: 8
[21-02-03 16:00:23-INFO] TRAIN_LOSS : 0.709, TIME: 612.8s
[21-02-03 16:01:15-INFO] VAL _RECALL: 0.652, TIME: 51.7s
[21-02-03 16:01:15-DEBUG] 
VAL  set, TITLE	CLS0	CLS1	CLS2	MEAN
VAL  set, REC:	0.977	0.533	0.446	0.652	
VAL  set, F1 :	0.860	0.548	0.617	0.675	
VAL  set, AUC:	0.958	0.820	0.975	0.917	
VAL  set, ACC:	0.842	0.746	0.881	0.823	
VAL  set, SPE:	0.710	0.832	1.000	0.847	
[21-02-03 16:02:06-INFO] TEST_RECALL: 0.527, TIME: 51.4s
[21-02-03 16:02:06-DEBUG] 
TEST set, TITLE	CLS0	CLS1	CLS2	MEAN
TEST set, REC:	0.871	0.429	0.282	0.527	
TEST set, F1 :	0.788	0.364	0.426	0.526	
TEST set, AUC:	0.867	0.655	0.874	0.799	
TEST set, ACC:	0.761	0.676	0.792	0.743	
TEST set, SPE:	0.646	0.744	0.984	0.791	
[21-02-03 16:02:08-INFO] BEST_RECALL: 0.527, EPOCH:   8
[21-02-03 16:12:20-INFO] EPOCH: 9
[21-02-03 16:12:20-INFO] TRAIN_LOSS : 0.667, TIME: 611.9s
[21-02-03 16:13:12-INFO] VAL _RECALL: 0.710, TIME: 52.1s
[21-02-03 16:13:12-DEBUG] 
VAL  set, TITLE	CLS0	CLS1	CLS2	MEAN
VAL  set, REC:	1.000	0.200	0.929	0.710	
VAL  set, F1 :	0.822	0.323	0.920	0.688	
VAL  set, AUC:	0.992	0.897	0.986	0.958	
VAL  set, ACC:	0.785	0.758	0.965	0.836	
VAL  set, SPE:	0.573	0.984	0.975	0.844	
[21-02-03 16:14:04-INFO] TEST_RECALL: 0.521, TIME: 51.7s
[21-02-03 16:14:04-DEBUG] 
TEST set, TITLE	CLS0	CLS1	CLS2	MEAN
TEST set, REC:	0.977	0.036	0.549	0.521	
TEST set, F1 :	0.796	0.061	0.609	0.489	
TEST set, AUC:	0.878	0.664	0.890	0.811	
TEST set, ACC:	0.745	0.761	0.807	0.771	
TEST set, SPE:	0.504	0.961	0.904	0.790	
[21-02-03 16:14:05-INFO] BEST_RECALL: 0.527, EPOCH:   8
[21-02-03 16:24:19-INFO] EPOCH: 10
[21-02-03 16:24:19-INFO] TRAIN_LOSS : 0.557, TIME: 614.1s
[21-02-03 16:25:11-INFO] VAL _RECALL: 0.726, TIME: 51.8s
[21-02-03 16:25:11-DEBUG] 
VAL  set, TITLE	CLS0	CLS1	CLS2	MEAN
VAL  set, REC:	1.000	0.267	0.911	0.726	
VAL  set, F1 :	0.838	0.421	0.872	0.710	
VAL  set, AUC:	0.987	0.915	0.983	0.962	
VAL  set, ACC:	0.808	0.788	0.942	0.846	
VAL  set, SPE:	0.618	1.000	0.951	0.856	
[21-02-03 16:26:02-INFO] TEST_RECALL: 0.512, TIME: 51.4s
[21-02-03 16:26:02-DEBUG] 
TEST set, TITLE	CLS0	CLS1	CLS2	MEAN
TEST set, REC:	0.962	0.054	0.521	0.512	
TEST set, F1 :	0.760	0.100	0.597	0.486	
TEST set, AUC:	0.845	0.666	0.853	0.788	
TEST set, ACC:	0.691	0.792	0.807	0.763	
TEST set, SPE:	0.409	0.995	0.915	0.773	
[21-02-03 16:26:04-INFO] BEST_RECALL: 0.527, EPOCH:   8
[21-02-03 16:36:18-INFO] EPOCH: 11
[21-02-03 16:36:18-INFO] TRAIN_LOSS : 0.608, TIME: 614.5s
[21-02-03 16:37:10-INFO] VAL _RECALL: 0.616, TIME: 51.8s
[21-02-03 16:37:10-DEBUG] 
VAL  set, TITLE	CLS0	CLS1	CLS2	MEAN
VAL  set, REC:	0.992	0.587	0.268	0.616	
VAL  set, F1 :	0.877	0.561	0.423	0.620	
VAL  set, AUC:	0.985	0.841	0.995	0.941	
VAL  set, ACC:	0.862	0.735	0.842	0.813	
VAL  set, SPE:	0.733	0.795	1.000	0.842	
[21-02-03 16:38:02-INFO] TEST_RECALL: 0.451, TIME: 51.6s
[21-02-03 16:38:02-DEBUG] 
TEST set, TITLE	CLS0	CLS1	CLS2	MEAN
TEST set, REC:	0.962	0.321	0.070	0.451	
TEST set, F1 :	0.794	0.298	0.130	0.407	
TEST set, AUC:	0.841	0.612	0.849	0.767	
TEST set, ACC:	0.745	0.672	0.741	0.719	
TEST set, SPE:	0.520	0.768	0.995	0.761	
[21-02-03 16:38:03-INFO] BEST_RECALL: 0.527, EPOCH:   8
[21-02-03 16:48:16-INFO] EPOCH: 12
[21-02-03 16:48:16-INFO] TRAIN_LOSS : 0.497, TIME: 613.3s
[21-02-03 16:49:08-INFO] VAL _RECALL: 0.610, TIME: 52.0s
[21-02-03 16:49:08-DEBUG] 
VAL  set, TITLE	CLS0	CLS1	CLS2	MEAN
VAL  set, REC:	1.000	0.027	0.804	0.610	
VAL  set, F1 :	0.759	0.051	0.882	0.564	
VAL  set, AUC:	0.995	0.839	0.995	0.943	
VAL  set, ACC:	0.685	0.715	0.954	0.785	
VAL  set, SPE:	0.374	0.995	0.995	0.788	
[21-02-03 16:50:00-INFO] TEST_RECALL: 0.455, TIME: 51.7s
[21-02-03 16:50:00-DEBUG] 
TEST set, TITLE	CLS0	CLS1	CLS2	MEAN
TEST set, REC:	1.000	0.000	0.366	0.455	
TEST set, F1 :	0.731	0.000	0.515	0.415	
TEST set, AUC:	0.861	0.634	0.861	0.785	
TEST set, ACC:	0.625	0.784	0.811	0.740	
TEST set, SPE:	0.236	1.000	0.979	0.738	
[21-02-03 16:50:01-INFO] BEST_RECALL: 0.527, EPOCH:   8
[21-02-03 17:00:14-INFO] EPOCH: 13
[21-02-03 17:00:14-INFO] TRAIN_LOSS : 0.453, TIME: 613.2s
[21-02-03 17:01:06-INFO] VAL _RECALL: 0.336, TIME: 51.9s
[21-02-03 17:01:06-DEBUG] 
VAL  set, TITLE	CLS0	CLS1	CLS2	MEAN
VAL  set, REC:	0.008	0.000	1.000	0.336	
VAL  set, F1 :	0.015	0.000	0.356	0.124	
VAL  set, AUC:	0.951	0.578	0.842	0.790	
VAL  set, ACC:	0.508	0.712	0.219	0.479	
VAL  set, SPE:	1.000	1.000	0.005	0.668	
[21-02-03 17:01:57-INFO] TEST_RECALL: 0.336, TIME: 51.4s
[21-02-03 17:01:57-DEBUG] 
TEST set, TITLE	CLS0	CLS1	CLS2	MEAN
TEST set, REC:	0.008	0.000	1.000	0.336	
TEST set, F1 :	0.015	0.000	0.432	0.149	
TEST set, AUC:	0.770	0.459	0.739	0.656	
TEST set, ACC:	0.494	0.784	0.278	0.519	
TEST set, SPE:	1.000	1.000	0.005	0.668	
[21-02-03 17:01:58-INFO] BEST_RECALL: 0.527, EPOCH:   8
[21-02-03 17:12:10-INFO] EPOCH: 14
[21-02-03 17:12:10-INFO] TRAIN_LOSS : 0.408, TIME: 612.1s
[21-02-03 17:13:02-INFO] VAL _RECALL: 0.341, TIME: 51.8s
[21-02-03 17:13:02-DEBUG] 
VAL  set, TITLE	CLS0	CLS1	CLS2	MEAN
VAL  set, REC:	0.023	0.000	1.000	0.341	
VAL  set, F1 :	0.045	0.000	0.358	0.134	
VAL  set, AUC:	0.974	0.541	0.869	0.794	
VAL  set, ACC:	0.515	0.712	0.227	0.485	
VAL  set, SPE:	1.000	1.000	0.015	0.672	
[21-02-03 17:13:54-INFO] TEST_RECALL: 0.333, TIME: 51.8s
[21-02-03 17:13:54-DEBUG] 
TEST set, TITLE	CLS0	CLS1	CLS2	MEAN
TEST set, REC:	0.000	0.000	1.000	0.333	
TEST set, F1 :	0.000	0.000	0.430	0.143	
TEST set, AUC:	0.790	0.480	0.755	0.675	
TEST set, ACC:	0.490	0.784	0.274	0.516	
TEST set, SPE:	1.000	1.000	0.000	0.667	
[21-02-03 17:13:55-INFO] BEST_RECALL: 0.527, EPOCH:   8
[21-02-03 17:24:09-INFO] EPOCH: 15
[21-02-03 17:24:09-INFO] TRAIN_LOSS : 0.339, TIME: 613.9s
[21-02-03 17:25:01-INFO] VAL _RECALL: 0.579, TIME: 51.9s
[21-02-03 17:25:01-DEBUG] 
VAL  set, TITLE	CLS0	CLS1	CLS2	MEAN
VAL  set, REC:	0.031	0.707	1.000	0.579	
VAL  set, F1 :	0.060	0.586	0.544	0.396	
VAL  set, AUC:	0.996	0.803	0.996	0.932	
VAL  set, ACC:	0.519	0.712	0.638	0.623	
VAL  set, SPE:	1.000	0.714	0.539	0.751	
[21-02-03 17:25:52-INFO] TEST_RECALL: 0.391, TIME: 51.6s
[21-02-03 17:25:52-DEBUG] 
TEST set, TITLE	CLS0	CLS1	CLS2	MEAN
TEST set, REC:	0.023	0.250	0.901	0.391	
TEST set, F1 :	0.044	0.200	0.527	0.257	
TEST set, AUC:	0.839	0.466	0.790	0.698	
TEST set, ACC:	0.502	0.568	0.556	0.542	
TEST set, SPE:	1.000	0.655	0.426	0.694	
[21-02-03 17:25:53-INFO] BEST_RECALL: 0.527, EPOCH:   8
[21-02-03 17:36:07-INFO] EPOCH: 16
[21-02-03 17:36:07-INFO] TRAIN_LOSS : 0.342, TIME: 614.0s
[21-02-03 17:36:59-INFO] VAL _RECALL: 0.668, TIME: 51.6s
[21-02-03 17:36:59-DEBUG] 
VAL  set, TITLE	CLS0	CLS1	CLS2	MEAN
VAL  set, REC:	0.039	1.000	0.964	0.668	
VAL  set, F1 :	0.075	0.551	0.947	0.524	
VAL  set, AUC:	0.995	0.891	0.995	0.960	
VAL  set, ACC:	0.523	0.531	0.977	0.677	
VAL  set, SPE:	1.000	0.341	0.980	0.774	
[21-02-03 17:37:50-INFO] TEST_RECALL: 0.449, TIME: 51.5s
[21-02-03 17:37:50-DEBUG] 
TEST set, TITLE	CLS0	CLS1	CLS2	MEAN
TEST set, REC:	0.000	0.839	0.507	0.449	
TEST set, F1 :	0.000	0.357	0.585	0.314	
TEST set, AUC:	0.756	0.483	0.781	0.673	
TEST set, ACC:	0.490	0.347	0.803	0.547	
TEST set, SPE:	1.000	0.212	0.915	0.709	
[21-02-03 17:37:51-INFO] BEST_RECALL: 0.527, EPOCH:   8
[21-02-03 17:48:04-INFO] EPOCH: 17
[21-02-03 17:48:04-INFO] TRAIN_LOSS : 0.289, TIME: 613.0s
[21-02-03 17:48:56-INFO] VAL _RECALL: 0.526, TIME: 51.8s
[21-02-03 17:48:56-DEBUG] 
VAL  set, TITLE	CLS0	CLS1	CLS2	MEAN
VAL  set, REC:	0.132	1.000	0.446	0.526	
VAL  set, F1 :	0.233	0.512	0.617	0.454	
VAL  set, AUC:	0.992	0.995	0.996	0.994	
VAL  set, ACC:	0.569	0.450	0.881	0.633	
VAL  set, SPE:	1.000	0.227	1.000	0.742	
[21-02-03 17:49:48-INFO] TEST_RECALL: 0.354, TIME: 51.8s
[21-02-03 17:49:48-DEBUG] 
TEST set, TITLE	CLS0	CLS1	CLS2	MEAN
TEST set, REC:	0.030	0.946	0.085	0.354	
TEST set, F1 :	0.059	0.351	0.150	0.187	
TEST set, AUC:	0.745	0.625	0.836	0.735	
TEST set, ACC:	0.506	0.243	0.737	0.495	
TEST set, SPE:	1.000	0.049	0.984	0.678	
[21-02-03 17:49:49-INFO] BEST_RECALL: 0.527, EPOCH:   8
[21-02-03 18:00:02-INFO] EPOCH: 18
[21-02-03 18:00:02-INFO] TRAIN_LOSS : 0.288, TIME: 612.3s
[21-02-03 18:00:53-INFO] VAL _RECALL: 0.530, TIME: 51.9s
[21-02-03 18:00:53-DEBUG] 
VAL  set, TITLE	CLS0	CLS1	CLS2	MEAN
VAL  set, REC:	0.442	0.147	1.000	0.530	
VAL  set, F1 :	0.613	0.247	0.457	0.439	
VAL  set, AUC:	0.984	0.870	0.998	0.951	
VAL  set, ACC:	0.723	0.742	0.488	0.651	
VAL  set, SPE:	1.000	0.984	0.348	0.777	
[21-02-03 18:01:45-INFO] TEST_RECALL: 0.377, TIME: 51.5s
[21-02-03 18:01:45-DEBUG] 
TEST set, TITLE	CLS0	CLS1	CLS2	MEAN
TEST set, REC:	0.144	0.000	0.986	0.377	
TEST set, F1 :	0.247	0.000	0.465	0.237	
TEST set, AUC:	0.822	0.471	0.811	0.701	
TEST set, ACC:	0.552	0.757	0.378	0.562	
TEST set, SPE:	0.976	0.966	0.149	0.697	
[21-02-03 18:01:46-INFO] BEST_RECALL: 0.527, EPOCH:   8
[21-02-03 18:11:58-INFO] EPOCH: 19
[21-02-03 18:11:58-INFO] TRAIN_LOSS : 0.291, TIME: 612.1s
[21-02-03 18:12:50-INFO] VAL _RECALL: 0.938, TIME: 52.0s
[21-02-03 18:12:50-DEBUG] 
VAL  set, TITLE	CLS0	CLS1	CLS2	MEAN
VAL  set, REC:	0.853	0.960	1.000	0.938	
VAL  set, F1 :	0.921	0.867	0.974	0.921	
VAL  set, AUC:	1.000	0.988	1.000	0.996	
VAL  set, ACC:	0.927	0.915	0.988	0.944	
VAL  set, SPE:	1.000	0.897	0.985	0.961	
[21-02-03 18:13:42-INFO] TEST_RECALL: 0.519, TIME: 51.7s
[21-02-03 18:13:42-DEBUG] 
TEST set, TITLE	CLS0	CLS1	CLS2	MEAN
TEST set, REC:	0.394	0.500	0.662	0.519	
TEST set, F1 :	0.525	0.341	0.603	0.490	
TEST set, AUC:	0.788	0.572	0.820	0.727	
TEST set, ACC:	0.637	0.583	0.761	0.660	
TEST set, SPE:	0.890	0.606	0.798	0.765	
[21-02-03 18:13:43-INFO] BEST_RECALL: 0.527, EPOCH:   8
[21-02-03 18:23:56-INFO] EPOCH: 20
[21-02-03 18:23:56-INFO] TRAIN_LOSS : 0.237, TIME: 612.9s
[21-02-03 18:24:48-INFO] VAL _RECALL: 0.880, TIME: 51.8s
[21-02-03 18:24:48-DEBUG] 
VAL  set, TITLE	CLS0	CLS1	CLS2	MEAN
VAL  set, REC:	1.000	0.640	1.000	0.880	
VAL  set, F1 :	0.949	0.780	0.896	0.875	
VAL  set, AUC:	1.000	1.000	0.999	1.000	
VAL  set, ACC:	0.946	0.896	0.950	0.931	
VAL  set, SPE:	0.893	1.000	0.936	0.943	
[21-02-03 18:25:39-INFO] TEST_RECALL: 0.540, TIME: 51.7s
[21-02-03 18:25:39-DEBUG] 
TEST set, TITLE	CLS0	CLS1	CLS2	MEAN
TEST set, REC:	0.894	0.036	0.690	0.540	
TEST set, F1 :	0.771	0.068	0.641	0.493	
TEST set, AUC:	0.836	0.642	0.847	0.775	
TEST set, ACC:	0.730	0.788	0.788	0.768	
TEST set, SPE:	0.559	0.995	0.824	0.793	
[21-02-03 18:25:41-INFO] BEST_RECALL: 0.540, EPOCH:  20
[21-02-03 18:35:55-INFO] EPOCH: 21
[21-02-03 18:35:55-INFO] TRAIN_LOSS : 0.105, TIME: 613.8s
[21-02-03 18:36:47-INFO] VAL _RECALL: 0.997, TIME: 52.0s
[21-02-03 18:36:47-DEBUG] 
VAL  set, TITLE	CLS0	CLS1	CLS2	MEAN
VAL  set, REC:	0.992	1.000	1.000	0.997	
VAL  set, F1 :	0.996	0.993	1.000	0.996	
VAL  set, AUC:	1.000	0.999	1.000	1.000	
VAL  set, ACC:	0.996	0.996	1.000	0.997	
VAL  set, SPE:	1.000	0.995	1.000	0.998	
[21-02-03 18:37:39-INFO] TEST_RECALL: 0.546, TIME: 51.5s
[21-02-03 18:37:39-DEBUG] 
TEST set, TITLE	CLS0	CLS1	CLS2	MEAN
TEST set, REC:	0.652	0.268	0.718	0.546	
TEST set, F1 :	0.699	0.288	0.607	0.532	
TEST set, AUC:	0.814	0.622	0.818	0.752	
TEST set, ACC:	0.714	0.714	0.745	0.725	
TEST set, SPE:	0.780	0.837	0.755	0.791	
[21-02-03 18:37:41-INFO] BEST_RECALL: 0.546, EPOCH:  21
[21-02-03 18:47:54-INFO] EPOCH: 22
[21-02-03 18:47:54-INFO] TRAIN_LOSS : 0.074, TIME: 613.1s
[21-02-03 18:48:46-INFO] VAL _RECALL: 0.987, TIME: 51.7s
[21-02-03 18:48:46-DEBUG] 
VAL  set, TITLE	CLS0	CLS1	CLS2	MEAN
VAL  set, REC:	1.000	0.960	1.000	0.987	
VAL  set, F1 :	1.000	0.980	0.974	0.985	
VAL  set, AUC:	1.000	1.000	1.000	1.000	
VAL  set, ACC:	1.000	0.988	0.988	0.992	
VAL  set, SPE:	1.000	1.000	0.985	0.995	
[21-02-03 18:49:37-INFO] TEST_RECALL: 0.558, TIME: 51.4s
[21-02-03 18:49:37-DEBUG] 
TEST set, TITLE	CLS0	CLS1	CLS2	MEAN
TEST set, REC:	0.636	0.250	0.789	0.558	
TEST set, F1 :	0.700	0.275	0.636	0.537	
TEST set, AUC:	0.829	0.616	0.842	0.762	
TEST set, ACC:	0.722	0.714	0.753	0.730	
TEST set, SPE:	0.811	0.842	0.739	0.798	
[21-02-03 18:49:39-INFO] BEST_RECALL: 0.558, EPOCH:  22
[21-02-03 18:59:52-INFO] EPOCH: 23
[21-02-03 18:59:52-INFO] TRAIN_LOSS : 0.084, TIME: 613.2s
[21-02-03 19:00:44-INFO] VAL _RECALL: 0.988, TIME: 51.7s
[21-02-03 19:00:44-DEBUG] 
VAL  set, TITLE	CLS0	CLS1	CLS2	MEAN
VAL  set, REC:	1.000	1.000	0.964	0.988	
VAL  set, F1 :	1.000	0.987	0.982	0.990	
VAL  set, AUC:	1.000	1.000	1.000	1.000	
VAL  set, ACC:	1.000	0.992	0.992	0.995	
VAL  set, SPE:	1.000	0.989	1.000	0.996	
[21-02-03 19:01:35-INFO] TEST_RECALL: 0.486, TIME: 51.5s
[21-02-03 19:01:35-DEBUG] 
TEST set, TITLE	CLS0	CLS1	CLS2	MEAN
TEST set, REC:	0.939	0.250	0.268	0.486	
TEST set, F1 :	0.773	0.275	0.400	0.482	
TEST set, AUC:	0.823	0.606	0.840	0.757	
TEST set, ACC:	0.718	0.714	0.780	0.737	
TEST set, SPE:	0.488	0.842	0.973	0.768	
[21-02-03 19:01:36-INFO] BEST_RECALL: 0.558, EPOCH:  22
[21-02-03 19:11:49-INFO] EPOCH: 24
[21-02-03 19:11:49-INFO] TRAIN_LOSS : 0.062, TIME: 612.9s
[21-02-03 19:12:41-INFO] VAL _RECALL: 1.000, TIME: 52.1s
[21-02-03 19:12:41-DEBUG] 
VAL  set, TITLE	CLS0	CLS1	CLS2	MEAN
VAL  set, REC:	1.000	1.000	1.000	1.000	
VAL  set, F1 :	1.000	1.000	1.000	1.000	
VAL  set, AUC:	1.000	1.000	1.000	1.000	
VAL  set, ACC:	1.000	1.000	1.000	1.000	
VAL  set, SPE:	1.000	1.000	1.000	1.000	
[21-02-03 19:13:33-INFO] TEST_RECALL: 0.486, TIME: 51.7s
[21-02-03 19:13:33-DEBUG] 
TEST set, TITLE	CLS0	CLS1	CLS2	MEAN
TEST set, REC:	0.576	0.643	0.239	0.486	
TEST set, F1 :	0.661	0.369	0.366	0.465	
TEST set, AUC:	0.794	0.629	0.817	0.747	
TEST set, ACC:	0.699	0.525	0.772	0.665	
TEST set, SPE:	0.827	0.493	0.973	0.764	
[21-02-03 19:13:34-INFO] BEST_RECALL: 0.558, EPOCH:  22
[21-02-03 19:23:48-INFO] EPOCH: 25
[21-02-03 19:23:48-INFO] TRAIN_LOSS : 0.039, TIME: 613.8s
[21-02-03 19:24:40-INFO] VAL _RECALL: 1.000, TIME: 51.8s
[21-02-03 19:24:40-DEBUG] 
VAL  set, TITLE	CLS0	CLS1	CLS2	MEAN
VAL  set, REC:	1.000	1.000	1.000	1.000	
VAL  set, F1 :	1.000	1.000	1.000	1.000	
VAL  set, AUC:	1.000	1.000	1.000	1.000	
VAL  set, ACC:	1.000	1.000	1.000	1.000	
VAL  set, SPE:	1.000	1.000	1.000	1.000	
[21-02-03 19:25:31-INFO] TEST_RECALL: 0.561, TIME: 51.7s
[21-02-03 19:25:31-DEBUG] 
TEST set, TITLE	CLS0	CLS1	CLS2	MEAN
TEST set, REC:	0.591	0.500	0.592	0.561	
TEST set, F1 :	0.678	0.366	0.622	0.555	
TEST set, AUC:	0.817	0.622	0.815	0.751	
TEST set, ACC:	0.714	0.625	0.803	0.714	
TEST set, SPE:	0.843	0.660	0.883	0.795	
[21-02-03 19:25:34-INFO] BEST_RECALL: 0.561, EPOCH:  25
[21-02-03 19:35:47-INFO] EPOCH: 26
[21-02-03 19:35:47-INFO] TRAIN_LOSS : 0.021, TIME: 613.4s
[21-02-03 19:36:39-INFO] VAL _RECALL: 0.996, TIME: 51.7s
[21-02-03 19:36:39-DEBUG] 
VAL  set, TITLE	CLS0	CLS1	CLS2	MEAN
VAL  set, REC:	1.000	0.987	1.000	0.996	
VAL  set, F1 :	1.000	0.993	0.991	0.995	
VAL  set, AUC:	1.000	1.000	1.000	1.000	
VAL  set, ACC:	1.000	0.996	0.996	0.997	
VAL  set, SPE:	1.000	1.000	0.995	0.998	
[21-02-03 19:37:30-INFO] TEST_RECALL: 0.555, TIME: 51.8s
[21-02-03 19:37:30-DEBUG] 
TEST set, TITLE	CLS0	CLS1	CLS2	MEAN
TEST set, REC:	0.780	0.125	0.761	0.555	
TEST set, F1 :	0.757	0.165	0.671	0.531	
TEST set, AUC:	0.834	0.638	0.865	0.779	
TEST set, ACC:	0.745	0.726	0.795	0.755	
TEST set, SPE:	0.709	0.892	0.809	0.803	
[21-02-03 19:37:32-INFO] BEST_RECALL: 0.561, EPOCH:  25
[21-02-03 19:47:43-INFO] EPOCH: 27
[21-02-03 19:47:43-INFO] TRAIN_LOSS : 0.023, TIME: 611.9s
[21-02-03 19:48:35-INFO] VAL _RECALL: 0.996, TIME: 51.8s
[21-02-03 19:48:35-DEBUG] 
VAL  set, TITLE	CLS0	CLS1	CLS2	MEAN
VAL  set, REC:	1.000	0.987	1.000	0.996	
VAL  set, F1 :	1.000	0.993	0.991	0.995	
VAL  set, AUC:	1.000	1.000	1.000	1.000	
VAL  set, ACC:	1.000	0.996	0.996	0.997	
VAL  set, SPE:	1.000	1.000	0.995	0.998	
[21-02-03 19:49:27-INFO] TEST_RECALL: 0.560, TIME: 51.4s
[21-02-03 19:49:27-DEBUG] 
TEST set, TITLE	CLS0	CLS1	CLS2	MEAN
TEST set, REC:	0.833	0.071	0.775	0.560	
TEST set, F1 :	0.783	0.114	0.659	0.519	
TEST set, AUC:	0.839	0.620	0.851	0.770	
TEST set, ACC:	0.764	0.761	0.780	0.768	
TEST set, SPE:	0.693	0.951	0.782	0.809	
[21-02-03 19:49:28-INFO] BEST_RECALL: 0.561, EPOCH:  25
[21-02-03 19:59:40-INFO] EPOCH: 28
[21-02-03 19:59:40-INFO] TRAIN_LOSS : 0.043, TIME: 612.6s
[21-02-03 20:00:32-INFO] VAL _RECALL: 0.996, TIME: 52.1s
[21-02-03 20:00:32-DEBUG] 
VAL  set, TITLE	CLS0	CLS1	CLS2	MEAN
VAL  set, REC:	1.000	0.987	1.000	0.996	
VAL  set, F1 :	1.000	0.993	0.991	0.995	
VAL  set, AUC:	1.000	1.000	1.000	1.000	
VAL  set, ACC:	1.000	0.996	0.996	0.997	
VAL  set, SPE:	1.000	1.000	0.995	0.998	
[21-02-03 20:01:24-INFO] TEST_RECALL: 0.572, TIME: 51.6s
[21-02-03 20:01:24-DEBUG] 
TEST set, TITLE	CLS0	CLS1	CLS2	MEAN
TEST set, REC:	0.773	0.196	0.746	0.572	
TEST set, F1 :	0.742	0.265	0.662	0.556	
TEST set, AUC:	0.821	0.648	0.842	0.770	
TEST set, ACC:	0.726	0.764	0.792	0.761	
TEST set, SPE:	0.677	0.921	0.809	0.802	
[21-02-03 20:01:26-INFO] BEST_RECALL: 0.572, EPOCH:  28
[21-02-03 20:11:40-INFO] EPOCH: 29
[21-02-03 20:11:40-INFO] TRAIN_LOSS : 0.039, TIME: 613.8s
[21-02-03 20:12:32-INFO] VAL _RECALL: 0.964, TIME: 51.8s
[21-02-03 20:12:32-DEBUG] 
VAL  set, TITLE	CLS0	CLS1	CLS2	MEAN
VAL  set, REC:	1.000	0.893	1.000	0.964	
VAL  set, F1 :	1.000	0.944	0.933	0.959	
VAL  set, AUC:	1.000	1.000	1.000	1.000	
VAL  set, ACC:	1.000	0.969	0.969	0.979	
VAL  set, SPE:	1.000	1.000	0.961	0.987	
[21-02-03 20:13:23-INFO] TEST_RECALL: 0.529, TIME: 51.4s
[21-02-03 20:13:23-DEBUG] 
TEST set, TITLE	CLS0	CLS1	CLS2	MEAN
TEST set, REC:	0.674	0.054	0.859	0.529	
TEST set, F1 :	0.721	0.100	0.578	0.466	
TEST set, AUC:	0.842	0.618	0.869	0.776	
TEST set, ACC:	0.734	0.792	0.656	0.727	
TEST set, SPE:	0.795	0.995	0.580	0.790	
[21-02-03 20:13:24-INFO] BEST_RECALL: 0.572, EPOCH:  28
[21-02-03 20:23:38-INFO] EPOCH: 30
[21-02-03 20:23:38-INFO] TRAIN_LOSS : 0.033, TIME: 613.5s
[21-02-03 20:24:29-INFO] VAL _RECALL: 1.000, TIME: 51.8s
[21-02-03 20:24:29-DEBUG] 
VAL  set, TITLE	CLS0	CLS1	CLS2	MEAN
VAL  set, REC:	1.000	1.000	1.000	1.000	
VAL  set, F1 :	1.000	1.000	1.000	1.000	
VAL  set, AUC:	1.000	1.000	1.000	1.000	
VAL  set, ACC:	1.000	1.000	1.000	1.000	
VAL  set, SPE:	1.000	1.000	1.000	1.000	
[21-02-03 20:25:21-INFO] TEST_RECALL: 0.546, TIME: 51.7s
[21-02-03 20:25:21-DEBUG] 
TEST set, TITLE	CLS0	CLS1	CLS2	MEAN
TEST set, REC:	0.765	0.196	0.676	0.546	
TEST set, F1 :	0.748	0.244	0.608	0.533	
TEST set, AUC:	0.825	0.633	0.826	0.761	
TEST set, ACC:	0.737	0.737	0.761	0.745	
TEST set, SPE:	0.709	0.887	0.793	0.796	
[21-02-03 20:25:22-INFO] BEST_RECALL: 0.572, EPOCH:  28
[21-02-03 20:35:35-INFO] EPOCH: 31
[21-02-03 20:35:35-INFO] TRAIN_LOSS : 0.013, TIME: 613.4s
[21-02-03 20:36:27-INFO] VAL _RECALL: 1.000, TIME: 51.6s
[21-02-03 20:36:27-DEBUG] 
VAL  set, TITLE	CLS0	CLS1	CLS2	MEAN
VAL  set, REC:	1.000	1.000	1.000	1.000	
VAL  set, F1 :	1.000	1.000	1.000	1.000	
VAL  set, AUC:	1.000	1.000	1.000	1.000	
VAL  set, ACC:	1.000	1.000	1.000	1.000	
VAL  set, SPE:	1.000	1.000	1.000	1.000	
[21-02-03 20:37:18-INFO] TEST_RECALL: 0.593, TIME: 51.4s
[21-02-03 20:37:18-DEBUG] 
TEST set, TITLE	CLS0	CLS1	CLS2	MEAN
TEST set, REC:	0.833	0.339	0.606	0.593	
TEST set, F1 :	0.777	0.369	0.652	0.599	
TEST set, AUC:	0.835	0.647	0.848	0.777	
TEST set, ACC:	0.757	0.749	0.822	0.776	
TEST set, SPE:	0.677	0.862	0.904	0.814	
[21-02-03 20:37:21-INFO] BEST_RECALL: 0.593, EPOCH:  31
[21-02-03 20:47:33-INFO] EPOCH: 32
[21-02-03 20:47:33-INFO] TRAIN_LOSS : 0.008, TIME: 612.7s
[21-02-03 20:48:25-INFO] VAL _RECALL: 1.000, TIME: 52.1s
[21-02-03 20:48:25-DEBUG] 
VAL  set, TITLE	CLS0	CLS1	CLS2	MEAN
VAL  set, REC:	1.000	1.000	1.000	1.000	
VAL  set, F1 :	1.000	1.000	1.000	1.000	
VAL  set, AUC:	1.000	1.000	1.000	1.000	
VAL  set, ACC:	1.000	1.000	1.000	1.000	
VAL  set, SPE:	1.000	1.000	1.000	1.000	
[21-02-03 20:49:17-INFO] TEST_RECALL: 0.582, TIME: 51.6s
[21-02-03 20:49:17-DEBUG] 
TEST set, TITLE	CLS0	CLS1	CLS2	MEAN
TEST set, REC:	0.803	0.268	0.676	0.582	
TEST set, F1 :	0.774	0.313	0.649	0.578	
TEST set, AUC:	0.836	0.630	0.849	0.771	
TEST set, ACC:	0.761	0.745	0.799	0.768	
TEST set, SPE:	0.717	0.877	0.846	0.813	
[21-02-03 20:49:18-INFO] BEST_RECALL: 0.593, EPOCH:  31
[21-02-03 20:59:32-INFO] EPOCH: 33
[21-02-03 20:59:32-INFO] TRAIN_LOSS : 0.018, TIME: 613.6s
[21-02-03 21:00:24-INFO] VAL _RECALL: 0.997, TIME: 52.0s
[21-02-03 21:00:24-DEBUG] 
VAL  set, TITLE	CLS0	CLS1	CLS2	MEAN
VAL  set, REC:	0.992	1.000	1.000	0.997	
VAL  set, F1 :	0.996	0.993	1.000	0.996	
VAL  set, AUC:	1.000	1.000	1.000	1.000	
VAL  set, ACC:	0.996	0.996	1.000	0.997	
VAL  set, SPE:	1.000	0.995	1.000	0.998	
[21-02-03 21:01:15-INFO] TEST_RECALL: 0.588, TIME: 51.5s
[21-02-03 21:01:15-DEBUG] 
TEST set, TITLE	CLS0	CLS1	CLS2	MEAN
TEST set, REC:	0.735	0.268	0.761	0.588	
TEST set, F1 :	0.761	0.326	0.632	0.573	
TEST set, AUC:	0.836	0.610	0.834	0.760	
TEST set, ACC:	0.764	0.761	0.757	0.761	
TEST set, SPE:	0.795	0.897	0.755	0.816	
[21-02-03 21:01:16-INFO] BEST_RECALL: 0.593, EPOCH:  31
[21-02-03 21:11:29-INFO] EPOCH: 34
[21-02-03 21:11:29-INFO] TRAIN_LOSS : 0.053, TIME: 612.6s
[21-02-03 21:12:21-INFO] VAL _RECALL: 0.842, TIME: 51.8s
[21-02-03 21:12:21-DEBUG] 
VAL  set, TITLE	CLS0	CLS1	CLS2	MEAN
VAL  set, REC:	0.953	0.573	1.000	0.842	
VAL  set, F1 :	0.950	0.729	0.783	0.821	
VAL  set, AUC:	0.994	1.000	1.000	0.998	
VAL  set, ACC:	0.950	0.877	0.881	0.903	
VAL  set, SPE:	0.947	1.000	0.848	0.932	
[21-02-03 21:13:12-INFO] TEST_RECALL: 0.508, TIME: 51.2s
[21-02-03 21:13:12-DEBUG] 
TEST set, TITLE	CLS0	CLS1	CLS2	MEAN
TEST set, REC:	0.705	0.018	0.803	0.508	
TEST set, F1 :	0.707	0.034	0.579	0.440	
TEST set, AUC:	0.797	0.653	0.807	0.753	
TEST set, ACC:	0.703	0.784	0.680	0.722	
TEST set, SPE:	0.701	0.995	0.633	0.776	
[21-02-03 21:13:13-INFO] BEST_RECALL: 0.593, EPOCH:  31
[21-02-03 21:23:26-INFO] EPOCH: 35
[21-02-03 21:23:26-INFO] TRAIN_LOSS : 0.095, TIME: 612.6s
[21-02-03 21:24:17-INFO] VAL _RECALL: 1.000, TIME: 51.8s
[21-02-03 21:24:17-DEBUG] 
VAL  set, TITLE	CLS0	CLS1	CLS2	MEAN
VAL  set, REC:	1.000	1.000	1.000	1.000	
VAL  set, F1 :	1.000	1.000	1.000	1.000	
VAL  set, AUC:	1.000	1.000	1.000	1.000	
VAL  set, ACC:	1.000	1.000	1.000	1.000	
VAL  set, SPE:	1.000	1.000	1.000	1.000	
[21-02-03 21:25:09-INFO] TEST_RECALL: 0.483, TIME: 51.7s
[21-02-03 21:25:09-DEBUG] 
TEST set, TITLE	CLS0	CLS1	CLS2	MEAN
TEST set, REC:	0.598	0.554	0.296	0.483	
TEST set, F1 :	0.656	0.348	0.424	0.476	
TEST set, AUC:	0.778	0.606	0.827	0.737	
TEST set, ACC:	0.680	0.552	0.780	0.671	
TEST set, SPE:	0.764	0.552	0.963	0.759	
[21-02-03 21:25:10-INFO] BEST_RECALL: 0.593, EPOCH:  31
[21-02-03 21:35:23-INFO] EPOCH: 36
[21-02-03 21:35:23-INFO] TRAIN_LOSS : 0.049, TIME: 613.1s
[21-02-03 21:36:15-INFO] VAL _RECALL: 0.914, TIME: 51.7s
[21-02-03 21:36:15-DEBUG] 
VAL  set, TITLE	CLS0	CLS1	CLS2	MEAN
VAL  set, REC:	0.760	1.000	0.982	0.914	
VAL  set, F1 :	0.863	0.824	0.991	0.893	
VAL  set, AUC:	0.999	1.000	1.000	1.000	
VAL  set, ACC:	0.881	0.877	0.996	0.918	
VAL  set, SPE:	1.000	0.827	1.000	0.942	
[21-02-03 21:37:07-INFO] TEST_RECALL: 0.440, TIME: 51.9s
[21-02-03 21:37:07-DEBUG] 
TEST set, TITLE	CLS0	CLS1	CLS2	MEAN
TEST set, REC:	0.197	0.911	0.211	0.440	
TEST set, F1 :	0.319	0.382	0.341	0.347	
TEST set, AUC:	0.708	0.615	0.823	0.715	
TEST set, ACC:	0.571	0.363	0.776	0.570	
TEST set, SPE:	0.961	0.212	0.989	0.721	
[21-02-03 21:37:08-INFO] BEST_RECALL: 0.593, EPOCH:  31
[21-02-03 21:47:21-INFO] EPOCH: 37
[21-02-03 21:47:21-INFO] TRAIN_LOSS : 0.029, TIME: 612.9s
[21-02-03 21:48:12-INFO] VAL _RECALL: 0.830, TIME: 51.8s
[21-02-03 21:48:12-DEBUG] 
VAL  set, TITLE	CLS0	CLS1	CLS2	MEAN
VAL  set, REC:	0.984	0.507	1.000	0.830	
VAL  set, F1 :	0.992	0.673	0.742	0.802	
VAL  set, AUC:	1.000	1.000	1.000	1.000	
VAL  set, ACC:	0.992	0.858	0.850	0.900	
VAL  set, SPE:	1.000	1.000	0.809	0.936	
[21-02-03 21:49:04-INFO] TEST_RECALL: 0.502, TIME: 51.4s
[21-02-03 21:49:04-DEBUG] 
TEST set, TITLE	CLS0	CLS1	CLS2	MEAN
TEST set, REC:	0.576	0.000	0.930	0.502	
TEST set, F1 :	0.670	0.000	0.562	0.410	
TEST set, AUC:	0.831	0.579	0.833	0.747	
TEST set, ACC:	0.710	0.784	0.602	0.699	
TEST set, SPE:	0.850	1.000	0.479	0.776	
[21-02-03 21:49:05-INFO] BEST_RECALL: 0.593, EPOCH:  31
[21-02-03 21:59:19-INFO] EPOCH: 38
[21-02-03 21:59:19-INFO] TRAIN_LOSS : 0.021, TIME: 614.0s
[21-02-03 22:00:11-INFO] VAL _RECALL: 1.000, TIME: 52.0s
[21-02-03 22:00:11-DEBUG] 
VAL  set, TITLE	CLS0	CLS1	CLS2	MEAN
VAL  set, REC:	1.000	1.000	1.000	1.000	
VAL  set, F1 :	1.000	1.000	1.000	1.000	
VAL  set, AUC:	1.000	1.000	1.000	1.000	
VAL  set, ACC:	1.000	1.000	1.000	1.000	
VAL  set, SPE:	1.000	1.000	1.000	1.000	
[21-02-03 22:01:02-INFO] TEST_RECALL: 0.570, TIME: 51.4s
[21-02-03 22:01:02-DEBUG] 
TEST set, TITLE	CLS0	CLS1	CLS2	MEAN
TEST set, REC:	0.742	0.250	0.718	0.570	
TEST set, F1 :	0.742	0.289	0.650	0.560	
TEST set, AUC:	0.816	0.603	0.819	0.746	
TEST set, ACC:	0.737	0.734	0.788	0.753	
TEST set, SPE:	0.732	0.867	0.814	0.804	
[21-02-03 22:01:03-INFO] BEST_RECALL: 0.593, EPOCH:  31
[21-02-03 22:11:17-INFO] EPOCH: 39
[21-02-03 22:11:17-INFO] TRAIN_LOSS : 0.016, TIME: 613.2s
[21-02-03 22:12:08-INFO] VAL _RECALL: 1.000, TIME: 51.8s
[21-02-03 22:12:08-DEBUG] 
VAL  set, TITLE	CLS0	CLS1	CLS2	MEAN
VAL  set, REC:	1.000	1.000	1.000	1.000	
VAL  set, F1 :	1.000	1.000	1.000	1.000	
VAL  set, AUC:	1.000	1.000	1.000	1.000	
VAL  set, ACC:	1.000	1.000	1.000	1.000	
VAL  set, SPE:	1.000	1.000	1.000	1.000	
[21-02-03 22:13:00-INFO] TEST_RECALL: 0.610, TIME: 51.4s
[21-02-03 22:13:00-DEBUG] 
TEST set, TITLE	CLS0	CLS1	CLS2	MEAN
TEST set, REC:	0.750	0.375	0.704	0.610	
TEST set, F1 :	0.747	0.389	0.690	0.609	
TEST set, AUC:	0.825	0.620	0.847	0.764	
TEST set, ACC:	0.741	0.745	0.826	0.771	
TEST set, SPE:	0.732	0.847	0.872	0.817	
[21-02-03 22:13:02-INFO] BEST_RECALL: 0.610, EPOCH:  39
[21-02-03 22:23:14-INFO] EPOCH: 40
[21-02-03 22:23:14-INFO] TRAIN_LOSS : 0.007, TIME: 612.5s
[21-02-03 22:24:06-INFO] VAL _RECALL: 1.000, TIME: 51.6s
[21-02-03 22:24:06-DEBUG] 
VAL  set, TITLE	CLS0	CLS1	CLS2	MEAN
VAL  set, REC:	1.000	1.000	1.000	1.000	
VAL  set, F1 :	1.000	1.000	1.000	1.000	
VAL  set, AUC:	1.000	1.000	1.000	1.000	
VAL  set, ACC:	1.000	1.000	1.000	1.000	
VAL  set, SPE:	1.000	1.000	1.000	1.000	
[21-02-03 22:24:57-INFO] TEST_RECALL: 0.578, TIME: 51.4s
[21-02-03 22:24:57-DEBUG] 
TEST set, TITLE	CLS0	CLS1	CLS2	MEAN
TEST set, REC:	0.758	0.286	0.690	0.578	
TEST set, F1 :	0.758	0.311	0.649	0.572	
TEST set, AUC:	0.831	0.617	0.851	0.766	
TEST set, ACC:	0.753	0.726	0.795	0.758	
TEST set, SPE:	0.748	0.847	0.835	0.810	
[21-02-03 22:24:58-INFO] BEST_RECALL: 0.610, EPOCH:  39
[21-02-03 22:35:11-INFO] EPOCH: 41
[21-02-03 22:35:11-INFO] TRAIN_LOSS : 0.003, TIME: 612.4s
[21-02-03 22:36:02-INFO] VAL _RECALL: 1.000, TIME: 51.7s
[21-02-03 22:36:02-DEBUG] 
VAL  set, TITLE	CLS0	CLS1	CLS2	MEAN
VAL  set, REC:	1.000	1.000	1.000	1.000	
VAL  set, F1 :	1.000	1.000	1.000	1.000	
VAL  set, AUC:	1.000	1.000	1.000	1.000	
VAL  set, ACC:	1.000	1.000	1.000	1.000	
VAL  set, SPE:	1.000	1.000	1.000	1.000	
[21-02-03 22:36:54-INFO] TEST_RECALL: 0.584, TIME: 51.4s
[21-02-03 22:36:54-DEBUG] 
TEST set, TITLE	CLS0	CLS1	CLS2	MEAN
TEST set, REC:	0.803	0.232	0.718	0.584	
TEST set, F1 :	0.777	0.286	0.662	0.575	
TEST set, AUC:	0.839	0.621	0.853	0.771	
TEST set, ACC:	0.764	0.749	0.799	0.771	
TEST set, SPE:	0.724	0.892	0.830	0.815	
[21-02-03 22:36:55-INFO] BEST_RECALL: 0.610, EPOCH:  39
[21-02-03 22:47:07-INFO] EPOCH: 42
[21-02-03 22:47:08-INFO] TRAIN_LOSS : 0.003, TIME: 612.6s
[21-02-03 22:48:00-INFO] VAL _RECALL: 1.000, TIME: 52.0s
[21-02-03 22:48:00-DEBUG] 
VAL  set, TITLE	CLS0	CLS1	CLS2	MEAN
VAL  set, REC:	1.000	1.000	1.000	1.000	
VAL  set, F1 :	1.000	1.000	1.000	1.000	
VAL  set, AUC:	1.000	1.000	1.000	1.000	
VAL  set, ACC:	1.000	1.000	1.000	1.000	
VAL  set, SPE:	1.000	1.000	1.000	1.000	
[21-02-03 22:48:51-INFO] TEST_RECALL: 0.559, TIME: 51.5s
[21-02-03 22:48:51-DEBUG] 
TEST set, TITLE	CLS0	CLS1	CLS2	MEAN
TEST set, REC:	0.697	0.179	0.803	0.559	
TEST set, F1 :	0.730	0.247	0.616	0.531	
TEST set, AUC:	0.839	0.633	0.848	0.773	
TEST set, ACC:	0.737	0.764	0.726	0.743	
TEST set, SPE:	0.780	0.926	0.697	0.801	
[21-02-03 22:48:52-INFO] BEST_RECALL: 0.610, EPOCH:  39
[21-02-03 22:59:05-INFO] EPOCH: 43
[21-02-03 22:59:05-INFO] TRAIN_LOSS : 0.002, TIME: 613.3s
[21-02-03 22:59:57-INFO] VAL _RECALL: 1.000, TIME: 51.8s
[21-02-03 22:59:57-DEBUG] 
VAL  set, TITLE	CLS0	CLS1	CLS2	MEAN
VAL  set, REC:	1.000	1.000	1.000	1.000	
VAL  set, F1 :	1.000	1.000	1.000	1.000	
VAL  set, AUC:	1.000	1.000	1.000	1.000	
VAL  set, ACC:	1.000	1.000	1.000	1.000	
VAL  set, SPE:	1.000	1.000	1.000	1.000	
[21-02-03 23:00:49-INFO] TEST_RECALL: 0.595, TIME: 51.6s
[21-02-03 23:00:49-DEBUG] 
TEST set, TITLE	CLS0	CLS1	CLS2	MEAN
TEST set, REC:	0.818	0.375	0.592	0.595	
TEST set, F1 :	0.774	0.378	0.656	0.603	
TEST set, AUC:	0.833	0.658	0.852	0.781	
TEST set, ACC:	0.757	0.734	0.830	0.773	
TEST set, SPE:	0.693	0.833	0.920	0.815	
[21-02-03 23:00:50-INFO] BEST_RECALL: 0.610, EPOCH:  39
[21-02-03 23:11:03-INFO] EPOCH: 44
[21-02-03 23:11:03-INFO] TRAIN_LOSS : 0.002, TIME: 613.1s
[21-02-03 23:11:55-INFO] VAL _RECALL: 1.000, TIME: 51.9s
[21-02-03 23:11:55-DEBUG] 
VAL  set, TITLE	CLS0	CLS1	CLS2	MEAN
VAL  set, REC:	1.000	1.000	1.000	1.000	
VAL  set, F1 :	1.000	1.000	1.000	1.000	
VAL  set, AUC:	1.000	1.000	1.000	1.000	
VAL  set, ACC:	1.000	1.000	1.000	1.000	
VAL  set, SPE:	1.000	1.000	1.000	1.000	
[21-02-03 23:12:47-INFO] TEST_RECALL: 0.595, TIME: 51.7s
[21-02-03 23:12:47-DEBUG] 
TEST set, TITLE	CLS0	CLS1	CLS2	MEAN
TEST set, REC:	0.765	0.429	0.592	0.595	
TEST set, F1 :	0.751	0.393	0.661	0.602	
TEST set, AUC:	0.830	0.656	0.848	0.778	
TEST set, ACC:	0.741	0.714	0.834	0.763	
TEST set, SPE:	0.717	0.793	0.926	0.812	
[21-02-03 23:12:48-INFO] BEST_RECALL: 0.610, EPOCH:  39
[21-02-03 23:23:01-INFO] EPOCH: 45
[21-02-03 23:23:01-INFO] TRAIN_LOSS : 0.001, TIME: 613.1s
[21-02-03 23:23:53-INFO] VAL _RECALL: 1.000, TIME: 51.8s
[21-02-03 23:23:53-DEBUG] 
VAL  set, TITLE	CLS0	CLS1	CLS2	MEAN
VAL  set, REC:	1.000	1.000	1.000	1.000	
VAL  set, F1 :	1.000	1.000	1.000	1.000	
VAL  set, AUC:	1.000	1.000	1.000	1.000	
VAL  set, ACC:	1.000	1.000	1.000	1.000	
VAL  set, SPE:	1.000	1.000	1.000	1.000	
[21-02-03 23:24:44-INFO] TEST_RECALL: 0.608, TIME: 51.8s
[21-02-03 23:24:44-DEBUG] 
TEST set, TITLE	CLS0	CLS1	CLS2	MEAN
TEST set, REC:	0.795	0.339	0.690	0.608	
TEST set, F1 :	0.778	0.362	0.685	0.608	
TEST set, AUC:	0.837	0.654	0.853	0.781	
TEST set, ACC:	0.768	0.741	0.826	0.779	
TEST set, SPE:	0.740	0.852	0.878	0.823	
[21-02-03 23:24:46-INFO] BEST_RECALL: 0.610, EPOCH:  39
[21-02-03 23:34:58-INFO] EPOCH: 46
[21-02-03 23:34:58-INFO] TRAIN_LOSS : 0.001, TIME: 612.9s
[21-02-03 23:35:50-INFO] VAL _RECALL: 1.000, TIME: 51.8s
[21-02-03 23:35:50-DEBUG] 
VAL  set, TITLE	CLS0	CLS1	CLS2	MEAN
VAL  set, REC:	1.000	1.000	1.000	1.000	
VAL  set, F1 :	1.000	1.000	1.000	1.000	
VAL  set, AUC:	1.000	1.000	1.000	1.000	
VAL  set, ACC:	1.000	1.000	1.000	1.000	
VAL  set, SPE:	1.000	1.000	1.000	1.000	
[21-02-03 23:36:42-INFO] TEST_RECALL: 0.601, TIME: 51.6s
[21-02-03 23:36:42-DEBUG] 
TEST set, TITLE	CLS0	CLS1	CLS2	MEAN
TEST set, REC:	0.811	0.357	0.634	0.601	
TEST set, F1 :	0.773	0.377	0.667	0.606	
TEST set, AUC:	0.841	0.659	0.853	0.785	
TEST set, ACC:	0.757	0.745	0.826	0.776	
TEST set, SPE:	0.701	0.852	0.899	0.817	
[21-02-03 23:36:43-INFO] BEST_RECALL: 0.610, EPOCH:  39
[21-02-03 23:46:55-INFO] EPOCH: 47
[21-02-03 23:46:55-INFO] TRAIN_LOSS : 0.001, TIME: 612.1s
[21-02-03 23:47:47-INFO] VAL _RECALL: 1.000, TIME: 52.1s
[21-02-03 23:47:47-DEBUG] 
VAL  set, TITLE	CLS0	CLS1	CLS2	MEAN
VAL  set, REC:	1.000	1.000	1.000	1.000	
VAL  set, F1 :	1.000	1.000	1.000	1.000	
VAL  set, AUC:	1.000	1.000	1.000	1.000	
VAL  set, ACC:	1.000	1.000	1.000	1.000	
VAL  set, SPE:	1.000	1.000	1.000	1.000	
[21-02-03 23:48:39-INFO] TEST_RECALL: 0.615, TIME: 51.5s
[21-02-03 23:48:39-DEBUG] 
TEST set, TITLE	CLS0	CLS1	CLS2	MEAN
TEST set, REC:	0.811	0.357	0.676	0.615	
TEST set, F1 :	0.784	0.385	0.681	0.616	
TEST set, AUC:	0.843	0.661	0.856	0.787	
TEST set, ACC:	0.772	0.753	0.826	0.784	
TEST set, SPE:	0.732	0.862	0.883	0.826	
[21-02-03 23:48:41-INFO] BEST_RECALL: 0.615, EPOCH:  47
[21-02-03 23:58:54-INFO] EPOCH: 48
[21-02-03 23:58:54-INFO] TRAIN_LOSS : 0.001, TIME: 613.6s
[21-02-03 23:59:46-INFO] VAL _RECALL: 1.000, TIME: 51.8s
[21-02-03 23:59:46-DEBUG] 
VAL  set, TITLE	CLS0	CLS1	CLS2	MEAN
VAL  set, REC:	1.000	1.000	1.000	1.000	
VAL  set, F1 :	1.000	1.000	1.000	1.000	
VAL  set, AUC:	1.000	1.000	1.000	1.000	
VAL  set, ACC:	1.000	1.000	1.000	1.000	
VAL  set, SPE:	1.000	1.000	1.000	1.000	
[21-02-04 00:00:38-INFO] TEST_RECALL: 0.600, TIME: 51.5s
[21-02-04 00:00:38-DEBUG] 
TEST set, TITLE	CLS0	CLS1	CLS2	MEAN
TEST set, REC:	0.803	0.321	0.676	0.600	
TEST set, F1 :	0.785	0.346	0.667	0.599	
TEST set, AUC:	0.837	0.655	0.847	0.780	
TEST set, ACC:	0.776	0.737	0.815	0.776	
TEST set, SPE:	0.748	0.852	0.867	0.822	
[21-02-04 00:00:39-INFO] BEST_RECALL: 0.615, EPOCH:  47
[21-02-04 00:10:51-INFO] EPOCH: 49
[21-02-04 00:10:51-INFO] TRAIN_LOSS : 0.001, TIME: 612.1s
[21-02-04 00:11:43-INFO] VAL _RECALL: 1.000, TIME: 51.8s
[21-02-04 00:11:43-DEBUG] 
VAL  set, TITLE	CLS0	CLS1	CLS2	MEAN
VAL  set, REC:	1.000	1.000	1.000	1.000	
VAL  set, F1 :	1.000	1.000	1.000	1.000	
VAL  set, AUC:	1.000	1.000	1.000	1.000	
VAL  set, ACC:	1.000	1.000	1.000	1.000	
VAL  set, SPE:	1.000	1.000	1.000	1.000	
[21-02-04 00:12:34-INFO] TEST_RECALL: 0.607, TIME: 51.4s
[21-02-04 00:12:34-DEBUG] 
TEST set, TITLE	CLS0	CLS1	CLS2	MEAN
TEST set, REC:	0.795	0.393	0.634	0.607	
TEST set, F1 :	0.787	0.393	0.647	0.609	
TEST set, AUC:	0.843	0.662	0.848	0.785	
TEST set, ACC:	0.780	0.737	0.811	0.776	
TEST set, SPE:	0.764	0.833	0.878	0.825	
[21-02-04 00:12:35-INFO] BEST_RECALL: 0.615, EPOCH:  47
[21-02-04 00:22:48-INFO] EPOCH: 50
[21-02-04 00:22:48-INFO] TRAIN_LOSS : 0.001, TIME: 613.1s
[21-02-04 00:23:40-INFO] VAL _RECALL: 1.000, TIME: 51.6s
[21-02-04 00:23:40-DEBUG] 
VAL  set, TITLE	CLS0	CLS1	CLS2	MEAN
VAL  set, REC:	1.000	1.000	1.000	1.000	
VAL  set, F1 :	1.000	1.000	1.000	1.000	
VAL  set, AUC:	1.000	1.000	1.000	1.000	
VAL  set, ACC:	1.000	1.000	1.000	1.000	
VAL  set, SPE:	1.000	1.000	1.000	1.000	
[21-02-04 00:24:31-INFO] TEST_RECALL: 0.599, TIME: 51.5s
[21-02-04 00:24:31-DEBUG] 
TEST set, TITLE	CLS0	CLS1	CLS2	MEAN
TEST set, REC:	0.773	0.375	0.648	0.599	
TEST set, F1 :	0.767	0.375	0.657	0.600	
TEST set, AUC:	0.840	0.666	0.854	0.787	
TEST set, ACC:	0.761	0.730	0.815	0.768	
TEST set, SPE:	0.748	0.828	0.878	0.818	
[21-02-04 00:24:32-INFO] BEST_RECALL: 0.615, EPOCH:  47
[21-02-04 00:34:45-INFO] EPOCH: 51
[21-02-04 00:34:45-INFO] TRAIN_LOSS : 0.001, TIME: 612.9s
[21-02-04 00:35:37-INFO] VAL _RECALL: 1.000, TIME: 51.8s
[21-02-04 00:35:37-DEBUG] 
VAL  set, TITLE	CLS0	CLS1	CLS2	MEAN
VAL  set, REC:	1.000	1.000	1.000	1.000	
VAL  set, F1 :	1.000	1.000	1.000	1.000	
VAL  set, AUC:	1.000	1.000	1.000	1.000	
VAL  set, ACC:	1.000	1.000	1.000	1.000	
VAL  set, SPE:	1.000	1.000	1.000	1.000	
[21-02-04 00:36:29-INFO] TEST_RECALL: 0.609, TIME: 51.7s
[21-02-04 00:36:29-DEBUG] 
TEST set, TITLE	CLS0	CLS1	CLS2	MEAN
TEST set, REC:	0.848	0.304	0.676	0.609	
TEST set, F1 :	0.806	0.343	0.681	0.610	
TEST set, AUC:	0.851	0.679	0.863	0.798	
TEST set, ACC:	0.792	0.749	0.826	0.789	
TEST set, SPE:	0.732	0.872	0.883	0.829	
[21-02-04 00:36:30-INFO] BEST_RECALL: 0.615, EPOCH:  47
[21-02-04 00:46:43-INFO] EPOCH: 52
[21-02-04 00:46:43-INFO] TRAIN_LOSS : 0.000, TIME: 613.3s
[21-02-04 00:47:35-INFO] VAL _RECALL: 1.000, TIME: 51.6s
[21-02-04 00:47:35-DEBUG] 
VAL  set, TITLE	CLS0	CLS1	CLS2	MEAN
VAL  set, REC:	1.000	1.000	1.000	1.000	
VAL  set, F1 :	1.000	1.000	1.000	1.000	
VAL  set, AUC:	1.000	1.000	1.000	1.000	
VAL  set, ACC:	1.000	1.000	1.000	1.000	
VAL  set, SPE:	1.000	1.000	1.000	1.000	
[21-02-04 00:48:26-INFO] TEST_RECALL: 0.614, TIME: 51.5s
[21-02-04 00:48:26-DEBUG] 
TEST set, TITLE	CLS0	CLS1	CLS2	MEAN
TEST set, REC:	0.826	0.339	0.676	0.614	
TEST set, F1 :	0.799	0.369	0.676	0.615	
TEST set, AUC:	0.849	0.676	0.859	0.795	
TEST set, ACC:	0.788	0.749	0.822	0.786	
TEST set, SPE:	0.748	0.862	0.878	0.829	
[21-02-04 00:48:27-INFO] BEST_RECALL: 0.615, EPOCH:  47
[21-02-04 00:58:40-INFO] EPOCH: 53
[21-02-04 00:58:40-INFO] TRAIN_LOSS : 0.001, TIME: 613.0s
[21-02-04 00:59:32-INFO] VAL _RECALL: 1.000, TIME: 51.7s
[21-02-04 00:59:32-DEBUG] 
VAL  set, TITLE	CLS0	CLS1	CLS2	MEAN
VAL  set, REC:	1.000	1.000	1.000	1.000	
VAL  set, F1 :	1.000	1.000	1.000	1.000	
VAL  set, AUC:	1.000	1.000	1.000	1.000	
VAL  set, ACC:	1.000	1.000	1.000	1.000	
VAL  set, SPE:	1.000	1.000	1.000	1.000	
[21-02-04 01:00:24-INFO] TEST_RECALL: 0.623, TIME: 51.8s
[21-02-04 01:00:24-DEBUG] 
TEST set, TITLE	CLS0	CLS1	CLS2	MEAN
TEST set, REC:	0.894	0.286	0.690	0.623	
TEST set, F1 :	0.817	0.364	0.695	0.625	
TEST set, AUC:	0.860	0.671	0.864	0.798	
TEST set, ACC:	0.795	0.784	0.834	0.804	
TEST set, SPE:	0.693	0.921	0.888	0.834	
[21-02-04 01:00:26-INFO] BEST_RECALL: 0.623, EPOCH:  53
[21-02-04 01:10:39-INFO] EPOCH: 54
[21-02-04 01:10:39-INFO] TRAIN_LOSS : 0.001, TIME: 613.0s
[21-02-04 01:11:31-INFO] VAL _RECALL: 1.000, TIME: 51.8s
[21-02-04 01:11:31-DEBUG] 
VAL  set, TITLE	CLS0	CLS1	CLS2	MEAN
VAL  set, REC:	1.000	1.000	1.000	1.000	
VAL  set, F1 :	1.000	1.000	1.000	1.000	
VAL  set, AUC:	1.000	1.000	1.000	1.000	
VAL  set, ACC:	1.000	1.000	1.000	1.000	
VAL  set, SPE:	1.000	1.000	1.000	1.000	
[21-02-04 01:12:22-INFO] TEST_RECALL: 0.607, TIME: 51.6s
[21-02-04 01:12:22-DEBUG] 
TEST set, TITLE	CLS0	CLS1	CLS2	MEAN
TEST set, REC:	0.848	0.268	0.704	0.607	
TEST set, F1 :	0.797	0.341	0.671	0.603	
TEST set, AUC:	0.850	0.669	0.862	0.794	
TEST set, ACC:	0.780	0.776	0.811	0.789	
TEST set, SPE:	0.709	0.916	0.851	0.825	
[21-02-04 01:12:23-INFO] BEST_RECALL: 0.623, EPOCH:  53
[21-02-04 01:22:23-INFO] EPOCH: 55
[21-02-04 01:22:23-INFO] TRAIN_LOSS : 0.000, TIME: 599.6s
[21-02-04 01:23:15-INFO] VAL _RECALL: 1.000, TIME: 51.9s
[21-02-04 01:23:15-DEBUG] 
VAL  set, TITLE	CLS0	CLS1	CLS2	MEAN
VAL  set, REC:	1.000	1.000	1.000	1.000	
VAL  set, F1 :	1.000	1.000	1.000	1.000	
VAL  set, AUC:	1.000	1.000	1.000	1.000	
VAL  set, ACC:	1.000	1.000	1.000	1.000	
VAL  set, SPE:	1.000	1.000	1.000	1.000	
[21-02-04 01:24:07-INFO] TEST_RECALL: 0.593, TIME: 51.7s
[21-02-04 01:24:07-DEBUG] 
TEST set, TITLE	CLS0	CLS1	CLS2	MEAN
TEST set, REC:	0.780	0.393	0.606	0.593	
TEST set, F1 :	0.772	0.373	0.647	0.597	
TEST set, AUC:	0.845	0.669	0.859	0.791	
TEST set, ACC:	0.764	0.714	0.819	0.766	
TEST set, SPE:	0.748	0.803	0.899	0.817	
[21-02-04 01:24:08-INFO] BEST_RECALL: 0.623, EPOCH:  53
[21-02-04 01:34:22-INFO] EPOCH: 56
[21-02-04 01:34:22-INFO] TRAIN_LOSS : 0.000, TIME: 614.0s
[21-02-04 01:35:13-INFO] VAL _RECALL: 1.000, TIME: 51.7s
[21-02-04 01:35:13-DEBUG] 
VAL  set, TITLE	CLS0	CLS1	CLS2	MEAN
VAL  set, REC:	1.000	1.000	1.000	1.000	
VAL  set, F1 :	1.000	1.000	1.000	1.000	
VAL  set, AUC:	1.000	1.000	1.000	1.000	
VAL  set, ACC:	1.000	1.000	1.000	1.000	
VAL  set, SPE:	1.000	1.000	1.000	1.000	
[21-02-04 01:36:05-INFO] TEST_RECALL: 0.595, TIME: 51.7s
[21-02-04 01:36:05-DEBUG] 
TEST set, TITLE	CLS0	CLS1	CLS2	MEAN
TEST set, REC:	0.826	0.411	0.549	0.595	
TEST set, F1 :	0.793	0.390	0.624	0.602	
TEST set, AUC:	0.845	0.671	0.853	0.790	
TEST set, ACC:	0.780	0.722	0.819	0.773	
TEST set, SPE:	0.732	0.808	0.920	0.820	
[21-02-04 01:36:06-INFO] BEST_RECALL: 0.623, EPOCH:  53
[21-02-04 01:46:19-INFO] EPOCH: 57
[21-02-04 01:46:19-INFO] TRAIN_LOSS : 0.000, TIME: 613.0s
[21-02-04 01:47:11-INFO] VAL _RECALL: 1.000, TIME: 51.8s
[21-02-04 01:47:11-DEBUG] 
VAL  set, TITLE	CLS0	CLS1	CLS2	MEAN
VAL  set, REC:	1.000	1.000	1.000	1.000	
VAL  set, F1 :	1.000	1.000	1.000	1.000	
VAL  set, AUC:	1.000	1.000	1.000	1.000	
VAL  set, ACC:	1.000	1.000	1.000	1.000	
VAL  set, SPE:	1.000	1.000	1.000	1.000	
[21-02-04 01:48:03-INFO] TEST_RECALL: 0.616, TIME: 51.6s
[21-02-04 01:48:03-DEBUG] 
TEST set, TITLE	CLS0	CLS1	CLS2	MEAN
TEST set, REC:	0.841	0.429	0.577	0.616	
TEST set, F1 :	0.796	0.425	0.651	0.624	
TEST set, AUC:	0.847	0.676	0.862	0.795	
TEST set, ACC:	0.780	0.749	0.830	0.786	
TEST set, SPE:	0.717	0.837	0.926	0.827	
[21-02-04 01:48:04-INFO] BEST_RECALL: 0.623, EPOCH:  53
[21-02-04 01:58:18-INFO] EPOCH: 58
[21-02-04 01:58:18-INFO] TRAIN_LOSS : 0.000, TIME: 613.9s
[21-02-04 01:59:10-INFO] VAL _RECALL: 1.000, TIME: 51.7s
[21-02-04 01:59:10-DEBUG] 
VAL  set, TITLE	CLS0	CLS1	CLS2	MEAN
VAL  set, REC:	1.000	1.000	1.000	1.000	
VAL  set, F1 :	1.000	1.000	1.000	1.000	
VAL  set, AUC:	1.000	1.000	1.000	1.000	
VAL  set, ACC:	1.000	1.000	1.000	1.000	
VAL  set, SPE:	1.000	1.000	1.000	1.000	
[21-02-04 02:00:01-INFO] TEST_RECALL: 0.619, TIME: 51.5s
[21-02-04 02:00:01-DEBUG] 
TEST set, TITLE	CLS0	CLS1	CLS2	MEAN
TEST set, REC:	0.879	0.304	0.676	0.619	
TEST set, F1 :	0.806	0.374	0.691	0.623	
TEST set, AUC:	0.853	0.673	0.861	0.796	
TEST set, ACC:	0.784	0.780	0.834	0.799	
TEST set, SPE:	0.685	0.911	0.894	0.830	
[21-02-04 02:00:02-INFO] BEST_RECALL: 0.623, EPOCH:  53
[21-02-04 02:10:17-INFO] EPOCH: 59
[21-02-04 02:10:17-INFO] TRAIN_LOSS : 0.000, TIME: 614.6s
[21-02-04 02:11:09-INFO] VAL _RECALL: 1.000, TIME: 51.7s
[21-02-04 02:11:09-DEBUG] 
VAL  set, TITLE	CLS0	CLS1	CLS2	MEAN
VAL  set, REC:	1.000	1.000	1.000	1.000	
VAL  set, F1 :	1.000	1.000	1.000	1.000	
VAL  set, AUC:	1.000	1.000	1.000	1.000	
VAL  set, ACC:	1.000	1.000	1.000	1.000	
VAL  set, SPE:	1.000	1.000	1.000	1.000	
[21-02-04 02:12:00-INFO] TEST_RECALL: 0.621, TIME: 51.6s
[21-02-04 02:12:00-DEBUG] 
TEST set, TITLE	CLS0	CLS1	CLS2	MEAN
TEST set, REC:	0.856	0.304	0.704	0.621	
TEST set, F1 :	0.796	0.374	0.699	0.623	
TEST set, AUC:	0.854	0.677	0.861	0.797	
TEST set, ACC:	0.776	0.780	0.834	0.797	
TEST set, SPE:	0.693	0.911	0.883	0.829	
[21-02-04 02:12:01-INFO] BEST_RECALL: 0.623, EPOCH:  53
[21-02-04 02:22:15-INFO] EPOCH: 60
[21-02-04 02:22:15-INFO] TRAIN_LOSS : 0.000, TIME: 614.3s
[21-02-04 02:23:07-INFO] VAL _RECALL: 1.000, TIME: 51.8s
[21-02-04 02:23:07-DEBUG] 
VAL  set, TITLE	CLS0	CLS1	CLS2	MEAN
VAL  set, REC:	1.000	1.000	1.000	1.000	
VAL  set, F1 :	1.000	1.000	1.000	1.000	
VAL  set, AUC:	1.000	1.000	1.000	1.000	
VAL  set, ACC:	1.000	1.000	1.000	1.000	
VAL  set, SPE:	1.000	1.000	1.000	1.000	
[21-02-04 02:23:59-INFO] TEST_RECALL: 0.621, TIME: 51.5s
[21-02-04 02:23:59-DEBUG] 
TEST set, TITLE	CLS0	CLS1	CLS2	MEAN
TEST set, REC:	0.848	0.339	0.676	0.621	
TEST set, F1 :	0.803	0.388	0.681	0.624	
TEST set, AUC:	0.855	0.677	0.855	0.796	
TEST set, ACC:	0.788	0.768	0.826	0.794	
TEST set, SPE:	0.724	0.887	0.883	0.831	
[21-02-04 02:24:00-INFO] BEST_RECALL: 0.623, EPOCH:  53
[21-02-04 02:34:12-INFO] EPOCH: 61
[21-02-04 02:34:12-INFO] TRAIN_LOSS : 0.000, TIME: 612.0s
[21-02-04 02:35:03-INFO] VAL _RECALL: 1.000, TIME: 51.6s
[21-02-04 02:35:03-DEBUG] 
VAL  set, TITLE	CLS0	CLS1	CLS2	MEAN
VAL  set, REC:	1.000	1.000	1.000	1.000	
VAL  set, F1 :	1.000	1.000	1.000	1.000	
VAL  set, AUC:	1.000	1.000	1.000	1.000	
VAL  set, ACC:	1.000	1.000	1.000	1.000	
VAL  set, SPE:	1.000	1.000	1.000	1.000	
[21-02-04 02:35:55-INFO] TEST_RECALL: 0.593, TIME: 51.8s
[21-02-04 02:35:55-DEBUG] 
TEST set, TITLE	CLS0	CLS1	CLS2	MEAN
TEST set, REC:	0.773	0.232	0.775	0.593	
TEST set, F1 :	0.776	0.306	0.647	0.576	
TEST set, AUC:	0.856	0.665	0.854	0.792	
TEST set, ACC:	0.772	0.772	0.768	0.771	
TEST set, SPE:	0.772	0.921	0.766	0.820	
[21-02-04 02:35:56-INFO] BEST_RECALL: 0.623, EPOCH:  53
[21-02-04 02:46:09-INFO] EPOCH: 62
[21-02-04 02:46:09-INFO] TRAIN_LOSS : 0.000, TIME: 613.2s
[21-02-04 02:47:01-INFO] VAL _RECALL: 1.000, TIME: 51.7s
[21-02-04 02:47:01-DEBUG] 
VAL  set, TITLE	CLS0	CLS1	CLS2	MEAN
VAL  set, REC:	1.000	1.000	1.000	1.000	
VAL  set, F1 :	1.000	1.000	1.000	1.000	
VAL  set, AUC:	1.000	1.000	1.000	1.000	
VAL  set, ACC:	1.000	1.000	1.000	1.000	
VAL  set, SPE:	1.000	1.000	1.000	1.000	
[21-02-04 02:47:52-INFO] TEST_RECALL: 0.636, TIME: 51.4s
[21-02-04 02:47:52-DEBUG] 
TEST set, TITLE	CLS0	CLS1	CLS2	MEAN
TEST set, REC:	0.864	0.411	0.634	0.636	
TEST set, F1 :	0.814	0.442	0.672	0.643	
TEST set, AUC:	0.848	0.671	0.852	0.790	
TEST set, ACC:	0.799	0.776	0.830	0.802	
TEST set, SPE:	0.732	0.877	0.904	0.838	
[21-02-04 02:47:55-INFO] BEST_RECALL: 0.636, EPOCH:  62
[21-02-04 02:58:06-INFO] EPOCH: 63
[21-02-04 02:58:06-INFO] TRAIN_LOSS : 0.000, TIME: 611.6s
[21-02-04 02:58:58-INFO] VAL _RECALL: 1.000, TIME: 51.4s
[21-02-04 02:58:58-DEBUG] 
VAL  set, TITLE	CLS0	CLS1	CLS2	MEAN
VAL  set, REC:	1.000	1.000	1.000	1.000	
VAL  set, F1 :	1.000	1.000	1.000	1.000	
VAL  set, AUC:	1.000	1.000	1.000	1.000	
VAL  set, ACC:	1.000	1.000	1.000	1.000	
VAL  set, SPE:	1.000	1.000	1.000	1.000	
[21-02-04 02:59:49-INFO] TEST_RECALL: 0.624, TIME: 51.7s
[21-02-04 02:59:49-DEBUG] 
TEST set, TITLE	CLS0	CLS1	CLS2	MEAN
TEST set, REC:	0.811	0.357	0.704	0.624	
TEST set, F1 :	0.790	0.396	0.685	0.624	
TEST set, AUC:	0.851	0.662	0.858	0.790	
TEST set, ACC:	0.780	0.764	0.822	0.789	
TEST set, SPE:	0.748	0.877	0.867	0.831	
[21-02-04 02:59:50-INFO] BEST_RECALL: 0.636, EPOCH:  62
[21-02-04 03:10:03-INFO] EPOCH: 64
[21-02-04 03:10:03-INFO] TRAIN_LOSS : 0.000, TIME: 612.7s
[21-02-04 03:10:55-INFO] VAL _RECALL: 1.000, TIME: 51.6s
[21-02-04 03:10:55-DEBUG] 
VAL  set, TITLE	CLS0	CLS1	CLS2	MEAN
VAL  set, REC:	1.000	1.000	1.000	1.000	
VAL  set, F1 :	1.000	1.000	1.000	1.000	
VAL  set, AUC:	1.000	1.000	1.000	1.000	
VAL  set, ACC:	1.000	1.000	1.000	1.000	
VAL  set, SPE:	1.000	1.000	1.000	1.000	
[21-02-04 03:11:47-INFO] TEST_RECALL: 0.629, TIME: 51.9s
[21-02-04 03:11:47-DEBUG] 
TEST set, TITLE	CLS0	CLS1	CLS2	MEAN
TEST set, REC:	0.886	0.339	0.662	0.629	
TEST set, F1 :	0.818	0.404	0.681	0.635	
TEST set, AUC:	0.850	0.666	0.863	0.793	
TEST set, ACC:	0.799	0.784	0.830	0.804	
TEST set, SPE:	0.709	0.906	0.894	0.836	
[21-02-04 03:11:48-INFO] BEST_RECALL: 0.636, EPOCH:  62
[21-02-04 03:22:01-INFO] EPOCH: 65
[21-02-04 03:22:01-INFO] TRAIN_LOSS : 0.000, TIME: 613.5s
[21-02-04 03:22:53-INFO] VAL _RECALL: 1.000, TIME: 51.7s
[21-02-04 03:22:53-DEBUG] 
VAL  set, TITLE	CLS0	CLS1	CLS2	MEAN
VAL  set, REC:	1.000	1.000	1.000	1.000	
VAL  set, F1 :	1.000	1.000	1.000	1.000	
VAL  set, AUC:	1.000	1.000	1.000	1.000	
VAL  set, ACC:	1.000	1.000	1.000	1.000	
VAL  set, SPE:	1.000	1.000	1.000	1.000	
[21-02-04 03:23:45-INFO] TEST_RECALL: 0.630, TIME: 51.7s
[21-02-04 03:23:45-DEBUG] 
TEST set, TITLE	CLS0	CLS1	CLS2	MEAN
TEST set, REC:	0.864	0.321	0.704	0.630	
TEST set, F1 :	0.809	0.387	0.699	0.632	
TEST set, AUC:	0.853	0.669	0.856	0.793	
TEST set, ACC:	0.792	0.780	0.834	0.802	
TEST set, SPE:	0.717	0.906	0.883	0.835	
[21-02-04 03:23:46-INFO] BEST_RECALL: 0.636, EPOCH:  62
[21-02-04 03:33:58-INFO] EPOCH: 66
[21-02-04 03:33:58-INFO] TRAIN_LOSS : 0.000, TIME: 612.0s
[21-02-04 03:34:49-INFO] VAL _RECALL: 1.000, TIME: 51.7s
[21-02-04 03:34:49-DEBUG] 
VAL  set, TITLE	CLS0	CLS1	CLS2	MEAN
VAL  set, REC:	1.000	1.000	1.000	1.000	
VAL  set, F1 :	1.000	1.000	1.000	1.000	
VAL  set, AUC:	1.000	1.000	1.000	1.000	
VAL  set, ACC:	1.000	1.000	1.000	1.000	
VAL  set, SPE:	1.000	1.000	1.000	1.000	
[21-02-04 03:35:41-INFO] TEST_RECALL: 0.644, TIME: 51.7s
[21-02-04 03:35:41-DEBUG] 
TEST set, TITLE	CLS0	CLS1	CLS2	MEAN
TEST set, REC:	0.864	0.393	0.676	0.644	
TEST set, F1 :	0.811	0.440	0.701	0.651	
TEST set, AUC:	0.852	0.674	0.855	0.794	
TEST set, ACC:	0.795	0.784	0.842	0.807	
TEST set, SPE:	0.724	0.892	0.904	0.840	
[21-02-04 03:35:43-INFO] BEST_RECALL: 0.644, EPOCH:  66
[21-02-04 03:45:57-INFO] EPOCH: 67
[21-02-04 03:45:57-INFO] TRAIN_LOSS : 0.000, TIME: 613.4s
[21-02-04 03:46:48-INFO] VAL _RECALL: 1.000, TIME: 51.7s
[21-02-04 03:46:48-DEBUG] 
VAL  set, TITLE	CLS0	CLS1	CLS2	MEAN
VAL  set, REC:	1.000	1.000	1.000	1.000	
VAL  set, F1 :	1.000	1.000	1.000	1.000	
VAL  set, AUC:	1.000	1.000	1.000	1.000	
VAL  set, ACC:	1.000	1.000	1.000	1.000	
VAL  set, SPE:	1.000	1.000	1.000	1.000	
[21-02-04 03:47:40-INFO] TEST_RECALL: 0.620, TIME: 51.6s
[21-02-04 03:47:40-DEBUG] 
TEST set, TITLE	CLS0	CLS1	CLS2	MEAN
TEST set, REC:	0.833	0.393	0.634	0.620	
TEST set, F1 :	0.794	0.407	0.677	0.626	
TEST set, AUC:	0.847	0.670	0.850	0.789	
TEST set, ACC:	0.780	0.753	0.834	0.789	
TEST set, SPE:	0.724	0.852	0.910	0.829	
[21-02-04 03:47:41-INFO] BEST_RECALL: 0.644, EPOCH:  66
[21-02-04 03:57:54-INFO] EPOCH: 68
[21-02-04 03:57:54-INFO] TRAIN_LOSS : 0.000, TIME: 613.4s
[21-02-04 03:58:46-INFO] VAL _RECALL: 1.000, TIME: 51.8s
[21-02-04 03:58:46-DEBUG] 
VAL  set, TITLE	CLS0	CLS1	CLS2	MEAN
VAL  set, REC:	1.000	1.000	1.000	1.000	
VAL  set, F1 :	1.000	1.000	1.000	1.000	
VAL  set, AUC:	1.000	1.000	1.000	1.000	
VAL  set, ACC:	1.000	1.000	1.000	1.000	
VAL  set, SPE:	1.000	1.000	1.000	1.000	
[21-02-04 03:59:38-INFO] TEST_RECALL: 0.628, TIME: 51.4s
[21-02-04 03:59:38-DEBUG] 
TEST set, TITLE	CLS0	CLS1	CLS2	MEAN
TEST set, REC:	0.871	0.393	0.620	0.628	
TEST set, F1 :	0.813	0.427	0.667	0.636	
TEST set, AUC:	0.846	0.667	0.850	0.788	
TEST set, ACC:	0.795	0.772	0.830	0.799	
TEST set, SPE:	0.717	0.877	0.910	0.834	
[21-02-04 03:59:39-INFO] BEST_RECALL: 0.644, EPOCH:  66
[21-02-04 04:09:52-INFO] EPOCH: 69
[21-02-04 04:09:52-INFO] TRAIN_LOSS : 0.000, TIME: 613.6s
[21-02-04 04:10:44-INFO] VAL _RECALL: 1.000, TIME: 51.7s
[21-02-04 04:10:44-DEBUG] 
VAL  set, TITLE	CLS0	CLS1	CLS2	MEAN
VAL  set, REC:	1.000	1.000	1.000	1.000	
VAL  set, F1 :	1.000	1.000	1.000	1.000	
VAL  set, AUC:	1.000	1.000	1.000	1.000	
VAL  set, ACC:	1.000	1.000	1.000	1.000	
VAL  set, SPE:	1.000	1.000	1.000	1.000	
[21-02-04 04:11:36-INFO] TEST_RECALL: 0.621, TIME: 51.7s
[21-02-04 04:11:36-DEBUG] 
TEST set, TITLE	CLS0	CLS1	CLS2	MEAN
TEST set, REC:	0.871	0.357	0.634	0.621	
TEST set, F1 :	0.807	0.400	0.677	0.628	
TEST set, AUC:	0.846	0.670	0.854	0.790	
TEST set, ACC:	0.788	0.768	0.834	0.797	
TEST set, SPE:	0.701	0.882	0.910	0.831	
[21-02-04 04:11:37-INFO] BEST_RECALL: 0.644, EPOCH:  66
