[21-02-03 11:34:24-DEBUG] Checkpoints is in:
./results/checkpoints/20210203/3D_ResNet18-0-113423/
[21-02-03 11:34:24-DEBUG] Tensorboard is in:
./results/tensorboards/20210203/3D_ResNet18-0-113423/
[21-02-03 11:34:24-DEBUG] Data is in:
./data/Net_Input/3D_64_z1.0_l0.70_h0.10_20210125/
[21-02-03 11:34:24-DEBUG] LR: 3e-05, LD: 0.98
[21-02-03 11:34:24-DEBUG] WD: 1e-05, WU: 20
[21-02-03 11:34:24-DEBUG] BS: 4, FOLD: 0


[21-02-03 11:44:44-INFO] EPOCH: 1
[21-02-03 11:44:44-INFO] TRAIN_LOSS : 1.028, TIME: 613.0s
[21-02-03 11:45:36-INFO] VAL _RECALL: 0.333, TIME: 51.5s
[21-02-03 11:45:36-DEBUG] 
VAL  set, TITLE	CLS0	CLS1	CLS2	MEAN
VAL  set, REC:	1.000	0.000	0.000	0.333	
VAL  set, F1 :	0.675	0.000	0.000	0.225	
VAL  set, AUC:	0.763	0.616	0.752	0.711	
VAL  set, ACC:	0.510	0.784	0.726	0.673	
VAL  set, SPE:	0.000	1.000	1.000	0.667	
[21-02-03 11:46:28-INFO] TEST_RECALL: 0.333, TIME: 51.8s
[21-02-03 11:46:28-DEBUG] 
TEST set, TITLE	CLS0	CLS1	CLS2	MEAN
TEST set, REC:	1.000	0.000	0.000	0.333	
TEST set, F1 :	0.663	0.000	0.000	0.221	
TEST set, AUC:	0.731	0.573	0.762	0.688	
TEST set, ACC:	0.496	0.712	0.785	0.664	
TEST set, SPE:	0.000	1.000	1.000	0.667	
[21-02-03 11:46:28-INFO] BEST_RECALL: 0.333, EPOCH:   1
[21-02-03 11:56:40-INFO] EPOCH: 2
[21-02-03 11:56:40-INFO] TRAIN_LOSS : 0.978, TIME: 611.7s
[21-02-03 11:57:31-INFO] VAL _RECALL: 0.441, TIME: 51.6s
[21-02-03 11:57:31-DEBUG] 
VAL  set, TITLE	CLS0	CLS1	CLS2	MEAN
VAL  set, REC:	0.985	0.000	0.338	0.441	
VAL  set, F1 :	0.732	0.000	0.449	0.394	
VAL  set, AUC:	0.792	0.585	0.803	0.727	
VAL  set, ACC:	0.633	0.784	0.772	0.730	
VAL  set, SPE:	0.268	1.000	0.936	0.735	
[21-02-03 11:58:23-INFO] TEST_RECALL: 0.434, TIME: 51.8s
[21-02-03 11:58:23-DEBUG] 
TEST set, TITLE	CLS0	CLS1	CLS2	MEAN
TEST set, REC:	0.984	0.013	0.304	0.434	
TEST set, F1 :	0.711	0.026	0.395	0.378	
TEST set, AUC:	0.758	0.555	0.809	0.707	
TEST set, ACC:	0.604	0.712	0.800	0.705	
TEST set, SPE:	0.229	0.995	0.936	0.720	
[21-02-03 11:58:24-INFO] BEST_RECALL: 0.434, EPOCH:   2
[21-02-03 12:08:36-INFO] EPOCH: 3
[21-02-03 12:08:36-INFO] TRAIN_LOSS : 0.912, TIME: 612.0s
[21-02-03 12:09:28-INFO] VAL _RECALL: 0.507, TIME: 51.5s
[21-02-03 12:09:28-DEBUG] 
VAL  set, TITLE	CLS0	CLS1	CLS2	MEAN
VAL  set, REC:	0.606	0.000	0.915	0.507	
VAL  set, F1 :	0.672	0.000	0.586	0.419	
VAL  set, AUC:	0.813	0.508	0.832	0.718	
VAL  set, ACC:	0.699	0.776	0.645	0.707	
VAL  set, SPE:	0.795	0.990	0.543	0.776	
[21-02-03 12:10:20-INFO] TEST_RECALL: 0.487, TIME: 52.0s
[21-02-03 12:10:20-DEBUG] 
TEST set, TITLE	CLS0	CLS1	CLS2	MEAN
TEST set, REC:	0.589	0.013	0.857	0.487	
TEST set, F1 :	0.644	0.025	0.471	0.380	
TEST set, AUC:	0.765	0.491	0.765	0.674	
TEST set, ACC:	0.677	0.700	0.585	0.654	
TEST set, SPE:	0.763	0.978	0.510	0.751	
[21-02-03 12:10:21-INFO] BEST_RECALL: 0.487, EPOCH:   3
[21-02-03 12:20:32-INFO] EPOCH: 4
[21-02-03 12:20:32-INFO] TRAIN_LOSS : 0.858, TIME: 611.6s
[21-02-03 12:21:24-INFO] VAL _RECALL: 0.398, TIME: 51.5s
[21-02-03 12:21:24-DEBUG] 
VAL  set, TITLE	CLS0	CLS1	CLS2	MEAN
VAL  set, REC:	0.205	0.018	0.972	0.398	
VAL  set, F1 :	0.333	0.029	0.481	0.281	
VAL  set, AUC:	0.870	0.449	0.849	0.723	
VAL  set, ACC:	0.583	0.741	0.425	0.583	
VAL  set, SPE:	0.976	0.941	0.218	0.712	
[21-02-03 12:22:15-INFO] TEST_RECALL: 0.413, TIME: 51.8s
[21-02-03 12:22:15-DEBUG] 
TEST set, TITLE	CLS0	CLS1	CLS2	MEAN
TEST set, REC:	0.209	0.067	0.964	0.413	
TEST set, F1 :	0.331	0.114	0.401	0.282	
TEST set, AUC:	0.795	0.438	0.778	0.670	
TEST set, ACC:	0.581	0.700	0.381	0.554	
TEST set, SPE:	0.947	0.957	0.221	0.708	
[21-02-03 12:22:15-INFO] BEST_RECALL: 0.487, EPOCH:   3
[21-02-03 12:32:27-INFO] EPOCH: 5
[21-02-03 12:32:27-INFO] TRAIN_LOSS : 0.827, TIME: 611.6s
[21-02-03 12:33:18-INFO] VAL _RECALL: 0.678, TIME: 51.2s
[21-02-03 12:33:18-DEBUG] 
VAL  set, TITLE	CLS0	CLS1	CLS2	MEAN
VAL  set, REC:	0.932	0.214	0.887	0.678	
VAL  set, F1 :	0.857	0.329	0.797	0.661	
VAL  set, AUC:	0.930	0.778	0.943	0.884	
VAL  set, ACC:	0.842	0.811	0.876	0.843	
VAL  set, SPE:	0.748	0.975	0.872	0.865	
[21-02-03 12:34:10-INFO] TEST_RECALL: 0.559, TIME: 52.0s
[21-02-03 12:34:10-DEBUG] 
TEST set, TITLE	CLS0	CLS1	CLS2	MEAN
TEST set, REC:	0.837	0.160	0.679	0.559	
TEST set, F1 :	0.750	0.222	0.613	0.528	
TEST set, AUC:	0.847	0.676	0.861	0.795	
TEST set, ACC:	0.723	0.677	0.815	0.738	
TEST set, SPE:	0.611	0.886	0.853	0.783	
[21-02-03 12:34:11-INFO] BEST_RECALL: 0.559, EPOCH:   5
[21-02-03 12:44:23-INFO] EPOCH: 6
[21-02-03 12:44:23-INFO] TRAIN_LOSS : 0.775, TIME: 611.9s
[21-02-03 12:45:15-INFO] VAL _RECALL: 0.339, TIME: 51.6s
[21-02-03 12:45:15-DEBUG] 
VAL  set, TITLE	CLS0	CLS1	CLS2	MEAN
VAL  set, REC:	1.000	0.018	0.000	0.339	
VAL  set, F1 :	0.706	0.027	0.000	0.244	
VAL  set, AUC:	0.932	0.610	0.947	0.830	
VAL  set, ACC:	0.575	0.726	0.726	0.676	
VAL  set, SPE:	0.134	0.921	1.000	0.685	
[21-02-03 12:46:07-INFO] TEST_RECALL: 0.333, TIME: 51.8s
[21-02-03 12:46:07-DEBUG] 
TEST set, TITLE	CLS0	CLS1	CLS2	MEAN
TEST set, REC:	1.000	0.000	0.000	0.333	
TEST set, F1 :	0.672	0.000	0.000	0.224	
TEST set, AUC:	0.829	0.619	0.824	0.758	
TEST set, ACC:	0.515	0.692	0.785	0.664	
TEST set, SPE:	0.038	0.973	1.000	0.670	
[21-02-03 12:46:07-INFO] BEST_RECALL: 0.559, EPOCH:   5
[21-02-03 12:56:19-INFO] EPOCH: 7
[21-02-03 12:56:19-INFO] TRAIN_LOSS : 0.742, TIME: 612.2s
[21-02-03 12:57:11-INFO] VAL _RECALL: 0.460, TIME: 51.6s
[21-02-03 12:57:11-DEBUG] 
VAL  set, TITLE	CLS0	CLS1	CLS2	MEAN
VAL  set, REC:	0.114	0.268	1.000	0.460	
VAL  set, F1 :	0.204	0.200	0.643	0.349	
VAL  set, AUC:	0.951	0.530	0.965	0.816	
VAL  set, ACC:	0.548	0.537	0.695	0.593	
VAL  set, SPE:	1.000	0.611	0.580	0.730	
[21-02-03 12:58:03-INFO] TEST_RECALL: 0.441, TIME: 51.8s
[21-02-03 12:58:03-DEBUG] 
TEST set, TITLE	CLS0	CLS1	CLS2	MEAN
TEST set, REC:	0.163	0.267	0.893	0.441	
TEST set, F1 :	0.278	0.250	0.478	0.336	
TEST set, AUC:	0.851	0.484	0.836	0.724	
TEST set, ACC:	0.581	0.538	0.581	0.567	
TEST set, SPE:	0.992	0.649	0.495	0.712	
[21-02-03 12:58:04-INFO] BEST_RECALL: 0.559, EPOCH:   5
[21-02-03 13:08:15-INFO] EPOCH: 8
[21-02-03 13:08:15-INFO] TRAIN_LOSS : 0.687, TIME: 611.4s
[21-02-03 13:09:07-INFO] VAL _RECALL: 0.652, TIME: 51.5s
[21-02-03 13:09:07-DEBUG] 
VAL  set, TITLE	CLS0	CLS1	CLS2	MEAN
VAL  set, REC:	0.970	0.536	0.451	0.652	
VAL  set, F1 :	0.898	0.465	0.615	0.660	
VAL  set, AUC:	0.969	0.811	0.982	0.921	
VAL  set, ACC:	0.888	0.734	0.846	0.822	
VAL  set, SPE:	0.803	0.788	0.995	0.862	
[21-02-03 13:09:58-INFO] TEST_RECALL: 0.495, TIME: 51.8s
[21-02-03 13:09:58-DEBUG] 
TEST set, TITLE	CLS0	CLS1	CLS2	MEAN
TEST set, REC:	0.884	0.440	0.161	0.495	
TEST set, F1 :	0.776	0.423	0.257	0.485	
TEST set, AUC:	0.870	0.696	0.849	0.805	
TEST set, ACC:	0.746	0.654	0.800	0.733	
TEST set, SPE:	0.611	0.741	0.975	0.776	
[21-02-03 13:10:00-INFO] BEST_RECALL: 0.559, EPOCH:   5
[21-02-03 13:20:11-INFO] EPOCH: 9
[21-02-03 13:20:11-INFO] TRAIN_LOSS : 0.616, TIME: 611.5s
[21-02-03 13:21:02-INFO] VAL _RECALL: 0.661, TIME: 51.2s
[21-02-03 13:21:02-DEBUG] 
VAL  set, TITLE	CLS0	CLS1	CLS2	MEAN
VAL  set, REC:	1.000	0.393	0.592	0.661	
VAL  set, F1 :	0.883	0.419	0.737	0.680	
VAL  set, AUC:	0.986	0.836	0.992	0.938	
VAL  set, ACC:	0.865	0.764	0.884	0.838	
VAL  set, SPE:	0.724	0.867	0.995	0.862	
[21-02-03 13:21:54-INFO] TEST_RECALL: 0.508, TIME: 51.8s
[21-02-03 13:21:54-DEBUG] 
TEST set, TITLE	CLS0	CLS1	CLS2	MEAN
TEST set, REC:	0.899	0.373	0.250	0.508	
TEST set, F1 :	0.748	0.406	0.389	0.514	
TEST set, AUC:	0.862	0.714	0.850	0.809	
TEST set, ACC:	0.700	0.685	0.831	0.738	
TEST set, SPE:	0.504	0.811	0.990	0.768	
[21-02-03 13:21:55-INFO] BEST_RECALL: 0.559, EPOCH:   5
[21-02-03 13:32:08-INFO] EPOCH: 10
[21-02-03 13:32:08-INFO] TRAIN_LOSS : 0.581, TIME: 612.7s
[21-02-03 13:33:00-INFO] VAL _RECALL: 0.333, TIME: 51.7s
[21-02-03 13:33:00-DEBUG] 
VAL  set, TITLE	CLS0	CLS1	CLS2	MEAN
VAL  set, REC:	1.000	0.000	0.000	0.333	
VAL  set, F1 :	0.675	0.000	0.000	0.225	
VAL  set, AUC:	0.764	0.655	0.925	0.781	
VAL  set, ACC:	0.510	0.784	0.726	0.673	
VAL  set, SPE:	0.000	1.000	1.000	0.667	
[21-02-03 13:33:52-INFO] TEST_RECALL: 0.333, TIME: 52.0s
[21-02-03 13:33:52-DEBUG] 
TEST set, TITLE	CLS0	CLS1	CLS2	MEAN
TEST set, REC:	1.000	0.000	0.000	0.333	
TEST set, F1 :	0.663	0.000	0.000	0.221	
TEST set, AUC:	0.635	0.604	0.785	0.675	
TEST set, ACC:	0.496	0.712	0.785	0.664	
TEST set, SPE:	0.000	1.000	1.000	0.667	
[21-02-03 13:33:53-INFO] BEST_RECALL: 0.559, EPOCH:   5
[21-02-03 13:44:04-INFO] EPOCH: 11
[21-02-03 13:44:04-INFO] TRAIN_LOSS : 0.529, TIME: 611.8s
[21-02-03 13:44:56-INFO] VAL _RECALL: 0.855, TIME: 51.5s
[21-02-03 13:44:56-DEBUG] 
VAL  set, TITLE	CLS0	CLS1	CLS2	MEAN
VAL  set, REC:	0.985	0.607	0.972	0.855	
VAL  set, F1 :	0.922	0.731	0.965	0.873	
VAL  set, AUC:	0.984	0.955	0.999	0.979	
VAL  set, ACC:	0.915	0.903	0.981	0.933	
VAL  set, SPE:	0.843	0.985	0.984	0.937	
[21-02-03 13:45:48-INFO] TEST_RECALL: 0.520, TIME: 51.8s
[21-02-03 13:45:48-DEBUG] 
TEST set, TITLE	CLS0	CLS1	CLS2	MEAN
TEST set, REC:	0.822	0.347	0.393	0.520	
TEST set, F1 :	0.741	0.371	0.468	0.527	
TEST set, AUC:	0.815	0.672	0.843	0.777	
TEST set, ACC:	0.715	0.662	0.808	0.728	
TEST set, SPE:	0.611	0.789	0.922	0.774	
[21-02-03 13:45:49-INFO] BEST_RECALL: 0.559, EPOCH:   5
[21-02-03 13:56:00-INFO] EPOCH: 12
[21-02-03 13:56:00-INFO] TRAIN_LOSS : 0.489, TIME: 611.6s
[21-02-03 13:56:51-INFO] VAL _RECALL: 0.606, TIME: 51.2s
[21-02-03 13:56:51-DEBUG] 
VAL  set, TITLE	CLS0	CLS1	CLS2	MEAN
VAL  set, REC:	0.818	0.000	1.000	0.606	
VAL  set, F1 :	0.893	0.000	0.654	0.516	
VAL  set, AUC:	0.993	0.659	0.988	0.880	
VAL  set, ACC:	0.900	0.772	0.710	0.794	
VAL  set, SPE:	0.984	0.985	0.601	0.857	
[21-02-03 13:57:43-INFO] TEST_RECALL: 0.529, TIME: 51.8s
[21-02-03 13:57:43-DEBUG] 
TEST set, TITLE	CLS0	CLS1	CLS2	MEAN
TEST set, REC:	0.574	0.067	0.946	0.529	
TEST set, F1 :	0.695	0.112	0.486	0.431	
TEST set, AUC:	0.861	0.507	0.833	0.734	
TEST set, ACC:	0.750	0.696	0.569	0.672	
TEST set, SPE:	0.924	0.951	0.466	0.780	
[21-02-03 13:57:44-INFO] BEST_RECALL: 0.559, EPOCH:   5
[21-02-03 14:07:56-INFO] EPOCH: 13
[21-02-03 14:07:56-INFO] TRAIN_LOSS : 0.469, TIME: 611.9s
[21-02-03 14:08:48-INFO] VAL _RECALL: 0.450, TIME: 51.6s
[21-02-03 14:08:48-DEBUG] 
VAL  set, TITLE	CLS0	CLS1	CLS2	MEAN
VAL  set, REC:	0.333	0.018	1.000	0.450	
VAL  set, F1 :	0.500	0.032	0.509	0.347	
VAL  set, AUC:	0.993	0.623	0.984	0.867	
VAL  set, ACC:	0.660	0.764	0.471	0.632	
VAL  set, SPE:	1.000	0.970	0.271	0.747	
[21-02-03 14:09:40-INFO] TEST_RECALL: 0.372, TIME: 51.7s
[21-02-03 14:09:40-DEBUG] 
TEST set, TITLE	CLS0	CLS1	CLS2	MEAN
TEST set, REC:	0.109	0.027	0.982	0.372	
TEST set, F1 :	0.193	0.045	0.383	0.207	
TEST set, AUC:	0.851	0.456	0.792	0.700	
TEST set, ACC:	0.550	0.677	0.319	0.515	
TEST set, SPE:	0.985	0.941	0.137	0.688	
[21-02-03 14:09:41-INFO] BEST_RECALL: 0.559, EPOCH:   5
[21-02-03 14:19:53-INFO] EPOCH: 14
[21-02-03 14:19:53-INFO] TRAIN_LOSS : 0.430, TIME: 611.9s
[21-02-03 14:20:44-INFO] VAL _RECALL: 0.442, TIME: 51.4s
[21-02-03 14:20:44-DEBUG] 
VAL  set, TITLE	CLS0	CLS1	CLS2	MEAN
VAL  set, REC:	0.076	0.250	1.000	0.442	
VAL  set, F1 :	0.141	0.252	0.536	0.310	
VAL  set, AUC:	0.995	0.641	0.988	0.875	
VAL  set, ACC:	0.529	0.680	0.525	0.578	
VAL  set, SPE:	1.000	0.798	0.346	0.715	
[21-02-03 14:21:36-INFO] TEST_RECALL: 0.374, TIME: 51.9s
[21-02-03 14:21:36-DEBUG] 
TEST set, TITLE	CLS0	CLS1	CLS2	MEAN
TEST set, REC:	0.023	0.187	0.911	0.374	
TEST set, F1 :	0.045	0.209	0.403	0.219	
TEST set, AUC:	0.819	0.516	0.764	0.699	
TEST set, ACC:	0.512	0.592	0.419	0.508	
TEST set, SPE:	0.992	0.757	0.284	0.678	
[21-02-03 14:21:37-INFO] BEST_RECALL: 0.559, EPOCH:   5
[21-02-03 14:31:43-INFO] EPOCH: 15
[21-02-03 14:31:43-INFO] TRAIN_LOSS : 0.423, TIME: 606.3s
[21-02-03 14:32:35-INFO] VAL _RECALL: 0.795, TIME: 51.6s
[21-02-03 14:32:35-DEBUG] 
VAL  set, TITLE	CLS0	CLS1	CLS2	MEAN
VAL  set, REC:	0.750	1.000	0.634	0.795	
VAL  set, F1 :	0.853	0.659	0.776	0.763	
VAL  set, AUC:	0.996	0.984	0.994	0.991	
VAL  set, ACC:	0.869	0.776	0.900	0.848	
VAL  set, SPE:	0.992	0.714	1.000	0.902	
[21-02-03 14:33:27-INFO] TEST_RECALL: 0.474, TIME: 51.8s
[21-02-03 14:33:27-DEBUG] 
TEST set, TITLE	CLS0	CLS1	CLS2	MEAN
TEST set, REC:	0.426	0.853	0.143	0.474	
TEST set, F1 :	0.567	0.492	0.242	0.434	
TEST set, AUC:	0.845	0.692	0.762	0.766	
TEST set, ACC:	0.677	0.492	0.808	0.659	
TEST set, SPE:	0.924	0.346	0.990	0.753	
[21-02-03 14:33:28-INFO] BEST_RECALL: 0.559, EPOCH:   5
[21-02-03 14:43:41-INFO] EPOCH: 16
[21-02-03 14:43:41-INFO] TRAIN_LOSS : 0.420, TIME: 612.9s
[21-02-03 14:44:32-INFO] VAL _RECALL: 0.745, TIME: 51.7s
[21-02-03 14:44:32-DEBUG] 
VAL  set, TITLE	CLS0	CLS1	CLS2	MEAN
VAL  set, REC:	0.432	0.804	1.000	0.745	
VAL  set, F1 :	0.603	0.714	0.700	0.672	
VAL  set, AUC:	0.997	0.941	0.990	0.976	
VAL  set, ACC:	0.710	0.861	0.764	0.779	
VAL  set, SPE:	1.000	0.877	0.676	0.851	
[21-02-03 14:45:24-INFO] TEST_RECALL: 0.487, TIME: 51.7s
[21-02-03 14:45:24-DEBUG] 
TEST set, TITLE	CLS0	CLS1	CLS2	MEAN
TEST set, REC:	0.186	0.453	0.821	0.487	
TEST set, F1 :	0.310	0.412	0.460	0.394	
TEST set, AUC:	0.832	0.593	0.751	0.725	
TEST set, ACC:	0.588	0.627	0.585	0.600	
TEST set, SPE:	0.985	0.697	0.520	0.734	
[21-02-03 14:45:25-INFO] BEST_RECALL: 0.559, EPOCH:   5
[21-02-03 14:55:38-INFO] EPOCH: 17
[21-02-03 14:55:38-INFO] TRAIN_LOSS : 0.356, TIME: 612.3s
[21-02-03 14:56:29-INFO] VAL _RECALL: 0.771, TIME: 51.7s
[21-02-03 14:56:29-DEBUG] 
VAL  set, TITLE	CLS0	CLS1	CLS2	MEAN
VAL  set, REC:	1.000	0.411	0.901	0.771	
VAL  set, F1 :	0.877	0.575	0.934	0.795	
VAL  set, AUC:	0.995	0.967	0.998	0.987	
VAL  set, ACC:	0.857	0.869	0.965	0.897	
VAL  set, SPE:	0.709	0.995	0.989	0.898	
[21-02-03 14:57:21-INFO] TEST_RECALL: 0.489, TIME: 51.7s
[21-02-03 14:57:21-DEBUG] 
TEST set, TITLE	CLS0	CLS1	CLS2	MEAN
TEST set, REC:	1.000	0.093	0.375	0.489	
TEST set, F1 :	0.741	0.165	0.483	0.463	
TEST set, AUC:	0.855	0.691	0.845	0.797	
TEST set, ACC:	0.654	0.727	0.827	0.736	
TEST set, SPE:	0.313	0.984	0.951	0.749	
[21-02-03 14:57:22-INFO] BEST_RECALL: 0.559, EPOCH:   5
[21-02-03 15:07:36-INFO] EPOCH: 18
[21-02-03 15:07:36-INFO] TRAIN_LOSS : 0.286, TIME: 614.1s
[21-02-03 15:08:28-INFO] VAL _RECALL: 0.721, TIME: 51.6s
[21-02-03 15:08:28-DEBUG] 
VAL  set, TITLE	CLS0	CLS1	CLS2	MEAN
VAL  set, REC:	1.000	0.179	0.986	0.721	
VAL  set, F1 :	0.886	0.303	0.909	0.699	
VAL  set, AUC:	0.994	0.985	0.995	0.991	
VAL  set, ACC:	0.869	0.822	0.946	0.879	
VAL  set, SPE:	0.732	1.000	0.931	0.888	
[21-02-03 15:09:20-INFO] TEST_RECALL: 0.496, TIME: 51.8s
[21-02-03 15:09:20-DEBUG] 
TEST set, TITLE	CLS0	CLS1	CLS2	MEAN
TEST set, REC:	0.961	0.027	0.500	0.496	
TEST set, F1 :	0.743	0.052	0.514	0.436	
TEST set, AUC:	0.836	0.707	0.827	0.790	
TEST set, ACC:	0.669	0.719	0.796	0.728	
TEST set, SPE:	0.382	1.000	0.877	0.753	
[21-02-03 15:09:21-INFO] BEST_RECALL: 0.559, EPOCH:   5
[21-02-03 15:19:34-INFO] EPOCH: 19
[21-02-03 15:19:34-INFO] TRAIN_LOSS : 0.243, TIME: 613.4s
[21-02-03 15:20:26-INFO] VAL _RECALL: 0.367, TIME: 51.6s
[21-02-03 15:20:26-DEBUG] 
VAL  set, TITLE	CLS0	CLS1	CLS2	MEAN
VAL  set, REC:	0.030	0.071	1.000	0.367	
VAL  set, F1 :	0.059	0.129	0.444	0.211	
VAL  set, AUC:	0.992	0.911	0.998	0.967	
VAL  set, ACC:	0.506	0.792	0.313	0.537	
VAL  set, SPE:	1.000	0.990	0.053	0.681	
[21-02-03 15:21:18-INFO] TEST_RECALL: 0.333, TIME: 52.0s
[21-02-03 15:21:18-DEBUG] 
TEST set, TITLE	CLS0	CLS1	CLS2	MEAN
TEST set, REC:	0.016	0.000	0.982	0.333	
TEST set, F1 :	0.031	0.000	0.356	0.129	
TEST set, AUC:	0.838	0.503	0.774	0.705	
TEST set, ACC:	0.512	0.692	0.235	0.479	
TEST set, SPE:	1.000	0.973	0.029	0.667	
[21-02-03 15:21:19-INFO] BEST_RECALL: 0.559, EPOCH:   5
[21-02-03 15:31:32-INFO] EPOCH: 20
[21-02-03 15:31:32-INFO] TRAIN_LOSS : 0.261, TIME: 613.1s
[21-02-03 15:32:23-INFO] VAL _RECALL: 0.936, TIME: 51.6s
[21-02-03 15:32:23-DEBUG] 
VAL  set, TITLE	CLS0	CLS1	CLS2	MEAN
VAL  set, REC:	0.894	1.000	0.915	0.936	
VAL  set, F1 :	0.944	0.848	0.956	0.916	
VAL  set, AUC:	1.000	1.000	1.000	1.000	
VAL  set, ACC:	0.946	0.923	0.977	0.949	
VAL  set, SPE:	1.000	0.901	1.000	0.967	
[21-02-03 15:33:15-INFO] TEST_RECALL: 0.550, TIME: 51.7s
[21-02-03 15:33:15-DEBUG] 
TEST set, TITLE	CLS0	CLS1	CLS2	MEAN
TEST set, REC:	0.519	0.720	0.411	0.550	
TEST set, F1 :	0.629	0.493	0.523	0.548	
TEST set, AUC:	0.820	0.669	0.801	0.763	
TEST set, ACC:	0.696	0.573	0.838	0.703	
TEST set, SPE:	0.870	0.514	0.956	0.780	
[21-02-03 15:33:16-INFO] BEST_RECALL: 0.559, EPOCH:   5
[21-02-03 15:43:29-INFO] EPOCH: 21
[21-02-03 15:43:29-INFO] TRAIN_LOSS : 0.166, TIME: 612.8s
[21-02-03 15:44:21-INFO] VAL _RECALL: 0.948, TIME: 51.5s
[21-02-03 15:44:21-DEBUG] 
VAL  set, TITLE	CLS0	CLS1	CLS2	MEAN
VAL  set, REC:	1.000	1.000	0.845	0.948	
VAL  set, F1 :	1.000	0.911	0.916	0.942	
VAL  set, AUC:	1.000	1.000	1.000	1.000	
VAL  set, ACC:	1.000	0.958	0.958	0.972	
VAL  set, SPE:	1.000	0.946	1.000	0.982	
[21-02-03 15:45:13-INFO] TEST_RECALL: 0.532, TIME: 52.1s
[21-02-03 15:45:13-DEBUG] 
TEST set, TITLE	CLS0	CLS1	CLS2	MEAN
TEST set, REC:	0.783	0.600	0.214	0.532	
TEST set, F1 :	0.743	0.503	0.348	0.531	
TEST set, AUC:	0.819	0.692	0.854	0.788	
TEST set, ACC:	0.731	0.658	0.827	0.738	
TEST set, SPE:	0.679	0.681	0.995	0.785	
[21-02-03 15:45:14-INFO] BEST_RECALL: 0.559, EPOCH:   5
[21-02-03 15:55:26-INFO] EPOCH: 22
[21-02-03 15:55:26-INFO] TRAIN_LOSS : 0.090, TIME: 612.4s
[21-02-03 15:56:18-INFO] VAL _RECALL: 0.994, TIME: 51.6s
[21-02-03 15:56:18-DEBUG] 
VAL  set, TITLE	CLS0	CLS1	CLS2	MEAN
VAL  set, REC:	1.000	0.982	1.000	0.994	
VAL  set, F1 :	0.996	0.991	1.000	0.996	
VAL  set, AUC:	1.000	1.000	1.000	1.000	
VAL  set, ACC:	0.996	0.996	1.000	0.997	
VAL  set, SPE:	0.992	1.000	1.000	0.997	
[21-02-03 15:57:09-INFO] TEST_RECALL: 0.505, TIME: 51.7s
[21-02-03 15:57:09-DEBUG] 
TEST set, TITLE	CLS0	CLS1	CLS2	MEAN
TEST set, REC:	0.946	0.267	0.304	0.505	
TEST set, F1 :	0.739	0.348	0.453	0.514	
TEST set, AUC:	0.859	0.678	0.869	0.802	
TEST set, ACC:	0.669	0.712	0.842	0.741	
TEST set, SPE:	0.397	0.892	0.990	0.760	
[21-02-03 15:57:10-INFO] BEST_RECALL: 0.559, EPOCH:   5
[21-02-03 16:07:22-INFO] EPOCH: 23
[21-02-03 16:07:22-INFO] TRAIN_LOSS : 0.087, TIME: 611.2s
[21-02-03 16:08:13-INFO] VAL _RECALL: 0.994, TIME: 51.6s
[21-02-03 16:08:13-DEBUG] 
VAL  set, TITLE	CLS0	CLS1	CLS2	MEAN
VAL  set, REC:	1.000	0.982	1.000	0.994	
VAL  set, F1 :	0.996	0.991	1.000	0.996	
VAL  set, AUC:	1.000	1.000	1.000	1.000	
VAL  set, ACC:	0.996	0.996	1.000	0.997	
VAL  set, SPE:	0.992	1.000	1.000	0.997	
[21-02-03 16:09:05-INFO] TEST_RECALL: 0.566, TIME: 52.0s
[21-02-03 16:09:05-DEBUG] 
TEST set, TITLE	CLS0	CLS1	CLS2	MEAN
TEST set, REC:	0.946	0.307	0.446	0.566	
TEST set, F1 :	0.767	0.404	0.568	0.580	
TEST set, AUC:	0.862	0.698	0.866	0.809	
TEST set, ACC:	0.715	0.738	0.854	0.769	
TEST set, SPE:	0.489	0.914	0.966	0.789	
[21-02-03 16:09:07-INFO] BEST_RECALL: 0.566, EPOCH:  23
[21-02-03 16:19:20-INFO] EPOCH: 24
[21-02-03 16:19:20-INFO] TRAIN_LOSS : 0.051, TIME: 612.1s
[21-02-03 16:20:11-INFO] VAL _RECALL: 0.995, TIME: 51.8s
[21-02-03 16:20:11-DEBUG] 
VAL  set, TITLE	CLS0	CLS1	CLS2	MEAN
VAL  set, REC:	1.000	1.000	0.986	0.995	
VAL  set, F1 :	1.000	0.991	0.993	0.995	
VAL  set, AUC:	1.000	1.000	0.999	1.000	
VAL  set, ACC:	1.000	0.996	0.996	0.997	
VAL  set, SPE:	1.000	0.995	1.000	0.998	
[21-02-03 16:21:03-INFO] TEST_RECALL: 0.563, TIME: 51.8s
[21-02-03 16:21:03-DEBUG] 
TEST set, TITLE	CLS0	CLS1	CLS2	MEAN
TEST set, REC:	0.798	0.587	0.304	0.563	
TEST set, F1 :	0.774	0.497	0.442	0.571	
TEST set, AUC:	0.853	0.702	0.861	0.805	
TEST set, ACC:	0.769	0.658	0.835	0.754	
TEST set, SPE:	0.740	0.686	0.980	0.802	
[21-02-03 16:21:04-INFO] BEST_RECALL: 0.566, EPOCH:  23
[21-02-03 16:31:17-INFO] EPOCH: 25
[21-02-03 16:31:17-INFO] TRAIN_LOSS : 0.055, TIME: 612.8s
[21-02-03 16:32:08-INFO] VAL _RECALL: 0.630, TIME: 51.3s
[21-02-03 16:32:08-DEBUG] 
VAL  set, TITLE	CLS0	CLS1	CLS2	MEAN
VAL  set, REC:	0.636	1.000	0.254	0.630	
VAL  set, F1 :	0.778	0.526	0.404	0.569	
VAL  set, AUC:	1.000	1.000	1.000	1.000	
VAL  set, ACC:	0.815	0.610	0.795	0.740	
VAL  set, SPE:	1.000	0.502	1.000	0.834	
[21-02-03 16:33:00-INFO] TEST_RECALL: 0.403, TIME: 51.8s
[21-02-03 16:33:00-DEBUG] 
TEST set, TITLE	CLS0	CLS1	CLS2	MEAN
TEST set, REC:	0.155	1.000	0.054	0.403	
TEST set, F1 :	0.268	0.481	0.102	0.284	
TEST set, AUC:	0.836	0.691	0.807	0.778	
TEST set, ACC:	0.581	0.377	0.796	0.585	
TEST set, SPE:	1.000	0.124	1.000	0.708	
[21-02-03 16:33:01-INFO] BEST_RECALL: 0.566, EPOCH:  23
[21-02-03 16:43:14-INFO] EPOCH: 26
[21-02-03 16:43:14-INFO] TRAIN_LOSS : 0.033, TIME: 612.5s
[21-02-03 16:44:05-INFO] VAL _RECALL: 0.994, TIME: 51.6s
[21-02-03 16:44:05-DEBUG] 
VAL  set, TITLE	CLS0	CLS1	CLS2	MEAN
VAL  set, REC:	1.000	0.982	1.000	0.994	
VAL  set, F1 :	0.996	0.991	1.000	0.996	
VAL  set, AUC:	1.000	1.000	1.000	1.000	
VAL  set, ACC:	0.996	0.996	1.000	0.997	
VAL  set, SPE:	0.992	1.000	1.000	0.997	
[21-02-03 16:44:57-INFO] TEST_RECALL: 0.550, TIME: 51.7s
[21-02-03 16:44:57-DEBUG] 
TEST set, TITLE	CLS0	CLS1	CLS2	MEAN
TEST set, REC:	0.938	0.213	0.500	0.550	
TEST set, F1 :	0.773	0.302	0.554	0.543	
TEST set, AUC:	0.869	0.713	0.854	0.812	
TEST set, ACC:	0.727	0.715	0.827	0.756	
TEST set, SPE:	0.519	0.919	0.917	0.785	
[21-02-03 16:44:58-INFO] BEST_RECALL: 0.566, EPOCH:  23
[21-02-03 16:55:11-INFO] EPOCH: 27
[21-02-03 16:55:11-INFO] TRAIN_LOSS : 0.034, TIME: 612.4s
[21-02-03 16:56:02-INFO] VAL _RECALL: 1.000, TIME: 51.7s
[21-02-03 16:56:02-DEBUG] 
VAL  set, TITLE	CLS0	CLS1	CLS2	MEAN
VAL  set, REC:	1.000	1.000	1.000	1.000	
VAL  set, F1 :	1.000	1.000	1.000	1.000	
VAL  set, AUC:	1.000	1.000	1.000	1.000	
VAL  set, ACC:	1.000	1.000	1.000	1.000	
VAL  set, SPE:	1.000	1.000	1.000	1.000	
[21-02-03 16:56:54-INFO] TEST_RECALL: 0.566, TIME: 51.8s
[21-02-03 16:56:54-DEBUG] 
TEST set, TITLE	CLS0	CLS1	CLS2	MEAN
TEST set, REC:	0.891	0.093	0.714	0.566	
TEST set, F1 :	0.769	0.167	0.584	0.507	
TEST set, AUC:	0.868	0.711	0.849	0.809	
TEST set, ACC:	0.735	0.731	0.781	0.749	
TEST set, SPE:	0.580	0.989	0.799	0.789	
[21-02-03 16:56:56-INFO] BEST_RECALL: 0.566, EPOCH:  27
[21-02-03 17:07:09-INFO] EPOCH: 28
[21-02-03 17:07:09-INFO] TRAIN_LOSS : 0.034, TIME: 612.9s
[21-02-03 17:08:01-INFO] VAL _RECALL: 1.000, TIME: 51.6s
[21-02-03 17:08:01-DEBUG] 
VAL  set, TITLE	CLS0	CLS1	CLS2	MEAN
VAL  set, REC:	1.000	1.000	1.000	1.000	
VAL  set, F1 :	1.000	1.000	1.000	1.000	
VAL  set, AUC:	1.000	1.000	1.000	1.000	
VAL  set, ACC:	1.000	1.000	1.000	1.000	
VAL  set, SPE:	1.000	1.000	1.000	1.000	
[21-02-03 17:08:53-INFO] TEST_RECALL: 0.581, TIME: 51.8s
[21-02-03 17:08:53-DEBUG] 
TEST set, TITLE	CLS0	CLS1	CLS2	MEAN
TEST set, REC:	0.829	0.467	0.446	0.581	
TEST set, F1 :	0.787	0.464	0.515	0.589	
TEST set, AUC:	0.881	0.733	0.843	0.819	
TEST set, ACC:	0.777	0.688	0.819	0.762	
TEST set, SPE:	0.725	0.778	0.922	0.808	
[21-02-03 17:08:55-INFO] BEST_RECALL: 0.581, EPOCH:  28
[21-02-03 17:19:07-INFO] EPOCH: 29
[21-02-03 17:19:07-INFO] TRAIN_LOSS : 0.055, TIME: 612.3s
[21-02-03 17:19:59-INFO] VAL _RECALL: 1.000, TIME: 51.6s
[21-02-03 17:19:59-DEBUG] 
VAL  set, TITLE	CLS0	CLS1	CLS2	MEAN
VAL  set, REC:	1.000	1.000	1.000	1.000	
VAL  set, F1 :	1.000	1.000	1.000	1.000	
VAL  set, AUC:	1.000	1.000	1.000	1.000	
VAL  set, ACC:	1.000	1.000	1.000	1.000	
VAL  set, SPE:	1.000	1.000	1.000	1.000	
[21-02-03 17:20:50-INFO] TEST_RECALL: 0.555, TIME: 51.8s
[21-02-03 17:20:50-DEBUG] 
TEST set, TITLE	CLS0	CLS1	CLS2	MEAN
TEST set, REC:	0.915	0.107	0.643	0.555	
TEST set, F1 :	0.766	0.184	0.576	0.509	
TEST set, AUC:	0.870	0.724	0.852	0.815	
TEST set, ACC:	0.723	0.727	0.796	0.749	
TEST set, SPE:	0.534	0.978	0.838	0.784	
[21-02-03 17:20:51-INFO] BEST_RECALL: 0.581, EPOCH:  28
[21-02-03 17:31:05-INFO] EPOCH: 30
[21-02-03 17:31:05-INFO] TRAIN_LOSS : 0.042, TIME: 613.1s
[21-02-03 17:31:56-INFO] VAL _RECALL: 0.989, TIME: 51.4s
[21-02-03 17:31:56-DEBUG] 
VAL  set, TITLE	CLS0	CLS1	CLS2	MEAN
VAL  set, REC:	1.000	0.982	0.986	0.989	
VAL  set, F1 :	0.996	0.982	0.993	0.990	
VAL  set, AUC:	1.000	1.000	1.000	1.000	
VAL  set, ACC:	0.996	0.992	0.996	0.995	
VAL  set, SPE:	0.992	0.995	1.000	0.996	
[21-02-03 17:32:48-INFO] TEST_RECALL: 0.548, TIME: 51.9s
[21-02-03 17:32:48-DEBUG] 
TEST set, TITLE	CLS0	CLS1	CLS2	MEAN
TEST set, REC:	0.930	0.427	0.286	0.548	
TEST set, F1 :	0.784	0.460	0.427	0.557	
TEST set, AUC:	0.873	0.704	0.866	0.814	
TEST set, ACC:	0.746	0.712	0.835	0.764	
TEST set, SPE:	0.565	0.827	0.985	0.792	
[21-02-03 17:32:49-INFO] BEST_RECALL: 0.581, EPOCH:  28
[21-02-03 17:43:02-INFO] EPOCH: 31
[21-02-03 17:43:02-INFO] TRAIN_LOSS : 0.045, TIME: 612.9s
[21-02-03 17:43:54-INFO] VAL _RECALL: 1.000, TIME: 51.8s
[21-02-03 17:43:54-DEBUG] 
VAL  set, TITLE	CLS0	CLS1	CLS2	MEAN
VAL  set, REC:	1.000	1.000	1.000	1.000	
VAL  set, F1 :	1.000	1.000	1.000	1.000	
VAL  set, AUC:	1.000	1.000	1.000	1.000	
VAL  set, ACC:	1.000	1.000	1.000	1.000	
VAL  set, SPE:	1.000	1.000	1.000	1.000	
[21-02-03 17:44:45-INFO] TEST_RECALL: 0.581, TIME: 51.5s
[21-02-03 17:44:45-DEBUG] 
TEST set, TITLE	CLS0	CLS1	CLS2	MEAN
TEST set, REC:	0.891	0.280	0.571	0.581	
TEST set, F1 :	0.782	0.356	0.593	0.577	
TEST set, AUC:	0.879	0.718	0.856	0.818	
TEST set, ACC:	0.754	0.708	0.831	0.764	
TEST set, SPE:	0.618	0.881	0.902	0.800	
[21-02-03 17:44:47-INFO] BEST_RECALL: 0.581, EPOCH:  31
[21-02-03 17:54:59-INFO] EPOCH: 32
[21-02-03 17:54:59-INFO] TRAIN_LOSS : 0.033, TIME: 611.9s
[21-02-03 17:55:50-INFO] VAL _RECALL: 1.000, TIME: 51.5s
[21-02-03 17:55:50-DEBUG] 
VAL  set, TITLE	CLS0	CLS1	CLS2	MEAN
VAL  set, REC:	1.000	1.000	1.000	1.000	
VAL  set, F1 :	1.000	1.000	1.000	1.000	
VAL  set, AUC:	1.000	1.000	1.000	1.000	
VAL  set, ACC:	1.000	1.000	1.000	1.000	
VAL  set, SPE:	1.000	1.000	1.000	1.000	
[21-02-03 17:56:42-INFO] TEST_RECALL: 0.586, TIME: 51.7s
[21-02-03 17:56:42-DEBUG] 
TEST set, TITLE	CLS0	CLS1	CLS2	MEAN
TEST set, REC:	0.574	0.453	0.732	0.586	
TEST set, F1 :	0.698	0.428	0.550	0.559	
TEST set, AUC:	0.878	0.635	0.827	0.780	
TEST set, ACC:	0.754	0.650	0.742	0.715	
TEST set, SPE:	0.931	0.730	0.745	0.802	
[21-02-03 17:56:44-INFO] BEST_RECALL: 0.586, EPOCH:  32
[21-02-03 18:06:57-INFO] EPOCH: 33
[21-02-03 18:06:57-INFO] TRAIN_LOSS : 0.022, TIME: 612.7s
[21-02-03 18:07:48-INFO] VAL _RECALL: 1.000, TIME: 51.4s
[21-02-03 18:07:48-DEBUG] 
VAL  set, TITLE	CLS0	CLS1	CLS2	MEAN
VAL  set, REC:	1.000	1.000	1.000	1.000	
VAL  set, F1 :	1.000	1.000	1.000	1.000	
VAL  set, AUC:	1.000	1.000	1.000	1.000	
VAL  set, ACC:	1.000	1.000	1.000	1.000	
VAL  set, SPE:	1.000	1.000	1.000	1.000	
[21-02-03 18:08:40-INFO] TEST_RECALL: 0.591, TIME: 51.8s
[21-02-03 18:08:40-DEBUG] 
TEST set, TITLE	CLS0	CLS1	CLS2	MEAN
TEST set, REC:	0.829	0.373	0.571	0.591	
TEST set, F1 :	0.767	0.415	0.604	0.595	
TEST set, AUC:	0.872	0.724	0.857	0.818	
TEST set, ACC:	0.750	0.696	0.838	0.762	
TEST set, SPE:	0.672	0.827	0.912	0.804	
[21-02-03 18:08:42-INFO] BEST_RECALL: 0.591, EPOCH:  33
[21-02-03 18:18:55-INFO] EPOCH: 34
[21-02-03 18:18:55-INFO] TRAIN_LOSS : 0.007, TIME: 612.4s
[21-02-03 18:19:46-INFO] VAL _RECALL: 1.000, TIME: 51.7s
[21-02-03 18:19:46-DEBUG] 
VAL  set, TITLE	CLS0	CLS1	CLS2	MEAN
VAL  set, REC:	1.000	1.000	1.000	1.000	
VAL  set, F1 :	1.000	1.000	1.000	1.000	
VAL  set, AUC:	1.000	1.000	1.000	1.000	
VAL  set, ACC:	1.000	1.000	1.000	1.000	
VAL  set, SPE:	1.000	1.000	1.000	1.000	
[21-02-03 18:20:38-INFO] TEST_RECALL: 0.568, TIME: 51.7s
[21-02-03 18:20:38-DEBUG] 
TEST set, TITLE	CLS0	CLS1	CLS2	MEAN
TEST set, REC:	0.845	0.413	0.446	0.568	
TEST set, F1 :	0.765	0.434	0.543	0.581	
TEST set, AUC:	0.864	0.716	0.846	0.809	
TEST set, ACC:	0.742	0.688	0.838	0.756	
TEST set, SPE:	0.641	0.800	0.946	0.796	
[21-02-03 18:20:39-INFO] BEST_RECALL: 0.591, EPOCH:  33
[21-02-03 18:30:51-INFO] EPOCH: 35
[21-02-03 18:30:51-INFO] TRAIN_LOSS : 0.006, TIME: 611.3s
[21-02-03 18:31:42-INFO] VAL _RECALL: 1.000, TIME: 51.7s
[21-02-03 18:31:42-DEBUG] 
VAL  set, TITLE	CLS0	CLS1	CLS2	MEAN
VAL  set, REC:	1.000	1.000	1.000	1.000	
VAL  set, F1 :	1.000	1.000	1.000	1.000	
VAL  set, AUC:	1.000	1.000	1.000	1.000	
VAL  set, ACC:	1.000	1.000	1.000	1.000	
VAL  set, SPE:	1.000	1.000	1.000	1.000	
[21-02-03 18:32:34-INFO] TEST_RECALL: 0.583, TIME: 51.9s
[21-02-03 18:32:34-DEBUG] 
TEST set, TITLE	CLS0	CLS1	CLS2	MEAN
TEST set, REC:	0.760	0.613	0.375	0.583	
TEST set, F1 :	0.766	0.526	0.472	0.588	
TEST set, AUC:	0.869	0.729	0.822	0.807	
TEST set, ACC:	0.769	0.681	0.819	0.756	
TEST set, SPE:	0.779	0.708	0.941	0.809	
[21-02-03 18:32:35-INFO] BEST_RECALL: 0.591, EPOCH:  33
[21-02-03 18:42:47-INFO] EPOCH: 36
[21-02-03 18:42:47-INFO] TRAIN_LOSS : 0.004, TIME: 611.4s
[21-02-03 18:43:38-INFO] VAL _RECALL: 1.000, TIME: 51.6s
[21-02-03 18:43:38-DEBUG] 
VAL  set, TITLE	CLS0	CLS1	CLS2	MEAN
VAL  set, REC:	1.000	1.000	1.000	1.000	
VAL  set, F1 :	1.000	1.000	1.000	1.000	
VAL  set, AUC:	1.000	1.000	1.000	1.000	
VAL  set, ACC:	1.000	1.000	1.000	1.000	
VAL  set, SPE:	1.000	1.000	1.000	1.000	
[21-02-03 18:44:30-INFO] TEST_RECALL: 0.578, TIME: 51.9s
[21-02-03 18:44:30-DEBUG] 
TEST set, TITLE	CLS0	CLS1	CLS2	MEAN
TEST set, REC:	0.868	0.400	0.464	0.578	
TEST set, F1 :	0.783	0.438	0.536	0.586	
TEST set, AUC:	0.873	0.732	0.844	0.816	
TEST set, ACC:	0.762	0.704	0.827	0.764	
TEST set, SPE:	0.656	0.827	0.926	0.803	
[21-02-03 18:44:31-INFO] BEST_RECALL: 0.591, EPOCH:  33
[21-02-03 18:54:43-INFO] EPOCH: 37
[21-02-03 18:54:43-INFO] TRAIN_LOSS : 0.064, TIME: 611.4s
[21-02-03 18:55:34-INFO] VAL _RECALL: 0.985, TIME: 51.5s
[21-02-03 18:55:34-DEBUG] 
VAL  set, TITLE	CLS0	CLS1	CLS2	MEAN
VAL  set, REC:	1.000	0.982	0.972	0.985	
VAL  set, F1 :	0.989	0.991	0.986	0.988	
VAL  set, AUC:	1.000	1.000	1.000	1.000	
VAL  set, ACC:	0.988	0.996	0.992	0.992	
VAL  set, SPE:	0.976	1.000	1.000	0.992	
[21-02-03 18:56:26-INFO] TEST_RECALL: 0.549, TIME: 51.9s
[21-02-03 18:56:26-DEBUG] 
TEST set, TITLE	CLS0	CLS1	CLS2	MEAN
TEST set, REC:	0.930	0.307	0.411	0.549	
TEST set, F1 :	0.779	0.383	0.500	0.554	
TEST set, AUC:	0.875	0.710	0.798	0.794	
TEST set, ACC:	0.738	0.715	0.823	0.759	
TEST set, SPE:	0.550	0.881	0.936	0.789	
[21-02-03 18:56:27-INFO] BEST_RECALL: 0.591, EPOCH:  33
[21-02-03 19:06:40-INFO] EPOCH: 38
[21-02-03 19:06:40-INFO] TRAIN_LOSS : 0.114, TIME: 612.7s
[21-02-03 19:07:32-INFO] VAL _RECALL: 1.000, TIME: 51.6s
[21-02-03 19:07:32-DEBUG] 
VAL  set, TITLE	CLS0	CLS1	CLS2	MEAN
VAL  set, REC:	1.000	1.000	1.000	1.000	
VAL  set, F1 :	1.000	1.000	1.000	1.000	
VAL  set, AUC:	1.000	1.000	1.000	1.000	
VAL  set, ACC:	1.000	1.000	1.000	1.000	
VAL  set, SPE:	1.000	1.000	1.000	1.000	
[21-02-03 19:08:23-INFO] TEST_RECALL: 0.565, TIME: 51.8s
[21-02-03 19:08:23-DEBUG] 
TEST set, TITLE	CLS0	CLS1	CLS2	MEAN
TEST set, REC:	0.829	0.400	0.464	0.565	
TEST set, F1 :	0.775	0.411	0.531	0.572	
TEST set, AUC:	0.872	0.696	0.829	0.799	
TEST set, ACC:	0.762	0.669	0.823	0.751	
TEST set, SPE:	0.695	0.778	0.922	0.798	
[21-02-03 19:08:24-INFO] BEST_RECALL: 0.591, EPOCH:  33
[21-02-03 19:18:37-INFO] EPOCH: 39
[21-02-03 19:18:37-INFO] TRAIN_LOSS : 0.049, TIME: 612.0s
[21-02-03 19:19:28-INFO] VAL _RECALL: 0.985, TIME: 51.4s
[21-02-03 19:19:28-DEBUG] 
VAL  set, TITLE	CLS0	CLS1	CLS2	MEAN
VAL  set, REC:	0.970	1.000	0.986	0.985	
VAL  set, F1 :	0.985	0.957	0.993	0.978	
VAL  set, AUC:	1.000	1.000	1.000	1.000	
VAL  set, ACC:	0.985	0.981	0.996	0.987	
VAL  set, SPE:	1.000	0.975	1.000	0.992	
[21-02-03 19:20:20-INFO] TEST_RECALL: 0.534, TIME: 52.1s
[21-02-03 19:20:20-DEBUG] 
TEST set, TITLE	CLS0	CLS1	CLS2	MEAN
TEST set, REC:	0.488	0.773	0.339	0.534	
TEST set, F1 :	0.630	0.502	0.427	0.520	
TEST set, AUC:	0.860	0.695	0.790	0.782	
TEST set, ACC:	0.715	0.558	0.804	0.692	
TEST set, SPE:	0.939	0.470	0.931	0.780	
[21-02-03 19:20:21-INFO] BEST_RECALL: 0.591, EPOCH:  33
[21-02-03 19:30:32-INFO] EPOCH: 40
[21-02-03 19:30:32-INFO] TRAIN_LOSS : 0.025, TIME: 611.3s
[21-02-03 19:31:24-INFO] VAL _RECALL: 1.000, TIME: 51.3s
[21-02-03 19:31:24-DEBUG] 
VAL  set, TITLE	CLS0	CLS1	CLS2	MEAN
VAL  set, REC:	1.000	1.000	1.000	1.000	
VAL  set, F1 :	1.000	1.000	1.000	1.000	
VAL  set, AUC:	1.000	1.000	1.000	1.000	
VAL  set, ACC:	1.000	1.000	1.000	1.000	
VAL  set, SPE:	1.000	1.000	1.000	1.000	
[21-02-03 19:32:16-INFO] TEST_RECALL: 0.566, TIME: 51.8s
[21-02-03 19:32:16-DEBUG] 
TEST set, TITLE	CLS0	CLS1	CLS2	MEAN
TEST set, REC:	0.822	0.520	0.357	0.566	
TEST set, F1 :	0.765	0.494	0.471	0.577	
TEST set, AUC:	0.863	0.722	0.834	0.806	
TEST set, ACC:	0.750	0.692	0.827	0.756	
TEST set, SPE:	0.679	0.762	0.956	0.799	
[21-02-03 19:32:17-INFO] BEST_RECALL: 0.591, EPOCH:  33
[21-02-03 19:42:28-INFO] EPOCH: 41
[21-02-03 19:42:28-INFO] TRAIN_LOSS : 0.015, TIME: 611.8s
[21-02-03 19:43:20-INFO] VAL _RECALL: 1.000, TIME: 51.5s
[21-02-03 19:43:20-DEBUG] 
VAL  set, TITLE	CLS0	CLS1	CLS2	MEAN
VAL  set, REC:	1.000	1.000	1.000	1.000	
VAL  set, F1 :	1.000	1.000	1.000	1.000	
VAL  set, AUC:	1.000	1.000	1.000	1.000	
VAL  set, ACC:	1.000	1.000	1.000	1.000	
VAL  set, SPE:	1.000	1.000	1.000	1.000	
[21-02-03 19:44:12-INFO] TEST_RECALL: 0.622, TIME: 51.8s
[21-02-03 19:44:12-DEBUG] 
TEST set, TITLE	CLS0	CLS1	CLS2	MEAN
TEST set, REC:	0.845	0.307	0.714	0.622	
TEST set, F1 :	0.810	0.400	0.588	0.600	
TEST set, AUC:	0.873	0.710	0.834	0.806	
TEST set, ACC:	0.804	0.735	0.785	0.774	
TEST set, SPE:	0.763	0.908	0.804	0.825	
[21-02-03 19:44:14-INFO] BEST_RECALL: 0.622, EPOCH:  41
[21-02-03 19:54:26-INFO] EPOCH: 42
[21-02-03 19:54:26-INFO] TRAIN_LOSS : 0.035, TIME: 612.4s
[21-02-03 19:55:18-INFO] VAL _RECALL: 1.000, TIME: 51.5s
[21-02-03 19:55:18-DEBUG] 
VAL  set, TITLE	CLS0	CLS1	CLS2	MEAN
VAL  set, REC:	1.000	1.000	1.000	1.000	
VAL  set, F1 :	1.000	1.000	1.000	1.000	
VAL  set, AUC:	1.000	1.000	1.000	1.000	
VAL  set, ACC:	1.000	1.000	1.000	1.000	
VAL  set, SPE:	1.000	1.000	1.000	1.000	
[21-02-03 19:56:10-INFO] TEST_RECALL: 0.596, TIME: 51.8s
[21-02-03 19:56:10-DEBUG] 
TEST set, TITLE	CLS0	CLS1	CLS2	MEAN
TEST set, REC:	0.891	0.413	0.482	0.596	
TEST set, F1 :	0.788	0.459	0.581	0.609	
TEST set, AUC:	0.864	0.725	0.858	0.816	
TEST set, ACC:	0.762	0.719	0.850	0.777	
TEST set, SPE:	0.634	0.843	0.951	0.809	
[21-02-03 19:56:11-INFO] BEST_RECALL: 0.622, EPOCH:  41
[21-02-03 20:06:22-INFO] EPOCH: 43
[21-02-03 20:06:22-INFO] TRAIN_LOSS : 0.011, TIME: 610.9s
[21-02-03 20:07:13-INFO] VAL _RECALL: 1.000, TIME: 51.6s
[21-02-03 20:07:13-DEBUG] 
VAL  set, TITLE	CLS0	CLS1	CLS2	MEAN
VAL  set, REC:	1.000	1.000	1.000	1.000	
VAL  set, F1 :	1.000	1.000	1.000	1.000	
VAL  set, AUC:	1.000	1.000	1.000	1.000	
VAL  set, ACC:	1.000	1.000	1.000	1.000	
VAL  set, SPE:	1.000	1.000	1.000	1.000	
[21-02-03 20:08:05-INFO] TEST_RECALL: 0.610, TIME: 51.6s
[21-02-03 20:08:05-DEBUG] 
TEST set, TITLE	CLS0	CLS1	CLS2	MEAN
TEST set, REC:	0.868	0.373	0.589	0.610	
TEST set, F1 :	0.792	0.452	0.584	0.609	
TEST set, AUC:	0.869	0.710	0.856	0.812	
TEST set, ACC:	0.773	0.738	0.819	0.777	
TEST set, SPE:	0.679	0.886	0.882	0.816	
[21-02-03 20:08:06-INFO] BEST_RECALL: 0.622, EPOCH:  41
[21-02-03 20:18:18-INFO] EPOCH: 44
[21-02-03 20:18:18-INFO] TRAIN_LOSS : 0.004, TIME: 612.3s
[21-02-03 20:19:10-INFO] VAL _RECALL: 1.000, TIME: 51.3s
[21-02-03 20:19:10-DEBUG] 
VAL  set, TITLE	CLS0	CLS1	CLS2	MEAN
VAL  set, REC:	1.000	1.000	1.000	1.000	
VAL  set, F1 :	1.000	1.000	1.000	1.000	
VAL  set, AUC:	1.000	1.000	1.000	1.000	
VAL  set, ACC:	1.000	1.000	1.000	1.000	
VAL  set, SPE:	1.000	1.000	1.000	1.000	
[21-02-03 20:20:01-INFO] TEST_RECALL: 0.598, TIME: 51.7s
[21-02-03 20:20:01-DEBUG] 
TEST set, TITLE	CLS0	CLS1	CLS2	MEAN
TEST set, REC:	0.884	0.373	0.536	0.598	
TEST set, F1 :	0.792	0.441	0.571	0.601	
TEST set, AUC:	0.872	0.719	0.858	0.816	
TEST set, ACC:	0.769	0.727	0.827	0.774	
TEST set, SPE:	0.656	0.870	0.907	0.811	
[21-02-03 20:20:02-INFO] BEST_RECALL: 0.622, EPOCH:  41
[21-02-03 20:30:14-INFO] EPOCH: 45
[21-02-03 20:30:14-INFO] TRAIN_LOSS : 0.021, TIME: 611.9s
[21-02-03 20:31:06-INFO] VAL _RECALL: 1.000, TIME: 51.4s
[21-02-03 20:31:06-DEBUG] 
VAL  set, TITLE	CLS0	CLS1	CLS2	MEAN
VAL  set, REC:	1.000	1.000	1.000	1.000	
VAL  set, F1 :	1.000	1.000	1.000	1.000	
VAL  set, AUC:	1.000	1.000	1.000	1.000	
VAL  set, ACC:	1.000	1.000	1.000	1.000	
VAL  set, SPE:	1.000	1.000	1.000	1.000	
[21-02-03 20:31:58-INFO] TEST_RECALL: 0.571, TIME: 51.8s
[21-02-03 20:31:58-DEBUG] 
TEST set, TITLE	CLS0	CLS1	CLS2	MEAN
TEST set, REC:	0.876	0.373	0.464	0.571	
TEST set, F1 :	0.774	0.431	0.531	0.578	
TEST set, AUC:	0.864	0.715	0.830	0.803	
TEST set, ACC:	0.746	0.715	0.823	0.762	
TEST set, SPE:	0.618	0.854	0.922	0.798	
[21-02-03 20:31:59-INFO] BEST_RECALL: 0.622, EPOCH:  41
[21-02-03 20:42:10-INFO] EPOCH: 46
[21-02-03 20:42:10-INFO] TRAIN_LOSS : 0.005, TIME: 611.2s
[21-02-03 20:43:01-INFO] VAL _RECALL: 1.000, TIME: 51.6s
[21-02-03 20:43:01-DEBUG] 
VAL  set, TITLE	CLS0	CLS1	CLS2	MEAN
VAL  set, REC:	1.000	1.000	1.000	1.000	
VAL  set, F1 :	1.000	1.000	1.000	1.000	
VAL  set, AUC:	1.000	1.000	1.000	1.000	
VAL  set, ACC:	1.000	1.000	1.000	1.000	
VAL  set, SPE:	1.000	1.000	1.000	1.000	
[21-02-03 20:43:53-INFO] TEST_RECALL: 0.598, TIME: 51.8s
[21-02-03 20:43:53-DEBUG] 
TEST set, TITLE	CLS0	CLS1	CLS2	MEAN
TEST set, REC:	0.845	0.413	0.536	0.598	
TEST set, F1 :	0.787	0.456	0.561	0.601	
TEST set, AUC:	0.876	0.733	0.844	0.817	
TEST set, ACC:	0.773	0.715	0.819	0.769	
TEST set, SPE:	0.702	0.838	0.897	0.812	
[21-02-03 20:43:54-INFO] BEST_RECALL: 0.622, EPOCH:  41
[21-02-03 20:54:06-INFO] EPOCH: 47
[21-02-03 20:54:06-INFO] TRAIN_LOSS : 0.006, TIME: 611.8s
[21-02-03 20:54:58-INFO] VAL _RECALL: 1.000, TIME: 51.7s
[21-02-03 20:54:58-DEBUG] 
VAL  set, TITLE	CLS0	CLS1	CLS2	MEAN
VAL  set, REC:	1.000	1.000	1.000	1.000	
VAL  set, F1 :	1.000	1.000	1.000	1.000	
VAL  set, AUC:	1.000	1.000	1.000	1.000	
VAL  set, ACC:	1.000	1.000	1.000	1.000	
VAL  set, SPE:	1.000	1.000	1.000	1.000	
[21-02-03 20:55:50-INFO] TEST_RECALL: 0.608, TIME: 51.7s
[21-02-03 20:55:50-DEBUG] 
TEST set, TITLE	CLS0	CLS1	CLS2	MEAN
TEST set, REC:	0.829	0.333	0.661	0.608	
TEST set, F1 :	0.778	0.403	0.612	0.598	
TEST set, AUC:	0.858	0.717	0.856	0.810	
TEST set, ACC:	0.765	0.715	0.819	0.767	
TEST set, SPE:	0.702	0.870	0.863	0.812	
[21-02-03 20:55:51-INFO] BEST_RECALL: 0.622, EPOCH:  41
[21-02-03 21:06:03-INFO] EPOCH: 48
[21-02-03 21:06:03-INFO] TRAIN_LOSS : 0.002, TIME: 612.6s
[21-02-03 21:06:55-INFO] VAL _RECALL: 1.000, TIME: 51.5s
[21-02-03 21:06:55-DEBUG] 
VAL  set, TITLE	CLS0	CLS1	CLS2	MEAN
VAL  set, REC:	1.000	1.000	1.000	1.000	
VAL  set, F1 :	1.000	1.000	1.000	1.000	
VAL  set, AUC:	1.000	1.000	1.000	1.000	
VAL  set, ACC:	1.000	1.000	1.000	1.000	
VAL  set, SPE:	1.000	1.000	1.000	1.000	
[21-02-03 21:07:46-INFO] TEST_RECALL: 0.593, TIME: 51.8s
[21-02-03 21:07:46-DEBUG] 
TEST set, TITLE	CLS0	CLS1	CLS2	MEAN
TEST set, REC:	0.884	0.307	0.589	0.593	
TEST set, F1 :	0.765	0.400	0.617	0.594	
TEST set, AUC:	0.866	0.733	0.866	0.822	
TEST set, ACC:	0.731	0.735	0.842	0.769	
TEST set, SPE:	0.580	0.908	0.912	0.800	
[21-02-03 21:07:48-INFO] BEST_RECALL: 0.622, EPOCH:  41
[21-02-03 21:18:00-INFO] EPOCH: 49
[21-02-03 21:18:00-INFO] TRAIN_LOSS : 0.001, TIME: 612.0s
[21-02-03 21:18:51-INFO] VAL _RECALL: 1.000, TIME: 51.6s
[21-02-03 21:18:51-DEBUG] 
VAL  set, TITLE	CLS0	CLS1	CLS2	MEAN
VAL  set, REC:	1.000	1.000	1.000	1.000	
VAL  set, F1 :	1.000	1.000	1.000	1.000	
VAL  set, AUC:	1.000	1.000	1.000	1.000	
VAL  set, ACC:	1.000	1.000	1.000	1.000	
VAL  set, SPE:	1.000	1.000	1.000	1.000	
[21-02-03 21:19:43-INFO] TEST_RECALL: 0.594, TIME: 51.9s
[21-02-03 21:19:43-DEBUG] 
TEST set, TITLE	CLS0	CLS1	CLS2	MEAN
TEST set, REC:	0.860	0.333	0.589	0.594	
TEST set, F1 :	0.776	0.410	0.589	0.592	
TEST set, AUC:	0.872	0.733	0.861	0.822	
TEST set, ACC:	0.754	0.723	0.823	0.767	
TEST set, SPE:	0.649	0.881	0.887	0.806	
[21-02-03 21:19:44-INFO] BEST_RECALL: 0.622, EPOCH:  41
[21-02-03 21:29:56-INFO] EPOCH: 50
[21-02-03 21:29:56-INFO] TRAIN_LOSS : 0.001, TIME: 612.0s
[21-02-03 21:30:48-INFO] VAL _RECALL: 1.000, TIME: 51.7s
[21-02-03 21:30:48-DEBUG] 
VAL  set, TITLE	CLS0	CLS1	CLS2	MEAN
VAL  set, REC:	1.000	1.000	1.000	1.000	
VAL  set, F1 :	1.000	1.000	1.000	1.000	
VAL  set, AUC:	1.000	1.000	1.000	1.000	
VAL  set, ACC:	1.000	1.000	1.000	1.000	
VAL  set, SPE:	1.000	1.000	1.000	1.000	
[21-02-03 21:31:40-INFO] TEST_RECALL: 0.608, TIME: 51.8s
[21-02-03 21:31:40-DEBUG] 
TEST set, TITLE	CLS0	CLS1	CLS2	MEAN
TEST set, REC:	0.860	0.427	0.536	0.608	
TEST set, F1 :	0.776	0.474	0.606	0.619	
TEST set, AUC:	0.870	0.735	0.860	0.821	
TEST set, ACC:	0.754	0.727	0.850	0.777	
TEST set, SPE:	0.649	0.849	0.936	0.811	
[21-02-03 21:31:41-INFO] BEST_RECALL: 0.622, EPOCH:  41
[21-02-03 21:41:53-INFO] EPOCH: 51
[21-02-03 21:41:53-INFO] TRAIN_LOSS : 0.001, TIME: 611.7s
[21-02-03 21:42:44-INFO] VAL _RECALL: 1.000, TIME: 51.6s
[21-02-03 21:42:44-DEBUG] 
VAL  set, TITLE	CLS0	CLS1	CLS2	MEAN
VAL  set, REC:	1.000	1.000	1.000	1.000	
VAL  set, F1 :	1.000	1.000	1.000	1.000	
VAL  set, AUC:	1.000	1.000	1.000	1.000	
VAL  set, ACC:	1.000	1.000	1.000	1.000	
VAL  set, SPE:	1.000	1.000	1.000	1.000	
[21-02-03 21:43:36-INFO] TEST_RECALL: 0.594, TIME: 51.8s
[21-02-03 21:43:36-DEBUG] 
TEST set, TITLE	CLS0	CLS1	CLS2	MEAN
TEST set, REC:	0.876	0.333	0.571	0.594	
TEST set, F1 :	0.785	0.413	0.577	0.592	
TEST set, AUC:	0.872	0.734	0.859	0.822	
TEST set, ACC:	0.762	0.727	0.819	0.769	
TEST set, SPE:	0.649	0.886	0.887	0.808	
[21-02-03 21:43:37-INFO] BEST_RECALL: 0.622, EPOCH:  41
[21-02-03 21:53:49-INFO] EPOCH: 52
[21-02-03 21:53:49-INFO] TRAIN_LOSS : 0.001, TIME: 611.7s
[21-02-03 21:54:40-INFO] VAL _RECALL: 1.000, TIME: 51.6s
[21-02-03 21:54:40-DEBUG] 
VAL  set, TITLE	CLS0	CLS1	CLS2	MEAN
VAL  set, REC:	1.000	1.000	1.000	1.000	
VAL  set, F1 :	1.000	1.000	1.000	1.000	
VAL  set, AUC:	1.000	1.000	1.000	1.000	
VAL  set, ACC:	1.000	1.000	1.000	1.000	
VAL  set, SPE:	1.000	1.000	1.000	1.000	
[21-02-03 21:55:32-INFO] TEST_RECALL: 0.596, TIME: 51.8s
[21-02-03 21:55:32-DEBUG] 
TEST set, TITLE	CLS0	CLS1	CLS2	MEAN
TEST set, REC:	0.853	0.293	0.643	0.596	
TEST set, F1 :	0.786	0.370	0.595	0.584	
TEST set, AUC:	0.875	0.732	0.869	0.825	
TEST set, ACC:	0.769	0.712	0.812	0.764	
TEST set, SPE:	0.687	0.881	0.858	0.809	
[21-02-03 21:55:33-INFO] BEST_RECALL: 0.622, EPOCH:  41
[21-02-03 22:05:46-INFO] EPOCH: 53
[21-02-03 22:05:46-INFO] TRAIN_LOSS : 0.001, TIME: 612.3s
[21-02-03 22:06:37-INFO] VAL _RECALL: 1.000, TIME: 51.7s
[21-02-03 22:06:37-DEBUG] 
VAL  set, TITLE	CLS0	CLS1	CLS2	MEAN
VAL  set, REC:	1.000	1.000	1.000	1.000	
VAL  set, F1 :	1.000	1.000	1.000	1.000	
VAL  set, AUC:	1.000	1.000	1.000	1.000	
VAL  set, ACC:	1.000	1.000	1.000	1.000	
VAL  set, SPE:	1.000	1.000	1.000	1.000	
[21-02-03 22:07:29-INFO] TEST_RECALL: 0.617, TIME: 51.8s
[21-02-03 22:07:29-DEBUG] 
TEST set, TITLE	CLS0	CLS1	CLS2	MEAN
TEST set, REC:	0.853	0.427	0.571	0.617	
TEST set, F1 :	0.786	0.474	0.610	0.623	
TEST set, AUC:	0.874	0.737	0.865	0.825	
TEST set, ACC:	0.769	0.727	0.842	0.779	
TEST set, SPE:	0.687	0.849	0.917	0.817	
[21-02-03 22:07:30-INFO] BEST_RECALL: 0.622, EPOCH:  41
[21-02-03 22:17:41-INFO] EPOCH: 54
[21-02-03 22:17:41-INFO] TRAIN_LOSS : 0.001, TIME: 611.2s
[21-02-03 22:18:33-INFO] VAL _RECALL: 1.000, TIME: 51.6s
[21-02-03 22:18:33-DEBUG] 
VAL  set, TITLE	CLS0	CLS1	CLS2	MEAN
VAL  set, REC:	1.000	1.000	1.000	1.000	
VAL  set, F1 :	1.000	1.000	1.000	1.000	
VAL  set, AUC:	1.000	1.000	1.000	1.000	
VAL  set, ACC:	1.000	1.000	1.000	1.000	
VAL  set, SPE:	1.000	1.000	1.000	1.000	
[21-02-03 22:19:25-INFO] TEST_RECALL: 0.610, TIME: 51.8s
[21-02-03 22:19:25-DEBUG] 
TEST set, TITLE	CLS0	CLS1	CLS2	MEAN
TEST set, REC:	0.868	0.427	0.536	0.610	
TEST set, F1 :	0.786	0.478	0.594	0.619	
TEST set, AUC:	0.877	0.744	0.867	0.829	
TEST set, ACC:	0.765	0.731	0.842	0.779	
TEST set, SPE:	0.664	0.854	0.926	0.815	
[21-02-03 22:19:26-INFO] BEST_RECALL: 0.622, EPOCH:  41
[21-02-03 22:29:38-INFO] EPOCH: 55
[21-02-03 22:29:38-INFO] TRAIN_LOSS : 0.001, TIME: 612.0s
[21-02-03 22:30:29-INFO] VAL _RECALL: 1.000, TIME: 51.5s
[21-02-03 22:30:29-DEBUG] 
VAL  set, TITLE	CLS0	CLS1	CLS2	MEAN
VAL  set, REC:	1.000	1.000	1.000	1.000	
VAL  set, F1 :	1.000	1.000	1.000	1.000	
VAL  set, AUC:	1.000	1.000	1.000	1.000	
VAL  set, ACC:	1.000	1.000	1.000	1.000	
VAL  set, SPE:	1.000	1.000	1.000	1.000	
[21-02-03 22:31:21-INFO] TEST_RECALL: 0.605, TIME: 51.8s
[21-02-03 22:31:21-DEBUG] 
TEST set, TITLE	CLS0	CLS1	CLS2	MEAN
TEST set, REC:	0.853	0.427	0.536	0.605	
TEST set, F1 :	0.783	0.471	0.583	0.612	
TEST set, AUC:	0.876	0.740	0.854	0.823	
TEST set, ACC:	0.765	0.723	0.835	0.774	
TEST set, SPE:	0.679	0.843	0.917	0.813	
[21-02-03 22:31:22-INFO] BEST_RECALL: 0.622, EPOCH:  41
[21-02-03 22:41:35-INFO] EPOCH: 56
[21-02-03 22:41:35-INFO] TRAIN_LOSS : 0.084, TIME: 612.2s
[21-02-03 22:42:26-INFO] VAL _RECALL: 0.991, TIME: 51.6s
[21-02-03 22:42:26-DEBUG] 
VAL  set, TITLE	CLS0	CLS1	CLS2	MEAN
VAL  set, REC:	1.000	1.000	0.972	0.991	
VAL  set, F1 :	0.996	0.991	0.986	0.991	
VAL  set, AUC:	1.000	1.000	1.000	1.000	
VAL  set, ACC:	0.996	0.996	0.992	0.995	
VAL  set, SPE:	0.992	0.995	1.000	0.996	
[21-02-03 22:43:18-INFO] TEST_RECALL: 0.595, TIME: 51.8s
[21-02-03 22:43:18-DEBUG] 
TEST set, TITLE	CLS0	CLS1	CLS2	MEAN
TEST set, REC:	0.791	0.493	0.500	0.595	
TEST set, F1 :	0.767	0.493	0.538	0.600	
TEST set, AUC:	0.809	0.667	0.817	0.764	
TEST set, ACC:	0.762	0.708	0.815	0.762	
TEST set, SPE:	0.733	0.795	0.902	0.810	
[21-02-03 22:43:19-INFO] BEST_RECALL: 0.622, EPOCH:  41
[21-02-03 22:53:31-INFO] EPOCH: 57
[21-02-03 22:53:31-INFO] TRAIN_LOSS : 0.045, TIME: 611.5s
[21-02-03 22:54:22-INFO] VAL _RECALL: 1.000, TIME: 51.5s
[21-02-03 22:54:22-DEBUG] 
VAL  set, TITLE	CLS0	CLS1	CLS2	MEAN
VAL  set, REC:	1.000	1.000	1.000	1.000	
VAL  set, F1 :	1.000	1.000	1.000	1.000	
VAL  set, AUC:	1.000	1.000	1.000	1.000	
VAL  set, ACC:	1.000	1.000	1.000	1.000	
VAL  set, SPE:	1.000	1.000	1.000	1.000	
[21-02-03 22:55:14-INFO] TEST_RECALL: 0.562, TIME: 51.7s
[21-02-03 22:55:14-DEBUG] 
TEST set, TITLE	CLS0	CLS1	CLS2	MEAN
TEST set, REC:	0.907	0.280	0.500	0.562	
TEST set, F1 :	0.760	0.378	0.554	0.564	
TEST set, AUC:	0.853	0.714	0.827	0.798	
TEST set, ACC:	0.715	0.735	0.827	0.759	
TEST set, SPE:	0.527	0.919	0.917	0.787	
[21-02-03 22:55:15-INFO] BEST_RECALL: 0.622, EPOCH:  41
[21-02-03 23:05:28-INFO] EPOCH: 58
[21-02-03 23:05:28-INFO] TRAIN_LOSS : 0.015, TIME: 612.7s
[21-02-03 23:06:19-INFO] VAL _RECALL: 1.000, TIME: 51.5s
[21-02-03 23:06:19-DEBUG] 
VAL  set, TITLE	CLS0	CLS1	CLS2	MEAN
VAL  set, REC:	1.000	1.000	1.000	1.000	
VAL  set, F1 :	1.000	1.000	1.000	1.000	
VAL  set, AUC:	1.000	1.000	1.000	1.000	
VAL  set, ACC:	1.000	1.000	1.000	1.000	
VAL  set, SPE:	1.000	1.000	1.000	1.000	
[21-02-03 23:07:11-INFO] TEST_RECALL: 0.594, TIME: 51.9s
[21-02-03 23:07:11-DEBUG] 
TEST set, TITLE	CLS0	CLS1	CLS2	MEAN
TEST set, REC:	0.837	0.533	0.411	0.594	
TEST set, F1 :	0.785	0.506	0.529	0.607	
TEST set, AUC:	0.869	0.725	0.834	0.809	
TEST set, ACC:	0.773	0.700	0.842	0.772	
TEST set, SPE:	0.710	0.768	0.961	0.813	
[21-02-03 23:07:12-INFO] BEST_RECALL: 0.622, EPOCH:  41
[21-02-03 23:17:24-INFO] EPOCH: 59
[21-02-03 23:17:24-INFO] TRAIN_LOSS : 0.011, TIME: 611.5s
[21-02-03 23:18:15-INFO] VAL _RECALL: 1.000, TIME: 51.6s
[21-02-03 23:18:15-DEBUG] 
VAL  set, TITLE	CLS0	CLS1	CLS2	MEAN
VAL  set, REC:	1.000	1.000	1.000	1.000	
VAL  set, F1 :	1.000	1.000	1.000	1.000	
VAL  set, AUC:	1.000	1.000	1.000	1.000	
VAL  set, ACC:	1.000	1.000	1.000	1.000	
VAL  set, SPE:	1.000	1.000	1.000	1.000	
[21-02-03 23:19:07-INFO] TEST_RECALL: 0.605, TIME: 51.7s
[21-02-03 23:19:07-DEBUG] 
TEST set, TITLE	CLS0	CLS1	CLS2	MEAN
TEST set, REC:	0.891	0.387	0.536	0.605	
TEST set, F1 :	0.790	0.443	0.612	0.615	
TEST set, AUC:	0.878	0.723	0.860	0.820	
TEST set, ACC:	0.765	0.719	0.854	0.779	
TEST set, SPE:	0.641	0.854	0.941	0.812	
[21-02-03 23:19:08-INFO] BEST_RECALL: 0.622, EPOCH:  41
[21-02-03 23:29:19-INFO] EPOCH: 60
[21-02-03 23:29:19-INFO] TRAIN_LOSS : 0.023, TIME: 610.8s
[21-02-03 23:30:10-INFO] VAL _RECALL: 1.000, TIME: 51.7s
[21-02-03 23:30:10-DEBUG] 
VAL  set, TITLE	CLS0	CLS1	CLS2	MEAN
VAL  set, REC:	1.000	1.000	1.000	1.000	
VAL  set, F1 :	1.000	1.000	1.000	1.000	
VAL  set, AUC:	1.000	1.000	1.000	1.000	
VAL  set, ACC:	1.000	1.000	1.000	1.000	
VAL  set, SPE:	1.000	1.000	1.000	1.000	
[21-02-03 23:31:02-INFO] TEST_RECALL: 0.589, TIME: 51.8s
[21-02-03 23:31:02-DEBUG] 
TEST set, TITLE	CLS0	CLS1	CLS2	MEAN
TEST set, REC:	0.822	0.480	0.464	0.589	
TEST set, F1 :	0.777	0.477	0.542	0.598	
TEST set, AUC:	0.865	0.713	0.848	0.809	
TEST set, ACC:	0.765	0.696	0.831	0.764	
TEST set, SPE:	0.710	0.784	0.931	0.808	
[21-02-03 23:31:03-INFO] BEST_RECALL: 0.622, EPOCH:  41
[21-02-03 23:41:15-INFO] EPOCH: 61
[21-02-03 23:41:15-INFO] TRAIN_LOSS : 0.004, TIME: 611.7s
[21-02-03 23:42:07-INFO] VAL _RECALL: 1.000, TIME: 51.5s
[21-02-03 23:42:07-DEBUG] 
VAL  set, TITLE	CLS0	CLS1	CLS2	MEAN
VAL  set, REC:	1.000	1.000	1.000	1.000	
VAL  set, F1 :	1.000	1.000	1.000	1.000	
VAL  set, AUC:	1.000	1.000	1.000	1.000	
VAL  set, ACC:	1.000	1.000	1.000	1.000	
VAL  set, SPE:	1.000	1.000	1.000	1.000	
[21-02-03 23:42:58-INFO] TEST_RECALL: 0.565, TIME: 51.9s
[21-02-03 23:42:58-DEBUG] 
TEST set, TITLE	CLS0	CLS1	CLS2	MEAN
TEST set, REC:	0.891	0.320	0.482	0.565	
TEST set, F1 :	0.782	0.384	0.535	0.567	
TEST set, AUC:	0.874	0.699	0.850	0.807	
TEST set, ACC:	0.754	0.704	0.819	0.759	
TEST set, SPE:	0.618	0.859	0.912	0.797	
[21-02-03 23:42:59-INFO] BEST_RECALL: 0.622, EPOCH:  41
[21-02-03 23:53:10-INFO] EPOCH: 62
[21-02-03 23:53:10-INFO] TRAIN_LOSS : 0.002, TIME: 610.9s
[21-02-03 23:54:02-INFO] VAL _RECALL: 1.000, TIME: 51.4s
[21-02-03 23:54:02-DEBUG] 
VAL  set, TITLE	CLS0	CLS1	CLS2	MEAN
VAL  set, REC:	1.000	1.000	1.000	1.000	
VAL  set, F1 :	1.000	1.000	1.000	1.000	
VAL  set, AUC:	1.000	1.000	1.000	1.000	
VAL  set, ACC:	1.000	1.000	1.000	1.000	
VAL  set, SPE:	1.000	1.000	1.000	1.000	
[21-02-03 23:54:53-INFO] TEST_RECALL: 0.578, TIME: 51.7s
[21-02-03 23:54:53-DEBUG] 
TEST set, TITLE	CLS0	CLS1	CLS2	MEAN
TEST set, REC:	0.853	0.347	0.536	0.578	
TEST set, F1 :	0.789	0.403	0.536	0.576	
TEST set, AUC:	0.878	0.697	0.847	0.807	
TEST set, ACC:	0.773	0.704	0.800	0.759	
TEST set, SPE:	0.695	0.849	0.873	0.805	
[21-02-03 23:54:54-INFO] BEST_RECALL: 0.622, EPOCH:  41
[21-02-04 00:05:06-INFO] EPOCH: 63
[21-02-04 00:05:06-INFO] TRAIN_LOSS : 0.006, TIME: 611.8s
[21-02-04 00:05:58-INFO] VAL _RECALL: 1.000, TIME: 51.6s
[21-02-04 00:05:58-DEBUG] 
VAL  set, TITLE	CLS0	CLS1	CLS2	MEAN
VAL  set, REC:	1.000	1.000	1.000	1.000	
VAL  set, F1 :	1.000	1.000	1.000	1.000	
VAL  set, AUC:	1.000	1.000	1.000	1.000	
VAL  set, ACC:	1.000	1.000	1.000	1.000	
VAL  set, SPE:	1.000	1.000	1.000	1.000	
[21-02-04 00:06:50-INFO] TEST_RECALL: 0.582, TIME: 51.9s
[21-02-04 00:06:50-DEBUG] 
TEST set, TITLE	CLS0	CLS1	CLS2	MEAN
TEST set, REC:	0.891	0.427	0.429	0.582	
TEST set, F1 :	0.796	0.464	0.516	0.592	
TEST set, AUC:	0.868	0.698	0.851	0.806	
TEST set, ACC:	0.773	0.715	0.827	0.772	
TEST set, SPE:	0.656	0.832	0.936	0.808	
[21-02-04 00:06:51-INFO] BEST_RECALL: 0.622, EPOCH:  41
[21-02-04 00:17:03-INFO] EPOCH: 64
[21-02-04 00:17:03-INFO] TRAIN_LOSS : 0.003, TIME: 612.2s
[21-02-04 00:17:54-INFO] VAL _RECALL: 1.000, TIME: 51.4s
[21-02-04 00:17:54-DEBUG] 
VAL  set, TITLE	CLS0	CLS1	CLS2	MEAN
VAL  set, REC:	1.000	1.000	1.000	1.000	
VAL  set, F1 :	1.000	1.000	1.000	1.000	
VAL  set, AUC:	1.000	1.000	1.000	1.000	
VAL  set, ACC:	1.000	1.000	1.000	1.000	
VAL  set, SPE:	1.000	1.000	1.000	1.000	
[21-02-04 00:18:46-INFO] TEST_RECALL: 0.604, TIME: 51.7s
[21-02-04 00:18:46-DEBUG] 
TEST set, TITLE	CLS0	CLS1	CLS2	MEAN
TEST set, REC:	0.853	0.440	0.518	0.604	
TEST set, F1 :	0.789	0.471	0.574	0.611	
TEST set, AUC:	0.870	0.700	0.858	0.809	
TEST set, ACC:	0.773	0.715	0.835	0.774	
TEST set, SPE:	0.695	0.827	0.922	0.814	
[21-02-04 00:18:47-INFO] BEST_RECALL: 0.622, EPOCH:  41
[21-02-04 00:28:59-INFO] EPOCH: 65
[21-02-04 00:28:59-INFO] TRAIN_LOSS : 0.002, TIME: 611.7s
[21-02-04 00:29:50-INFO] VAL _RECALL: 1.000, TIME: 51.6s
[21-02-04 00:29:50-DEBUG] 
VAL  set, TITLE	CLS0	CLS1	CLS2	MEAN
VAL  set, REC:	1.000	1.000	1.000	1.000	
VAL  set, F1 :	1.000	1.000	1.000	1.000	
VAL  set, AUC:	1.000	1.000	1.000	1.000	
VAL  set, ACC:	1.000	1.000	1.000	1.000	
VAL  set, SPE:	1.000	1.000	1.000	1.000	
[21-02-04 00:30:42-INFO] TEST_RECALL: 0.579, TIME: 51.6s
[21-02-04 00:30:42-DEBUG] 
TEST set, TITLE	CLS0	CLS1	CLS2	MEAN
TEST set, REC:	0.899	0.373	0.464	0.579	
TEST set, F1 :	0.789	0.434	0.536	0.586	
TEST set, AUC:	0.876	0.713	0.860	0.816	
TEST set, ACC:	0.762	0.719	0.827	0.769	
TEST set, SPE:	0.626	0.859	0.926	0.804	
[21-02-04 00:30:43-INFO] BEST_RECALL: 0.622, EPOCH:  41
[21-02-04 00:40:54-INFO] EPOCH: 66
[21-02-04 00:40:54-INFO] TRAIN_LOSS : 0.001, TIME: 610.8s
[21-02-04 00:41:46-INFO] VAL _RECALL: 1.000, TIME: 51.8s
[21-02-04 00:41:46-DEBUG] 
VAL  set, TITLE	CLS0	CLS1	CLS2	MEAN
VAL  set, REC:	1.000	1.000	1.000	1.000	
VAL  set, F1 :	1.000	1.000	1.000	1.000	
VAL  set, AUC:	1.000	1.000	1.000	1.000	
VAL  set, ACC:	1.000	1.000	1.000	1.000	
VAL  set, SPE:	1.000	1.000	1.000	1.000	
[21-02-04 00:42:37-INFO] TEST_RECALL: 0.574, TIME: 51.7s
[21-02-04 00:42:37-DEBUG] 
TEST set, TITLE	CLS0	CLS1	CLS2	MEAN
TEST set, REC:	0.907	0.387	0.429	0.574	
TEST set, F1 :	0.785	0.443	0.527	0.585	
TEST set, AUC:	0.875	0.713	0.859	0.815	
TEST set, ACC:	0.754	0.719	0.835	0.769	
TEST set, SPE:	0.603	0.854	0.946	0.801	
[21-02-04 00:42:38-INFO] BEST_RECALL: 0.622, EPOCH:  41
[21-02-04 00:52:50-INFO] EPOCH: 67
[21-02-04 00:52:50-INFO] TRAIN_LOSS : 0.002, TIME: 611.8s
[21-02-04 00:53:42-INFO] VAL _RECALL: 1.000, TIME: 51.3s
[21-02-04 00:53:42-DEBUG] 
VAL  set, TITLE	CLS0	CLS1	CLS2	MEAN
VAL  set, REC:	1.000	1.000	1.000	1.000	
VAL  set, F1 :	1.000	1.000	1.000	1.000	
VAL  set, AUC:	1.000	1.000	1.000	1.000	
VAL  set, ACC:	1.000	1.000	1.000	1.000	
VAL  set, SPE:	1.000	1.000	1.000	1.000	
[21-02-04 00:54:33-INFO] TEST_RECALL: 0.596, TIME: 51.7s
[21-02-04 00:54:33-DEBUG] 
TEST set, TITLE	CLS0	CLS1	CLS2	MEAN
TEST set, REC:	0.853	0.400	0.536	0.596	
TEST set, F1 :	0.789	0.444	0.566	0.600	
TEST set, AUC:	0.876	0.714	0.853	0.815	
TEST set, ACC:	0.773	0.712	0.823	0.769	
TEST set, SPE:	0.695	0.838	0.902	0.811	
[21-02-04 00:54:34-INFO] BEST_RECALL: 0.622, EPOCH:  41
[21-02-04 01:04:45-INFO] EPOCH: 68
[21-02-04 01:04:45-INFO] TRAIN_LOSS : 0.001, TIME: 610.5s
[21-02-04 01:05:37-INFO] VAL _RECALL: 1.000, TIME: 51.8s
[21-02-04 01:05:37-DEBUG] 
VAL  set, TITLE	CLS0	CLS1	CLS2	MEAN
VAL  set, REC:	1.000	1.000	1.000	1.000	
VAL  set, F1 :	1.000	1.000	1.000	1.000	
VAL  set, AUC:	1.000	1.000	1.000	1.000	
VAL  set, ACC:	1.000	1.000	1.000	1.000	
VAL  set, SPE:	1.000	1.000	1.000	1.000	
[21-02-04 01:06:28-INFO] TEST_RECALL: 0.602, TIME: 51.7s
[21-02-04 01:06:28-DEBUG] 
TEST set, TITLE	CLS0	CLS1	CLS2	MEAN
TEST set, REC:	0.876	0.360	0.571	0.602	
TEST set, F1 :	0.796	0.432	0.577	0.601	
TEST set, AUC:	0.879	0.714	0.856	0.816	
TEST set, ACC:	0.777	0.727	0.819	0.774	
TEST set, SPE:	0.679	0.876	0.887	0.814	
[21-02-04 01:06:29-INFO] BEST_RECALL: 0.622, EPOCH:  41
[21-02-04 01:16:42-INFO] EPOCH: 69
[21-02-04 01:16:42-INFO] TRAIN_LOSS : 0.002, TIME: 612.3s
[21-02-04 01:17:33-INFO] VAL _RECALL: 1.000, TIME: 51.5s
[21-02-04 01:17:33-DEBUG] 
VAL  set, TITLE	CLS0	CLS1	CLS2	MEAN
VAL  set, REC:	1.000	1.000	1.000	1.000	
VAL  set, F1 :	1.000	1.000	1.000	1.000	
VAL  set, AUC:	1.000	1.000	1.000	1.000	
VAL  set, ACC:	1.000	1.000	1.000	1.000	
VAL  set, SPE:	1.000	1.000	1.000	1.000	
[21-02-04 01:18:25-INFO] TEST_RECALL: 0.579, TIME: 51.8s
[21-02-04 01:18:25-DEBUG] 
TEST set, TITLE	CLS0	CLS1	CLS2	MEAN
TEST set, REC:	0.860	0.360	0.518	0.579	
TEST set, F1 :	0.776	0.409	0.569	0.585	
TEST set, AUC:	0.872	0.708	0.857	0.812	
TEST set, ACC:	0.754	0.700	0.831	0.762	
TEST set, SPE:	0.649	0.838	0.917	0.801	
[21-02-04 01:18:26-INFO] BEST_RECALL: 0.622, EPOCH:  41
