[21-02-07 17:44:52-DEBUG] Checkpoints is in:
./results/checkpoints/20210207/3D_ResNet34-4-174450/
[21-02-07 17:44:52-DEBUG] Tensorboard is in:
./results/tensorboards/20210207/3D_ResNet34-4-174450/
[21-02-07 17:44:52-DEBUG] Data is in:
./data/Net_Input/3D_64_z1.0_l0.70_h0.10_20210125/
[21-02-07 17:44:52-DEBUG] LR: 3e-05, LD: 0.98
[21-02-07 17:44:52-DEBUG] WD: 1e-05, WU: 20
[21-02-07 17:44:52-DEBUG] BS: 4, FOLD: 4


[21-02-07 17:52:15-INFO] EPOCH: 1
[21-02-07 17:52:15-INFO] TRAIN_LOSS : 1.028, TIME: 435.8s
[21-02-07 17:52:51-INFO] VAL _RECALL: 0.333, TIME: 35.9s
[21-02-07 17:52:51-DEBUG] 
VAL  set, TITLE	CLS0	CLS1	CLS2	MEAN
VAL  set, REC:	1.000	0.000	0.000	0.333	
VAL  set, F1 :	0.663	0.000	0.000	0.221	
VAL  set, AUC:	0.721	0.593	0.745	0.686	
VAL  set, ACC:	0.496	0.712	0.785	0.664	
VAL  set, SPE:	0.000	1.000	1.000	0.667	
[21-02-07 17:53:27-INFO] TEST_RECALL: 0.333, TIME: 35.9s
[21-02-07 17:53:27-DEBUG] 
TEST set, TITLE	CLS0	CLS1	CLS2	MEAN
TEST set, REC:	1.000	0.000	0.000	0.333	
TEST set, F1 :	0.630	0.000	0.000	0.210	
TEST set, AUC:	0.642	0.581	0.605	0.610	
TEST set, ACC:	0.459	0.714	0.745	0.640	
TEST set, SPE:	0.000	1.000	1.000	0.667	
[21-02-07 17:53:28-INFO] BEST_RECALL: 0.333, EPOCH:   1
[21-02-07 18:00:44-INFO] EPOCH: 2
[21-02-07 18:00:44-INFO] TRAIN_LOSS : 0.958, TIME: 436.0s
[21-02-07 18:01:20-INFO] VAL _RECALL: 0.407, TIME: 36.0s
[21-02-07 18:01:20-DEBUG] 
VAL  set, TITLE	CLS0	CLS1	CLS2	MEAN
VAL  set, REC:	0.240	0.000	0.982	0.407	
VAL  set, F1 :	0.369	0.000	0.397	0.255	
VAL  set, AUC:	0.774	0.454	0.743	0.657	
VAL  set, ACC:	0.592	0.712	0.358	0.554	
VAL  set, SPE:	0.939	1.000	0.186	0.708	
[21-02-07 18:01:56-INFO] TEST_RECALL: 0.390, TIME: 35.9s
[21-02-07 18:01:56-DEBUG] 
TEST set, TITLE	CLS0	CLS1	CLS2	MEAN
TEST set, REC:	0.202	0.014	0.955	0.390	
TEST set, F1 :	0.314	0.027	0.434	0.258	
TEST set, AUC:	0.728	0.440	0.699	0.622	
TEST set, ACC:	0.595	0.718	0.367	0.560	
TEST set, SPE:	0.929	1.000	0.166	0.698	
[21-02-07 18:01:58-INFO] BEST_RECALL: 0.390, EPOCH:   2
[21-02-07 18:09:14-INFO] EPOCH: 3
[21-02-07 18:09:14-INFO] TRAIN_LOSS : 0.911, TIME: 436.0s
[21-02-07 18:09:50-INFO] VAL _RECALL: 0.424, TIME: 35.8s
[21-02-07 18:09:50-DEBUG] 
VAL  set, TITLE	CLS0	CLS1	CLS2	MEAN
VAL  set, REC:	0.992	0.120	0.161	0.424	
VAL  set, F1 :	0.705	0.196	0.277	0.393	
VAL  set, AUC:	0.842	0.648	0.870	0.787	
VAL  set, ACC:	0.588	0.715	0.819	0.708	
VAL  set, SPE:	0.191	0.957	1.000	0.716	
[21-02-07 18:10:26-INFO] TEST_RECALL: 0.385, TIME: 36.0s
[21-02-07 18:10:26-DEBUG] 
TEST set, TITLE	CLS0	CLS1	CLS2	MEAN
TEST set, REC:	0.966	0.068	0.121	0.385	
TEST set, F1 :	0.657	0.109	0.211	0.325	
TEST set, AUC:	0.763	0.586	0.777	0.709	
TEST set, ACC:	0.537	0.683	0.768	0.663	
TEST set, SPE:	0.171	0.930	0.990	0.697	
[21-02-07 18:10:26-INFO] BEST_RECALL: 0.390, EPOCH:   2
[21-02-07 18:17:42-INFO] EPOCH: 4
[21-02-07 18:17:42-INFO] TRAIN_LOSS : 0.809, TIME: 435.9s
[21-02-07 18:18:18-INFO] VAL _RECALL: 0.339, TIME: 36.1s
[21-02-07 18:18:18-DEBUG] 
VAL  set, TITLE	CLS0	CLS1	CLS2	MEAN
VAL  set, REC:	1.000	0.000	0.018	0.339	
VAL  set, F1 :	0.665	0.000	0.035	0.233	
VAL  set, AUC:	0.837	0.678	0.835	0.783	
VAL  set, ACC:	0.500	0.712	0.788	0.667	
VAL  set, SPE:	0.008	1.000	1.000	0.669	
[21-02-07 18:18:54-INFO] TEST_RECALL: 0.333, TIME: 35.9s
[21-02-07 18:18:54-DEBUG] 
TEST set, TITLE	CLS0	CLS1	CLS2	MEAN
TEST set, REC:	1.000	0.000	0.000	0.333	
TEST set, F1 :	0.630	0.000	0.000	0.210	
TEST set, AUC:	0.711	0.563	0.746	0.673	
TEST set, ACC:	0.459	0.714	0.745	0.640	
TEST set, SPE:	0.000	1.000	1.000	0.667	
[21-02-07 18:18:54-INFO] BEST_RECALL: 0.390, EPOCH:   2
[21-02-07 18:26:09-INFO] EPOCH: 5
[21-02-07 18:26:09-INFO] TRAIN_LOSS : 0.780, TIME: 435.8s
[21-02-07 18:26:45-INFO] VAL _RECALL: 0.667, TIME: 35.9s
[21-02-07 18:26:45-DEBUG] 
VAL  set, TITLE	CLS0	CLS1	CLS2	MEAN
VAL  set, REC:	0.953	0.120	0.929	0.667	
VAL  set, F1 :	0.828	0.209	0.759	0.599	
VAL  set, AUC:	0.922	0.828	0.956	0.902	
VAL  set, ACC:	0.804	0.738	0.873	0.805	
VAL  set, SPE:	0.656	0.989	0.858	0.835	
[21-02-07 18:27:21-INFO] TEST_RECALL: 0.536, TIME: 36.0s
[21-02-07 18:27:21-DEBUG] 
TEST set, TITLE	CLS0	CLS1	CLS2	MEAN
TEST set, REC:	0.798	0.081	0.727	0.536	
TEST set, F1 :	0.720	0.130	0.593	0.481	
TEST set, AUC:	0.803	0.620	0.827	0.750	
TEST set, ACC:	0.714	0.691	0.745	0.717	
TEST set, SPE:	0.643	0.935	0.751	0.776	
[21-02-07 18:27:23-INFO] BEST_RECALL: 0.536, EPOCH:   5
[21-02-07 18:34:39-INFO] EPOCH: 6
[21-02-07 18:34:39-INFO] TRAIN_LOSS : 0.738, TIME: 435.7s
[21-02-07 18:35:15-INFO] VAL _RECALL: 0.742, TIME: 36.0s
[21-02-07 18:35:15-DEBUG] 
VAL  set, TITLE	CLS0	CLS1	CLS2	MEAN
VAL  set, REC:	0.814	0.520	0.893	0.742	
VAL  set, F1 :	0.868	0.542	0.746	0.719	
VAL  set, AUC:	0.955	0.773	0.956	0.895	
VAL  set, ACC:	0.877	0.746	0.869	0.831	
VAL  set, SPE:	0.939	0.838	0.863	0.880	
[21-02-07 18:35:51-INFO] TEST_RECALL: 0.552, TIME: 36.0s
[21-02-07 18:35:51-DEBUG] 
TEST set, TITLE	CLS0	CLS1	CLS2	MEAN
TEST set, REC:	0.571	0.419	0.667	0.552	
TEST set, F1 :	0.648	0.380	0.607	0.545	
TEST set, AUC:	0.823	0.598	0.827	0.749	
TEST set, ACC:	0.714	0.610	0.780	0.701	
TEST set, SPE:	0.836	0.686	0.819	0.780	
[21-02-07 18:35:53-INFO] BEST_RECALL: 0.552, EPOCH:   6
[21-02-07 18:43:09-INFO] EPOCH: 7
[21-02-07 18:43:09-INFO] TRAIN_LOSS : 0.703, TIME: 435.8s
[21-02-07 18:43:45-INFO] VAL _RECALL: 0.768, TIME: 35.9s
[21-02-07 18:43:45-DEBUG] 
VAL  set, TITLE	CLS0	CLS1	CLS2	MEAN
VAL  set, REC:	0.891	0.733	0.679	0.768	
VAL  set, F1 :	0.881	0.683	0.776	0.780	
VAL  set, AUC:	0.957	0.874	0.968	0.933	
VAL  set, ACC:	0.881	0.804	0.915	0.867	
VAL  set, SPE:	0.870	0.832	0.980	0.894	
[21-02-07 18:44:21-INFO] TEST_RECALL: 0.540, TIME: 36.0s
[21-02-07 18:44:21-DEBUG] 
TEST set, TITLE	CLS0	CLS1	CLS2	MEAN
TEST set, REC:	0.655	0.554	0.409	0.540	
TEST set, F1 :	0.690	0.448	0.495	0.545	
TEST set, AUC:	0.807	0.648	0.806	0.754	
TEST set, ACC:	0.730	0.610	0.788	0.709	
TEST set, SPE:	0.793	0.632	0.917	0.781	
[21-02-07 18:44:23-INFO] BEST_RECALL: 0.552, EPOCH:   6
[21-02-07 18:51:39-INFO] EPOCH: 8
[21-02-07 18:51:39-INFO] TRAIN_LOSS : 0.658, TIME: 435.5s
[21-02-07 18:52:15-INFO] VAL _RECALL: 0.655, TIME: 36.0s
[21-02-07 18:52:15-DEBUG] 
VAL  set, TITLE	CLS0	CLS1	CLS2	MEAN
VAL  set, REC:	1.000	0.000	0.964	0.655	
VAL  set, F1 :	0.819	0.000	0.831	0.550	
VAL  set, AUC:	0.969	0.895	0.984	0.949	
VAL  set, ACC:	0.781	0.712	0.915	0.803	
VAL  set, SPE:	0.565	1.000	0.902	0.822	
[21-02-07 18:52:51-INFO] TEST_RECALL: 0.515, TIME: 36.0s
[21-02-07 18:52:51-DEBUG] 
TEST set, TITLE	CLS0	CLS1	CLS2	MEAN
TEST set, REC:	0.924	0.000	0.621	0.515	
TEST set, F1 :	0.717	0.000	0.599	0.438	
TEST set, AUC:	0.823	0.650	0.823	0.765	
TEST set, ACC:	0.664	0.714	0.788	0.722	
TEST set, SPE:	0.443	1.000	0.845	0.762	
[21-02-07 18:52:52-INFO] BEST_RECALL: 0.552, EPOCH:   6
[21-02-07 19:00:08-INFO] EPOCH: 9
[21-02-07 19:00:08-INFO] TRAIN_LOSS : 0.640, TIME: 435.6s
[21-02-07 19:00:44-INFO] VAL _RECALL: 0.670, TIME: 35.9s
[21-02-07 19:00:44-DEBUG] 
VAL  set, TITLE	CLS0	CLS1	CLS2	MEAN
VAL  set, REC:	0.837	0.173	1.000	0.670	
VAL  set, F1 :	0.896	0.274	0.609	0.593	
VAL  set, AUC:	0.976	0.771	0.963	0.903	
VAL  set, ACC:	0.904	0.735	0.723	0.787	
VAL  set, SPE:	0.969	0.962	0.647	0.860	
[21-02-07 19:01:20-INFO] TEST_RECALL: 0.504, TIME: 36.0s
[21-02-07 19:01:20-DEBUG] 
TEST set, TITLE	CLS0	CLS1	CLS2	MEAN
TEST set, REC:	0.580	0.054	0.879	0.504	
TEST set, F1 :	0.654	0.094	0.523	0.424	
TEST set, AUC:	0.792	0.537	0.786	0.705	
TEST set, ACC:	0.718	0.703	0.591	0.671	
TEST set, SPE:	0.836	0.962	0.492	0.763	
[21-02-07 19:01:22-INFO] BEST_RECALL: 0.552, EPOCH:   6
[21-02-07 19:08:37-INFO] EPOCH: 10
[21-02-07 19:08:37-INFO] TRAIN_LOSS : 0.569, TIME: 435.6s
[21-02-07 19:09:13-INFO] VAL _RECALL: 0.859, TIME: 35.9s
[21-02-07 19:09:13-DEBUG] 
VAL  set, TITLE	CLS0	CLS1	CLS2	MEAN
VAL  set, REC:	0.922	0.653	1.000	0.859	
VAL  set, F1 :	0.937	0.772	0.806	0.838	
VAL  set, AUC:	0.980	0.951	0.989	0.973	
VAL  set, ACC:	0.938	0.888	0.896	0.908	
VAL  set, SPE:	0.954	0.984	0.868	0.935	
[21-02-07 19:09:49-INFO] TEST_RECALL: 0.525, TIME: 35.9s
[21-02-07 19:09:49-DEBUG] 
TEST set, TITLE	CLS0	CLS1	CLS2	MEAN
TEST set, REC:	0.555	0.324	0.697	0.525	
TEST set, F1 :	0.644	0.343	0.532	0.506	
TEST set, AUC:	0.794	0.587	0.790	0.724	
TEST set, ACC:	0.718	0.645	0.687	0.683	
TEST set, SPE:	0.857	0.773	0.684	0.771	
[21-02-07 19:09:51-INFO] BEST_RECALL: 0.552, EPOCH:   6
[21-02-07 19:17:06-INFO] EPOCH: 11
[21-02-07 19:17:07-INFO] TRAIN_LOSS : 0.607, TIME: 435.4s
[21-02-07 19:17:42-INFO] VAL _RECALL: 0.867, TIME: 35.8s
[21-02-07 19:17:42-DEBUG] 
VAL  set, TITLE	CLS0	CLS1	CLS2	MEAN
VAL  set, REC:	0.992	0.680	0.929	0.867	
VAL  set, F1 :	0.938	0.785	0.889	0.870	
VAL  set, AUC:	0.988	0.960	0.990	0.980	
VAL  set, ACC:	0.935	0.892	0.950	0.926	
VAL  set, SPE:	0.878	0.978	0.956	0.937	
[21-02-07 19:18:18-INFO] TEST_RECALL: 0.511, TIME: 36.0s
[21-02-07 19:18:18-DEBUG] 
TEST set, TITLE	CLS0	CLS1	CLS2	MEAN
TEST set, REC:	0.681	0.338	0.515	0.511	
TEST set, F1 :	0.659	0.333	0.557	0.516	
TEST set, AUC:	0.768	0.605	0.817	0.730	
TEST set, ACC:	0.676	0.614	0.792	0.694	
TEST set, SPE:	0.671	0.724	0.886	0.761	
[21-02-07 19:18:20-INFO] BEST_RECALL: 0.552, EPOCH:   6
[21-02-07 19:25:36-INFO] EPOCH: 12
[21-02-07 19:25:36-INFO] TRAIN_LOSS : 0.535, TIME: 435.5s
[21-02-07 19:26:12-INFO] VAL _RECALL: 0.638, TIME: 36.0s
[21-02-07 19:26:12-DEBUG] 
VAL  set, TITLE	CLS0	CLS1	CLS2	MEAN
VAL  set, REC:	0.674	0.240	1.000	0.638	
VAL  set, F1 :	0.798	0.343	0.569	0.570	
VAL  set, AUC:	0.979	0.810	0.980	0.923	
VAL  set, ACC:	0.831	0.735	0.673	0.746	
VAL  set, SPE:	0.985	0.935	0.583	0.834	
[21-02-07 19:26:48-INFO] TEST_RECALL: 0.498, TIME: 35.9s
[21-02-07 19:26:48-DEBUG] 
TEST set, TITLE	CLS0	CLS1	CLS2	MEAN
TEST set, REC:	0.412	0.189	0.894	0.498	
TEST set, F1 :	0.551	0.248	0.520	0.439	
TEST set, AUC:	0.787	0.531	0.753	0.690	
TEST set, ACC:	0.691	0.672	0.579	0.647	
TEST set, SPE:	0.929	0.865	0.472	0.755	
[21-02-07 19:26:49-INFO] BEST_RECALL: 0.552, EPOCH:   6
[21-02-07 19:34:05-INFO] EPOCH: 13
[21-02-07 19:34:05-INFO] TRAIN_LOSS : 0.467, TIME: 435.3s
[21-02-07 19:34:41-INFO] VAL _RECALL: 0.897, TIME: 35.8s
[21-02-07 19:34:41-DEBUG] 
VAL  set, TITLE	CLS0	CLS1	CLS2	MEAN
VAL  set, REC:	0.984	0.707	1.000	0.897	
VAL  set, F1 :	0.966	0.815	0.882	0.888	
VAL  set, AUC:	0.994	0.979	0.995	0.989	
VAL  set, ACC:	0.965	0.908	0.942	0.938	
VAL  set, SPE:	0.947	0.989	0.926	0.954	
[21-02-07 19:35:16-INFO] TEST_RECALL: 0.581, TIME: 35.9s
[21-02-07 19:35:16-DEBUG] 
TEST set, TITLE	CLS0	CLS1	CLS2	MEAN
TEST set, REC:	0.773	0.243	0.727	0.581	
TEST set, F1 :	0.767	0.316	0.585	0.556	
TEST set, AUC:	0.829	0.612	0.803	0.748	
TEST set, ACC:	0.784	0.699	0.737	0.740	
TEST set, SPE:	0.793	0.881	0.741	0.805	
[21-02-07 19:35:20-INFO] BEST_RECALL: 0.581, EPOCH:  13
[21-02-07 19:42:35-INFO] EPOCH: 14
[21-02-07 19:42:36-INFO] TRAIN_LOSS : 0.487, TIME: 435.3s
[21-02-07 19:43:11-INFO] VAL _RECALL: 0.653, TIME: 35.9s
[21-02-07 19:43:11-DEBUG] 
VAL  set, TITLE	CLS0	CLS1	CLS2	MEAN
VAL  set, REC:	0.186	0.933	0.839	0.653	
VAL  set, F1 :	0.314	0.551	0.832	0.566	
VAL  set, AUC:	0.996	0.757	0.982	0.912	
VAL  set, ACC:	0.596	0.562	0.927	0.695	
VAL  set, SPE:	1.000	0.411	0.951	0.787	
[21-02-07 19:43:47-INFO] TEST_RECALL: 0.431, TIME: 36.0s
[21-02-07 19:43:47-DEBUG] 
TEST set, TITLE	CLS0	CLS1	CLS2	MEAN
TEST set, REC:	0.059	0.824	0.409	0.431	
TEST set, F1 :	0.111	0.437	0.478	0.342	
TEST set, AUC:	0.787	0.485	0.752	0.675	
TEST set, ACC:	0.568	0.394	0.772	0.578	
TEST set, SPE:	1.000	0.222	0.896	0.706	
[21-02-07 19:43:49-INFO] BEST_RECALL: 0.581, EPOCH:  13
[21-02-07 19:51:05-INFO] EPOCH: 15
[21-02-07 19:51:05-INFO] TRAIN_LOSS : 0.435, TIME: 435.5s
[21-02-07 19:51:41-INFO] VAL _RECALL: 0.681, TIME: 35.9s
[21-02-07 19:51:41-DEBUG] 
VAL  set, TITLE	CLS0	CLS1	CLS2	MEAN
VAL  set, REC:	1.000	0.080	0.964	0.681	
VAL  set, F1 :	0.824	0.148	0.857	0.610	
VAL  set, AUC:	0.999	0.993	0.987	0.993	
VAL  set, ACC:	0.788	0.735	0.931	0.818	
VAL  set, SPE:	0.580	1.000	0.922	0.834	
[21-02-07 19:52:17-INFO] TEST_RECALL: 0.501, TIME: 35.9s
[21-02-07 19:52:17-DEBUG] 
TEST set, TITLE	CLS0	CLS1	CLS2	MEAN
TEST set, REC:	0.958	0.000	0.545	0.501	
TEST set, F1 :	0.724	0.000	0.558	0.427	
TEST set, AUC:	0.797	0.593	0.819	0.736	
TEST set, ACC:	0.664	0.714	0.780	0.719	
TEST set, SPE:	0.414	1.000	0.860	0.758	
[21-02-07 19:52:19-INFO] BEST_RECALL: 0.581, EPOCH:  13
[21-02-07 19:59:34-INFO] EPOCH: 16
[21-02-07 19:59:34-INFO] TRAIN_LOSS : 0.340, TIME: 435.6s
[21-02-07 20:00:10-INFO] VAL _RECALL: 0.878, TIME: 36.0s
[21-02-07 20:00:10-DEBUG] 
VAL  set, TITLE	CLS0	CLS1	CLS2	MEAN
VAL  set, REC:	0.814	1.000	0.821	0.878	
VAL  set, F1 :	0.894	0.820	0.902	0.872	
VAL  set, AUC:	0.995	0.995	0.997	0.995	
VAL  set, ACC:	0.904	0.873	0.962	0.913	
VAL  set, SPE:	0.992	0.822	1.000	0.938	
[21-02-07 20:00:46-INFO] TEST_RECALL: 0.465, TIME: 36.0s
[21-02-07 20:00:46-DEBUG] 
TEST set, TITLE	CLS0	CLS1	CLS2	MEAN
TEST set, REC:	0.353	0.784	0.258	0.465	
TEST set, F1 :	0.472	0.458	0.391	0.440	
TEST set, AUC:	0.742	0.599	0.797	0.713	
TEST set, ACC:	0.637	0.471	0.795	0.634	
TEST set, SPE:	0.879	0.346	0.979	0.735	
[21-02-07 20:00:48-INFO] BEST_RECALL: 0.581, EPOCH:  13
[21-02-07 20:08:04-INFO] EPOCH: 17
[21-02-07 20:08:04-INFO] TRAIN_LOSS : 0.351, TIME: 435.6s
[21-02-07 20:08:39-INFO] VAL _RECALL: 0.827, TIME: 35.8s
[21-02-07 20:08:39-DEBUG] 
VAL  set, TITLE	CLS0	CLS1	CLS2	MEAN
VAL  set, REC:	0.915	0.907	0.661	0.827	
VAL  set, F1 :	0.929	0.795	0.779	0.834	
VAL  set, AUC:	0.979	0.960	0.980	0.973	
VAL  set, ACC:	0.931	0.865	0.919	0.905	
VAL  set, SPE:	0.947	0.849	0.990	0.928	
[21-02-07 20:09:15-INFO] TEST_RECALL: 0.551, TIME: 36.0s
[21-02-07 20:09:15-DEBUG] 
TEST set, TITLE	CLS0	CLS1	CLS2	MEAN
TEST set, REC:	0.672	0.649	0.333	0.551	
TEST set, F1 :	0.684	0.497	0.484	0.555	
TEST set, AUC:	0.791	0.658	0.828	0.759	
TEST set, ACC:	0.714	0.625	0.819	0.719	
TEST set, SPE:	0.750	0.616	0.984	0.784	
[21-02-07 20:09:17-INFO] BEST_RECALL: 0.581, EPOCH:  13
[21-02-07 20:16:33-INFO] EPOCH: 18
[21-02-07 20:16:33-INFO] TRAIN_LOSS : 0.370, TIME: 435.8s
[21-02-07 20:17:09-INFO] VAL _RECALL: 0.920, TIME: 35.9s
[21-02-07 20:17:09-DEBUG] 
VAL  set, TITLE	CLS0	CLS1	CLS2	MEAN
VAL  set, REC:	0.938	0.893	0.929	0.920	
VAL  set, F1 :	0.945	0.905	0.897	0.916	
VAL  set, AUC:	0.981	0.977	0.988	0.982	
VAL  set, ACC:	0.946	0.946	0.954	0.949	
VAL  set, SPE:	0.954	0.968	0.961	0.961	
[21-02-07 20:17:45-INFO] TEST_RECALL: 0.466, TIME: 36.0s
[21-02-07 20:17:45-DEBUG] 
TEST set, TITLE	CLS0	CLS1	CLS2	MEAN
TEST set, REC:	0.681	0.324	0.394	0.466	
TEST set, F1 :	0.616	0.320	0.495	0.477	
TEST set, AUC:	0.670	0.524	0.801	0.665	
TEST set, ACC:	0.610	0.606	0.795	0.671	
TEST set, SPE:	0.550	0.719	0.933	0.734	
[21-02-07 20:17:47-INFO] BEST_RECALL: 0.581, EPOCH:  13
[21-02-07 20:25:02-INFO] EPOCH: 19
[21-02-07 20:25:02-INFO] TRAIN_LOSS : 0.348, TIME: 435.4s
[21-02-07 20:25:38-INFO] VAL _RECALL: 0.852, TIME: 35.9s
[21-02-07 20:25:38-DEBUG] 
VAL  set, TITLE	CLS0	CLS1	CLS2	MEAN
VAL  set, REC:	0.907	0.667	0.982	0.852	
VAL  set, F1 :	0.940	0.794	0.759	0.831	
VAL  set, AUC:	0.990	0.959	0.986	0.978	
VAL  set, ACC:	0.942	0.900	0.865	0.903	
VAL  set, SPE:	0.977	0.995	0.833	0.935	
[21-02-07 20:26:14-INFO] TEST_RECALL: 0.517, TIME: 36.0s
[21-02-07 20:26:14-DEBUG] 
TEST set, TITLE	CLS0	CLS1	CLS2	MEAN
TEST set, REC:	0.588	0.189	0.773	0.517	
TEST set, F1 :	0.651	0.241	0.545	0.479	
TEST set, AUC:	0.812	0.544	0.800	0.719	
TEST set, ACC:	0.710	0.660	0.672	0.681	
TEST set, SPE:	0.814	0.849	0.637	0.767	
[21-02-07 20:26:16-INFO] BEST_RECALL: 0.581, EPOCH:  13
[21-02-07 20:33:32-INFO] EPOCH: 20
[21-02-07 20:33:32-INFO] TRAIN_LOSS : 0.289, TIME: 435.8s
[21-02-07 20:34:08-INFO] VAL _RECALL: 0.838, TIME: 36.1s
[21-02-07 20:34:08-DEBUG] 
VAL  set, TITLE	CLS0	CLS1	CLS2	MEAN
VAL  set, REC:	0.953	0.560	1.000	0.838	
VAL  set, F1 :	0.957	0.718	0.767	0.814	
VAL  set, AUC:	0.994	0.992	0.993	0.993	
VAL  set, ACC:	0.958	0.873	0.869	0.900	
VAL  set, SPE:	0.962	1.000	0.833	0.932	
[21-02-07 20:34:44-INFO] TEST_RECALL: 0.530, TIME: 36.0s
[21-02-07 20:34:44-DEBUG] 
TEST set, TITLE	CLS0	CLS1	CLS2	MEAN
TEST set, REC:	0.731	0.041	0.818	0.530	
TEST set, F1 :	0.699	0.071	0.584	0.451	
TEST set, AUC:	0.797	0.619	0.812	0.743	
TEST set, ACC:	0.710	0.699	0.703	0.704	
TEST set, SPE:	0.693	0.962	0.663	0.773	
[21-02-07 20:34:46-INFO] BEST_RECALL: 0.581, EPOCH:  13
[21-02-07 20:42:02-INFO] EPOCH: 21
[21-02-07 20:42:02-INFO] TRAIN_LOSS : 0.175, TIME: 435.9s
[21-02-07 20:42:38-INFO] VAL _RECALL: 0.991, TIME: 35.9s
[21-02-07 20:42:38-DEBUG] 
VAL  set, TITLE	CLS0	CLS1	CLS2	MEAN
VAL  set, REC:	0.992	1.000	0.982	0.991	
VAL  set, F1 :	0.996	0.987	0.991	0.991	
VAL  set, AUC:	1.000	1.000	1.000	1.000	
VAL  set, ACC:	0.996	0.992	0.996	0.995	
VAL  set, SPE:	1.000	0.989	1.000	0.996	
[21-02-07 20:43:14-INFO] TEST_RECALL: 0.535, TIME: 35.9s
[21-02-07 20:43:14-DEBUG] 
TEST set, TITLE	CLS0	CLS1	CLS2	MEAN
TEST set, REC:	0.672	0.419	0.515	0.535	
TEST set, F1 :	0.650	0.400	0.581	0.544	
TEST set, AUC:	0.718	0.588	0.813	0.707	
TEST set, ACC:	0.668	0.641	0.811	0.707	
TEST set, SPE:	0.664	0.730	0.912	0.769	
[21-02-07 20:43:16-INFO] BEST_RECALL: 0.581, EPOCH:  13
[21-02-07 20:50:31-INFO] EPOCH: 22
[21-02-07 20:50:31-INFO] TRAIN_LOSS : 0.060, TIME: 435.4s
[21-02-07 20:51:07-INFO] VAL _RECALL: 0.987, TIME: 36.0s
[21-02-07 20:51:07-DEBUG] 
VAL  set, TITLE	CLS0	CLS1	CLS2	MEAN
VAL  set, REC:	0.992	0.987	0.982	0.987	
VAL  set, F1 :	0.996	0.980	0.982	0.986	
VAL  set, AUC:	1.000	1.000	1.000	1.000	
VAL  set, ACC:	0.996	0.988	0.992	0.992	
VAL  set, SPE:	1.000	0.989	0.995	0.995	
[21-02-07 20:51:43-INFO] TEST_RECALL: 0.456, TIME: 36.1s
[21-02-07 20:51:43-DEBUG] 
TEST set, TITLE	CLS0	CLS1	CLS2	MEAN
TEST set, REC:	0.605	0.338	0.424	0.456	
TEST set, F1 :	0.608	0.301	0.487	0.465	
TEST set, AUC:	0.709	0.564	0.805	0.693	
TEST set, ACC:	0.641	0.552	0.772	0.655	
TEST set, SPE:	0.671	0.638	0.891	0.733	
[21-02-07 20:51:45-INFO] BEST_RECALL: 0.581, EPOCH:  13
[21-02-07 20:59:00-INFO] EPOCH: 23
[21-02-07 20:59:00-INFO] TRAIN_LOSS : 0.059, TIME: 435.3s
[21-02-07 20:59:36-INFO] VAL _RECALL: 0.991, TIME: 35.9s
[21-02-07 20:59:36-DEBUG] 
VAL  set, TITLE	CLS0	CLS1	CLS2	MEAN
VAL  set, REC:	1.000	0.973	1.000	0.991	
VAL  set, F1 :	0.992	0.986	1.000	0.993	
VAL  set, AUC:	1.000	1.000	1.000	1.000	
VAL  set, ACC:	0.992	0.992	1.000	0.995	
VAL  set, SPE:	0.985	1.000	1.000	0.995	
[21-02-07 21:00:12-INFO] TEST_RECALL: 0.449, TIME: 36.0s
[21-02-07 21:00:12-DEBUG] 
TEST set, TITLE	CLS0	CLS1	CLS2	MEAN
TEST set, REC:	0.866	0.149	0.333	0.449	
TEST set, F1 :	0.675	0.198	0.431	0.435	
TEST set, AUC:	0.747	0.569	0.801	0.706	
TEST set, ACC:	0.618	0.656	0.776	0.683	
TEST set, SPE:	0.407	0.859	0.927	0.731	
[21-02-07 21:00:14-INFO] BEST_RECALL: 0.581, EPOCH:  13
[21-02-07 21:07:29-INFO] EPOCH: 24
[21-02-07 21:07:29-INFO] TRAIN_LOSS : 0.033, TIME: 435.1s
[21-02-07 21:08:05-INFO] VAL _RECALL: 1.000, TIME: 35.8s
[21-02-07 21:08:05-DEBUG] 
VAL  set, TITLE	CLS0	CLS1	CLS2	MEAN
VAL  set, REC:	1.000	1.000	1.000	1.000	
VAL  set, F1 :	1.000	1.000	1.000	1.000	
VAL  set, AUC:	1.000	1.000	1.000	1.000	
VAL  set, ACC:	1.000	1.000	1.000	1.000	
VAL  set, SPE:	1.000	1.000	1.000	1.000	
[21-02-07 21:08:41-INFO] TEST_RECALL: 0.540, TIME: 35.9s
[21-02-07 21:08:41-DEBUG] 
TEST set, TITLE	CLS0	CLS1	CLS2	MEAN
TEST set, REC:	0.706	0.216	0.697	0.540	
TEST set, F1 :	0.686	0.267	0.601	0.518	
TEST set, AUC:	0.785	0.609	0.838	0.744	
TEST set, ACC:	0.703	0.660	0.764	0.709	
TEST set, SPE:	0.700	0.838	0.788	0.775	
[21-02-07 21:08:43-INFO] BEST_RECALL: 0.581, EPOCH:  13
[21-02-07 21:15:58-INFO] EPOCH: 25
[21-02-07 21:15:58-INFO] TRAIN_LOSS : 0.048, TIME: 435.3s
[21-02-07 21:16:34-INFO] VAL _RECALL: 0.987, TIME: 35.8s
[21-02-07 21:16:34-DEBUG] 
VAL  set, TITLE	CLS0	CLS1	CLS2	MEAN
VAL  set, REC:	1.000	0.960	1.000	0.987	
VAL  set, F1 :	1.000	0.980	0.974	0.985	
VAL  set, AUC:	1.000	1.000	1.000	1.000	
VAL  set, ACC:	1.000	0.988	0.988	0.992	
VAL  set, SPE:	1.000	1.000	0.985	0.995	
[21-02-07 21:17:10-INFO] TEST_RECALL: 0.565, TIME: 36.0s
[21-02-07 21:17:10-DEBUG] 
TEST set, TITLE	CLS0	CLS1	CLS2	MEAN
TEST set, REC:	0.739	0.230	0.727	0.565	
TEST set, F1 :	0.704	0.298	0.623	0.542	
TEST set, AUC:	0.744	0.545	0.809	0.699	
TEST set, ACC:	0.714	0.691	0.776	0.727	
TEST set, SPE:	0.693	0.876	0.793	0.787	
[21-02-07 21:17:12-INFO] BEST_RECALL: 0.581, EPOCH:  13
[21-02-07 21:24:27-INFO] EPOCH: 26
[21-02-07 21:24:27-INFO] TRAIN_LOSS : 0.094, TIME: 435.5s
[21-02-07 21:25:03-INFO] VAL _RECALL: 0.979, TIME: 35.8s
[21-02-07 21:25:03-DEBUG] 
VAL  set, TITLE	CLS0	CLS1	CLS2	MEAN
VAL  set, REC:	0.953	1.000	0.982	0.979	
VAL  set, F1 :	0.976	0.974	0.965	0.972	
VAL  set, AUC:	1.000	0.999	0.999	1.000	
VAL  set, ACC:	0.977	0.985	0.985	0.982	
VAL  set, SPE:	1.000	0.978	0.985	0.988	
[21-02-07 21:25:39-INFO] TEST_RECALL: 0.491, TIME: 35.8s
[21-02-07 21:25:39-DEBUG] 
TEST set, TITLE	CLS0	CLS1	CLS2	MEAN
TEST set, REC:	0.454	0.473	0.545	0.491	
TEST set, F1 :	0.545	0.372	0.545	0.488	
TEST set, AUC:	0.734	0.570	0.792	0.699	
TEST set, ACC:	0.653	0.544	0.768	0.655	
TEST set, SPE:	0.821	0.573	0.845	0.746	
[21-02-07 21:25:41-INFO] BEST_RECALL: 0.581, EPOCH:  13
[21-02-07 21:32:56-INFO] EPOCH: 27
[21-02-07 21:32:56-INFO] TRAIN_LOSS : 0.051, TIME: 435.3s
[21-02-07 21:33:32-INFO] VAL _RECALL: 1.000, TIME: 35.9s
[21-02-07 21:33:32-DEBUG] 
VAL  set, TITLE	CLS0	CLS1	CLS2	MEAN
VAL  set, REC:	1.000	1.000	1.000	1.000	
VAL  set, F1 :	1.000	1.000	1.000	1.000	
VAL  set, AUC:	1.000	1.000	1.000	1.000	
VAL  set, ACC:	1.000	1.000	1.000	1.000	
VAL  set, SPE:	1.000	1.000	1.000	1.000	
[21-02-07 21:34:08-INFO] TEST_RECALL: 0.544, TIME: 36.0s
[21-02-07 21:34:08-DEBUG] 
TEST set, TITLE	CLS0	CLS1	CLS2	MEAN
TEST set, REC:	0.580	0.311	0.742	0.544	
TEST set, F1 :	0.633	0.317	0.632	0.528	
TEST set, AUC:	0.749	0.568	0.831	0.716	
TEST set, ACC:	0.691	0.618	0.780	0.696	
TEST set, SPE:	0.786	0.741	0.793	0.773	
[21-02-07 21:34:10-INFO] BEST_RECALL: 0.581, EPOCH:  13
[21-02-07 21:41:24-INFO] EPOCH: 28
[21-02-07 21:41:24-INFO] TRAIN_LOSS : 0.011, TIME: 434.6s
[21-02-07 21:42:00-INFO] VAL _RECALL: 0.991, TIME: 35.9s
[21-02-07 21:42:00-DEBUG] 
VAL  set, TITLE	CLS0	CLS1	CLS2	MEAN
VAL  set, REC:	1.000	0.973	1.000	0.991	
VAL  set, F1 :	0.992	0.986	1.000	0.993	
VAL  set, AUC:	1.000	1.000	1.000	1.000	
VAL  set, ACC:	0.992	0.992	1.000	0.995	
VAL  set, SPE:	0.985	1.000	1.000	0.995	
[21-02-07 21:42:36-INFO] TEST_RECALL: 0.460, TIME: 35.9s
[21-02-07 21:42:36-DEBUG] 
TEST set, TITLE	CLS0	CLS1	CLS2	MEAN
TEST set, REC:	0.798	0.189	0.394	0.460	
TEST set, F1 :	0.655	0.235	0.477	0.456	
TEST set, AUC:	0.720	0.582	0.818	0.707	
TEST set, ACC:	0.614	0.649	0.780	0.681	
TEST set, SPE:	0.457	0.832	0.912	0.734	
[21-02-07 21:42:38-INFO] BEST_RECALL: 0.581, EPOCH:  13
[21-02-07 21:49:53-INFO] EPOCH: 29
[21-02-07 21:49:53-INFO] TRAIN_LOSS : 0.062, TIME: 435.0s
[21-02-07 21:50:29-INFO] VAL _RECALL: 0.866, TIME: 35.9s
[21-02-07 21:50:29-DEBUG] 
VAL  set, TITLE	CLS0	CLS1	CLS2	MEAN
VAL  set, REC:	0.744	0.853	1.000	0.866	
VAL  set, F1 :	0.853	0.776	0.862	0.830	
VAL  set, AUC:	1.000	0.949	1.000	0.983	
VAL  set, ACC:	0.873	0.858	0.931	0.887	
VAL  set, SPE:	1.000	0.859	0.912	0.924	
[21-02-07 21:51:05-INFO] TEST_RECALL: 0.475, TIME: 36.0s
[21-02-07 21:51:05-DEBUG] 
TEST set, TITLE	CLS0	CLS1	CLS2	MEAN
TEST set, REC:	0.218	0.419	0.788	0.475	
TEST set, F1 :	0.342	0.341	0.565	0.416	
TEST set, AUC:	0.746	0.510	0.786	0.681	
TEST set, ACC:	0.614	0.537	0.691	0.614	
TEST set, SPE:	0.950	0.584	0.658	0.731	
[21-02-07 21:51:07-INFO] BEST_RECALL: 0.581, EPOCH:  13
[21-02-07 21:58:22-INFO] EPOCH: 30
[21-02-07 21:58:22-INFO] TRAIN_LOSS : 0.123, TIME: 435.3s
[21-02-07 21:58:58-INFO] VAL _RECALL: 0.974, TIME: 35.8s
[21-02-07 21:58:58-DEBUG] 
VAL  set, TITLE	CLS0	CLS1	CLS2	MEAN
VAL  set, REC:	0.977	0.947	1.000	0.974	
VAL  set, F1 :	0.988	0.959	0.957	0.968	
VAL  set, AUC:	1.000	0.999	1.000	1.000	
VAL  set, ACC:	0.988	0.977	0.981	0.982	
VAL  set, SPE:	1.000	0.989	0.975	0.988	
[21-02-07 21:59:34-INFO] TEST_RECALL: 0.509, TIME: 35.9s
[21-02-07 21:59:34-DEBUG] 
TEST set, TITLE	CLS0	CLS1	CLS2	MEAN
TEST set, REC:	0.521	0.324	0.682	0.509	
TEST set, F1 :	0.588	0.322	0.570	0.493	
TEST set, AUC:	0.742	0.557	0.794	0.698	
TEST set, ACC:	0.664	0.610	0.737	0.671	
TEST set, SPE:	0.786	0.724	0.756	0.756	
[21-02-07 21:59:36-INFO] BEST_RECALL: 0.581, EPOCH:  13
[21-02-07 22:06:51-INFO] EPOCH: 31
[21-02-07 22:06:51-INFO] TRAIN_LOSS : 0.080, TIME: 434.8s
[21-02-07 22:07:27-INFO] VAL _RECALL: 0.996, TIME: 35.8s
[21-02-07 22:07:27-DEBUG] 
VAL  set, TITLE	CLS0	CLS1	CLS2	MEAN
VAL  set, REC:	1.000	0.987	1.000	0.996	
VAL  set, F1 :	1.000	0.993	0.991	0.995	
VAL  set, AUC:	1.000	1.000	1.000	1.000	
VAL  set, ACC:	1.000	0.996	0.996	0.997	
VAL  set, SPE:	1.000	1.000	0.995	0.998	
[21-02-07 22:08:03-INFO] TEST_RECALL: 0.470, TIME: 36.0s
[21-02-07 22:08:03-DEBUG] 
TEST set, TITLE	CLS0	CLS1	CLS2	MEAN
TEST set, REC:	0.655	0.405	0.348	0.470	
TEST set, F1 :	0.617	0.373	0.442	0.477	
TEST set, AUC:	0.706	0.571	0.780	0.685	
TEST set, ACC:	0.625	0.610	0.776	0.671	
TEST set, SPE:	0.600	0.692	0.922	0.738	
[21-02-07 22:08:04-INFO] BEST_RECALL: 0.581, EPOCH:  13
[21-02-07 22:15:19-INFO] EPOCH: 32
[21-02-07 22:15:19-INFO] TRAIN_LOSS : 0.051, TIME: 434.7s
[21-02-07 22:15:55-INFO] VAL _RECALL: 0.994, TIME: 36.0s
[21-02-07 22:15:55-DEBUG] 
VAL  set, TITLE	CLS0	CLS1	CLS2	MEAN
VAL  set, REC:	1.000	1.000	0.982	0.994	
VAL  set, F1 :	1.000	0.993	0.991	0.995	
VAL  set, AUC:	1.000	1.000	1.000	1.000	
VAL  set, ACC:	1.000	0.996	0.996	0.997	
VAL  set, SPE:	1.000	0.995	1.000	0.998	
[21-02-07 22:16:31-INFO] TEST_RECALL: 0.511, TIME: 36.0s
[21-02-07 22:16:31-DEBUG] 
TEST set, TITLE	CLS0	CLS1	CLS2	MEAN
TEST set, REC:	0.672	0.284	0.576	0.511	
TEST set, F1 :	0.648	0.328	0.531	0.502	
TEST set, AUC:	0.735	0.575	0.766	0.692	
TEST set, ACC:	0.664	0.668	0.741	0.691	
TEST set, SPE:	0.657	0.822	0.798	0.759	
[21-02-07 22:16:33-INFO] BEST_RECALL: 0.581, EPOCH:  13
[21-02-07 22:23:48-INFO] EPOCH: 33
[21-02-07 22:23:48-INFO] TRAIN_LOSS : 0.021, TIME: 435.0s
[21-02-07 22:24:24-INFO] VAL _RECALL: 1.000, TIME: 35.7s
[21-02-07 22:24:24-DEBUG] 
VAL  set, TITLE	CLS0	CLS1	CLS2	MEAN
VAL  set, REC:	1.000	1.000	1.000	1.000	
VAL  set, F1 :	1.000	1.000	1.000	1.000	
VAL  set, AUC:	1.000	1.000	1.000	1.000	
VAL  set, ACC:	1.000	1.000	1.000	1.000	
VAL  set, SPE:	1.000	1.000	1.000	1.000	
[21-02-07 22:25:00-INFO] TEST_RECALL: 0.519, TIME: 35.9s
[21-02-07 22:25:00-DEBUG] 
TEST set, TITLE	CLS0	CLS1	CLS2	MEAN
TEST set, REC:	0.622	0.419	0.515	0.519	
TEST set, F1 :	0.630	0.387	0.553	0.523	
TEST set, AUC:	0.725	0.558	0.789	0.691	
TEST set, ACC:	0.664	0.622	0.788	0.691	
TEST set, SPE:	0.700	0.703	0.881	0.761	
[21-02-07 22:25:02-INFO] BEST_RECALL: 0.581, EPOCH:  13
[21-02-07 22:32:16-INFO] EPOCH: 34
[21-02-07 22:32:16-INFO] TRAIN_LOSS : 0.013, TIME: 434.4s
[21-02-07 22:32:52-INFO] VAL _RECALL: 1.000, TIME: 35.9s
[21-02-07 22:32:52-DEBUG] 
VAL  set, TITLE	CLS0	CLS1	CLS2	MEAN
VAL  set, REC:	1.000	1.000	1.000	1.000	
VAL  set, F1 :	1.000	1.000	1.000	1.000	
VAL  set, AUC:	1.000	1.000	1.000	1.000	
VAL  set, ACC:	1.000	1.000	1.000	1.000	
VAL  set, SPE:	1.000	1.000	1.000	1.000	
[21-02-07 22:33:28-INFO] TEST_RECALL: 0.548, TIME: 36.0s
[21-02-07 22:33:28-DEBUG] 
TEST set, TITLE	CLS0	CLS1	CLS2	MEAN
TEST set, REC:	0.748	0.365	0.530	0.548	
TEST set, F1 :	0.682	0.380	0.609	0.557	
TEST set, AUC:	0.732	0.594	0.817	0.714	
TEST set, ACC:	0.680	0.660	0.826	0.722	
TEST set, SPE:	0.621	0.778	0.927	0.776	
[21-02-07 22:33:30-INFO] BEST_RECALL: 0.581, EPOCH:  13
[21-02-07 22:40:44-INFO] EPOCH: 35
[21-02-07 22:40:44-INFO] TRAIN_LOSS : 0.005, TIME: 434.6s
[21-02-07 22:41:20-INFO] VAL _RECALL: 1.000, TIME: 35.8s
[21-02-07 22:41:20-DEBUG] 
VAL  set, TITLE	CLS0	CLS1	CLS2	MEAN
VAL  set, REC:	1.000	1.000	1.000	1.000	
VAL  set, F1 :	1.000	1.000	1.000	1.000	
VAL  set, AUC:	1.000	1.000	1.000	1.000	
VAL  set, ACC:	1.000	1.000	1.000	1.000	
VAL  set, SPE:	1.000	1.000	1.000	1.000	
[21-02-07 22:41:56-INFO] TEST_RECALL: 0.522, TIME: 36.0s
[21-02-07 22:41:56-DEBUG] 
TEST set, TITLE	CLS0	CLS1	CLS2	MEAN
TEST set, REC:	0.647	0.284	0.636	0.522	
TEST set, F1 :	0.647	0.302	0.596	0.515	
TEST set, AUC:	0.751	0.575	0.817	0.715	
TEST set, ACC:	0.676	0.625	0.780	0.694	
TEST set, SPE:	0.700	0.762	0.829	0.764	
[21-02-07 22:41:58-INFO] BEST_RECALL: 0.581, EPOCH:  13
[21-02-07 22:49:13-INFO] EPOCH: 36
[21-02-07 22:49:13-INFO] TRAIN_LOSS : 0.028, TIME: 434.8s
[21-02-07 22:49:49-INFO] VAL _RECALL: 1.000, TIME: 36.0s
[21-02-07 22:49:49-DEBUG] 
VAL  set, TITLE	CLS0	CLS1	CLS2	MEAN
VAL  set, REC:	1.000	1.000	1.000	1.000	
VAL  set, F1 :	1.000	1.000	1.000	1.000	
VAL  set, AUC:	1.000	1.000	1.000	1.000	
VAL  set, ACC:	1.000	1.000	1.000	1.000	
VAL  set, SPE:	1.000	1.000	1.000	1.000	
[21-02-07 22:50:25-INFO] TEST_RECALL: 0.503, TIME: 35.9s
[21-02-07 22:50:25-DEBUG] 
TEST set, TITLE	CLS0	CLS1	CLS2	MEAN
TEST set, REC:	0.655	0.459	0.394	0.503	
TEST set, F1 :	0.661	0.402	0.460	0.508	
TEST set, AUC:	0.746	0.592	0.763	0.700	
TEST set, ACC:	0.691	0.610	0.764	0.689	
TEST set, SPE:	0.721	0.670	0.891	0.761	
[21-02-07 22:50:27-INFO] BEST_RECALL: 0.581, EPOCH:  13
[21-02-07 22:57:42-INFO] EPOCH: 37
[21-02-07 22:57:42-INFO] TRAIN_LOSS : 0.008, TIME: 434.9s
[21-02-07 22:58:17-INFO] VAL _RECALL: 1.000, TIME: 35.9s
[21-02-07 22:58:17-DEBUG] 
VAL  set, TITLE	CLS0	CLS1	CLS2	MEAN
VAL  set, REC:	1.000	1.000	1.000	1.000	
VAL  set, F1 :	1.000	1.000	1.000	1.000	
VAL  set, AUC:	1.000	1.000	1.000	1.000	
VAL  set, ACC:	1.000	1.000	1.000	1.000	
VAL  set, SPE:	1.000	1.000	1.000	1.000	
[21-02-07 22:58:53-INFO] TEST_RECALL: 0.553, TIME: 35.9s
[21-02-07 22:58:53-DEBUG] 
TEST set, TITLE	CLS0	CLS1	CLS2	MEAN
TEST set, REC:	0.739	0.284	0.636	0.553	
TEST set, F1 :	0.701	0.344	0.579	0.542	
TEST set, AUC:	0.757	0.595	0.785	0.712	
TEST set, ACC:	0.710	0.691	0.764	0.722	
TEST set, SPE:	0.686	0.854	0.808	0.783	
[21-02-07 22:58:55-INFO] BEST_RECALL: 0.581, EPOCH:  13
[21-02-07 23:06:10-INFO] EPOCH: 38
[21-02-07 23:06:10-INFO] TRAIN_LOSS : 0.003, TIME: 434.7s
[21-02-07 23:06:46-INFO] VAL _RECALL: 1.000, TIME: 36.0s
[21-02-07 23:06:46-DEBUG] 
VAL  set, TITLE	CLS0	CLS1	CLS2	MEAN
VAL  set, REC:	1.000	1.000	1.000	1.000	
VAL  set, F1 :	1.000	1.000	1.000	1.000	
VAL  set, AUC:	1.000	1.000	1.000	1.000	
VAL  set, ACC:	1.000	1.000	1.000	1.000	
VAL  set, SPE:	1.000	1.000	1.000	1.000	
[21-02-07 23:07:22-INFO] TEST_RECALL: 0.504, TIME: 36.0s
[21-02-07 23:07:22-DEBUG] 
TEST set, TITLE	CLS0	CLS1	CLS2	MEAN
TEST set, REC:	0.748	0.311	0.455	0.504	
TEST set, F1 :	0.687	0.336	0.492	0.505	
TEST set, AUC:	0.745	0.593	0.789	0.709	
TEST set, ACC:	0.687	0.649	0.761	0.699	
TEST set, SPE:	0.636	0.784	0.865	0.762	
[21-02-07 23:07:24-INFO] BEST_RECALL: 0.581, EPOCH:  13
[21-02-07 23:14:39-INFO] EPOCH: 39
[21-02-07 23:14:39-INFO] TRAIN_LOSS : 0.002, TIME: 434.8s
[21-02-07 23:15:14-INFO] VAL _RECALL: 1.000, TIME: 35.8s
[21-02-07 23:15:14-DEBUG] 
VAL  set, TITLE	CLS0	CLS1	CLS2	MEAN
VAL  set, REC:	1.000	1.000	1.000	1.000	
VAL  set, F1 :	1.000	1.000	1.000	1.000	
VAL  set, AUC:	1.000	1.000	1.000	1.000	
VAL  set, ACC:	1.000	1.000	1.000	1.000	
VAL  set, SPE:	1.000	1.000	1.000	1.000	
[21-02-07 23:15:50-INFO] TEST_RECALL: 0.535, TIME: 36.1s
[21-02-07 23:15:50-DEBUG] 
TEST set, TITLE	CLS0	CLS1	CLS2	MEAN
TEST set, REC:	0.731	0.284	0.591	0.535	
TEST set, F1 :	0.690	0.326	0.569	0.528	
TEST set, AUC:	0.759	0.592	0.789	0.714	
TEST set, ACC:	0.699	0.664	0.772	0.712	
TEST set, SPE:	0.671	0.816	0.834	0.774	
[21-02-07 23:15:52-INFO] BEST_RECALL: 0.581, EPOCH:  13
[21-02-07 23:23:07-INFO] EPOCH: 40
[21-02-07 23:23:07-INFO] TRAIN_LOSS : 0.004, TIME: 434.9s
[21-02-07 23:23:43-INFO] VAL _RECALL: 1.000, TIME: 36.0s
[21-02-07 23:23:43-DEBUG] 
VAL  set, TITLE	CLS0	CLS1	CLS2	MEAN
VAL  set, REC:	1.000	1.000	1.000	1.000	
VAL  set, F1 :	1.000	1.000	1.000	1.000	
VAL  set, AUC:	1.000	1.000	1.000	1.000	
VAL  set, ACC:	1.000	1.000	1.000	1.000	
VAL  set, SPE:	1.000	1.000	1.000	1.000	
[21-02-07 23:24:19-INFO] TEST_RECALL: 0.537, TIME: 36.0s
[21-02-07 23:24:19-DEBUG] 
TEST set, TITLE	CLS0	CLS1	CLS2	MEAN
TEST set, REC:	0.714	0.351	0.545	0.537	
TEST set, F1 :	0.677	0.366	0.576	0.540	
TEST set, AUC:	0.739	0.576	0.783	0.699	
TEST set, ACC:	0.687	0.653	0.795	0.712	
TEST set, SPE:	0.664	0.773	0.881	0.773	
[21-02-07 23:24:21-INFO] BEST_RECALL: 0.581, EPOCH:  13
[21-02-07 23:31:35-INFO] EPOCH: 41
[21-02-07 23:31:35-INFO] TRAIN_LOSS : 0.003, TIME: 434.2s
[21-02-07 23:32:11-INFO] VAL _RECALL: 1.000, TIME: 35.9s
[21-02-07 23:32:11-DEBUG] 
VAL  set, TITLE	CLS0	CLS1	CLS2	MEAN
VAL  set, REC:	1.000	1.000	1.000	1.000	
VAL  set, F1 :	1.000	1.000	1.000	1.000	
VAL  set, AUC:	1.000	1.000	1.000	1.000	
VAL  set, ACC:	1.000	1.000	1.000	1.000	
VAL  set, SPE:	1.000	1.000	1.000	1.000	
[21-02-07 23:32:47-INFO] TEST_RECALL: 0.488, TIME: 35.8s
[21-02-07 23:32:47-DEBUG] 
TEST set, TITLE	CLS0	CLS1	CLS2	MEAN
TEST set, REC:	0.689	0.351	0.424	0.488	
TEST set, F1 :	0.648	0.342	0.496	0.495	
TEST set, AUC:	0.681	0.543	0.758	0.661	
TEST set, ACC:	0.656	0.614	0.780	0.683	
TEST set, SPE:	0.629	0.719	0.902	0.750	
[21-02-07 23:32:49-INFO] BEST_RECALL: 0.581, EPOCH:  13
[21-02-07 23:40:04-INFO] EPOCH: 42
[21-02-07 23:40:04-INFO] TRAIN_LOSS : 0.125, TIME: 435.1s
[21-02-07 23:40:40-INFO] VAL _RECALL: 0.985, TIME: 35.8s
[21-02-07 23:40:40-DEBUG] 
VAL  set, TITLE	CLS0	CLS1	CLS2	MEAN
VAL  set, REC:	1.000	0.973	0.982	0.985	
VAL  set, F1 :	0.992	0.980	0.991	0.988	
VAL  set, AUC:	1.000	1.000	1.000	1.000	
VAL  set, ACC:	0.992	0.988	0.996	0.992	
VAL  set, SPE:	0.985	0.995	1.000	0.993	
[21-02-07 23:41:16-INFO] TEST_RECALL: 0.470, TIME: 35.9s
[21-02-07 23:41:16-DEBUG] 
TEST set, TITLE	CLS0	CLS1	CLS2	MEAN
TEST set, REC:	0.731	0.284	0.394	0.470	
TEST set, F1 :	0.628	0.307	0.500	0.478	
TEST set, AUC:	0.687	0.565	0.780	0.677	
TEST set, ACC:	0.602	0.633	0.799	0.678	
TEST set, SPE:	0.493	0.773	0.938	0.735	
[21-02-07 23:41:18-INFO] BEST_RECALL: 0.581, EPOCH:  13
[21-02-07 23:48:33-INFO] EPOCH: 43
[21-02-07 23:48:33-INFO] TRAIN_LOSS : 0.082, TIME: 435.0s
[21-02-07 23:49:09-INFO] VAL _RECALL: 0.985, TIME: 35.9s
[21-02-07 23:49:09-DEBUG] 
VAL  set, TITLE	CLS0	CLS1	CLS2	MEAN
VAL  set, REC:	1.000	0.973	0.982	0.985	
VAL  set, F1 :	0.992	0.986	0.982	0.987	
VAL  set, AUC:	1.000	1.000	1.000	1.000	
VAL  set, ACC:	0.992	0.992	0.992	0.992	
VAL  set, SPE:	0.985	1.000	0.995	0.993	
[21-02-07 23:49:45-INFO] TEST_RECALL: 0.518, TIME: 36.0s
[21-02-07 23:49:45-DEBUG] 
TEST set, TITLE	CLS0	CLS1	CLS2	MEAN
TEST set, REC:	0.840	0.243	0.470	0.518	
TEST set, F1 :	0.692	0.310	0.549	0.517	
TEST set, AUC:	0.743	0.599	0.800	0.714	
TEST set, ACC:	0.656	0.691	0.803	0.717	
TEST set, SPE:	0.500	0.870	0.917	0.762	
[21-02-07 23:49:47-INFO] BEST_RECALL: 0.581, EPOCH:  13
[21-02-07 23:57:02-INFO] EPOCH: 44
[21-02-07 23:57:02-INFO] TRAIN_LOSS : 0.054, TIME: 435.0s
[21-02-07 23:57:38-INFO] VAL _RECALL: 0.942, TIME: 35.9s
[21-02-07 23:57:38-DEBUG] 
VAL  set, TITLE	CLS0	CLS1	CLS2	MEAN
VAL  set, REC:	1.000	0.827	1.000	0.942	
VAL  set, F1 :	0.963	0.905	0.974	0.947	
VAL  set, AUC:	0.999	0.999	1.000	0.999	
VAL  set, ACC:	0.962	0.950	0.988	0.967	
VAL  set, SPE:	0.924	1.000	0.985	0.970	
[21-02-07 23:58:14-INFO] TEST_RECALL: 0.509, TIME: 36.0s
[21-02-07 23:58:14-DEBUG] 
TEST set, TITLE	CLS0	CLS1	CLS2	MEAN
TEST set, REC:	0.824	0.081	0.621	0.509	
TEST set, F1 :	0.708	0.132	0.547	0.462	
TEST set, AUC:	0.769	0.568	0.790	0.709	
TEST set, ACC:	0.687	0.695	0.737	0.707	
TEST set, SPE:	0.571	0.941	0.777	0.763	
[21-02-07 23:58:16-INFO] BEST_RECALL: 0.581, EPOCH:  13
[21-02-08 00:05:31-INFO] EPOCH: 45
[21-02-08 00:05:31-INFO] TRAIN_LOSS : 0.073, TIME: 435.2s
[21-02-08 00:06:07-INFO] VAL _RECALL: 0.990, TIME: 35.8s
[21-02-08 00:06:07-DEBUG] 
VAL  set, TITLE	CLS0	CLS1	CLS2	MEAN
VAL  set, REC:	1.000	0.987	0.982	0.990	
VAL  set, F1 :	0.992	0.993	0.991	0.992	
VAL  set, AUC:	1.000	1.000	1.000	1.000	
VAL  set, ACC:	0.992	0.996	0.996	0.995	
VAL  set, SPE:	0.985	1.000	1.000	0.995	
[21-02-08 00:06:42-INFO] TEST_RECALL: 0.476, TIME: 35.9s
[21-02-08 00:06:42-DEBUG] 
TEST set, TITLE	CLS0	CLS1	CLS2	MEAN
TEST set, REC:	0.849	0.216	0.364	0.476	
TEST set, F1 :	0.676	0.271	0.475	0.474	
TEST set, AUC:	0.723	0.565	0.793	0.694	
TEST set, ACC:	0.625	0.668	0.795	0.696	
TEST set, SPE:	0.436	0.849	0.943	0.742	
[21-02-08 00:06:44-INFO] BEST_RECALL: 0.581, EPOCH:  13
[21-02-08 00:13:59-INFO] EPOCH: 46
[21-02-08 00:13:59-INFO] TRAIN_LOSS : 0.031, TIME: 434.5s
[21-02-08 00:14:35-INFO] VAL _RECALL: 1.000, TIME: 35.9s
[21-02-08 00:14:35-DEBUG] 
VAL  set, TITLE	CLS0	CLS1	CLS2	MEAN
VAL  set, REC:	1.000	1.000	1.000	1.000	
VAL  set, F1 :	1.000	1.000	1.000	1.000	
VAL  set, AUC:	1.000	1.000	1.000	1.000	
VAL  set, ACC:	1.000	1.000	1.000	1.000	
VAL  set, SPE:	1.000	1.000	1.000	1.000	
[21-02-08 00:15:11-INFO] TEST_RECALL: 0.503, TIME: 36.0s
[21-02-08 00:15:11-DEBUG] 
TEST set, TITLE	CLS0	CLS1	CLS2	MEAN
TEST set, REC:	0.672	0.216	0.621	0.503	
TEST set, F1 :	0.650	0.250	0.569	0.490	
TEST set, AUC:	0.723	0.553	0.747	0.674	
TEST set, ACC:	0.668	0.629	0.761	0.686	
TEST set, SPE:	0.664	0.795	0.808	0.756	
[21-02-08 00:15:13-INFO] BEST_RECALL: 0.581, EPOCH:  13
[21-02-08 00:22:28-INFO] EPOCH: 47
[21-02-08 00:22:28-INFO] TRAIN_LOSS : 0.007, TIME: 434.8s
[21-02-08 00:23:03-INFO] VAL _RECALL: 1.000, TIME: 35.9s
[21-02-08 00:23:03-DEBUG] 
VAL  set, TITLE	CLS0	CLS1	CLS2	MEAN
VAL  set, REC:	1.000	1.000	1.000	1.000	
VAL  set, F1 :	1.000	1.000	1.000	1.000	
VAL  set, AUC:	1.000	1.000	1.000	1.000	
VAL  set, ACC:	1.000	1.000	1.000	1.000	
VAL  set, SPE:	1.000	1.000	1.000	1.000	
[21-02-08 00:23:39-INFO] TEST_RECALL: 0.493, TIME: 35.9s
[21-02-08 00:23:39-DEBUG] 
TEST set, TITLE	CLS0	CLS1	CLS2	MEAN
TEST set, REC:	0.647	0.378	0.455	0.493	
TEST set, F1 :	0.636	0.352	0.513	0.500	
TEST set, AUC:	0.716	0.566	0.732	0.672	
TEST set, ACC:	0.660	0.602	0.780	0.681	
TEST set, SPE:	0.671	0.692	0.891	0.752	
[21-02-08 00:23:41-INFO] BEST_RECALL: 0.581, EPOCH:  13
[21-02-08 00:30:56-INFO] EPOCH: 48
[21-02-08 00:30:56-INFO] TRAIN_LOSS : 0.003, TIME: 434.3s
[21-02-08 00:31:32-INFO] VAL _RECALL: 1.000, TIME: 36.0s
[21-02-08 00:31:32-DEBUG] 
VAL  set, TITLE	CLS0	CLS1	CLS2	MEAN
VAL  set, REC:	1.000	1.000	1.000	1.000	
VAL  set, F1 :	1.000	1.000	1.000	1.000	
VAL  set, AUC:	1.000	1.000	1.000	1.000	
VAL  set, ACC:	1.000	1.000	1.000	1.000	
VAL  set, SPE:	1.000	1.000	1.000	1.000	
[21-02-08 00:32:08-INFO] TEST_RECALL: 0.493, TIME: 36.0s
[21-02-08 00:32:08-DEBUG] 
TEST set, TITLE	CLS0	CLS1	CLS2	MEAN
TEST set, REC:	0.714	0.311	0.455	0.493	
TEST set, F1 :	0.656	0.324	0.513	0.498	
TEST set, AUC:	0.719	0.568	0.747	0.678	
TEST set, ACC:	0.656	0.629	0.780	0.689	
TEST set, SPE:	0.607	0.757	0.891	0.752	
[21-02-08 00:32:09-INFO] BEST_RECALL: 0.581, EPOCH:  13
[21-02-08 00:39:23-INFO] EPOCH: 49
[21-02-08 00:39:23-INFO] TRAIN_LOSS : 0.003, TIME: 433.9s
[21-02-08 00:39:59-INFO] VAL _RECALL: 1.000, TIME: 35.9s
[21-02-08 00:39:59-DEBUG] 
VAL  set, TITLE	CLS0	CLS1	CLS2	MEAN
VAL  set, REC:	1.000	1.000	1.000	1.000	
VAL  set, F1 :	1.000	1.000	1.000	1.000	
VAL  set, AUC:	1.000	1.000	1.000	1.000	
VAL  set, ACC:	1.000	1.000	1.000	1.000	
VAL  set, SPE:	1.000	1.000	1.000	1.000	
[21-02-08 00:40:35-INFO] TEST_RECALL: 0.488, TIME: 35.9s
[21-02-08 00:40:35-DEBUG] 
TEST set, TITLE	CLS0	CLS1	CLS2	MEAN
TEST set, REC:	0.714	0.311	0.439	0.488	
TEST set, F1 :	0.649	0.324	0.509	0.494	
TEST set, AUC:	0.722	0.572	0.750	0.682	
TEST set, ACC:	0.645	0.629	0.784	0.686	
TEST set, SPE:	0.586	0.757	0.902	0.748	
[21-02-08 00:40:37-INFO] BEST_RECALL: 0.581, EPOCH:  13
[21-02-08 00:47:51-INFO] EPOCH: 50
[21-02-08 00:47:51-INFO] TRAIN_LOSS : 0.002, TIME: 434.2s
[21-02-08 00:48:27-INFO] VAL _RECALL: 1.000, TIME: 35.8s
[21-02-08 00:48:27-DEBUG] 
VAL  set, TITLE	CLS0	CLS1	CLS2	MEAN
VAL  set, REC:	1.000	1.000	1.000	1.000	
VAL  set, F1 :	1.000	1.000	1.000	1.000	
VAL  set, AUC:	1.000	1.000	1.000	1.000	
VAL  set, ACC:	1.000	1.000	1.000	1.000	
VAL  set, SPE:	1.000	1.000	1.000	1.000	
[21-02-08 00:49:03-INFO] TEST_RECALL: 0.497, TIME: 36.0s
[21-02-08 00:49:03-DEBUG] 
TEST set, TITLE	CLS0	CLS1	CLS2	MEAN
TEST set, REC:	0.723	0.284	0.485	0.497	
TEST set, F1 :	0.662	0.307	0.529	0.499	
TEST set, AUC:	0.723	0.573	0.747	0.681	
TEST set, ACC:	0.660	0.633	0.780	0.691	
TEST set, SPE:	0.607	0.773	0.881	0.754	
[21-02-08 00:49:05-INFO] BEST_RECALL: 0.581, EPOCH:  13
[21-02-08 00:56:19-INFO] EPOCH: 51
[21-02-08 00:56:19-INFO] TRAIN_LOSS : 0.004, TIME: 434.2s
[21-02-08 00:56:55-INFO] VAL _RECALL: 1.000, TIME: 35.9s
[21-02-08 00:56:55-DEBUG] 
VAL  set, TITLE	CLS0	CLS1	CLS2	MEAN
VAL  set, REC:	1.000	1.000	1.000	1.000	
VAL  set, F1 :	1.000	1.000	1.000	1.000	
VAL  set, AUC:	1.000	1.000	1.000	1.000	
VAL  set, ACC:	1.000	1.000	1.000	1.000	
VAL  set, SPE:	1.000	1.000	1.000	1.000	
[21-02-08 00:57:31-INFO] TEST_RECALL: 0.492, TIME: 35.9s
[21-02-08 00:57:31-DEBUG] 
TEST set, TITLE	CLS0	CLS1	CLS2	MEAN
TEST set, REC:	0.681	0.311	0.485	0.492	
TEST set, F1 :	0.645	0.315	0.529	0.496	
TEST set, AUC:	0.736	0.571	0.759	0.689	
TEST set, ACC:	0.656	0.614	0.780	0.683	
TEST set, SPE:	0.636	0.735	0.881	0.751	
[21-02-08 00:57:33-INFO] BEST_RECALL: 0.581, EPOCH:  13
[21-02-08 01:04:48-INFO] EPOCH: 52
[21-02-08 01:04:48-INFO] TRAIN_LOSS : 0.020, TIME: 434.6s
[21-02-08 01:05:23-INFO] VAL _RECALL: 0.994, TIME: 35.8s
[21-02-08 01:05:23-DEBUG] 
VAL  set, TITLE	CLS0	CLS1	CLS2	MEAN
VAL  set, REC:	1.000	1.000	0.982	0.994	
VAL  set, F1 :	0.996	1.000	0.991	0.996	
VAL  set, AUC:	1.000	1.000	1.000	1.000	
VAL  set, ACC:	0.996	1.000	0.996	0.997	
VAL  set, SPE:	0.992	1.000	1.000	0.997	
[21-02-08 01:05:59-INFO] TEST_RECALL: 0.434, TIME: 36.0s
[21-02-08 01:05:59-DEBUG] 
TEST set, TITLE	CLS0	CLS1	CLS2	MEAN
TEST set, REC:	0.756	0.243	0.303	0.434	
TEST set, F1 :	0.629	0.279	0.388	0.432	
TEST set, AUC:	0.692	0.586	0.728	0.668	
TEST set, ACC:	0.591	0.641	0.757	0.663	
TEST set, SPE:	0.450	0.800	0.912	0.721	
[21-02-08 01:06:01-INFO] BEST_RECALL: 0.581, EPOCH:  13
[21-02-08 01:13:16-INFO] EPOCH: 53
[21-02-08 01:13:16-INFO] TRAIN_LOSS : 0.022, TIME: 434.9s
[21-02-08 01:13:52-INFO] VAL _RECALL: 0.995, TIME: 36.0s
[21-02-08 01:13:52-DEBUG] 
VAL  set, TITLE	CLS0	CLS1	CLS2	MEAN
VAL  set, REC:	0.984	1.000	1.000	0.995	
VAL  set, F1 :	0.992	1.000	0.982	0.992	
VAL  set, AUC:	1.000	1.000	1.000	1.000	
VAL  set, ACC:	0.992	1.000	0.992	0.995	
VAL  set, SPE:	1.000	1.000	0.990	0.997	
[21-02-08 01:14:28-INFO] TEST_RECALL: 0.502, TIME: 36.0s
[21-02-08 01:14:28-DEBUG] 
TEST set, TITLE	CLS0	CLS1	CLS2	MEAN
TEST set, REC:	0.622	0.203	0.682	0.502	
TEST set, F1 :	0.635	0.238	0.566	0.480	
TEST set, AUC:	0.742	0.550	0.776	0.689	
TEST set, ACC:	0.672	0.629	0.734	0.678	
TEST set, SPE:	0.714	0.800	0.751	0.755	
[21-02-08 01:14:30-INFO] BEST_RECALL: 0.581, EPOCH:  13
[21-02-08 01:21:45-INFO] EPOCH: 54
[21-02-08 01:21:45-INFO] TRAIN_LOSS : 0.004, TIME: 435.0s
[21-02-08 01:22:21-INFO] VAL _RECALL: 1.000, TIME: 35.9s
[21-02-08 01:22:21-DEBUG] 
VAL  set, TITLE	CLS0	CLS1	CLS2	MEAN
VAL  set, REC:	1.000	1.000	1.000	1.000	
VAL  set, F1 :	1.000	1.000	1.000	1.000	
VAL  set, AUC:	1.000	1.000	1.000	1.000	
VAL  set, ACC:	1.000	1.000	1.000	1.000	
VAL  set, SPE:	1.000	1.000	1.000	1.000	
[21-02-08 01:22:57-INFO] TEST_RECALL: 0.491, TIME: 36.0s
[21-02-08 01:22:57-DEBUG] 
TEST set, TITLE	CLS0	CLS1	CLS2	MEAN
TEST set, REC:	0.689	0.270	0.515	0.491	
TEST set, F1 :	0.636	0.296	0.544	0.492	
TEST set, AUC:	0.722	0.582	0.782	0.696	
TEST set, ACC:	0.637	0.633	0.780	0.683	
TEST set, SPE:	0.593	0.778	0.870	0.747	
[21-02-08 01:22:59-INFO] BEST_RECALL: 0.581, EPOCH:  13
[21-02-08 01:30:13-INFO] EPOCH: 55
[21-02-08 01:30:13-INFO] TRAIN_LOSS : 0.002, TIME: 434.5s
[21-02-08 01:30:49-INFO] VAL _RECALL: 1.000, TIME: 35.8s
[21-02-08 01:30:49-DEBUG] 
VAL  set, TITLE	CLS0	CLS1	CLS2	MEAN
VAL  set, REC:	1.000	1.000	1.000	1.000	
VAL  set, F1 :	1.000	1.000	1.000	1.000	
VAL  set, AUC:	1.000	1.000	1.000	1.000	
VAL  set, ACC:	1.000	1.000	1.000	1.000	
VAL  set, SPE:	1.000	1.000	1.000	1.000	
[21-02-08 01:31:25-INFO] TEST_RECALL: 0.494, TIME: 35.9s
[21-02-08 01:31:25-DEBUG] 
TEST set, TITLE	CLS0	CLS1	CLS2	MEAN
TEST set, REC:	0.697	0.284	0.500	0.494	
TEST set, F1 :	0.648	0.307	0.528	0.494	
TEST set, AUC:	0.719	0.580	0.787	0.695	
TEST set, ACC:	0.653	0.633	0.772	0.686	
TEST set, SPE:	0.614	0.773	0.865	0.751	
[21-02-08 01:31:27-INFO] BEST_RECALL: 0.581, EPOCH:  13
[21-02-08 01:38:42-INFO] EPOCH: 56
[21-02-08 01:38:42-INFO] TRAIN_LOSS : 0.001, TIME: 434.6s
[21-02-08 01:39:17-INFO] VAL _RECALL: 1.000, TIME: 35.8s
[21-02-08 01:39:17-DEBUG] 
VAL  set, TITLE	CLS0	CLS1	CLS2	MEAN
VAL  set, REC:	1.000	1.000	1.000	1.000	
VAL  set, F1 :	1.000	1.000	1.000	1.000	
VAL  set, AUC:	1.000	1.000	1.000	1.000	
VAL  set, ACC:	1.000	1.000	1.000	1.000	
VAL  set, SPE:	1.000	1.000	1.000	1.000	
[21-02-08 01:39:53-INFO] TEST_RECALL: 0.495, TIME: 36.0s
[21-02-08 01:39:53-DEBUG] 
TEST set, TITLE	CLS0	CLS1	CLS2	MEAN
TEST set, REC:	0.697	0.243	0.545	0.495	
TEST set, F1 :	0.651	0.273	0.550	0.491	
TEST set, AUC:	0.722	0.575	0.788	0.695	
TEST set, ACC:	0.656	0.629	0.772	0.686	
TEST set, SPE:	0.621	0.784	0.850	0.752	
[21-02-08 01:39:55-INFO] BEST_RECALL: 0.581, EPOCH:  13
[21-02-08 01:47:09-INFO] EPOCH: 57
[21-02-08 01:47:09-INFO] TRAIN_LOSS : 0.001, TIME: 434.3s
[21-02-08 01:47:45-INFO] VAL _RECALL: 1.000, TIME: 35.8s
[21-02-08 01:47:45-DEBUG] 
VAL  set, TITLE	CLS0	CLS1	CLS2	MEAN
VAL  set, REC:	1.000	1.000	1.000	1.000	
VAL  set, F1 :	1.000	1.000	1.000	1.000	
VAL  set, AUC:	1.000	1.000	1.000	1.000	
VAL  set, ACC:	1.000	1.000	1.000	1.000	
VAL  set, SPE:	1.000	1.000	1.000	1.000	
[21-02-08 01:48:21-INFO] TEST_RECALL: 0.501, TIME: 35.9s
[21-02-08 01:48:21-DEBUG] 
TEST set, TITLE	CLS0	CLS1	CLS2	MEAN
TEST set, REC:	0.664	0.324	0.515	0.501	
TEST set, F1 :	0.640	0.333	0.535	0.503	
TEST set, AUC:	0.717	0.577	0.791	0.695	
TEST set, ACC:	0.656	0.629	0.772	0.686	
TEST set, SPE:	0.650	0.751	0.860	0.754	
[21-02-08 01:48:23-INFO] BEST_RECALL: 0.581, EPOCH:  13
[21-02-08 01:55:37-INFO] EPOCH: 58
[21-02-08 01:55:37-INFO] TRAIN_LOSS : 0.001, TIME: 434.4s
[21-02-08 01:56:13-INFO] VAL _RECALL: 1.000, TIME: 36.0s
[21-02-08 01:56:13-DEBUG] 
VAL  set, TITLE	CLS0	CLS1	CLS2	MEAN
VAL  set, REC:	1.000	1.000	1.000	1.000	
VAL  set, F1 :	1.000	1.000	1.000	1.000	
VAL  set, AUC:	1.000	1.000	1.000	1.000	
VAL  set, ACC:	1.000	1.000	1.000	1.000	
VAL  set, SPE:	1.000	1.000	1.000	1.000	
[21-02-08 01:56:49-INFO] TEST_RECALL: 0.488, TIME: 36.0s
[21-02-08 01:56:49-DEBUG] 
TEST set, TITLE	CLS0	CLS1	CLS2	MEAN
TEST set, REC:	0.681	0.297	0.485	0.488	
TEST set, F1 :	0.638	0.312	0.520	0.490	
TEST set, AUC:	0.716	0.578	0.786	0.693	
TEST set, ACC:	0.645	0.625	0.772	0.681	
TEST set, SPE:	0.614	0.757	0.870	0.747	
[21-02-08 01:56:51-INFO] BEST_RECALL: 0.581, EPOCH:  13
[21-02-08 02:04:06-INFO] EPOCH: 59
[21-02-08 02:04:06-INFO] TRAIN_LOSS : 0.001, TIME: 434.4s
[21-02-08 02:04:41-INFO] VAL _RECALL: 1.000, TIME: 35.8s
[21-02-08 02:04:41-DEBUG] 
VAL  set, TITLE	CLS0	CLS1	CLS2	MEAN
VAL  set, REC:	1.000	1.000	1.000	1.000	
VAL  set, F1 :	1.000	1.000	1.000	1.000	
VAL  set, AUC:	1.000	1.000	1.000	1.000	
VAL  set, ACC:	1.000	1.000	1.000	1.000	
VAL  set, SPE:	1.000	1.000	1.000	1.000	
[21-02-08 02:05:17-INFO] TEST_RECALL: 0.483, TIME: 35.9s
[21-02-08 02:05:17-DEBUG] 
TEST set, TITLE	CLS0	CLS1	CLS2	MEAN
TEST set, REC:	0.664	0.284	0.500	0.483	
TEST set, F1 :	0.627	0.298	0.528	0.484	
TEST set, AUC:	0.715	0.575	0.784	0.691	
TEST set, ACC:	0.637	0.618	0.772	0.676	
TEST set, SPE:	0.614	0.751	0.865	0.744	
[21-02-08 02:05:19-INFO] BEST_RECALL: 0.581, EPOCH:  13
[21-02-08 02:12:34-INFO] EPOCH: 60
[21-02-08 02:12:34-INFO] TRAIN_LOSS : 0.001, TIME: 434.5s
[21-02-08 02:13:10-INFO] VAL _RECALL: 1.000, TIME: 36.0s
[21-02-08 02:13:10-DEBUG] 
VAL  set, TITLE	CLS0	CLS1	CLS2	MEAN
VAL  set, REC:	1.000	1.000	1.000	1.000	
VAL  set, F1 :	1.000	1.000	1.000	1.000	
VAL  set, AUC:	1.000	1.000	1.000	1.000	
VAL  set, ACC:	1.000	1.000	1.000	1.000	
VAL  set, SPE:	1.000	1.000	1.000	1.000	
[21-02-08 02:13:46-INFO] TEST_RECALL: 0.481, TIME: 36.0s
[21-02-08 02:13:46-DEBUG] 
TEST set, TITLE	CLS0	CLS1	CLS2	MEAN
TEST set, REC:	0.664	0.324	0.455	0.481	
TEST set, F1 :	0.629	0.322	0.508	0.487	
TEST set, AUC:	0.703	0.577	0.782	0.687	
TEST set, ACC:	0.641	0.610	0.776	0.676	
TEST set, SPE:	0.621	0.724	0.886	0.744	
[21-02-08 02:13:48-INFO] BEST_RECALL: 0.581, EPOCH:  13
[21-02-08 02:21:02-INFO] EPOCH: 61
[21-02-08 02:21:02-INFO] TRAIN_LOSS : 0.001, TIME: 434.3s
[21-02-08 02:21:38-INFO] VAL _RECALL: 1.000, TIME: 35.8s
[21-02-08 02:21:38-DEBUG] 
VAL  set, TITLE	CLS0	CLS1	CLS2	MEAN
VAL  set, REC:	1.000	1.000	1.000	1.000	
VAL  set, F1 :	1.000	1.000	1.000	1.000	
VAL  set, AUC:	1.000	1.000	1.000	1.000	
VAL  set, ACC:	1.000	1.000	1.000	1.000	
VAL  set, SPE:	1.000	1.000	1.000	1.000	
[21-02-08 02:22:14-INFO] TEST_RECALL: 0.491, TIME: 36.0s
[21-02-08 02:22:14-DEBUG] 
TEST set, TITLE	CLS0	CLS1	CLS2	MEAN
TEST set, REC:	0.689	0.270	0.515	0.491	
TEST set, F1 :	0.638	0.296	0.540	0.491	
TEST set, AUC:	0.724	0.574	0.784	0.694	
TEST set, ACC:	0.641	0.633	0.776	0.683	
TEST set, SPE:	0.600	0.778	0.865	0.748	
[21-02-08 02:22:16-INFO] BEST_RECALL: 0.581, EPOCH:  13
[21-02-08 02:29:30-INFO] EPOCH: 62
[21-02-08 02:29:30-INFO] TRAIN_LOSS : 0.000, TIME: 434.4s
[21-02-08 02:30:06-INFO] VAL _RECALL: 1.000, TIME: 35.9s
[21-02-08 02:30:06-DEBUG] 
VAL  set, TITLE	CLS0	CLS1	CLS2	MEAN
VAL  set, REC:	1.000	1.000	1.000	1.000	
VAL  set, F1 :	1.000	1.000	1.000	1.000	
VAL  set, AUC:	1.000	1.000	1.000	1.000	
VAL  set, ACC:	1.000	1.000	1.000	1.000	
VAL  set, SPE:	1.000	1.000	1.000	1.000	
[21-02-08 02:30:42-INFO] TEST_RECALL: 0.495, TIME: 35.9s
[21-02-08 02:30:42-DEBUG] 
TEST set, TITLE	CLS0	CLS1	CLS2	MEAN
TEST set, REC:	0.714	0.257	0.515	0.495	
TEST set, F1 :	0.651	0.292	0.535	0.493	
TEST set, AUC:	0.728	0.572	0.786	0.695	
TEST set, ACC:	0.649	0.645	0.772	0.689	
TEST set, SPE:	0.593	0.800	0.860	0.751	
[21-02-08 02:30:44-INFO] BEST_RECALL: 0.581, EPOCH:  13
[21-02-08 02:37:58-INFO] EPOCH: 63
[21-02-08 02:37:58-INFO] TRAIN_LOSS : 0.000, TIME: 434.3s
[21-02-08 02:38:34-INFO] VAL _RECALL: 1.000, TIME: 36.0s
[21-02-08 02:38:34-DEBUG] 
VAL  set, TITLE	CLS0	CLS1	CLS2	MEAN
VAL  set, REC:	1.000	1.000	1.000	1.000	
VAL  set, F1 :	1.000	1.000	1.000	1.000	
VAL  set, AUC:	1.000	1.000	1.000	1.000	
VAL  set, ACC:	1.000	1.000	1.000	1.000	
VAL  set, SPE:	1.000	1.000	1.000	1.000	
[21-02-08 02:39:10-INFO] TEST_RECALL: 0.488, TIME: 35.9s
[21-02-08 02:39:10-DEBUG] 
TEST set, TITLE	CLS0	CLS1	CLS2	MEAN
TEST set, REC:	0.706	0.257	0.500	0.488	
TEST set, F1 :	0.646	0.288	0.524	0.486	
TEST set, AUC:	0.725	0.571	0.785	0.693	
TEST set, ACC:	0.645	0.637	0.768	0.683	
TEST set, SPE:	0.593	0.789	0.860	0.747	
[21-02-08 02:39:12-INFO] BEST_RECALL: 0.581, EPOCH:  13
[21-02-08 02:46:26-INFO] EPOCH: 64
[21-02-08 02:46:26-INFO] TRAIN_LOSS : 0.000, TIME: 434.3s
[21-02-08 02:47:02-INFO] VAL _RECALL: 1.000, TIME: 35.9s
[21-02-08 02:47:02-DEBUG] 
VAL  set, TITLE	CLS0	CLS1	CLS2	MEAN
VAL  set, REC:	1.000	1.000	1.000	1.000	
VAL  set, F1 :	1.000	1.000	1.000	1.000	
VAL  set, AUC:	1.000	1.000	1.000	1.000	
VAL  set, ACC:	1.000	1.000	1.000	1.000	
VAL  set, SPE:	1.000	1.000	1.000	1.000	
[21-02-08 02:47:38-INFO] TEST_RECALL: 0.467, TIME: 35.9s
[21-02-08 02:47:38-DEBUG] 
TEST set, TITLE	CLS0	CLS1	CLS2	MEAN
TEST set, REC:	0.672	0.351	0.379	0.467	
TEST set, F1 :	0.627	0.331	0.472	0.477	
TEST set, AUC:	0.700	0.580	0.780	0.687	
TEST set, ACC:	0.633	0.595	0.784	0.671	
TEST set, SPE:	0.600	0.692	0.922	0.738	
[21-02-08 02:47:40-INFO] BEST_RECALL: 0.581, EPOCH:  13
[21-02-08 02:54:54-INFO] EPOCH: 65
[21-02-08 02:54:54-INFO] TRAIN_LOSS : 0.001, TIME: 434.0s
[21-02-08 02:55:30-INFO] VAL _RECALL: 1.000, TIME: 35.9s
[21-02-08 02:55:30-DEBUG] 
VAL  set, TITLE	CLS0	CLS1	CLS2	MEAN
VAL  set, REC:	1.000	1.000	1.000	1.000	
VAL  set, F1 :	1.000	1.000	1.000	1.000	
VAL  set, AUC:	1.000	1.000	1.000	1.000	
VAL  set, ACC:	1.000	1.000	1.000	1.000	
VAL  set, SPE:	1.000	1.000	1.000	1.000	
[21-02-08 02:56:06-INFO] TEST_RECALL: 0.499, TIME: 35.9s
[21-02-08 02:56:06-DEBUG] 
TEST set, TITLE	CLS0	CLS1	CLS2	MEAN
TEST set, REC:	0.672	0.324	0.500	0.499	
TEST set, F1 :	0.630	0.336	0.545	0.504	
TEST set, AUC:	0.712	0.567	0.794	0.691	
TEST set, ACC:	0.637	0.633	0.788	0.686	
TEST set, SPE:	0.607	0.757	0.886	0.750	
[21-02-08 02:56:08-INFO] BEST_RECALL: 0.581, EPOCH:  13
[21-02-08 03:03:23-INFO] EPOCH: 66
[21-02-08 03:03:23-INFO] TRAIN_LOSS : 0.001, TIME: 434.8s
[21-02-08 03:03:59-INFO] VAL _RECALL: 1.000, TIME: 36.0s
[21-02-08 03:03:59-DEBUG] 
VAL  set, TITLE	CLS0	CLS1	CLS2	MEAN
VAL  set, REC:	1.000	1.000	1.000	1.000	
VAL  set, F1 :	1.000	1.000	1.000	1.000	
VAL  set, AUC:	1.000	1.000	1.000	1.000	
VAL  set, ACC:	1.000	1.000	1.000	1.000	
VAL  set, SPE:	1.000	1.000	1.000	1.000	
[21-02-08 03:04:34-INFO] TEST_RECALL: 0.494, TIME: 35.9s
[21-02-08 03:04:34-DEBUG] 
TEST set, TITLE	CLS0	CLS1	CLS2	MEAN
TEST set, REC:	0.655	0.297	0.530	0.494	
TEST set, F1 :	0.624	0.306	0.565	0.498	
TEST set, AUC:	0.714	0.569	0.792	0.692	
TEST set, ACC:	0.637	0.614	0.792	0.681	
TEST set, SPE:	0.621	0.741	0.881	0.748	
[21-02-08 03:04:36-INFO] BEST_RECALL: 0.581, EPOCH:  13
[21-02-08 03:11:51-INFO] EPOCH: 67
[21-02-08 03:11:51-INFO] TRAIN_LOSS : 0.000, TIME: 434.5s
[21-02-08 03:12:27-INFO] VAL _RECALL: 1.000, TIME: 35.8s
[21-02-08 03:12:27-DEBUG] 
VAL  set, TITLE	CLS0	CLS1	CLS2	MEAN
VAL  set, REC:	1.000	1.000	1.000	1.000	
VAL  set, F1 :	1.000	1.000	1.000	1.000	
VAL  set, AUC:	1.000	1.000	1.000	1.000	
VAL  set, ACC:	1.000	1.000	1.000	1.000	
VAL  set, SPE:	1.000	1.000	1.000	1.000	
[21-02-08 03:13:03-INFO] TEST_RECALL: 0.470, TIME: 35.9s
[21-02-08 03:13:03-DEBUG] 
TEST set, TITLE	CLS0	CLS1	CLS2	MEAN
TEST set, REC:	0.664	0.351	0.394	0.470	
TEST set, F1 :	0.622	0.335	0.477	0.478	
TEST set, AUC:	0.691	0.572	0.786	0.683	
TEST set, ACC:	0.629	0.602	0.780	0.671	
TEST set, SPE:	0.600	0.703	0.912	0.738	
[21-02-08 03:13:04-INFO] BEST_RECALL: 0.581, EPOCH:  13
[21-02-08 03:20:19-INFO] EPOCH: 68
[21-02-08 03:20:19-INFO] TRAIN_LOSS : 0.000, TIME: 434.6s
[21-02-08 03:20:55-INFO] VAL _RECALL: 1.000, TIME: 35.9s
[21-02-08 03:20:55-DEBUG] 
VAL  set, TITLE	CLS0	CLS1	CLS2	MEAN
VAL  set, REC:	1.000	1.000	1.000	1.000	
VAL  set, F1 :	1.000	1.000	1.000	1.000	
VAL  set, AUC:	1.000	1.000	1.000	1.000	
VAL  set, ACC:	1.000	1.000	1.000	1.000	
VAL  set, SPE:	1.000	1.000	1.000	1.000	
[21-02-08 03:21:31-INFO] TEST_RECALL: 0.474, TIME: 35.9s
[21-02-08 03:21:31-DEBUG] 
TEST set, TITLE	CLS0	CLS1	CLS2	MEAN
TEST set, REC:	0.664	0.378	0.379	0.474	
TEST set, F1 :	0.622	0.354	0.472	0.483	
TEST set, AUC:	0.690	0.572	0.790	0.684	
TEST set, ACC:	0.629	0.606	0.784	0.673	
TEST set, SPE:	0.600	0.697	0.922	0.740	
[21-02-08 03:21:33-INFO] BEST_RECALL: 0.581, EPOCH:  13
[21-02-08 03:28:47-INFO] EPOCH: 69
[21-02-08 03:28:47-INFO] TRAIN_LOSS : 0.000, TIME: 434.3s
[21-02-08 03:29:23-INFO] VAL _RECALL: 1.000, TIME: 35.8s
[21-02-08 03:29:23-DEBUG] 
VAL  set, TITLE	CLS0	CLS1	CLS2	MEAN
VAL  set, REC:	1.000	1.000	1.000	1.000	
VAL  set, F1 :	1.000	1.000	1.000	1.000	
VAL  set, AUC:	1.000	1.000	1.000	1.000	
VAL  set, ACC:	1.000	1.000	1.000	1.000	
VAL  set, SPE:	1.000	1.000	1.000	1.000	
[21-02-08 03:29:59-INFO] TEST_RECALL: 0.508, TIME: 36.0s
[21-02-08 03:29:59-DEBUG] 
TEST set, TITLE	CLS0	CLS1	CLS2	MEAN
TEST set, REC:	0.655	0.324	0.545	0.508	
TEST set, F1 :	0.629	0.329	0.581	0.513	
TEST set, AUC:	0.710	0.572	0.789	0.690	
TEST set, ACC:	0.645	0.622	0.799	0.689	
TEST set, SPE:	0.636	0.741	0.886	0.754	
[21-02-08 03:30:01-INFO] BEST_RECALL: 0.581, EPOCH:  13
