[21-02-07 07:59:25-DEBUG] Checkpoints is in:
./results/checkpoints/20210207/3D_ResNet34-3-075924/
[21-02-07 07:59:25-DEBUG] Tensorboard is in:
./results/tensorboards/20210207/3D_ResNet34-3-075924/
[21-02-07 07:59:25-DEBUG] Data is in:
./data/Net_Input/3D_64_z1.0_l0.70_h0.10_20210125/
[21-02-07 07:59:25-DEBUG] LR: 3e-05, LD: 0.98
[21-02-07 07:59:25-DEBUG] WD: 1e-05, WU: 20
[21-02-07 07:59:25-DEBUG] BS: 4, FOLD: 3


[21-02-07 08:06:44-INFO] EPOCH: 1
[21-02-07 08:06:44-INFO] TRAIN_LOSS : 1.044, TIME: 436.3s
[21-02-07 08:07:20-INFO] VAL _RECALL: 0.345, TIME: 36.0s
[21-02-07 08:07:20-DEBUG] 
VAL  set, TITLE	CLS0	CLS1	CLS2	MEAN
VAL  set, REC:	1.000	0.000	0.036	0.345	
VAL  set, F1 :	0.667	0.000	0.069	0.245	
VAL  set, AUC:	0.771	0.632	0.783	0.729	
VAL  set, ACC:	0.504	0.712	0.792	0.669	
VAL  set, SPE:	0.015	1.000	1.000	0.672	
[21-02-07 08:07:56-INFO] TEST_RECALL: 0.340, TIME: 35.9s
[21-02-07 08:07:56-DEBUG] 
TEST set, TITLE	CLS0	CLS1	CLS2	MEAN
TEST set, REC:	1.000	0.000	0.019	0.340	
TEST set, F1 :	0.697	0.000	0.036	0.244	
TEST set, AUC:	0.743	0.599	0.769	0.704	
TEST set, ACC:	0.541	0.734	0.792	0.689	
TEST set, SPE:	0.025	1.000	0.990	0.672	
[21-02-07 08:07:56-INFO] BEST_RECALL: 0.340, EPOCH:   1
[21-02-07 08:15:12-INFO] EPOCH: 2
[21-02-07 08:15:12-INFO] TRAIN_LOSS : 0.985, TIME: 436.1s
[21-02-07 08:15:48-INFO] VAL _RECALL: 0.530, TIME: 36.0s
[21-02-07 08:15:48-DEBUG] 
VAL  set, TITLE	CLS0	CLS1	CLS2	MEAN
VAL  set, REC:	0.426	0.200	0.964	0.530	
VAL  set, F1 :	0.561	0.238	0.545	0.448	
VAL  set, AUC:	0.817	0.533	0.840	0.730	
VAL  set, ACC:	0.669	0.631	0.654	0.651	
VAL  set, SPE:	0.908	0.805	0.569	0.761	
[21-02-07 08:16:24-INFO] TEST_RECALL: 0.509, TIME: 36.0s
[21-02-07 08:16:24-DEBUG] 
TEST set, TITLE	CLS0	CLS1	CLS2	MEAN
TEST set, REC:	0.365	0.275	0.887	0.509	
TEST set, F1 :	0.508	0.302	0.482	0.430	
TEST set, AUC:	0.784	0.597	0.832	0.738	
TEST set, ACC:	0.625	0.660	0.610	0.632	
TEST set, SPE:	0.918	0.800	0.539	0.752	
[21-02-07 08:16:26-INFO] BEST_RECALL: 0.509, EPOCH:   2
[21-02-07 08:23:42-INFO] EPOCH: 3
[21-02-07 08:23:42-INFO] TRAIN_LOSS : 0.945, TIME: 436.2s
[21-02-07 08:24:18-INFO] VAL _RECALL: 0.564, TIME: 35.9s
[21-02-07 08:24:18-DEBUG] 
VAL  set, TITLE	CLS0	CLS1	CLS2	MEAN
VAL  set, REC:	0.969	0.240	0.482	0.564	
VAL  set, F1 :	0.767	0.340	0.614	0.573	
VAL  set, AUC:	0.868	0.673	0.894	0.812	
VAL  set, ACC:	0.708	0.731	0.869	0.769	
VAL  set, SPE:	0.450	0.930	0.975	0.785	
[21-02-07 08:24:54-INFO] TEST_RECALL: 0.534, TIME: 35.9s
[21-02-07 08:24:54-DEBUG] 
TEST set, TITLE	CLS0	CLS1	CLS2	MEAN
TEST set, REC:	0.920	0.116	0.566	0.534	
TEST set, F1 :	0.761	0.170	0.645	0.526	
TEST set, AUC:	0.820	0.636	0.870	0.775	
TEST set, ACC:	0.695	0.699	0.873	0.755	
TEST set, SPE:	0.443	0.911	0.951	0.768	
[21-02-07 08:24:56-INFO] BEST_RECALL: 0.534, EPOCH:   3
[21-02-07 08:32:12-INFO] EPOCH: 4
[21-02-07 08:32:12-INFO] TRAIN_LOSS : 0.853, TIME: 435.8s
[21-02-07 08:32:48-INFO] VAL _RECALL: 0.529, TIME: 36.0s
[21-02-07 08:32:48-DEBUG] 
VAL  set, TITLE	CLS0	CLS1	CLS2	MEAN
VAL  set, REC:	0.907	0.467	0.214	0.529	
VAL  set, F1 :	0.772	0.470	0.353	0.532	
VAL  set, AUC:	0.847	0.703	0.878	0.809	
VAL  set, ACC:	0.735	0.696	0.831	0.754	
VAL  set, SPE:	0.565	0.789	1.000	0.785	
[21-02-07 08:33:24-INFO] TEST_RECALL: 0.478, TIME: 35.9s
[21-02-07 08:33:24-DEBUG] 
TEST set, TITLE	CLS0	CLS1	CLS2	MEAN
TEST set, REC:	0.854	0.449	0.132	0.478	
TEST set, F1 :	0.757	0.422	0.226	0.468	
TEST set, AUC:	0.792	0.646	0.879	0.772	
TEST set, ACC:	0.710	0.672	0.815	0.732	
TEST set, SPE:	0.549	0.753	0.990	0.764	
[21-02-07 08:33:24-INFO] BEST_RECALL: 0.534, EPOCH:   3
[21-02-07 08:40:40-INFO] EPOCH: 5
[21-02-07 08:40:40-INFO] TRAIN_LOSS : 0.826, TIME: 436.2s
[21-02-07 08:41:16-INFO] VAL _RECALL: 0.544, TIME: 36.0s
[21-02-07 08:41:16-DEBUG] 
VAL  set, TITLE	CLS0	CLS1	CLS2	MEAN
VAL  set, REC:	0.457	0.173	1.000	0.544	
VAL  set, F1 :	0.621	0.211	0.541	0.458	
VAL  set, AUC:	0.922	0.568	0.948	0.813	
VAL  set, ACC:	0.723	0.627	0.635	0.662	
VAL  set, SPE:	0.985	0.811	0.534	0.777	
[21-02-07 08:41:52-INFO] TEST_RECALL: 0.504, TIME: 36.0s
[21-02-07 08:41:52-DEBUG] 
TEST set, TITLE	CLS0	CLS1	CLS2	MEAN
TEST set, REC:	0.307	0.261	0.943	0.504	
TEST set, F1 :	0.452	0.290	0.481	0.408	
TEST set, AUC:	0.817	0.588	0.889	0.765	
TEST set, ACC:	0.606	0.660	0.583	0.616	
TEST set, SPE:	0.943	0.805	0.490	0.746	
[21-02-07 08:41:52-INFO] BEST_RECALL: 0.534, EPOCH:   3
[21-02-07 08:49:08-INFO] EPOCH: 6
[21-02-07 08:49:08-INFO] TRAIN_LOSS : 0.760, TIME: 436.0s
[21-02-07 08:49:44-INFO] VAL _RECALL: 0.347, TIME: 36.0s
[21-02-07 08:49:44-DEBUG] 
VAL  set, TITLE	CLS0	CLS1	CLS2	MEAN
VAL  set, REC:	0.016	0.027	1.000	0.347	
VAL  set, F1 :	0.031	0.033	0.419	0.161	
VAL  set, AUC:	0.946	0.357	0.933	0.746	
VAL  set, ACC:	0.512	0.546	0.404	0.487	
VAL  set, SPE:	1.000	0.757	0.240	0.666	
[21-02-07 08:50:20-INFO] TEST_RECALL: 0.344, TIME: 35.9s
[21-02-07 08:50:20-DEBUG] 
TEST set, TITLE	CLS0	CLS1	CLS2	MEAN
TEST set, REC:	0.022	0.029	0.981	0.344	
TEST set, F1 :	0.043	0.038	0.380	0.154	
TEST set, AUC:	0.849	0.425	0.901	0.725	
TEST set, ACC:	0.483	0.614	0.344	0.480	
TEST set, SPE:	1.000	0.826	0.180	0.669	
[21-02-07 08:50:21-INFO] BEST_RECALL: 0.534, EPOCH:   3
[21-02-07 08:57:37-INFO] EPOCH: 7
[21-02-07 08:57:37-INFO] TRAIN_LOSS : 0.703, TIME: 436.0s
[21-02-07 08:58:13-INFO] VAL _RECALL: 0.664, TIME: 36.0s
[21-02-07 08:58:13-DEBUG] 
VAL  set, TITLE	CLS0	CLS1	CLS2	MEAN
VAL  set, REC:	0.341	0.920	0.732	0.664	
VAL  set, F1 :	0.509	0.573	0.774	0.618	
VAL  set, AUC:	0.957	0.800	0.972	0.910	
VAL  set, ACC:	0.673	0.604	0.908	0.728	
VAL  set, SPE:	1.000	0.476	0.956	0.811	
[21-02-07 08:58:48-INFO] TEST_RECALL: 0.535, TIME: 35.9s
[21-02-07 08:58:48-DEBUG] 
TEST set, TITLE	CLS0	CLS1	CLS2	MEAN
TEST set, REC:	0.270	0.826	0.509	0.535	
TEST set, F1 :	0.423	0.463	0.557	0.481	
TEST set, AUC:	0.818	0.713	0.871	0.801	
TEST set, ACC:	0.610	0.490	0.834	0.645	
TEST set, SPE:	0.992	0.368	0.917	0.759	
[21-02-07 08:58:52-INFO] BEST_RECALL: 0.535, EPOCH:   7
[21-02-07 09:06:08-INFO] EPOCH: 8
[21-02-07 09:06:08-INFO] TRAIN_LOSS : 0.684, TIME: 435.7s
[21-02-07 09:06:44-INFO] VAL _RECALL: 0.645, TIME: 35.9s
[21-02-07 09:06:44-DEBUG] 
VAL  set, TITLE	CLS0	CLS1	CLS2	MEAN
VAL  set, REC:	0.984	0.307	0.643	0.645	
VAL  set, F1 :	0.822	0.404	0.742	0.656	
VAL  set, AUC:	0.956	0.819	0.962	0.912	
VAL  set, ACC:	0.788	0.738	0.904	0.810	
VAL  set, SPE:	0.595	0.914	0.975	0.828	
[21-02-07 09:07:20-INFO] TEST_RECALL: 0.562, TIME: 35.9s
[21-02-07 09:07:20-DEBUG] 
TEST set, TITLE	CLS0	CLS1	CLS2	MEAN
TEST set, REC:	0.927	0.232	0.528	0.562	
TEST set, F1 :	0.765	0.327	0.636	0.576	
TEST set, AUC:	0.840	0.683	0.874	0.799	
TEST set, ACC:	0.699	0.745	0.876	0.773	
TEST set, SPE:	0.443	0.932	0.966	0.780	
[21-02-07 09:07:24-INFO] BEST_RECALL: 0.562, EPOCH:   8
[21-02-07 09:14:40-INFO] EPOCH: 9
[21-02-07 09:14:40-INFO] TRAIN_LOSS : 0.677, TIME: 435.8s
[21-02-07 09:15:16-INFO] VAL _RECALL: 0.723, TIME: 35.9s
[21-02-07 09:15:16-DEBUG] 
VAL  set, TITLE	CLS0	CLS1	CLS2	MEAN
VAL  set, REC:	1.000	0.187	0.982	0.723	
VAL  set, F1 :	0.887	0.311	0.791	0.663	
VAL  set, AUC:	0.982	0.921	0.987	0.964	
VAL  set, ACC:	0.873	0.762	0.888	0.841	
VAL  set, SPE:	0.748	0.995	0.863	0.868	
[21-02-07 09:15:52-INFO] TEST_RECALL: 0.617, TIME: 36.0s
[21-02-07 09:15:52-DEBUG] 
TEST set, TITLE	CLS0	CLS1	CLS2	MEAN
TEST set, REC:	0.891	0.130	0.830	0.617	
TEST set, F1 :	0.805	0.222	0.657	0.561	
TEST set, AUC:	0.838	0.730	0.905	0.824	
TEST set, ACC:	0.772	0.757	0.822	0.784	
TEST set, SPE:	0.639	0.984	0.820	0.815	
[21-02-07 09:15:55-INFO] BEST_RECALL: 0.617, EPOCH:   9
[21-02-07 09:23:12-INFO] EPOCH: 10
[21-02-07 09:23:12-INFO] TRAIN_LOSS : 0.615, TIME: 436.1s
[21-02-07 09:23:48-INFO] VAL _RECALL: 0.651, TIME: 36.0s
[21-02-07 09:23:48-DEBUG] 
VAL  set, TITLE	CLS0	CLS1	CLS2	MEAN
VAL  set, REC:	0.256	0.787	0.911	0.651	
VAL  set, F1 :	0.407	0.515	0.791	0.571	
VAL  set, AUC:	0.980	0.679	0.978	0.879	
VAL  set, ACC:	0.631	0.573	0.896	0.700	
VAL  set, SPE:	1.000	0.486	0.892	0.793	
[21-02-07 09:24:24-INFO] TEST_RECALL: 0.567, TIME: 36.0s
[21-02-07 09:24:24-DEBUG] 
TEST set, TITLE	CLS0	CLS1	CLS2	MEAN
TEST set, REC:	0.161	0.768	0.774	0.567	
TEST set, F1 :	0.277	0.451	0.661	0.463	
TEST set, AUC:	0.801	0.636	0.893	0.777	
TEST set, ACC:	0.556	0.502	0.838	0.632	
TEST set, SPE:	1.000	0.405	0.854	0.753	
[21-02-07 09:24:25-INFO] BEST_RECALL: 0.617, EPOCH:   9
[21-02-07 09:31:41-INFO] EPOCH: 11
[21-02-07 09:31:41-INFO] TRAIN_LOSS : 0.570, TIME: 436.0s
[21-02-07 09:32:17-INFO] VAL _RECALL: 0.426, TIME: 35.9s
[21-02-07 09:32:17-DEBUG] 
VAL  set, TITLE	CLS0	CLS1	CLS2	MEAN
VAL  set, REC:	1.000	0.027	0.250	0.426	
VAL  set, F1 :	0.697	0.050	0.400	0.382	
VAL  set, AUC:	0.966	0.759	0.963	0.896	
VAL  set, ACC:	0.569	0.708	0.838	0.705	
VAL  set, SPE:	0.145	0.984	1.000	0.710	
[21-02-07 09:32:53-INFO] TEST_RECALL: 0.377, TIME: 35.9s
[21-02-07 09:32:53-DEBUG] 
TEST set, TITLE	CLS0	CLS1	CLS2	MEAN
TEST set, REC:	1.000	0.000	0.132	0.377	
TEST set, F1 :	0.704	0.000	0.233	0.313	
TEST set, AUC:	0.769	0.597	0.853	0.740	
TEST set, ACC:	0.556	0.734	0.822	0.704	
TEST set, SPE:	0.057	1.000	1.000	0.686	
[21-02-07 09:32:55-INFO] BEST_RECALL: 0.617, EPOCH:   9
[21-02-07 09:40:11-INFO] EPOCH: 12
[21-02-07 09:40:11-INFO] TRAIN_LOSS : 0.605, TIME: 435.9s
[21-02-07 09:40:47-INFO] VAL _RECALL: 0.806, TIME: 36.0s
[21-02-07 09:40:47-DEBUG] 
VAL  set, TITLE	CLS0	CLS1	CLS2	MEAN
VAL  set, REC:	0.698	0.773	0.946	0.806	
VAL  set, F1 :	0.822	0.663	0.841	0.775	
VAL  set, AUC:	0.980	0.839	0.975	0.931	
VAL  set, ACC:	0.850	0.773	0.923	0.849	
VAL  set, SPE:	1.000	0.773	0.917	0.897	
[21-02-07 09:41:23-INFO] TEST_RECALL: 0.577, TIME: 36.0s
[21-02-07 09:41:23-DEBUG] 
TEST set, TITLE	CLS0	CLS1	CLS2	MEAN
TEST set, REC:	0.474	0.652	0.604	0.577	
TEST set, F1 :	0.613	0.441	0.627	0.561	
TEST set, AUC:	0.832	0.659	0.893	0.795	
TEST set, ACC:	0.683	0.560	0.853	0.699	
TEST set, SPE:	0.918	0.526	0.917	0.787	
[21-02-07 09:41:25-INFO] BEST_RECALL: 0.617, EPOCH:   9
[21-02-07 09:48:40-INFO] EPOCH: 13
[21-02-07 09:48:40-INFO] TRAIN_LOSS : 0.522, TIME: 435.6s
[21-02-07 09:49:16-INFO] VAL _RECALL: 0.720, TIME: 36.0s
[21-02-07 09:49:16-DEBUG] 
VAL  set, TITLE	CLS0	CLS1	CLS2	MEAN
VAL  set, REC:	0.992	0.613	0.554	0.720	
VAL  set, F1 :	0.877	0.652	0.713	0.747	
VAL  set, AUC:	0.993	0.902	0.983	0.959	
VAL  set, ACC:	0.862	0.812	0.904	0.859	
VAL  set, SPE:	0.733	0.892	1.000	0.875	
[21-02-07 09:49:52-INFO] TEST_RECALL: 0.491, TIME: 36.0s
[21-02-07 09:49:53-DEBUG] 
TEST set, TITLE	CLS0	CLS1	CLS2	MEAN
TEST set, REC:	0.934	0.275	0.264	0.491	
TEST set, F1 :	0.762	0.339	0.400	0.500	
TEST set, AUC:	0.804	0.656	0.869	0.776	
TEST set, ACC:	0.691	0.714	0.838	0.748	
TEST set, SPE:	0.418	0.874	0.985	0.759	
[21-02-07 09:49:54-INFO] BEST_RECALL: 0.617, EPOCH:   9
[21-02-07 09:57:10-INFO] EPOCH: 14
[21-02-07 09:57:10-INFO] TRAIN_LOSS : 0.515, TIME: 435.6s
[21-02-07 09:57:46-INFO] VAL _RECALL: 0.687, TIME: 36.0s
[21-02-07 09:57:46-DEBUG] 
VAL  set, TITLE	CLS0	CLS1	CLS2	MEAN
VAL  set, REC:	0.403	0.693	0.964	0.687	
VAL  set, F1 :	0.575	0.528	0.761	0.621	
VAL  set, AUC:	0.985	0.731	0.966	0.894	
VAL  set, ACC:	0.704	0.642	0.869	0.738	
VAL  set, SPE:	1.000	0.622	0.843	0.822	
[21-02-07 09:58:22-INFO] TEST_RECALL: 0.588, TIME: 36.0s
[21-02-07 09:58:22-DEBUG] 
TEST set, TITLE	CLS0	CLS1	CLS2	MEAN
TEST set, REC:	0.307	0.609	0.849	0.588	
TEST set, F1 :	0.464	0.442	0.612	0.506	
TEST set, AUC:	0.838	0.650	0.875	0.788	
TEST set, ACC:	0.625	0.591	0.780	0.665	
TEST set, SPE:	0.984	0.584	0.762	0.777	
[21-02-07 09:58:24-INFO] BEST_RECALL: 0.617, EPOCH:   9
[21-02-07 10:05:40-INFO] EPOCH: 15
[21-02-07 10:05:40-INFO] TRAIN_LOSS : 0.500, TIME: 435.8s
[21-02-07 10:06:16-INFO] VAL _RECALL: 0.524, TIME: 35.9s
[21-02-07 10:06:16-DEBUG] 
VAL  set, TITLE	CLS0	CLS1	CLS2	MEAN
VAL  set, REC:	1.000	0.160	0.411	0.524	
VAL  set, F1 :	0.752	0.245	0.582	0.526	
VAL  set, AUC:	0.980	0.816	0.957	0.918	
VAL  set, ACC:	0.673	0.715	0.873	0.754	
VAL  set, SPE:	0.351	0.941	1.000	0.764	
[21-02-07 10:06:51-INFO] TEST_RECALL: 0.421, TIME: 35.9s
[21-02-07 10:06:51-DEBUG] 
TEST set, TITLE	CLS0	CLS1	CLS2	MEAN
TEST set, REC:	0.964	0.072	0.226	0.421	
TEST set, F1 :	0.729	0.115	0.348	0.397	
TEST set, AUC:	0.820	0.652	0.833	0.768	
TEST set, ACC:	0.622	0.703	0.826	0.717	
TEST set, SPE:	0.238	0.932	0.981	0.717	
[21-02-07 10:06:53-INFO] BEST_RECALL: 0.617, EPOCH:   9
[21-02-07 10:14:09-INFO] EPOCH: 16
[21-02-07 10:14:09-INFO] TRAIN_LOSS : 0.457, TIME: 435.3s
[21-02-07 10:14:45-INFO] VAL _RECALL: 0.838, TIME: 35.8s
[21-02-07 10:14:45-DEBUG] 
VAL  set, TITLE	CLS0	CLS1	CLS2	MEAN
VAL  set, REC:	1.000	0.533	0.982	0.838	
VAL  set, F1 :	0.921	0.690	0.887	0.833	
VAL  set, AUC:	0.998	0.982	0.997	0.992	
VAL  set, ACC:	0.915	0.862	0.946	0.908	
VAL  set, SPE:	0.832	0.995	0.936	0.921	
[21-02-07 10:15:20-INFO] TEST_RECALL: 0.587, TIME: 35.9s
[21-02-07 10:15:20-DEBUG] 
TEST set, TITLE	CLS0	CLS1	CLS2	MEAN
TEST set, REC:	0.847	0.217	0.698	0.587	
TEST set, F1 :	0.766	0.294	0.655	0.572	
TEST set, AUC:	0.836	0.712	0.872	0.806	
TEST set, ACC:	0.726	0.722	0.849	0.766	
TEST set, SPE:	0.590	0.905	0.888	0.795	
[21-02-07 10:15:22-INFO] BEST_RECALL: 0.617, EPOCH:   9
[21-02-07 10:22:38-INFO] EPOCH: 17
[21-02-07 10:22:38-INFO] TRAIN_LOSS : 0.423, TIME: 435.3s
[21-02-07 10:23:14-INFO] VAL _RECALL: 0.682, TIME: 35.9s
[21-02-07 10:23:14-DEBUG] 
VAL  set, TITLE	CLS0	CLS1	CLS2	MEAN
VAL  set, REC:	0.814	0.947	0.286	0.682	
VAL  set, F1 :	0.882	0.676	0.444	0.668	
VAL  set, AUC:	0.979	0.938	0.993	0.970	
VAL  set, ACC:	0.892	0.738	0.846	0.826	
VAL  set, SPE:	0.969	0.654	1.000	0.875	
[21-02-07 10:23:50-INFO] TEST_RECALL: 0.472, TIME: 36.0s
[21-02-07 10:23:50-DEBUG] 
TEST set, TITLE	CLS0	CLS1	CLS2	MEAN
TEST set, REC:	0.453	0.870	0.094	0.472	
TEST set, F1 :	0.577	0.492	0.169	0.413	
TEST set, AUC:	0.760	0.669	0.784	0.738	
TEST set, ACC:	0.649	0.521	0.811	0.660	
TEST set, SPE:	0.869	0.395	0.995	0.753	
[21-02-07 10:23:51-INFO] BEST_RECALL: 0.617, EPOCH:   9
[21-02-07 10:31:07-INFO] EPOCH: 18
[21-02-07 10:31:07-INFO] TRAIN_LOSS : 0.421, TIME: 435.4s
[21-02-07 10:31:43-INFO] VAL _RECALL: 0.944, TIME: 35.9s
[21-02-07 10:31:43-DEBUG] 
VAL  set, TITLE	CLS0	CLS1	CLS2	MEAN
VAL  set, REC:	0.938	0.947	0.946	0.944	
VAL  set, F1 :	0.960	0.922	0.930	0.937	
VAL  set, AUC:	0.991	0.987	0.993	0.990	
VAL  set, ACC:	0.962	0.954	0.969	0.962	
VAL  set, SPE:	0.985	0.957	0.975	0.972	
[21-02-07 10:32:19-INFO] TEST_RECALL: 0.579, TIME: 36.0s
[21-02-07 10:32:19-DEBUG] 
TEST set, TITLE	CLS0	CLS1	CLS2	MEAN
TEST set, REC:	0.672	0.406	0.660	0.579	
TEST set, F1 :	0.700	0.394	0.619	0.571	
TEST set, AUC:	0.806	0.691	0.876	0.791	
TEST set, ACC:	0.695	0.668	0.834	0.732	
TEST set, SPE:	0.721	0.763	0.879	0.788	
[21-02-07 10:32:21-INFO] BEST_RECALL: 0.617, EPOCH:   9
[21-02-07 10:39:36-INFO] EPOCH: 19
[21-02-07 10:39:36-INFO] TRAIN_LOSS : 0.374, TIME: 435.4s
[21-02-07 10:40:12-INFO] VAL _RECALL: 0.838, TIME: 35.8s
[21-02-07 10:40:12-DEBUG] 
VAL  set, TITLE	CLS0	CLS1	CLS2	MEAN
VAL  set, REC:	1.000	0.640	0.875	0.838	
VAL  set, F1 :	0.918	0.744	0.891	0.851	
VAL  set, AUC:	0.998	0.971	0.987	0.985	
VAL  set, ACC:	0.912	0.873	0.954	0.913	
VAL  set, SPE:	0.824	0.968	0.975	0.922	
[21-02-07 10:40:48-INFO] TEST_RECALL: 0.511, TIME: 35.9s
[21-02-07 10:40:48-DEBUG] 
TEST set, TITLE	CLS0	CLS1	CLS2	MEAN
TEST set, REC:	0.869	0.174	0.491	0.511	
TEST set, F1 :	0.744	0.245	0.520	0.503	
TEST set, AUC:	0.797	0.696	0.840	0.778	
TEST set, ACC:	0.683	0.714	0.815	0.737	
TEST set, SPE:	0.475	0.911	0.898	0.761	
[21-02-07 10:40:50-INFO] BEST_RECALL: 0.617, EPOCH:   9
[21-02-07 10:48:05-INFO] EPOCH: 20
[21-02-07 10:48:05-INFO] TRAIN_LOSS : 0.301, TIME: 435.2s
[21-02-07 10:48:41-INFO] VAL _RECALL: 0.887, TIME: 36.0s
[21-02-07 10:48:41-DEBUG] 
VAL  set, TITLE	CLS0	CLS1	CLS2	MEAN
VAL  set, REC:	0.822	0.840	1.000	0.887	
VAL  set, F1 :	0.902	0.818	0.855	0.858	
VAL  set, AUC:	0.998	0.955	0.996	0.983	
VAL  set, ACC:	0.912	0.892	0.927	0.910	
VAL  set, SPE:	1.000	0.914	0.907	0.940	
[21-02-07 10:49:17-INFO] TEST_RECALL: 0.593, TIME: 36.0s
[21-02-07 10:49:17-DEBUG] 
TEST set, TITLE	CLS0	CLS1	CLS2	MEAN
TEST set, REC:	0.431	0.536	0.811	0.593	
TEST set, F1 :	0.562	0.440	0.614	0.539	
TEST set, AUC:	0.717	0.663	0.857	0.746	
TEST set, ACC:	0.645	0.637	0.792	0.691	
TEST set, SPE:	0.885	0.674	0.786	0.782	
[21-02-07 10:49:19-INFO] BEST_RECALL: 0.617, EPOCH:   9
[21-02-07 10:56:34-INFO] EPOCH: 21
[21-02-07 10:56:34-INFO] TRAIN_LOSS : 0.219, TIME: 435.2s
[21-02-07 10:57:10-INFO] VAL _RECALL: 0.944, TIME: 35.8s
[21-02-07 10:57:10-DEBUG] 
VAL  set, TITLE	CLS0	CLS1	CLS2	MEAN
VAL  set, REC:	0.969	0.880	0.982	0.944	
VAL  set, F1 :	0.947	0.917	0.982	0.949	
VAL  set, AUC:	0.996	0.996	0.999	0.997	
VAL  set, ACC:	0.946	0.954	0.992	0.964	
VAL  set, SPE:	0.924	0.984	0.995	0.968	
[21-02-07 10:57:46-INFO] TEST_RECALL: 0.575, TIME: 35.9s
[21-02-07 10:57:46-DEBUG] 
TEST set, TITLE	CLS0	CLS1	CLS2	MEAN
TEST set, REC:	0.847	0.217	0.660	0.575	
TEST set, F1 :	0.753	0.283	0.673	0.570	
TEST set, AUC:	0.818	0.673	0.886	0.792	
TEST set, ACC:	0.707	0.707	0.869	0.761	
TEST set, SPE:	0.549	0.884	0.922	0.785	
[21-02-07 10:57:48-INFO] BEST_RECALL: 0.617, EPOCH:   9
[21-02-07 11:05:03-INFO] EPOCH: 22
[21-02-07 11:05:03-INFO] TRAIN_LOSS : 0.125, TIME: 435.3s
[21-02-07 11:05:39-INFO] VAL _RECALL: 0.991, TIME: 35.8s
[21-02-07 11:05:39-DEBUG] 
VAL  set, TITLE	CLS0	CLS1	CLS2	MEAN
VAL  set, REC:	0.992	1.000	0.982	0.991	
VAL  set, F1 :	0.996	0.987	0.991	0.991	
VAL  set, AUC:	1.000	1.000	1.000	1.000	
VAL  set, ACC:	0.996	0.992	0.996	0.995	
VAL  set, SPE:	1.000	0.989	1.000	0.996	
[21-02-07 11:06:15-INFO] TEST_RECALL: 0.546, TIME: 36.0s
[21-02-07 11:06:15-DEBUG] 
TEST set, TITLE	CLS0	CLS1	CLS2	MEAN
TEST set, REC:	0.672	0.420	0.547	0.546	
TEST set, F1 :	0.679	0.377	0.624	0.560	
TEST set, AUC:	0.754	0.619	0.865	0.746	
TEST set, ACC:	0.664	0.629	0.865	0.719	
TEST set, SPE:	0.656	0.705	0.947	0.769	
[21-02-07 11:06:17-INFO] BEST_RECALL: 0.617, EPOCH:   9
[21-02-07 11:13:32-INFO] EPOCH: 23
[21-02-07 11:13:32-INFO] TRAIN_LOSS : 0.076, TIME: 435.4s
[21-02-07 11:14:08-INFO] VAL _RECALL: 0.981, TIME: 35.9s
[21-02-07 11:14:08-DEBUG] 
VAL  set, TITLE	CLS0	CLS1	CLS2	MEAN
VAL  set, REC:	1.000	0.960	0.982	0.981	
VAL  set, F1 :	0.985	0.980	0.991	0.985	
VAL  set, AUC:	1.000	0.998	1.000	0.999	
VAL  set, ACC:	0.985	0.988	0.996	0.990	
VAL  set, SPE:	0.969	1.000	1.000	0.990	
[21-02-07 11:14:44-INFO] TEST_RECALL: 0.573, TIME: 35.9s
[21-02-07 11:14:44-DEBUG] 
TEST set, TITLE	CLS0	CLS1	CLS2	MEAN
TEST set, REC:	0.891	0.188	0.642	0.573	
TEST set, F1 :	0.767	0.263	0.673	0.568	
TEST set, AUC:	0.840	0.710	0.892	0.814	
TEST set, ACC:	0.714	0.718	0.873	0.768	
TEST set, SPE:	0.516	0.911	0.932	0.786	
[21-02-07 11:14:46-INFO] BEST_RECALL: 0.617, EPOCH:   9
[21-02-07 11:22:01-INFO] EPOCH: 24
[21-02-07 11:22:01-INFO] TRAIN_LOSS : 0.097, TIME: 435.1s
[21-02-07 11:22:37-INFO] VAL _RECALL: 0.986, TIME: 35.8s
[21-02-07 11:22:37-DEBUG] 
VAL  set, TITLE	CLS0	CLS1	CLS2	MEAN
VAL  set, REC:	0.984	0.973	1.000	0.986	
VAL  set, F1 :	0.992	0.973	0.982	0.983	
VAL  set, AUC:	1.000	0.999	1.000	1.000	
VAL  set, ACC:	0.992	0.985	0.992	0.990	
VAL  set, SPE:	1.000	0.989	0.990	0.993	
[21-02-07 11:23:13-INFO] TEST_RECALL: 0.584, TIME: 35.9s
[21-02-07 11:23:13-DEBUG] 
TEST set, TITLE	CLS0	CLS1	CLS2	MEAN
TEST set, REC:	0.803	0.232	0.717	0.584	
TEST set, F1 :	0.759	0.286	0.655	0.567	
TEST set, AUC:	0.835	0.696	0.897	0.809	
TEST set, ACC:	0.730	0.691	0.846	0.755	
TEST set, SPE:	0.648	0.858	0.879	0.795	
[21-02-07 11:23:14-INFO] BEST_RECALL: 0.617, EPOCH:   9
[21-02-07 11:30:29-INFO] EPOCH: 25
[21-02-07 11:30:29-INFO] TRAIN_LOSS : 0.066, TIME: 434.8s
[21-02-07 11:31:05-INFO] VAL _RECALL: 0.988, TIME: 35.8s
[21-02-07 11:31:05-DEBUG] 
VAL  set, TITLE	CLS0	CLS1	CLS2	MEAN
VAL  set, REC:	1.000	1.000	0.964	0.988	
VAL  set, F1 :	1.000	0.987	0.982	0.990	
VAL  set, AUC:	1.000	1.000	1.000	1.000	
VAL  set, ACC:	1.000	0.992	0.992	0.995	
VAL  set, SPE:	1.000	0.989	1.000	0.996	
[21-02-07 11:31:41-INFO] TEST_RECALL: 0.565, TIME: 35.9s
[21-02-07 11:31:41-DEBUG] 
TEST set, TITLE	CLS0	CLS1	CLS2	MEAN
TEST set, REC:	0.869	0.449	0.377	0.565	
TEST set, F1 :	0.778	0.470	0.500	0.582	
TEST set, AUC:	0.803	0.675	0.873	0.784	
TEST set, ACC:	0.737	0.730	0.846	0.771	
TEST set, SPE:	0.590	0.832	0.966	0.796	
[21-02-07 11:31:43-INFO] BEST_RECALL: 0.617, EPOCH:   9
[21-02-07 11:38:58-INFO] EPOCH: 26
[21-02-07 11:38:58-INFO] TRAIN_LOSS : 0.064, TIME: 434.9s
[21-02-07 11:39:34-INFO] VAL _RECALL: 0.997, TIME: 35.8s
[21-02-07 11:39:34-DEBUG] 
VAL  set, TITLE	CLS0	CLS1	CLS2	MEAN
VAL  set, REC:	0.992	1.000	1.000	0.997	
VAL  set, F1 :	0.996	0.993	1.000	0.996	
VAL  set, AUC:	1.000	1.000	1.000	1.000	
VAL  set, ACC:	0.996	0.996	1.000	0.997	
VAL  set, SPE:	1.000	0.995	1.000	0.998	
[21-02-07 11:40:10-INFO] TEST_RECALL: 0.583, TIME: 35.9s
[21-02-07 11:40:10-DEBUG] 
TEST set, TITLE	CLS0	CLS1	CLS2	MEAN
TEST set, REC:	0.730	0.565	0.453	0.583	
TEST set, F1 :	0.733	0.481	0.578	0.597	
TEST set, AUC:	0.811	0.710	0.870	0.797	
TEST set, ACC:	0.718	0.676	0.865	0.753	
TEST set, SPE:	0.705	0.716	0.971	0.797	
[21-02-07 11:40:11-INFO] BEST_RECALL: 0.617, EPOCH:   9
[21-02-07 11:47:26-INFO] EPOCH: 27
[21-02-07 11:47:26-INFO] TRAIN_LOSS : 0.101, TIME: 434.9s
[21-02-07 11:48:02-INFO] VAL _RECALL: 0.974, TIME: 35.9s
[21-02-07 11:48:02-DEBUG] 
VAL  set, TITLE	CLS0	CLS1	CLS2	MEAN
VAL  set, REC:	0.992	1.000	0.929	0.974	
VAL  set, F1 :	0.992	0.974	0.963	0.976	
VAL  set, AUC:	1.000	1.000	1.000	1.000	
VAL  set, ACC:	0.992	0.985	0.985	0.987	
VAL  set, SPE:	0.992	0.978	1.000	0.990	
[21-02-07 11:48:38-INFO] TEST_RECALL: 0.608, TIME: 35.9s
[21-02-07 11:48:38-DEBUG] 
TEST set, TITLE	CLS0	CLS1	CLS2	MEAN
TEST set, REC:	0.679	0.580	0.566	0.608	
TEST set, F1 :	0.727	0.476	0.638	0.614	
TEST set, AUC:	0.797	0.680	0.907	0.795	
TEST set, ACC:	0.730	0.660	0.869	0.753	
TEST set, SPE:	0.787	0.689	0.947	0.808	
[21-02-07 11:48:40-INFO] BEST_RECALL: 0.617, EPOCH:   9
[21-02-07 11:55:55-INFO] EPOCH: 28
[21-02-07 11:55:55-INFO] TRAIN_LOSS : 0.055, TIME: 435.0s
[21-02-07 11:56:31-INFO] VAL _RECALL: 1.000, TIME: 35.9s
[21-02-07 11:56:31-DEBUG] 
VAL  set, TITLE	CLS0	CLS1	CLS2	MEAN
VAL  set, REC:	1.000	1.000	1.000	1.000	
VAL  set, F1 :	1.000	1.000	1.000	1.000	
VAL  set, AUC:	1.000	1.000	1.000	1.000	
VAL  set, ACC:	1.000	1.000	1.000	1.000	
VAL  set, SPE:	1.000	1.000	1.000	1.000	
[21-02-07 11:57:07-INFO] TEST_RECALL: 0.562, TIME: 36.0s
[21-02-07 11:57:07-DEBUG] 
TEST set, TITLE	CLS0	CLS1	CLS2	MEAN
TEST set, REC:	0.745	0.319	0.623	0.562	
TEST set, F1 :	0.726	0.344	0.606	0.558	
TEST set, AUC:	0.779	0.659	0.886	0.774	
TEST set, ACC:	0.703	0.676	0.834	0.737	
TEST set, SPE:	0.656	0.805	0.888	0.783	
[21-02-07 11:57:09-INFO] BEST_RECALL: 0.617, EPOCH:   9
[21-02-07 12:04:24-INFO] EPOCH: 29
[21-02-07 12:04:24-INFO] TRAIN_LOSS : 0.056, TIME: 434.9s
[21-02-07 12:05:00-INFO] VAL _RECALL: 0.982, TIME: 35.9s
[21-02-07 12:05:00-DEBUG] 
VAL  set, TITLE	CLS0	CLS1	CLS2	MEAN
VAL  set, REC:	1.000	1.000	0.946	0.982	
VAL  set, F1 :	1.000	0.980	0.972	0.984	
VAL  set, AUC:	1.000	1.000	1.000	1.000	
VAL  set, ACC:	1.000	0.988	0.988	0.992	
VAL  set, SPE:	1.000	0.984	1.000	0.995	
[21-02-07 12:05:36-INFO] TEST_RECALL: 0.538, TIME: 35.9s
[21-02-07 12:05:36-DEBUG] 
TEST set, TITLE	CLS0	CLS1	CLS2	MEAN
TEST set, REC:	0.650	0.551	0.415	0.538	
TEST set, F1 :	0.664	0.447	0.550	0.554	
TEST set, AUC:	0.751	0.650	0.860	0.754	
TEST set, ACC:	0.653	0.637	0.861	0.717	
TEST set, SPE:	0.656	0.668	0.976	0.767	
[21-02-07 12:05:37-INFO] BEST_RECALL: 0.617, EPOCH:   9
[21-02-07 12:12:52-INFO] EPOCH: 30
[21-02-07 12:12:52-INFO] TRAIN_LOSS : 0.041, TIME: 434.9s
[21-02-07 12:13:28-INFO] VAL _RECALL: 0.978, TIME: 36.0s
[21-02-07 12:13:28-DEBUG] 
VAL  set, TITLE	CLS0	CLS1	CLS2	MEAN
VAL  set, REC:	0.969	1.000	0.964	0.978	
VAL  set, F1 :	0.984	0.962	0.982	0.976	
VAL  set, AUC:	1.000	1.000	1.000	1.000	
VAL  set, ACC:	0.985	0.977	0.992	0.985	
VAL  set, SPE:	1.000	0.968	1.000	0.989	
[21-02-07 12:14:04-INFO] TEST_RECALL: 0.566, TIME: 35.9s
[21-02-07 12:14:04-DEBUG] 
TEST set, TITLE	CLS0	CLS1	CLS2	MEAN
TEST set, REC:	0.591	0.522	0.585	0.566	
TEST set, F1 :	0.681	0.426	0.559	0.555	
TEST set, AUC:	0.800	0.646	0.826	0.757	
TEST set, ACC:	0.707	0.625	0.811	0.714	
TEST set, SPE:	0.836	0.663	0.869	0.789	
[21-02-07 12:14:06-INFO] BEST_RECALL: 0.617, EPOCH:   9
[21-02-07 12:21:21-INFO] EPOCH: 31
[21-02-07 12:21:21-INFO] TRAIN_LOSS : 0.045, TIME: 435.1s
[21-02-07 12:21:57-INFO] VAL _RECALL: 1.000, TIME: 35.8s
[21-02-07 12:21:57-DEBUG] 
VAL  set, TITLE	CLS0	CLS1	CLS2	MEAN
VAL  set, REC:	1.000	1.000	1.000	1.000	
VAL  set, F1 :	1.000	1.000	1.000	1.000	
VAL  set, AUC:	1.000	1.000	1.000	1.000	
VAL  set, ACC:	1.000	1.000	1.000	1.000	
VAL  set, SPE:	1.000	1.000	1.000	1.000	
[21-02-07 12:22:33-INFO] TEST_RECALL: 0.567, TIME: 36.0s
[21-02-07 12:22:33-DEBUG] 
TEST set, TITLE	CLS0	CLS1	CLS2	MEAN
TEST set, REC:	0.825	0.348	0.528	0.567	
TEST set, F1 :	0.753	0.372	0.629	0.585	
TEST set, AUC:	0.795	0.654	0.890	0.780	
TEST set, ACC:	0.714	0.687	0.873	0.758	
TEST set, SPE:	0.590	0.811	0.961	0.787	
[21-02-07 12:22:35-INFO] BEST_RECALL: 0.617, EPOCH:   9
[21-02-07 12:29:50-INFO] EPOCH: 32
[21-02-07 12:29:50-INFO] TRAIN_LOSS : 0.034, TIME: 434.6s
[21-02-07 12:30:25-INFO] VAL _RECALL: 0.991, TIME: 35.9s
[21-02-07 12:30:25-DEBUG] 
VAL  set, TITLE	CLS0	CLS1	CLS2	MEAN
VAL  set, REC:	0.992	1.000	0.982	0.991	
VAL  set, F1 :	0.996	0.987	0.991	0.991	
VAL  set, AUC:	1.000	1.000	1.000	1.000	
VAL  set, ACC:	0.996	0.992	0.996	0.995	
VAL  set, SPE:	1.000	0.989	1.000	0.996	
[21-02-07 12:31:02-INFO] TEST_RECALL: 0.621, TIME: 36.0s
[21-02-07 12:31:02-DEBUG] 
TEST set, TITLE	CLS0	CLS1	CLS2	MEAN
TEST set, REC:	0.723	0.348	0.792	0.621	
TEST set, F1 :	0.725	0.393	0.683	0.601	
TEST set, AUC:	0.782	0.685	0.887	0.785	
TEST set, ACC:	0.710	0.714	0.849	0.758	
TEST set, SPE:	0.697	0.847	0.864	0.803	
[21-02-07 12:31:05-INFO] BEST_RECALL: 0.621, EPOCH:  32
[21-02-07 12:38:21-INFO] EPOCH: 33
[21-02-07 12:38:21-INFO] TRAIN_LOSS : 0.071, TIME: 435.2s
[21-02-07 12:38:57-INFO] VAL _RECALL: 0.993, TIME: 35.9s
[21-02-07 12:38:57-DEBUG] 
VAL  set, TITLE	CLS0	CLS1	CLS2	MEAN
VAL  set, REC:	0.992	0.987	1.000	0.993	
VAL  set, F1 :	0.996	0.993	0.982	0.991	
VAL  set, AUC:	1.000	1.000	1.000	1.000	
VAL  set, ACC:	0.996	0.996	0.992	0.995	
VAL  set, SPE:	1.000	1.000	0.990	0.997	
[21-02-07 12:39:32-INFO] TEST_RECALL: 0.518, TIME: 35.9s
[21-02-07 12:39:32-DEBUG] 
TEST set, TITLE	CLS0	CLS1	CLS2	MEAN
TEST set, REC:	0.635	0.391	0.528	0.518	
TEST set, F1 :	0.672	0.351	0.533	0.519	
TEST set, AUC:	0.760	0.644	0.848	0.751	
TEST set, ACC:	0.672	0.614	0.811	0.699	
TEST set, SPE:	0.713	0.695	0.883	0.764	
[21-02-07 12:39:34-INFO] BEST_RECALL: 0.621, EPOCH:  32
[21-02-07 12:46:50-INFO] EPOCH: 34
[21-02-07 12:46:50-INFO] TRAIN_LOSS : 0.103, TIME: 435.2s
[21-02-07 12:47:25-INFO] VAL _RECALL: 0.930, TIME: 35.9s
[21-02-07 12:47:25-DEBUG] 
VAL  set, TITLE	CLS0	CLS1	CLS2	MEAN
VAL  set, REC:	1.000	0.827	0.964	0.930	
VAL  set, F1 :	0.952	0.899	0.973	0.941	
VAL  set, AUC:	0.998	0.991	0.997	0.995	
VAL  set, ACC:	0.950	0.946	0.988	0.962	
VAL  set, SPE:	0.901	0.995	0.995	0.963	
[21-02-07 12:48:01-INFO] TEST_RECALL: 0.544, TIME: 35.9s
[21-02-07 12:48:01-DEBUG] 
TEST set, TITLE	CLS0	CLS1	CLS2	MEAN
TEST set, REC:	0.912	0.174	0.547	0.544	
TEST set, F1 :	0.762	0.247	0.624	0.544	
TEST set, AUC:	0.787	0.630	0.888	0.768	
TEST set, ACC:	0.699	0.718	0.865	0.761	
TEST set, SPE:	0.459	0.916	0.947	0.774	
[21-02-07 12:48:03-INFO] BEST_RECALL: 0.621, EPOCH:  32
[21-02-07 12:55:19-INFO] EPOCH: 35
[21-02-07 12:55:19-INFO] TRAIN_LOSS : 0.084, TIME: 435.5s
[21-02-07 12:55:55-INFO] VAL _RECALL: 0.994, TIME: 35.9s
[21-02-07 12:55:55-DEBUG] 
VAL  set, TITLE	CLS0	CLS1	CLS2	MEAN
VAL  set, REC:	1.000	1.000	0.982	0.994	
VAL  set, F1 :	1.000	0.993	0.991	0.995	
VAL  set, AUC:	1.000	1.000	1.000	1.000	
VAL  set, ACC:	1.000	0.996	0.996	0.997	
VAL  set, SPE:	1.000	0.995	1.000	0.998	
[21-02-07 12:56:31-INFO] TEST_RECALL: 0.569, TIME: 36.0s
[21-02-07 12:56:31-DEBUG] 
TEST set, TITLE	CLS0	CLS1	CLS2	MEAN
TEST set, REC:	0.810	0.275	0.623	0.569	
TEST set, F1 :	0.766	0.304	0.641	0.570	
TEST set, AUC:	0.783	0.631	0.893	0.769	
TEST set, ACC:	0.737	0.664	0.857	0.753	
TEST set, SPE:	0.656	0.805	0.917	0.793	
[21-02-07 12:56:33-INFO] BEST_RECALL: 0.621, EPOCH:  32
[21-02-07 13:03:47-INFO] EPOCH: 36
[21-02-07 13:03:47-INFO] TRAIN_LOSS : 0.019, TIME: 435.0s
[21-02-07 13:04:23-INFO] VAL _RECALL: 1.000, TIME: 36.0s
[21-02-07 13:04:23-DEBUG] 
VAL  set, TITLE	CLS0	CLS1	CLS2	MEAN
VAL  set, REC:	1.000	1.000	1.000	1.000	
VAL  set, F1 :	1.000	1.000	1.000	1.000	
VAL  set, AUC:	1.000	1.000	1.000	1.000	
VAL  set, ACC:	1.000	1.000	1.000	1.000	
VAL  set, SPE:	1.000	1.000	1.000	1.000	
[21-02-07 13:05:00-INFO] TEST_RECALL: 0.550, TIME: 36.0s
[21-02-07 13:05:00-DEBUG] 
TEST set, TITLE	CLS0	CLS1	CLS2	MEAN
TEST set, REC:	0.781	0.304	0.566	0.550	
TEST set, F1 :	0.735	0.341	0.577	0.551	
TEST set, AUC:	0.771	0.646	0.869	0.762	
TEST set, ACC:	0.703	0.687	0.830	0.740	
TEST set, SPE:	0.615	0.826	0.898	0.780	
[21-02-07 13:05:01-INFO] BEST_RECALL: 0.621, EPOCH:  32
[21-02-07 13:12:16-INFO] EPOCH: 37
[21-02-07 13:12:16-INFO] TRAIN_LOSS : 0.016, TIME: 434.9s
[21-02-07 13:12:52-INFO] VAL _RECALL: 1.000, TIME: 36.0s
[21-02-07 13:12:52-DEBUG] 
VAL  set, TITLE	CLS0	CLS1	CLS2	MEAN
VAL  set, REC:	1.000	1.000	1.000	1.000	
VAL  set, F1 :	1.000	1.000	1.000	1.000	
VAL  set, AUC:	1.000	1.000	1.000	1.000	
VAL  set, ACC:	1.000	1.000	1.000	1.000	
VAL  set, SPE:	1.000	1.000	1.000	1.000	
[21-02-07 13:13:28-INFO] TEST_RECALL: 0.584, TIME: 35.9s
[21-02-07 13:13:28-DEBUG] 
TEST set, TITLE	CLS0	CLS1	CLS2	MEAN
TEST set, REC:	0.796	0.333	0.623	0.584	
TEST set, F1 :	0.757	0.377	0.611	0.582	
TEST set, AUC:	0.799	0.677	0.867	0.781	
TEST set, ACC:	0.730	0.707	0.838	0.758	
TEST set, SPE:	0.656	0.842	0.893	0.797	
[21-02-07 13:13:30-INFO] BEST_RECALL: 0.621, EPOCH:  32
[21-02-07 13:20:45-INFO] EPOCH: 38
[21-02-07 13:20:45-INFO] TRAIN_LOSS : 0.003, TIME: 434.6s
[21-02-07 13:21:21-INFO] VAL _RECALL: 1.000, TIME: 35.8s
[21-02-07 13:21:21-DEBUG] 
VAL  set, TITLE	CLS0	CLS1	CLS2	MEAN
VAL  set, REC:	1.000	1.000	1.000	1.000	
VAL  set, F1 :	1.000	1.000	1.000	1.000	
VAL  set, AUC:	1.000	1.000	1.000	1.000	
VAL  set, ACC:	1.000	1.000	1.000	1.000	
VAL  set, SPE:	1.000	1.000	1.000	1.000	
[21-02-07 13:21:57-INFO] TEST_RECALL: 0.552, TIME: 35.9s
[21-02-07 13:21:57-DEBUG] 
TEST set, TITLE	CLS0	CLS1	CLS2	MEAN
TEST set, REC:	0.774	0.391	0.491	0.552	
TEST set, F1 :	0.741	0.386	0.565	0.564	
TEST set, AUC:	0.782	0.662	0.863	0.769	
TEST set, ACC:	0.714	0.668	0.846	0.743	
TEST set, SPE:	0.648	0.768	0.937	0.784	
[21-02-07 13:21:58-INFO] BEST_RECALL: 0.621, EPOCH:  32
[21-02-07 13:29:13-INFO] EPOCH: 39
[21-02-07 13:29:13-INFO] TRAIN_LOSS : 0.023, TIME: 434.6s
[21-02-07 13:29:49-INFO] VAL _RECALL: 0.931, TIME: 35.8s
[21-02-07 13:29:49-DEBUG] 
VAL  set, TITLE	CLS0	CLS1	CLS2	MEAN
VAL  set, REC:	0.953	1.000	0.839	0.931	
VAL  set, F1 :	0.976	0.909	0.913	0.933	
VAL  set, AUC:	1.000	1.000	1.000	1.000	
VAL  set, ACC:	0.977	0.942	0.965	0.962	
VAL  set, SPE:	1.000	0.919	1.000	0.973	
[21-02-07 13:30:25-INFO] TEST_RECALL: 0.424, TIME: 35.9s
[21-02-07 13:30:25-DEBUG] 
TEST set, TITLE	CLS0	CLS1	CLS2	MEAN
TEST set, REC:	0.504	0.638	0.132	0.424	
TEST set, F1 :	0.587	0.398	0.226	0.404	
TEST set, AUC:	0.725	0.581	0.841	0.715	
TEST set, ACC:	0.625	0.486	0.815	0.642	
TEST set, SPE:	0.762	0.432	0.990	0.728	
[21-02-07 13:30:27-INFO] BEST_RECALL: 0.621, EPOCH:  32
[21-02-07 13:37:42-INFO] EPOCH: 40
[21-02-07 13:37:42-INFO] TRAIN_LOSS : 0.065, TIME: 434.9s
[21-02-07 13:38:18-INFO] VAL _RECALL: 0.990, TIME: 36.0s
[21-02-07 13:38:18-DEBUG] 
VAL  set, TITLE	CLS0	CLS1	CLS2	MEAN
VAL  set, REC:	1.000	0.987	0.982	0.990	
VAL  set, F1 :	0.992	0.993	0.991	0.992	
VAL  set, AUC:	1.000	1.000	1.000	1.000	
VAL  set, ACC:	0.992	0.996	0.996	0.995	
VAL  set, SPE:	0.985	1.000	1.000	0.995	
[21-02-07 13:38:53-INFO] TEST_RECALL: 0.536, TIME: 35.8s
[21-02-07 13:38:54-DEBUG] 
TEST set, TITLE	CLS0	CLS1	CLS2	MEAN
TEST set, REC:	0.781	0.319	0.509	0.536	
TEST set, F1 :	0.723	0.341	0.581	0.548	
TEST set, AUC:	0.759	0.642	0.852	0.751	
TEST set, ACC:	0.683	0.672	0.849	0.735	
TEST set, SPE:	0.574	0.800	0.937	0.770	
[21-02-07 13:38:55-INFO] BEST_RECALL: 0.621, EPOCH:  32
[21-02-07 13:46:10-INFO] EPOCH: 41
[21-02-07 13:46:10-INFO] TRAIN_LOSS : 0.037, TIME: 434.9s
[21-02-07 13:46:46-INFO] VAL _RECALL: 0.997, TIME: 35.8s
[21-02-07 13:46:46-DEBUG] 
VAL  set, TITLE	CLS0	CLS1	CLS2	MEAN
VAL  set, REC:	0.992	1.000	1.000	0.997	
VAL  set, F1 :	0.996	0.993	1.000	0.996	
VAL  set, AUC:	1.000	1.000	1.000	1.000	
VAL  set, ACC:	0.996	0.996	1.000	0.997	
VAL  set, SPE:	1.000	0.995	1.000	0.998	
[21-02-07 13:47:22-INFO] TEST_RECALL: 0.555, TIME: 35.9s
[21-02-07 13:47:22-DEBUG] 
TEST set, TITLE	CLS0	CLS1	CLS2	MEAN
TEST set, REC:	0.781	0.319	0.566	0.555	
TEST set, F1 :	0.735	0.358	0.577	0.557	
TEST set, AUC:	0.793	0.674	0.872	0.780	
TEST set, ACC:	0.703	0.695	0.830	0.743	
TEST set, SPE:	0.615	0.832	0.898	0.781	
[21-02-07 13:47:24-INFO] BEST_RECALL: 0.621, EPOCH:  32
[21-02-07 13:54:39-INFO] EPOCH: 42
[21-02-07 13:54:39-INFO] TRAIN_LOSS : 0.014, TIME: 434.7s
[21-02-07 13:55:15-INFO] VAL _RECALL: 1.000, TIME: 35.9s
[21-02-07 13:55:15-DEBUG] 
VAL  set, TITLE	CLS0	CLS1	CLS2	MEAN
VAL  set, REC:	1.000	1.000	1.000	1.000	
VAL  set, F1 :	1.000	1.000	1.000	1.000	
VAL  set, AUC:	1.000	1.000	1.000	1.000	
VAL  set, ACC:	1.000	1.000	1.000	1.000	
VAL  set, SPE:	1.000	1.000	1.000	1.000	
[21-02-07 13:55:51-INFO] TEST_RECALL: 0.561, TIME: 36.0s
[21-02-07 13:55:51-DEBUG] 
TEST set, TITLE	CLS0	CLS1	CLS2	MEAN
TEST set, REC:	0.803	0.275	0.604	0.561	
TEST set, F1 :	0.761	0.311	0.598	0.557	
TEST set, AUC:	0.821	0.681	0.871	0.791	
TEST set, ACC:	0.734	0.676	0.834	0.748	
TEST set, SPE:	0.656	0.821	0.893	0.790	
[21-02-07 13:55:53-INFO] BEST_RECALL: 0.621, EPOCH:  32
[21-02-07 14:03:08-INFO] EPOCH: 43
[21-02-07 14:03:08-INFO] TRAIN_LOSS : 0.008, TIME: 435.0s
[21-02-07 14:03:44-INFO] VAL _RECALL: 1.000, TIME: 35.9s
[21-02-07 14:03:44-DEBUG] 
VAL  set, TITLE	CLS0	CLS1	CLS2	MEAN
VAL  set, REC:	1.000	1.000	1.000	1.000	
VAL  set, F1 :	1.000	1.000	1.000	1.000	
VAL  set, AUC:	1.000	1.000	1.000	1.000	
VAL  set, ACC:	1.000	1.000	1.000	1.000	
VAL  set, SPE:	1.000	1.000	1.000	1.000	
[21-02-07 14:04:20-INFO] TEST_RECALL: 0.530, TIME: 36.0s
[21-02-07 14:04:20-DEBUG] 
TEST set, TITLE	CLS0	CLS1	CLS2	MEAN
TEST set, REC:	0.854	0.246	0.491	0.530	
TEST set, F1 :	0.750	0.298	0.565	0.538	
TEST set, AUC:	0.798	0.661	0.874	0.778	
TEST set, ACC:	0.699	0.691	0.846	0.745	
TEST set, SPE:	0.525	0.853	0.937	0.771	
[21-02-07 14:04:21-INFO] BEST_RECALL: 0.621, EPOCH:  32
[21-02-07 14:11:36-INFO] EPOCH: 44
[21-02-07 14:11:36-INFO] TRAIN_LOSS : 0.002, TIME: 435.0s
[21-02-07 14:12:12-INFO] VAL _RECALL: 1.000, TIME: 35.8s
[21-02-07 14:12:12-DEBUG] 
VAL  set, TITLE	CLS0	CLS1	CLS2	MEAN
VAL  set, REC:	1.000	1.000	1.000	1.000	
VAL  set, F1 :	1.000	1.000	1.000	1.000	
VAL  set, AUC:	1.000	1.000	1.000	1.000	
VAL  set, ACC:	1.000	1.000	1.000	1.000	
VAL  set, SPE:	1.000	1.000	1.000	1.000	
[21-02-07 14:12:48-INFO] TEST_RECALL: 0.545, TIME: 36.0s
[21-02-07 14:12:48-DEBUG] 
TEST set, TITLE	CLS0	CLS1	CLS2	MEAN
TEST set, REC:	0.818	0.232	0.585	0.545	
TEST set, F1 :	0.744	0.288	0.585	0.539	
TEST set, AUC:	0.802	0.670	0.877	0.783	
TEST set, ACC:	0.703	0.695	0.830	0.743	
TEST set, SPE:	0.574	0.863	0.893	0.777	
[21-02-07 14:12:50-INFO] BEST_RECALL: 0.621, EPOCH:  32
[21-02-07 14:20:05-INFO] EPOCH: 45
[21-02-07 14:20:05-INFO] TRAIN_LOSS : 0.002, TIME: 435.0s
[21-02-07 14:20:41-INFO] VAL _RECALL: 1.000, TIME: 36.0s
[21-02-07 14:20:41-DEBUG] 
VAL  set, TITLE	CLS0	CLS1	CLS2	MEAN
VAL  set, REC:	1.000	1.000	1.000	1.000	
VAL  set, F1 :	1.000	1.000	1.000	1.000	
VAL  set, AUC:	1.000	1.000	1.000	1.000	
VAL  set, ACC:	1.000	1.000	1.000	1.000	
VAL  set, SPE:	1.000	1.000	1.000	1.000	
[21-02-07 14:21:17-INFO] TEST_RECALL: 0.557, TIME: 35.9s
[21-02-07 14:21:17-DEBUG] 
TEST set, TITLE	CLS0	CLS1	CLS2	MEAN
TEST set, REC:	0.788	0.391	0.491	0.557	
TEST set, F1 :	0.750	0.388	0.571	0.570	
TEST set, AUC:	0.802	0.672	0.874	0.783	
TEST set, ACC:	0.722	0.672	0.849	0.748	
TEST set, SPE:	0.648	0.774	0.942	0.788	
[21-02-07 14:21:19-INFO] BEST_RECALL: 0.621, EPOCH:  32
[21-02-07 14:28:34-INFO] EPOCH: 46
[21-02-07 14:28:34-INFO] TRAIN_LOSS : 0.002, TIME: 435.0s
[21-02-07 14:29:10-INFO] VAL _RECALL: 1.000, TIME: 36.0s
[21-02-07 14:29:10-DEBUG] 
VAL  set, TITLE	CLS0	CLS1	CLS2	MEAN
VAL  set, REC:	1.000	1.000	1.000	1.000	
VAL  set, F1 :	1.000	1.000	1.000	1.000	
VAL  set, AUC:	1.000	1.000	1.000	1.000	
VAL  set, ACC:	1.000	1.000	1.000	1.000	
VAL  set, SPE:	1.000	1.000	1.000	1.000	
[21-02-07 14:29:46-INFO] TEST_RECALL: 0.554, TIME: 36.0s
[21-02-07 14:29:46-DEBUG] 
TEST set, TITLE	CLS0	CLS1	CLS2	MEAN
TEST set, REC:	0.832	0.377	0.453	0.554	
TEST set, F1 :	0.760	0.397	0.552	0.570	
TEST set, AUC:	0.794	0.668	0.877	0.780	
TEST set, ACC:	0.722	0.695	0.849	0.755	
TEST set, SPE:	0.598	0.811	0.951	0.787	
[21-02-07 14:29:48-INFO] BEST_RECALL: 0.621, EPOCH:  32
[21-02-07 14:37:03-INFO] EPOCH: 47
[21-02-07 14:37:03-INFO] TRAIN_LOSS : 0.001, TIME: 434.7s
[21-02-07 14:37:39-INFO] VAL _RECALL: 1.000, TIME: 36.0s
[21-02-07 14:37:39-DEBUG] 
VAL  set, TITLE	CLS0	CLS1	CLS2	MEAN
VAL  set, REC:	1.000	1.000	1.000	1.000	
VAL  set, F1 :	1.000	1.000	1.000	1.000	
VAL  set, AUC:	1.000	1.000	1.000	1.000	
VAL  set, ACC:	1.000	1.000	1.000	1.000	
VAL  set, SPE:	1.000	1.000	1.000	1.000	
[21-02-07 14:38:15-INFO] TEST_RECALL: 0.540, TIME: 35.9s
[21-02-07 14:38:15-DEBUG] 
TEST set, TITLE	CLS0	CLS1	CLS2	MEAN
TEST set, REC:	0.774	0.319	0.528	0.540	
TEST set, F1 :	0.724	0.346	0.571	0.547	
TEST set, AUC:	0.782	0.662	0.868	0.771	
TEST set, ACC:	0.687	0.680	0.838	0.735	
TEST set, SPE:	0.590	0.811	0.917	0.773	
[21-02-07 14:38:16-INFO] BEST_RECALL: 0.621, EPOCH:  32
[21-02-07 14:45:31-INFO] EPOCH: 48
[21-02-07 14:45:31-INFO] TRAIN_LOSS : 0.001, TIME: 434.5s
[21-02-07 14:46:07-INFO] VAL _RECALL: 1.000, TIME: 36.0s
[21-02-07 14:46:07-DEBUG] 
VAL  set, TITLE	CLS0	CLS1	CLS2	MEAN
VAL  set, REC:	1.000	1.000	1.000	1.000	
VAL  set, F1 :	1.000	1.000	1.000	1.000	
VAL  set, AUC:	1.000	1.000	1.000	1.000	
VAL  set, ACC:	1.000	1.000	1.000	1.000	
VAL  set, SPE:	1.000	1.000	1.000	1.000	
[21-02-07 14:46:43-INFO] TEST_RECALL: 0.526, TIME: 36.0s
[21-02-07 14:46:43-DEBUG] 
TEST set, TITLE	CLS0	CLS1	CLS2	MEAN
TEST set, REC:	0.810	0.333	0.434	0.526	
TEST set, F1 :	0.735	0.354	0.535	0.541	
TEST set, AUC:	0.783	0.660	0.867	0.770	
TEST set, ACC:	0.691	0.676	0.846	0.737	
TEST set, SPE:	0.557	0.800	0.951	0.770	
[21-02-07 14:46:45-INFO] BEST_RECALL: 0.621, EPOCH:  32
[21-02-07 14:53:59-INFO] EPOCH: 49
[21-02-07 14:53:59-INFO] TRAIN_LOSS : 0.001, TIME: 434.5s
[21-02-07 14:54:35-INFO] VAL _RECALL: 1.000, TIME: 35.9s
[21-02-07 14:54:35-DEBUG] 
VAL  set, TITLE	CLS0	CLS1	CLS2	MEAN
VAL  set, REC:	1.000	1.000	1.000	1.000	
VAL  set, F1 :	1.000	1.000	1.000	1.000	
VAL  set, AUC:	1.000	1.000	1.000	1.000	
VAL  set, ACC:	1.000	1.000	1.000	1.000	
VAL  set, SPE:	1.000	1.000	1.000	1.000	
[21-02-07 14:55:11-INFO] TEST_RECALL: 0.530, TIME: 35.9s
[21-02-07 14:55:11-DEBUG] 
TEST set, TITLE	CLS0	CLS1	CLS2	MEAN
TEST set, REC:	0.810	0.290	0.491	0.530	
TEST set, F1 :	0.733	0.331	0.553	0.539	
TEST set, AUC:	0.792	0.658	0.865	0.772	
TEST set, ACC:	0.687	0.687	0.838	0.737	
TEST set, SPE:	0.549	0.832	0.927	0.769	
[21-02-07 14:55:13-INFO] BEST_RECALL: 0.621, EPOCH:  32
[21-02-07 15:02:27-INFO] EPOCH: 50
[21-02-07 15:02:27-INFO] TRAIN_LOSS : 0.001, TIME: 434.3s
[21-02-07 15:03:03-INFO] VAL _RECALL: 1.000, TIME: 35.8s
[21-02-07 15:03:03-DEBUG] 
VAL  set, TITLE	CLS0	CLS1	CLS2	MEAN
VAL  set, REC:	1.000	1.000	1.000	1.000	
VAL  set, F1 :	1.000	1.000	1.000	1.000	
VAL  set, AUC:	1.000	1.000	1.000	1.000	
VAL  set, ACC:	1.000	1.000	1.000	1.000	
VAL  set, SPE:	1.000	1.000	1.000	1.000	
[21-02-07 15:03:39-INFO] TEST_RECALL: 0.555, TIME: 35.9s
[21-02-07 15:03:39-DEBUG] 
TEST set, TITLE	CLS0	CLS1	CLS2	MEAN
TEST set, REC:	0.861	0.275	0.528	0.555	
TEST set, F1 :	0.759	0.342	0.583	0.562	
TEST set, AUC:	0.798	0.663	0.874	0.778	
TEST set, ACC:	0.710	0.718	0.846	0.758	
TEST set, SPE:	0.541	0.879	0.927	0.782	
[21-02-07 15:03:41-INFO] BEST_RECALL: 0.621, EPOCH:  32
[21-02-07 15:10:56-INFO] EPOCH: 51
[21-02-07 15:10:56-INFO] TRAIN_LOSS : 0.005, TIME: 434.7s
[21-02-07 15:11:32-INFO] VAL _RECALL: 0.980, TIME: 35.8s
[21-02-07 15:11:32-DEBUG] 
VAL  set, TITLE	CLS0	CLS1	CLS2	MEAN
VAL  set, REC:	0.953	0.987	1.000	0.980	
VAL  set, F1 :	0.976	0.967	0.974	0.972	
VAL  set, AUC:	0.999	0.997	0.998	0.998	
VAL  set, ACC:	0.977	0.981	0.988	0.982	
VAL  set, SPE:	1.000	0.978	0.985	0.988	
[21-02-07 15:12:08-INFO] TEST_RECALL: 0.644, TIME: 36.0s
[21-02-07 15:12:08-DEBUG] 
TEST set, TITLE	CLS0	CLS1	CLS2	MEAN
TEST set, REC:	0.606	0.609	0.717	0.644	
TEST set, F1 :	0.703	0.512	0.644	0.620	
TEST set, AUC:	0.810	0.719	0.878	0.802	
TEST set, ACC:	0.730	0.691	0.838	0.753	
TEST set, SPE:	0.869	0.721	0.869	0.820	
[21-02-07 15:12:11-INFO] BEST_RECALL: 0.644, EPOCH:  51
[21-02-07 15:19:27-INFO] EPOCH: 52
[21-02-07 15:19:27-INFO] TRAIN_LOSS : 0.187, TIME: 435.6s
[21-02-07 15:20:03-INFO] VAL _RECALL: 0.983, TIME: 35.8s
[21-02-07 15:20:03-DEBUG] 
VAL  set, TITLE	CLS0	CLS1	CLS2	MEAN
VAL  set, REC:	0.977	0.973	1.000	0.983	
VAL  set, F1 :	0.988	0.986	0.957	0.977	
VAL  set, AUC:	1.000	0.997	0.999	0.998	
VAL  set, ACC:	0.988	0.992	0.981	0.987	
VAL  set, SPE:	1.000	1.000	0.975	0.992	
[21-02-07 15:20:39-INFO] TEST_RECALL: 0.593, TIME: 36.0s
[21-02-07 15:20:39-DEBUG] 
TEST set, TITLE	CLS0	CLS1	CLS2	MEAN
TEST set, REC:	0.723	0.246	0.811	0.593	
TEST set, F1 :	0.728	0.312	0.628	0.556	
TEST set, AUC:	0.789	0.635	0.891	0.772	
TEST set, ACC:	0.714	0.710	0.803	0.743	
TEST set, SPE:	0.705	0.879	0.801	0.795	
[21-02-07 15:20:41-INFO] BEST_RECALL: 0.644, EPOCH:  51
[21-02-07 15:27:56-INFO] EPOCH: 53
[21-02-07 15:27:56-INFO] TRAIN_LOSS : 0.077, TIME: 434.9s
[21-02-07 15:28:32-INFO] VAL _RECALL: 0.996, TIME: 35.9s
[21-02-07 15:28:32-DEBUG] 
VAL  set, TITLE	CLS0	CLS1	CLS2	MEAN
VAL  set, REC:	1.000	0.987	1.000	0.996	
VAL  set, F1 :	1.000	0.993	0.991	0.995	
VAL  set, AUC:	1.000	1.000	1.000	1.000	
VAL  set, ACC:	1.000	0.996	0.996	0.997	
VAL  set, SPE:	1.000	1.000	0.995	0.998	
[21-02-07 15:29:08-INFO] TEST_RECALL: 0.574, TIME: 35.9s
[21-02-07 15:29:08-DEBUG] 
TEST set, TITLE	CLS0	CLS1	CLS2	MEAN
TEST set, REC:	0.759	0.246	0.717	0.574	
TEST set, F1 :	0.730	0.312	0.613	0.552	
TEST set, AUC:	0.779	0.641	0.860	0.760	
TEST set, ACC:	0.703	0.710	0.815	0.743	
TEST set, SPE:	0.639	0.879	0.840	0.786	
[21-02-07 15:29:09-INFO] BEST_RECALL: 0.644, EPOCH:  51
[21-02-07 15:36:24-INFO] EPOCH: 54
[21-02-07 15:36:24-INFO] TRAIN_LOSS : 0.012, TIME: 435.1s
[21-02-07 15:37:00-INFO] VAL _RECALL: 1.000, TIME: 36.0s
[21-02-07 15:37:00-DEBUG] 
VAL  set, TITLE	CLS0	CLS1	CLS2	MEAN
VAL  set, REC:	1.000	1.000	1.000	1.000	
VAL  set, F1 :	1.000	1.000	1.000	1.000	
VAL  set, AUC:	1.000	1.000	1.000	1.000	
VAL  set, ACC:	1.000	1.000	1.000	1.000	
VAL  set, SPE:	1.000	1.000	1.000	1.000	
[21-02-07 15:37:36-INFO] TEST_RECALL: 0.584, TIME: 36.0s
[21-02-07 15:37:36-DEBUG] 
TEST set, TITLE	CLS0	CLS1	CLS2	MEAN
TEST set, REC:	0.730	0.362	0.660	0.584	
TEST set, F1 :	0.730	0.373	0.636	0.580	
TEST set, AUC:	0.798	0.670	0.880	0.783	
TEST set, ACC:	0.714	0.676	0.846	0.745	
TEST set, SPE:	0.697	0.789	0.893	0.793	
[21-02-07 15:37:38-INFO] BEST_RECALL: 0.644, EPOCH:  51
[21-02-07 15:44:53-INFO] EPOCH: 55
[21-02-07 15:44:53-INFO] TRAIN_LOSS : 0.005, TIME: 435.1s
[21-02-07 15:45:29-INFO] VAL _RECALL: 1.000, TIME: 36.0s
[21-02-07 15:45:29-DEBUG] 
VAL  set, TITLE	CLS0	CLS1	CLS2	MEAN
VAL  set, REC:	1.000	1.000	1.000	1.000	
VAL  set, F1 :	1.000	1.000	1.000	1.000	
VAL  set, AUC:	1.000	1.000	1.000	1.000	
VAL  set, ACC:	1.000	1.000	1.000	1.000	
VAL  set, SPE:	1.000	1.000	1.000	1.000	
[21-02-07 15:46:05-INFO] TEST_RECALL: 0.596, TIME: 36.0s
[21-02-07 15:46:05-DEBUG] 
TEST set, TITLE	CLS0	CLS1	CLS2	MEAN
TEST set, REC:	0.766	0.362	0.660	0.596	
TEST set, F1 :	0.750	0.391	0.636	0.592	
TEST set, AUC:	0.801	0.674	0.883	0.786	
TEST set, ACC:	0.730	0.699	0.846	0.758	
TEST set, SPE:	0.689	0.821	0.893	0.801	
[21-02-07 15:46:07-INFO] BEST_RECALL: 0.644, EPOCH:  51
[21-02-07 15:53:22-INFO] EPOCH: 56
[21-02-07 15:53:22-INFO] TRAIN_LOSS : 0.003, TIME: 434.4s
[21-02-07 15:53:58-INFO] VAL _RECALL: 1.000, TIME: 35.8s
[21-02-07 15:53:58-DEBUG] 
VAL  set, TITLE	CLS0	CLS1	CLS2	MEAN
VAL  set, REC:	1.000	1.000	1.000	1.000	
VAL  set, F1 :	1.000	1.000	1.000	1.000	
VAL  set, AUC:	1.000	1.000	1.000	1.000	
VAL  set, ACC:	1.000	1.000	1.000	1.000	
VAL  set, SPE:	1.000	1.000	1.000	1.000	
[21-02-07 15:54:34-INFO] TEST_RECALL: 0.605, TIME: 35.9s
[21-02-07 15:54:34-DEBUG] 
TEST set, TITLE	CLS0	CLS1	CLS2	MEAN
TEST set, REC:	0.796	0.377	0.642	0.605	
TEST set, F1 :	0.757	0.406	0.667	0.610	
TEST set, AUC:	0.802	0.672	0.885	0.786	
TEST set, ACC:	0.730	0.707	0.869	0.768	
TEST set, SPE:	0.656	0.826	0.927	0.803	
[21-02-07 15:54:35-INFO] BEST_RECALL: 0.644, EPOCH:  51
[21-02-07 16:01:50-INFO] EPOCH: 57
[21-02-07 16:01:50-INFO] TRAIN_LOSS : 0.002, TIME: 434.5s
[21-02-07 16:02:26-INFO] VAL _RECALL: 1.000, TIME: 36.0s
[21-02-07 16:02:26-DEBUG] 
VAL  set, TITLE	CLS0	CLS1	CLS2	MEAN
VAL  set, REC:	1.000	1.000	1.000	1.000	
VAL  set, F1 :	1.000	1.000	1.000	1.000	
VAL  set, AUC:	1.000	1.000	1.000	1.000	
VAL  set, ACC:	1.000	1.000	1.000	1.000	
VAL  set, SPE:	1.000	1.000	1.000	1.000	
[21-02-07 16:03:02-INFO] TEST_RECALL: 0.585, TIME: 36.0s
[21-02-07 16:03:02-DEBUG] 
TEST set, TITLE	CLS0	CLS1	CLS2	MEAN
TEST set, REC:	0.759	0.391	0.604	0.585	
TEST set, F1 :	0.740	0.397	0.634	0.590	
TEST set, AUC:	0.798	0.673	0.883	0.785	
TEST set, ACC:	0.718	0.683	0.857	0.753	
TEST set, SPE:	0.672	0.789	0.922	0.795	
[21-02-07 16:03:04-INFO] BEST_RECALL: 0.644, EPOCH:  51
[21-02-07 16:10:18-INFO] EPOCH: 58
[21-02-07 16:10:18-INFO] TRAIN_LOSS : 0.003, TIME: 434.6s
[21-02-07 16:10:54-INFO] VAL _RECALL: 1.000, TIME: 35.9s
[21-02-07 16:10:54-DEBUG] 
VAL  set, TITLE	CLS0	CLS1	CLS2	MEAN
VAL  set, REC:	1.000	1.000	1.000	1.000	
VAL  set, F1 :	1.000	1.000	1.000	1.000	
VAL  set, AUC:	1.000	1.000	1.000	1.000	
VAL  set, ACC:	1.000	1.000	1.000	1.000	
VAL  set, SPE:	1.000	1.000	1.000	1.000	
[21-02-07 16:11:30-INFO] TEST_RECALL: 0.594, TIME: 36.0s
[21-02-07 16:11:30-DEBUG] 
TEST set, TITLE	CLS0	CLS1	CLS2	MEAN
TEST set, REC:	0.839	0.377	0.566	0.594	
TEST set, F1 :	0.777	0.416	0.619	0.604	
TEST set, AUC:	0.808	0.673	0.881	0.787	
TEST set, ACC:	0.745	0.718	0.857	0.773	
TEST set, SPE:	0.639	0.842	0.932	0.804	
[21-02-07 16:11:32-INFO] BEST_RECALL: 0.644, EPOCH:  51
[21-02-07 16:18:47-INFO] EPOCH: 59
[21-02-07 16:18:47-INFO] TRAIN_LOSS : 0.002, TIME: 434.5s
[21-02-07 16:19:23-INFO] VAL _RECALL: 1.000, TIME: 35.9s
[21-02-07 16:19:23-DEBUG] 
VAL  set, TITLE	CLS0	CLS1	CLS2	MEAN
VAL  set, REC:	1.000	1.000	1.000	1.000	
VAL  set, F1 :	1.000	1.000	1.000	1.000	
VAL  set, AUC:	1.000	1.000	1.000	1.000	
VAL  set, ACC:	1.000	1.000	1.000	1.000	
VAL  set, SPE:	1.000	1.000	1.000	1.000	
[21-02-07 16:19:59-INFO] TEST_RECALL: 0.593, TIME: 35.9s
[21-02-07 16:19:59-DEBUG] 
TEST set, TITLE	CLS0	CLS1	CLS2	MEAN
TEST set, REC:	0.832	0.362	0.585	0.593	
TEST set, F1 :	0.770	0.400	0.639	0.603	
TEST set, AUC:	0.808	0.677	0.885	0.790	
TEST set, ACC:	0.737	0.710	0.865	0.771	
TEST set, SPE:	0.631	0.837	0.937	0.802	
[21-02-07 16:20:01-INFO] BEST_RECALL: 0.644, EPOCH:  51
[21-02-07 16:27:15-INFO] EPOCH: 60
[21-02-07 16:27:15-INFO] TRAIN_LOSS : 0.001, TIME: 434.5s
[21-02-07 16:27:51-INFO] VAL _RECALL: 1.000, TIME: 35.8s
[21-02-07 16:27:51-DEBUG] 
VAL  set, TITLE	CLS0	CLS1	CLS2	MEAN
VAL  set, REC:	1.000	1.000	1.000	1.000	
VAL  set, F1 :	1.000	1.000	1.000	1.000	
VAL  set, AUC:	1.000	1.000	1.000	1.000	
VAL  set, ACC:	1.000	1.000	1.000	1.000	
VAL  set, SPE:	1.000	1.000	1.000	1.000	
[21-02-07 16:28:27-INFO] TEST_RECALL: 0.588, TIME: 36.0s
[21-02-07 16:28:27-DEBUG] 
TEST set, TITLE	CLS0	CLS1	CLS2	MEAN
TEST set, REC:	0.810	0.406	0.547	0.588	
TEST set, F1 :	0.760	0.418	0.630	0.603	
TEST set, AUC:	0.803	0.673	0.878	0.785	
TEST set, ACC:	0.730	0.699	0.869	0.766	
TEST set, SPE:	0.639	0.805	0.951	0.799	
[21-02-07 16:28:29-INFO] BEST_RECALL: 0.644, EPOCH:  51
[21-02-07 16:35:44-INFO] EPOCH: 61
[21-02-07 16:35:44-INFO] TRAIN_LOSS : 0.001, TIME: 434.9s
[21-02-07 16:36:19-INFO] VAL _RECALL: 1.000, TIME: 35.8s
[21-02-07 16:36:19-DEBUG] 
VAL  set, TITLE	CLS0	CLS1	CLS2	MEAN
VAL  set, REC:	1.000	1.000	1.000	1.000	
VAL  set, F1 :	1.000	1.000	1.000	1.000	
VAL  set, AUC:	1.000	1.000	1.000	1.000	
VAL  set, ACC:	1.000	1.000	1.000	1.000	
VAL  set, SPE:	1.000	1.000	1.000	1.000	
[21-02-07 16:36:55-INFO] TEST_RECALL: 0.571, TIME: 36.0s
[21-02-07 16:36:55-DEBUG] 
TEST set, TITLE	CLS0	CLS1	CLS2	MEAN
TEST set, REC:	0.832	0.333	0.547	0.571	
TEST set, F1 :	0.763	0.368	0.617	0.583	
TEST set, AUC:	0.807	0.678	0.885	0.790	
TEST set, ACC:	0.726	0.695	0.861	0.761	
TEST set, SPE:	0.607	0.826	0.942	0.792	
[21-02-07 16:36:57-INFO] BEST_RECALL: 0.644, EPOCH:  51
[21-02-07 16:44:12-INFO] EPOCH: 62
[21-02-07 16:44:12-INFO] TRAIN_LOSS : 0.001, TIME: 434.5s
[21-02-07 16:44:48-INFO] VAL _RECALL: 1.000, TIME: 35.9s
[21-02-07 16:44:48-DEBUG] 
VAL  set, TITLE	CLS0	CLS1	CLS2	MEAN
VAL  set, REC:	1.000	1.000	1.000	1.000	
VAL  set, F1 :	1.000	1.000	1.000	1.000	
VAL  set, AUC:	1.000	1.000	1.000	1.000	
VAL  set, ACC:	1.000	1.000	1.000	1.000	
VAL  set, SPE:	1.000	1.000	1.000	1.000	
[21-02-07 16:45:24-INFO] TEST_RECALL: 0.572, TIME: 36.0s
[21-02-07 16:45:24-DEBUG] 
TEST set, TITLE	CLS0	CLS1	CLS2	MEAN
TEST set, REC:	0.854	0.333	0.528	0.572	
TEST set, F1 :	0.770	0.380	0.602	0.584	
TEST set, AUC:	0.807	0.680	0.887	0.791	
TEST set, ACC:	0.730	0.710	0.857	0.766	
TEST set, SPE:	0.590	0.847	0.942	0.793	
[21-02-07 16:45:26-INFO] BEST_RECALL: 0.644, EPOCH:  51
[21-02-07 16:52:40-INFO] EPOCH: 63
[21-02-07 16:52:40-INFO] TRAIN_LOSS : 0.001, TIME: 434.3s
[21-02-07 16:53:16-INFO] VAL _RECALL: 1.000, TIME: 35.9s
[21-02-07 16:53:16-DEBUG] 
VAL  set, TITLE	CLS0	CLS1	CLS2	MEAN
VAL  set, REC:	1.000	1.000	1.000	1.000	
VAL  set, F1 :	1.000	1.000	1.000	1.000	
VAL  set, AUC:	1.000	1.000	1.000	1.000	
VAL  set, ACC:	1.000	1.000	1.000	1.000	
VAL  set, SPE:	1.000	1.000	1.000	1.000	
[21-02-07 16:53:52-INFO] TEST_RECALL: 0.577, TIME: 35.9s
[21-02-07 16:53:52-DEBUG] 
TEST set, TITLE	CLS0	CLS1	CLS2	MEAN
TEST set, REC:	0.825	0.377	0.528	0.577	
TEST set, F1 :	0.764	0.400	0.609	0.591	
TEST set, AUC:	0.799	0.672	0.881	0.784	
TEST set, ACC:	0.730	0.699	0.861	0.763	
TEST set, SPE:	0.623	0.816	0.947	0.795	
[21-02-07 16:53:54-INFO] BEST_RECALL: 0.644, EPOCH:  51
[21-02-07 17:01:08-INFO] EPOCH: 64
[21-02-07 17:01:08-INFO] TRAIN_LOSS : 0.001, TIME: 434.1s
[21-02-07 17:01:44-INFO] VAL _RECALL: 1.000, TIME: 35.9s
[21-02-07 17:01:44-DEBUG] 
VAL  set, TITLE	CLS0	CLS1	CLS2	MEAN
VAL  set, REC:	1.000	1.000	1.000	1.000	
VAL  set, F1 :	1.000	1.000	1.000	1.000	
VAL  set, AUC:	1.000	1.000	1.000	1.000	
VAL  set, ACC:	1.000	1.000	1.000	1.000	
VAL  set, SPE:	1.000	1.000	1.000	1.000	
[21-02-07 17:02:20-INFO] TEST_RECALL: 0.574, TIME: 35.9s
[21-02-07 17:02:20-DEBUG] 
TEST set, TITLE	CLS0	CLS1	CLS2	MEAN
TEST set, REC:	0.818	0.377	0.528	0.574	
TEST set, F1 :	0.762	0.394	0.609	0.588	
TEST set, AUC:	0.795	0.673	0.879	0.782	
TEST set, ACC:	0.730	0.691	0.861	0.761	
TEST set, SPE:	0.631	0.805	0.947	0.794	
[21-02-07 17:02:22-INFO] BEST_RECALL: 0.644, EPOCH:  51
[21-02-07 17:09:36-INFO] EPOCH: 65
[21-02-07 17:09:36-INFO] TRAIN_LOSS : 0.002, TIME: 434.0s
[21-02-07 17:10:12-INFO] VAL _RECALL: 1.000, TIME: 35.9s
[21-02-07 17:10:12-DEBUG] 
VAL  set, TITLE	CLS0	CLS1	CLS2	MEAN
VAL  set, REC:	1.000	1.000	1.000	1.000	
VAL  set, F1 :	1.000	1.000	1.000	1.000	
VAL  set, AUC:	1.000	1.000	1.000	1.000	
VAL  set, ACC:	1.000	1.000	1.000	1.000	
VAL  set, SPE:	1.000	1.000	1.000	1.000	
[21-02-07 17:10:48-INFO] TEST_RECALL: 0.561, TIME: 36.1s
[21-02-07 17:10:48-DEBUG] 
TEST set, TITLE	CLS0	CLS1	CLS2	MEAN
TEST set, REC:	0.745	0.449	0.491	0.561	
TEST set, F1 :	0.731	0.405	0.605	0.580	
TEST set, AUC:	0.785	0.645	0.883	0.771	
TEST set, ACC:	0.710	0.649	0.869	0.743	
TEST set, SPE:	0.672	0.721	0.966	0.786	
[21-02-07 17:10:49-INFO] BEST_RECALL: 0.644, EPOCH:  51
[21-02-07 17:18:05-INFO] EPOCH: 66
[21-02-07 17:18:05-INFO] TRAIN_LOSS : 0.072, TIME: 435.1s
[21-02-07 17:18:40-INFO] VAL _RECALL: 0.933, TIME: 35.9s
[21-02-07 17:18:40-DEBUG] 
VAL  set, TITLE	CLS0	CLS1	CLS2	MEAN
VAL  set, REC:	0.907	0.893	1.000	0.933	
VAL  set, F1 :	0.951	0.944	0.848	0.914	
VAL  set, AUC:	1.000	0.999	0.999	0.999	
VAL  set, ACC:	0.954	0.969	0.923	0.949	
VAL  set, SPE:	1.000	1.000	0.902	0.967	
[21-02-07 17:19:16-INFO] TEST_RECALL: 0.561, TIME: 36.0s
[21-02-07 17:19:16-DEBUG] 
TEST set, TITLE	CLS0	CLS1	CLS2	MEAN
TEST set, REC:	0.613	0.203	0.868	0.561	
TEST set, F1 :	0.700	0.259	0.541	0.500	
TEST set, AUC:	0.817	0.592	0.864	0.758	
TEST set, ACC:	0.722	0.691	0.699	0.704	
TEST set, SPE:	0.844	0.868	0.655	0.789	
[21-02-07 17:19:18-INFO] BEST_RECALL: 0.644, EPOCH:  51
[21-02-07 17:26:33-INFO] EPOCH: 67
[21-02-07 17:26:33-INFO] TRAIN_LOSS : 0.014, TIME: 434.8s
[21-02-07 17:27:09-INFO] VAL _RECALL: 1.000, TIME: 35.9s
[21-02-07 17:27:09-DEBUG] 
VAL  set, TITLE	CLS0	CLS1	CLS2	MEAN
VAL  set, REC:	1.000	1.000	1.000	1.000	
VAL  set, F1 :	1.000	1.000	1.000	1.000	
VAL  set, AUC:	1.000	1.000	1.000	1.000	
VAL  set, ACC:	1.000	1.000	1.000	1.000	
VAL  set, SPE:	1.000	1.000	1.000	1.000	
[21-02-07 17:27:45-INFO] TEST_RECALL: 0.553, TIME: 36.0s
[21-02-07 17:27:45-DEBUG] 
TEST set, TITLE	CLS0	CLS1	CLS2	MEAN
TEST set, REC:	0.766	0.420	0.472	0.553	
TEST set, F1 :	0.729	0.400	0.588	0.572	
TEST set, AUC:	0.780	0.648	0.875	0.768	
TEST set, ACC:	0.699	0.664	0.865	0.743	
TEST set, SPE:	0.623	0.753	0.966	0.781	
[21-02-07 17:27:47-INFO] BEST_RECALL: 0.644, EPOCH:  51
[21-02-07 17:35:02-INFO] EPOCH: 68
[21-02-07 17:35:02-INFO] TRAIN_LOSS : 0.003, TIME: 435.0s
[21-02-07 17:35:38-INFO] VAL _RECALL: 1.000, TIME: 35.9s
[21-02-07 17:35:38-DEBUG] 
VAL  set, TITLE	CLS0	CLS1	CLS2	MEAN
VAL  set, REC:	1.000	1.000	1.000	1.000	
VAL  set, F1 :	1.000	1.000	1.000	1.000	
VAL  set, AUC:	1.000	1.000	1.000	1.000	
VAL  set, ACC:	1.000	1.000	1.000	1.000	
VAL  set, SPE:	1.000	1.000	1.000	1.000	
[21-02-07 17:36:14-INFO] TEST_RECALL: 0.590, TIME: 35.9s
[21-02-07 17:36:14-DEBUG] 
TEST set, TITLE	CLS0	CLS1	CLS2	MEAN
TEST set, REC:	0.818	0.348	0.604	0.590	
TEST set, F1 :	0.765	0.381	0.646	0.597	
TEST set, AUC:	0.799	0.660	0.874	0.778	
TEST set, ACC:	0.734	0.699	0.865	0.766	
TEST set, SPE:	0.639	0.826	0.932	0.799	
[21-02-07 17:36:15-INFO] BEST_RECALL: 0.644, EPOCH:  51
[21-02-07 17:43:30-INFO] EPOCH: 69
[21-02-07 17:43:30-INFO] TRAIN_LOSS : 0.002, TIME: 434.8s
[21-02-07 17:44:06-INFO] VAL _RECALL: 1.000, TIME: 35.9s
[21-02-07 17:44:06-DEBUG] 
VAL  set, TITLE	CLS0	CLS1	CLS2	MEAN
VAL  set, REC:	1.000	1.000	1.000	1.000	
VAL  set, F1 :	1.000	1.000	1.000	1.000	
VAL  set, AUC:	1.000	1.000	1.000	1.000	
VAL  set, ACC:	1.000	1.000	1.000	1.000	
VAL  set, SPE:	1.000	1.000	1.000	1.000	
[21-02-07 17:44:42-INFO] TEST_RECALL: 0.593, TIME: 36.1s
[21-02-07 17:44:42-DEBUG] 
TEST set, TITLE	CLS0	CLS1	CLS2	MEAN
TEST set, REC:	0.752	0.348	0.679	0.593	
TEST set, F1 :	0.738	0.366	0.667	0.590	
TEST set, AUC:	0.803	0.661	0.867	0.777	
TEST set, ACC:	0.718	0.680	0.861	0.753	
TEST set, SPE:	0.680	0.800	0.908	0.796	
[21-02-07 17:44:44-INFO] BEST_RECALL: 0.644, EPOCH:  51
