[21-02-05 18:32:04-DEBUG] Checkpoints is in:
./results/checkpoints/20210205/3D_ResNet18-4-183203/
[21-02-05 18:32:04-DEBUG] Tensorboard is in:
./results/tensorboards/20210205/3D_ResNet18-4-183203/
[21-02-05 18:32:04-DEBUG] Data is in:
./data/Net_Input/3D_64_z1.0_l0.70_h0.10_20210125/
[21-02-05 18:32:04-DEBUG] LR: 3e-05, LD: 0.98
[21-02-05 18:32:04-DEBUG] WD: 1e-05, WU: 20
[21-02-05 18:32:04-DEBUG] BS: 4, FOLD: 4


[21-02-05 18:42:21-INFO] EPOCH: 1
[21-02-05 18:42:21-INFO] TRAIN_LOSS : 1.017, TIME: 613.3s
[21-02-05 18:43:13-INFO] VAL _RECALL: 0.433, TIME: 51.6s
[21-02-05 18:43:13-DEBUG] 
VAL  set, TITLE	CLS0	CLS1	CLS2	MEAN
VAL  set, REC:	0.698	0.387	0.214	0.433	
VAL  set, F1 :	0.664	0.354	0.282	0.433	
VAL  set, AUC:	0.696	0.611	0.655	0.654	
VAL  set, ACC:	0.650	0.592	0.765	0.669	
VAL  set, SPE:	0.603	0.676	0.917	0.732	
[21-02-05 18:44:04-INFO] TEST_RECALL: 0.452, TIME: 51.6s
[21-02-05 18:44:04-DEBUG] 
TEST set, TITLE	CLS0	CLS1	CLS2	MEAN
TEST set, REC:	0.639	0.446	0.273	0.452	
TEST set, F1 :	0.610	0.405	0.340	0.452	
TEST set, AUC:	0.677	0.575	0.650	0.634	
TEST set, ACC:	0.625	0.625	0.730	0.660	
TEST set, SPE:	0.614	0.697	0.886	0.733	
[21-02-05 18:44:04-INFO] BEST_RECALL: 0.452, EPOCH:   1
[21-02-05 18:54:18-INFO] EPOCH: 2
[21-02-05 18:54:18-INFO] TRAIN_LOSS : 0.950, TIME: 613.3s
[21-02-05 18:55:10-INFO] VAL _RECALL: 0.418, TIME: 51.9s
[21-02-05 18:55:10-DEBUG] 
VAL  set, TITLE	CLS0	CLS1	CLS2	MEAN
VAL  set, REC:	0.930	0.307	0.018	0.418	
VAL  set, F1 :	0.743	0.333	0.034	0.370	
VAL  set, AUC:	0.814	0.620	0.834	0.756	
VAL  set, ACC:	0.681	0.646	0.781	0.703	
VAL  set, SPE:	0.435	0.784	0.990	0.736	
[21-02-05 18:56:01-INFO] TEST_RECALL: 0.416, TIME: 51.5s
[21-02-05 18:56:01-DEBUG] 
TEST set, TITLE	CLS0	CLS1	CLS2	MEAN
TEST set, REC:	0.908	0.324	0.015	0.416	
TEST set, F1 :	0.695	0.348	0.029	0.357	
TEST set, AUC:	0.749	0.605	0.731	0.695	
TEST set, ACC:	0.633	0.653	0.741	0.676	
TEST set, SPE:	0.400	0.784	0.990	0.724	
[21-02-05 18:56:01-INFO] BEST_RECALL: 0.452, EPOCH:   1
[21-02-05 19:06:14-INFO] EPOCH: 3
[21-02-05 19:06:14-INFO] TRAIN_LOSS : 0.898, TIME: 612.8s
[21-02-05 19:07:06-INFO] VAL _RECALL: 0.619, TIME: 51.7s
[21-02-05 19:07:06-DEBUG] 
VAL  set, TITLE	CLS0	CLS1	CLS2	MEAN
VAL  set, REC:	0.837	0.360	0.661	0.619	
VAL  set, F1 :	0.797	0.412	0.627	0.612	
VAL  set, AUC:	0.881	0.745	0.891	0.839	
VAL  set, ACC:	0.788	0.704	0.831	0.774	
VAL  set, SPE:	0.740	0.843	0.877	0.820	
[21-02-05 19:07:57-INFO] TEST_RECALL: 0.557, TIME: 51.4s
[21-02-05 19:07:57-DEBUG] 
TEST set, TITLE	CLS0	CLS1	CLS2	MEAN
TEST set, REC:	0.723	0.419	0.530	0.557	
TEST set, F1 :	0.708	0.419	0.551	0.559	
TEST set, AUC:	0.787	0.629	0.782	0.733	
TEST set, ACC:	0.726	0.668	0.780	0.725	
TEST set, SPE:	0.729	0.768	0.865	0.787	
[21-02-05 19:07:58-INFO] BEST_RECALL: 0.557, EPOCH:   3
[21-02-05 19:18:11-INFO] EPOCH: 4
[21-02-05 19:18:11-INFO] TRAIN_LOSS : 0.833, TIME: 612.6s
[21-02-05 19:19:03-INFO] VAL _RECALL: 0.603, TIME: 51.7s
[21-02-05 19:19:03-DEBUG] 
VAL  set, TITLE	CLS0	CLS1	CLS2	MEAN
VAL  set, REC:	0.915	0.000	0.893	0.603	
VAL  set, F1 :	0.825	0.000	0.629	0.485	
VAL  set, AUC:	0.911	0.732	0.900	0.848	
VAL  set, ACC:	0.808	0.712	0.773	0.764	
VAL  set, SPE:	0.702	1.000	0.740	0.814	
[21-02-05 19:19:54-INFO] TEST_RECALL: 0.553, TIME: 51.4s
[21-02-05 19:19:54-DEBUG] 
TEST set, TITLE	CLS0	CLS1	CLS2	MEAN
TEST set, REC:	0.857	0.000	0.803	0.553	
TEST set, F1 :	0.767	0.000	0.596	0.454	
TEST set, AUC:	0.827	0.641	0.802	0.757	
TEST set, ACC:	0.761	0.714	0.722	0.732	
TEST set, SPE:	0.679	1.000	0.694	0.791	
[21-02-05 19:19:54-INFO] BEST_RECALL: 0.557, EPOCH:   3
[21-02-05 19:30:07-INFO] EPOCH: 5
[21-02-05 19:30:07-INFO] TRAIN_LOSS : 0.787, TIME: 613.5s
[21-02-05 19:30:59-INFO] VAL _RECALL: 0.581, TIME: 51.7s
[21-02-05 19:30:59-DEBUG] 
VAL  set, TITLE	CLS0	CLS1	CLS2	MEAN
VAL  set, REC:	0.636	0.213	0.893	0.581	
VAL  set, F1 :	0.745	0.274	0.546	0.522	
VAL  set, AUC:	0.910	0.552	0.888	0.784	
VAL  set, ACC:	0.785	0.673	0.681	0.713	
VAL  set, SPE:	0.931	0.859	0.623	0.804	
[21-02-05 19:31:51-INFO] TEST_RECALL: 0.500, TIME: 51.5s
[21-02-05 19:31:51-DEBUG] 
TEST set, TITLE	CLS0	CLS1	CLS2	MEAN
TEST set, REC:	0.487	0.149	0.864	0.500	
TEST set, F1 :	0.595	0.193	0.545	0.444	
TEST set, AUC:	0.809	0.469	0.798	0.692	
TEST set, ACC:	0.695	0.645	0.633	0.658	
TEST set, SPE:	0.871	0.843	0.554	0.756	
[21-02-05 19:31:51-INFO] BEST_RECALL: 0.557, EPOCH:   3
[21-02-05 19:42:03-INFO] EPOCH: 6
[21-02-05 19:42:03-INFO] TRAIN_LOSS : 0.770, TIME: 611.9s
[21-02-05 19:42:54-INFO] VAL _RECALL: 0.416, TIME: 51.8s
[21-02-05 19:42:54-DEBUG] 
VAL  set, TITLE	CLS0	CLS1	CLS2	MEAN
VAL  set, REC:	0.248	0.000	1.000	0.416	
VAL  set, F1 :	0.398	0.000	0.394	0.264	
VAL  set, AUC:	0.913	0.477	0.880	0.756	
VAL  set, ACC:	0.627	0.712	0.338	0.559	
VAL  set, SPE:	1.000	1.000	0.157	0.719	
[21-02-05 19:43:46-INFO] TEST_RECALL: 0.384, TIME: 51.6s
[21-02-05 19:43:46-DEBUG] 
TEST set, TITLE	CLS0	CLS1	CLS2	MEAN
TEST set, REC:	0.151	0.000	1.000	0.384	
TEST set, F1 :	0.255	0.000	0.436	0.230	
TEST set, AUC:	0.795	0.456	0.788	0.680	
TEST set, ACC:	0.595	0.714	0.340	0.550	
TEST set, SPE:	0.971	1.000	0.114	0.695	
[21-02-05 19:43:46-INFO] BEST_RECALL: 0.557, EPOCH:   3
[21-02-05 19:54:00-INFO] EPOCH: 7
[21-02-05 19:54:00-INFO] TRAIN_LOSS : 0.690, TIME: 613.5s
[21-02-05 19:54:52-INFO] VAL _RECALL: 0.349, TIME: 51.6s
[21-02-05 19:54:52-DEBUG] 
VAL  set, TITLE	CLS0	CLS1	CLS2	MEAN
VAL  set, REC:	0.047	0.000	1.000	0.349	
VAL  set, F1 :	0.089	0.000	0.364	0.151	
VAL  set, AUC:	0.938	0.395	0.864	0.732	
VAL  set, ACC:	0.527	0.704	0.246	0.492	
VAL  set, SPE:	1.000	0.989	0.039	0.676	
[21-02-05 19:55:43-INFO] TEST_RECALL: 0.345, TIME: 51.4s
[21-02-05 19:55:43-DEBUG] 
TEST set, TITLE	CLS0	CLS1	CLS2	MEAN
TEST set, REC:	0.034	0.000	1.000	0.345	
TEST set, F1 :	0.065	0.000	0.418	0.161	
TEST set, AUC:	0.807	0.421	0.774	0.668	
TEST set, ACC:	0.556	0.695	0.290	0.514	
TEST set, SPE:	1.000	0.973	0.047	0.673	
[21-02-05 19:55:44-INFO] BEST_RECALL: 0.557, EPOCH:   3
[21-02-05 20:05:57-INFO] EPOCH: 8
[21-02-05 20:05:57-INFO] TRAIN_LOSS : 0.673, TIME: 613.1s
[21-02-05 20:06:49-INFO] VAL _RECALL: 0.434, TIME: 51.7s
[21-02-05 20:06:49-DEBUG] 
VAL  set, TITLE	CLS0	CLS1	CLS2	MEAN
VAL  set, REC:	1.000	0.267	0.036	0.434	
VAL  set, F1 :	0.789	0.296	0.069	0.385	
VAL  set, AUC:	0.985	0.751	0.958	0.898	
VAL  set, ACC:	0.735	0.635	0.792	0.721	
VAL  set, SPE:	0.473	0.784	1.000	0.752	
[21-02-05 20:07:40-INFO] TEST_RECALL: 0.377, TIME: 51.4s
[21-02-05 20:07:40-DEBUG] 
TEST set, TITLE	CLS0	CLS1	CLS2	MEAN
TEST set, REC:	0.983	0.149	0.000	0.377	
TEST set, F1 :	0.692	0.193	0.000	0.295	
TEST set, AUC:	0.815	0.609	0.801	0.742	
TEST set, ACC:	0.598	0.645	0.745	0.663	
TEST set, SPE:	0.271	0.843	1.000	0.705	
[21-02-05 20:07:41-INFO] BEST_RECALL: 0.557, EPOCH:   3
[21-02-05 20:17:54-INFO] EPOCH: 9
[21-02-05 20:17:54-INFO] TRAIN_LOSS : 0.639, TIME: 612.9s
[21-02-05 20:18:46-INFO] VAL _RECALL: 0.593, TIME: 51.5s
[21-02-05 20:18:46-DEBUG] 
VAL  set, TITLE	CLS0	CLS1	CLS2	MEAN
VAL  set, REC:	1.000	0.387	0.393	0.593	
VAL  set, F1 :	0.830	0.443	0.564	0.612	
VAL  set, AUC:	0.985	0.835	0.980	0.933	
VAL  set, ACC:	0.796	0.719	0.869	0.795	
VAL  set, SPE:	0.595	0.854	1.000	0.816	
[21-02-05 20:19:38-INFO] TEST_RECALL: 0.479, TIME: 51.9s
[21-02-05 20:19:38-DEBUG] 
TEST set, TITLE	CLS0	CLS1	CLS2	MEAN
TEST set, REC:	0.950	0.230	0.258	0.479	
TEST set, F1 :	0.736	0.281	0.378	0.465	
TEST set, AUC:	0.857	0.649	0.857	0.787	
TEST set, ACC:	0.687	0.664	0.784	0.712	
TEST set, SPE:	0.464	0.838	0.964	0.755	
[21-02-05 20:19:39-INFO] BEST_RECALL: 0.557, EPOCH:   3
[21-02-05 20:29:51-INFO] EPOCH: 10
[21-02-05 20:29:51-INFO] TRAIN_LOSS : 0.507, TIME: 612.5s
[21-02-05 20:30:43-INFO] VAL _RECALL: 0.850, TIME: 51.7s
[21-02-05 20:30:43-DEBUG] 
VAL  set, TITLE	CLS0	CLS1	CLS2	MEAN
VAL  set, REC:	0.884	0.667	1.000	0.850	
VAL  set, F1 :	0.923	0.714	0.842	0.826	
VAL  set, AUC:	0.986	0.934	0.995	0.972	
VAL  set, ACC:	0.927	0.846	0.919	0.897	
VAL  set, SPE:	0.969	0.919	0.897	0.928	
[21-02-05 20:31:35-INFO] TEST_RECALL: 0.524, TIME: 51.7s
[21-02-05 20:31:35-DEBUG] 
TEST set, TITLE	CLS0	CLS1	CLS2	MEAN
TEST set, REC:	0.613	0.338	0.621	0.524	
TEST set, F1 :	0.658	0.336	0.558	0.517	
TEST set, AUC:	0.799	0.599	0.813	0.737	
TEST set, ACC:	0.707	0.618	0.749	0.691	
TEST set, SPE:	0.786	0.730	0.793	0.769	
[21-02-05 20:31:36-INFO] BEST_RECALL: 0.557, EPOCH:   3
[21-02-05 20:41:48-INFO] EPOCH: 11
[21-02-05 20:41:48-INFO] TRAIN_LOSS : 0.522, TIME: 612.3s
[21-02-05 20:42:40-INFO] VAL _RECALL: 0.671, TIME: 51.6s
[21-02-05 20:42:40-DEBUG] 
VAL  set, TITLE	CLS0	CLS1	CLS2	MEAN
VAL  set, REC:	0.884	0.147	0.982	0.671	
VAL  set, F1 :	0.916	0.253	0.598	0.589	
VAL  set, AUC:	0.975	0.819	0.957	0.917	
VAL  set, ACC:	0.919	0.750	0.715	0.795	
VAL  set, SPE:	0.954	0.995	0.642	0.864	
[21-02-05 20:43:31-INFO] TEST_RECALL: 0.489, TIME: 51.4s
[21-02-05 20:43:31-DEBUG] 
TEST set, TITLE	CLS0	CLS1	CLS2	MEAN
TEST set, REC:	0.580	0.054	0.833	0.489	
TEST set, F1 :	0.639	0.095	0.505	0.413	
TEST set, AUC:	0.805	0.563	0.790	0.719	
TEST set, ACC:	0.699	0.707	0.583	0.663	
TEST set, SPE:	0.800	0.968	0.497	0.755	
[21-02-05 20:43:32-INFO] BEST_RECALL: 0.557, EPOCH:   3
[21-02-05 20:53:45-INFO] EPOCH: 12
[21-02-05 20:53:45-INFO] TRAIN_LOSS : 0.496, TIME: 612.9s
[21-02-05 20:54:37-INFO] VAL _RECALL: 0.419, TIME: 51.7s
[21-02-05 20:54:37-DEBUG] 
VAL  set, TITLE	CLS0	CLS1	CLS2	MEAN
VAL  set, REC:	0.256	0.000	1.000	0.419	
VAL  set, F1 :	0.407	0.000	0.396	0.268	
VAL  set, AUC:	0.964	0.522	0.908	0.798	
VAL  set, ACC:	0.631	0.712	0.342	0.562	
VAL  set, SPE:	1.000	1.000	0.162	0.721	
[21-02-05 20:55:28-INFO] TEST_RECALL: 0.389, TIME: 51.6s
[21-02-05 20:55:28-DEBUG] 
TEST set, TITLE	CLS0	CLS1	CLS2	MEAN
TEST set, REC:	0.168	0.000	1.000	0.389	
TEST set, F1 :	0.286	0.000	0.437	0.241	
TEST set, AUC:	0.800	0.466	0.756	0.674	
TEST set, ACC:	0.614	0.707	0.344	0.555	
TEST set, SPE:	0.993	0.989	0.119	0.700	
[21-02-05 20:55:29-INFO] BEST_RECALL: 0.557, EPOCH:   3
[21-02-05 21:05:41-INFO] EPOCH: 13
[21-02-05 21:05:41-INFO] TRAIN_LOSS : 0.478, TIME: 611.7s
[21-02-05 21:06:33-INFO] VAL _RECALL: 0.333, TIME: 51.7s
[21-02-05 21:06:33-DEBUG] 
VAL  set, TITLE	CLS0	CLS1	CLS2	MEAN
VAL  set, REC:	0.000	0.000	1.000	0.333	
VAL  set, F1 :	0.000	0.000	0.354	0.118	
VAL  set, AUC:	0.990	0.470	0.991	0.817	
VAL  set, ACC:	0.504	0.712	0.215	0.477	
VAL  set, SPE:	1.000	1.000	0.000	0.667	
[21-02-05 21:07:24-INFO] TEST_RECALL: 0.333, TIME: 51.7s
[21-02-05 21:07:24-DEBUG] 
TEST set, TITLE	CLS0	CLS1	CLS2	MEAN
TEST set, REC:	0.000	0.000	1.000	0.333	
TEST set, F1 :	0.000	0.000	0.406	0.135	
TEST set, AUC:	0.823	0.436	0.822	0.694	
TEST set, ACC:	0.541	0.714	0.255	0.503	
TEST set, SPE:	1.000	1.000	0.000	0.667	
[21-02-05 21:07:25-INFO] BEST_RECALL: 0.557, EPOCH:   3
[21-02-05 21:17:38-INFO] EPOCH: 14
[21-02-05 21:17:38-INFO] TRAIN_LOSS : 0.419, TIME: 612.4s
[21-02-05 21:18:30-INFO] VAL _RECALL: 0.536, TIME: 51.8s
[21-02-05 21:18:30-DEBUG] 
VAL  set, TITLE	CLS0	CLS1	CLS2	MEAN
VAL  set, REC:	1.000	0.000	0.607	0.536	
VAL  set, F1 :	0.727	0.000	0.756	0.494	
VAL  set, AUC:	0.922	0.842	0.982	0.915	
VAL  set, ACC:	0.627	0.712	0.915	0.751	
VAL  set, SPE:	0.260	1.000	1.000	0.753	
[21-02-05 21:19:21-INFO] TEST_RECALL: 0.381, TIME: 51.6s
[21-02-05 21:19:21-DEBUG] 
TEST set, TITLE	CLS0	CLS1	CLS2	MEAN
TEST set, REC:	0.992	0.000	0.152	0.381	
TEST set, F1 :	0.645	0.000	0.256	0.300	
TEST set, AUC:	0.754	0.613	0.812	0.727	
TEST set, ACC:	0.498	0.714	0.776	0.663	
TEST set, SPE:	0.079	1.000	0.990	0.689	
[21-02-05 21:19:22-INFO] BEST_RECALL: 0.557, EPOCH:   3
[21-02-05 21:27:54-INFO] EPOCH: 15
[21-02-05 21:27:54-INFO] TRAIN_LOSS : 0.431, TIME: 512.1s
[21-02-05 21:28:20-INFO] VAL _RECALL: 0.333, TIME: 25.5s
[21-02-05 21:28:20-DEBUG] 
VAL  set, TITLE	CLS0	CLS1	CLS2	MEAN
VAL  set, REC:	0.000	0.000	1.000	0.333	
VAL  set, F1 :	0.000	0.000	0.354	0.118	
VAL  set, AUC:	0.968	0.759	0.910	0.879	
VAL  set, ACC:	0.504	0.712	0.215	0.477	
VAL  set, SPE:	1.000	1.000	0.000	0.667	
[21-02-05 21:28:45-INFO] TEST_RECALL: 0.333, TIME: 25.6s
[21-02-05 21:28:45-DEBUG] 
TEST set, TITLE	CLS0	CLS1	CLS2	MEAN
TEST set, REC:	0.000	0.000	1.000	0.333	
TEST set, F1 :	0.000	0.000	0.406	0.135	
TEST set, AUC:	0.772	0.503	0.717	0.664	
TEST set, ACC:	0.541	0.714	0.255	0.503	
TEST set, SPE:	1.000	1.000	0.000	0.667	
[21-02-05 21:28:46-INFO] BEST_RECALL: 0.557, EPOCH:   3
[21-02-05 21:33:46-INFO] EPOCH: 16
[21-02-05 21:33:46-INFO] TRAIN_LOSS : 0.385, TIME: 299.5s
[21-02-05 21:34:11-INFO] VAL _RECALL: 0.730, TIME: 25.5s
[21-02-05 21:34:11-DEBUG] 
VAL  set, TITLE	CLS0	CLS1	CLS2	MEAN
VAL  set, REC:	0.814	1.000	0.375	0.730	
VAL  set, F1 :	0.897	0.718	0.545	0.720	
VAL  set, AUC:	1.000	0.988	0.980	0.989	
VAL  set, ACC:	0.908	0.773	0.865	0.849	
VAL  set, SPE:	1.000	0.681	1.000	0.894	
[21-02-05 21:34:37-INFO] TEST_RECALL: 0.424, TIME: 25.5s
[21-02-05 21:34:37-DEBUG] 
TEST set, TITLE	CLS0	CLS1	CLS2	MEAN
TEST set, REC:	0.361	0.851	0.061	0.424	
TEST set, F1 :	0.494	0.463	0.111	0.356	
TEST set, AUC:	0.805	0.629	0.730	0.721	
TEST set, ACC:	0.660	0.436	0.753	0.616	
TEST set, SPE:	0.914	0.270	0.990	0.725	
[21-02-05 21:34:38-INFO] BEST_RECALL: 0.557, EPOCH:   3
[21-02-05 21:39:37-INFO] EPOCH: 17
[21-02-05 21:39:37-INFO] TRAIN_LOSS : 0.330, TIME: 299.5s
[21-02-05 21:40:03-INFO] VAL _RECALL: 0.636, TIME: 25.5s
[21-02-05 21:40:03-DEBUG] 
VAL  set, TITLE	CLS0	CLS1	CLS2	MEAN
VAL  set, REC:	1.000	0.907	0.000	0.636	
VAL  set, F1 :	0.966	0.690	0.000	0.552	
VAL  set, AUC:	0.998	0.901	0.994	0.965	
VAL  set, ACC:	0.965	0.765	0.785	0.838	
VAL  set, SPE:	0.931	0.708	1.000	0.880	
[21-02-05 21:40:28-INFO] TEST_RECALL: 0.462, TIME: 25.6s
[21-02-05 21:40:28-DEBUG] 
TEST set, TITLE	CLS0	CLS1	CLS2	MEAN
TEST set, REC:	0.790	0.595	0.000	0.462	
TEST set, F1 :	0.737	0.447	0.000	0.395	
TEST set, AUC:	0.813	0.607	0.796	0.738	
TEST set, ACC:	0.741	0.579	0.745	0.689	
TEST set, SPE:	0.700	0.573	1.000	0.758	
[21-02-05 21:40:29-INFO] BEST_RECALL: 0.557, EPOCH:   3
[21-02-05 21:45:29-INFO] EPOCH: 18
[21-02-05 21:45:29-INFO] TRAIN_LOSS : 0.294, TIME: 299.1s
[21-02-05 21:45:54-INFO] VAL _RECALL: 0.967, TIME: 25.4s
[21-02-05 21:45:54-DEBUG] 
VAL  set, TITLE	CLS0	CLS1	CLS2	MEAN
VAL  set, REC:	0.953	1.000	0.946	0.967	
VAL  set, F1 :	0.976	0.943	0.972	0.964	
VAL  set, AUC:	1.000	1.000	1.000	1.000	
VAL  set, ACC:	0.977	0.965	0.988	0.977	
VAL  set, SPE:	1.000	0.951	1.000	0.984	
[21-02-05 21:46:19-INFO] TEST_RECALL: 0.541, TIME: 25.5s
[21-02-05 21:46:19-DEBUG] 
TEST set, TITLE	CLS0	CLS1	CLS2	MEAN
TEST set, REC:	0.571	0.703	0.348	0.541	
TEST set, F1 :	0.651	0.493	0.469	0.538	
TEST set, AUC:	0.788	0.660	0.843	0.764	
TEST set, ACC:	0.718	0.587	0.799	0.701	
TEST set, SPE:	0.843	0.541	0.953	0.779	
[21-02-05 21:46:20-INFO] BEST_RECALL: 0.557, EPOCH:   3
[21-02-05 21:51:20-INFO] EPOCH: 19
[21-02-05 21:51:20-INFO] TRAIN_LOSS : 0.288, TIME: 299.2s
[21-02-05 21:51:45-INFO] VAL _RECALL: 0.784, TIME: 25.5s
[21-02-05 21:51:45-DEBUG] 
VAL  set, TITLE	CLS0	CLS1	CLS2	MEAN
VAL  set, REC:	0.752	0.600	1.000	0.784	
VAL  set, F1 :	0.858	0.672	0.700	0.743	
VAL  set, AUC:	0.999	0.906	0.999	0.968	
VAL  set, ACC:	0.877	0.831	0.815	0.841	
VAL  set, SPE:	1.000	0.924	0.765	0.896	
[21-02-05 21:52:11-INFO] TEST_RECALL: 0.476, TIME: 25.5s
[21-02-05 21:52:11-DEBUG] 
TEST set, TITLE	CLS0	CLS1	CLS2	MEAN
TEST set, REC:	0.345	0.176	0.909	0.476	
TEST set, F1 :	0.488	0.205	0.538	0.410	
TEST set, AUC:	0.819	0.495	0.815	0.710	
TEST set, ACC:	0.668	0.610	0.602	0.627	
TEST set, SPE:	0.943	0.784	0.497	0.741	
[21-02-05 21:52:12-INFO] BEST_RECALL: 0.557, EPOCH:   3
[21-02-05 21:57:11-INFO] EPOCH: 20
[21-02-05 21:57:11-INFO] TRAIN_LOSS : 0.263, TIME: 299.4s
[21-02-05 21:57:37-INFO] VAL _RECALL: 0.702, TIME: 25.4s
[21-02-05 21:57:37-DEBUG] 
VAL  set, TITLE	CLS0	CLS1	CLS2	MEAN
VAL  set, REC:	1.000	0.213	0.893	0.702	
VAL  set, F1 :	0.799	0.352	0.943	0.698	
VAL  set, AUC:	0.994	0.943	0.998	0.979	
VAL  set, ACC:	0.750	0.773	0.977	0.833	
VAL  set, SPE:	0.504	1.000	1.000	0.835	
[21-02-05 21:58:02-INFO] TEST_RECALL: 0.416, TIME: 25.5s
[21-02-05 21:58:02-DEBUG] 
TEST set, TITLE	CLS0	CLS1	CLS2	MEAN
TEST set, REC:	0.966	0.041	0.242	0.416	
TEST set, F1 :	0.655	0.075	0.368	0.366	
TEST set, AUC:	0.766	0.577	0.833	0.726	
TEST set, ACC:	0.533	0.714	0.788	0.678	
TEST set, SPE:	0.164	0.984	0.974	0.707	
[21-02-05 21:58:03-INFO] BEST_RECALL: 0.557, EPOCH:   3
[21-02-05 22:03:02-INFO] EPOCH: 21
[21-02-05 22:03:02-INFO] TRAIN_LOSS : 0.146, TIME: 299.2s
[21-02-05 22:03:28-INFO] VAL _RECALL: 0.997, TIME: 25.7s
[21-02-05 22:03:28-DEBUG] 
VAL  set, TITLE	CLS0	CLS1	CLS2	MEAN
VAL  set, REC:	0.992	1.000	1.000	0.997	
VAL  set, F1 :	0.996	0.993	1.000	0.996	
VAL  set, AUC:	1.000	1.000	1.000	1.000	
VAL  set, ACC:	0.996	0.996	1.000	0.997	
VAL  set, SPE:	1.000	0.995	1.000	0.998	
[21-02-05 22:03:53-INFO] TEST_RECALL: 0.572, TIME: 25.4s
[21-02-05 22:03:53-DEBUG] 
TEST set, TITLE	CLS0	CLS1	CLS2	MEAN
TEST set, REC:	0.605	0.581	0.530	0.572	
TEST set, F1 :	0.664	0.475	0.583	0.574	
TEST set, AUC:	0.798	0.681	0.844	0.774	
TEST set, ACC:	0.718	0.633	0.807	0.719	
TEST set, SPE:	0.814	0.654	0.902	0.790	
[21-02-05 22:03:55-INFO] BEST_RECALL: 0.572, EPOCH:  21
[21-02-05 22:08:54-INFO] EPOCH: 22
[21-02-05 22:08:54-INFO] TRAIN_LOSS : 0.127, TIME: 299.0s
[21-02-05 22:09:20-INFO] VAL _RECALL: 0.819, TIME: 25.6s
[21-02-05 22:09:20-DEBUG] 
VAL  set, TITLE	CLS0	CLS1	CLS2	MEAN
VAL  set, REC:	0.829	0.627	1.000	0.819	
VAL  set, F1 :	0.907	0.770	0.691	0.790	
VAL  set, AUC:	0.999	0.998	1.000	0.999	
VAL  set, ACC:	0.915	0.892	0.808	0.872	
VAL  set, SPE:	1.000	1.000	0.755	0.918	
[21-02-05 22:09:46-INFO] TEST_RECALL: 0.452, TIME: 25.5s
[21-02-05 22:09:46-DEBUG] 
TEST set, TITLE	CLS0	CLS1	CLS2	MEAN
TEST set, REC:	0.387	0.014	0.955	0.452	
TEST set, F1 :	0.529	0.026	0.474	0.343	
TEST set, AUC:	0.813	0.605	0.818	0.745	
TEST set, ACC:	0.683	0.707	0.459	0.616	
TEST set, SPE:	0.936	0.984	0.290	0.737	
[21-02-05 22:09:47-INFO] BEST_RECALL: 0.572, EPOCH:  21
[21-02-05 22:14:46-INFO] EPOCH: 23
[21-02-05 22:14:46-INFO] TRAIN_LOSS : 0.097, TIME: 299.1s
[21-02-05 22:15:11-INFO] VAL _RECALL: 0.973, TIME: 25.4s
[21-02-05 22:15:11-DEBUG] 
VAL  set, TITLE	CLS0	CLS1	CLS2	MEAN
VAL  set, REC:	1.000	0.920	1.000	0.973	
VAL  set, F1 :	0.977	0.958	1.000	0.979	
VAL  set, AUC:	1.000	1.000	1.000	1.000	
VAL  set, ACC:	0.977	0.977	1.000	0.985	
VAL  set, SPE:	0.954	1.000	1.000	0.985	
[21-02-05 22:15:37-INFO] TEST_RECALL: 0.536, TIME: 25.5s
[21-02-05 22:15:37-DEBUG] 
TEST set, TITLE	CLS0	CLS1	CLS2	MEAN
TEST set, REC:	0.924	0.108	0.576	0.536	
TEST set, F1 :	0.712	0.188	0.613	0.504	
TEST set, AUC:	0.795	0.626	0.852	0.758	
TEST set, ACC:	0.656	0.734	0.815	0.735	
TEST set, SPE:	0.429	0.984	0.896	0.770	
[21-02-05 22:15:38-INFO] BEST_RECALL: 0.572, EPOCH:  21
[21-02-05 22:20:37-INFO] EPOCH: 24
[21-02-05 22:20:37-INFO] TRAIN_LOSS : 0.065, TIME: 299.2s
[21-02-05 22:21:02-INFO] VAL _RECALL: 1.000, TIME: 25.5s
[21-02-05 22:21:02-DEBUG] 
VAL  set, TITLE	CLS0	CLS1	CLS2	MEAN
VAL  set, REC:	1.000	1.000	1.000	1.000	
VAL  set, F1 :	1.000	1.000	1.000	1.000	
VAL  set, AUC:	1.000	1.000	1.000	1.000	
VAL  set, ACC:	1.000	1.000	1.000	1.000	
VAL  set, SPE:	1.000	1.000	1.000	1.000	
[21-02-05 22:21:28-INFO] TEST_RECALL: 0.520, TIME: 25.6s
[21-02-05 22:21:28-DEBUG] 
TEST set, TITLE	CLS0	CLS1	CLS2	MEAN
TEST set, REC:	0.706	0.568	0.288	0.520	
TEST set, F1 :	0.697	0.454	0.413	0.521	
TEST set, AUC:	0.787	0.635	0.818	0.747	
TEST set, ACC:	0.718	0.610	0.792	0.707	
TEST set, SPE:	0.729	0.627	0.964	0.773	
[21-02-05 22:21:29-INFO] BEST_RECALL: 0.572, EPOCH:  21
[21-02-05 22:26:28-INFO] EPOCH: 25
[21-02-05 22:26:28-INFO] TRAIN_LOSS : 0.101, TIME: 299.0s
[21-02-05 22:26:53-INFO] VAL _RECALL: 1.000, TIME: 25.3s
[21-02-05 22:26:53-DEBUG] 
VAL  set, TITLE	CLS0	CLS1	CLS2	MEAN
VAL  set, REC:	1.000	1.000	1.000	1.000	
VAL  set, F1 :	1.000	1.000	1.000	1.000	
VAL  set, AUC:	1.000	1.000	1.000	1.000	
VAL  set, ACC:	1.000	1.000	1.000	1.000	
VAL  set, SPE:	1.000	1.000	1.000	1.000	
[21-02-05 22:27:19-INFO] TEST_RECALL: 0.563, TIME: 25.6s
[21-02-05 22:27:19-DEBUG] 
TEST set, TITLE	CLS0	CLS1	CLS2	MEAN
TEST set, REC:	0.605	0.432	0.652	0.563	
TEST set, F1 :	0.667	0.410	0.589	0.555	
TEST set, AUC:	0.808	0.642	0.819	0.756	
TEST set, ACC:	0.722	0.645	0.768	0.712	
TEST set, SPE:	0.821	0.730	0.808	0.786	
[21-02-05 22:27:20-INFO] BEST_RECALL: 0.572, EPOCH:  21
[21-02-05 22:32:19-INFO] EPOCH: 26
[21-02-05 22:32:19-INFO] TRAIN_LOSS : 0.072, TIME: 298.9s
[21-02-05 22:32:44-INFO] VAL _RECALL: 1.000, TIME: 25.5s
[21-02-05 22:32:44-DEBUG] 
VAL  set, TITLE	CLS0	CLS1	CLS2	MEAN
VAL  set, REC:	1.000	1.000	1.000	1.000	
VAL  set, F1 :	1.000	1.000	1.000	1.000	
VAL  set, AUC:	1.000	1.000	1.000	1.000	
VAL  set, ACC:	1.000	1.000	1.000	1.000	
VAL  set, SPE:	1.000	1.000	1.000	1.000	
[21-02-05 22:33:10-INFO] TEST_RECALL: 0.539, TIME: 25.4s
[21-02-05 22:33:10-DEBUG] 
TEST set, TITLE	CLS0	CLS1	CLS2	MEAN
TEST set, REC:	0.899	0.068	0.652	0.539	
TEST set, F1 :	0.733	0.125	0.589	0.482	
TEST set, AUC:	0.807	0.643	0.842	0.764	
TEST set, ACC:	0.699	0.730	0.768	0.732	
TEST set, SPE:	0.529	0.995	0.808	0.777	
[21-02-05 22:33:11-INFO] BEST_RECALL: 0.572, EPOCH:  21
[21-02-05 22:38:10-INFO] EPOCH: 27
[21-02-05 22:38:10-INFO] TRAIN_LOSS : 0.064, TIME: 299.3s
[21-02-05 22:38:35-INFO] VAL _RECALL: 0.973, TIME: 25.3s
[21-02-05 22:38:35-DEBUG] 
VAL  set, TITLE	CLS0	CLS1	CLS2	MEAN
VAL  set, REC:	0.984	0.933	1.000	0.973	
VAL  set, F1 :	0.992	0.966	0.941	0.966	
VAL  set, AUC:	1.000	1.000	1.000	1.000	
VAL  set, ACC:	0.992	0.981	0.973	0.982	
VAL  set, SPE:	1.000	1.000	0.966	0.989	
[21-02-05 22:39:01-INFO] TEST_RECALL: 0.534, TIME: 25.5s
[21-02-05 22:39:01-DEBUG] 
TEST set, TITLE	CLS0	CLS1	CLS2	MEAN
TEST set, REC:	0.580	0.068	0.955	0.534	
TEST set, F1 :	0.667	0.122	0.550	0.446	
TEST set, AUC:	0.822	0.623	0.848	0.764	
TEST set, ACC:	0.734	0.722	0.602	0.686	
TEST set, SPE:	0.864	0.984	0.482	0.777	
[21-02-05 22:39:02-INFO] BEST_RECALL: 0.572, EPOCH:  21
[21-02-05 22:44:01-INFO] EPOCH: 28
[21-02-05 22:44:01-INFO] TRAIN_LOSS : 0.045, TIME: 298.9s
[21-02-05 22:44:26-INFO] VAL _RECALL: 1.000, TIME: 25.4s
[21-02-05 22:44:26-DEBUG] 
VAL  set, TITLE	CLS0	CLS1	CLS2	MEAN
VAL  set, REC:	1.000	1.000	1.000	1.000	
VAL  set, F1 :	1.000	1.000	1.000	1.000	
VAL  set, AUC:	1.000	1.000	1.000	1.000	
VAL  set, ACC:	1.000	1.000	1.000	1.000	
VAL  set, SPE:	1.000	1.000	1.000	1.000	
[21-02-05 22:44:52-INFO] TEST_RECALL: 0.522, TIME: 25.5s
[21-02-05 22:44:52-DEBUG] 
TEST set, TITLE	CLS0	CLS1	CLS2	MEAN
TEST set, REC:	0.504	0.608	0.455	0.522	
TEST set, F1 :	0.594	0.441	0.536	0.524	
TEST set, AUC:	0.785	0.620	0.822	0.742	
TEST set, ACC:	0.683	0.560	0.799	0.681	
TEST set, SPE:	0.836	0.541	0.917	0.764	
[21-02-05 22:44:53-INFO] BEST_RECALL: 0.572, EPOCH:  21
[21-02-05 22:49:51-INFO] EPOCH: 29
[21-02-05 22:49:51-INFO] TRAIN_LOSS : 0.067, TIME: 298.8s
[21-02-05 22:50:17-INFO] VAL _RECALL: 0.991, TIME: 25.4s
[21-02-05 22:50:17-DEBUG] 
VAL  set, TITLE	CLS0	CLS1	CLS2	MEAN
VAL  set, REC:	1.000	0.973	1.000	0.991	
VAL  set, F1 :	1.000	0.986	0.982	0.990	
VAL  set, AUC:	1.000	1.000	1.000	1.000	
VAL  set, ACC:	1.000	0.992	0.992	0.995	
VAL  set, SPE:	1.000	1.000	0.990	0.997	
[21-02-05 22:50:42-INFO] TEST_RECALL: 0.547, TIME: 25.5s
[21-02-05 22:50:42-DEBUG] 
TEST set, TITLE	CLS0	CLS1	CLS2	MEAN
TEST set, REC:	0.840	0.149	0.652	0.547	
TEST set, F1 :	0.738	0.216	0.593	0.516	
TEST set, AUC:	0.802	0.634	0.833	0.756	
TEST set, ACC:	0.726	0.691	0.772	0.730	
TEST set, SPE:	0.629	0.908	0.813	0.783	
[21-02-05 22:50:43-INFO] BEST_RECALL: 0.572, EPOCH:  21
[21-02-05 22:55:42-INFO] EPOCH: 30
[21-02-05 22:55:42-INFO] TRAIN_LOSS : 0.062, TIME: 298.9s
[21-02-05 22:56:08-INFO] VAL _RECALL: 0.992, TIME: 25.5s
[21-02-05 22:56:08-DEBUG] 
VAL  set, TITLE	CLS0	CLS1	CLS2	MEAN
VAL  set, REC:	0.977	1.000	1.000	0.992	
VAL  set, F1 :	0.988	0.980	1.000	0.990	
VAL  set, AUC:	1.000	1.000	1.000	1.000	
VAL  set, ACC:	0.988	0.988	1.000	0.992	
VAL  set, SPE:	1.000	0.984	1.000	0.995	
[21-02-05 22:56:33-INFO] TEST_RECALL: 0.543, TIME: 25.5s
[21-02-05 22:56:33-DEBUG] 
TEST set, TITLE	CLS0	CLS1	CLS2	MEAN
TEST set, REC:	0.345	0.649	0.636	0.543	
TEST set, F1 :	0.485	0.471	0.579	0.512	
TEST set, AUC:	0.799	0.642	0.821	0.754	
TEST set, ACC:	0.664	0.583	0.764	0.671	
TEST set, SPE:	0.936	0.557	0.808	0.767	
[21-02-05 22:56:34-INFO] BEST_RECALL: 0.572, EPOCH:  21
[21-02-05 23:01:33-INFO] EPOCH: 31
[21-02-05 23:01:33-INFO] TRAIN_LOSS : 0.041, TIME: 298.8s
[21-02-05 23:01:58-INFO] VAL _RECALL: 0.839, TIME: 25.4s
[21-02-05 23:01:58-DEBUG] 
VAL  set, TITLE	CLS0	CLS1	CLS2	MEAN
VAL  set, REC:	0.837	1.000	0.679	0.839	
VAL  set, F1 :	0.911	0.794	0.809	0.838	
VAL  set, AUC:	1.000	1.000	1.000	1.000	
VAL  set, ACC:	0.919	0.850	0.931	0.900	
VAL  set, SPE:	1.000	0.789	1.000	0.930	
[21-02-05 23:02:24-INFO] TEST_RECALL: 0.418, TIME: 25.5s
[21-02-05 23:02:24-DEBUG] 
TEST set, TITLE	CLS0	CLS1	CLS2	MEAN
TEST set, REC:	0.202	0.946	0.106	0.418	
TEST set, F1 :	0.327	0.470	0.192	0.329	
TEST set, AUC:	0.782	0.684	0.826	0.764	
TEST set, ACC:	0.618	0.390	0.772	0.593	
TEST set, SPE:	0.971	0.168	1.000	0.713	
[21-02-05 23:02:25-INFO] BEST_RECALL: 0.572, EPOCH:  21
[21-02-05 23:07:24-INFO] EPOCH: 32
[21-02-05 23:07:24-INFO] TRAIN_LOSS : 0.032, TIME: 298.7s
[21-02-05 23:07:49-INFO] VAL _RECALL: 1.000, TIME: 25.4s
[21-02-05 23:07:49-DEBUG] 
VAL  set, TITLE	CLS0	CLS1	CLS2	MEAN
VAL  set, REC:	1.000	1.000	1.000	1.000	
VAL  set, F1 :	1.000	1.000	1.000	1.000	
VAL  set, AUC:	1.000	1.000	1.000	1.000	
VAL  set, ACC:	1.000	1.000	1.000	1.000	
VAL  set, SPE:	1.000	1.000	1.000	1.000	
[21-02-05 23:08:15-INFO] TEST_RECALL: 0.591, TIME: 25.5s
[21-02-05 23:08:15-DEBUG] 
TEST set, TITLE	CLS0	CLS1	CLS2	MEAN
TEST set, REC:	0.832	0.230	0.712	0.591	
TEST set, F1 :	0.750	0.327	0.627	0.568	
TEST set, AUC:	0.805	0.674	0.821	0.767	
TEST set, ACC:	0.745	0.730	0.784	0.753	
TEST set, SPE:	0.671	0.930	0.808	0.803	
[21-02-05 23:08:17-INFO] BEST_RECALL: 0.591, EPOCH:  32
[21-02-05 23:13:15-INFO] EPOCH: 33
[21-02-05 23:13:15-INFO] TRAIN_LOSS : 0.062, TIME: 298.6s
[21-02-05 23:13:41-INFO] VAL _RECALL: 0.933, TIME: 25.4s
[21-02-05 23:13:41-DEBUG] 
VAL  set, TITLE	CLS0	CLS1	CLS2	MEAN
VAL  set, REC:	1.000	0.800	1.000	0.933	
VAL  set, F1 :	0.992	0.889	0.896	0.926	
VAL  set, AUC:	1.000	1.000	1.000	1.000	
VAL  set, ACC:	0.992	0.942	0.950	0.962	
VAL  set, SPE:	0.985	1.000	0.936	0.974	
[21-02-05 23:14:06-INFO] TEST_RECALL: 0.527, TIME: 25.4s
[21-02-05 23:14:06-DEBUG] 
TEST set, TITLE	CLS0	CLS1	CLS2	MEAN
TEST set, REC:	0.824	0.000	0.758	0.527	
TEST set, F1 :	0.731	0.000	0.571	0.434	
TEST set, AUC:	0.809	0.622	0.804	0.745	
TEST set, ACC:	0.722	0.710	0.710	0.714	
TEST set, SPE:	0.636	0.995	0.694	0.775	
[21-02-05 23:14:07-INFO] BEST_RECALL: 0.591, EPOCH:  32
[21-02-05 23:19:06-INFO] EPOCH: 34
[21-02-05 23:19:06-INFO] TRAIN_LOSS : 0.044, TIME: 298.8s
[21-02-05 23:19:31-INFO] VAL _RECALL: 1.000, TIME: 25.4s
[21-02-05 23:19:31-DEBUG] 
VAL  set, TITLE	CLS0	CLS1	CLS2	MEAN
VAL  set, REC:	1.000	1.000	1.000	1.000	
VAL  set, F1 :	1.000	1.000	1.000	1.000	
VAL  set, AUC:	1.000	1.000	1.000	1.000	
VAL  set, ACC:	1.000	1.000	1.000	1.000	
VAL  set, SPE:	1.000	1.000	1.000	1.000	
[21-02-05 23:19:57-INFO] TEST_RECALL: 0.570, TIME: 25.5s
[21-02-05 23:19:57-DEBUG] 
TEST set, TITLE	CLS0	CLS1	CLS2	MEAN
TEST set, REC:	0.723	0.365	0.621	0.570	
TEST set, F1 :	0.702	0.388	0.612	0.567	
TEST set, AUC:	0.786	0.650	0.829	0.755	
TEST set, ACC:	0.718	0.672	0.799	0.730	
TEST set, SPE:	0.714	0.795	0.860	0.790	
[21-02-05 23:19:58-INFO] BEST_RECALL: 0.591, EPOCH:  32
[21-02-05 23:24:57-INFO] EPOCH: 35
[21-02-05 23:24:57-INFO] TRAIN_LOSS : 0.027, TIME: 298.8s
[21-02-05 23:25:22-INFO] VAL _RECALL: 1.000, TIME: 25.5s
[21-02-05 23:25:22-DEBUG] 
VAL  set, TITLE	CLS0	CLS1	CLS2	MEAN
VAL  set, REC:	1.000	1.000	1.000	1.000	
VAL  set, F1 :	1.000	1.000	1.000	1.000	
VAL  set, AUC:	1.000	1.000	1.000	1.000	
VAL  set, ACC:	1.000	1.000	1.000	1.000	
VAL  set, SPE:	1.000	1.000	1.000	1.000	
[21-02-05 23:25:48-INFO] TEST_RECALL: 0.565, TIME: 25.5s
[21-02-05 23:25:48-DEBUG] 
TEST set, TITLE	CLS0	CLS1	CLS2	MEAN
TEST set, REC:	0.849	0.270	0.576	0.565	
TEST set, F1 :	0.724	0.357	0.598	0.560	
TEST set, AUC:	0.795	0.644	0.826	0.755	
TEST set, ACC:	0.703	0.722	0.803	0.743	
TEST set, SPE:	0.579	0.903	0.881	0.787	
[21-02-05 23:25:49-INFO] BEST_RECALL: 0.591, EPOCH:  32
[21-02-05 23:30:48-INFO] EPOCH: 36
[21-02-05 23:30:48-INFO] TRAIN_LOSS : 0.047, TIME: 299.0s
[21-02-05 23:31:13-INFO] VAL _RECALL: 0.902, TIME: 25.5s
[21-02-05 23:31:13-DEBUG] 
VAL  set, TITLE	CLS0	CLS1	CLS2	MEAN
VAL  set, REC:	1.000	0.707	1.000	0.902	
VAL  set, F1 :	0.925	0.828	0.991	0.915	
VAL  set, AUC:	1.000	1.000	1.000	1.000	
VAL  set, ACC:	0.919	0.915	0.996	0.944	
VAL  set, SPE:	0.840	1.000	0.995	0.945	
[21-02-05 23:31:39-INFO] TEST_RECALL: 0.450, TIME: 25.4s
[21-02-05 23:31:39-DEBUG] 
TEST set, TITLE	CLS0	CLS1	CLS2	MEAN
TEST set, REC:	0.924	0.000	0.424	0.450	
TEST set, F1 :	0.683	0.000	0.463	0.382	
TEST set, AUC:	0.799	0.631	0.803	0.744	
TEST set, ACC:	0.606	0.710	0.749	0.689	
TEST set, SPE:	0.336	0.995	0.860	0.730	
[21-02-05 23:31:40-INFO] BEST_RECALL: 0.591, EPOCH:  32
[21-02-05 23:36:38-INFO] EPOCH: 37
[21-02-05 23:36:38-INFO] TRAIN_LOSS : 0.043, TIME: 298.9s
[21-02-05 23:37:04-INFO] VAL _RECALL: 1.000, TIME: 25.3s
[21-02-05 23:37:04-DEBUG] 
VAL  set, TITLE	CLS0	CLS1	CLS2	MEAN
VAL  set, REC:	1.000	1.000	1.000	1.000	
VAL  set, F1 :	1.000	1.000	1.000	1.000	
VAL  set, AUC:	1.000	1.000	1.000	1.000	
VAL  set, ACC:	1.000	1.000	1.000	1.000	
VAL  set, SPE:	1.000	1.000	1.000	1.000	
[21-02-05 23:37:29-INFO] TEST_RECALL: 0.537, TIME: 25.6s
[21-02-05 23:37:29-DEBUG] 
TEST set, TITLE	CLS0	CLS1	CLS2	MEAN
TEST set, REC:	0.731	0.365	0.515	0.537	
TEST set, F1 :	0.690	0.372	0.562	0.542	
TEST set, AUC:	0.784	0.651	0.830	0.755	
TEST set, ACC:	0.699	0.649	0.795	0.714	
TEST set, SPE:	0.671	0.762	0.891	0.775	
[21-02-05 23:37:30-INFO] BEST_RECALL: 0.591, EPOCH:  32
[21-02-05 23:42:29-INFO] EPOCH: 38
[21-02-05 23:42:29-INFO] TRAIN_LOSS : 0.033, TIME: 298.9s
[21-02-05 23:42:55-INFO] VAL _RECALL: 0.941, TIME: 25.5s
[21-02-05 23:42:55-DEBUG] 
VAL  set, TITLE	CLS0	CLS1	CLS2	MEAN
VAL  set, REC:	0.822	1.000	1.000	0.941	
VAL  set, F1 :	0.902	0.867	1.000	0.923	
VAL  set, AUC:	1.000	1.000	1.000	1.000	
VAL  set, ACC:	0.912	0.912	1.000	0.941	
VAL  set, SPE:	1.000	0.876	1.000	0.959	
[21-02-05 23:43:20-INFO] TEST_RECALL: 0.448, TIME: 25.5s
[21-02-05 23:43:20-DEBUG] 
TEST set, TITLE	CLS0	CLS1	CLS2	MEAN
TEST set, REC:	0.202	0.824	0.318	0.448	
TEST set, F1 :	0.320	0.454	0.424	0.399	
TEST set, AUC:	0.714	0.596	0.758	0.689	
TEST set, ACC:	0.606	0.432	0.780	0.606	
TEST set, SPE:	0.950	0.276	0.938	0.721	
[21-02-05 23:43:21-INFO] BEST_RECALL: 0.591, EPOCH:  32
[21-02-05 23:48:20-INFO] EPOCH: 39
[21-02-05 23:48:20-INFO] TRAIN_LOSS : 0.032, TIME: 298.8s
[21-02-05 23:48:45-INFO] VAL _RECALL: 1.000, TIME: 25.5s
[21-02-05 23:48:45-DEBUG] 
VAL  set, TITLE	CLS0	CLS1	CLS2	MEAN
VAL  set, REC:	1.000	1.000	1.000	1.000	
VAL  set, F1 :	1.000	1.000	1.000	1.000	
VAL  set, AUC:	1.000	1.000	1.000	1.000	
VAL  set, ACC:	1.000	1.000	1.000	1.000	
VAL  set, SPE:	1.000	1.000	1.000	1.000	
[21-02-05 23:49:11-INFO] TEST_RECALL: 0.566, TIME: 25.5s
[21-02-05 23:49:11-DEBUG] 
TEST set, TITLE	CLS0	CLS1	CLS2	MEAN
TEST set, REC:	0.647	0.446	0.606	0.566	
TEST set, F1 :	0.670	0.434	0.588	0.564	
TEST set, AUC:	0.790	0.647	0.833	0.756	
TEST set, ACC:	0.707	0.668	0.784	0.719	
TEST set, SPE:	0.757	0.757	0.845	0.786	
[21-02-05 23:49:12-INFO] BEST_RECALL: 0.591, EPOCH:  32
[21-02-05 23:54:10-INFO] EPOCH: 40
[21-02-05 23:54:10-INFO] TRAIN_LOSS : 0.008, TIME: 298.5s
[21-02-05 23:54:36-INFO] VAL _RECALL: 1.000, TIME: 25.3s
[21-02-05 23:54:36-DEBUG] 
VAL  set, TITLE	CLS0	CLS1	CLS2	MEAN
VAL  set, REC:	1.000	1.000	1.000	1.000	
VAL  set, F1 :	1.000	1.000	1.000	1.000	
VAL  set, AUC:	1.000	1.000	1.000	1.000	
VAL  set, ACC:	1.000	1.000	1.000	1.000	
VAL  set, SPE:	1.000	1.000	1.000	1.000	
[21-02-05 23:55:01-INFO] TEST_RECALL: 0.605, TIME: 25.4s
[21-02-05 23:55:01-DEBUG] 
TEST set, TITLE	CLS0	CLS1	CLS2	MEAN
TEST set, REC:	0.773	0.405	0.636	0.605	
TEST set, F1 :	0.730	0.451	0.632	0.604	
TEST set, AUC:	0.791	0.656	0.841	0.763	
TEST set, ACC:	0.737	0.718	0.811	0.755	
TEST set, SPE:	0.707	0.843	0.870	0.807	
[21-02-05 23:55:03-INFO] BEST_RECALL: 0.605, EPOCH:  40
[21-02-06 00:00:02-INFO] EPOCH: 41
[21-02-06 00:00:02-INFO] TRAIN_LOSS : 0.010, TIME: 299.0s
[21-02-06 00:00:28-INFO] VAL _RECALL: 1.000, TIME: 25.3s
[21-02-06 00:00:28-DEBUG] 
VAL  set, TITLE	CLS0	CLS1	CLS2	MEAN
VAL  set, REC:	1.000	1.000	1.000	1.000	
VAL  set, F1 :	1.000	1.000	1.000	1.000	
VAL  set, AUC:	1.000	1.000	1.000	1.000	
VAL  set, ACC:	1.000	1.000	1.000	1.000	
VAL  set, SPE:	1.000	1.000	1.000	1.000	
[21-02-06 00:00:53-INFO] TEST_RECALL: 0.576, TIME: 25.5s
[21-02-06 00:00:53-DEBUG] 
TEST set, TITLE	CLS0	CLS1	CLS2	MEAN
TEST set, REC:	0.748	0.297	0.682	0.576	
TEST set, F1 :	0.715	0.370	0.600	0.562	
TEST set, AUC:	0.803	0.664	0.845	0.771	
TEST set, ACC:	0.726	0.710	0.768	0.735	
TEST set, SPE:	0.707	0.876	0.798	0.794	
[21-02-06 00:00:54-INFO] BEST_RECALL: 0.605, EPOCH:  40
[21-02-06 00:05:53-INFO] EPOCH: 42
[21-02-06 00:05:53-INFO] TRAIN_LOSS : 0.010, TIME: 298.7s
[21-02-06 00:06:18-INFO] VAL _RECALL: 1.000, TIME: 25.3s
[21-02-06 00:06:18-DEBUG] 
VAL  set, TITLE	CLS0	CLS1	CLS2	MEAN
VAL  set, REC:	1.000	1.000	1.000	1.000	
VAL  set, F1 :	1.000	1.000	1.000	1.000	
VAL  set, AUC:	1.000	1.000	1.000	1.000	
VAL  set, ACC:	1.000	1.000	1.000	1.000	
VAL  set, SPE:	1.000	1.000	1.000	1.000	
[21-02-06 00:06:44-INFO] TEST_RECALL: 0.567, TIME: 25.5s
[21-02-06 00:06:44-DEBUG] 
TEST set, TITLE	CLS0	CLS1	CLS2	MEAN
TEST set, REC:	0.748	0.392	0.561	0.567	
TEST set, F1 :	0.695	0.406	0.622	0.574	
TEST set, AUC:	0.779	0.668	0.841	0.763	
TEST set, ACC:	0.699	0.672	0.826	0.732	
TEST set, SPE:	0.657	0.784	0.917	0.786	
[21-02-06 00:06:45-INFO] BEST_RECALL: 0.605, EPOCH:  40
[21-02-06 00:11:43-INFO] EPOCH: 43
[21-02-06 00:11:43-INFO] TRAIN_LOSS : 0.004, TIME: 298.7s
[21-02-06 00:12:09-INFO] VAL _RECALL: 1.000, TIME: 25.4s
[21-02-06 00:12:09-DEBUG] 
VAL  set, TITLE	CLS0	CLS1	CLS2	MEAN
VAL  set, REC:	1.000	1.000	1.000	1.000	
VAL  set, F1 :	1.000	1.000	1.000	1.000	
VAL  set, AUC:	1.000	1.000	1.000	1.000	
VAL  set, ACC:	1.000	1.000	1.000	1.000	
VAL  set, SPE:	1.000	1.000	1.000	1.000	
[21-02-06 00:12:34-INFO] TEST_RECALL: 0.602, TIME: 25.5s
[21-02-06 00:12:34-DEBUG] 
TEST set, TITLE	CLS0	CLS1	CLS2	MEAN
TEST set, REC:	0.748	0.405	0.652	0.602	
TEST set, F1 :	0.724	0.444	0.628	0.599	
TEST set, AUC:	0.792	0.684	0.840	0.772	
TEST set, ACC:	0.737	0.710	0.803	0.750	
TEST set, SPE:	0.729	0.832	0.855	0.805	
[21-02-06 00:12:35-INFO] BEST_RECALL: 0.605, EPOCH:  40
[21-02-06 00:17:34-INFO] EPOCH: 44
[21-02-06 00:17:34-INFO] TRAIN_LOSS : 0.010, TIME: 298.7s
[21-02-06 00:17:59-INFO] VAL _RECALL: 1.000, TIME: 25.4s
[21-02-06 00:17:59-DEBUG] 
VAL  set, TITLE	CLS0	CLS1	CLS2	MEAN
VAL  set, REC:	1.000	1.000	1.000	1.000	
VAL  set, F1 :	1.000	1.000	1.000	1.000	
VAL  set, AUC:	1.000	1.000	1.000	1.000	
VAL  set, ACC:	1.000	1.000	1.000	1.000	
VAL  set, SPE:	1.000	1.000	1.000	1.000	
[21-02-06 00:18:25-INFO] TEST_RECALL: 0.568, TIME: 25.4s
[21-02-06 00:18:25-DEBUG] 
TEST set, TITLE	CLS0	CLS1	CLS2	MEAN
TEST set, REC:	0.706	0.378	0.621	0.568	
TEST set, F1 :	0.689	0.403	0.607	0.566	
TEST set, AUC:	0.771	0.652	0.824	0.749	
TEST set, ACC:	0.707	0.680	0.795	0.727	
TEST set, SPE:	0.707	0.800	0.855	0.787	
[21-02-06 00:18:26-INFO] BEST_RECALL: 0.605, EPOCH:  40
[21-02-06 00:23:25-INFO] EPOCH: 45
[21-02-06 00:23:25-INFO] TRAIN_LOSS : 0.034, TIME: 298.8s
[21-02-06 00:23:50-INFO] VAL _RECALL: 0.964, TIME: 25.3s
[21-02-06 00:23:50-DEBUG] 
VAL  set, TITLE	CLS0	CLS1	CLS2	MEAN
VAL  set, REC:	1.000	1.000	0.893	0.964	
VAL  set, F1 :	0.996	0.968	0.943	0.969	
VAL  set, AUC:	1.000	1.000	1.000	1.000	
VAL  set, ACC:	0.996	0.981	0.977	0.985	
VAL  set, SPE:	0.992	0.973	1.000	0.988	
[21-02-06 00:24:16-INFO] TEST_RECALL: 0.470, TIME: 25.5s
[21-02-06 00:24:16-DEBUG] 
TEST set, TITLE	CLS0	CLS1	CLS2	MEAN
TEST set, REC:	0.655	0.662	0.091	0.470	
TEST set, F1 :	0.661	0.469	0.164	0.431	
TEST set, AUC:	0.747	0.662	0.798	0.736	
TEST set, ACC:	0.691	0.571	0.764	0.676	
TEST set, SPE:	0.721	0.535	0.995	0.750	
[21-02-06 00:24:17-INFO] BEST_RECALL: 0.605, EPOCH:  40
[21-02-06 00:29:15-INFO] EPOCH: 46
[21-02-06 00:29:15-INFO] TRAIN_LOSS : 0.084, TIME: 298.7s
[21-02-06 00:29:41-INFO] VAL _RECALL: 0.953, TIME: 25.3s
[21-02-06 00:29:41-DEBUG] 
VAL  set, TITLE	CLS0	CLS1	CLS2	MEAN
VAL  set, REC:	0.984	1.000	0.875	0.953	
VAL  set, F1 :	0.992	0.943	0.933	0.956	
VAL  set, AUC:	1.000	1.000	1.000	1.000	
VAL  set, ACC:	0.992	0.965	0.973	0.977	
VAL  set, SPE:	1.000	0.951	1.000	0.984	
[21-02-06 00:30:06-INFO] TEST_RECALL: 0.479, TIME: 25.6s
[21-02-06 00:30:06-DEBUG] 
TEST set, TITLE	CLS0	CLS1	CLS2	MEAN
TEST set, REC:	0.487	0.797	0.152	0.479	
TEST set, F1 :	0.589	0.488	0.253	0.443	
TEST set, AUC:	0.785	0.675	0.779	0.747	
TEST set, ACC:	0.687	0.521	0.772	0.660	
TEST set, SPE:	0.857	0.411	0.984	0.751	
[21-02-06 00:30:07-INFO] BEST_RECALL: 0.605, EPOCH:  40
[21-02-06 00:35:06-INFO] EPOCH: 47
[21-02-06 00:35:06-INFO] TRAIN_LOSS : 0.020, TIME: 298.6s
[21-02-06 00:35:31-INFO] VAL _RECALL: 1.000, TIME: 25.4s
[21-02-06 00:35:31-DEBUG] 
VAL  set, TITLE	CLS0	CLS1	CLS2	MEAN
VAL  set, REC:	1.000	1.000	1.000	1.000	
VAL  set, F1 :	1.000	1.000	1.000	1.000	
VAL  set, AUC:	1.000	1.000	1.000	1.000	
VAL  set, ACC:	1.000	1.000	1.000	1.000	
VAL  set, SPE:	1.000	1.000	1.000	1.000	
[21-02-06 00:35:57-INFO] TEST_RECALL: 0.536, TIME: 25.5s
[21-02-06 00:35:57-DEBUG] 
TEST set, TITLE	CLS0	CLS1	CLS2	MEAN
TEST set, REC:	0.647	0.446	0.515	0.536	
TEST set, F1 :	0.675	0.407	0.531	0.538	
TEST set, AUC:	0.776	0.635	0.814	0.742	
TEST set, ACC:	0.714	0.629	0.768	0.704	
TEST set, SPE:	0.771	0.703	0.855	0.776	
[21-02-06 00:35:58-INFO] BEST_RECALL: 0.605, EPOCH:  40
[21-02-06 00:40:56-INFO] EPOCH: 48
[21-02-06 00:40:56-INFO] TRAIN_LOSS : 0.004, TIME: 298.6s
[21-02-06 00:41:22-INFO] VAL _RECALL: 1.000, TIME: 25.3s
[21-02-06 00:41:22-DEBUG] 
VAL  set, TITLE	CLS0	CLS1	CLS2	MEAN
VAL  set, REC:	1.000	1.000	1.000	1.000	
VAL  set, F1 :	1.000	1.000	1.000	1.000	
VAL  set, AUC:	1.000	1.000	1.000	1.000	
VAL  set, ACC:	1.000	1.000	1.000	1.000	
VAL  set, SPE:	1.000	1.000	1.000	1.000	
[21-02-06 00:41:47-INFO] TEST_RECALL: 0.548, TIME: 25.5s
[21-02-06 00:41:47-DEBUG] 
TEST set, TITLE	CLS0	CLS1	CLS2	MEAN
TEST set, REC:	0.773	0.324	0.545	0.548	
TEST set, F1 :	0.700	0.375	0.567	0.547	
TEST set, AUC:	0.773	0.635	0.828	0.746	
TEST set, ACC:	0.695	0.691	0.788	0.725	
TEST set, SPE:	0.629	0.838	0.870	0.779	
[21-02-06 00:41:48-INFO] BEST_RECALL: 0.605, EPOCH:  40
[21-02-06 00:46:47-INFO] EPOCH: 49
[21-02-06 00:46:47-INFO] TRAIN_LOSS : 0.004, TIME: 298.6s
[21-02-06 00:47:12-INFO] VAL _RECALL: 1.000, TIME: 25.5s
[21-02-06 00:47:12-DEBUG] 
VAL  set, TITLE	CLS0	CLS1	CLS2	MEAN
VAL  set, REC:	1.000	1.000	1.000	1.000	
VAL  set, F1 :	1.000	1.000	1.000	1.000	
VAL  set, AUC:	1.000	1.000	1.000	1.000	
VAL  set, ACC:	1.000	1.000	1.000	1.000	
VAL  set, SPE:	1.000	1.000	1.000	1.000	
[21-02-06 00:47:38-INFO] TEST_RECALL: 0.555, TIME: 25.5s
[21-02-06 00:47:38-DEBUG] 
TEST set, TITLE	CLS0	CLS1	CLS2	MEAN
TEST set, REC:	0.723	0.351	0.591	0.555	
TEST set, F1 :	0.691	0.382	0.586	0.553	
TEST set, AUC:	0.764	0.632	0.819	0.738	
TEST set, ACC:	0.703	0.676	0.788	0.722	
TEST set, SPE:	0.686	0.805	0.855	0.782	
[21-02-06 00:47:39-INFO] BEST_RECALL: 0.605, EPOCH:  40
[21-02-06 00:52:37-INFO] EPOCH: 50
[21-02-06 00:52:37-INFO] TRAIN_LOSS : 0.003, TIME: 298.5s
[21-02-06 00:53:03-INFO] VAL _RECALL: 1.000, TIME: 25.4s
[21-02-06 00:53:03-DEBUG] 
VAL  set, TITLE	CLS0	CLS1	CLS2	MEAN
VAL  set, REC:	1.000	1.000	1.000	1.000	
VAL  set, F1 :	1.000	1.000	1.000	1.000	
VAL  set, AUC:	1.000	1.000	1.000	1.000	
VAL  set, ACC:	1.000	1.000	1.000	1.000	
VAL  set, SPE:	1.000	1.000	1.000	1.000	
[21-02-06 00:53:28-INFO] TEST_RECALL: 0.559, TIME: 25.5s
[21-02-06 00:53:28-DEBUG] 
TEST set, TITLE	CLS0	CLS1	CLS2	MEAN
TEST set, REC:	0.748	0.338	0.591	0.559	
TEST set, F1 :	0.698	0.379	0.595	0.557	
TEST set, AUC:	0.773	0.640	0.824	0.746	
TEST set, ACC:	0.703	0.683	0.795	0.727	
TEST set, SPE:	0.664	0.822	0.865	0.784	
[21-02-06 00:53:29-INFO] BEST_RECALL: 0.605, EPOCH:  40
[21-02-06 00:58:28-INFO] EPOCH: 51
[21-02-06 00:58:28-INFO] TRAIN_LOSS : 0.004, TIME: 298.5s
[21-02-06 00:58:53-INFO] VAL _RECALL: 1.000, TIME: 25.3s
[21-02-06 00:58:53-DEBUG] 
VAL  set, TITLE	CLS0	CLS1	CLS2	MEAN
VAL  set, REC:	1.000	1.000	1.000	1.000	
VAL  set, F1 :	1.000	1.000	1.000	1.000	
VAL  set, AUC:	1.000	1.000	1.000	1.000	
VAL  set, ACC:	1.000	1.000	1.000	1.000	
VAL  set, SPE:	1.000	1.000	1.000	1.000	
[21-02-06 00:59:19-INFO] TEST_RECALL: 0.557, TIME: 25.6s
[21-02-06 00:59:19-DEBUG] 
TEST set, TITLE	CLS0	CLS1	CLS2	MEAN
TEST set, REC:	0.731	0.365	0.576	0.557	
TEST set, F1 :	0.699	0.388	0.585	0.557	
TEST set, AUC:	0.784	0.645	0.814	0.748	
TEST set, ACC:	0.710	0.672	0.792	0.725	
TEST set, SPE:	0.693	0.795	0.865	0.784	
[21-02-06 00:59:20-INFO] BEST_RECALL: 0.605, EPOCH:  40
[21-02-06 01:04:18-INFO] EPOCH: 52
[21-02-06 01:04:18-INFO] TRAIN_LOSS : 0.002, TIME: 298.5s
[21-02-06 01:04:44-INFO] VAL _RECALL: 1.000, TIME: 25.4s
[21-02-06 01:04:44-DEBUG] 
VAL  set, TITLE	CLS0	CLS1	CLS2	MEAN
VAL  set, REC:	1.000	1.000	1.000	1.000	
VAL  set, F1 :	1.000	1.000	1.000	1.000	
VAL  set, AUC:	1.000	1.000	1.000	1.000	
VAL  set, ACC:	1.000	1.000	1.000	1.000	
VAL  set, SPE:	1.000	1.000	1.000	1.000	
[21-02-06 01:05:09-INFO] TEST_RECALL: 0.584, TIME: 25.4s
[21-02-06 01:05:09-DEBUG] 
TEST set, TITLE	CLS0	CLS1	CLS2	MEAN
TEST set, REC:	0.739	0.392	0.621	0.584	
TEST set, F1 :	0.721	0.420	0.603	0.582	
TEST set, AUC:	0.783	0.647	0.820	0.750	
TEST set, ACC:	0.737	0.691	0.792	0.740	
TEST set, SPE:	0.736	0.811	0.850	0.799	
[21-02-06 01:05:10-INFO] BEST_RECALL: 0.605, EPOCH:  40
[21-02-06 01:10:08-INFO] EPOCH: 53
[21-02-06 01:10:08-INFO] TRAIN_LOSS : 0.003, TIME: 298.4s
[21-02-06 01:10:34-INFO] VAL _RECALL: 1.000, TIME: 25.3s
[21-02-06 01:10:34-DEBUG] 
VAL  set, TITLE	CLS0	CLS1	CLS2	MEAN
VAL  set, REC:	1.000	1.000	1.000	1.000	
VAL  set, F1 :	1.000	1.000	1.000	1.000	
VAL  set, AUC:	1.000	1.000	1.000	1.000	
VAL  set, ACC:	1.000	1.000	1.000	1.000	
VAL  set, SPE:	1.000	1.000	1.000	1.000	
[21-02-06 01:10:59-INFO] TEST_RECALL: 0.551, TIME: 25.5s
[21-02-06 01:10:59-DEBUG] 
TEST set, TITLE	CLS0	CLS1	CLS2	MEAN
TEST set, REC:	0.714	0.378	0.561	0.551	
TEST set, F1 :	0.677	0.392	0.597	0.555	
TEST set, AUC:	0.774	0.645	0.829	0.750	
TEST set, ACC:	0.687	0.664	0.807	0.719	
TEST set, SPE:	0.664	0.778	0.891	0.778	
[21-02-06 01:11:00-INFO] BEST_RECALL: 0.605, EPOCH:  40
[21-02-06 01:15:59-INFO] EPOCH: 54
[21-02-06 01:15:59-INFO] TRAIN_LOSS : 0.002, TIME: 298.6s
[21-02-06 01:16:24-INFO] VAL _RECALL: 1.000, TIME: 25.3s
[21-02-06 01:16:24-DEBUG] 
VAL  set, TITLE	CLS0	CLS1	CLS2	MEAN
VAL  set, REC:	1.000	1.000	1.000	1.000	
VAL  set, F1 :	1.000	1.000	1.000	1.000	
VAL  set, AUC:	1.000	1.000	1.000	1.000	
VAL  set, ACC:	1.000	1.000	1.000	1.000	
VAL  set, SPE:	1.000	1.000	1.000	1.000	
[21-02-06 01:16:50-INFO] TEST_RECALL: 0.553, TIME: 25.5s
[21-02-06 01:16:50-DEBUG] 
TEST set, TITLE	CLS0	CLS1	CLS2	MEAN
TEST set, REC:	0.655	0.459	0.545	0.553	
TEST set, F1 :	0.670	0.436	0.558	0.555	
TEST set, AUC:	0.771	0.638	0.824	0.744	
TEST set, ACC:	0.703	0.660	0.780	0.714	
TEST set, SPE:	0.743	0.741	0.860	0.781	
[21-02-06 01:16:51-INFO] BEST_RECALL: 0.605, EPOCH:  40
[21-02-06 01:21:49-INFO] EPOCH: 55
[21-02-06 01:21:49-INFO] TRAIN_LOSS : 0.001, TIME: 298.7s
[21-02-06 01:22:15-INFO] VAL _RECALL: 1.000, TIME: 25.5s
[21-02-06 01:22:15-DEBUG] 
VAL  set, TITLE	CLS0	CLS1	CLS2	MEAN
VAL  set, REC:	1.000	1.000	1.000	1.000	
VAL  set, F1 :	1.000	1.000	1.000	1.000	
VAL  set, AUC:	1.000	1.000	1.000	1.000	
VAL  set, ACC:	1.000	1.000	1.000	1.000	
VAL  set, SPE:	1.000	1.000	1.000	1.000	
[21-02-06 01:22:40-INFO] TEST_RECALL: 0.540, TIME: 25.5s
[21-02-06 01:22:40-DEBUG] 
TEST set, TITLE	CLS0	CLS1	CLS2	MEAN
TEST set, REC:	0.798	0.338	0.485	0.540	
TEST set, F1 :	0.709	0.376	0.547	0.544	
TEST set, AUC:	0.778	0.643	0.829	0.750	
TEST set, ACC:	0.699	0.680	0.795	0.725	
TEST set, SPE:	0.614	0.816	0.902	0.777	
[21-02-06 01:22:41-INFO] BEST_RECALL: 0.605, EPOCH:  40
[21-02-06 01:27:40-INFO] EPOCH: 56
[21-02-06 01:27:40-INFO] TRAIN_LOSS : 0.001, TIME: 298.3s
[21-02-06 01:28:05-INFO] VAL _RECALL: 1.000, TIME: 25.4s
[21-02-06 01:28:05-DEBUG] 
VAL  set, TITLE	CLS0	CLS1	CLS2	MEAN
VAL  set, REC:	1.000	1.000	1.000	1.000	
VAL  set, F1 :	1.000	1.000	1.000	1.000	
VAL  set, AUC:	1.000	1.000	1.000	1.000	
VAL  set, ACC:	1.000	1.000	1.000	1.000	
VAL  set, SPE:	1.000	1.000	1.000	1.000	
[21-02-06 01:28:31-INFO] TEST_RECALL: 0.570, TIME: 25.5s
[21-02-06 01:28:31-DEBUG] 
TEST set, TITLE	CLS0	CLS1	CLS2	MEAN
TEST set, REC:	0.723	0.365	0.621	0.570	
TEST set, F1 :	0.702	0.397	0.599	0.566	
TEST set, AUC:	0.772	0.641	0.834	0.749	
TEST set, ACC:	0.718	0.683	0.788	0.730	
TEST set, SPE:	0.714	0.811	0.845	0.790	
[21-02-06 01:28:32-INFO] BEST_RECALL: 0.605, EPOCH:  40
[21-02-06 01:33:30-INFO] EPOCH: 57
[21-02-06 01:33:30-INFO] TRAIN_LOSS : 0.001, TIME: 298.6s
[21-02-06 01:33:56-INFO] VAL _RECALL: 1.000, TIME: 25.5s
[21-02-06 01:33:56-DEBUG] 
VAL  set, TITLE	CLS0	CLS1	CLS2	MEAN
VAL  set, REC:	1.000	1.000	1.000	1.000	
VAL  set, F1 :	1.000	1.000	1.000	1.000	
VAL  set, AUC:	1.000	1.000	1.000	1.000	
VAL  set, ACC:	1.000	1.000	1.000	1.000	
VAL  set, SPE:	1.000	1.000	1.000	1.000	
[21-02-06 01:34:21-INFO] TEST_RECALL: 0.550, TIME: 25.5s
[21-02-06 01:34:21-DEBUG] 
TEST set, TITLE	CLS0	CLS1	CLS2	MEAN
TEST set, REC:	0.756	0.365	0.530	0.550	
TEST set, F1 :	0.700	0.383	0.583	0.556	
TEST set, AUC:	0.783	0.654	0.841	0.759	
TEST set, ACC:	0.703	0.664	0.807	0.725	
TEST set, SPE:	0.657	0.784	0.902	0.781	
[21-02-06 01:34:22-INFO] BEST_RECALL: 0.605, EPOCH:  40
[21-02-06 01:39:21-INFO] EPOCH: 58
[21-02-06 01:39:21-INFO] TRAIN_LOSS : 0.001, TIME: 298.4s
[21-02-06 01:39:46-INFO] VAL _RECALL: 1.000, TIME: 25.3s
[21-02-06 01:39:46-DEBUG] 
VAL  set, TITLE	CLS0	CLS1	CLS2	MEAN
VAL  set, REC:	1.000	1.000	1.000	1.000	
VAL  set, F1 :	1.000	1.000	1.000	1.000	
VAL  set, AUC:	1.000	1.000	1.000	1.000	
VAL  set, ACC:	1.000	1.000	1.000	1.000	
VAL  set, SPE:	1.000	1.000	1.000	1.000	
[21-02-06 01:40:11-INFO] TEST_RECALL: 0.573, TIME: 25.5s
[21-02-06 01:40:11-DEBUG] 
TEST set, TITLE	CLS0	CLS1	CLS2	MEAN
TEST set, REC:	0.773	0.311	0.636	0.573	
TEST set, F1 :	0.708	0.374	0.622	0.568	
TEST set, AUC:	0.784	0.650	0.839	0.758	
TEST set, ACC:	0.707	0.703	0.803	0.737	
TEST set, SPE:	0.650	0.859	0.860	0.790	
[21-02-06 01:40:12-INFO] BEST_RECALL: 0.605, EPOCH:  40
[21-02-06 01:45:11-INFO] EPOCH: 59
[21-02-06 01:45:11-INFO] TRAIN_LOSS : 0.001, TIME: 298.4s
[21-02-06 01:45:36-INFO] VAL _RECALL: 1.000, TIME: 25.4s
[21-02-06 01:45:36-DEBUG] 
VAL  set, TITLE	CLS0	CLS1	CLS2	MEAN
VAL  set, REC:	1.000	1.000	1.000	1.000	
VAL  set, F1 :	1.000	1.000	1.000	1.000	
VAL  set, AUC:	1.000	1.000	1.000	1.000	
VAL  set, ACC:	1.000	1.000	1.000	1.000	
VAL  set, SPE:	1.000	1.000	1.000	1.000	
[21-02-06 01:46:02-INFO] TEST_RECALL: 0.561, TIME: 25.5s
[21-02-06 01:46:02-DEBUG] 
TEST set, TITLE	CLS0	CLS1	CLS2	MEAN
TEST set, REC:	0.782	0.324	0.576	0.561	
TEST set, F1 :	0.713	0.372	0.594	0.559	
TEST set, AUC:	0.782	0.650	0.837	0.756	
TEST set, ACC:	0.710	0.687	0.799	0.732	
TEST set, SPE:	0.650	0.832	0.876	0.786	
[21-02-06 01:46:03-INFO] BEST_RECALL: 0.605, EPOCH:  40
[21-02-06 01:51:01-INFO] EPOCH: 60
[21-02-06 01:51:01-INFO] TRAIN_LOSS : 0.001, TIME: 298.4s
[21-02-06 01:51:27-INFO] VAL _RECALL: 1.000, TIME: 25.4s
[21-02-06 01:51:27-DEBUG] 
VAL  set, TITLE	CLS0	CLS1	CLS2	MEAN
VAL  set, REC:	1.000	1.000	1.000	1.000	
VAL  set, F1 :	1.000	1.000	1.000	1.000	
VAL  set, AUC:	1.000	1.000	1.000	1.000	
VAL  set, ACC:	1.000	1.000	1.000	1.000	
VAL  set, SPE:	1.000	1.000	1.000	1.000	
[21-02-06 01:51:52-INFO] TEST_RECALL: 0.569, TIME: 25.4s
[21-02-06 01:51:52-DEBUG] 
TEST set, TITLE	CLS0	CLS1	CLS2	MEAN
TEST set, REC:	0.790	0.311	0.606	0.569	
TEST set, F1 :	0.709	0.377	0.611	0.566	
TEST set, AUC:	0.781	0.649	0.833	0.754	
TEST set, ACC:	0.703	0.707	0.803	0.737	
TEST set, SPE:	0.629	0.865	0.870	0.788	
[21-02-06 01:51:53-INFO] BEST_RECALL: 0.605, EPOCH:  40
[21-02-06 01:56:51-INFO] EPOCH: 61
[21-02-06 01:56:51-INFO] TRAIN_LOSS : 0.000, TIME: 298.2s
[21-02-06 01:57:17-INFO] VAL _RECALL: 1.000, TIME: 25.4s
[21-02-06 01:57:17-DEBUG] 
VAL  set, TITLE	CLS0	CLS1	CLS2	MEAN
VAL  set, REC:	1.000	1.000	1.000	1.000	
VAL  set, F1 :	1.000	1.000	1.000	1.000	
VAL  set, AUC:	1.000	1.000	1.000	1.000	
VAL  set, ACC:	1.000	1.000	1.000	1.000	
VAL  set, SPE:	1.000	1.000	1.000	1.000	
[21-02-06 01:57:42-INFO] TEST_RECALL: 0.563, TIME: 25.5s
[21-02-06 01:57:42-DEBUG] 
TEST set, TITLE	CLS0	CLS1	CLS2	MEAN
TEST set, REC:	0.790	0.338	0.561	0.563	
TEST set, F1 :	0.707	0.394	0.592	0.564	
TEST set, AUC:	0.781	0.649	0.833	0.755	
TEST set, ACC:	0.699	0.703	0.803	0.735	
TEST set, SPE:	0.621	0.849	0.886	0.785	
[21-02-06 01:57:43-INFO] BEST_RECALL: 0.605, EPOCH:  40
[21-02-06 02:02:42-INFO] EPOCH: 62
[21-02-06 02:02:42-INFO] TRAIN_LOSS : 0.001, TIME: 298.5s
[21-02-06 02:03:07-INFO] VAL _RECALL: 1.000, TIME: 25.4s
[21-02-06 02:03:07-DEBUG] 
VAL  set, TITLE	CLS0	CLS1	CLS2	MEAN
VAL  set, REC:	1.000	1.000	1.000	1.000	
VAL  set, F1 :	1.000	1.000	1.000	1.000	
VAL  set, AUC:	1.000	1.000	1.000	1.000	
VAL  set, ACC:	1.000	1.000	1.000	1.000	
VAL  set, SPE:	1.000	1.000	1.000	1.000	
[21-02-06 02:03:33-INFO] TEST_RECALL: 0.564, TIME: 25.5s
[21-02-06 02:03:33-DEBUG] 
TEST set, TITLE	CLS0	CLS1	CLS2	MEAN
TEST set, REC:	0.756	0.405	0.530	0.564	
TEST set, F1 :	0.700	0.417	0.598	0.572	
TEST set, AUC:	0.776	0.652	0.830	0.753	
TEST set, ACC:	0.703	0.676	0.819	0.732	
TEST set, SPE:	0.657	0.784	0.917	0.786	
[21-02-06 02:03:34-INFO] BEST_RECALL: 0.605, EPOCH:  40
[21-02-06 02:08:32-INFO] EPOCH: 63
[21-02-06 02:08:32-INFO] TRAIN_LOSS : 0.000, TIME: 298.4s
[21-02-06 02:08:57-INFO] VAL _RECALL: 1.000, TIME: 25.5s
[21-02-06 02:08:57-DEBUG] 
VAL  set, TITLE	CLS0	CLS1	CLS2	MEAN
VAL  set, REC:	1.000	1.000	1.000	1.000	
VAL  set, F1 :	1.000	1.000	1.000	1.000	
VAL  set, AUC:	1.000	1.000	1.000	1.000	
VAL  set, ACC:	1.000	1.000	1.000	1.000	
VAL  set, SPE:	1.000	1.000	1.000	1.000	
[21-02-06 02:09:23-INFO] TEST_RECALL: 0.582, TIME: 25.5s
[21-02-06 02:09:23-DEBUG] 
TEST set, TITLE	CLS0	CLS1	CLS2	MEAN
TEST set, REC:	0.782	0.297	0.667	0.582	
TEST set, F1 :	0.721	0.370	0.624	0.572	
TEST set, AUC:	0.782	0.661	0.827	0.757	
TEST set, ACC:	0.722	0.710	0.795	0.743	
TEST set, SPE:	0.671	0.876	0.839	0.795	
[21-02-06 02:09:24-INFO] BEST_RECALL: 0.605, EPOCH:  40
[21-02-06 02:14:22-INFO] EPOCH: 64
[21-02-06 02:14:22-INFO] TRAIN_LOSS : 0.000, TIME: 298.4s
[21-02-06 02:14:48-INFO] VAL _RECALL: 1.000, TIME: 25.5s
[21-02-06 02:14:48-DEBUG] 
VAL  set, TITLE	CLS0	CLS1	CLS2	MEAN
VAL  set, REC:	1.000	1.000	1.000	1.000	
VAL  set, F1 :	1.000	1.000	1.000	1.000	
VAL  set, AUC:	1.000	1.000	1.000	1.000	
VAL  set, ACC:	1.000	1.000	1.000	1.000	
VAL  set, SPE:	1.000	1.000	1.000	1.000	
[21-02-06 02:15:13-INFO] TEST_RECALL: 0.579, TIME: 25.5s
[21-02-06 02:15:13-DEBUG] 
TEST set, TITLE	CLS0	CLS1	CLS2	MEAN
TEST set, REC:	0.739	0.392	0.606	0.579	
TEST set, F1 :	0.698	0.423	0.620	0.581	
TEST set, AUC:	0.777	0.660	0.825	0.754	
TEST set, ACC:	0.707	0.695	0.811	0.737	
TEST set, SPE:	0.679	0.816	0.881	0.792	
[21-02-06 02:15:14-INFO] BEST_RECALL: 0.605, EPOCH:  40
[21-02-06 02:20:13-INFO] EPOCH: 65
[21-02-06 02:20:13-INFO] TRAIN_LOSS : 0.000, TIME: 298.5s
[21-02-06 02:20:38-INFO] VAL _RECALL: 1.000, TIME: 25.3s
[21-02-06 02:20:38-DEBUG] 
VAL  set, TITLE	CLS0	CLS1	CLS2	MEAN
VAL  set, REC:	1.000	1.000	1.000	1.000	
VAL  set, F1 :	1.000	1.000	1.000	1.000	
VAL  set, AUC:	1.000	1.000	1.000	1.000	
VAL  set, ACC:	1.000	1.000	1.000	1.000	
VAL  set, SPE:	1.000	1.000	1.000	1.000	
[21-02-06 02:21:04-INFO] TEST_RECALL: 0.568, TIME: 25.5s
[21-02-06 02:21:04-DEBUG] 
TEST set, TITLE	CLS0	CLS1	CLS2	MEAN
TEST set, REC:	0.798	0.284	0.621	0.568	
TEST set, F1 :	0.714	0.350	0.621	0.562	
TEST set, AUC:	0.787	0.659	0.829	0.758	
TEST set, ACC:	0.707	0.699	0.807	0.737	
TEST set, SPE:	0.629	0.865	0.870	0.788	
[21-02-06 02:21:05-INFO] BEST_RECALL: 0.605, EPOCH:  40
[21-02-06 02:26:03-INFO] EPOCH: 66
[21-02-06 02:26:03-INFO] TRAIN_LOSS : 0.000, TIME: 298.5s
[21-02-06 02:26:29-INFO] VAL _RECALL: 1.000, TIME: 25.3s
[21-02-06 02:26:29-DEBUG] 
VAL  set, TITLE	CLS0	CLS1	CLS2	MEAN
VAL  set, REC:	1.000	1.000	1.000	1.000	
VAL  set, F1 :	1.000	1.000	1.000	1.000	
VAL  set, AUC:	1.000	1.000	1.000	1.000	
VAL  set, ACC:	1.000	1.000	1.000	1.000	
VAL  set, SPE:	1.000	1.000	1.000	1.000	
[21-02-06 02:26:54-INFO] TEST_RECALL: 0.576, TIME: 25.5s
[21-02-06 02:26:54-DEBUG] 
TEST set, TITLE	CLS0	CLS1	CLS2	MEAN
TEST set, REC:	0.782	0.324	0.621	0.576	
TEST set, F1 :	0.710	0.384	0.626	0.573	
TEST set, AUC:	0.781	0.651	0.827	0.753	
TEST set, ACC:	0.707	0.703	0.811	0.740	
TEST set, SPE:	0.643	0.854	0.876	0.791	
[21-02-06 02:26:55-INFO] BEST_RECALL: 0.605, EPOCH:  40
[21-02-06 02:31:53-INFO] EPOCH: 67
[21-02-06 02:31:53-INFO] TRAIN_LOSS : 0.000, TIME: 298.4s
[21-02-06 02:32:19-INFO] VAL _RECALL: 1.000, TIME: 25.4s
[21-02-06 02:32:19-DEBUG] 
VAL  set, TITLE	CLS0	CLS1	CLS2	MEAN
VAL  set, REC:	1.000	1.000	1.000	1.000	
VAL  set, F1 :	1.000	1.000	1.000	1.000	
VAL  set, AUC:	1.000	1.000	1.000	1.000	
VAL  set, ACC:	1.000	1.000	1.000	1.000	
VAL  set, SPE:	1.000	1.000	1.000	1.000	
[21-02-06 02:32:44-INFO] TEST_RECALL: 0.575, TIME: 25.4s
[21-02-06 02:32:44-DEBUG] 
TEST set, TITLE	CLS0	CLS1	CLS2	MEAN
TEST set, REC:	0.773	0.405	0.545	0.575	
TEST set, F1 :	0.710	0.426	0.610	0.582	
TEST set, AUC:	0.777	0.652	0.822	0.751	
TEST set, ACC:	0.710	0.687	0.822	0.740	
TEST set, SPE:	0.657	0.800	0.917	0.791	
[21-02-06 02:32:45-INFO] BEST_RECALL: 0.605, EPOCH:  40
[21-02-06 02:37:43-INFO] EPOCH: 68
[21-02-06 02:37:43-INFO] TRAIN_LOSS : 0.000, TIME: 298.3s
[21-02-06 02:38:09-INFO] VAL _RECALL: 1.000, TIME: 25.4s
[21-02-06 02:38:09-DEBUG] 
VAL  set, TITLE	CLS0	CLS1	CLS2	MEAN
VAL  set, REC:	1.000	1.000	1.000	1.000	
VAL  set, F1 :	1.000	1.000	1.000	1.000	
VAL  set, AUC:	1.000	1.000	1.000	1.000	
VAL  set, ACC:	1.000	1.000	1.000	1.000	
VAL  set, SPE:	1.000	1.000	1.000	1.000	
[21-02-06 02:38:34-INFO] TEST_RECALL: 0.551, TIME: 25.5s
[21-02-06 02:38:34-DEBUG] 
TEST set, TITLE	CLS0	CLS1	CLS2	MEAN
TEST set, REC:	0.706	0.446	0.500	0.551	
TEST set, F1 :	0.680	0.423	0.574	0.559	
TEST set, AUC:	0.773	0.653	0.819	0.748	
TEST set, ACC:	0.695	0.653	0.811	0.719	
TEST set, SPE:	0.686	0.735	0.917	0.779	
[21-02-06 02:38:35-INFO] BEST_RECALL: 0.605, EPOCH:  40
[21-02-06 02:43:34-INFO] EPOCH: 69
[21-02-06 02:43:34-INFO] TRAIN_LOSS : 0.000, TIME: 298.4s
[21-02-06 02:43:59-INFO] VAL _RECALL: 1.000, TIME: 25.4s
[21-02-06 02:43:59-DEBUG] 
VAL  set, TITLE	CLS0	CLS1	CLS2	MEAN
VAL  set, REC:	1.000	1.000	1.000	1.000	
VAL  set, F1 :	1.000	1.000	1.000	1.000	
VAL  set, AUC:	1.000	1.000	1.000	1.000	
VAL  set, ACC:	1.000	1.000	1.000	1.000	
VAL  set, SPE:	1.000	1.000	1.000	1.000	
[21-02-06 02:44:25-INFO] TEST_RECALL: 0.572, TIME: 25.4s
[21-02-06 02:44:25-DEBUG] 
TEST set, TITLE	CLS0	CLS1	CLS2	MEAN
TEST set, REC:	0.798	0.297	0.621	0.572	
TEST set, F1 :	0.720	0.367	0.612	0.566	
TEST set, AUC:	0.780	0.655	0.823	0.753	
TEST set, ACC:	0.714	0.707	0.799	0.740	
TEST set, SPE:	0.643	0.870	0.860	0.791	
[21-02-06 02:44:26-INFO] BEST_RECALL: 0.605, EPOCH:  40
