[21-02-05 07:40:36-DEBUG] Checkpoints is in:
./results/checkpoints/20210205/3D_ResNet18-4-074035/
[21-02-05 07:40:36-DEBUG] Tensorboard is in:
./results/tensorboards/20210205/3D_ResNet18-4-074035/
[21-02-05 07:40:36-DEBUG] Data is in:
./data/Net_Input/3D_64_z1.0_l0.70_h0.10_20210125/
[21-02-05 07:40:36-DEBUG] LR: 3e-05, LD: 0.98
[21-02-05 07:40:36-DEBUG] WD: 1e-05, WU: 20
[21-02-05 07:40:36-DEBUG] BS: 4, FOLD: 4


[21-02-05 07:50:56-INFO] EPOCH: 1
[21-02-05 07:50:56-INFO] TRAIN_LOSS : 1.017, TIME: 612.4s
[21-02-05 07:51:47-INFO] VAL _RECALL: 0.420, TIME: 51.6s
[21-02-05 07:51:47-DEBUG] 
VAL  set, TITLE	CLS0	CLS1	CLS2	MEAN
VAL  set, REC:	0.698	0.347	0.214	0.420	
VAL  set, F1 :	0.659	0.325	0.276	0.420	
VAL  set, AUC:	0.695	0.611	0.654	0.653	
VAL  set, ACC:	0.642	0.585	0.758	0.662	
VAL  set, SPE:	0.588	0.681	0.907	0.725	
[21-02-05 07:52:39-INFO] TEST_RECALL: 0.450, TIME: 51.8s
[21-02-05 07:52:39-DEBUG] 
TEST set, TITLE	CLS0	CLS1	CLS2	MEAN
TEST set, REC:	0.630	0.446	0.273	0.450	
TEST set, F1 :	0.605	0.400	0.343	0.449	
TEST set, AUC:	0.676	0.575	0.649	0.633	
TEST set, ACC:	0.622	0.618	0.734	0.658	
TEST set, SPE:	0.614	0.686	0.891	0.731	
[21-02-05 07:52:39-INFO] BEST_RECALL: 0.450, EPOCH:   1
[21-02-05 08:02:53-INFO] EPOCH: 2
[21-02-05 08:02:53-INFO] TRAIN_LOSS : 0.949, TIME: 613.7s
[21-02-05 08:03:45-INFO] VAL _RECALL: 0.423, TIME: 52.1s
[21-02-05 08:03:45-DEBUG] 
VAL  set, TITLE	CLS0	CLS1	CLS2	MEAN
VAL  set, REC:	0.930	0.320	0.018	0.423	
VAL  set, F1 :	0.743	0.345	0.034	0.374	
VAL  set, AUC:	0.815	0.621	0.835	0.757	
VAL  set, ACC:	0.681	0.650	0.785	0.705	
VAL  set, SPE:	0.435	0.784	0.995	0.738	
[21-02-05 08:04:37-INFO] TEST_RECALL: 0.413, TIME: 51.5s
[21-02-05 08:04:37-DEBUG] 
TEST set, TITLE	CLS0	CLS1	CLS2	MEAN
TEST set, REC:	0.899	0.324	0.015	0.413	
TEST set, F1 :	0.688	0.345	0.029	0.354	
TEST set, AUC:	0.748	0.605	0.731	0.695	
TEST set, ACC:	0.625	0.649	0.745	0.673	
TEST set, SPE:	0.393	0.778	0.995	0.722	
[21-02-05 08:04:37-INFO] BEST_RECALL: 0.450, EPOCH:   1
[21-02-05 08:14:50-INFO] EPOCH: 3
[21-02-05 08:14:50-INFO] TRAIN_LOSS : 0.898, TIME: 612.7s
[21-02-05 08:15:41-INFO] VAL _RECALL: 0.627, TIME: 51.7s
[21-02-05 08:15:41-DEBUG] 
VAL  set, TITLE	CLS0	CLS1	CLS2	MEAN
VAL  set, REC:	0.798	0.387	0.696	0.627	
VAL  set, F1 :	0.798	0.430	0.614	0.614	
VAL  set, AUC:	0.885	0.754	0.892	0.844	
VAL  set, ACC:	0.800	0.704	0.812	0.772	
VAL  set, SPE:	0.802	0.832	0.843	0.826	
[21-02-05 08:16:33-INFO] TEST_RECALL: 0.537, TIME: 51.4s
[21-02-05 08:16:33-DEBUG] 
TEST set, TITLE	CLS0	CLS1	CLS2	MEAN
TEST set, REC:	0.655	0.365	0.591	0.537	
TEST set, F1 :	0.687	0.365	0.545	0.533	
TEST set, AUC:	0.790	0.625	0.780	0.732	
TEST set, ACC:	0.726	0.637	0.749	0.704	
TEST set, SPE:	0.786	0.746	0.803	0.778	
[21-02-05 08:16:34-INFO] BEST_RECALL: 0.537, EPOCH:   3
[21-02-05 08:26:47-INFO] EPOCH: 4
[21-02-05 08:26:47-INFO] TRAIN_LOSS : 0.834, TIME: 613.6s
[21-02-05 08:27:39-INFO] VAL _RECALL: 0.604, TIME: 51.5s
[21-02-05 08:27:39-DEBUG] 
VAL  set, TITLE	CLS0	CLS1	CLS2	MEAN
VAL  set, REC:	0.884	0.000	0.929	0.604	
VAL  set, F1 :	0.826	0.000	0.615	0.480	
VAL  set, AUC:	0.910	0.722	0.900	0.844	
VAL  set, ACC:	0.815	0.712	0.750	0.759	
VAL  set, SPE:	0.748	1.000	0.701	0.816	
[21-02-05 08:28:31-INFO] TEST_RECALL: 0.542, TIME: 51.7s
[21-02-05 08:28:31-DEBUG] 
TEST set, TITLE	CLS0	CLS1	CLS2	MEAN
TEST set, REC:	0.807	0.000	0.818	0.542	
TEST set, F1 :	0.759	0.000	0.565	0.441	
TEST set, AUC:	0.820	0.621	0.797	0.746	
TEST set, ACC:	0.764	0.714	0.680	0.719	
TEST set, SPE:	0.729	1.000	0.632	0.787	
[21-02-05 08:28:32-INFO] BEST_RECALL: 0.542, EPOCH:   4
[21-02-05 08:38:45-INFO] EPOCH: 5
[21-02-05 08:38:45-INFO] TRAIN_LOSS : 0.786, TIME: 613.2s
[21-02-05 08:39:37-INFO] VAL _RECALL: 0.647, TIME: 52.0s
[21-02-05 08:39:37-DEBUG] 
VAL  set, TITLE	CLS0	CLS1	CLS2	MEAN
VAL  set, REC:	0.860	0.187	0.893	0.647	
VAL  set, F1 :	0.844	0.272	0.649	0.588	
VAL  set, AUC:	0.920	0.643	0.898	0.820	
VAL  set, ACC:	0.842	0.712	0.792	0.782	
VAL  set, SPE:	0.824	0.924	0.765	0.838	
[21-02-05 08:40:29-INFO] TEST_RECALL: 0.544, TIME: 51.6s
[21-02-05 08:40:29-DEBUG] 
TEST set, TITLE	CLS0	CLS1	CLS2	MEAN
TEST set, REC:	0.706	0.108	0.818	0.544	
TEST set, F1 :	0.718	0.160	0.587	0.488	
TEST set, AUC:	0.805	0.518	0.804	0.709	
TEST set, ACC:	0.745	0.676	0.707	0.709	
TEST set, SPE:	0.779	0.903	0.668	0.783	
[21-02-05 08:40:30-INFO] BEST_RECALL: 0.544, EPOCH:   5
[21-02-05 08:50:44-INFO] EPOCH: 6
[21-02-05 08:50:44-INFO] TRAIN_LOSS : 0.769, TIME: 614.4s
[21-02-05 08:51:36-INFO] VAL _RECALL: 0.357, TIME: 51.8s
[21-02-05 08:51:36-DEBUG] 
VAL  set, TITLE	CLS0	CLS1	CLS2	MEAN
VAL  set, REC:	0.070	0.000	1.000	0.357	
VAL  set, F1 :	0.130	0.000	0.365	0.165	
VAL  set, AUC:	0.893	0.427	0.847	0.723	
VAL  set, ACC:	0.538	0.712	0.250	0.500	
VAL  set, SPE:	1.000	1.000	0.044	0.681	
[21-02-05 08:52:27-INFO] TEST_RECALL: 0.345, TIME: 51.4s
[21-02-05 08:52:27-DEBUG] 
TEST set, TITLE	CLS0	CLS1	CLS2	MEAN
TEST set, REC:	0.034	0.000	1.000	0.345	
TEST set, F1 :	0.065	0.000	0.412	0.159	
TEST set, AUC:	0.781	0.440	0.765	0.662	
TEST set, ACC:	0.552	0.714	0.274	0.514	
TEST set, SPE:	0.993	1.000	0.026	0.673	
[21-02-05 08:52:27-INFO] BEST_RECALL: 0.544, EPOCH:   5
[21-02-05 09:02:41-INFO] EPOCH: 7
[21-02-05 09:02:41-INFO] TRAIN_LOSS : 0.685, TIME: 613.3s
[21-02-05 09:03:32-INFO] VAL _RECALL: 0.395, TIME: 51.6s
[21-02-05 09:03:32-DEBUG] 
VAL  set, TITLE	CLS0	CLS1	CLS2	MEAN
VAL  set, REC:	0.186	0.000	1.000	0.395	
VAL  set, F1 :	0.314	0.000	0.384	0.232	
VAL  set, AUC:	0.937	0.410	0.861	0.736	
VAL  set, ACC:	0.596	0.712	0.308	0.538	
VAL  set, SPE:	1.000	1.000	0.118	0.706	
[21-02-05 09:04:24-INFO] TEST_RECALL: 0.361, TIME: 51.7s
[21-02-05 09:04:24-DEBUG] 
TEST set, TITLE	CLS0	CLS1	CLS2	MEAN
TEST set, REC:	0.084	0.000	1.000	0.361	
TEST set, F1 :	0.152	0.000	0.426	0.192	
TEST set, AUC:	0.795	0.437	0.766	0.666	
TEST set, ACC:	0.568	0.707	0.313	0.529	
TEST set, SPE:	0.979	0.989	0.078	0.682	
[21-02-05 09:04:25-INFO] BEST_RECALL: 0.544, EPOCH:   5
[21-02-05 09:14:38-INFO] EPOCH: 8
[21-02-05 09:14:38-INFO] TRAIN_LOSS : 0.679, TIME: 612.9s
[21-02-05 09:15:30-INFO] VAL _RECALL: 0.560, TIME: 51.6s
[21-02-05 09:15:30-DEBUG] 
VAL  set, TITLE	CLS0	CLS1	CLS2	MEAN
VAL  set, REC:	1.000	0.520	0.161	0.560	
VAL  set, F1 :	0.840	0.527	0.277	0.548	
VAL  set, AUC:	0.984	0.803	0.963	0.916	
VAL  set, ACC:	0.812	0.731	0.819	0.787	
VAL  set, SPE:	0.626	0.816	1.000	0.814	
[21-02-05 09:16:22-INFO] TEST_RECALL: 0.412, TIME: 51.8s
[21-02-05 09:16:22-DEBUG] 
TEST set, TITLE	CLS0	CLS1	CLS2	MEAN
TEST set, REC:	0.950	0.270	0.015	0.412	
TEST set, F1 :	0.713	0.299	0.030	0.347	
TEST set, AUC:	0.808	0.615	0.813	0.745	
TEST set, ACC:	0.649	0.637	0.749	0.678	
TEST set, SPE:	0.393	0.784	1.000	0.726	
[21-02-05 09:16:23-INFO] BEST_RECALL: 0.544, EPOCH:   5
[21-02-05 09:26:36-INFO] EPOCH: 9
[21-02-05 09:26:36-INFO] TRAIN_LOSS : 0.628, TIME: 613.5s
[21-02-05 09:27:28-INFO] VAL _RECALL: 0.784, TIME: 51.6s
[21-02-05 09:27:28-DEBUG] 
VAL  set, TITLE	CLS0	CLS1	CLS2	MEAN
VAL  set, REC:	0.992	0.680	0.679	0.784	
VAL  set, F1 :	0.905	0.713	0.809	0.809	
VAL  set, AUC:	0.988	0.925	0.981	0.964	
VAL  set, ACC:	0.896	0.842	0.931	0.890	
VAL  set, SPE:	0.802	0.908	1.000	0.903	
[21-02-05 09:28:19-INFO] TEST_RECALL: 0.519, TIME: 51.4s
[21-02-05 09:28:19-DEBUG] 
TEST set, TITLE	CLS0	CLS1	CLS2	MEAN
TEST set, REC:	0.840	0.338	0.379	0.519	
TEST set, F1 :	0.725	0.368	0.472	0.521	
TEST set, AUC:	0.825	0.643	0.836	0.768	
TEST set, ACC:	0.707	0.668	0.784	0.719	
TEST set, SPE:	0.593	0.800	0.922	0.772	
[21-02-05 09:28:20-INFO] BEST_RECALL: 0.544, EPOCH:   5
[21-02-05 09:38:34-INFO] EPOCH: 10
[21-02-05 09:38:34-INFO] TRAIN_LOSS : 0.521, TIME: 613.7s
[21-02-05 09:39:25-INFO] VAL _RECALL: 0.741, TIME: 51.7s
[21-02-05 09:39:25-DEBUG] 
VAL  set, TITLE	CLS0	CLS1	CLS2	MEAN
VAL  set, REC:	0.388	0.907	0.929	0.741	
VAL  set, F1 :	0.559	0.602	0.904	0.688	
VAL  set, AUC:	0.984	0.755	0.995	0.911	
VAL  set, ACC:	0.696	0.654	0.958	0.769	
VAL  set, SPE:	1.000	0.551	0.966	0.839	
[21-02-05 09:40:17-INFO] TEST_RECALL: 0.445, TIME: 51.4s
[21-02-05 09:40:17-DEBUG] 
TEST set, TITLE	CLS0	CLS1	CLS2	MEAN
TEST set, REC:	0.160	0.676	0.500	0.445	
TEST set, F1 :	0.270	0.402	0.516	0.396	
TEST set, AUC:	0.780	0.508	0.808	0.699	
TEST set, ACC:	0.602	0.425	0.761	0.596	
TEST set, SPE:	0.979	0.324	0.850	0.718	
[21-02-05 09:40:18-INFO] BEST_RECALL: 0.544, EPOCH:   5
[21-02-05 09:50:31-INFO] EPOCH: 11
[21-02-05 09:50:31-INFO] TRAIN_LOSS : 0.503, TIME: 612.9s
[21-02-05 09:51:23-INFO] VAL _RECALL: 0.408, TIME: 51.9s
[21-02-05 09:51:23-DEBUG] 
VAL  set, TITLE	CLS0	CLS1	CLS2	MEAN
VAL  set, REC:	0.225	0.000	1.000	0.408	
VAL  set, F1 :	0.367	0.000	0.390	0.252	
VAL  set, AUC:	0.934	0.522	0.901	0.786	
VAL  set, ACC:	0.615	0.712	0.327	0.551	
VAL  set, SPE:	1.000	1.000	0.142	0.714	
[21-02-05 09:52:14-INFO] TEST_RECALL: 0.364, TIME: 51.6s
[21-02-05 09:52:14-DEBUG] 
TEST set, TITLE	CLS0	CLS1	CLS2	MEAN
TEST set, REC:	0.092	0.000	1.000	0.364	
TEST set, F1 :	0.165	0.000	0.424	0.197	
TEST set, AUC:	0.772	0.458	0.744	0.658	
TEST set, ACC:	0.571	0.714	0.309	0.532	
TEST set, SPE:	0.979	1.000	0.073	0.684	
[21-02-05 09:52:15-INFO] BEST_RECALL: 0.544, EPOCH:   5
[21-02-05 10:02:29-INFO] EPOCH: 12
[21-02-05 10:02:29-INFO] TRAIN_LOSS : 0.515, TIME: 614.1s
[21-02-05 10:03:21-INFO] VAL _RECALL: 0.532, TIME: 51.9s
[21-02-05 10:03:21-DEBUG] 
VAL  set, TITLE	CLS0	CLS1	CLS2	MEAN
VAL  set, REC:	0.597	0.000	1.000	0.532	
VAL  set, F1 :	0.748	0.000	0.469	0.405	
VAL  set, AUC:	0.989	0.631	0.945	0.855	
VAL  set, ACC:	0.800	0.712	0.512	0.674	
VAL  set, SPE:	1.000	1.000	0.377	0.792	
[21-02-05 10:04:13-INFO] TEST_RECALL: 0.445, TIME: 51.9s
[21-02-05 10:04:13-DEBUG] 
TEST set, TITLE	CLS0	CLS1	CLS2	MEAN
TEST set, REC:	0.336	0.000	1.000	0.445	
TEST set, F1 :	0.488	0.000	0.471	0.320	
TEST set, AUC:	0.825	0.517	0.805	0.716	
TEST set, ACC:	0.676	0.714	0.429	0.606	
TEST set, SPE:	0.964	1.000	0.233	0.732	
[21-02-05 10:04:14-INFO] BEST_RECALL: 0.544, EPOCH:   5
[21-02-05 10:14:27-INFO] EPOCH: 13
[21-02-05 10:14:27-INFO] TRAIN_LOSS : 0.480, TIME: 613.0s
[21-02-05 10:15:19-INFO] VAL _RECALL: 0.333, TIME: 51.6s
[21-02-05 10:15:19-DEBUG] 
VAL  set, TITLE	CLS0	CLS1	CLS2	MEAN
VAL  set, REC:	0.000	0.000	1.000	0.333	
VAL  set, F1 :	0.000	0.000	0.354	0.118	
VAL  set, AUC:	0.908	0.589	0.709	0.735	
VAL  set, ACC:	0.504	0.712	0.215	0.477	
VAL  set, SPE:	1.000	1.000	0.000	0.667	
[21-02-05 10:16:10-INFO] TEST_RECALL: 0.333, TIME: 51.5s
[21-02-05 10:16:10-DEBUG] 
TEST set, TITLE	CLS0	CLS1	CLS2	MEAN
TEST set, REC:	0.000	0.000	1.000	0.333	
TEST set, F1 :	0.000	0.000	0.406	0.135	
TEST set, AUC:	0.762	0.471	0.645	0.626	
TEST set, ACC:	0.541	0.714	0.255	0.503	
TEST set, SPE:	1.000	1.000	0.000	0.667	
[21-02-05 10:16:11-INFO] BEST_RECALL: 0.544, EPOCH:   5
[21-02-05 10:26:25-INFO] EPOCH: 14
[21-02-05 10:26:25-INFO] TRAIN_LOSS : 0.410, TIME: 613.5s
[21-02-05 10:27:17-INFO] VAL _RECALL: 0.333, TIME: 51.7s
[21-02-05 10:27:17-DEBUG] 
VAL  set, TITLE	CLS0	CLS1	CLS2	MEAN
VAL  set, REC:	1.000	0.000	0.000	0.333	
VAL  set, F1 :	0.663	0.000	0.000	0.221	
VAL  set, AUC:	0.523	0.611	0.700	0.612	
VAL  set, ACC:	0.496	0.712	0.785	0.664	
VAL  set, SPE:	0.000	1.000	1.000	0.667	
[21-02-05 10:28:08-INFO] TEST_RECALL: 0.333, TIME: 51.4s
[21-02-05 10:28:08-DEBUG] 
TEST set, TITLE	CLS0	CLS1	CLS2	MEAN
TEST set, REC:	1.000	0.000	0.000	0.333	
TEST set, F1 :	0.630	0.000	0.000	0.210	
TEST set, AUC:	0.504	0.565	0.535	0.534	
TEST set, ACC:	0.459	0.714	0.745	0.640	
TEST set, SPE:	0.000	1.000	1.000	0.667	
[21-02-05 10:28:09-INFO] BEST_RECALL: 0.544, EPOCH:   5
[21-02-05 10:38:23-INFO] EPOCH: 15
[21-02-05 10:38:23-INFO] TRAIN_LOSS : 0.426, TIME: 613.7s
[21-02-05 10:39:14-INFO] VAL _RECALL: 0.622, TIME: 51.8s
[21-02-05 10:39:14-DEBUG] 
VAL  set, TITLE	CLS0	CLS1	CLS2	MEAN
VAL  set, REC:	0.000	0.867	1.000	0.622	
VAL  set, F1 :	0.000	0.583	0.667	0.417	
VAL  set, AUC:	0.950	0.803	0.980	0.911	
VAL  set, ACC:	0.504	0.642	0.785	0.644	
VAL  set, SPE:	1.000	0.551	0.725	0.759	
[21-02-05 10:40:06-INFO] TEST_RECALL: 0.423, TIME: 51.5s
[21-02-05 10:40:06-DEBUG] 
TEST set, TITLE	CLS0	CLS1	CLS2	MEAN
TEST set, REC:	0.000	0.527	0.742	0.423	
TEST set, F1 :	0.000	0.380	0.505	0.295	
TEST set, AUC:	0.743	0.506	0.707	0.652	
TEST set, ACC:	0.541	0.510	0.629	0.560	
TEST set, SPE:	1.000	0.503	0.591	0.698	
[21-02-05 10:40:07-INFO] BEST_RECALL: 0.544, EPOCH:   5
[21-02-05 10:50:20-INFO] EPOCH: 16
[21-02-05 10:50:20-INFO] TRAIN_LOSS : 0.347, TIME: 613.2s
[21-02-05 10:51:12-INFO] VAL _RECALL: 0.804, TIME: 51.7s
[21-02-05 10:51:12-DEBUG] 
VAL  set, TITLE	CLS0	CLS1	CLS2	MEAN
VAL  set, REC:	0.984	0.427	1.000	0.804	
VAL  set, F1 :	0.955	0.598	0.762	0.772	
VAL  set, AUC:	0.992	0.977	0.990	0.986	
VAL  set, ACC:	0.954	0.835	0.865	0.885	
VAL  set, SPE:	0.924	1.000	0.828	0.917	
[21-02-05 10:52:04-INFO] TEST_RECALL: 0.539, TIME: 51.7s
[21-02-05 10:52:04-DEBUG] 
TEST set, TITLE	CLS0	CLS1	CLS2	MEAN
TEST set, REC:	0.773	0.041	0.803	0.539	
TEST set, F1 :	0.722	0.074	0.582	0.459	
TEST set, AUC:	0.796	0.631	0.807	0.745	
TEST set, ACC:	0.726	0.710	0.707	0.714	
TEST set, SPE:	0.686	0.978	0.674	0.779	
[21-02-05 10:52:05-INFO] BEST_RECALL: 0.544, EPOCH:   5
[21-02-05 11:02:18-INFO] EPOCH: 17
[21-02-05 11:02:18-INFO] TRAIN_LOSS : 0.318, TIME: 613.3s
[21-02-05 11:03:10-INFO] VAL _RECALL: 0.772, TIME: 52.1s
[21-02-05 11:03:10-DEBUG] 
VAL  set, TITLE	CLS0	CLS1	CLS2	MEAN
VAL  set, REC:	0.984	0.973	0.357	0.772	
VAL  set, F1 :	0.951	0.825	0.526	0.767	
VAL  set, AUC:	0.997	0.979	0.998	0.991	
VAL  set, ACC:	0.950	0.881	0.862	0.897	
VAL  set, SPE:	0.916	0.843	1.000	0.920	
[21-02-05 11:04:01-INFO] TEST_RECALL: 0.465, TIME: 51.2s
[21-02-05 11:04:01-DEBUG] 
TEST set, TITLE	CLS0	CLS1	CLS2	MEAN
TEST set, REC:	0.798	0.581	0.015	0.465	
TEST set, F1 :	0.712	0.467	0.030	0.403	
TEST set, AUC:	0.787	0.640	0.780	0.736	
TEST set, ACC:	0.703	0.622	0.749	0.691	
TEST set, SPE:	0.621	0.638	1.000	0.753	
[21-02-05 11:04:02-INFO] BEST_RECALL: 0.544, EPOCH:   5
[21-02-05 11:14:15-INFO] EPOCH: 18
[21-02-05 11:14:15-INFO] TRAIN_LOSS : 0.312, TIME: 613.4s
[21-02-05 11:15:07-INFO] VAL _RECALL: 0.775, TIME: 51.8s
[21-02-05 11:15:07-DEBUG] 
VAL  set, TITLE	CLS0	CLS1	CLS2	MEAN
VAL  set, REC:	0.512	0.813	1.000	0.775	
VAL  set, F1 :	0.677	0.830	0.629	0.712	
VAL  set, AUC:	0.998	0.954	0.999	0.984	
VAL  set, ACC:	0.758	0.904	0.746	0.803	
VAL  set, SPE:	1.000	0.941	0.676	0.872	
[21-02-05 11:15:59-INFO] TEST_RECALL: 0.465, TIME: 51.6s
[21-02-05 11:15:59-DEBUG] 
TEST set, TITLE	CLS0	CLS1	CLS2	MEAN
TEST set, REC:	0.227	0.243	0.924	0.465	
TEST set, F1 :	0.362	0.271	0.517	0.383	
TEST set, AUC:	0.813	0.527	0.806	0.716	
TEST set, ACC:	0.633	0.625	0.560	0.606	
TEST set, SPE:	0.979	0.778	0.435	0.731	
[21-02-05 11:16:00-INFO] BEST_RECALL: 0.544, EPOCH:   5
[21-02-05 11:26:14-INFO] EPOCH: 19
[21-02-05 11:26:14-INFO] TRAIN_LOSS : 0.296, TIME: 614.0s
[21-02-05 11:27:06-INFO] VAL _RECALL: 0.353, TIME: 51.6s
[21-02-05 11:27:06-DEBUG] 
VAL  set, TITLE	CLS0	CLS1	CLS2	MEAN
VAL  set, REC:	0.031	0.027	1.000	0.353	
VAL  set, F1 :	0.060	0.049	0.366	0.159	
VAL  set, AUC:	0.988	0.702	0.992	0.894	
VAL  set, ACC:	0.519	0.704	0.254	0.492	
VAL  set, SPE:	1.000	0.978	0.049	0.676	
[21-02-05 11:27:57-INFO] TEST_RECALL: 0.349, TIME: 51.8s
[21-02-05 11:27:57-DEBUG] 
TEST set, TITLE	CLS0	CLS1	CLS2	MEAN
TEST set, REC:	0.034	0.014	1.000	0.349	
TEST set, F1 :	0.065	0.025	0.418	0.169	
TEST set, AUC:	0.818	0.484	0.801	0.701	
TEST set, ACC:	0.556	0.703	0.290	0.516	
TEST set, SPE:	1.000	0.978	0.047	0.675	
[21-02-05 11:27:58-INFO] BEST_RECALL: 0.544, EPOCH:   5
[21-02-05 11:38:11-INFO] EPOCH: 20
[21-02-05 11:38:11-INFO] TRAIN_LOSS : 0.273, TIME: 612.9s
[21-02-05 11:39:03-INFO] VAL _RECALL: 0.756, TIME: 52.1s
[21-02-05 11:39:03-DEBUG] 
VAL  set, TITLE	CLS0	CLS1	CLS2	MEAN
VAL  set, REC:	1.000	0.267	1.000	0.756	
VAL  set, F1 :	0.832	0.421	0.974	0.742	
VAL  set, AUC:	0.990	0.997	1.000	0.996	
VAL  set, ACC:	0.800	0.788	0.988	0.859	
VAL  set, SPE:	0.603	1.000	0.985	0.863	
[21-02-05 11:39:55-INFO] TEST_RECALL: 0.496, TIME: 51.5s
[21-02-05 11:39:55-DEBUG] 
TEST set, TITLE	CLS0	CLS1	CLS2	MEAN
TEST set, REC:	0.916	0.027	0.545	0.496	
TEST set, F1 :	0.699	0.053	0.554	0.435	
TEST set, AUC:	0.797	0.668	0.817	0.761	
TEST set, ACC:	0.637	0.722	0.776	0.712	
TEST set, SPE:	0.400	1.000	0.855	0.752	
[21-02-05 11:39:56-INFO] BEST_RECALL: 0.544, EPOCH:   5
[21-02-05 11:50:09-INFO] EPOCH: 21
[21-02-05 11:50:09-INFO] TRAIN_LOSS : 0.162, TIME: 612.8s
[21-02-05 11:51:00-INFO] VAL _RECALL: 0.918, TIME: 51.8s
[21-02-05 11:51:00-DEBUG] 
VAL  set, TITLE	CLS0	CLS1	CLS2	MEAN
VAL  set, REC:	0.767	0.987	1.000	0.918	
VAL  set, F1 :	0.868	0.919	0.855	0.881	
VAL  set, AUC:	1.000	0.997	1.000	0.999	
VAL  set, ACC:	0.885	0.950	0.927	0.921	
VAL  set, SPE:	1.000	0.935	0.907	0.947	
[21-02-05 11:51:52-INFO] TEST_RECALL: 0.513, TIME: 51.6s
[21-02-05 11:51:52-DEBUG] 
TEST set, TITLE	CLS0	CLS1	CLS2	MEAN
TEST set, REC:	0.261	0.446	0.833	0.513	
TEST set, F1 :	0.403	0.407	0.545	0.452	
TEST set, AUC:	0.810	0.611	0.802	0.741	
TEST set, ACC:	0.645	0.629	0.645	0.640	
TEST set, SPE:	0.971	0.703	0.580	0.751	
[21-02-05 11:51:53-INFO] BEST_RECALL: 0.544, EPOCH:   5
[21-02-05 12:02:06-INFO] EPOCH: 22
[21-02-05 12:02:06-INFO] TRAIN_LOSS : 0.122, TIME: 613.1s
[21-02-05 12:02:58-INFO] VAL _RECALL: 0.710, TIME: 51.7s
[21-02-05 12:02:58-DEBUG] 
VAL  set, TITLE	CLS0	CLS1	CLS2	MEAN
VAL  set, REC:	0.969	0.160	1.000	0.710	
VAL  set, F1 :	0.977	0.276	0.633	0.628	
VAL  set, AUC:	0.999	1.000	1.000	0.999	
VAL  set, ACC:	0.977	0.758	0.750	0.828	
VAL  set, SPE:	0.985	1.000	0.681	0.889	
[21-02-05 12:03:50-INFO] TEST_RECALL: 0.511, TIME: 51.9s
[21-02-05 12:03:50-DEBUG] 
TEST set, TITLE	CLS0	CLS1	CLS2	MEAN
TEST set, REC:	0.563	0.000	0.970	0.511	
TEST set, F1 :	0.657	0.000	0.533	0.397	
TEST set, AUC:	0.814	0.597	0.810	0.740	
TEST set, ACC:	0.730	0.714	0.568	0.671	
TEST set, SPE:	0.871	1.000	0.430	0.767	
[21-02-05 12:03:51-INFO] BEST_RECALL: 0.544, EPOCH:   5
[21-02-05 12:14:04-INFO] EPOCH: 23
[21-02-05 12:14:04-INFO] TRAIN_LOSS : 0.102, TIME: 613.1s
[21-02-05 12:14:56-INFO] VAL _RECALL: 0.951, TIME: 52.0s
[21-02-05 12:14:56-DEBUG] 
VAL  set, TITLE	CLS0	CLS1	CLS2	MEAN
VAL  set, REC:	1.000	0.853	1.000	0.951	
VAL  set, F1 :	0.959	0.921	1.000	0.960	
VAL  set, AUC:	1.000	1.000	1.000	1.000	
VAL  set, ACC:	0.958	0.958	1.000	0.972	
VAL  set, SPE:	0.916	1.000	1.000	0.972	
[21-02-05 12:15:48-INFO] TEST_RECALL: 0.497, TIME: 51.6s
[21-02-05 12:15:48-DEBUG] 
TEST set, TITLE	CLS0	CLS1	CLS2	MEAN
TEST set, REC:	0.933	0.135	0.424	0.497	
TEST set, F1 :	0.696	0.225	0.509	0.477	
TEST set, AUC:	0.814	0.649	0.844	0.769	
TEST set, ACC:	0.625	0.734	0.792	0.717	
TEST set, SPE:	0.364	0.973	0.917	0.751	
[21-02-05 12:15:49-INFO] BEST_RECALL: 0.544, EPOCH:   5
[21-02-05 12:26:02-INFO] EPOCH: 24
[21-02-05 12:26:02-INFO] TRAIN_LOSS : 0.076, TIME: 612.9s
[21-02-05 12:26:53-INFO] VAL _RECALL: 0.988, TIME: 51.7s
[21-02-05 12:26:53-DEBUG] 
VAL  set, TITLE	CLS0	CLS1	CLS2	MEAN
VAL  set, REC:	1.000	1.000	0.964	0.988	
VAL  set, F1 :	1.000	0.987	0.982	0.990	
VAL  set, AUC:	1.000	1.000	1.000	1.000	
VAL  set, ACC:	1.000	0.992	0.992	0.995	
VAL  set, SPE:	1.000	0.989	1.000	0.996	
[21-02-05 12:27:45-INFO] TEST_RECALL: 0.503, TIME: 51.8s
[21-02-05 12:27:45-DEBUG] 
TEST set, TITLE	CLS0	CLS1	CLS2	MEAN
TEST set, REC:	0.647	0.649	0.212	0.503	
TEST set, F1 :	0.684	0.457	0.337	0.493	
TEST set, AUC:	0.776	0.617	0.832	0.742	
TEST set, ACC:	0.726	0.560	0.788	0.691	
TEST set, SPE:	0.793	0.524	0.984	0.767	
[21-02-05 12:27:46-INFO] BEST_RECALL: 0.544, EPOCH:   5
[21-02-05 12:37:59-INFO] EPOCH: 25
[21-02-05 12:37:59-INFO] TRAIN_LOSS : 0.089, TIME: 613.1s
[21-02-05 12:38:51-INFO] VAL _RECALL: 0.992, TIME: 52.0s
[21-02-05 12:38:51-DEBUG] 
VAL  set, TITLE	CLS0	CLS1	CLS2	MEAN
VAL  set, REC:	0.977	1.000	1.000	0.992	
VAL  set, F1 :	0.988	0.980	1.000	0.990	
VAL  set, AUC:	1.000	1.000	1.000	1.000	
VAL  set, ACC:	0.988	0.988	1.000	0.992	
VAL  set, SPE:	1.000	0.984	1.000	0.995	
[21-02-05 12:39:43-INFO] TEST_RECALL: 0.559, TIME: 51.5s
[21-02-05 12:39:43-DEBUG] 
TEST set, TITLE	CLS0	CLS1	CLS2	MEAN
TEST set, REC:	0.513	0.514	0.652	0.559	
TEST set, F1 :	0.622	0.427	0.597	0.549	
TEST set, AUC:	0.791	0.647	0.829	0.756	
TEST set, ACC:	0.714	0.606	0.776	0.699	
TEST set, SPE:	0.886	0.643	0.819	0.783	
[21-02-05 12:39:45-INFO] BEST_RECALL: 0.559, EPOCH:  25
[21-02-05 12:49:58-INFO] EPOCH: 26
[21-02-05 12:49:58-INFO] TRAIN_LOSS : 0.070, TIME: 613.2s
[21-02-05 12:50:49-INFO] VAL _RECALL: 0.972, TIME: 51.5s
[21-02-05 12:50:49-DEBUG] 
VAL  set, TITLE	CLS0	CLS1	CLS2	MEAN
VAL  set, REC:	0.930	0.987	1.000	0.972	
VAL  set, F1 :	0.964	0.937	0.991	0.964	
VAL  set, AUC:	1.000	0.999	1.000	1.000	
VAL  set, ACC:	0.965	0.962	0.996	0.974	
VAL  set, SPE:	1.000	0.951	0.995	0.982	
[21-02-05 12:51:41-INFO] TEST_RECALL: 0.510, TIME: 51.5s
[21-02-05 12:51:41-DEBUG] 
TEST set, TITLE	CLS0	CLS1	CLS2	MEAN
TEST set, REC:	0.311	0.811	0.409	0.510	
TEST set, F1 :	0.454	0.482	0.509	0.482	
TEST set, AUC:	0.787	0.633	0.802	0.741	
TEST set, ACC:	0.656	0.502	0.799	0.653	
TEST set, SPE:	0.950	0.378	0.933	0.754	
[21-02-05 12:51:42-INFO] BEST_RECALL: 0.559, EPOCH:  25
[21-02-05 13:01:55-INFO] EPOCH: 27
[21-02-05 13:01:55-INFO] TRAIN_LOSS : 0.057, TIME: 612.6s
[21-02-05 13:02:46-INFO] VAL _RECALL: 1.000, TIME: 51.6s
[21-02-05 13:02:46-DEBUG] 
VAL  set, TITLE	CLS0	CLS1	CLS2	MEAN
VAL  set, REC:	1.000	1.000	1.000	1.000	
VAL  set, F1 :	1.000	1.000	1.000	1.000	
VAL  set, AUC:	1.000	1.000	1.000	1.000	
VAL  set, ACC:	1.000	1.000	1.000	1.000	
VAL  set, SPE:	1.000	1.000	1.000	1.000	
[21-02-05 13:03:38-INFO] TEST_RECALL: 0.564, TIME: 51.5s
[21-02-05 13:03:38-DEBUG] 
TEST set, TITLE	CLS0	CLS1	CLS2	MEAN
TEST set, REC:	0.773	0.419	0.500	0.564	
TEST set, F1 :	0.722	0.419	0.574	0.571	
TEST set, AUC:	0.808	0.654	0.855	0.772	
TEST set, ACC:	0.726	0.668	0.811	0.735	
TEST set, SPE:	0.686	0.768	0.917	0.790	
[21-02-05 13:03:40-INFO] BEST_RECALL: 0.564, EPOCH:  27
[21-02-05 13:13:52-INFO] EPOCH: 28
[21-02-05 13:13:52-INFO] TRAIN_LOSS : 0.068, TIME: 612.6s
[21-02-05 13:14:44-INFO] VAL _RECALL: 0.997, TIME: 51.8s
[21-02-05 13:14:44-DEBUG] 
VAL  set, TITLE	CLS0	CLS1	CLS2	MEAN
VAL  set, REC:	0.992	1.000	1.000	0.997	
VAL  set, F1 :	0.996	1.000	0.991	0.996	
VAL  set, AUC:	1.000	1.000	1.000	1.000	
VAL  set, ACC:	0.996	1.000	0.996	0.997	
VAL  set, SPE:	1.000	1.000	0.995	0.998	
[21-02-05 13:15:36-INFO] TEST_RECALL: 0.529, TIME: 51.5s
[21-02-05 13:15:36-DEBUG] 
TEST set, TITLE	CLS0	CLS1	CLS2	MEAN
TEST set, REC:	0.555	0.230	0.803	0.529	
TEST set, F1 :	0.650	0.279	0.549	0.493	
TEST set, AUC:	0.808	0.624	0.825	0.752	
TEST set, ACC:	0.726	0.660	0.664	0.683	
TEST set, SPE:	0.871	0.832	0.617	0.773	
[21-02-05 13:15:37-INFO] BEST_RECALL: 0.564, EPOCH:  27
[21-02-05 13:25:50-INFO] EPOCH: 29
[21-02-05 13:25:50-INFO] TRAIN_LOSS : 0.044, TIME: 613.2s
[21-02-05 13:26:41-INFO] VAL _RECALL: 1.000, TIME: 51.5s
[21-02-05 13:26:41-DEBUG] 
VAL  set, TITLE	CLS0	CLS1	CLS2	MEAN
VAL  set, REC:	1.000	1.000	1.000	1.000	
VAL  set, F1 :	1.000	1.000	1.000	1.000	
VAL  set, AUC:	1.000	1.000	1.000	1.000	
VAL  set, ACC:	1.000	1.000	1.000	1.000	
VAL  set, SPE:	1.000	1.000	1.000	1.000	
[21-02-05 13:27:33-INFO] TEST_RECALL: 0.577, TIME: 51.4s
[21-02-05 13:27:33-DEBUG] 
TEST set, TITLE	CLS0	CLS1	CLS2	MEAN
TEST set, REC:	0.773	0.473	0.485	0.577	
TEST set, F1 :	0.724	0.467	0.561	0.584	
TEST set, AUC:	0.791	0.666	0.826	0.761	
TEST set, ACC:	0.730	0.691	0.807	0.743	
TEST set, SPE:	0.693	0.778	0.917	0.796	
[21-02-05 13:27:35-INFO] BEST_RECALL: 0.577, EPOCH:  29
[21-02-05 13:37:48-INFO] EPOCH: 30
[21-02-05 13:37:48-INFO] TRAIN_LOSS : 0.046, TIME: 613.0s
[21-02-05 13:38:39-INFO] VAL _RECALL: 0.996, TIME: 51.5s
[21-02-05 13:38:39-DEBUG] 
VAL  set, TITLE	CLS0	CLS1	CLS2	MEAN
VAL  set, REC:	1.000	0.987	1.000	0.996	
VAL  set, F1 :	1.000	0.993	0.991	0.995	
VAL  set, AUC:	1.000	1.000	1.000	1.000	
VAL  set, ACC:	1.000	0.996	0.996	0.997	
VAL  set, SPE:	1.000	1.000	0.995	0.998	
[21-02-05 13:39:31-INFO] TEST_RECALL: 0.574, TIME: 51.9s
[21-02-05 13:39:31-DEBUG] 
TEST set, TITLE	CLS0	CLS1	CLS2	MEAN
TEST set, REC:	0.689	0.486	0.545	0.574	
TEST set, F1 :	0.713	0.442	0.576	0.577	
TEST set, AUC:	0.813	0.667	0.828	0.769	
TEST set, ACC:	0.745	0.649	0.795	0.730	
TEST set, SPE:	0.793	0.714	0.881	0.796	
[21-02-05 13:39:32-INFO] BEST_RECALL: 0.577, EPOCH:  29
[21-02-05 13:49:45-INFO] EPOCH: 31
[21-02-05 13:49:45-INFO] TRAIN_LOSS : 0.010, TIME: 613.1s
[21-02-05 13:50:37-INFO] VAL _RECALL: 1.000, TIME: 52.0s
[21-02-05 13:50:37-DEBUG] 
VAL  set, TITLE	CLS0	CLS1	CLS2	MEAN
VAL  set, REC:	1.000	1.000	1.000	1.000	
VAL  set, F1 :	1.000	1.000	1.000	1.000	
VAL  set, AUC:	1.000	1.000	1.000	1.000	
VAL  set, ACC:	1.000	1.000	1.000	1.000	
VAL  set, SPE:	1.000	1.000	1.000	1.000	
[21-02-05 13:51:29-INFO] TEST_RECALL: 0.586, TIME: 51.6s
[21-02-05 13:51:29-DEBUG] 
TEST set, TITLE	CLS0	CLS1	CLS2	MEAN
TEST set, REC:	0.748	0.419	0.591	0.586	
TEST set, F1 :	0.727	0.437	0.595	0.586	
TEST set, AUC:	0.810	0.673	0.847	0.777	
TEST set, ACC:	0.741	0.691	0.795	0.743	
TEST set, SPE:	0.736	0.800	0.865	0.800	
[21-02-05 13:51:31-INFO] BEST_RECALL: 0.586, EPOCH:  31
[21-02-05 14:01:44-INFO] EPOCH: 32
[21-02-05 14:01:44-INFO] TRAIN_LOSS : 0.009, TIME: 613.0s
[21-02-05 14:02:36-INFO] VAL _RECALL: 1.000, TIME: 51.5s
[21-02-05 14:02:36-DEBUG] 
VAL  set, TITLE	CLS0	CLS1	CLS2	MEAN
VAL  set, REC:	1.000	1.000	1.000	1.000	
VAL  set, F1 :	1.000	1.000	1.000	1.000	
VAL  set, AUC:	1.000	1.000	1.000	1.000	
VAL  set, ACC:	1.000	1.000	1.000	1.000	
VAL  set, SPE:	1.000	1.000	1.000	1.000	
[21-02-05 14:03:27-INFO] TEST_RECALL: 0.590, TIME: 51.5s
[21-02-05 14:03:27-DEBUG] 
TEST set, TITLE	CLS0	CLS1	CLS2	MEAN
TEST set, REC:	0.731	0.419	0.621	0.590	
TEST set, F1 :	0.722	0.437	0.607	0.589	
TEST set, AUC:	0.805	0.668	0.848	0.774	
TEST set, ACC:	0.741	0.691	0.795	0.743	
TEST set, SPE:	0.750	0.800	0.855	0.802	
[21-02-05 14:03:29-INFO] BEST_RECALL: 0.590, EPOCH:  32
[21-02-05 14:13:42-INFO] EPOCH: 33
[21-02-05 14:13:42-INFO] TRAIN_LOSS : 0.012, TIME: 613.0s
[21-02-05 14:14:34-INFO] VAL _RECALL: 1.000, TIME: 52.1s
[21-02-05 14:14:34-DEBUG] 
VAL  set, TITLE	CLS0	CLS1	CLS2	MEAN
VAL  set, REC:	1.000	1.000	1.000	1.000	
VAL  set, F1 :	1.000	1.000	1.000	1.000	
VAL  set, AUC:	1.000	1.000	1.000	1.000	
VAL  set, ACC:	1.000	1.000	1.000	1.000	
VAL  set, SPE:	1.000	1.000	1.000	1.000	
[21-02-05 14:15:26-INFO] TEST_RECALL: 0.590, TIME: 51.6s
[21-02-05 14:15:26-DEBUG] 
TEST set, TITLE	CLS0	CLS1	CLS2	MEAN
TEST set, REC:	0.672	0.311	0.788	0.590	
TEST set, F1 :	0.699	0.362	0.642	0.568	
TEST set, AUC:	0.805	0.627	0.847	0.759	
TEST set, ACC:	0.734	0.687	0.776	0.732	
TEST set, SPE:	0.786	0.838	0.772	0.799	
[21-02-05 14:15:27-INFO] BEST_RECALL: 0.590, EPOCH:  32
[21-02-05 14:25:40-INFO] EPOCH: 34
[21-02-05 14:25:40-INFO] TRAIN_LOSS : 0.026, TIME: 613.5s
[21-02-05 14:26:32-INFO] VAL _RECALL: 1.000, TIME: 51.8s
[21-02-05 14:26:32-DEBUG] 
VAL  set, TITLE	CLS0	CLS1	CLS2	MEAN
VAL  set, REC:	1.000	1.000	1.000	1.000	
VAL  set, F1 :	1.000	1.000	1.000	1.000	
VAL  set, AUC:	1.000	1.000	1.000	1.000	
VAL  set, ACC:	1.000	1.000	1.000	1.000	
VAL  set, SPE:	1.000	1.000	1.000	1.000	
[21-02-05 14:27:24-INFO] TEST_RECALL: 0.576, TIME: 51.5s
[21-02-05 14:27:24-DEBUG] 
TEST set, TITLE	CLS0	CLS1	CLS2	MEAN
TEST set, REC:	0.672	0.284	0.773	0.576	
TEST set, F1 :	0.705	0.333	0.618	0.552	
TEST set, AUC:	0.811	0.684	0.847	0.781	
TEST set, ACC:	0.741	0.676	0.757	0.725	
TEST set, SPE:	0.800	0.832	0.751	0.795	
[21-02-05 14:27:25-INFO] BEST_RECALL: 0.590, EPOCH:  32
[21-02-05 14:37:38-INFO] EPOCH: 35
[21-02-05 14:37:38-INFO] TRAIN_LOSS : 0.044, TIME: 613.0s
[21-02-05 14:38:30-INFO] VAL _RECALL: 0.973, TIME: 51.7s
[21-02-05 14:38:30-DEBUG] 
VAL  set, TITLE	CLS0	CLS1	CLS2	MEAN
VAL  set, REC:	1.000	0.973	0.946	0.973	
VAL  set, F1 :	0.981	0.986	0.972	0.980	
VAL  set, AUC:	1.000	1.000	1.000	1.000	
VAL  set, ACC:	0.981	0.992	0.988	0.987	
VAL  set, SPE:	0.962	1.000	1.000	0.987	
[21-02-05 14:39:21-INFO] TEST_RECALL: 0.446, TIME: 51.7s
[21-02-05 14:39:21-DEBUG] 
TEST set, TITLE	CLS0	CLS1	CLS2	MEAN
TEST set, REC:	0.891	0.311	0.136	0.446	
TEST set, F1 :	0.684	0.351	0.234	0.423	
TEST set, AUC:	0.788	0.642	0.803	0.744	
TEST set, ACC:	0.622	0.672	0.772	0.689	
TEST set, SPE:	0.393	0.816	0.990	0.733	
[21-02-05 14:39:22-INFO] BEST_RECALL: 0.590, EPOCH:  32
[21-02-05 14:49:35-INFO] EPOCH: 36
[21-02-05 14:49:35-INFO] TRAIN_LOSS : 0.130, TIME: 612.9s
[21-02-05 14:50:27-INFO] VAL _RECALL: 0.981, TIME: 51.5s
[21-02-05 14:50:27-DEBUG] 
VAL  set, TITLE	CLS0	CLS1	CLS2	MEAN
VAL  set, REC:	0.961	1.000	0.982	0.981	
VAL  set, F1 :	0.980	0.962	0.991	0.978	
VAL  set, AUC:	1.000	1.000	1.000	1.000	
VAL  set, ACC:	0.981	0.977	0.996	0.985	
VAL  set, SPE:	1.000	0.968	1.000	0.989	
[21-02-05 14:51:18-INFO] TEST_RECALL: 0.536, TIME: 51.3s
[21-02-05 14:51:18-DEBUG] 
TEST set, TITLE	CLS0	CLS1	CLS2	MEAN
TEST set, REC:	0.471	0.608	0.530	0.536	
TEST set, F1 :	0.580	0.455	0.551	0.529	
TEST set, AUC:	0.762	0.644	0.819	0.742	
TEST set, ACC:	0.687	0.583	0.780	0.683	
TEST set, SPE:	0.871	0.573	0.865	0.770	
[21-02-05 14:51:19-INFO] BEST_RECALL: 0.590, EPOCH:  32
[21-02-05 15:01:32-INFO] EPOCH: 37
[21-02-05 15:01:32-INFO] TRAIN_LOSS : 0.044, TIME: 612.7s
[21-02-05 15:02:23-INFO] VAL _RECALL: 1.000, TIME: 51.6s
[21-02-05 15:02:23-DEBUG] 
VAL  set, TITLE	CLS0	CLS1	CLS2	MEAN
VAL  set, REC:	1.000	1.000	1.000	1.000	
VAL  set, F1 :	1.000	1.000	1.000	1.000	
VAL  set, AUC:	1.000	1.000	1.000	1.000	
VAL  set, ACC:	1.000	1.000	1.000	1.000	
VAL  set, SPE:	1.000	1.000	1.000	1.000	
[21-02-05 15:03:15-INFO] TEST_RECALL: 0.541, TIME: 51.6s
[21-02-05 15:03:15-DEBUG] 
TEST set, TITLE	CLS0	CLS1	CLS2	MEAN
TEST set, REC:	0.538	0.554	0.530	0.541	
TEST set, F1 :	0.618	0.446	0.551	0.538	
TEST set, AUC:	0.781	0.647	0.815	0.748	
TEST set, ACC:	0.695	0.606	0.780	0.694	
TEST set, SPE:	0.829	0.627	0.865	0.774	
[21-02-05 15:03:16-INFO] BEST_RECALL: 0.590, EPOCH:  32
[21-02-05 15:13:29-INFO] EPOCH: 38
[21-02-05 15:13:29-INFO] TRAIN_LOSS : 0.019, TIME: 612.6s
[21-02-05 15:14:21-INFO] VAL _RECALL: 1.000, TIME: 51.9s
[21-02-05 15:14:21-DEBUG] 
VAL  set, TITLE	CLS0	CLS1	CLS2	MEAN
VAL  set, REC:	1.000	1.000	1.000	1.000	
VAL  set, F1 :	1.000	1.000	1.000	1.000	
VAL  set, AUC:	1.000	1.000	1.000	1.000	
VAL  set, ACC:	1.000	1.000	1.000	1.000	
VAL  set, SPE:	1.000	1.000	1.000	1.000	
[21-02-05 15:15:12-INFO] TEST_RECALL: 0.589, TIME: 51.6s
[21-02-05 15:15:12-DEBUG] 
TEST set, TITLE	CLS0	CLS1	CLS2	MEAN
TEST set, REC:	0.798	0.392	0.576	0.589	
TEST set, F1 :	0.745	0.430	0.594	0.589	
TEST set, AUC:	0.797	0.660	0.835	0.764	
TEST set, ACC:	0.749	0.703	0.799	0.750	
TEST set, SPE:	0.707	0.827	0.876	0.803	
[21-02-05 15:15:13-INFO] BEST_RECALL: 0.590, EPOCH:  32
[21-02-05 15:25:26-INFO] EPOCH: 39
[21-02-05 15:25:26-INFO] TRAIN_LOSS : 0.035, TIME: 613.0s
[21-02-05 15:26:18-INFO] VAL _RECALL: 0.996, TIME: 52.1s
[21-02-05 15:26:18-DEBUG] 
VAL  set, TITLE	CLS0	CLS1	CLS2	MEAN
VAL  set, REC:	1.000	0.987	1.000	0.996	
VAL  set, F1 :	1.000	0.993	0.991	0.995	
VAL  set, AUC:	1.000	1.000	1.000	1.000	
VAL  set, ACC:	1.000	0.996	0.996	0.997	
VAL  set, SPE:	1.000	1.000	0.995	0.998	
[21-02-05 15:27:10-INFO] TEST_RECALL: 0.549, TIME: 51.5s
[21-02-05 15:27:10-DEBUG] 
TEST set, TITLE	CLS0	CLS1	CLS2	MEAN
TEST set, REC:	0.899	0.081	0.667	0.549	
TEST set, F1 :	0.725	0.145	0.629	0.500	
TEST set, AUC:	0.810	0.673	0.836	0.773	
TEST set, ACC:	0.687	0.726	0.799	0.737	
TEST set, SPE:	0.507	0.984	0.845	0.778	
[21-02-05 15:27:11-INFO] BEST_RECALL: 0.590, EPOCH:  32
[21-02-05 15:37:24-INFO] EPOCH: 40
[21-02-05 15:37:24-INFO] TRAIN_LOSS : 0.014, TIME: 612.6s
[21-02-05 15:38:15-INFO] VAL _RECALL: 1.000, TIME: 51.5s
[21-02-05 15:38:15-DEBUG] 
VAL  set, TITLE	CLS0	CLS1	CLS2	MEAN
VAL  set, REC:	1.000	1.000	1.000	1.000	
VAL  set, F1 :	1.000	1.000	1.000	1.000	
VAL  set, AUC:	1.000	1.000	1.000	1.000	
VAL  set, ACC:	1.000	1.000	1.000	1.000	
VAL  set, SPE:	1.000	1.000	1.000	1.000	
[21-02-05 15:39:07-INFO] TEST_RECALL: 0.594, TIME: 51.6s
[21-02-05 15:39:07-DEBUG] 
TEST set, TITLE	CLS0	CLS1	CLS2	MEAN
TEST set, REC:	0.832	0.405	0.545	0.594	
TEST set, F1 :	0.744	0.455	0.600	0.600	
TEST set, AUC:	0.791	0.660	0.831	0.760	
TEST set, ACC:	0.737	0.722	0.815	0.758	
TEST set, SPE:	0.657	0.849	0.907	0.804	
[21-02-05 15:39:09-INFO] BEST_RECALL: 0.594, EPOCH:  40
[21-02-05 15:49:21-INFO] EPOCH: 41
[21-02-05 15:49:21-INFO] TRAIN_LOSS : 0.009, TIME: 612.4s
[21-02-05 15:50:13-INFO] VAL _RECALL: 1.000, TIME: 51.5s
[21-02-05 15:50:13-DEBUG] 
VAL  set, TITLE	CLS0	CLS1	CLS2	MEAN
VAL  set, REC:	1.000	1.000	1.000	1.000	
VAL  set, F1 :	1.000	1.000	1.000	1.000	
VAL  set, AUC:	1.000	1.000	1.000	1.000	
VAL  set, ACC:	1.000	1.000	1.000	1.000	
VAL  set, SPE:	1.000	1.000	1.000	1.000	
[21-02-05 15:51:04-INFO] TEST_RECALL: 0.569, TIME: 51.3s
[21-02-05 15:51:04-DEBUG] 
TEST set, TITLE	CLS0	CLS1	CLS2	MEAN
TEST set, REC:	0.815	0.257	0.636	0.569	
TEST set, F1 :	0.740	0.336	0.587	0.555	
TEST set, AUC:	0.804	0.661	0.839	0.768	
TEST set, ACC:	0.737	0.710	0.772	0.740	
TEST set, SPE:	0.671	0.892	0.819	0.794	
[21-02-05 15:51:05-INFO] BEST_RECALL: 0.594, EPOCH:  40
[21-02-05 16:01:18-INFO] EPOCH: 42
[21-02-05 16:01:18-INFO] TRAIN_LOSS : 0.010, TIME: 612.6s
[21-02-05 16:02:10-INFO] VAL _RECALL: 1.000, TIME: 52.0s
[21-02-05 16:02:10-DEBUG] 
VAL  set, TITLE	CLS0	CLS1	CLS2	MEAN
VAL  set, REC:	1.000	1.000	1.000	1.000	
VAL  set, F1 :	1.000	1.000	1.000	1.000	
VAL  set, AUC:	1.000	1.000	1.000	1.000	
VAL  set, ACC:	1.000	1.000	1.000	1.000	
VAL  set, SPE:	1.000	1.000	1.000	1.000	
[21-02-05 16:03:01-INFO] TEST_RECALL: 0.556, TIME: 51.8s
[21-02-05 16:03:01-DEBUG] 
TEST set, TITLE	CLS0	CLS1	CLS2	MEAN
TEST set, REC:	0.714	0.392	0.561	0.556	
TEST set, F1 :	0.688	0.397	0.592	0.559	
TEST set, AUC:	0.788	0.647	0.829	0.755	
TEST set, ACC:	0.703	0.660	0.803	0.722	
TEST set, SPE:	0.693	0.768	0.886	0.782	
[21-02-05 16:03:02-INFO] BEST_RECALL: 0.594, EPOCH:  40
[21-02-05 16:13:15-INFO] EPOCH: 43
[21-02-05 16:13:15-INFO] TRAIN_LOSS : 0.007, TIME: 612.4s
[21-02-05 16:14:06-INFO] VAL _RECALL: 1.000, TIME: 51.6s
[21-02-05 16:14:06-DEBUG] 
VAL  set, TITLE	CLS0	CLS1	CLS2	MEAN
VAL  set, REC:	1.000	1.000	1.000	1.000	
VAL  set, F1 :	1.000	1.000	1.000	1.000	
VAL  set, AUC:	1.000	1.000	1.000	1.000	
VAL  set, ACC:	1.000	1.000	1.000	1.000	
VAL  set, SPE:	1.000	1.000	1.000	1.000	
[21-02-05 16:14:58-INFO] TEST_RECALL: 0.565, TIME: 51.8s
[21-02-05 16:14:58-DEBUG] 
TEST set, TITLE	CLS0	CLS1	CLS2	MEAN
TEST set, REC:	0.773	0.405	0.515	0.565	
TEST set, F1 :	0.702	0.420	0.602	0.575	
TEST set, AUC:	0.785	0.649	0.825	0.753	
TEST set, ACC:	0.699	0.680	0.826	0.735	
TEST set, SPE:	0.636	0.789	0.933	0.786	
[21-02-05 16:14:59-INFO] BEST_RECALL: 0.594, EPOCH:  40
[21-02-05 16:25:13-INFO] EPOCH: 44
[21-02-05 16:25:13-INFO] TRAIN_LOSS : 0.015, TIME: 613.4s
[21-02-05 16:26:05-INFO] VAL _RECALL: 1.000, TIME: 52.0s
[21-02-05 16:26:05-DEBUG] 
VAL  set, TITLE	CLS0	CLS1	CLS2	MEAN
VAL  set, REC:	1.000	1.000	1.000	1.000	
VAL  set, F1 :	1.000	1.000	1.000	1.000	
VAL  set, AUC:	1.000	1.000	1.000	1.000	
VAL  set, ACC:	1.000	1.000	1.000	1.000	
VAL  set, SPE:	1.000	1.000	1.000	1.000	
[21-02-05 16:26:56-INFO] TEST_RECALL: 0.562, TIME: 51.5s
[21-02-05 16:26:56-DEBUG] 
TEST set, TITLE	CLS0	CLS1	CLS2	MEAN
TEST set, REC:	0.882	0.257	0.545	0.562	
TEST set, F1 :	0.734	0.333	0.610	0.559	
TEST set, AUC:	0.812	0.670	0.855	0.779	
TEST set, ACC:	0.707	0.707	0.822	0.745	
TEST set, SPE:	0.557	0.886	0.917	0.787	
[21-02-05 16:26:57-INFO] BEST_RECALL: 0.594, EPOCH:  40
[21-02-05 16:37:10-INFO] EPOCH: 45
[21-02-05 16:37:10-INFO] TRAIN_LOSS : 0.011, TIME: 612.9s
[21-02-05 16:38:02-INFO] VAL _RECALL: 1.000, TIME: 51.7s
[21-02-05 16:38:02-DEBUG] 
VAL  set, TITLE	CLS0	CLS1	CLS2	MEAN
VAL  set, REC:	1.000	1.000	1.000	1.000	
VAL  set, F1 :	1.000	1.000	1.000	1.000	
VAL  set, AUC:	1.000	1.000	1.000	1.000	
VAL  set, ACC:	1.000	1.000	1.000	1.000	
VAL  set, SPE:	1.000	1.000	1.000	1.000	
[21-02-05 16:38:54-INFO] TEST_RECALL: 0.586, TIME: 51.9s
[21-02-05 16:38:54-DEBUG] 
TEST set, TITLE	CLS0	CLS1	CLS2	MEAN
TEST set, REC:	0.706	0.324	0.727	0.586	
TEST set, F1 :	0.709	0.384	0.615	0.569	
TEST set, AUC:	0.806	0.676	0.830	0.771	
TEST set, ACC:	0.734	0.703	0.768	0.735	
TEST set, SPE:	0.757	0.854	0.782	0.798	
[21-02-05 16:38:55-INFO] BEST_RECALL: 0.594, EPOCH:  40
[21-02-05 16:49:08-INFO] EPOCH: 46
[21-02-05 16:49:08-INFO] TRAIN_LOSS : 0.033, TIME: 613.2s
[21-02-05 16:50:00-INFO] VAL _RECALL: 1.000, TIME: 51.7s
[21-02-05 16:50:00-DEBUG] 
VAL  set, TITLE	CLS0	CLS1	CLS2	MEAN
VAL  set, REC:	1.000	1.000	1.000	1.000	
VAL  set, F1 :	1.000	1.000	1.000	1.000	
VAL  set, AUC:	1.000	1.000	1.000	1.000	
VAL  set, ACC:	1.000	1.000	1.000	1.000	
VAL  set, SPE:	1.000	1.000	1.000	1.000	
[21-02-05 16:50:51-INFO] TEST_RECALL: 0.553, TIME: 51.4s
[21-02-05 16:50:51-DEBUG] 
TEST set, TITLE	CLS0	CLS1	CLS2	MEAN
TEST set, REC:	0.832	0.176	0.652	0.553	
TEST set, F1 :	0.731	0.263	0.581	0.525	
TEST set, AUC:	0.793	0.671	0.796	0.753	
TEST set, ACC:	0.718	0.718	0.761	0.732	
TEST set, SPE:	0.621	0.935	0.798	0.785	
[21-02-05 16:50:52-INFO] BEST_RECALL: 0.594, EPOCH:  40
[21-02-05 17:01:05-INFO] EPOCH: 47
[21-02-05 17:01:05-INFO] TRAIN_LOSS : 0.012, TIME: 613.0s
[21-02-05 17:01:57-INFO] VAL _RECALL: 1.000, TIME: 51.7s
[21-02-05 17:01:57-DEBUG] 
VAL  set, TITLE	CLS0	CLS1	CLS2	MEAN
VAL  set, REC:	1.000	1.000	1.000	1.000	
VAL  set, F1 :	1.000	1.000	1.000	1.000	
VAL  set, AUC:	1.000	1.000	1.000	1.000	
VAL  set, ACC:	1.000	1.000	1.000	1.000	
VAL  set, SPE:	1.000	1.000	1.000	1.000	
[21-02-05 17:02:49-INFO] TEST_RECALL: 0.594, TIME: 51.7s
[21-02-05 17:02:49-DEBUG] 
TEST set, TITLE	CLS0	CLS1	CLS2	MEAN
TEST set, REC:	0.739	0.405	0.636	0.594	
TEST set, F1 :	0.721	0.426	0.632	0.593	
TEST set, AUC:	0.794	0.671	0.833	0.766	
TEST set, ACC:	0.737	0.687	0.811	0.745	
TEST set, SPE:	0.736	0.800	0.870	0.802	
[21-02-05 17:02:50-INFO] BEST_RECALL: 0.594, EPOCH:  40
[21-02-05 17:13:02-INFO] EPOCH: 48
[21-02-05 17:13:02-INFO] TRAIN_LOSS : 0.003, TIME: 612.6s
[21-02-05 17:13:54-INFO] VAL _RECALL: 1.000, TIME: 51.5s
[21-02-05 17:13:54-DEBUG] 
VAL  set, TITLE	CLS0	CLS1	CLS2	MEAN
VAL  set, REC:	1.000	1.000	1.000	1.000	
VAL  set, F1 :	1.000	1.000	1.000	1.000	
VAL  set, AUC:	1.000	1.000	1.000	1.000	
VAL  set, ACC:	1.000	1.000	1.000	1.000	
VAL  set, SPE:	1.000	1.000	1.000	1.000	
[21-02-05 17:14:46-INFO] TEST_RECALL: 0.560, TIME: 51.8s
[21-02-05 17:14:46-DEBUG] 
TEST set, TITLE	CLS0	CLS1	CLS2	MEAN
TEST set, REC:	0.689	0.459	0.530	0.560	
TEST set, F1 :	0.692	0.425	0.579	0.565	
TEST set, AUC:	0.787	0.668	0.831	0.762	
TEST set, ACC:	0.718	0.645	0.803	0.722	
TEST set, SPE:	0.743	0.719	0.896	0.786	
[21-02-05 17:14:47-INFO] BEST_RECALL: 0.594, EPOCH:  40
[21-02-05 17:25:00-INFO] EPOCH: 49
[21-02-05 17:25:00-INFO] TRAIN_LOSS : 0.003, TIME: 613.1s
[21-02-05 17:25:52-INFO] VAL _RECALL: 1.000, TIME: 51.8s
[21-02-05 17:25:52-DEBUG] 
VAL  set, TITLE	CLS0	CLS1	CLS2	MEAN
VAL  set, REC:	1.000	1.000	1.000	1.000	
VAL  set, F1 :	1.000	1.000	1.000	1.000	
VAL  set, AUC:	1.000	1.000	1.000	1.000	
VAL  set, ACC:	1.000	1.000	1.000	1.000	
VAL  set, SPE:	1.000	1.000	1.000	1.000	
[21-02-05 17:26:43-INFO] TEST_RECALL: 0.541, TIME: 51.4s
[21-02-05 17:26:43-DEBUG] 
TEST set, TITLE	CLS0	CLS1	CLS2	MEAN
TEST set, REC:	0.706	0.568	0.348	0.541	
TEST set, F1 :	0.686	0.467	0.495	0.549	
TEST set, AUC:	0.772	0.670	0.832	0.758	
TEST set, ACC:	0.703	0.629	0.819	0.717	
TEST set, SPE:	0.700	0.654	0.979	0.778	
[21-02-05 17:26:44-INFO] BEST_RECALL: 0.594, EPOCH:  40
[21-02-05 17:36:57-INFO] EPOCH: 50
[21-02-05 17:36:57-INFO] TRAIN_LOSS : 0.002, TIME: 612.6s
[21-02-05 17:37:49-INFO] VAL _RECALL: 1.000, TIME: 51.9s
[21-02-05 17:37:49-DEBUG] 
VAL  set, TITLE	CLS0	CLS1	CLS2	MEAN
VAL  set, REC:	1.000	1.000	1.000	1.000	
VAL  set, F1 :	1.000	1.000	1.000	1.000	
VAL  set, AUC:	1.000	1.000	1.000	1.000	
VAL  set, ACC:	1.000	1.000	1.000	1.000	
VAL  set, SPE:	1.000	1.000	1.000	1.000	
[21-02-05 17:38:40-INFO] TEST_RECALL: 0.602, TIME: 51.5s
[21-02-05 17:38:40-DEBUG] 
TEST set, TITLE	CLS0	CLS1	CLS2	MEAN
TEST set, REC:	0.765	0.405	0.636	0.602	
TEST set, F1 :	0.731	0.435	0.641	0.602	
TEST set, AUC:	0.793	0.669	0.828	0.764	
TEST set, ACC:	0.741	0.699	0.819	0.753	
TEST set, SPE:	0.721	0.816	0.881	0.806	
[21-02-05 17:38:42-INFO] BEST_RECALL: 0.602, EPOCH:  50
[21-02-05 17:48:55-INFO] EPOCH: 51
[21-02-05 17:48:55-INFO] TRAIN_LOSS : 0.004, TIME: 612.6s
[21-02-05 17:49:46-INFO] VAL _RECALL: 1.000, TIME: 51.5s
[21-02-05 17:49:46-DEBUG] 
VAL  set, TITLE	CLS0	CLS1	CLS2	MEAN
VAL  set, REC:	1.000	1.000	1.000	1.000	
VAL  set, F1 :	1.000	1.000	1.000	1.000	
VAL  set, AUC:	1.000	1.000	1.000	1.000	
VAL  set, ACC:	1.000	1.000	1.000	1.000	
VAL  set, SPE:	1.000	1.000	1.000	1.000	
[21-02-05 17:50:38-INFO] TEST_RECALL: 0.602, TIME: 51.9s
[21-02-05 17:50:38-DEBUG] 
TEST set, TITLE	CLS0	CLS1	CLS2	MEAN
TEST set, REC:	0.739	0.459	0.606	0.602	
TEST set, F1 :	0.727	0.463	0.620	0.603	
TEST set, AUC:	0.801	0.675	0.830	0.769	
TEST set, ACC:	0.745	0.695	0.811	0.750	
TEST set, SPE:	0.750	0.789	0.881	0.807	
[21-02-05 17:50:39-INFO] BEST_RECALL: 0.602, EPOCH:  50
[21-02-05 18:00:52-INFO] EPOCH: 52
[21-02-05 18:00:52-INFO] TRAIN_LOSS : 0.002, TIME: 613.1s
[21-02-05 18:01:44-INFO] VAL _RECALL: 1.000, TIME: 51.7s
[21-02-05 18:01:44-DEBUG] 
VAL  set, TITLE	CLS0	CLS1	CLS2	MEAN
VAL  set, REC:	1.000	1.000	1.000	1.000	
VAL  set, F1 :	1.000	1.000	1.000	1.000	
VAL  set, AUC:	1.000	1.000	1.000	1.000	
VAL  set, ACC:	1.000	1.000	1.000	1.000	
VAL  set, SPE:	1.000	1.000	1.000	1.000	
[21-02-05 18:02:35-INFO] TEST_RECALL: 0.588, TIME: 51.3s
[21-02-05 18:02:35-DEBUG] 
TEST set, TITLE	CLS0	CLS1	CLS2	MEAN
TEST set, REC:	0.697	0.446	0.621	0.588	
TEST set, F1 :	0.703	0.437	0.626	0.589	
TEST set, AUC:	0.799	0.673	0.834	0.769	
TEST set, ACC:	0.730	0.672	0.811	0.737	
TEST set, SPE:	0.757	0.762	0.876	0.798	
[21-02-05 18:02:36-INFO] BEST_RECALL: 0.602, EPOCH:  50
[21-02-05 18:12:49-INFO] EPOCH: 53
[21-02-05 18:12:49-INFO] TRAIN_LOSS : 0.001, TIME: 612.8s
[21-02-05 18:13:41-INFO] VAL _RECALL: 1.000, TIME: 52.0s
[21-02-05 18:13:41-DEBUG] 
VAL  set, TITLE	CLS0	CLS1	CLS2	MEAN
VAL  set, REC:	1.000	1.000	1.000	1.000	
VAL  set, F1 :	1.000	1.000	1.000	1.000	
VAL  set, AUC:	1.000	1.000	1.000	1.000	
VAL  set, ACC:	1.000	1.000	1.000	1.000	
VAL  set, SPE:	1.000	1.000	1.000	1.000	
[21-02-05 18:14:33-INFO] TEST_RECALL: 0.580, TIME: 51.5s
[21-02-05 18:14:33-DEBUG] 
TEST set, TITLE	CLS0	CLS1	CLS2	MEAN
TEST set, REC:	0.731	0.432	0.576	0.580	
TEST set, F1 :	0.719	0.430	0.598	0.582	
TEST set, AUC:	0.795	0.675	0.837	0.769	
TEST set, ACC:	0.737	0.672	0.803	0.737	
TEST set, SPE:	0.743	0.768	0.881	0.797	
[21-02-05 18:14:34-INFO] BEST_RECALL: 0.602, EPOCH:  50
[21-02-05 18:24:46-INFO] EPOCH: 54
[21-02-05 18:24:46-INFO] TRAIN_LOSS : 0.001, TIME: 612.8s
[21-02-05 18:25:38-INFO] VAL _RECALL: 1.000, TIME: 51.5s
[21-02-05 18:25:38-DEBUG] 
VAL  set, TITLE	CLS0	CLS1	CLS2	MEAN
VAL  set, REC:	1.000	1.000	1.000	1.000	
VAL  set, F1 :	1.000	1.000	1.000	1.000	
VAL  set, AUC:	1.000	1.000	1.000	1.000	
VAL  set, ACC:	1.000	1.000	1.000	1.000	
VAL  set, SPE:	1.000	1.000	1.000	1.000	
[21-02-05 18:26:30-INFO] TEST_RECALL: 0.574, TIME: 51.5s
[21-02-05 18:26:30-DEBUG] 
TEST set, TITLE	CLS0	CLS1	CLS2	MEAN
TEST set, REC:	0.714	0.446	0.561	0.574	
TEST set, F1 :	0.705	0.431	0.597	0.578	
TEST set, AUC:	0.791	0.675	0.836	0.767	
TEST set, ACC:	0.726	0.664	0.807	0.732	
TEST set, SPE:	0.736	0.751	0.891	0.793	
[21-02-05 18:26:31-INFO] BEST_RECALL: 0.602, EPOCH:  50
[21-02-05 18:36:38-INFO] EPOCH: 55
[21-02-05 18:36:38-INFO] TRAIN_LOSS : 0.001, TIME: 607.1s
[21-02-05 18:37:29-INFO] VAL _RECALL: 1.000, TIME: 51.6s
[21-02-05 18:37:29-DEBUG] 
VAL  set, TITLE	CLS0	CLS1	CLS2	MEAN
VAL  set, REC:	1.000	1.000	1.000	1.000	
VAL  set, F1 :	1.000	1.000	1.000	1.000	
VAL  set, AUC:	1.000	1.000	1.000	1.000	
VAL  set, ACC:	1.000	1.000	1.000	1.000	
VAL  set, SPE:	1.000	1.000	1.000	1.000	
[21-02-05 18:38:21-INFO] TEST_RECALL: 0.585, TIME: 51.7s
[21-02-05 18:38:21-DEBUG] 
TEST set, TITLE	CLS0	CLS1	CLS2	MEAN
TEST set, REC:	0.765	0.446	0.545	0.585	
TEST set, F1 :	0.722	0.455	0.595	0.591	
TEST set, AUC:	0.792	0.679	0.838	0.769	
TEST set, ACC:	0.730	0.695	0.811	0.745	
TEST set, SPE:	0.700	0.795	0.902	0.799	
[21-02-05 18:38:22-INFO] BEST_RECALL: 0.602, EPOCH:  50
[21-02-05 18:48:36-INFO] EPOCH: 56
[21-02-05 18:48:36-INFO] TRAIN_LOSS : 0.001, TIME: 613.9s
[21-02-05 18:49:27-INFO] VAL _RECALL: 1.000, TIME: 51.6s
[21-02-05 18:49:27-DEBUG] 
VAL  set, TITLE	CLS0	CLS1	CLS2	MEAN
VAL  set, REC:	1.000	1.000	1.000	1.000	
VAL  set, F1 :	1.000	1.000	1.000	1.000	
VAL  set, AUC:	1.000	1.000	1.000	1.000	
VAL  set, ACC:	1.000	1.000	1.000	1.000	
VAL  set, SPE:	1.000	1.000	1.000	1.000	
[21-02-05 18:50:19-INFO] TEST_RECALL: 0.545, TIME: 51.5s
[21-02-05 18:50:19-DEBUG] 
TEST set, TITLE	CLS0	CLS1	CLS2	MEAN
TEST set, REC:	0.555	0.581	0.500	0.545	
TEST set, F1 :	0.629	0.448	0.569	0.548	
TEST set, AUC:	0.778	0.673	0.841	0.764	
TEST set, ACC:	0.699	0.591	0.807	0.699	
TEST set, SPE:	0.821	0.595	0.912	0.776	
[21-02-05 18:50:20-INFO] BEST_RECALL: 0.602, EPOCH:  50
[21-02-05 19:00:35-INFO] EPOCH: 57
[21-02-05 19:00:35-INFO] TRAIN_LOSS : 0.001, TIME: 614.7s
[21-02-05 19:01:26-INFO] VAL _RECALL: 1.000, TIME: 51.6s
[21-02-05 19:01:26-DEBUG] 
VAL  set, TITLE	CLS0	CLS1	CLS2	MEAN
VAL  set, REC:	1.000	1.000	1.000	1.000	
VAL  set, F1 :	1.000	1.000	1.000	1.000	
VAL  set, AUC:	1.000	1.000	1.000	1.000	
VAL  set, ACC:	1.000	1.000	1.000	1.000	
VAL  set, SPE:	1.000	1.000	1.000	1.000	
[21-02-05 19:02:18-INFO] TEST_RECALL: 0.586, TIME: 51.4s
[21-02-05 19:02:18-DEBUG] 
TEST set, TITLE	CLS0	CLS1	CLS2	MEAN
TEST set, REC:	0.756	0.486	0.515	0.586	
TEST set, F1 :	0.738	0.456	0.586	0.593	
TEST set, AUC:	0.796	0.670	0.842	0.770	
TEST set, ACC:	0.753	0.668	0.815	0.745	
TEST set, SPE:	0.750	0.741	0.917	0.803	
[21-02-05 19:02:19-INFO] BEST_RECALL: 0.602, EPOCH:  50
[21-02-05 19:12:32-INFO] EPOCH: 58
[21-02-05 19:12:32-INFO] TRAIN_LOSS : 0.001, TIME: 612.9s
[21-02-05 19:13:23-INFO] VAL _RECALL: 1.000, TIME: 51.6s
[21-02-05 19:13:23-DEBUG] 
VAL  set, TITLE	CLS0	CLS1	CLS2	MEAN
VAL  set, REC:	1.000	1.000	1.000	1.000	
VAL  set, F1 :	1.000	1.000	1.000	1.000	
VAL  set, AUC:	1.000	1.000	1.000	1.000	
VAL  set, ACC:	1.000	1.000	1.000	1.000	
VAL  set, SPE:	1.000	1.000	1.000	1.000	
[21-02-05 19:14:15-INFO] TEST_RECALL: 0.580, TIME: 51.4s
[21-02-05 19:14:15-DEBUG] 
TEST set, TITLE	CLS0	CLS1	CLS2	MEAN
TEST set, REC:	0.773	0.392	0.576	0.580	
TEST set, F1 :	0.727	0.417	0.603	0.583	
TEST set, AUC:	0.794	0.669	0.842	0.768	
TEST set, ACC:	0.734	0.687	0.807	0.743	
TEST set, SPE:	0.700	0.805	0.886	0.797	
[21-02-05 19:14:16-INFO] BEST_RECALL: 0.602, EPOCH:  50
[21-02-05 19:24:30-INFO] EPOCH: 59
[21-02-05 19:24:30-INFO] TRAIN_LOSS : 0.000, TIME: 613.9s
[21-02-05 19:25:22-INFO] VAL _RECALL: 1.000, TIME: 51.8s
[21-02-05 19:25:22-DEBUG] 
VAL  set, TITLE	CLS0	CLS1	CLS2	MEAN
VAL  set, REC:	1.000	1.000	1.000	1.000	
VAL  set, F1 :	1.000	1.000	1.000	1.000	
VAL  set, AUC:	1.000	1.000	1.000	1.000	
VAL  set, ACC:	1.000	1.000	1.000	1.000	
VAL  set, SPE:	1.000	1.000	1.000	1.000	
[21-02-05 19:26:14-INFO] TEST_RECALL: 0.586, TIME: 51.9s
[21-02-05 19:26:14-DEBUG] 
TEST set, TITLE	CLS0	CLS1	CLS2	MEAN
TEST set, REC:	0.790	0.392	0.576	0.586	
TEST set, F1 :	0.734	0.426	0.603	0.588	
TEST set, AUC:	0.794	0.668	0.841	0.768	
TEST set, ACC:	0.737	0.699	0.807	0.748	
TEST set, SPE:	0.693	0.822	0.886	0.800	
[21-02-05 19:26:15-INFO] BEST_RECALL: 0.602, EPOCH:  50
[21-02-05 19:36:29-INFO] EPOCH: 60
[21-02-05 19:36:29-INFO] TRAIN_LOSS : 0.001, TIME: 614.2s
[21-02-05 19:37:21-INFO] VAL _RECALL: 1.000, TIME: 52.0s
[21-02-05 19:37:21-DEBUG] 
VAL  set, TITLE	CLS0	CLS1	CLS2	MEAN
VAL  set, REC:	1.000	1.000	1.000	1.000	
VAL  set, F1 :	1.000	1.000	1.000	1.000	
VAL  set, AUC:	1.000	1.000	1.000	1.000	
VAL  set, ACC:	1.000	1.000	1.000	1.000	
VAL  set, SPE:	1.000	1.000	1.000	1.000	
[21-02-05 19:38:13-INFO] TEST_RECALL: 0.581, TIME: 52.1s
[21-02-05 19:38:13-DEBUG] 
TEST set, TITLE	CLS0	CLS1	CLS2	MEAN
TEST set, REC:	0.773	0.365	0.606	0.581	
TEST set, F1 :	0.724	0.400	0.620	0.582	
TEST set, AUC:	0.794	0.666	0.839	0.767	
TEST set, ACC:	0.730	0.687	0.811	0.743	
TEST set, SPE:	0.693	0.816	0.881	0.797	
[21-02-05 19:38:14-INFO] BEST_RECALL: 0.602, EPOCH:  50
[21-02-05 19:48:28-INFO] EPOCH: 61
[21-02-05 19:48:28-INFO] TRAIN_LOSS : 0.000, TIME: 613.5s
[21-02-05 19:49:19-INFO] VAL _RECALL: 1.000, TIME: 51.6s
[21-02-05 19:49:19-DEBUG] 
VAL  set, TITLE	CLS0	CLS1	CLS2	MEAN
VAL  set, REC:	1.000	1.000	1.000	1.000	
VAL  set, F1 :	1.000	1.000	1.000	1.000	
VAL  set, AUC:	1.000	1.000	1.000	1.000	
VAL  set, ACC:	1.000	1.000	1.000	1.000	
VAL  set, SPE:	1.000	1.000	1.000	1.000	
[21-02-05 19:50:11-INFO] TEST_RECALL: 0.580, TIME: 51.6s
[21-02-05 19:50:11-DEBUG] 
TEST set, TITLE	CLS0	CLS1	CLS2	MEAN
TEST set, REC:	0.773	0.405	0.561	0.580	
TEST set, F1 :	0.727	0.429	0.592	0.583	
TEST set, AUC:	0.788	0.669	0.843	0.767	
TEST set, ACC:	0.734	0.691	0.803	0.743	
TEST set, SPE:	0.700	0.805	0.886	0.797	
[21-02-05 19:50:12-INFO] BEST_RECALL: 0.602, EPOCH:  50
[21-02-05 20:00:25-INFO] EPOCH: 62
[21-02-05 20:00:25-INFO] TRAIN_LOSS : 0.000, TIME: 613.3s
[21-02-05 20:01:17-INFO] VAL _RECALL: 1.000, TIME: 51.6s
[21-02-05 20:01:17-DEBUG] 
VAL  set, TITLE	CLS0	CLS1	CLS2	MEAN
VAL  set, REC:	1.000	1.000	1.000	1.000	
VAL  set, F1 :	1.000	1.000	1.000	1.000	
VAL  set, AUC:	1.000	1.000	1.000	1.000	
VAL  set, ACC:	1.000	1.000	1.000	1.000	
VAL  set, SPE:	1.000	1.000	1.000	1.000	
[21-02-05 20:02:08-INFO] TEST_RECALL: 0.557, TIME: 51.4s
[21-02-05 20:02:08-DEBUG] 
TEST set, TITLE	CLS0	CLS1	CLS2	MEAN
TEST set, REC:	0.756	0.446	0.470	0.557	
TEST set, F1 :	0.714	0.426	0.559	0.566	
TEST set, AUC:	0.787	0.670	0.839	0.765	
TEST set, ACC:	0.722	0.656	0.811	0.730	
TEST set, SPE:	0.693	0.741	0.927	0.787	
[21-02-05 20:02:09-INFO] BEST_RECALL: 0.602, EPOCH:  50
[21-02-05 20:12:22-INFO] EPOCH: 63
[21-02-05 20:12:22-INFO] TRAIN_LOSS : 0.000, TIME: 612.8s
[21-02-05 20:13:14-INFO] VAL _RECALL: 1.000, TIME: 51.6s
[21-02-05 20:13:14-DEBUG] 
VAL  set, TITLE	CLS0	CLS1	CLS2	MEAN
VAL  set, REC:	1.000	1.000	1.000	1.000	
VAL  set, F1 :	1.000	1.000	1.000	1.000	
VAL  set, AUC:	1.000	1.000	1.000	1.000	
VAL  set, ACC:	1.000	1.000	1.000	1.000	
VAL  set, SPE:	1.000	1.000	1.000	1.000	
[21-02-05 20:14:05-INFO] TEST_RECALL: 0.602, TIME: 51.4s
[21-02-05 20:14:05-DEBUG] 
TEST set, TITLE	CLS0	CLS1	CLS2	MEAN
TEST set, REC:	0.681	0.351	0.773	0.602	
TEST set, F1 :	0.711	0.403	0.634	0.582	
TEST set, AUC:	0.804	0.669	0.837	0.770	
TEST set, ACC:	0.745	0.703	0.772	0.740	
TEST set, SPE:	0.800	0.843	0.772	0.805	
[21-02-05 20:14:06-INFO] BEST_RECALL: 0.602, EPOCH:  50
[21-02-05 20:24:20-INFO] EPOCH: 64
[21-02-05 20:24:20-INFO] TRAIN_LOSS : 0.000, TIME: 613.5s
[21-02-05 20:25:11-INFO] VAL _RECALL: 1.000, TIME: 51.8s
[21-02-05 20:25:11-DEBUG] 
VAL  set, TITLE	CLS0	CLS1	CLS2	MEAN
VAL  set, REC:	1.000	1.000	1.000	1.000	
VAL  set, F1 :	1.000	1.000	1.000	1.000	
VAL  set, AUC:	1.000	1.000	1.000	1.000	
VAL  set, ACC:	1.000	1.000	1.000	1.000	
VAL  set, SPE:	1.000	1.000	1.000	1.000	
[21-02-05 20:26:03-INFO] TEST_RECALL: 0.588, TIME: 51.8s
[21-02-05 20:26:03-DEBUG] 
TEST set, TITLE	CLS0	CLS1	CLS2	MEAN
TEST set, REC:	0.756	0.432	0.576	0.588	
TEST set, F1 :	0.723	0.444	0.608	0.592	
TEST set, AUC:	0.793	0.673	0.836	0.767	
TEST set, ACC:	0.734	0.691	0.811	0.745	
TEST set, SPE:	0.714	0.795	0.891	0.800	
[21-02-05 20:26:04-INFO] BEST_RECALL: 0.602, EPOCH:  50
[21-02-05 20:36:17-INFO] EPOCH: 65
[21-02-05 20:36:17-INFO] TRAIN_LOSS : 0.000, TIME: 613.0s
[21-02-05 20:37:09-INFO] VAL _RECALL: 1.000, TIME: 51.8s
[21-02-05 20:37:09-DEBUG] 
VAL  set, TITLE	CLS0	CLS1	CLS2	MEAN
VAL  set, REC:	1.000	1.000	1.000	1.000	
VAL  set, F1 :	1.000	1.000	1.000	1.000	
VAL  set, AUC:	1.000	1.000	1.000	1.000	
VAL  set, ACC:	1.000	1.000	1.000	1.000	
VAL  set, SPE:	1.000	1.000	1.000	1.000	
[21-02-05 20:38:01-INFO] TEST_RECALL: 0.578, TIME: 51.8s
[21-02-05 20:38:01-DEBUG] 
TEST set, TITLE	CLS0	CLS1	CLS2	MEAN
TEST set, REC:	0.765	0.378	0.591	0.578	
TEST set, F1 :	0.717	0.412	0.609	0.579	
TEST set, AUC:	0.799	0.672	0.841	0.771	
TEST set, ACC:	0.722	0.691	0.807	0.740	
TEST set, SPE:	0.686	0.816	0.881	0.794	
[21-02-05 20:38:02-INFO] BEST_RECALL: 0.602, EPOCH:  50
[21-02-05 20:48:15-INFO] EPOCH: 66
[21-02-05 20:48:15-INFO] TRAIN_LOSS : 0.000, TIME: 613.2s
[21-02-05 20:49:07-INFO] VAL _RECALL: 1.000, TIME: 51.5s
[21-02-05 20:49:07-DEBUG] 
VAL  set, TITLE	CLS0	CLS1	CLS2	MEAN
VAL  set, REC:	1.000	1.000	1.000	1.000	
VAL  set, F1 :	1.000	1.000	1.000	1.000	
VAL  set, AUC:	1.000	1.000	1.000	1.000	
VAL  set, ACC:	1.000	1.000	1.000	1.000	
VAL  set, SPE:	1.000	1.000	1.000	1.000	
[21-02-05 20:49:58-INFO] TEST_RECALL: 0.577, TIME: 51.3s
[21-02-05 20:49:58-DEBUG] 
TEST set, TITLE	CLS0	CLS1	CLS2	MEAN
TEST set, REC:	0.807	0.378	0.545	0.577	
TEST set, F1 :	0.736	0.418	0.585	0.580	
TEST set, AUC:	0.800	0.670	0.840	0.770	
TEST set, ACC:	0.734	0.699	0.803	0.745	
TEST set, SPE:	0.671	0.827	0.891	0.797	
[21-02-05 20:49:59-INFO] BEST_RECALL: 0.602, EPOCH:  50
[21-02-05 21:00:13-INFO] EPOCH: 67
[21-02-05 21:00:13-INFO] TRAIN_LOSS : 0.052, TIME: 613.9s
[21-02-05 21:01:05-INFO] VAL _RECALL: 1.000, TIME: 51.8s
[21-02-05 21:01:05-DEBUG] 
VAL  set, TITLE	CLS0	CLS1	CLS2	MEAN
VAL  set, REC:	1.000	1.000	1.000	1.000	
VAL  set, F1 :	1.000	1.000	1.000	1.000	
VAL  set, AUC:	1.000	1.000	1.000	1.000	
VAL  set, ACC:	1.000	1.000	1.000	1.000	
VAL  set, SPE:	1.000	1.000	1.000	1.000	
[21-02-05 21:01:56-INFO] TEST_RECALL: 0.611, TIME: 51.8s
[21-02-05 21:01:56-DEBUG] 
TEST set, TITLE	CLS0	CLS1	CLS2	MEAN
TEST set, REC:	0.815	0.216	0.803	0.611	
TEST set, F1 :	0.773	0.320	0.635	0.576	
TEST set, AUC:	0.830	0.675	0.853	0.786	
TEST set, ACC:	0.780	0.737	0.764	0.761	
TEST set, SPE:	0.750	0.946	0.751	0.816	
[21-02-05 21:01:59-INFO] BEST_RECALL: 0.611, EPOCH:  67
[21-02-05 21:12:12-INFO] EPOCH: 68
[21-02-05 21:12:12-INFO] TRAIN_LOSS : 0.023, TIME: 613.2s
[21-02-05 21:13:04-INFO] VAL _RECALL: 1.000, TIME: 51.8s
[21-02-05 21:13:04-DEBUG] 
VAL  set, TITLE	CLS0	CLS1	CLS2	MEAN
VAL  set, REC:	1.000	1.000	1.000	1.000	
VAL  set, F1 :	1.000	1.000	1.000	1.000	
VAL  set, AUC:	1.000	1.000	1.000	1.000	
VAL  set, ACC:	1.000	1.000	1.000	1.000	
VAL  set, SPE:	1.000	1.000	1.000	1.000	
[21-02-05 21:13:55-INFO] TEST_RECALL: 0.558, TIME: 51.7s
[21-02-05 21:13:55-DEBUG] 
TEST set, TITLE	CLS0	CLS1	CLS2	MEAN
TEST set, REC:	0.672	0.351	0.652	0.558	
TEST set, F1 :	0.690	0.366	0.597	0.551	
TEST set, AUC:	0.793	0.648	0.827	0.756	
TEST set, ACC:	0.722	0.653	0.776	0.717	
TEST set, SPE:	0.764	0.773	0.819	0.785	
[21-02-05 21:13:56-INFO] BEST_RECALL: 0.611, EPOCH:  67
[21-02-05 21:24:10-INFO] EPOCH: 69
[21-02-05 21:24:10-INFO] TRAIN_LOSS : 0.008, TIME: 613.6s
[21-02-05 21:25:02-INFO] VAL _RECALL: 1.000, TIME: 52.1s
[21-02-05 21:25:02-DEBUG] 
VAL  set, TITLE	CLS0	CLS1	CLS2	MEAN
VAL  set, REC:	1.000	1.000	1.000	1.000	
VAL  set, F1 :	1.000	1.000	1.000	1.000	
VAL  set, AUC:	1.000	1.000	1.000	1.000	
VAL  set, ACC:	1.000	1.000	1.000	1.000	
VAL  set, SPE:	1.000	1.000	1.000	1.000	
[21-02-05 21:25:54-INFO] TEST_RECALL: 0.545, TIME: 51.8s
[21-02-05 21:25:54-DEBUG] 
TEST set, TITLE	CLS0	CLS1	CLS2	MEAN
TEST set, REC:	0.782	0.324	0.530	0.545	
TEST set, F1 :	0.705	0.372	0.560	0.546	
TEST set, AUC:	0.800	0.664	0.841	0.768	
TEST set, ACC:	0.699	0.687	0.788	0.725	
TEST set, SPE:	0.629	0.832	0.876	0.779	
[21-02-05 21:25:55-INFO] BEST_RECALL: 0.611, EPOCH:  67
