[21-02-05 04:47:48-DEBUG] Checkpoints is in:
./results/checkpoints/20210205/3D_ResNet18-3-044747/
[21-02-05 04:47:48-DEBUG] Tensorboard is in:
./results/tensorboards/20210205/3D_ResNet18-3-044747/
[21-02-05 04:47:48-DEBUG] Data is in:
./data/Net_Input/3D_64_z1.0_l0.70_h0.10_20210125/
[21-02-05 04:47:48-DEBUG] LR: 3e-05, LD: 0.98
[21-02-05 04:47:48-DEBUG] WD: 1e-05, WU: 20
[21-02-05 04:47:48-DEBUG] BS: 4, FOLD: 3


[21-02-05 04:58:08-INFO] EPOCH: 1
[21-02-05 04:58:08-INFO] TRAIN_LOSS : 1.030, TIME: 612.9s
[21-02-05 04:59:00-INFO] VAL _RECALL: 0.393, TIME: 51.6s
[21-02-05 04:59:00-DEBUG] 
VAL  set, TITLE	CLS0	CLS1	CLS2	MEAN
VAL  set, REC:	0.791	0.173	0.214	0.393	
VAL  set, F1 :	0.669	0.200	0.282	0.384	
VAL  set, AUC:	0.700	0.607	0.668	0.659	
VAL  set, ACC:	0.612	0.600	0.765	0.659	
VAL  set, SPE:	0.435	0.773	0.917	0.708	
[21-02-05 04:59:52-INFO] TEST_RECALL: 0.408, TIME: 51.9s
[21-02-05 04:59:52-DEBUG] 
TEST set, TITLE	CLS0	CLS1	CLS2	MEAN
TEST set, REC:	0.818	0.217	0.189	0.408	
TEST set, F1 :	0.707	0.263	0.230	0.400	
TEST set, AUC:	0.687	0.605	0.682	0.658	
TEST set, ACC:	0.641	0.676	0.741	0.686	
TEST set, SPE:	0.443	0.842	0.883	0.723	
[21-02-05 04:59:52-INFO] BEST_RECALL: 0.408, EPOCH:   1
[21-02-05 05:10:05-INFO] EPOCH: 2
[21-02-05 05:10:05-INFO] TRAIN_LOSS : 0.970, TIME: 612.7s
[21-02-05 05:10:57-INFO] VAL _RECALL: 0.448, TIME: 51.7s
[21-02-05 05:10:57-DEBUG] 
VAL  set, TITLE	CLS0	CLS1	CLS2	MEAN
VAL  set, REC:	0.992	0.013	0.339	0.448	
VAL  set, F1 :	0.723	0.025	0.442	0.397	
VAL  set, AUC:	0.819	0.605	0.812	0.745	
VAL  set, ACC:	0.623	0.700	0.815	0.713	
VAL  set, SPE:	0.260	0.978	0.946	0.728	
[21-02-05 05:11:48-INFO] TEST_RECALL: 0.451, TIME: 51.5s
[21-02-05 05:11:48-DEBUG] 
TEST set, TITLE	CLS0	CLS1	CLS2	MEAN
TEST set, REC:	0.956	0.058	0.340	0.451	
TEST set, F1 :	0.738	0.100	0.434	0.424	
TEST set, AUC:	0.794	0.620	0.820	0.745	
TEST set, ACC:	0.641	0.722	0.819	0.727	
TEST set, SPE:	0.287	0.963	0.942	0.731	
[21-02-05 05:11:49-INFO] BEST_RECALL: 0.451, EPOCH:   2
[21-02-05 05:22:02-INFO] EPOCH: 3
[21-02-05 05:22:02-INFO] TRAIN_LOSS : 0.913, TIME: 612.9s
[21-02-05 05:22:54-INFO] VAL _RECALL: 0.387, TIME: 51.8s
[21-02-05 05:22:54-DEBUG] 
VAL  set, TITLE	CLS0	CLS1	CLS2	MEAN
VAL  set, REC:	0.992	0.027	0.143	0.387	
VAL  set, F1 :	0.701	0.045	0.242	0.330	
VAL  set, AUC:	0.854	0.637	0.862	0.785	
VAL  set, ACC:	0.581	0.673	0.808	0.687	
VAL  set, SPE:	0.176	0.935	0.990	0.700	
[21-02-05 05:23:45-INFO] TEST_RECALL: 0.388, TIME: 51.4s
[21-02-05 05:23:45-DEBUG] 
TEST set, TITLE	CLS0	CLS1	CLS2	MEAN
TEST set, REC:	0.993	0.058	0.113	0.388	
TEST set, F1 :	0.735	0.090	0.203	0.343	
TEST set, AUC:	0.807	0.603	0.849	0.753	
TEST set, ACC:	0.622	0.687	0.819	0.709	
TEST set, SPE:	0.205	0.916	1.000	0.707	
[21-02-05 05:23:45-INFO] BEST_RECALL: 0.451, EPOCH:   2
[21-02-05 05:33:58-INFO] EPOCH: 4
[21-02-05 05:33:58-INFO] TRAIN_LOSS : 0.866, TIME: 612.9s
[21-02-05 05:34:50-INFO] VAL _RECALL: 0.433, TIME: 51.8s
[21-02-05 05:34:50-DEBUG] 
VAL  set, TITLE	CLS0	CLS1	CLS2	MEAN
VAL  set, REC:	1.000	0.013	0.286	0.433	
VAL  set, F1 :	0.701	0.025	0.438	0.388	
VAL  set, AUC:	0.887	0.668	0.899	0.818	
VAL  set, ACC:	0.577	0.704	0.842	0.708	
VAL  set, SPE:	0.160	0.984	0.995	0.713	
[21-02-05 05:35:42-INFO] TEST_RECALL: 0.438, TIME: 51.6s
[21-02-05 05:35:42-DEBUG] 
TEST set, TITLE	CLS0	CLS1	CLS2	MEAN
TEST set, REC:	0.993	0.058	0.264	0.438	
TEST set, F1 :	0.735	0.104	0.394	0.411	
TEST set, AUC:	0.830	0.611	0.880	0.773	
TEST set, ACC:	0.622	0.734	0.834	0.730	
TEST set, SPE:	0.205	0.979	0.981	0.721	
[21-02-05 05:35:42-INFO] BEST_RECALL: 0.451, EPOCH:   2
[21-02-05 05:45:55-INFO] EPOCH: 5
[21-02-05 05:45:55-INFO] TRAIN_LOSS : 0.817, TIME: 613.1s
[21-02-05 05:46:46-INFO] VAL _RECALL: 0.363, TIME: 51.6s
[21-02-05 05:46:46-DEBUG] 
VAL  set, TITLE	CLS0	CLS1	CLS2	MEAN
VAL  set, REC:	1.000	0.000	0.089	0.363	
VAL  set, F1 :	0.672	0.000	0.164	0.279	
VAL  set, AUC:	0.912	0.657	0.934	0.834	
VAL  set, ACC:	0.515	0.712	0.804	0.677	
VAL  set, SPE:	0.038	1.000	1.000	0.679	
[21-02-05 05:47:38-INFO] TEST_RECALL: 0.340, TIME: 51.7s
[21-02-05 05:47:38-DEBUG] 
TEST set, TITLE	CLS0	CLS1	CLS2	MEAN
TEST set, REC:	1.000	0.000	0.019	0.340	
TEST set, F1 :	0.694	0.000	0.037	0.244	
TEST set, AUC:	0.810	0.600	0.872	0.761	
TEST set, ACC:	0.533	0.734	0.799	0.689	
TEST set, SPE:	0.008	1.000	1.000	0.669	
[21-02-05 05:47:38-INFO] BEST_RECALL: 0.451, EPOCH:   2
[21-02-05 05:57:51-INFO] EPOCH: 6
[21-02-05 05:57:51-INFO] TRAIN_LOSS : 0.787, TIME: 613.1s
[21-02-05 05:58:43-INFO] VAL _RECALL: 0.419, TIME: 51.6s
[21-02-05 05:58:43-DEBUG] 
VAL  set, TITLE	CLS0	CLS1	CLS2	MEAN
VAL  set, REC:	0.217	0.040	1.000	0.419	
VAL  set, F1 :	0.357	0.052	0.453	0.287	
VAL  set, AUC:	0.921	0.411	0.926	0.753	
VAL  set, ACC:	0.612	0.577	0.481	0.556	
VAL  set, SPE:	1.000	0.795	0.338	0.711	
[21-02-05 05:59:34-INFO] TEST_RECALL: 0.426, TIME: 51.5s
[21-02-05 05:59:34-DEBUG] 
TEST set, TITLE	CLS0	CLS1	CLS2	MEAN
TEST set, REC:	0.190	0.087	1.000	0.426	
TEST set, F1 :	0.319	0.119	0.417	0.285	
TEST set, AUC:	0.831	0.476	0.888	0.731	
TEST set, ACC:	0.571	0.656	0.429	0.552	
TEST set, SPE:	1.000	0.863	0.282	0.715	
[21-02-05 05:59:35-INFO] BEST_RECALL: 0.451, EPOCH:   2
[21-02-05 06:09:48-INFO] EPOCH: 7
[21-02-05 06:09:48-INFO] TRAIN_LOSS : 0.714, TIME: 612.9s
[21-02-05 06:10:39-INFO] VAL _RECALL: 0.568, TIME: 51.5s
[21-02-05 06:10:39-DEBUG] 
VAL  set, TITLE	CLS0	CLS1	CLS2	MEAN
VAL  set, REC:	0.690	0.013	1.000	0.568	
VAL  set, F1 :	0.809	0.026	0.505	0.446	
VAL  set, AUC:	0.971	0.455	0.943	0.789	
VAL  set, ACC:	0.838	0.708	0.577	0.708	
VAL  set, SPE:	0.985	0.989	0.461	0.812	
[21-02-05 06:11:31-INFO] TEST_RECALL: 0.501, TIME: 51.6s
[21-02-05 06:11:31-DEBUG] 
TEST set, TITLE	CLS0	CLS1	CLS2	MEAN
TEST set, REC:	0.474	0.029	1.000	0.501	
TEST set, F1 :	0.622	0.053	0.453	0.376	
TEST set, AUC:	0.857	0.509	0.873	0.746	
TEST set, ACC:	0.695	0.726	0.506	0.642	
TEST set, SPE:	0.943	0.979	0.379	0.767	
[21-02-05 06:11:33-INFO] BEST_RECALL: 0.501, EPOCH:   7
[21-02-05 06:21:46-INFO] EPOCH: 8
[21-02-05 06:21:46-INFO] TRAIN_LOSS : 0.692, TIME: 612.9s
[21-02-05 06:22:37-INFO] VAL _RECALL: 0.539, TIME: 51.6s
[21-02-05 06:22:37-DEBUG] 
VAL  set, TITLE	CLS0	CLS1	CLS2	MEAN
VAL  set, REC:	1.000	0.547	0.071	0.539	
VAL  set, F1 :	0.884	0.488	0.133	0.502	
VAL  set, AUC:	0.979	0.761	0.977	0.906	
VAL  set, ACC:	0.869	0.669	0.800	0.779	
VAL  set, SPE:	0.740	0.719	1.000	0.820	
[21-02-05 06:23:29-INFO] TEST_RECALL: 0.444, TIME: 51.5s
[21-02-05 06:23:29-DEBUG] 
TEST set, TITLE	CLS0	CLS1	CLS2	MEAN
TEST set, REC:	0.898	0.435	0.000	0.444	
TEST set, F1 :	0.799	0.385	0.000	0.394	
TEST set, AUC:	0.856	0.655	0.880	0.797	
TEST set, ACC:	0.761	0.629	0.792	0.727	
TEST set, SPE:	0.607	0.700	0.995	0.767	
[21-02-05 06:23:30-INFO] BEST_RECALL: 0.501, EPOCH:   7
[21-02-05 06:33:43-INFO] EPOCH: 9
[21-02-05 06:33:43-INFO] TRAIN_LOSS : 0.679, TIME: 612.7s
[21-02-05 06:34:34-INFO] VAL _RECALL: 0.333, TIME: 51.5s
[21-02-05 06:34:34-DEBUG] 
VAL  set, TITLE	CLS0	CLS1	CLS2	MEAN
VAL  set, REC:	1.000	0.000	0.000	0.333	
VAL  set, F1 :	0.663	0.000	0.000	0.221	
VAL  set, AUC:	0.962	0.699	0.975	0.879	
VAL  set, ACC:	0.496	0.712	0.785	0.664	
VAL  set, SPE:	0.000	1.000	1.000	0.667	
[21-02-05 06:35:26-INFO] TEST_RECALL: 0.333, TIME: 51.7s
[21-02-05 06:35:26-DEBUG] 
TEST set, TITLE	CLS0	CLS1	CLS2	MEAN
TEST set, REC:	1.000	0.000	0.000	0.333	
TEST set, F1 :	0.692	0.000	0.000	0.231	
TEST set, AUC:	0.833	0.638	0.890	0.787	
TEST set, ACC:	0.529	0.734	0.795	0.686	
TEST set, SPE:	0.000	1.000	1.000	0.667	
[21-02-05 06:35:27-INFO] BEST_RECALL: 0.501, EPOCH:   7
[21-02-05 06:45:40-INFO] EPOCH: 10
[21-02-05 06:45:40-INFO] TRAIN_LOSS : 0.558, TIME: 613.0s
[21-02-05 06:46:32-INFO] VAL _RECALL: 0.474, TIME: 51.6s
[21-02-05 06:46:32-DEBUG] 
VAL  set, TITLE	CLS0	CLS1	CLS2	MEAN
VAL  set, REC:	1.000	0.280	0.143	0.474	
VAL  set, F1 :	0.799	0.316	0.250	0.455	
VAL  set, AUC:	0.989	0.768	0.974	0.910	
VAL  set, ACC:	0.750	0.650	0.815	0.738	
VAL  set, SPE:	0.504	0.800	1.000	0.768	
[21-02-05 06:47:23-INFO] TEST_RECALL: 0.420, TIME: 51.7s
[21-02-05 06:47:23-DEBUG] 
TEST set, TITLE	CLS0	CLS1	CLS2	MEAN
TEST set, REC:	0.971	0.232	0.057	0.420	
TEST set, F1 :	0.749	0.302	0.105	0.385	
TEST set, AUC:	0.829	0.652	0.850	0.777	
TEST set, ACC:	0.656	0.714	0.803	0.725	
TEST set, SPE:	0.303	0.889	0.995	0.729	
[21-02-05 06:47:24-INFO] BEST_RECALL: 0.501, EPOCH:   7
[21-02-05 06:57:37-INFO] EPOCH: 11
[21-02-05 06:57:37-INFO] TRAIN_LOSS : 0.585, TIME: 612.8s
[21-02-05 06:58:29-INFO] VAL _RECALL: 0.565, TIME: 51.6s
[21-02-05 06:58:29-DEBUG] 
VAL  set, TITLE	CLS0	CLS1	CLS2	MEAN
VAL  set, REC:	1.000	0.000	0.696	0.565	
VAL  set, F1 :	0.741	0.000	0.804	0.515	
VAL  set, AUC:	0.989	0.826	0.977	0.930	
VAL  set, ACC:	0.654	0.712	0.927	0.764	
VAL  set, SPE:	0.313	1.000	0.990	0.768	
[21-02-05 06:59:21-INFO] TEST_RECALL: 0.465, TIME: 51.9s
[21-02-05 06:59:21-DEBUG] 
TEST set, TITLE	CLS0	CLS1	CLS2	MEAN
TEST set, REC:	1.000	0.000	0.396	0.465	
TEST set, F1 :	0.743	0.000	0.525	0.423	
TEST set, AUC:	0.814	0.656	0.864	0.778	
TEST set, ACC:	0.633	0.734	0.853	0.740	
TEST set, SPE:	0.221	1.000	0.971	0.731	
[21-02-05 06:59:22-INFO] BEST_RECALL: 0.501, EPOCH:   7
[21-02-05 07:09:34-INFO] EPOCH: 12
[21-02-05 07:09:34-INFO] TRAIN_LOSS : 0.549, TIME: 612.8s
[21-02-05 07:10:26-INFO] VAL _RECALL: 0.375, TIME: 51.6s
[21-02-05 07:10:26-DEBUG] 
VAL  set, TITLE	CLS0	CLS1	CLS2	MEAN
VAL  set, REC:	0.124	0.000	1.000	0.375	
VAL  set, F1 :	0.221	0.000	0.373	0.198	
VAL  set, AUC:	0.987	0.468	0.965	0.807	
VAL  set, ACC:	0.565	0.712	0.277	0.518	
VAL  set, SPE:	1.000	1.000	0.078	0.693	
[21-02-05 07:11:18-INFO] TEST_RECALL: 0.358, TIME: 51.5s
[21-02-05 07:11:18-DEBUG] 
TEST set, TITLE	CLS0	CLS1	CLS2	MEAN
TEST set, REC:	0.073	0.000	1.000	0.358	
TEST set, F1 :	0.136	0.000	0.351	0.162	
TEST set, AUC:	0.813	0.526	0.859	0.732	
TEST set, ACC:	0.510	0.734	0.243	0.495	
TEST set, SPE:	1.000	1.000	0.049	0.683	
[21-02-05 07:11:19-INFO] BEST_RECALL: 0.501, EPOCH:   7
[21-02-05 07:21:31-INFO] EPOCH: 13
[21-02-05 07:21:31-INFO] TRAIN_LOSS : 0.565, TIME: 612.3s
[21-02-05 07:22:23-INFO] VAL _RECALL: 0.333, TIME: 51.5s
[21-02-05 07:22:23-DEBUG] 
VAL  set, TITLE	CLS0	CLS1	CLS2	MEAN
VAL  set, REC:	0.000	0.000	1.000	0.333	
VAL  set, F1 :	0.000	0.000	0.354	0.118	
VAL  set, AUC:	0.933	0.481	0.922	0.779	
VAL  set, ACC:	0.504	0.712	0.215	0.477	
VAL  set, SPE:	1.000	1.000	0.000	0.667	
[21-02-05 07:23:14-INFO] TEST_RECALL: 0.333, TIME: 51.6s
[21-02-05 07:23:14-DEBUG] 
TEST set, TITLE	CLS0	CLS1	CLS2	MEAN
TEST set, REC:	0.000	0.000	1.000	0.333	
TEST set, F1 :	0.000	0.000	0.341	0.114	
TEST set, AUC:	0.764	0.500	0.821	0.695	
TEST set, ACC:	0.471	0.730	0.208	0.470	
TEST set, SPE:	1.000	0.995	0.005	0.667	
[21-02-05 07:23:15-INFO] BEST_RECALL: 0.501, EPOCH:   7
[21-02-05 07:33:28-INFO] EPOCH: 14
[21-02-05 07:33:28-INFO] TRAIN_LOSS : 0.525, TIME: 612.8s
[21-02-05 07:34:20-INFO] VAL _RECALL: 0.461, TIME: 51.7s
[21-02-05 07:34:20-DEBUG] 
VAL  set, TITLE	CLS0	CLS1	CLS2	MEAN
VAL  set, REC:	1.000	0.080	0.304	0.461	
VAL  set, F1 :	0.763	0.110	0.466	0.446	
VAL  set, AUC:	0.991	0.736	0.994	0.907	
VAL  set, ACC:	0.692	0.627	0.850	0.723	
VAL  set, SPE:	0.389	0.849	1.000	0.746	
[21-02-05 07:35:11-INFO] TEST_RECALL: 0.386, TIME: 51.8s
[21-02-05 07:35:11-DEBUG] 
TEST set, TITLE	CLS0	CLS1	CLS2	MEAN
TEST set, REC:	1.000	0.101	0.057	0.386	
TEST set, F1 :	0.751	0.144	0.107	0.334	
TEST set, AUC:	0.854	0.634	0.891	0.793	
TEST set, ACC:	0.649	0.680	0.807	0.712	
TEST set, SPE:	0.254	0.889	1.000	0.715	
[21-02-05 07:35:12-INFO] BEST_RECALL: 0.501, EPOCH:   7
[21-02-05 07:45:12-INFO] EPOCH: 15
[21-02-05 07:45:12-INFO] TRAIN_LOSS : 0.455, TIME: 599.9s
[21-02-05 07:46:04-INFO] VAL _RECALL: 0.908, TIME: 51.7s
[21-02-05 07:46:04-DEBUG] 
VAL  set, TITLE	CLS0	CLS1	CLS2	MEAN
VAL  set, REC:	0.853	0.960	0.911	0.908	
VAL  set, F1 :	0.921	0.842	0.927	0.897	
VAL  set, AUC:	0.999	0.986	0.997	0.994	
VAL  set, ACC:	0.927	0.896	0.969	0.931	
VAL  set, SPE:	1.000	0.870	0.985	0.952	
[21-02-05 07:46:56-INFO] TEST_RECALL: 0.602, TIME: 51.6s
[21-02-05 07:46:56-DEBUG] 
TEST set, TITLE	CLS0	CLS1	CLS2	MEAN
TEST set, REC:	0.496	0.725	0.585	0.602	
TEST set, F1 :	0.627	0.493	0.633	0.584	
TEST set, AUC:	0.825	0.685	0.884	0.798	
TEST set, ACC:	0.687	0.602	0.861	0.717	
TEST set, SPE:	0.902	0.558	0.932	0.797	
[21-02-05 07:46:58-INFO] BEST_RECALL: 0.602, EPOCH:  15
[21-02-05 07:57:11-INFO] EPOCH: 16
[21-02-05 07:57:11-INFO] TRAIN_LOSS : 0.421, TIME: 613.1s
[21-02-05 07:58:03-INFO] VAL _RECALL: 0.949, TIME: 51.8s
[21-02-05 07:58:03-DEBUG] 
VAL  set, TITLE	CLS0	CLS1	CLS2	MEAN
VAL  set, REC:	0.953	0.947	0.946	0.949	
VAL  set, F1 :	0.972	0.934	0.922	0.943	
VAL  set, AUC:	0.999	0.992	0.998	0.996	
VAL  set, ACC:	0.973	0.962	0.965	0.967	
VAL  set, SPE:	0.992	0.968	0.971	0.977	
[21-02-05 07:58:54-INFO] TEST_RECALL: 0.598, TIME: 51.5s
[21-02-05 07:58:54-DEBUG] 
TEST set, TITLE	CLS0	CLS1	CLS2	MEAN
TEST set, REC:	0.628	0.507	0.660	0.598	
TEST set, F1 :	0.696	0.473	0.569	0.579	
TEST set, AUC:	0.822	0.678	0.839	0.780	
TEST set, ACC:	0.710	0.699	0.795	0.735	
TEST set, SPE:	0.803	0.768	0.830	0.801	
[21-02-05 07:58:55-INFO] BEST_RECALL: 0.602, EPOCH:  15
[21-02-05 08:09:09-INFO] EPOCH: 17
[21-02-05 08:09:09-INFO] TRAIN_LOSS : 0.422, TIME: 613.7s
[21-02-05 08:10:01-INFO] VAL _RECALL: 0.953, TIME: 51.7s
[21-02-05 08:10:01-DEBUG] 
VAL  set, TITLE	CLS0	CLS1	CLS2	MEAN
VAL  set, REC:	0.992	0.920	0.946	0.953	
VAL  set, F1 :	0.992	0.932	0.930	0.952	
VAL  set, AUC:	1.000	0.991	0.996	0.995	
VAL  set, ACC:	0.992	0.962	0.969	0.974	
VAL  set, SPE:	0.992	0.978	0.975	0.982	
[21-02-05 08:10:52-INFO] TEST_RECALL: 0.637, TIME: 51.3s
[21-02-05 08:10:52-DEBUG] 
TEST set, TITLE	CLS0	CLS1	CLS2	MEAN
TEST set, REC:	0.810	0.478	0.623	0.637	
TEST set, F1 :	0.793	0.485	0.647	0.642	
TEST set, AUC:	0.838	0.689	0.886	0.804	
TEST set, ACC:	0.776	0.730	0.861	0.789	
TEST set, SPE:	0.738	0.821	0.922	0.827	
[21-02-05 08:10:54-INFO] BEST_RECALL: 0.637, EPOCH:  17
[21-02-05 08:21:07-INFO] EPOCH: 18
[21-02-05 08:21:07-INFO] TRAIN_LOSS : 0.367, TIME: 613.3s
[21-02-05 08:21:59-INFO] VAL _RECALL: 0.648, TIME: 51.8s
[21-02-05 08:21:59-DEBUG] 
VAL  set, TITLE	CLS0	CLS1	CLS2	MEAN
VAL  set, REC:	0.070	1.000	0.875	0.648	
VAL  set, F1 :	0.130	0.542	0.933	0.535	
VAL  set, AUC:	0.996	0.833	0.998	0.942	
VAL  set, ACC:	0.538	0.512	0.973	0.674	
VAL  set, SPE:	1.000	0.314	1.000	0.771	
[21-02-05 08:22:51-INFO] TEST_RECALL: 0.460, TIME: 51.6s
[21-02-05 08:22:51-DEBUG] 
TEST set, TITLE	CLS0	CLS1	CLS2	MEAN
TEST set, REC:	0.022	0.942	0.415	0.460	
TEST set, F1 :	0.043	0.438	0.543	0.341	
TEST set, AUC:	0.795	0.536	0.863	0.731	
TEST set, ACC:	0.483	0.355	0.857	0.565	
TEST set, SPE:	1.000	0.142	0.971	0.704	
[21-02-05 08:22:52-INFO] BEST_RECALL: 0.637, EPOCH:  17
[21-02-05 08:33:04-INFO] EPOCH: 19
[21-02-05 08:33:04-INFO] TRAIN_LOSS : 0.308, TIME: 612.2s
[21-02-05 08:33:56-INFO] VAL _RECALL: 0.592, TIME: 51.7s
[21-02-05 08:33:56-DEBUG] 
VAL  set, TITLE	CLS0	CLS1	CLS2	MEAN
VAL  set, REC:	0.775	0.000	1.000	0.592	
VAL  set, F1 :	0.870	0.000	0.521	0.463	
VAL  set, AUC:	0.991	0.868	0.973	0.944	
VAL  set, ACC:	0.885	0.712	0.604	0.733	
VAL  set, SPE:	0.992	1.000	0.495	0.829	
[21-02-05 08:34:48-INFO] TEST_RECALL: 0.513, TIME: 51.9s
[21-02-05 08:34:48-DEBUG] 
TEST set, TITLE	CLS0	CLS1	CLS2	MEAN
TEST set, REC:	0.540	0.000	1.000	0.513	
TEST set, F1 :	0.667	0.000	0.467	0.378	
TEST set, AUC:	0.837	0.652	0.885	0.791	
TEST set, ACC:	0.714	0.734	0.533	0.660	
TEST set, SPE:	0.910	1.000	0.413	0.774	
[21-02-05 08:34:49-INFO] BEST_RECALL: 0.637, EPOCH:  17
[21-02-05 08:45:02-INFO] EPOCH: 20
[21-02-05 08:45:02-INFO] TRAIN_LOSS : 0.276, TIME: 613.3s
[21-02-05 08:45:54-INFO] VAL _RECALL: 0.466, TIME: 51.7s
[21-02-05 08:45:54-DEBUG] 
VAL  set, TITLE	CLS0	CLS1	CLS2	MEAN
VAL  set, REC:	0.372	0.027	1.000	0.466	
VAL  set, F1 :	0.542	0.052	0.421	0.338	
VAL  set, AUC:	0.991	0.773	0.986	0.917	
VAL  set, ACC:	0.688	0.719	0.408	0.605	
VAL  set, SPE:	1.000	1.000	0.245	0.748	
[21-02-05 08:46:45-INFO] TEST_RECALL: 0.412, TIME: 51.5s
[21-02-05 08:46:45-DEBUG] 
TEST set, TITLE	CLS0	CLS1	CLS2	MEAN
TEST set, REC:	0.241	0.014	0.981	0.412	
TEST set, F1 :	0.384	0.028	0.378	0.263	
TEST set, AUC:	0.793	0.542	0.849	0.728	
TEST set, ACC:	0.591	0.734	0.340	0.555	
TEST set, SPE:	0.984	0.995	0.175	0.718	
[21-02-05 08:46:46-INFO] BEST_RECALL: 0.637, EPOCH:  17
[21-02-05 08:57:00-INFO] EPOCH: 21
[21-02-05 08:57:00-INFO] TRAIN_LOSS : 0.217, TIME: 613.6s
[21-02-05 08:57:52-INFO] VAL _RECALL: 0.890, TIME: 51.7s
[21-02-05 08:57:52-DEBUG] 
VAL  set, TITLE	CLS0	CLS1	CLS2	MEAN
VAL  set, REC:	0.938	0.733	1.000	0.890	
VAL  set, F1 :	0.968	0.846	0.800	0.871	
VAL  set, AUC:	1.000	0.996	1.000	0.999	
VAL  set, ACC:	0.969	0.923	0.892	0.928	
VAL  set, SPE:	1.000	1.000	0.863	0.954	
[21-02-05 08:58:43-INFO] TEST_RECALL: 0.564, TIME: 51.5s
[21-02-05 08:58:43-DEBUG] 
TEST set, TITLE	CLS0	CLS1	CLS2	MEAN
TEST set, REC:	0.628	0.159	0.906	0.564	
TEST set, F1 :	0.694	0.232	0.549	0.491	
TEST set, AUC:	0.819	0.629	0.879	0.776	
TEST set, ACC:	0.707	0.718	0.695	0.707	
TEST set, SPE:	0.795	0.921	0.641	0.786	
[21-02-05 08:58:44-INFO] BEST_RECALL: 0.637, EPOCH:  17
[21-02-05 09:08:57-INFO] EPOCH: 22
[21-02-05 09:08:57-INFO] TRAIN_LOSS : 0.104, TIME: 612.9s
[21-02-05 09:09:49-INFO] VAL _RECALL: 0.779, TIME: 51.8s
[21-02-05 09:09:49-DEBUG] 
VAL  set, TITLE	CLS0	CLS1	CLS2	MEAN
VAL  set, REC:	0.977	0.360	1.000	0.779	
VAL  set, F1 :	0.988	0.529	0.687	0.735	
VAL  set, AUC:	1.000	1.000	1.000	1.000	
VAL  set, ACC:	0.988	0.815	0.804	0.869	
VAL  set, SPE:	1.000	1.000	0.750	0.917	
[21-02-05 09:10:40-INFO] TEST_RECALL: 0.530, TIME: 51.4s
[21-02-05 09:10:40-DEBUG] 
TEST set, TITLE	CLS0	CLS1	CLS2	MEAN
TEST set, REC:	0.628	0.000	0.962	0.530	
TEST set, F1 :	0.699	0.000	0.507	0.402	
TEST set, AUC:	0.835	0.689	0.888	0.804	
TEST set, ACC:	0.714	0.726	0.618	0.686	
TEST set, SPE:	0.811	0.989	0.529	0.777	
[21-02-05 09:10:41-INFO] BEST_RECALL: 0.637, EPOCH:  17
[21-02-05 09:20:54-INFO] EPOCH: 23
[21-02-05 09:20:54-INFO] TRAIN_LOSS : 0.120, TIME: 612.7s
[21-02-05 09:21:46-INFO] VAL _RECALL: 0.994, TIME: 51.8s
[21-02-05 09:21:46-DEBUG] 
VAL  set, TITLE	CLS0	CLS1	CLS2	MEAN
VAL  set, REC:	1.000	1.000	0.982	0.994	
VAL  set, F1 :	1.000	0.993	0.991	0.995	
VAL  set, AUC:	1.000	1.000	1.000	1.000	
VAL  set, ACC:	1.000	0.996	0.996	0.997	
VAL  set, SPE:	1.000	0.995	1.000	0.998	
[21-02-05 09:22:37-INFO] TEST_RECALL: 0.629, TIME: 51.5s
[21-02-05 09:22:37-DEBUG] 
TEST set, TITLE	CLS0	CLS1	CLS2	MEAN
TEST set, REC:	0.788	0.420	0.679	0.629	
TEST set, F1 :	0.771	0.443	0.673	0.629	
TEST set, AUC:	0.832	0.713	0.862	0.803	
TEST set, ACC:	0.753	0.718	0.865	0.779	
TEST set, SPE:	0.713	0.826	0.913	0.817	
[21-02-05 09:22:38-INFO] BEST_RECALL: 0.637, EPOCH:  17
[21-02-05 09:32:51-INFO] EPOCH: 24
[21-02-05 09:32:51-INFO] TRAIN_LOSS : 0.080, TIME: 613.0s
[21-02-05 09:33:43-INFO] VAL _RECALL: 0.897, TIME: 51.6s
[21-02-05 09:33:43-DEBUG] 
VAL  set, TITLE	CLS0	CLS1	CLS2	MEAN
VAL  set, REC:	0.977	1.000	0.714	0.897	
VAL  set, F1 :	0.988	0.888	0.833	0.903	
VAL  set, AUC:	1.000	1.000	1.000	1.000	
VAL  set, ACC:	0.988	0.927	0.938	0.951	
VAL  set, SPE:	1.000	0.897	1.000	0.966	
[21-02-05 09:34:35-INFO] TEST_RECALL: 0.477, TIME: 51.9s
[21-02-05 09:34:35-DEBUG] 
TEST set, TITLE	CLS0	CLS1	CLS2	MEAN
TEST set, REC:	0.489	0.884	0.057	0.477	
TEST set, F1 :	0.629	0.490	0.107	0.409	
TEST set, AUC:	0.800	0.711	0.864	0.792	
TEST set, ACC:	0.695	0.510	0.807	0.671	
TEST set, SPE:	0.926	0.374	1.000	0.767	
[21-02-05 09:34:36-INFO] BEST_RECALL: 0.637, EPOCH:  17
[21-02-05 09:44:49-INFO] EPOCH: 25
[21-02-05 09:44:49-INFO] TRAIN_LOSS : 0.060, TIME: 613.0s
[21-02-05 09:45:41-INFO] VAL _RECALL: 1.000, TIME: 51.8s
[21-02-05 09:45:41-DEBUG] 
VAL  set, TITLE	CLS0	CLS1	CLS2	MEAN
VAL  set, REC:	1.000	1.000	1.000	1.000	
VAL  set, F1 :	1.000	1.000	1.000	1.000	
VAL  set, AUC:	1.000	1.000	1.000	1.000	
VAL  set, ACC:	1.000	1.000	1.000	1.000	
VAL  set, SPE:	1.000	1.000	1.000	1.000	
[21-02-05 09:46:32-INFO] TEST_RECALL: 0.623, TIME: 51.2s
[21-02-05 09:46:32-DEBUG] 
TEST set, TITLE	CLS0	CLS1	CLS2	MEAN
TEST set, REC:	0.832	0.377	0.660	0.623	
TEST set, F1 :	0.789	0.419	0.667	0.625	
TEST set, AUC:	0.848	0.745	0.874	0.822	
TEST set, ACC:	0.764	0.722	0.865	0.784	
TEST set, SPE:	0.689	0.847	0.917	0.818	
[21-02-05 09:46:33-INFO] BEST_RECALL: 0.637, EPOCH:  17
[21-02-05 09:56:45-INFO] EPOCH: 26
[21-02-05 09:56:45-INFO] TRAIN_LOSS : 0.035, TIME: 612.6s
[21-02-05 09:57:37-INFO] VAL _RECALL: 1.000, TIME: 51.6s
[21-02-05 09:57:37-DEBUG] 
VAL  set, TITLE	CLS0	CLS1	CLS2	MEAN
VAL  set, REC:	1.000	1.000	1.000	1.000	
VAL  set, F1 :	1.000	1.000	1.000	1.000	
VAL  set, AUC:	1.000	1.000	1.000	1.000	
VAL  set, ACC:	1.000	1.000	1.000	1.000	
VAL  set, SPE:	1.000	1.000	1.000	1.000	
[21-02-05 09:58:29-INFO] TEST_RECALL: 0.609, TIME: 51.5s
[21-02-05 09:58:29-DEBUG] 
TEST set, TITLE	CLS0	CLS1	CLS2	MEAN
TEST set, REC:	0.774	0.507	0.547	0.609	
TEST set, F1 :	0.765	0.467	0.637	0.623	
TEST set, AUC:	0.828	0.732	0.879	0.813	
TEST set, ACC:	0.749	0.691	0.873	0.771	
TEST set, SPE:	0.721	0.758	0.956	0.812	
[21-02-05 09:58:30-INFO] BEST_RECALL: 0.637, EPOCH:  17
[21-02-05 10:08:43-INFO] EPOCH: 27
[21-02-05 10:08:43-INFO] TRAIN_LOSS : 0.063, TIME: 613.2s
[21-02-05 10:09:35-INFO] VAL _RECALL: 1.000, TIME: 51.7s
[21-02-05 10:09:35-DEBUG] 
VAL  set, TITLE	CLS0	CLS1	CLS2	MEAN
VAL  set, REC:	1.000	1.000	1.000	1.000	
VAL  set, F1 :	1.000	1.000	1.000	1.000	
VAL  set, AUC:	1.000	1.000	1.000	1.000	
VAL  set, ACC:	1.000	1.000	1.000	1.000	
VAL  set, SPE:	1.000	1.000	1.000	1.000	
[21-02-05 10:10:26-INFO] TEST_RECALL: 0.587, TIME: 51.5s
[21-02-05 10:10:26-DEBUG] 
TEST set, TITLE	CLS0	CLS1	CLS2	MEAN
TEST set, REC:	0.788	0.464	0.509	0.587	
TEST set, F1 :	0.774	0.451	0.557	0.594	
TEST set, AUC:	0.843	0.722	0.883	0.816	
TEST set, ACC:	0.757	0.699	0.834	0.763	
TEST set, SPE:	0.721	0.784	0.917	0.808	
[21-02-05 10:10:27-INFO] BEST_RECALL: 0.637, EPOCH:  17
[21-02-05 10:20:40-INFO] EPOCH: 28
[21-02-05 10:20:40-INFO] TRAIN_LOSS : 0.048, TIME: 612.9s
[21-02-05 10:21:32-INFO] VAL _RECALL: 0.884, TIME: 51.6s
[21-02-05 10:21:32-DEBUG] 
VAL  set, TITLE	CLS0	CLS1	CLS2	MEAN
VAL  set, REC:	0.984	0.667	1.000	0.884	
VAL  set, F1 :	0.992	0.800	0.806	0.866	
VAL  set, AUC:	1.000	1.000	1.000	1.000	
VAL  set, ACC:	0.992	0.904	0.896	0.931	
VAL  set, SPE:	1.000	1.000	0.868	0.956	
[21-02-05 10:22:23-INFO] TEST_RECALL: 0.540, TIME: 51.6s
[21-02-05 10:22:23-DEBUG] 
TEST set, TITLE	CLS0	CLS1	CLS2	MEAN
TEST set, REC:	0.708	0.043	0.868	0.540	
TEST set, F1 :	0.746	0.079	0.505	0.444	
TEST set, AUC:	0.828	0.679	0.856	0.788	
TEST set, ACC:	0.745	0.730	0.653	0.709	
TEST set, SPE:	0.787	0.979	0.597	0.788	
[21-02-05 10:22:24-INFO] BEST_RECALL: 0.637, EPOCH:  17
[21-02-05 10:32:38-INFO] EPOCH: 29
[21-02-05 10:32:38-INFO] TRAIN_LOSS : 0.026, TIME: 613.5s
[21-02-05 10:33:29-INFO] VAL _RECALL: 1.000, TIME: 51.6s
[21-02-05 10:33:29-DEBUG] 
VAL  set, TITLE	CLS0	CLS1	CLS2	MEAN
VAL  set, REC:	1.000	1.000	1.000	1.000	
VAL  set, F1 :	1.000	1.000	1.000	1.000	
VAL  set, AUC:	1.000	1.000	1.000	1.000	
VAL  set, ACC:	1.000	1.000	1.000	1.000	
VAL  set, SPE:	1.000	1.000	1.000	1.000	
[21-02-05 10:34:21-INFO] TEST_RECALL: 0.575, TIME: 51.6s
[21-02-05 10:34:21-DEBUG] 
TEST set, TITLE	CLS0	CLS1	CLS2	MEAN
TEST set, REC:	0.898	0.130	0.698	0.575	
TEST set, F1 :	0.778	0.196	0.673	0.549	
TEST set, AUC:	0.853	0.738	0.891	0.827	
TEST set, ACC:	0.730	0.714	0.861	0.768	
TEST set, SPE:	0.541	0.926	0.903	0.790	
[21-02-05 10:34:22-INFO] BEST_RECALL: 0.637, EPOCH:  17
[21-02-05 10:44:36-INFO] EPOCH: 30
[21-02-05 10:44:36-INFO] TRAIN_LOSS : 0.054, TIME: 613.4s
[21-02-05 10:45:27-INFO] VAL _RECALL: 1.000, TIME: 51.9s
[21-02-05 10:45:27-DEBUG] 
VAL  set, TITLE	CLS0	CLS1	CLS2	MEAN
VAL  set, REC:	1.000	1.000	1.000	1.000	
VAL  set, F1 :	1.000	1.000	1.000	1.000	
VAL  set, AUC:	1.000	1.000	1.000	1.000	
VAL  set, ACC:	1.000	1.000	1.000	1.000	
VAL  set, SPE:	1.000	1.000	1.000	1.000	
[21-02-05 10:46:19-INFO] TEST_RECALL: 0.609, TIME: 51.5s
[21-02-05 10:46:19-DEBUG] 
TEST set, TITLE	CLS0	CLS1	CLS2	MEAN
TEST set, REC:	0.745	0.536	0.547	0.609	
TEST set, F1 :	0.756	0.474	0.630	0.620	
TEST set, AUC:	0.830	0.719	0.888	0.813	
TEST set, ACC:	0.745	0.683	0.869	0.766	
TEST set, SPE:	0.746	0.737	0.951	0.811	
[21-02-05 10:46:20-INFO] BEST_RECALL: 0.637, EPOCH:  17
[21-02-05 10:56:33-INFO] EPOCH: 31
[21-02-05 10:56:33-INFO] TRAIN_LOSS : 0.056, TIME: 613.2s
[21-02-05 10:57:25-INFO] VAL _RECALL: 0.996, TIME: 51.7s
[21-02-05 10:57:25-DEBUG] 
VAL  set, TITLE	CLS0	CLS1	CLS2	MEAN
VAL  set, REC:	1.000	0.987	1.000	0.996	
VAL  set, F1 :	1.000	0.993	0.991	0.995	
VAL  set, AUC:	1.000	1.000	1.000	1.000	
VAL  set, ACC:	1.000	0.996	0.996	0.997	
VAL  set, SPE:	1.000	1.000	0.995	0.998	
[21-02-05 10:58:17-INFO] TEST_RECALL: 0.561, TIME: 51.7s
[21-02-05 10:58:17-DEBUG] 
TEST set, TITLE	CLS0	CLS1	CLS2	MEAN
TEST set, REC:	0.927	0.116	0.642	0.561	
TEST set, F1 :	0.772	0.188	0.654	0.538	
TEST set, AUC:	0.844	0.704	0.891	0.813	
TEST set, ACC:	0.710	0.734	0.861	0.768	
TEST set, SPE:	0.467	0.958	0.917	0.781	
[21-02-05 10:58:18-INFO] BEST_RECALL: 0.637, EPOCH:  17
[21-02-05 11:08:31-INFO] EPOCH: 32
[21-02-05 11:08:31-INFO] TRAIN_LOSS : 0.034, TIME: 613.1s
[21-02-05 11:09:22-INFO] VAL _RECALL: 0.984, TIME: 51.6s
[21-02-05 11:09:22-DEBUG] 
VAL  set, TITLE	CLS0	CLS1	CLS2	MEAN
VAL  set, REC:	0.953	1.000	1.000	0.984	
VAL  set, F1 :	0.976	0.974	0.982	0.978	
VAL  set, AUC:	1.000	1.000	1.000	1.000	
VAL  set, ACC:	0.977	0.985	0.992	0.985	
VAL  set, SPE:	1.000	0.978	0.990	0.990	
[21-02-05 11:10:14-INFO] TEST_RECALL: 0.551, TIME: 51.8s
[21-02-05 11:10:14-DEBUG] 
TEST set, TITLE	CLS0	CLS1	CLS2	MEAN
TEST set, REC:	0.431	0.449	0.774	0.551	
TEST set, F1 :	0.587	0.392	0.516	0.498	
TEST set, AUC:	0.821	0.645	0.836	0.768	
TEST set, ACC:	0.680	0.629	0.703	0.671	
TEST set, SPE:	0.959	0.695	0.684	0.779	
[21-02-05 11:10:15-INFO] BEST_RECALL: 0.637, EPOCH:  17
[21-02-05 11:20:28-INFO] EPOCH: 33
[21-02-05 11:20:28-INFO] TRAIN_LOSS : 0.024, TIME: 612.7s
[21-02-05 11:21:19-INFO] VAL _RECALL: 1.000, TIME: 51.6s
[21-02-05 11:21:19-DEBUG] 
VAL  set, TITLE	CLS0	CLS1	CLS2	MEAN
VAL  set, REC:	1.000	1.000	1.000	1.000	
VAL  set, F1 :	1.000	1.000	1.000	1.000	
VAL  set, AUC:	1.000	1.000	1.000	1.000	
VAL  set, ACC:	1.000	1.000	1.000	1.000	
VAL  set, SPE:	1.000	1.000	1.000	1.000	
[21-02-05 11:22:11-INFO] TEST_RECALL: 0.631, TIME: 51.4s
[21-02-05 11:22:11-DEBUG] 
TEST set, TITLE	CLS0	CLS1	CLS2	MEAN
TEST set, REC:	0.693	0.652	0.547	0.631	
TEST set, F1 :	0.754	0.536	0.592	0.627	
TEST set, AUC:	0.829	0.742	0.886	0.819	
TEST set, ACC:	0.761	0.699	0.846	0.768	
TEST set, SPE:	0.836	0.716	0.922	0.825	
[21-02-05 11:22:12-INFO] BEST_RECALL: 0.637, EPOCH:  17
[21-02-05 11:32:25-INFO] EPOCH: 34
[21-02-05 11:32:25-INFO] TRAIN_LOSS : 0.063, TIME: 612.9s
[21-02-05 11:33:16-INFO] VAL _RECALL: 1.000, TIME: 51.6s
[21-02-05 11:33:16-DEBUG] 
VAL  set, TITLE	CLS0	CLS1	CLS2	MEAN
VAL  set, REC:	1.000	1.000	1.000	1.000	
VAL  set, F1 :	1.000	1.000	1.000	1.000	
VAL  set, AUC:	1.000	1.000	1.000	1.000	
VAL  set, ACC:	1.000	1.000	1.000	1.000	
VAL  set, SPE:	1.000	1.000	1.000	1.000	
[21-02-05 11:34:08-INFO] TEST_RECALL: 0.601, TIME: 51.4s
[21-02-05 11:34:08-DEBUG] 
TEST set, TITLE	CLS0	CLS1	CLS2	MEAN
TEST set, REC:	0.759	0.232	0.811	0.601	
TEST set, F1 :	0.759	0.308	0.614	0.560	
TEST set, AUC:	0.829	0.682	0.878	0.796	
TEST set, ACC:	0.745	0.722	0.792	0.753	
TEST set, SPE:	0.730	0.900	0.786	0.805	
[21-02-05 11:34:09-INFO] BEST_RECALL: 0.637, EPOCH:  17
[21-02-05 11:44:21-INFO] EPOCH: 35
[21-02-05 11:44:21-INFO] TRAIN_LOSS : 0.038, TIME: 612.1s
[21-02-05 11:45:13-INFO] VAL _RECALL: 1.000, TIME: 51.7s
[21-02-05 11:45:13-DEBUG] 
VAL  set, TITLE	CLS0	CLS1	CLS2	MEAN
VAL  set, REC:	1.000	1.000	1.000	1.000	
VAL  set, F1 :	1.000	1.000	1.000	1.000	
VAL  set, AUC:	1.000	1.000	1.000	1.000	
VAL  set, ACC:	1.000	1.000	1.000	1.000	
VAL  set, SPE:	1.000	1.000	1.000	1.000	
[21-02-05 11:46:04-INFO] TEST_RECALL: 0.653, TIME: 51.4s
[21-02-05 11:46:04-DEBUG] 
TEST set, TITLE	CLS0	CLS1	CLS2	MEAN
TEST set, REC:	0.650	0.725	0.585	0.653	
TEST set, F1 :	0.736	0.568	0.620	0.641	
TEST set, AUC:	0.824	0.746	0.866	0.812	
TEST set, ACC:	0.753	0.707	0.853	0.771	
TEST set, SPE:	0.869	0.700	0.922	0.830	
[21-02-05 11:46:06-INFO] BEST_RECALL: 0.653, EPOCH:  35
[21-02-05 11:56:18-INFO] EPOCH: 36
[21-02-05 11:56:18-INFO] TRAIN_LOSS : 0.039, TIME: 612.3s
[21-02-05 11:57:10-INFO] VAL _RECALL: 0.760, TIME: 51.7s
[21-02-05 11:57:10-DEBUG] 
VAL  set, TITLE	CLS0	CLS1	CLS2	MEAN
VAL  set, REC:	1.000	0.547	0.732	0.760	
VAL  set, F1 :	0.840	0.707	0.845	0.798	
VAL  set, AUC:	1.000	0.999	0.999	0.999	
VAL  set, ACC:	0.812	0.869	0.942	0.874	
VAL  set, SPE:	0.626	1.000	1.000	0.875	
[21-02-05 11:58:02-INFO] TEST_RECALL: 0.388, TIME: 51.7s
[21-02-05 11:58:02-DEBUG] 
TEST set, TITLE	CLS0	CLS1	CLS2	MEAN
TEST set, REC:	1.000	0.014	0.151	0.388	
TEST set, F1 :	0.708	0.029	0.262	0.333	
TEST set, AUC:	0.707	0.694	0.871	0.757	
TEST set, ACC:	0.564	0.737	0.826	0.709	
TEST set, SPE:	0.074	1.000	1.000	0.691	
[21-02-05 11:58:03-INFO] BEST_RECALL: 0.653, EPOCH:  35
[21-02-05 12:08:15-INFO] EPOCH: 37
[21-02-05 12:08:15-INFO] TRAIN_LOSS : 0.057, TIME: 612.3s
[21-02-05 12:09:07-INFO] VAL _RECALL: 1.000, TIME: 51.7s
[21-02-05 12:09:07-DEBUG] 
VAL  set, TITLE	CLS0	CLS1	CLS2	MEAN
VAL  set, REC:	1.000	1.000	1.000	1.000	
VAL  set, F1 :	1.000	1.000	1.000	1.000	
VAL  set, AUC:	1.000	1.000	1.000	1.000	
VAL  set, ACC:	1.000	1.000	1.000	1.000	
VAL  set, SPE:	1.000	1.000	1.000	1.000	
[21-02-05 12:09:58-INFO] TEST_RECALL: 0.586, TIME: 51.4s
[21-02-05 12:09:58-DEBUG] 
TEST set, TITLE	CLS0	CLS1	CLS2	MEAN
TEST set, REC:	0.898	0.275	0.585	0.586	
TEST set, F1 :	0.778	0.362	0.639	0.593	
TEST set, AUC:	0.843	0.724	0.887	0.818	
TEST set, ACC:	0.730	0.741	0.865	0.779	
TEST set, SPE:	0.541	0.911	0.937	0.796	
[21-02-05 12:09:59-INFO] BEST_RECALL: 0.653, EPOCH:  35
[21-02-05 12:20:11-INFO] EPOCH: 38
[21-02-05 12:20:11-INFO] TRAIN_LOSS : 0.009, TIME: 612.1s
[21-02-05 12:21:03-INFO] VAL _RECALL: 1.000, TIME: 51.7s
[21-02-05 12:21:03-DEBUG] 
VAL  set, TITLE	CLS0	CLS1	CLS2	MEAN
VAL  set, REC:	1.000	1.000	1.000	1.000	
VAL  set, F1 :	1.000	1.000	1.000	1.000	
VAL  set, AUC:	1.000	1.000	1.000	1.000	
VAL  set, ACC:	1.000	1.000	1.000	1.000	
VAL  set, SPE:	1.000	1.000	1.000	1.000	
[21-02-05 12:21:55-INFO] TEST_RECALL: 0.602, TIME: 51.5s
[21-02-05 12:21:55-DEBUG] 
TEST set, TITLE	CLS0	CLS1	CLS2	MEAN
TEST set, REC:	0.883	0.319	0.604	0.602	
TEST set, F1 :	0.778	0.415	0.634	0.609	
TEST set, AUC:	0.846	0.739	0.886	0.823	
TEST set, ACC:	0.734	0.761	0.857	0.784	
TEST set, SPE:	0.566	0.921	0.922	0.803	
[21-02-05 12:21:56-INFO] BEST_RECALL: 0.653, EPOCH:  35
[21-02-05 12:32:08-INFO] EPOCH: 39
[21-02-05 12:32:08-INFO] TRAIN_LOSS : 0.010, TIME: 612.4s
[21-02-05 12:33:00-INFO] VAL _RECALL: 1.000, TIME: 51.6s
[21-02-05 12:33:00-DEBUG] 
VAL  set, TITLE	CLS0	CLS1	CLS2	MEAN
VAL  set, REC:	1.000	1.000	1.000	1.000	
VAL  set, F1 :	1.000	1.000	1.000	1.000	
VAL  set, AUC:	1.000	1.000	1.000	1.000	
VAL  set, ACC:	1.000	1.000	1.000	1.000	
VAL  set, SPE:	1.000	1.000	1.000	1.000	
[21-02-05 12:33:51-INFO] TEST_RECALL: 0.599, TIME: 51.4s
[21-02-05 12:33:51-DEBUG] 
TEST set, TITLE	CLS0	CLS1	CLS2	MEAN
TEST set, REC:	0.781	0.449	0.566	0.599	
TEST set, F1 :	0.751	0.473	0.588	0.604	
TEST set, AUC:	0.824	0.727	0.881	0.811	
TEST set, ACC:	0.726	0.734	0.838	0.766	
TEST set, SPE:	0.664	0.837	0.908	0.803	
[21-02-05 12:33:52-INFO] BEST_RECALL: 0.653, EPOCH:  35
[21-02-05 12:44:03-INFO] EPOCH: 40
[21-02-05 12:44:03-INFO] TRAIN_LOSS : 0.016, TIME: 610.9s
[21-02-05 12:44:55-INFO] VAL _RECALL: 0.990, TIME: 51.7s
[21-02-05 12:44:55-DEBUG] 
VAL  set, TITLE	CLS0	CLS1	CLS2	MEAN
VAL  set, REC:	0.969	1.000	1.000	0.990	
VAL  set, F1 :	0.984	1.000	0.966	0.983	
VAL  set, AUC:	1.000	1.000	1.000	1.000	
VAL  set, ACC:	0.985	1.000	0.985	0.990	
VAL  set, SPE:	1.000	1.000	0.980	0.993	
[21-02-05 12:45:46-INFO] TEST_RECALL: 0.612, TIME: 51.5s
[21-02-05 12:45:46-DEBUG] 
TEST set, TITLE	CLS0	CLS1	CLS2	MEAN
TEST set, REC:	0.693	0.275	0.868	0.612	
TEST set, F1 :	0.739	0.388	0.564	0.564	
TEST set, AUC:	0.826	0.697	0.871	0.798	
TEST set, ACC:	0.741	0.768	0.726	0.745	
TEST set, SPE:	0.795	0.947	0.689	0.811	
[21-02-05 12:45:47-INFO] BEST_RECALL: 0.653, EPOCH:  35
[21-02-05 12:56:00-INFO] EPOCH: 41
[21-02-05 12:56:00-INFO] TRAIN_LOSS : 0.022, TIME: 612.6s
[21-02-05 12:56:51-INFO] VAL _RECALL: 1.000, TIME: 51.7s
[21-02-05 12:56:51-DEBUG] 
VAL  set, TITLE	CLS0	CLS1	CLS2	MEAN
VAL  set, REC:	1.000	1.000	1.000	1.000	
VAL  set, F1 :	1.000	1.000	1.000	1.000	
VAL  set, AUC:	1.000	1.000	1.000	1.000	
VAL  set, ACC:	1.000	1.000	1.000	1.000	
VAL  set, SPE:	1.000	1.000	1.000	1.000	
[21-02-05 12:57:43-INFO] TEST_RECALL: 0.596, TIME: 51.6s
[21-02-05 12:57:43-DEBUG] 
TEST set, TITLE	CLS0	CLS1	CLS2	MEAN
TEST set, REC:	0.854	0.217	0.717	0.596	
TEST set, F1 :	0.775	0.326	0.613	0.571	
TEST set, AUC:	0.817	0.727	0.875	0.806	
TEST set, ACC:	0.737	0.761	0.815	0.771	
TEST set, SPE:	0.607	0.958	0.840	0.801	
[21-02-05 12:57:44-INFO] BEST_RECALL: 0.653, EPOCH:  35
[21-02-05 13:07:55-INFO] EPOCH: 42
[21-02-05 13:07:55-INFO] TRAIN_LOSS : 0.006, TIME: 611.3s
[21-02-05 13:08:47-INFO] VAL _RECALL: 1.000, TIME: 51.7s
[21-02-05 13:08:47-DEBUG] 
VAL  set, TITLE	CLS0	CLS1	CLS2	MEAN
VAL  set, REC:	1.000	1.000	1.000	1.000	
VAL  set, F1 :	1.000	1.000	1.000	1.000	
VAL  set, AUC:	1.000	1.000	1.000	1.000	
VAL  set, ACC:	1.000	1.000	1.000	1.000	
VAL  set, SPE:	1.000	1.000	1.000	1.000	
[21-02-05 13:09:39-INFO] TEST_RECALL: 0.622, TIME: 51.6s
[21-02-05 13:09:39-DEBUG] 
TEST set, TITLE	CLS0	CLS1	CLS2	MEAN
TEST set, REC:	0.766	0.420	0.679	0.622	
TEST set, F1 :	0.742	0.464	0.655	0.620	
TEST set, AUC:	0.817	0.734	0.881	0.810	
TEST set, ACC:	0.718	0.741	0.853	0.771	
TEST set, SPE:	0.664	0.858	0.898	0.807	
[21-02-05 13:09:40-INFO] BEST_RECALL: 0.653, EPOCH:  35
[21-02-05 13:19:52-INFO] EPOCH: 43
[21-02-05 13:19:52-INFO] TRAIN_LOSS : 0.010, TIME: 612.5s
[21-02-05 13:20:44-INFO] VAL _RECALL: 0.982, TIME: 51.7s
[21-02-05 13:20:44-DEBUG] 
VAL  set, TITLE	CLS0	CLS1	CLS2	MEAN
VAL  set, REC:	1.000	1.000	0.946	0.982	
VAL  set, F1 :	1.000	0.980	0.972	0.984	
VAL  set, AUC:	1.000	1.000	1.000	1.000	
VAL  set, ACC:	1.000	0.988	0.988	0.992	
VAL  set, SPE:	1.000	0.984	1.000	0.995	
[21-02-05 13:21:36-INFO] TEST_RECALL: 0.531, TIME: 51.6s
[21-02-05 13:21:36-DEBUG] 
TEST set, TITLE	CLS0	CLS1	CLS2	MEAN
TEST set, REC:	0.657	0.710	0.226	0.531	
TEST set, F1 :	0.709	0.497	0.358	0.521	
TEST set, AUC:	0.789	0.704	0.876	0.790	
TEST set, ACC:	0.714	0.618	0.834	0.722	
TEST set, SPE:	0.779	0.584	0.990	0.784	
[21-02-05 13:21:37-INFO] BEST_RECALL: 0.653, EPOCH:  35
[21-02-05 13:31:48-INFO] EPOCH: 44
[21-02-05 13:31:48-INFO] TRAIN_LOSS : 0.032, TIME: 611.5s
[21-02-05 13:32:40-INFO] VAL _RECALL: 0.853, TIME: 51.8s
[21-02-05 13:32:40-DEBUG] 
VAL  set, TITLE	CLS0	CLS1	CLS2	MEAN
VAL  set, REC:	1.000	0.613	0.946	0.853	
VAL  set, F1 :	0.896	0.760	0.955	0.870	
VAL  set, AUC:	1.000	1.000	0.997	0.999	
VAL  set, ACC:	0.885	0.888	0.981	0.918	
VAL  set, SPE:	0.771	1.000	0.990	0.920	
[21-02-05 13:33:31-INFO] TEST_RECALL: 0.443, TIME: 51.5s
[21-02-05 13:33:31-DEBUG] 
TEST set, TITLE	CLS0	CLS1	CLS2	MEAN
TEST set, REC:	0.971	0.000	0.358	0.443	
TEST set, F1 :	0.723	0.000	0.469	0.397	
TEST set, AUC:	0.827	0.676	0.852	0.785	
TEST set, ACC:	0.606	0.734	0.834	0.725	
TEST set, SPE:	0.197	1.000	0.956	0.718	
[21-02-05 13:33:32-INFO] BEST_RECALL: 0.653, EPOCH:  35
[21-02-05 13:43:44-INFO] EPOCH: 45
[21-02-05 13:43:44-INFO] TRAIN_LOSS : 0.063, TIME: 612.1s
[21-02-05 13:44:36-INFO] VAL _RECALL: 1.000, TIME: 51.7s
[21-02-05 13:44:36-DEBUG] 
VAL  set, TITLE	CLS0	CLS1	CLS2	MEAN
VAL  set, REC:	1.000	1.000	1.000	1.000	
VAL  set, F1 :	1.000	1.000	1.000	1.000	
VAL  set, AUC:	1.000	1.000	1.000	1.000	
VAL  set, ACC:	1.000	1.000	1.000	1.000	
VAL  set, SPE:	1.000	1.000	1.000	1.000	
[21-02-05 13:45:28-INFO] TEST_RECALL: 0.610, TIME: 51.4s
[21-02-05 13:45:28-DEBUG] 
TEST set, TITLE	CLS0	CLS1	CLS2	MEAN
TEST set, REC:	0.781	0.522	0.528	0.610	
TEST set, F1 :	0.754	0.497	0.629	0.626	
TEST set, AUC:	0.814	0.747	0.900	0.820	
TEST set, ACC:	0.730	0.718	0.873	0.773	
TEST set, SPE:	0.672	0.789	0.961	0.808	
[21-02-05 13:45:29-INFO] BEST_RECALL: 0.653, EPOCH:  35
[21-02-05 13:55:40-INFO] EPOCH: 46
[21-02-05 13:55:40-INFO] TRAIN_LOSS : 0.039, TIME: 610.9s
[21-02-05 13:56:31-INFO] VAL _RECALL: 0.988, TIME: 51.7s
[21-02-05 13:56:31-DEBUG] 
VAL  set, TITLE	CLS0	CLS1	CLS2	MEAN
VAL  set, REC:	1.000	1.000	0.964	0.988	
VAL  set, F1 :	1.000	0.987	0.982	0.990	
VAL  set, AUC:	1.000	1.000	1.000	1.000	
VAL  set, ACC:	1.000	0.992	0.992	0.995	
VAL  set, SPE:	1.000	0.989	1.000	0.996	
[21-02-05 13:57:23-INFO] TEST_RECALL: 0.607, TIME: 51.6s
[21-02-05 13:57:23-DEBUG] 
TEST set, TITLE	CLS0	CLS1	CLS2	MEAN
TEST set, REC:	0.664	0.667	0.491	0.607	
TEST set, F1 :	0.708	0.526	0.605	0.613	
TEST set, AUC:	0.791	0.700	0.878	0.790	
TEST set, ACC:	0.710	0.680	0.869	0.753	
TEST set, SPE:	0.762	0.684	0.966	0.804	
[21-02-05 13:57:24-INFO] BEST_RECALL: 0.653, EPOCH:  35
[21-02-05 14:07:36-INFO] EPOCH: 47
[21-02-05 14:07:36-INFO] TRAIN_LOSS : 0.015, TIME: 612.5s
[21-02-05 14:08:28-INFO] VAL _RECALL: 1.000, TIME: 51.5s
[21-02-05 14:08:28-DEBUG] 
VAL  set, TITLE	CLS0	CLS1	CLS2	MEAN
VAL  set, REC:	1.000	1.000	1.000	1.000	
VAL  set, F1 :	1.000	1.000	1.000	1.000	
VAL  set, AUC:	1.000	1.000	1.000	1.000	
VAL  set, ACC:	1.000	1.000	1.000	1.000	
VAL  set, SPE:	1.000	1.000	1.000	1.000	
[21-02-05 14:09:20-INFO] TEST_RECALL: 0.612, TIME: 51.6s
[21-02-05 14:09:20-DEBUG] 
TEST set, TITLE	CLS0	CLS1	CLS2	MEAN
TEST set, REC:	0.737	0.609	0.491	0.612	
TEST set, F1 :	0.754	0.512	0.605	0.624	
TEST set, AUC:	0.808	0.733	0.880	0.807	
TEST set, ACC:	0.745	0.691	0.869	0.768	
TEST set, SPE:	0.754	0.721	0.966	0.814	
[21-02-05 14:09:21-INFO] BEST_RECALL: 0.653, EPOCH:  35
[21-02-05 14:19:33-INFO] EPOCH: 48
[21-02-05 14:19:33-INFO] TRAIN_LOSS : 0.006, TIME: 612.0s
[21-02-05 14:20:24-INFO] VAL _RECALL: 1.000, TIME: 51.8s
[21-02-05 14:20:24-DEBUG] 
VAL  set, TITLE	CLS0	CLS1	CLS2	MEAN
VAL  set, REC:	1.000	1.000	1.000	1.000	
VAL  set, F1 :	1.000	1.000	1.000	1.000	
VAL  set, AUC:	1.000	1.000	1.000	1.000	
VAL  set, ACC:	1.000	1.000	1.000	1.000	
VAL  set, SPE:	1.000	1.000	1.000	1.000	
[21-02-05 14:21:16-INFO] TEST_RECALL: 0.586, TIME: 51.6s
[21-02-05 14:21:16-DEBUG] 
TEST set, TITLE	CLS0	CLS1	CLS2	MEAN
TEST set, REC:	0.832	0.493	0.434	0.586	
TEST set, F1 :	0.768	0.479	0.582	0.610	
TEST set, AUC:	0.808	0.730	0.891	0.810	
TEST set, ACC:	0.734	0.714	0.873	0.773	
TEST set, SPE:	0.623	0.795	0.985	0.801	
[21-02-05 14:21:17-INFO] BEST_RECALL: 0.653, EPOCH:  35
[21-02-05 14:31:30-INFO] EPOCH: 49
[21-02-05 14:31:30-INFO] TRAIN_LOSS : 0.004, TIME: 612.7s
[21-02-05 14:32:21-INFO] VAL _RECALL: 1.000, TIME: 51.6s
[21-02-05 14:32:21-DEBUG] 
VAL  set, TITLE	CLS0	CLS1	CLS2	MEAN
VAL  set, REC:	1.000	1.000	1.000	1.000	
VAL  set, F1 :	1.000	1.000	1.000	1.000	
VAL  set, AUC:	1.000	1.000	1.000	1.000	
VAL  set, ACC:	1.000	1.000	1.000	1.000	
VAL  set, SPE:	1.000	1.000	1.000	1.000	
[21-02-05 14:33:13-INFO] TEST_RECALL: 0.635, TIME: 51.4s
[21-02-05 14:33:13-DEBUG] 
TEST set, TITLE	CLS0	CLS1	CLS2	MEAN
TEST set, REC:	0.788	0.493	0.623	0.635	
TEST set, F1 :	0.771	0.486	0.673	0.644	
TEST set, AUC:	0.833	0.747	0.893	0.824	
TEST set, ACC:	0.753	0.722	0.876	0.784	
TEST set, SPE:	0.713	0.805	0.942	0.820	
[21-02-05 14:33:14-INFO] BEST_RECALL: 0.653, EPOCH:  35
[21-02-05 14:43:26-INFO] EPOCH: 50
[21-02-05 14:43:26-INFO] TRAIN_LOSS : 0.002, TIME: 612.0s
[21-02-05 14:44:18-INFO] VAL _RECALL: 1.000, TIME: 51.7s
[21-02-05 14:44:18-DEBUG] 
VAL  set, TITLE	CLS0	CLS1	CLS2	MEAN
VAL  set, REC:	1.000	1.000	1.000	1.000	
VAL  set, F1 :	1.000	1.000	1.000	1.000	
VAL  set, AUC:	1.000	1.000	1.000	1.000	
VAL  set, ACC:	1.000	1.000	1.000	1.000	
VAL  set, SPE:	1.000	1.000	1.000	1.000	
[21-02-05 14:45:09-INFO] TEST_RECALL: 0.628, TIME: 51.4s
[21-02-05 14:45:09-DEBUG] 
TEST set, TITLE	CLS0	CLS1	CLS2	MEAN
TEST set, REC:	0.810	0.507	0.566	0.628	
TEST set, F1 :	0.779	0.493	0.659	0.644	
TEST set, AUC:	0.829	0.743	0.891	0.821	
TEST set, ACC:	0.757	0.722	0.880	0.786	
TEST set, SPE:	0.697	0.800	0.961	0.819	
[21-02-05 14:45:10-INFO] BEST_RECALL: 0.653, EPOCH:  35
[21-02-05 14:55:22-INFO] EPOCH: 51
[21-02-05 14:55:22-INFO] TRAIN_LOSS : 0.002, TIME: 612.3s
[21-02-05 14:56:14-INFO] VAL _RECALL: 1.000, TIME: 51.8s
[21-02-05 14:56:14-DEBUG] 
VAL  set, TITLE	CLS0	CLS1	CLS2	MEAN
VAL  set, REC:	1.000	1.000	1.000	1.000	
VAL  set, F1 :	1.000	1.000	1.000	1.000	
VAL  set, AUC:	1.000	1.000	1.000	1.000	
VAL  set, ACC:	1.000	1.000	1.000	1.000	
VAL  set, SPE:	1.000	1.000	1.000	1.000	
[21-02-05 14:57:06-INFO] TEST_RECALL: 0.622, TIME: 51.5s
[21-02-05 14:57:06-DEBUG] 
TEST set, TITLE	CLS0	CLS1	CLS2	MEAN
TEST set, REC:	0.861	0.420	0.585	0.622	
TEST set, F1 :	0.776	0.464	0.697	0.646	
TEST set, AUC:	0.833	0.744	0.893	0.824	
TEST set, ACC:	0.737	0.741	0.896	0.792	
TEST set, SPE:	0.598	0.858	0.976	0.811	
[21-02-05 14:57:07-INFO] BEST_RECALL: 0.653, EPOCH:  35
[21-02-05 15:07:19-INFO] EPOCH: 52
[21-02-05 15:07:19-INFO] TRAIN_LOSS : 0.005, TIME: 612.5s
[21-02-05 15:08:11-INFO] VAL _RECALL: 1.000, TIME: 51.7s
[21-02-05 15:08:11-DEBUG] 
VAL  set, TITLE	CLS0	CLS1	CLS2	MEAN
VAL  set, REC:	1.000	1.000	1.000	1.000	
VAL  set, F1 :	1.000	1.000	1.000	1.000	
VAL  set, AUC:	1.000	1.000	1.000	1.000	
VAL  set, ACC:	1.000	1.000	1.000	1.000	
VAL  set, SPE:	1.000	1.000	1.000	1.000	
[21-02-05 15:09:03-INFO] TEST_RECALL: 0.634, TIME: 51.5s
[21-02-05 15:09:03-DEBUG] 
TEST set, TITLE	CLS0	CLS1	CLS2	MEAN
TEST set, REC:	0.803	0.551	0.547	0.634	
TEST set, F1 :	0.777	0.531	0.630	0.646	
TEST set, AUC:	0.838	0.754	0.892	0.828	
TEST set, ACC:	0.757	0.741	0.869	0.789	
TEST set, SPE:	0.705	0.811	0.951	0.822	
[21-02-05 15:09:04-INFO] BEST_RECALL: 0.653, EPOCH:  35
[21-02-05 15:19:16-INFO] EPOCH: 53
[21-02-05 15:19:16-INFO] TRAIN_LOSS : 0.001, TIME: 612.2s
[21-02-05 15:20:08-INFO] VAL _RECALL: 1.000, TIME: 51.7s
[21-02-05 15:20:08-DEBUG] 
VAL  set, TITLE	CLS0	CLS1	CLS2	MEAN
VAL  set, REC:	1.000	1.000	1.000	1.000	
VAL  set, F1 :	1.000	1.000	1.000	1.000	
VAL  set, AUC:	1.000	1.000	1.000	1.000	
VAL  set, ACC:	1.000	1.000	1.000	1.000	
VAL  set, SPE:	1.000	1.000	1.000	1.000	
[21-02-05 15:20:59-INFO] TEST_RECALL: 0.601, TIME: 51.5s
[21-02-05 15:20:59-DEBUG] 
TEST set, TITLE	CLS0	CLS1	CLS2	MEAN
TEST set, REC:	0.839	0.435	0.528	0.601	
TEST set, F1 :	0.767	0.458	0.644	0.623	
TEST set, AUC:	0.841	0.757	0.896	0.831	
TEST set, ACC:	0.730	0.726	0.880	0.779	
TEST set, SPE:	0.607	0.832	0.971	0.803	
[21-02-05 15:21:00-INFO] BEST_RECALL: 0.653, EPOCH:  35
[21-02-05 15:31:12-INFO] EPOCH: 54
[21-02-05 15:31:12-INFO] TRAIN_LOSS : 0.001, TIME: 611.9s
[21-02-05 15:32:04-INFO] VAL _RECALL: 1.000, TIME: 51.6s
[21-02-05 15:32:04-DEBUG] 
VAL  set, TITLE	CLS0	CLS1	CLS2	MEAN
VAL  set, REC:	1.000	1.000	1.000	1.000	
VAL  set, F1 :	1.000	1.000	1.000	1.000	
VAL  set, AUC:	1.000	1.000	1.000	1.000	
VAL  set, ACC:	1.000	1.000	1.000	1.000	
VAL  set, SPE:	1.000	1.000	1.000	1.000	
[21-02-05 15:32:55-INFO] TEST_RECALL: 0.626, TIME: 51.4s
[21-02-05 15:32:55-DEBUG] 
TEST set, TITLE	CLS0	CLS1	CLS2	MEAN
TEST set, REC:	0.839	0.493	0.547	0.626	
TEST set, F1 :	0.780	0.500	0.667	0.649	
TEST set, AUC:	0.840	0.760	0.897	0.832	
TEST set, ACC:	0.749	0.737	0.888	0.792	
TEST set, SPE:	0.648	0.826	0.976	0.817	
[21-02-05 15:32:56-INFO] BEST_RECALL: 0.653, EPOCH:  35
[21-02-05 15:43:07-INFO] EPOCH: 55
[21-02-05 15:43:07-INFO] TRAIN_LOSS : 0.001, TIME: 611.2s
[21-02-05 15:43:59-INFO] VAL _RECALL: 1.000, TIME: 51.6s
[21-02-05 15:43:59-DEBUG] 
VAL  set, TITLE	CLS0	CLS1	CLS2	MEAN
VAL  set, REC:	1.000	1.000	1.000	1.000	
VAL  set, F1 :	1.000	1.000	1.000	1.000	
VAL  set, AUC:	1.000	1.000	1.000	1.000	
VAL  set, ACC:	1.000	1.000	1.000	1.000	
VAL  set, SPE:	1.000	1.000	1.000	1.000	
[21-02-05 15:44:50-INFO] TEST_RECALL: 0.633, TIME: 51.5s
[21-02-05 15:44:50-DEBUG] 
TEST set, TITLE	CLS0	CLS1	CLS2	MEAN
TEST set, REC:	0.825	0.565	0.509	0.633	
TEST set, F1 :	0.782	0.538	0.643	0.654	
TEST set, AUC:	0.835	0.758	0.899	0.831	
TEST set, ACC:	0.757	0.741	0.884	0.794	
TEST set, SPE:	0.680	0.805	0.981	0.822	
[21-02-05 15:44:52-INFO] BEST_RECALL: 0.653, EPOCH:  35
[21-02-05 15:55:05-INFO] EPOCH: 56
[21-02-05 15:55:05-INFO] TRAIN_LOSS : 0.001, TIME: 613.3s
[21-02-05 15:55:57-INFO] VAL _RECALL: 1.000, TIME: 51.7s
[21-02-05 15:55:57-DEBUG] 
VAL  set, TITLE	CLS0	CLS1	CLS2	MEAN
VAL  set, REC:	1.000	1.000	1.000	1.000	
VAL  set, F1 :	1.000	1.000	1.000	1.000	
VAL  set, AUC:	1.000	1.000	1.000	1.000	
VAL  set, ACC:	1.000	1.000	1.000	1.000	
VAL  set, SPE:	1.000	1.000	1.000	1.000	
[21-02-05 15:56:48-INFO] TEST_RECALL: 0.650, TIME: 51.5s
[21-02-05 15:56:48-DEBUG] 
TEST set, TITLE	CLS0	CLS1	CLS2	MEAN
TEST set, REC:	0.759	0.681	0.509	0.650	
TEST set, F1 :	0.776	0.570	0.635	0.660	
TEST set, AUC:	0.834	0.762	0.905	0.834	
TEST set, ACC:	0.768	0.726	0.880	0.792	
TEST set, SPE:	0.779	0.742	0.976	0.832	
[21-02-05 15:56:49-INFO] BEST_RECALL: 0.653, EPOCH:  35
[21-02-05 16:07:01-INFO] EPOCH: 57
[21-02-05 16:07:01-INFO] TRAIN_LOSS : 0.001, TIME: 611.5s
[21-02-05 16:07:52-INFO] VAL _RECALL: 1.000, TIME: 51.7s
[21-02-05 16:07:52-DEBUG] 
VAL  set, TITLE	CLS0	CLS1	CLS2	MEAN
VAL  set, REC:	1.000	1.000	1.000	1.000	
VAL  set, F1 :	1.000	1.000	1.000	1.000	
VAL  set, AUC:	1.000	1.000	1.000	1.000	
VAL  set, ACC:	1.000	1.000	1.000	1.000	
VAL  set, SPE:	1.000	1.000	1.000	1.000	
[21-02-05 16:08:44-INFO] TEST_RECALL: 0.650, TIME: 51.6s
[21-02-05 16:08:44-DEBUG] 
TEST set, TITLE	CLS0	CLS1	CLS2	MEAN
TEST set, REC:	0.839	0.449	0.660	0.650	
TEST set, F1 :	0.785	0.492	0.707	0.661	
TEST set, AUC:	0.842	0.762	0.910	0.838	
TEST set, ACC:	0.757	0.753	0.888	0.799	
TEST set, SPE:	0.664	0.863	0.947	0.825	
[21-02-05 16:08:45-INFO] BEST_RECALL: 0.653, EPOCH:  35
[21-02-05 16:18:57-INFO] EPOCH: 58
[21-02-05 16:18:57-INFO] TRAIN_LOSS : 0.001, TIME: 612.3s
[21-02-05 16:19:49-INFO] VAL _RECALL: 1.000, TIME: 51.8s
[21-02-05 16:19:49-DEBUG] 
VAL  set, TITLE	CLS0	CLS1	CLS2	MEAN
VAL  set, REC:	1.000	1.000	1.000	1.000	
VAL  set, F1 :	1.000	1.000	1.000	1.000	
VAL  set, AUC:	1.000	1.000	1.000	1.000	
VAL  set, ACC:	1.000	1.000	1.000	1.000	
VAL  set, SPE:	1.000	1.000	1.000	1.000	
[21-02-05 16:20:41-INFO] TEST_RECALL: 0.615, TIME: 51.5s
[21-02-05 16:20:41-DEBUG] 
TEST set, TITLE	CLS0	CLS1	CLS2	MEAN
TEST set, REC:	0.847	0.377	0.623	0.615	
TEST set, F1 :	0.779	0.452	0.629	0.620	
TEST set, AUC:	0.845	0.759	0.895	0.833	
TEST set, ACC:	0.745	0.757	0.849	0.784	
TEST set, SPE:	0.631	0.895	0.908	0.811	
[21-02-05 16:20:42-INFO] BEST_RECALL: 0.653, EPOCH:  35
[21-02-05 16:30:54-INFO] EPOCH: 59
[21-02-05 16:30:54-INFO] TRAIN_LOSS : 0.001, TIME: 611.9s
[21-02-05 16:31:45-INFO] VAL _RECALL: 1.000, TIME: 51.7s
[21-02-05 16:31:45-DEBUG] 
VAL  set, TITLE	CLS0	CLS1	CLS2	MEAN
VAL  set, REC:	1.000	1.000	1.000	1.000	
VAL  set, F1 :	1.000	1.000	1.000	1.000	
VAL  set, AUC:	1.000	1.000	1.000	1.000	
VAL  set, ACC:	1.000	1.000	1.000	1.000	
VAL  set, SPE:	1.000	1.000	1.000	1.000	
[21-02-05 16:32:37-INFO] TEST_RECALL: 0.629, TIME: 51.6s
[21-02-05 16:32:37-DEBUG] 
TEST set, TITLE	CLS0	CLS1	CLS2	MEAN
TEST set, REC:	0.832	0.507	0.547	0.629	
TEST set, F1 :	0.778	0.519	0.644	0.647	
TEST set, AUC:	0.844	0.760	0.895	0.833	
TEST set, ACC:	0.749	0.749	0.876	0.792	
TEST set, SPE:	0.656	0.837	0.961	0.818	
[21-02-05 16:32:38-INFO] BEST_RECALL: 0.653, EPOCH:  35
[21-02-05 16:42:50-INFO] EPOCH: 60
[21-02-05 16:42:50-INFO] TRAIN_LOSS : 0.001, TIME: 612.4s
[21-02-05 16:43:42-INFO] VAL _RECALL: 1.000, TIME: 51.7s
[21-02-05 16:43:42-DEBUG] 
VAL  set, TITLE	CLS0	CLS1	CLS2	MEAN
VAL  set, REC:	1.000	1.000	1.000	1.000	
VAL  set, F1 :	1.000	1.000	1.000	1.000	
VAL  set, AUC:	1.000	1.000	1.000	1.000	
VAL  set, ACC:	1.000	1.000	1.000	1.000	
VAL  set, SPE:	1.000	1.000	1.000	1.000	
[21-02-05 16:44:33-INFO] TEST_RECALL: 0.620, TIME: 51.4s
[21-02-05 16:44:33-DEBUG] 
TEST set, TITLE	CLS0	CLS1	CLS2	MEAN
TEST set, REC:	0.839	0.435	0.585	0.620	
TEST set, F1 :	0.774	0.480	0.646	0.633	
TEST set, AUC:	0.844	0.761	0.895	0.833	
TEST set, ACC:	0.741	0.749	0.869	0.786	
TEST set, SPE:	0.631	0.863	0.942	0.812	
[21-02-05 16:44:34-INFO] BEST_RECALL: 0.653, EPOCH:  35
[21-02-05 16:54:47-INFO] EPOCH: 61
[21-02-05 16:54:47-INFO] TRAIN_LOSS : 0.000, TIME: 613.0s
[21-02-05 16:55:39-INFO] VAL _RECALL: 1.000, TIME: 51.5s
[21-02-05 16:55:39-DEBUG] 
VAL  set, TITLE	CLS0	CLS1	CLS2	MEAN
VAL  set, REC:	1.000	1.000	1.000	1.000	
VAL  set, F1 :	1.000	1.000	1.000	1.000	
VAL  set, AUC:	1.000	1.000	1.000	1.000	
VAL  set, ACC:	1.000	1.000	1.000	1.000	
VAL  set, SPE:	1.000	1.000	1.000	1.000	
[21-02-05 16:56:31-INFO] TEST_RECALL: 0.641, TIME: 51.5s
[21-02-05 16:56:31-DEBUG] 
TEST set, TITLE	CLS0	CLS1	CLS2	MEAN
TEST set, REC:	0.847	0.493	0.585	0.641	
TEST set, F1 :	0.784	0.519	0.681	0.661	
TEST set, AUC:	0.843	0.763	0.902	0.836	
TEST set, ACC:	0.753	0.757	0.888	0.799	
TEST set, SPE:	0.648	0.853	0.966	0.822	
[21-02-05 16:56:32-INFO] BEST_RECALL: 0.653, EPOCH:  35
[21-02-05 17:06:44-INFO] EPOCH: 62
[21-02-05 17:06:44-INFO] TRAIN_LOSS : 0.000, TIME: 611.9s
[21-02-05 17:07:35-INFO] VAL _RECALL: 1.000, TIME: 51.7s
[21-02-05 17:07:35-DEBUG] 
VAL  set, TITLE	CLS0	CLS1	CLS2	MEAN
VAL  set, REC:	1.000	1.000	1.000	1.000	
VAL  set, F1 :	1.000	1.000	1.000	1.000	
VAL  set, AUC:	1.000	1.000	1.000	1.000	
VAL  set, ACC:	1.000	1.000	1.000	1.000	
VAL  set, SPE:	1.000	1.000	1.000	1.000	
[21-02-05 17:08:27-INFO] TEST_RECALL: 0.641, TIME: 51.4s
[21-02-05 17:08:27-DEBUG] 
TEST set, TITLE	CLS0	CLS1	CLS2	MEAN
TEST set, REC:	0.810	0.565	0.547	0.641	
TEST set, F1 :	0.774	0.538	0.674	0.662	
TEST set, AUC:	0.839	0.762	0.899	0.833	
TEST set, ACC:	0.749	0.741	0.892	0.794	
TEST set, SPE:	0.680	0.805	0.981	0.822	
[21-02-05 17:08:28-INFO] BEST_RECALL: 0.653, EPOCH:  35
[21-02-05 17:18:40-INFO] EPOCH: 63
[21-02-05 17:18:40-INFO] TRAIN_LOSS : 0.001, TIME: 612.3s
[21-02-05 17:19:32-INFO] VAL _RECALL: 1.000, TIME: 51.7s
[21-02-05 17:19:32-DEBUG] 
VAL  set, TITLE	CLS0	CLS1	CLS2	MEAN
VAL  set, REC:	1.000	1.000	1.000	1.000	
VAL  set, F1 :	1.000	1.000	1.000	1.000	
VAL  set, AUC:	1.000	1.000	1.000	1.000	
VAL  set, ACC:	1.000	1.000	1.000	1.000	
VAL  set, SPE:	1.000	1.000	1.000	1.000	
[21-02-05 17:20:23-INFO] TEST_RECALL: 0.644, TIME: 51.5s
[21-02-05 17:20:23-DEBUG] 
TEST set, TITLE	CLS0	CLS1	CLS2	MEAN
TEST set, REC:	0.832	0.478	0.623	0.644	
TEST set, F1 :	0.784	0.508	0.680	0.657	
TEST set, AUC:	0.849	0.769	0.903	0.840	
TEST set, ACC:	0.757	0.753	0.880	0.797	
TEST set, SPE:	0.672	0.853	0.947	0.824	
[21-02-05 17:20:24-INFO] BEST_RECALL: 0.653, EPOCH:  35
[21-02-05 17:30:37-INFO] EPOCH: 64
[21-02-05 17:30:37-INFO] TRAIN_LOSS : 0.000, TIME: 612.6s
[21-02-05 17:31:29-INFO] VAL _RECALL: 1.000, TIME: 51.6s
[21-02-05 17:31:29-DEBUG] 
VAL  set, TITLE	CLS0	CLS1	CLS2	MEAN
VAL  set, REC:	1.000	1.000	1.000	1.000	
VAL  set, F1 :	1.000	1.000	1.000	1.000	
VAL  set, AUC:	1.000	1.000	1.000	1.000	
VAL  set, ACC:	1.000	1.000	1.000	1.000	
VAL  set, SPE:	1.000	1.000	1.000	1.000	
[21-02-05 17:32:20-INFO] TEST_RECALL: 0.627, TIME: 51.4s
[21-02-05 17:32:20-DEBUG] 
TEST set, TITLE	CLS0	CLS1	CLS2	MEAN
TEST set, REC:	0.847	0.449	0.585	0.627	
TEST set, F1 :	0.776	0.477	0.697	0.650	
TEST set, AUC:	0.846	0.765	0.902	0.837	
TEST set, ACC:	0.741	0.737	0.896	0.792	
TEST set, SPE:	0.623	0.842	0.976	0.814	
[21-02-05 17:32:21-INFO] BEST_RECALL: 0.653, EPOCH:  35
[21-02-05 17:42:31-INFO] EPOCH: 65
[21-02-05 17:42:31-INFO] TRAIN_LOSS : 0.000, TIME: 610.4s
[21-02-05 17:43:23-INFO] VAL _RECALL: 1.000, TIME: 51.7s
[21-02-05 17:43:23-DEBUG] 
VAL  set, TITLE	CLS0	CLS1	CLS2	MEAN
VAL  set, REC:	1.000	1.000	1.000	1.000	
VAL  set, F1 :	1.000	1.000	1.000	1.000	
VAL  set, AUC:	1.000	1.000	1.000	1.000	
VAL  set, ACC:	1.000	1.000	1.000	1.000	
VAL  set, SPE:	1.000	1.000	1.000	1.000	
[21-02-05 17:44:15-INFO] TEST_RECALL: 0.618, TIME: 51.5s
[21-02-05 17:44:15-DEBUG] 
TEST set, TITLE	CLS0	CLS1	CLS2	MEAN
TEST set, REC:	0.869	0.362	0.623	0.618	
TEST set, F1 :	0.775	0.427	0.702	0.635	
TEST set, AUC:	0.846	0.766	0.900	0.837	
TEST set, ACC:	0.734	0.741	0.892	0.789	
TEST set, SPE:	0.582	0.879	0.961	0.807	
[21-02-05 17:44:16-INFO] BEST_RECALL: 0.653, EPOCH:  35
[21-02-05 17:54:28-INFO] EPOCH: 66
[21-02-05 17:54:28-INFO] TRAIN_LOSS : 0.000, TIME: 612.1s
[21-02-05 17:55:19-INFO] VAL _RECALL: 1.000, TIME: 51.7s
[21-02-05 17:55:19-DEBUG] 
VAL  set, TITLE	CLS0	CLS1	CLS2	MEAN
VAL  set, REC:	1.000	1.000	1.000	1.000	
VAL  set, F1 :	1.000	1.000	1.000	1.000	
VAL  set, AUC:	1.000	1.000	1.000	1.000	
VAL  set, ACC:	1.000	1.000	1.000	1.000	
VAL  set, SPE:	1.000	1.000	1.000	1.000	
[21-02-05 17:56:11-INFO] TEST_RECALL: 0.613, TIME: 51.4s
[21-02-05 17:56:11-DEBUG] 
TEST set, TITLE	CLS0	CLS1	CLS2	MEAN
TEST set, REC:	0.876	0.377	0.585	0.613	
TEST set, F1 :	0.779	0.426	0.705	0.637	
TEST set, AUC:	0.846	0.763	0.898	0.836	
TEST set, ACC:	0.737	0.730	0.900	0.789	
TEST set, SPE:	0.582	0.858	0.981	0.807	
[21-02-05 17:56:12-INFO] BEST_RECALL: 0.653, EPOCH:  35
[21-02-05 18:06:24-INFO] EPOCH: 67
[21-02-05 18:06:24-INFO] TRAIN_LOSS : 0.000, TIME: 612.3s
[21-02-05 18:07:16-INFO] VAL _RECALL: 1.000, TIME: 51.7s
[21-02-05 18:07:16-DEBUG] 
VAL  set, TITLE	CLS0	CLS1	CLS2	MEAN
VAL  set, REC:	1.000	1.000	1.000	1.000	
VAL  set, F1 :	1.000	1.000	1.000	1.000	
VAL  set, AUC:	1.000	1.000	1.000	1.000	
VAL  set, ACC:	1.000	1.000	1.000	1.000	
VAL  set, SPE:	1.000	1.000	1.000	1.000	
[21-02-05 18:08:08-INFO] TEST_RECALL: 0.630, TIME: 51.7s
[21-02-05 18:08:08-DEBUG] 
TEST set, TITLE	CLS0	CLS1	CLS2	MEAN
TEST set, REC:	0.832	0.493	0.566	0.630	
TEST set, F1 :	0.778	0.496	0.682	0.652	
TEST set, AUC:	0.845	0.766	0.900	0.837	
TEST set, ACC:	0.749	0.734	0.892	0.792	
TEST set, SPE:	0.656	0.821	0.976	0.818	
[21-02-05 18:08:09-INFO] BEST_RECALL: 0.653, EPOCH:  35
[21-02-05 18:18:20-INFO] EPOCH: 68
[21-02-05 18:18:20-INFO] TRAIN_LOSS : 0.000, TIME: 611.7s
[21-02-05 18:19:12-INFO] VAL _RECALL: 1.000, TIME: 51.8s
[21-02-05 18:19:12-DEBUG] 
VAL  set, TITLE	CLS0	CLS1	CLS2	MEAN
VAL  set, REC:	1.000	1.000	1.000	1.000	
VAL  set, F1 :	1.000	1.000	1.000	1.000	
VAL  set, AUC:	1.000	1.000	1.000	1.000	
VAL  set, ACC:	1.000	1.000	1.000	1.000	
VAL  set, SPE:	1.000	1.000	1.000	1.000	
[21-02-05 18:20:04-INFO] TEST_RECALL: 0.637, TIME: 51.8s
[21-02-05 18:20:04-DEBUG] 
TEST set, TITLE	CLS0	CLS1	CLS2	MEAN
TEST set, REC:	0.810	0.536	0.566	0.637	
TEST set, F1 :	0.782	0.525	0.645	0.651	
TEST set, AUC:	0.845	0.760	0.897	0.834	
TEST set, ACC:	0.761	0.741	0.873	0.792	
TEST set, SPE:	0.705	0.816	0.951	0.824	
[21-02-05 18:20:05-INFO] BEST_RECALL: 0.653, EPOCH:  35
[21-02-05 18:30:17-INFO] EPOCH: 69
[21-02-05 18:30:17-INFO] TRAIN_LOSS : 0.000, TIME: 612.4s
[21-02-05 18:31:09-INFO] VAL _RECALL: 1.000, TIME: 51.7s
[21-02-05 18:31:09-DEBUG] 
VAL  set, TITLE	CLS0	CLS1	CLS2	MEAN
VAL  set, REC:	1.000	1.000	1.000	1.000	
VAL  set, F1 :	1.000	1.000	1.000	1.000	
VAL  set, AUC:	1.000	1.000	1.000	1.000	
VAL  set, ACC:	1.000	1.000	1.000	1.000	
VAL  set, SPE:	1.000	1.000	1.000	1.000	
[21-02-05 18:32:01-INFO] TEST_RECALL: 0.609, TIME: 51.5s
[21-02-05 18:32:01-DEBUG] 
TEST set, TITLE	CLS0	CLS1	CLS2	MEAN
TEST set, REC:	0.869	0.391	0.566	0.609	
TEST set, F1 :	0.778	0.435	0.682	0.632	
TEST set, AUC:	0.848	0.764	0.900	0.837	
TEST set, ACC:	0.737	0.730	0.892	0.786	
TEST set, SPE:	0.590	0.853	0.976	0.806	
[21-02-05 18:32:02-INFO] BEST_RECALL: 0.653, EPOCH:  35
