[21-02-13 14:40:27-DEBUG] Checkpoints is in:
./results/checkpoints/20210213/3D_ResNet50-0-144027/
[21-02-13 14:40:27-DEBUG] Tensorboard is in:
./results/tensorboards/20210213/3D_ResNet50-0-144027/
[21-02-13 14:40:27-DEBUG] Data is in:
./data/Net_Input/3D_64_z1.0_l0.70_h0.10_20210125/
[21-02-13 14:40:27-DEBUG] LR: 0.0001, LD: 0.98
[21-02-13 14:40:27-DEBUG] WD: 1e-05, WU: 20
[21-02-13 14:40:27-DEBUG] BS: 4, FOLD: 0


[21-02-13 14:48:21-INFO] EPOCH: 1
[21-02-13 14:48:21-INFO] TRAIN_LOSS : 1.046, TIME: 471.1s
[21-02-13 14:49:00-INFO] VAL _RECALL: 0.364, TIME: 38.8s
[21-02-13 14:49:00-DEBUG] 
VAL  set, TITLE	CLS0	CLS1	CLS2	MEAN
VAL  set, REC:	0.735	0.357	0.000	0.364	
VAL  set, F1 :	0.653	0.267	0.000	0.307	
VAL  set, AUC:	0.696	0.568	0.741	0.668	
VAL  set, ACC:	0.602	0.575	0.726	0.634	
VAL  set, SPE:	0.465	0.635	1.000	0.700	
[21-02-13 14:49:39-INFO] TEST_RECALL: 0.394, TIME: 39.1s
[21-02-13 14:49:39-DEBUG] 
TEST set, TITLE	CLS0	CLS1	CLS2	MEAN
TEST set, REC:	0.767	0.413	0.000	0.394	
TEST set, F1 :	0.660	0.378	0.000	0.346	
TEST set, AUC:	0.675	0.578	0.752	0.668	
TEST set, ACC:	0.608	0.608	0.785	0.667	
TEST set, SPE:	0.450	0.686	1.000	0.712	
[21-02-13 14:49:39-INFO] BEST_RECALL: 0.394, EPOCH:   1
[21-02-13 14:57:33-INFO] EPOCH: 2
[21-02-13 14:57:33-INFO] TRAIN_LOSS : 0.973, TIME: 473.4s
[21-02-13 14:58:12-INFO] VAL _RECALL: 0.449, TIME: 38.8s
[21-02-13 14:58:12-DEBUG] 
VAL  set, TITLE	CLS0	CLS1	CLS2	MEAN
VAL  set, REC:	0.864	0.286	0.197	0.449	
VAL  set, F1 :	0.722	0.276	0.326	0.441	
VAL  set, AUC:	0.715	0.564	0.784	0.688	
VAL  set, ACC:	0.660	0.676	0.776	0.704	
VAL  set, SPE:	0.449	0.783	0.995	0.742	
[21-02-13 14:58:51-INFO] TEST_RECALL: 0.436, TIME: 39.0s
[21-02-13 14:58:51-DEBUG] 
TEST set, TITLE	CLS0	CLS1	CLS2	MEAN
TEST set, REC:	0.814	0.280	0.214	0.436	
TEST set, F1 :	0.667	0.309	0.348	0.441	
TEST set, AUC:	0.669	0.543	0.755	0.655	
TEST set, ACC:	0.596	0.638	0.827	0.687	
TEST set, SPE:	0.382	0.784	0.995	0.720	
[21-02-13 14:58:52-INFO] BEST_RECALL: 0.436, EPOCH:   2
[21-02-13 15:06:45-INFO] EPOCH: 3
[21-02-13 15:06:45-INFO] TRAIN_LOSS : 0.933, TIME: 472.9s
[21-02-13 15:07:24-INFO] VAL _RECALL: 0.508, TIME: 38.6s
[21-02-13 15:07:24-DEBUG] 
VAL  set, TITLE	CLS0	CLS1	CLS2	MEAN
VAL  set, REC:	0.939	0.161	0.423	0.508	
VAL  set, F1 :	0.738	0.234	0.571	0.514	
VAL  set, AUC:	0.784	0.652	0.829	0.755	
VAL  set, ACC:	0.660	0.772	0.826	0.753	
VAL  set, SPE:	0.370	0.941	0.979	0.763	
[21-02-13 15:08:03-INFO] TEST_RECALL: 0.452, TIME: 39.0s
[21-02-13 15:08:03-DEBUG] 
TEST set, TITLE	CLS0	CLS1	CLS2	MEAN
TEST set, REC:	0.907	0.147	0.304	0.452	
TEST set, F1 :	0.701	0.206	0.430	0.446	
TEST set, AUC:	0.727	0.629	0.772	0.709	
TEST set, ACC:	0.615	0.673	0.827	0.705	
TEST set, SPE:	0.328	0.886	0.971	0.728	
[21-02-13 15:08:04-INFO] BEST_RECALL: 0.452, EPOCH:   3
[21-02-13 15:15:57-INFO] EPOCH: 4
[21-02-13 15:15:57-INFO] TRAIN_LOSS : 0.909, TIME: 473.0s
[21-02-13 15:16:36-INFO] VAL _RECALL: 0.436, TIME: 38.8s
[21-02-13 15:16:36-DEBUG] 
VAL  set, TITLE	CLS0	CLS1	CLS2	MEAN
VAL  set, REC:	0.333	0.018	0.958	0.436	
VAL  set, F1 :	0.489	0.033	0.489	0.337	
VAL  set, AUC:	0.803	0.579	0.816	0.733	
VAL  set, ACC:	0.645	0.776	0.452	0.624	
VAL  set, SPE:	0.969	0.985	0.261	0.738	
[21-02-13 15:17:15-INFO] TEST_RECALL: 0.442, TIME: 39.1s
[21-02-13 15:17:15-DEBUG] 
TEST set, TITLE	CLS0	CLS1	CLS2	MEAN
TEST set, REC:	0.380	0.000	0.946	0.442	
TEST set, F1 :	0.510	0.000	0.421	0.310	
TEST set, AUC:	0.754	0.463	0.712	0.643	
TEST set, ACC:	0.638	0.708	0.438	0.595	
TEST set, SPE:	0.893	0.995	0.299	0.729	
[21-02-13 15:17:15-INFO] BEST_RECALL: 0.452, EPOCH:   3
[21-02-13 15:25:08-INFO] EPOCH: 5
[21-02-13 15:25:08-INFO] TRAIN_LOSS : 0.843, TIME: 473.1s
[21-02-13 15:25:47-INFO] VAL _RECALL: 0.595, TIME: 38.8s
[21-02-13 15:25:47-DEBUG] 
VAL  set, TITLE	CLS0	CLS1	CLS2	MEAN
VAL  set, REC:	0.970	0.196	0.620	0.595	
VAL  set, F1 :	0.795	0.289	0.733	0.606	
VAL  set, AUC:	0.887	0.743	0.940	0.857	
VAL  set, ACC:	0.745	0.792	0.876	0.804	
VAL  set, SPE:	0.512	0.956	0.973	0.814	
[21-02-13 15:26:26-INFO] TEST_RECALL: 0.507, TIME: 39.0s
[21-02-13 15:26:26-DEBUG] 
TEST set, TITLE	CLS0	CLS1	CLS2	MEAN
TEST set, REC:	0.922	0.187	0.411	0.507	
TEST set, F1 :	0.739	0.259	0.511	0.503	
TEST set, AUC:	0.825	0.676	0.842	0.781	
TEST set, ACC:	0.677	0.692	0.831	0.733	
TEST set, SPE:	0.435	0.897	0.946	0.759	
[21-02-13 15:26:27-INFO] BEST_RECALL: 0.507, EPOCH:   5
[21-02-13 15:34:20-INFO] EPOCH: 6
[21-02-13 15:34:20-INFO] TRAIN_LOSS : 0.844, TIME: 473.2s
[21-02-13 15:34:59-INFO] VAL _RECALL: 0.686, TIME: 38.8s
[21-02-13 15:34:59-DEBUG] 
VAL  set, TITLE	CLS0	CLS1	CLS2	MEAN
VAL  set, REC:	0.902	0.268	0.887	0.686	
VAL  set, F1 :	0.844	0.400	0.783	0.676	
VAL  set, AUC:	0.901	0.781	0.939	0.873	
VAL  set, ACC:	0.830	0.826	0.865	0.840	
VAL  set, SPE:	0.756	0.980	0.856	0.864	
[21-02-13 15:35:38-INFO] TEST_RECALL: 0.566, TIME: 38.9s
[21-02-13 15:35:38-DEBUG] 
TEST set, TITLE	CLS0	CLS1	CLS2	MEAN
TEST set, REC:	0.814	0.133	0.750	0.566	
TEST set, F1 :	0.747	0.204	0.596	0.516	
TEST set, AUC:	0.819	0.685	0.845	0.783	
TEST set, ACC:	0.727	0.700	0.781	0.736	
TEST set, SPE:	0.641	0.930	0.789	0.787	
[21-02-13 15:35:40-INFO] BEST_RECALL: 0.566, EPOCH:   6
[21-02-13 15:43:33-INFO] EPOCH: 7
[21-02-13 15:43:33-INFO] TRAIN_LOSS : 0.810, TIME: 473.1s
[21-02-13 15:44:12-INFO] VAL _RECALL: 0.494, TIME: 38.7s
[21-02-13 15:44:12-DEBUG] 
VAL  set, TITLE	CLS0	CLS1	CLS2	MEAN
VAL  set, REC:	0.439	0.071	0.972	0.494	
VAL  set, F1 :	0.583	0.121	0.545	0.417	
VAL  set, AUC:	0.859	0.633	0.875	0.789	
VAL  set, ACC:	0.680	0.776	0.556	0.671	
VAL  set, SPE:	0.929	0.970	0.399	0.766	
[21-02-13 15:44:51-INFO] TEST_RECALL: 0.453, TIME: 39.0s
[21-02-13 15:44:51-DEBUG] 
TEST set, TITLE	CLS0	CLS1	CLS2	MEAN
TEST set, REC:	0.372	0.093	0.893	0.453	
TEST set, F1 :	0.500	0.159	0.417	0.359	
TEST set, AUC:	0.765	0.523	0.731	0.673	
TEST set, ACC:	0.631	0.715	0.462	0.603	
TEST set, SPE:	0.885	0.968	0.343	0.732	
[21-02-13 15:44:52-INFO] BEST_RECALL: 0.566, EPOCH:   6
[21-02-13 15:52:45-INFO] EPOCH: 8
[21-02-13 15:52:45-INFO] TRAIN_LOSS : 0.824, TIME: 473.2s
[21-02-13 15:53:24-INFO] VAL _RECALL: 0.646, TIME: 38.7s
[21-02-13 15:53:24-DEBUG] 
VAL  set, TITLE	CLS0	CLS1	CLS2	MEAN
VAL  set, REC:	0.902	0.571	0.465	0.646	
VAL  set, F1 :	0.847	0.492	0.617	0.652	
VAL  set, AUC:	0.911	0.772	0.922	0.868	
VAL  set, ACC:	0.834	0.745	0.842	0.807	
VAL  set, SPE:	0.764	0.793	0.984	0.847	
[21-02-13 15:54:03-INFO] TEST_RECALL: 0.542, TIME: 39.1s
[21-02-13 15:54:03-DEBUG] 
TEST set, TITLE	CLS0	CLS1	CLS2	MEAN
TEST set, REC:	0.798	0.507	0.321	0.542	
TEST set, F1 :	0.752	0.455	0.456	0.554	
TEST set, AUC:	0.829	0.703	0.812	0.781	
TEST set, ACC:	0.738	0.650	0.835	0.741	
TEST set, SPE:	0.679	0.708	0.975	0.788	
[21-02-13 15:54:04-INFO] BEST_RECALL: 0.566, EPOCH:   6
[21-02-13 16:01:57-INFO] EPOCH: 9
[21-02-13 16:01:57-INFO] TRAIN_LOSS : 0.797, TIME: 473.1s
[21-02-13 16:02:36-INFO] VAL _RECALL: 0.536, TIME: 38.7s
[21-02-13 16:02:36-DEBUG] 
VAL  set, TITLE	CLS0	CLS1	CLS2	MEAN
VAL  set, REC:	0.977	0.054	0.577	0.536	
VAL  set, F1 :	0.777	0.088	0.695	0.520	
VAL  set, AUC:	0.871	0.678	0.918	0.822	
VAL  set, ACC:	0.714	0.761	0.861	0.779	
VAL  set, SPE:	0.441	0.956	0.968	0.788	
[21-02-13 16:03:15-INFO] TEST_RECALL: 0.488, TIME: 39.1s
[21-02-13 16:03:15-DEBUG] 
TEST set, TITLE	CLS0	CLS1	CLS2	MEAN
TEST set, REC:	0.977	0.093	0.393	0.488	
TEST set, F1 :	0.724	0.161	0.518	0.468	
TEST set, AUC:	0.843	0.685	0.808	0.778	
TEST set, ACC:	0.631	0.719	0.842	0.731	
TEST set, SPE:	0.290	0.973	0.966	0.743	
[21-02-13 16:03:17-INFO] BEST_RECALL: 0.566, EPOCH:   6
[21-02-13 16:11:10-INFO] EPOCH: 10
[21-02-13 16:11:10-INFO] TRAIN_LOSS : 0.792, TIME: 473.0s
[21-02-13 16:11:48-INFO] VAL _RECALL: 0.485, TIME: 38.6s
[21-02-13 16:11:48-DEBUG] 
VAL  set, TITLE	CLS0	CLS1	CLS2	MEAN
VAL  set, REC:	0.152	0.304	1.000	0.485	
VAL  set, F1 :	0.263	0.281	0.580	0.375	
VAL  set, AUC:	0.865	0.582	0.905	0.784	
VAL  set, ACC:	0.568	0.664	0.602	0.611	
VAL  set, SPE:	1.000	0.764	0.452	0.739	
[21-02-13 16:12:27-INFO] TEST_RECALL: 0.429, TIME: 39.1s
[21-02-13 16:12:27-DEBUG] 
TEST set, TITLE	CLS0	CLS1	CLS2	MEAN
TEST set, REC:	0.163	0.213	0.911	0.429	
TEST set, F1 :	0.275	0.237	0.440	0.317	
TEST set, AUC:	0.778	0.505	0.765	0.683	
TEST set, ACC:	0.573	0.604	0.500	0.559	
TEST set, SPE:	0.977	0.762	0.387	0.709	
[21-02-13 16:12:29-INFO] BEST_RECALL: 0.566, EPOCH:   6
[21-02-13 16:20:22-INFO] EPOCH: 11
[21-02-13 16:20:22-INFO] TRAIN_LOSS : 0.774, TIME: 472.9s
[21-02-13 16:21:00-INFO] VAL _RECALL: 0.679, TIME: 38.7s
[21-02-13 16:21:00-DEBUG] 
VAL  set, TITLE	CLS0	CLS1	CLS2	MEAN
VAL  set, REC:	0.455	0.696	0.887	0.679	
VAL  set, F1 :	0.619	0.470	0.797	0.629	
VAL  set, AUC:	0.887	0.699	0.949	0.845	
VAL  set, ACC:	0.714	0.660	0.876	0.750	
VAL  set, SPE:	0.984	0.650	0.872	0.836	
[21-02-13 16:21:39-INFO] TEST_RECALL: 0.570, TIME: 39.0s
[21-02-13 16:21:39-DEBUG] 
TEST set, TITLE	CLS0	CLS1	CLS2	MEAN
TEST set, REC:	0.512	0.520	0.679	0.570	
TEST set, F1 :	0.641	0.417	0.598	0.552	
TEST set, AUC:	0.839	0.572	0.836	0.749	
TEST set, ACC:	0.715	0.581	0.804	0.700	
TEST set, SPE:	0.916	0.605	0.838	0.787	
[21-02-13 16:21:42-INFO] BEST_RECALL: 0.570, EPOCH:  11
[21-02-13 16:29:35-INFO] EPOCH: 12
[21-02-13 16:29:35-INFO] TRAIN_LOSS : 0.778, TIME: 472.9s
[21-02-13 16:30:14-INFO] VAL _RECALL: 0.724, TIME: 38.7s
[21-02-13 16:30:14-DEBUG] 
VAL  set, TITLE	CLS0	CLS1	CLS2	MEAN
VAL  set, REC:	0.970	0.357	0.845	0.724	
VAL  set, F1 :	0.859	0.488	0.870	0.739	
VAL  set, AUC:	0.939	0.833	0.972	0.914	
VAL  set, ACC:	0.838	0.838	0.931	0.869	
VAL  set, SPE:	0.701	0.970	0.963	0.878	
[21-02-13 16:30:53-INFO] TEST_RECALL: 0.549, TIME: 39.0s
[21-02-13 16:30:53-DEBUG] 
TEST set, TITLE	CLS0	CLS1	CLS2	MEAN
TEST set, REC:	0.884	0.227	0.536	0.549	
TEST set, F1 :	0.765	0.293	0.566	0.541	
TEST set, AUC:	0.872	0.718	0.854	0.815	
TEST set, ACC:	0.731	0.685	0.823	0.746	
TEST set, SPE:	0.580	0.870	0.902	0.784	
[21-02-13 16:30:54-INFO] BEST_RECALL: 0.570, EPOCH:  11
[21-02-13 16:38:47-INFO] EPOCH: 13
[21-02-13 16:38:47-INFO] TRAIN_LOSS : 0.738, TIME: 472.9s
[21-02-13 16:39:26-INFO] VAL _RECALL: 0.580, TIME: 38.7s
[21-02-13 16:39:26-DEBUG] 
VAL  set, TITLE	CLS0	CLS1	CLS2	MEAN
VAL  set, REC:	0.992	0.071	0.676	0.580	
VAL  set, F1 :	0.780	0.131	0.793	0.568	
VAL  set, AUC:	0.912	0.724	0.966	0.867	
VAL  set, ACC:	0.714	0.795	0.903	0.804	
VAL  set, SPE:	0.425	0.995	0.989	0.803	
[21-02-13 16:40:05-INFO] TEST_RECALL: 0.476, TIME: 39.0s
[21-02-13 16:40:05-DEBUG] 
TEST set, TITLE	CLS0	CLS1	CLS2	MEAN
TEST set, REC:	0.977	0.040	0.411	0.476	
TEST set, F1 :	0.728	0.072	0.505	0.435	
TEST set, AUC:	0.840	0.665	0.857	0.787	
TEST set, ACC:	0.638	0.704	0.827	0.723	
TEST set, SPE:	0.305	0.973	0.941	0.740	
[21-02-13 16:40:06-INFO] BEST_RECALL: 0.570, EPOCH:  11
[21-02-13 16:47:59-INFO] EPOCH: 14
[21-02-13 16:47:59-INFO] TRAIN_LOSS : 0.734, TIME: 472.8s
[21-02-13 16:48:38-INFO] VAL _RECALL: 0.671, TIME: 38.8s
[21-02-13 16:48:38-DEBUG] 
VAL  set, TITLE	CLS0	CLS1	CLS2	MEAN
VAL  set, REC:	0.977	0.107	0.930	0.671	
VAL  set, F1 :	0.860	0.194	0.846	0.633	
VAL  set, AUC:	0.944	0.863	0.971	0.926	
VAL  set, ACC:	0.838	0.807	0.907	0.851	
VAL  set, SPE:	0.693	1.000	0.899	0.864	
[21-02-13 16:49:17-INFO] TEST_RECALL: 0.563, TIME: 39.0s
[21-02-13 16:49:17-DEBUG] 
TEST set, TITLE	CLS0	CLS1	CLS2	MEAN
TEST set, REC:	0.922	0.053	0.714	0.563	
TEST set, F1 :	0.783	0.095	0.606	0.495	
TEST set, AUC:	0.858	0.672	0.848	0.793	
TEST set, ACC:	0.746	0.708	0.800	0.751	
TEST set, SPE:	0.573	0.973	0.824	0.790	
[21-02-13 16:49:18-INFO] BEST_RECALL: 0.570, EPOCH:  11
[21-02-13 16:57:11-INFO] EPOCH: 15
[21-02-13 16:57:11-INFO] TRAIN_LOSS : 0.703, TIME: 472.8s
[21-02-13 16:57:50-INFO] VAL _RECALL: 0.374, TIME: 38.9s
[21-02-13 16:57:50-DEBUG] 
VAL  set, TITLE	CLS0	CLS1	CLS2	MEAN
VAL  set, REC:	0.121	0.000	1.000	0.374	
VAL  set, F1 :	0.216	0.000	0.454	0.223	
VAL  set, AUC:	0.840	0.536	0.854	0.743	
VAL  set, ACC:	0.552	0.780	0.340	0.557	
VAL  set, SPE:	1.000	0.995	0.090	0.695	
[21-02-13 16:58:29-INFO] TEST_RECALL: 0.366, TIME: 39.0s
[21-02-13 16:58:29-DEBUG] 
TEST set, TITLE	CLS0	CLS1	CLS2	MEAN
TEST set, REC:	0.085	0.013	1.000	0.366	
TEST set, F1 :	0.155	0.026	0.371	0.184	
TEST set, AUC:	0.783	0.447	0.744	0.658	
TEST set, ACC:	0.538	0.715	0.269	0.508	
TEST set, SPE:	0.985	1.000	0.069	0.684	
[21-02-13 16:58:30-INFO] BEST_RECALL: 0.570, EPOCH:  11
[21-02-13 17:06:23-INFO] EPOCH: 16
[21-02-13 17:06:23-INFO] TRAIN_LOSS : 0.715, TIME: 472.8s
[21-02-13 17:07:02-INFO] VAL _RECALL: 0.441, TIME: 38.8s
[21-02-13 17:07:02-DEBUG] 
VAL  set, TITLE	CLS0	CLS1	CLS2	MEAN
VAL  set, REC:	1.000	0.125	0.197	0.441	
VAL  set, F1 :	0.776	0.151	0.329	0.419	
VAL  set, AUC:	0.928	0.669	0.932	0.843	
VAL  set, ACC:	0.707	0.695	0.780	0.727	
VAL  set, SPE:	0.402	0.852	1.000	0.751	
[21-02-13 17:07:41-INFO] TEST_RECALL: 0.431, TIME: 39.0s
[21-02-13 17:07:41-DEBUG] 
TEST set, TITLE	CLS0	CLS1	CLS2	MEAN
TEST set, REC:	0.953	0.160	0.179	0.431	
TEST set, F1 :	0.715	0.218	0.303	0.412	
TEST set, AUC:	0.844	0.675	0.789	0.769	
TEST set, ACC:	0.623	0.669	0.823	0.705	
TEST set, SPE:	0.298	0.876	1.000	0.724	
[21-02-13 17:07:42-INFO] BEST_RECALL: 0.570, EPOCH:  11
[21-02-13 17:15:35-INFO] EPOCH: 17
[21-02-13 17:15:35-INFO] TRAIN_LOSS : 0.688, TIME: 472.7s
[21-02-13 17:16:14-INFO] VAL _RECALL: 0.688, TIME: 38.8s
[21-02-13 17:16:14-DEBUG] 
VAL  set, TITLE	CLS0	CLS1	CLS2	MEAN
VAL  set, REC:	0.985	0.375	0.704	0.688	
VAL  set, F1 :	0.858	0.462	0.806	0.709	
VAL  set, AUC:	0.951	0.812	0.973	0.912	
VAL  set, ACC:	0.834	0.811	0.907	0.851	
VAL  set, SPE:	0.677	0.931	0.984	0.864	
[21-02-13 17:16:53-INFO] TEST_RECALL: 0.535, TIME: 39.0s
[21-02-13 17:16:53-DEBUG] 
TEST set, TITLE	CLS0	CLS1	CLS2	MEAN
TEST set, REC:	0.922	0.253	0.429	0.535	
TEST set, F1 :	0.753	0.336	0.527	0.539	
TEST set, AUC:	0.830	0.662	0.821	0.771	
TEST set, ACC:	0.700	0.712	0.835	0.749	
TEST set, SPE:	0.481	0.897	0.946	0.775	
[21-02-13 17:16:54-INFO] BEST_RECALL: 0.570, EPOCH:  11
[21-02-13 17:24:47-INFO] EPOCH: 18
[21-02-13 17:24:47-INFO] TRAIN_LOSS : 0.676, TIME: 472.6s
[21-02-13 17:25:26-INFO] VAL _RECALL: 0.536, TIME: 38.8s
[21-02-13 17:25:26-DEBUG] 
VAL  set, TITLE	CLS0	CLS1	CLS2	MEAN
VAL  set, REC:	0.841	0.625	0.141	0.536	
VAL  set, F1 :	0.838	0.407	0.247	0.497	
VAL  set, AUC:	0.924	0.704	0.904	0.844	
VAL  set, ACC:	0.834	0.606	0.764	0.735	
VAL  set, SPE:	0.827	0.601	1.000	0.809	
[21-02-13 17:26:05-INFO] TEST_RECALL: 0.508, TIME: 38.9s
[21-02-13 17:26:05-DEBUG] 
TEST set, TITLE	CLS0	CLS1	CLS2	MEAN
TEST set, REC:	0.760	0.640	0.125	0.508	
TEST set, F1 :	0.740	0.505	0.215	0.487	
TEST set, AUC:	0.841	0.715	0.779	0.778	
TEST set, ACC:	0.735	0.638	0.804	0.726	
TEST set, SPE:	0.710	0.638	0.990	0.779	
[21-02-13 17:26:06-INFO] BEST_RECALL: 0.570, EPOCH:  11
[21-02-13 17:33:59-INFO] EPOCH: 19
[21-02-13 17:33:59-INFO] TRAIN_LOSS : 0.632, TIME: 472.7s
[21-02-13 17:34:37-INFO] VAL _RECALL: 0.762, TIME: 38.8s
[21-02-13 17:34:37-DEBUG] 
VAL  set, TITLE	CLS0	CLS1	CLS2	MEAN
VAL  set, REC:	0.856	0.429	1.000	0.762	
VAL  set, F1 :	0.879	0.552	0.816	0.749	
VAL  set, AUC:	0.965	0.915	0.989	0.956	
VAL  set, ACC:	0.880	0.849	0.876	0.869	
VAL  set, SPE:	0.906	0.966	0.830	0.900	
[21-02-13 17:35:16-INFO] TEST_RECALL: 0.588, TIME: 39.0s
[21-02-13 17:35:16-DEBUG] 
TEST set, TITLE	CLS0	CLS1	CLS2	MEAN
TEST set, REC:	0.721	0.133	0.911	0.588	
TEST set, F1 :	0.762	0.208	0.567	0.512	
TEST set, AUC:	0.869	0.699	0.859	0.809	
TEST set, ACC:	0.777	0.708	0.700	0.728	
TEST set, SPE:	0.832	0.941	0.642	0.805	
[21-02-13 17:35:19-INFO] BEST_RECALL: 0.588, EPOCH:  19
[21-02-13 17:43:12-INFO] EPOCH: 20
[21-02-13 17:43:12-INFO] TRAIN_LOSS : 0.589, TIME: 472.7s
[21-02-13 17:43:51-INFO] VAL _RECALL: 0.625, TIME: 38.8s
[21-02-13 17:43:51-DEBUG] 
VAL  set, TITLE	CLS0	CLS1	CLS2	MEAN
VAL  set, REC:	0.856	0.018	1.000	0.625	
VAL  set, F1 :	0.900	0.035	0.676	0.537	
VAL  set, AUC:	0.976	0.780	0.984	0.913	
VAL  set, ACC:	0.903	0.788	0.737	0.810	
VAL  set, SPE:	0.953	1.000	0.638	0.864	
[21-02-13 17:44:30-INFO] TEST_RECALL: 0.560, TIME: 39.0s
[21-02-13 17:44:30-DEBUG] 
TEST set, TITLE	CLS0	CLS1	CLS2	MEAN
TEST set, REC:	0.674	0.040	0.964	0.560	
TEST set, F1 :	0.750	0.072	0.527	0.450	
TEST set, AUC:	0.883	0.556	0.855	0.765	
TEST set, ACC:	0.777	0.704	0.627	0.703	
TEST set, SPE:	0.878	0.973	0.534	0.795	
[21-02-13 17:44:31-INFO] BEST_RECALL: 0.588, EPOCH:  19
[21-02-13 17:52:24-INFO] EPOCH: 21
[21-02-13 17:52:24-INFO] TRAIN_LOSS : 0.468, TIME: 472.6s
[21-02-13 17:53:03-INFO] VAL _RECALL: 0.870, TIME: 38.8s
[21-02-13 17:53:03-DEBUG] 
VAL  set, TITLE	CLS0	CLS1	CLS2	MEAN
VAL  set, REC:	1.000	0.625	0.986	0.870	
VAL  set, F1 :	0.936	0.769	0.966	0.890	
VAL  set, AUC:	0.977	0.946	0.994	0.972	
VAL  set, ACC:	0.931	0.919	0.981	0.943	
VAL  set, SPE:	0.858	1.000	0.979	0.946	
[21-02-13 17:53:42-INFO] TEST_RECALL: 0.554, TIME: 39.0s
[21-02-13 17:53:42-DEBUG] 
TEST set, TITLE	CLS0	CLS1	CLS2	MEAN
TEST set, REC:	0.891	0.200	0.571	0.554	
TEST set, F1 :	0.757	0.280	0.587	0.541	
TEST set, AUC:	0.838	0.658	0.839	0.778	
TEST set, ACC:	0.715	0.704	0.827	0.749	
TEST set, SPE:	0.542	0.908	0.897	0.782	
[21-02-13 17:53:43-INFO] BEST_RECALL: 0.588, EPOCH:  19
[21-02-13 18:01:36-INFO] EPOCH: 22
[21-02-13 18:01:36-INFO] TRAIN_LOSS : 0.410, TIME: 472.7s
[21-02-13 18:02:14-INFO] VAL _RECALL: 0.927, TIME: 38.8s
[21-02-13 18:02:14-DEBUG] 
VAL  set, TITLE	CLS0	CLS1	CLS2	MEAN
VAL  set, REC:	0.955	0.839	0.986	0.927	
VAL  set, F1 :	0.966	0.870	0.940	0.925	
VAL  set, AUC:	0.996	0.968	0.993	0.986	
VAL  set, ACC:	0.965	0.946	0.965	0.959	
VAL  set, SPE:	0.976	0.975	0.957	0.970	
[21-02-13 18:02:53-INFO] TEST_RECALL: 0.558, TIME: 39.0s
[21-02-13 18:02:53-DEBUG] 
TEST set, TITLE	CLS0	CLS1	CLS2	MEAN
TEST set, REC:	0.698	0.440	0.536	0.558	
TEST set, F1 :	0.747	0.431	0.476	0.551	
TEST set, AUC:	0.853	0.643	0.779	0.758	
TEST set, ACC:	0.765	0.665	0.746	0.726	
TEST set, SPE:	0.832	0.757	0.804	0.798	
[21-02-13 18:02:55-INFO] BEST_RECALL: 0.588, EPOCH:  19
[21-02-13 18:10:47-INFO] EPOCH: 23
[21-02-13 18:10:47-INFO] TRAIN_LOSS : 0.344, TIME: 472.4s
[21-02-13 18:11:26-INFO] VAL _RECALL: 0.957, TIME: 38.7s
[21-02-13 18:11:26-DEBUG] 
VAL  set, TITLE	CLS0	CLS1	CLS2	MEAN
VAL  set, REC:	1.000	0.929	0.944	0.957	
VAL  set, F1 :	0.974	0.954	0.971	0.966	
VAL  set, AUC:	0.988	0.986	0.994	0.989	
VAL  set, ACC:	0.973	0.981	0.985	0.979	
VAL  set, SPE:	0.945	0.995	1.000	0.980	
[21-02-13 18:12:05-INFO] TEST_RECALL: 0.549, TIME: 39.0s
[21-02-13 18:12:05-DEBUG] 
TEST set, TITLE	CLS0	CLS1	CLS2	MEAN
TEST set, REC:	0.845	0.320	0.482	0.549	
TEST set, F1 :	0.760	0.364	0.535	0.553	
TEST set, AUC:	0.830	0.699	0.849	0.793	
TEST set, ACC:	0.735	0.677	0.819	0.744	
TEST set, SPE:	0.626	0.822	0.912	0.786	
[21-02-13 18:12:06-INFO] BEST_RECALL: 0.588, EPOCH:  19
[21-02-13 18:19:58-INFO] EPOCH: 24
[21-02-13 18:19:59-INFO] TRAIN_LOSS : 0.246, TIME: 472.1s
[21-02-13 18:20:37-INFO] VAL _RECALL: 0.940, TIME: 38.8s
[21-02-13 18:20:37-DEBUG] 
VAL  set, TITLE	CLS0	CLS1	CLS2	MEAN
VAL  set, REC:	1.000	0.821	1.000	0.940	
VAL  set, F1 :	0.989	0.902	0.953	0.948	
VAL  set, AUC:	0.999	0.997	1.000	0.998	
VAL  set, ACC:	0.988	0.961	0.973	0.974	
VAL  set, SPE:	0.976	1.000	0.963	0.980	
[21-02-13 18:21:16-INFO] TEST_RECALL: 0.578, TIME: 38.9s
[21-02-13 18:21:16-DEBUG] 
TEST set, TITLE	CLS0	CLS1	CLS2	MEAN
TEST set, REC:	0.721	0.333	0.679	0.578	
TEST set, F1 :	0.762	0.360	0.555	0.559	
TEST set, AUC:	0.853	0.639	0.838	0.777	
TEST set, ACC:	0.777	0.658	0.765	0.733	
TEST set, SPE:	0.832	0.789	0.789	0.803	
[21-02-13 18:21:18-INFO] BEST_RECALL: 0.588, EPOCH:  19
[21-02-13 18:29:10-INFO] EPOCH: 25
[21-02-13 18:29:10-INFO] TRAIN_LOSS : 0.248, TIME: 472.1s
[21-02-13 18:29:49-INFO] VAL _RECALL: 0.959, TIME: 38.7s
[21-02-13 18:29:49-DEBUG] 
VAL  set, TITLE	CLS0	CLS1	CLS2	MEAN
VAL  set, REC:	0.932	0.946	1.000	0.959	
VAL  set, F1 :	0.961	0.914	0.973	0.949	
VAL  set, AUC:	0.999	0.994	1.000	0.998	
VAL  set, ACC:	0.961	0.961	0.985	0.969	
VAL  set, SPE:	0.992	0.966	0.979	0.979	
[21-02-13 18:30:28-INFO] TEST_RECALL: 0.592, TIME: 39.0s
[21-02-13 18:30:28-DEBUG] 
TEST set, TITLE	CLS0	CLS1	CLS2	MEAN
TEST set, REC:	0.682	0.307	0.786	0.592	
TEST set, F1 :	0.727	0.365	0.579	0.557	
TEST set, AUC:	0.832	0.620	0.817	0.756	
TEST set, ACC:	0.746	0.692	0.754	0.731	
TEST set, SPE:	0.809	0.849	0.745	0.801	
[21-02-13 18:30:30-INFO] BEST_RECALL: 0.592, EPOCH:  25
[21-02-13 18:38:23-INFO] EPOCH: 26
[21-02-13 18:38:23-INFO] TRAIN_LOSS : 0.173, TIME: 472.3s
[21-02-13 18:39:01-INFO] VAL _RECALL: 0.994, TIME: 38.8s
[21-02-13 18:39:01-DEBUG] 
VAL  set, TITLE	CLS0	CLS1	CLS2	MEAN
VAL  set, REC:	1.000	0.982	1.000	0.994	
VAL  set, F1 :	1.000	0.991	0.993	0.995	
VAL  set, AUC:	1.000	1.000	1.000	1.000	
VAL  set, ACC:	1.000	0.996	0.996	0.997	
VAL  set, SPE:	1.000	1.000	0.995	0.998	
[21-02-13 18:39:40-INFO] TEST_RECALL: 0.647, TIME: 39.0s
[21-02-13 18:39:40-DEBUG] 
TEST set, TITLE	CLS0	CLS1	CLS2	MEAN
TEST set, REC:	0.775	0.613	0.554	0.647	
TEST set, F1 :	0.775	0.561	0.633	0.656	
TEST set, AUC:	0.838	0.720	0.865	0.808	
TEST set, ACC:	0.777	0.723	0.862	0.787	
TEST set, SPE:	0.779	0.768	0.946	0.831	
[21-02-13 18:39:43-INFO] BEST_RECALL: 0.647, EPOCH:  26
[21-02-13 18:47:35-INFO] EPOCH: 27
[21-02-13 18:47:35-INFO] TRAIN_LOSS : 0.143, TIME: 472.2s
[21-02-13 18:48:14-INFO] VAL _RECALL: 0.837, TIME: 38.6s
[21-02-13 18:48:14-DEBUG] 
VAL  set, TITLE	CLS0	CLS1	CLS2	MEAN
VAL  set, REC:	0.530	0.982	1.000	0.837	
VAL  set, F1 :	0.693	0.640	0.986	0.773	
VAL  set, AUC:	0.999	0.973	1.000	0.991	
VAL  set, ACC:	0.761	0.761	0.992	0.838	
VAL  set, SPE:	1.000	0.700	0.989	0.896	
[21-02-13 18:48:53-INFO] TEST_RECALL: 0.537, TIME: 39.0s
[21-02-13 18:48:53-DEBUG] 
TEST set, TITLE	CLS0	CLS1	CLS2	MEAN
TEST set, REC:	0.310	0.640	0.661	0.537	
TEST set, F1 :	0.457	0.423	0.627	0.502	
TEST set, AUC:	0.816	0.552	0.853	0.741	
TEST set, ACC:	0.635	0.496	0.831	0.654	
TEST set, SPE:	0.954	0.438	0.877	0.756	
[21-02-13 18:48:54-INFO] BEST_RECALL: 0.647, EPOCH:  26
[21-02-13 18:56:47-INFO] EPOCH: 28
[21-02-13 18:56:47-INFO] TRAIN_LOSS : 0.170, TIME: 472.6s
[21-02-13 18:57:26-INFO] VAL _RECALL: 0.974, TIME: 38.7s
[21-02-13 18:57:26-DEBUG] 
VAL  set, TITLE	CLS0	CLS1	CLS2	MEAN
VAL  set, REC:	0.955	0.982	0.986	0.974	
VAL  set, F1 :	0.977	0.948	0.972	0.966	
VAL  set, AUC:	1.000	0.999	1.000	1.000	
VAL  set, ACC:	0.977	0.977	0.985	0.979	
VAL  set, SPE:	1.000	0.975	0.984	0.986	
[21-02-13 18:58:05-INFO] TEST_RECALL: 0.610, TIME: 39.1s
[21-02-13 18:58:05-DEBUG] 
TEST set, TITLE	CLS0	CLS1	CLS2	MEAN
TEST set, REC:	0.721	0.413	0.696	0.610	
TEST set, F1 :	0.738	0.434	0.624	0.599	
TEST set, AUC:	0.827	0.661	0.860	0.782	
TEST set, ACC:	0.746	0.688	0.819	0.751	
TEST set, SPE:	0.771	0.800	0.853	0.808	
[21-02-13 18:58:06-INFO] BEST_RECALL: 0.647, EPOCH:  26
[21-02-13 19:05:59-INFO] EPOCH: 29
[21-02-13 19:05:59-INFO] TRAIN_LOSS : 0.123, TIME: 472.6s
[21-02-13 19:06:38-INFO] VAL _RECALL: 0.893, TIME: 38.8s
[21-02-13 19:06:38-DEBUG] 
VAL  set, TITLE	CLS0	CLS1	CLS2	MEAN
VAL  set, REC:	0.962	1.000	0.718	0.893	
VAL  set, F1 :	0.973	0.830	0.836	0.880	
VAL  set, AUC:	0.997	0.998	0.999	0.998	
VAL  set, ACC:	0.973	0.911	0.923	0.936	
VAL  set, SPE:	0.984	0.887	1.000	0.957	
[21-02-13 19:07:17-INFO] TEST_RECALL: 0.524, TIME: 39.1s
[21-02-13 19:07:17-DEBUG] 
TEST set, TITLE	CLS0	CLS1	CLS2	MEAN
TEST set, REC:	0.721	0.600	0.250	0.524	
TEST set, F1 :	0.732	0.476	0.364	0.524	
TEST set, AUC:	0.819	0.667	0.836	0.774	
TEST set, ACC:	0.738	0.619	0.812	0.723	
TEST set, SPE:	0.756	0.627	0.966	0.783	
[21-02-13 19:07:18-INFO] BEST_RECALL: 0.647, EPOCH:  26
[21-02-13 19:15:10-INFO] EPOCH: 30
[21-02-13 19:15:10-INFO] TRAIN_LOSS : 0.099, TIME: 472.1s
[21-02-13 19:15:49-INFO] VAL _RECALL: 0.989, TIME: 38.8s
[21-02-13 19:15:49-DEBUG] 
VAL  set, TITLE	CLS0	CLS1	CLS2	MEAN
VAL  set, REC:	1.000	0.982	0.986	0.989	
VAL  set, F1 :	0.996	0.982	0.993	0.990	
VAL  set, AUC:	1.000	1.000	1.000	1.000	
VAL  set, ACC:	0.996	0.992	0.996	0.995	
VAL  set, SPE:	0.992	0.995	1.000	0.996	
[21-02-13 19:16:28-INFO] TEST_RECALL: 0.548, TIME: 39.1s
[21-02-13 19:16:28-DEBUG] 
TEST set, TITLE	CLS0	CLS1	CLS2	MEAN
TEST set, REC:	0.775	0.387	0.482	0.548	
TEST set, F1 :	0.730	0.397	0.540	0.556	
TEST set, AUC:	0.806	0.643	0.858	0.769	
TEST set, ACC:	0.715	0.662	0.823	0.733	
TEST set, SPE:	0.656	0.773	0.917	0.782	
[21-02-13 19:16:30-INFO] BEST_RECALL: 0.647, EPOCH:  26
[21-02-13 19:24:22-INFO] EPOCH: 31
[21-02-13 19:24:22-INFO] TRAIN_LOSS : 0.119, TIME: 472.5s
[21-02-13 19:25:01-INFO] VAL _RECALL: 0.967, TIME: 38.9s
[21-02-13 19:25:01-DEBUG] 
VAL  set, TITLE	CLS0	CLS1	CLS2	MEAN
VAL  set, REC:	0.902	1.000	1.000	0.967	
VAL  set, F1 :	0.948	0.903	0.993	0.948	
VAL  set, AUC:	0.999	0.998	1.000	0.999	
VAL  set, ACC:	0.950	0.954	0.996	0.967	
VAL  set, SPE:	1.000	0.941	0.995	0.979	
[21-02-13 19:25:40-INFO] TEST_RECALL: 0.597, TIME: 39.0s
[21-02-13 19:25:40-DEBUG] 
TEST set, TITLE	CLS0	CLS1	CLS2	MEAN
TEST set, REC:	0.589	0.453	0.750	0.597	
TEST set, F1 :	0.697	0.410	0.618	0.575	
TEST set, AUC:	0.833	0.594	0.855	0.761	
TEST set, ACC:	0.746	0.623	0.800	0.723	
TEST set, SPE:	0.901	0.692	0.814	0.802	
[21-02-13 19:25:41-INFO] BEST_RECALL: 0.647, EPOCH:  26
[21-02-13 19:33:34-INFO] EPOCH: 32
[21-02-13 19:33:34-INFO] TRAIN_LOSS : 0.072, TIME: 472.6s
[21-02-13 19:34:13-INFO] VAL _RECALL: 1.000, TIME: 38.9s
[21-02-13 19:34:13-DEBUG] 
VAL  set, TITLE	CLS0	CLS1	CLS2	MEAN
VAL  set, REC:	1.000	1.000	1.000	1.000	
VAL  set, F1 :	1.000	1.000	1.000	1.000	
VAL  set, AUC:	1.000	1.000	1.000	1.000	
VAL  set, ACC:	1.000	1.000	1.000	1.000	
VAL  set, SPE:	1.000	1.000	1.000	1.000	
[21-02-13 19:34:52-INFO] TEST_RECALL: 0.563, TIME: 39.1s
[21-02-13 19:34:52-DEBUG] 
TEST set, TITLE	CLS0	CLS1	CLS2	MEAN
TEST set, REC:	0.775	0.307	0.607	0.563	
TEST set, F1 :	0.741	0.336	0.602	0.559	
TEST set, AUC:	0.819	0.650	0.855	0.775	
TEST set, ACC:	0.731	0.650	0.827	0.736	
TEST set, SPE:	0.687	0.789	0.887	0.788	
[21-02-13 19:34:53-INFO] BEST_RECALL: 0.647, EPOCH:  26
[21-02-13 19:42:46-INFO] EPOCH: 33
[21-02-13 19:42:46-INFO] TRAIN_LOSS : 0.056, TIME: 472.5s
[21-02-13 19:43:25-INFO] VAL _RECALL: 0.981, TIME: 38.9s
[21-02-13 19:43:25-DEBUG] 
VAL  set, TITLE	CLS0	CLS1	CLS2	MEAN
VAL  set, REC:	0.962	0.982	1.000	0.981	
VAL  set, F1 :	0.981	0.965	0.979	0.975	
VAL  set, AUC:	1.000	0.999	1.000	1.000	
VAL  set, ACC:	0.981	0.985	0.988	0.985	
VAL  set, SPE:	1.000	0.985	0.984	0.990	
[21-02-13 19:44:04-INFO] TEST_RECALL: 0.587, TIME: 39.2s
[21-02-13 19:44:04-DEBUG] 
TEST set, TITLE	CLS0	CLS1	CLS2	MEAN
TEST set, REC:	0.535	0.387	0.839	0.587	
TEST set, F1 :	0.660	0.384	0.587	0.544	
TEST set, AUC:	0.835	0.577	0.826	0.746	
TEST set, ACC:	0.727	0.642	0.746	0.705	
TEST set, SPE:	0.916	0.746	0.721	0.794	
[21-02-13 19:44:05-INFO] BEST_RECALL: 0.647, EPOCH:  26
[21-02-13 19:51:58-INFO] EPOCH: 34
[21-02-13 19:51:58-INFO] TRAIN_LOSS : 0.110, TIME: 472.1s
[21-02-13 19:52:36-INFO] VAL _RECALL: 0.981, TIME: 38.8s
[21-02-13 19:52:36-DEBUG] 
VAL  set, TITLE	CLS0	CLS1	CLS2	MEAN
VAL  set, REC:	0.962	0.982	1.000	0.981	
VAL  set, F1 :	0.981	0.991	0.959	0.977	
VAL  set, AUC:	1.000	1.000	1.000	1.000	
VAL  set, ACC:	0.981	0.996	0.977	0.985	
VAL  set, SPE:	1.000	1.000	0.968	0.989	
[21-02-13 19:53:15-INFO] TEST_RECALL: 0.524, TIME: 39.1s
[21-02-13 19:53:15-DEBUG] 
TEST set, TITLE	CLS0	CLS1	CLS2	MEAN
TEST set, REC:	0.566	0.347	0.661	0.524	
TEST set, F1 :	0.655	0.351	0.497	0.501	
TEST set, AUC:	0.822	0.612	0.785	0.740	
TEST set, ACC:	0.704	0.631	0.712	0.682	
TEST set, SPE:	0.840	0.746	0.725	0.770	
[21-02-13 19:53:17-INFO] BEST_RECALL: 0.647, EPOCH:  26
[21-02-13 20:01:09-INFO] EPOCH: 35
[21-02-13 20:01:09-INFO] TRAIN_LOSS : 0.032, TIME: 472.1s
[21-02-13 20:01:48-INFO] VAL _RECALL: 1.000, TIME: 38.7s
[21-02-13 20:01:48-DEBUG] 
VAL  set, TITLE	CLS0	CLS1	CLS2	MEAN
VAL  set, REC:	1.000	1.000	1.000	1.000	
VAL  set, F1 :	1.000	1.000	1.000	1.000	
VAL  set, AUC:	1.000	1.000	1.000	1.000	
VAL  set, ACC:	1.000	1.000	1.000	1.000	
VAL  set, SPE:	1.000	1.000	1.000	1.000	
[21-02-13 20:02:27-INFO] TEST_RECALL: 0.583, TIME: 39.0s
[21-02-13 20:02:27-DEBUG] 
TEST set, TITLE	CLS0	CLS1	CLS2	MEAN
TEST set, REC:	0.829	0.293	0.625	0.583	
TEST set, F1 :	0.759	0.358	0.609	0.575	
TEST set, AUC:	0.843	0.688	0.866	0.799	
TEST set, ACC:	0.738	0.696	0.827	0.754	
TEST set, SPE:	0.649	0.859	0.882	0.797	
[21-02-13 20:02:28-INFO] BEST_RECALL: 0.647, EPOCH:  26
[21-02-13 20:10:20-INFO] EPOCH: 36
[21-02-13 20:10:20-INFO] TRAIN_LOSS : 0.058, TIME: 471.9s
[21-02-13 20:10:58-INFO] VAL _RECALL: 0.975, TIME: 38.5s
[21-02-13 20:10:58-DEBUG] 
VAL  set, TITLE	CLS0	CLS1	CLS2	MEAN
VAL  set, REC:	0.924	1.000	1.000	0.975	
VAL  set, F1 :	0.961	0.941	0.979	0.960	
VAL  set, AUC:	1.000	0.999	1.000	1.000	
VAL  set, ACC:	0.961	0.973	0.988	0.974	
VAL  set, SPE:	1.000	0.966	0.984	0.983	
[21-02-13 20:11:37-INFO] TEST_RECALL: 0.527, TIME: 39.0s
[21-02-13 20:11:37-DEBUG] 
TEST set, TITLE	CLS0	CLS1	CLS2	MEAN
TEST set, REC:	0.512	0.427	0.643	0.527	
TEST set, F1 :	0.629	0.366	0.533	0.509	
TEST set, AUC:	0.836	0.584	0.799	0.740	
TEST set, ACC:	0.700	0.573	0.758	0.677	
TEST set, SPE:	0.885	0.632	0.789	0.769	
[21-02-13 20:11:39-INFO] BEST_RECALL: 0.647, EPOCH:  26
[21-02-13 20:19:31-INFO] EPOCH: 37
[21-02-13 20:19:31-INFO] TRAIN_LOSS : 0.063, TIME: 471.7s
[21-02-13 20:20:09-INFO] VAL _RECALL: 0.994, TIME: 38.6s
[21-02-13 20:20:09-DEBUG] 
VAL  set, TITLE	CLS0	CLS1	CLS2	MEAN
VAL  set, REC:	1.000	0.982	1.000	0.994	
VAL  set, F1 :	1.000	0.991	0.993	0.995	
VAL  set, AUC:	1.000	1.000	1.000	1.000	
VAL  set, ACC:	1.000	0.996	0.996	0.997	
VAL  set, SPE:	1.000	1.000	0.995	0.998	
[21-02-13 20:20:48-INFO] TEST_RECALL: 0.597, TIME: 39.1s
[21-02-13 20:20:48-DEBUG] 
TEST set, TITLE	CLS0	CLS1	CLS2	MEAN
TEST set, REC:	0.713	0.347	0.732	0.597	
TEST set, F1 :	0.751	0.382	0.590	0.574	
TEST set, AUC:	0.849	0.661	0.840	0.783	
TEST set, ACC:	0.765	0.677	0.781	0.741	
TEST set, SPE:	0.817	0.811	0.794	0.807	
[21-02-13 20:20:50-INFO] BEST_RECALL: 0.647, EPOCH:  26
[21-02-13 20:28:41-INFO] EPOCH: 38
[21-02-13 20:28:41-INFO] TRAIN_LOSS : 0.051, TIME: 471.5s
[21-02-13 20:29:20-INFO] VAL _RECALL: 1.000, TIME: 38.8s
[21-02-13 20:29:20-DEBUG] 
VAL  set, TITLE	CLS0	CLS1	CLS2	MEAN
VAL  set, REC:	1.000	1.000	1.000	1.000	
VAL  set, F1 :	1.000	1.000	1.000	1.000	
VAL  set, AUC:	1.000	1.000	1.000	1.000	
VAL  set, ACC:	1.000	1.000	1.000	1.000	
VAL  set, SPE:	1.000	1.000	1.000	1.000	
[21-02-13 20:29:59-INFO] TEST_RECALL: 0.604, TIME: 39.0s
[21-02-13 20:29:59-DEBUG] 
TEST set, TITLE	CLS0	CLS1	CLS2	MEAN
TEST set, REC:	0.853	0.333	0.625	0.604	
TEST set, F1 :	0.780	0.394	0.631	0.601	
TEST set, AUC:	0.810	0.666	0.867	0.781	
TEST set, ACC:	0.762	0.704	0.842	0.769	
TEST set, SPE:	0.672	0.854	0.902	0.809	
[21-02-13 20:30:00-INFO] BEST_RECALL: 0.647, EPOCH:  26
[21-02-13 20:37:52-INFO] EPOCH: 39
[21-02-13 20:37:52-INFO] TRAIN_LOSS : 0.043, TIME: 471.4s
[21-02-13 20:38:31-INFO] VAL _RECALL: 0.995, TIME: 38.7s
[21-02-13 20:38:31-DEBUG] 
VAL  set, TITLE	CLS0	CLS1	CLS2	MEAN
VAL  set, REC:	1.000	1.000	0.986	0.995	
VAL  set, F1 :	1.000	0.991	0.993	0.995	
VAL  set, AUC:	1.000	1.000	1.000	1.000	
VAL  set, ACC:	1.000	0.996	0.996	0.997	
VAL  set, SPE:	1.000	0.995	1.000	0.998	
[21-02-13 20:39:10-INFO] TEST_RECALL: 0.571, TIME: 39.0s
[21-02-13 20:39:10-DEBUG] 
TEST set, TITLE	CLS0	CLS1	CLS2	MEAN
TEST set, REC:	0.814	0.400	0.500	0.571	
TEST set, F1 :	0.761	0.432	0.533	0.575	
TEST set, AUC:	0.824	0.670	0.832	0.775	
TEST set, ACC:	0.746	0.696	0.812	0.751	
TEST set, SPE:	0.679	0.816	0.897	0.798	
[21-02-13 20:39:11-INFO] BEST_RECALL: 0.647, EPOCH:  26
[21-02-13 20:47:03-INFO] EPOCH: 40
[21-02-13 20:47:03-INFO] TRAIN_LOSS : 0.113, TIME: 471.8s
[21-02-13 20:47:41-INFO] VAL _RECALL: 0.988, TIME: 38.6s
[21-02-13 20:47:41-DEBUG] 
VAL  set, TITLE	CLS0	CLS1	CLS2	MEAN
VAL  set, REC:	1.000	0.964	1.000	0.988	
VAL  set, F1 :	0.992	0.982	1.000	0.991	
VAL  set, AUC:	1.000	0.998	1.000	0.999	
VAL  set, ACC:	0.992	0.992	1.000	0.995	
VAL  set, SPE:	0.984	1.000	1.000	0.995	
[21-02-13 20:48:20-INFO] TEST_RECALL: 0.560, TIME: 38.9s
[21-02-13 20:48:20-DEBUG] 
TEST set, TITLE	CLS0	CLS1	CLS2	MEAN
TEST set, REC:	0.868	0.240	0.571	0.560	
TEST set, F1 :	0.759	0.310	0.587	0.552	
TEST set, AUC:	0.820	0.652	0.833	0.768	
TEST set, ACC:	0.727	0.692	0.827	0.749	
TEST set, SPE:	0.588	0.876	0.897	0.787	
[21-02-13 20:48:22-INFO] BEST_RECALL: 0.647, EPOCH:  26
[21-02-13 20:56:13-INFO] EPOCH: 41
[21-02-13 20:56:13-INFO] TRAIN_LOSS : 0.052, TIME: 471.5s
[21-02-13 20:56:52-INFO] VAL _RECALL: 0.977, TIME: 38.7s
[21-02-13 20:56:52-DEBUG] 
VAL  set, TITLE	CLS0	CLS1	CLS2	MEAN
VAL  set, REC:	1.000	0.946	0.986	0.977	
VAL  set, F1 :	0.989	0.972	0.986	0.982	
VAL  set, AUC:	1.000	1.000	1.000	1.000	
VAL  set, ACC:	0.988	0.988	0.992	0.990	
VAL  set, SPE:	0.976	1.000	0.995	0.990	
[21-02-13 20:57:31-INFO] TEST_RECALL: 0.558, TIME: 39.0s
[21-02-13 20:57:31-DEBUG] 
TEST set, TITLE	CLS0	CLS1	CLS2	MEAN
TEST set, REC:	0.907	0.160	0.607	0.558	
TEST set, F1 :	0.775	0.224	0.613	0.537	
TEST set, AUC:	0.867	0.707	0.856	0.810	
TEST set, ACC:	0.738	0.681	0.835	0.751	
TEST set, SPE:	0.573	0.892	0.897	0.787	
[21-02-13 20:57:32-INFO] BEST_RECALL: 0.647, EPOCH:  26
[21-02-13 21:05:24-INFO] EPOCH: 42
[21-02-13 21:05:24-INFO] TRAIN_LOSS : 0.016, TIME: 471.4s
[21-02-13 21:06:02-INFO] VAL _RECALL: 1.000, TIME: 38.8s
[21-02-13 21:06:02-DEBUG] 
VAL  set, TITLE	CLS0	CLS1	CLS2	MEAN
VAL  set, REC:	1.000	1.000	1.000	1.000	
VAL  set, F1 :	1.000	1.000	1.000	1.000	
VAL  set, AUC:	1.000	1.000	1.000	1.000	
VAL  set, ACC:	1.000	1.000	1.000	1.000	
VAL  set, SPE:	1.000	1.000	1.000	1.000	
[21-02-13 21:06:41-INFO] TEST_RECALL: 0.613, TIME: 39.0s
[21-02-13 21:06:42-DEBUG] 
TEST set, TITLE	CLS0	CLS1	CLS2	MEAN
TEST set, REC:	0.806	0.427	0.607	0.613	
TEST set, F1 :	0.791	0.451	0.591	0.611	
TEST set, AUC:	0.845	0.681	0.856	0.794	
TEST set, ACC:	0.788	0.700	0.819	0.769	
TEST set, SPE:	0.771	0.811	0.877	0.820	
[21-02-13 21:06:43-INFO] BEST_RECALL: 0.647, EPOCH:  26
[21-02-13 21:14:34-INFO] EPOCH: 43
[21-02-13 21:14:34-INFO] TRAIN_LOSS : 0.004, TIME: 471.0s
[21-02-13 21:15:13-INFO] VAL _RECALL: 1.000, TIME: 38.6s
[21-02-13 21:15:13-DEBUG] 
VAL  set, TITLE	CLS0	CLS1	CLS2	MEAN
VAL  set, REC:	1.000	1.000	1.000	1.000	
VAL  set, F1 :	1.000	1.000	1.000	1.000	
VAL  set, AUC:	1.000	1.000	1.000	1.000	
VAL  set, ACC:	1.000	1.000	1.000	1.000	
VAL  set, SPE:	1.000	1.000	1.000	1.000	
[21-02-13 21:15:52-INFO] TEST_RECALL: 0.578, TIME: 39.0s
[21-02-13 21:15:52-DEBUG] 
TEST set, TITLE	CLS0	CLS1	CLS2	MEAN
TEST set, REC:	0.868	0.240	0.625	0.578	
TEST set, F1 :	0.780	0.303	0.614	0.566	
TEST set, AUC:	0.845	0.682	0.868	0.799	
TEST set, ACC:	0.758	0.681	0.831	0.756	
TEST set, SPE:	0.649	0.859	0.887	0.799	
[21-02-13 21:15:53-INFO] BEST_RECALL: 0.647, EPOCH:  26
[21-02-13 21:23:44-INFO] EPOCH: 44
[21-02-13 21:23:44-INFO] TRAIN_LOSS : 0.002, TIME: 470.8s
[21-02-13 21:24:23-INFO] VAL _RECALL: 1.000, TIME: 38.8s
[21-02-13 21:24:23-DEBUG] 
VAL  set, TITLE	CLS0	CLS1	CLS2	MEAN
VAL  set, REC:	1.000	1.000	1.000	1.000	
VAL  set, F1 :	1.000	1.000	1.000	1.000	
VAL  set, AUC:	1.000	1.000	1.000	1.000	
VAL  set, ACC:	1.000	1.000	1.000	1.000	
VAL  set, SPE:	1.000	1.000	1.000	1.000	
[21-02-13 21:25:02-INFO] TEST_RECALL: 0.592, TIME: 39.0s
[21-02-13 21:25:02-DEBUG] 
TEST set, TITLE	CLS0	CLS1	CLS2	MEAN
TEST set, REC:	0.853	0.280	0.643	0.592	
TEST set, F1 :	0.786	0.350	0.600	0.579	
TEST set, AUC:	0.849	0.668	0.857	0.791	
TEST set, ACC:	0.769	0.700	0.815	0.762	
TEST set, SPE:	0.687	0.870	0.863	0.807	
[21-02-13 21:25:03-INFO] BEST_RECALL: 0.647, EPOCH:  26
[21-02-13 21:32:54-INFO] EPOCH: 45
[21-02-13 21:32:54-INFO] TRAIN_LOSS : 0.002, TIME: 470.8s
[21-02-13 21:33:32-INFO] VAL _RECALL: 1.000, TIME: 38.6s
[21-02-13 21:33:32-DEBUG] 
VAL  set, TITLE	CLS0	CLS1	CLS2	MEAN
VAL  set, REC:	1.000	1.000	1.000	1.000	
VAL  set, F1 :	1.000	1.000	1.000	1.000	
VAL  set, AUC:	1.000	1.000	1.000	1.000	
VAL  set, ACC:	1.000	1.000	1.000	1.000	
VAL  set, SPE:	1.000	1.000	1.000	1.000	
[21-02-13 21:34:11-INFO] TEST_RECALL: 0.590, TIME: 39.0s
[21-02-13 21:34:11-DEBUG] 
TEST set, TITLE	CLS0	CLS1	CLS2	MEAN
TEST set, REC:	0.829	0.333	0.607	0.590	
TEST set, F1 :	0.778	0.388	0.586	0.584	
TEST set, AUC:	0.837	0.662	0.845	0.781	
TEST set, ACC:	0.765	0.696	0.815	0.759	
TEST set, SPE:	0.702	0.843	0.873	0.806	
[21-02-13 21:34:13-INFO] BEST_RECALL: 0.647, EPOCH:  26
[21-02-13 21:42:04-INFO] EPOCH: 46
[21-02-13 21:42:04-INFO] TRAIN_LOSS : 0.090, TIME: 471.5s
[21-02-13 21:42:43-INFO] VAL _RECALL: 0.973, TIME: 38.7s
[21-02-13 21:42:43-DEBUG] 
VAL  set, TITLE	CLS0	CLS1	CLS2	MEAN
VAL  set, REC:	0.970	0.964	0.986	0.973	
VAL  set, F1 :	0.981	0.947	0.979	0.969	
VAL  set, AUC:	0.999	0.994	0.998	0.997	
VAL  set, ACC:	0.981	0.977	0.988	0.982	
VAL  set, SPE:	0.992	0.980	0.989	0.987	
[21-02-13 21:43:22-INFO] TEST_RECALL: 0.580, TIME: 39.1s
[21-02-13 21:43:22-DEBUG] 
TEST set, TITLE	CLS0	CLS1	CLS2	MEAN
TEST set, REC:	0.767	0.400	0.571	0.580	
TEST set, F1 :	0.756	0.414	0.566	0.579	
TEST set, AUC:	0.819	0.628	0.842	0.763	
TEST set, ACC:	0.754	0.673	0.812	0.746	
TEST set, SPE:	0.740	0.784	0.877	0.801	
[21-02-13 21:43:24-INFO] BEST_RECALL: 0.647, EPOCH:  26
[21-02-13 21:51:15-INFO] EPOCH: 47
[21-02-13 21:51:15-INFO] TRAIN_LOSS : 0.116, TIME: 471.8s
[21-02-13 21:51:54-INFO] VAL _RECALL: 1.000, TIME: 38.8s
[21-02-13 21:51:54-DEBUG] 
VAL  set, TITLE	CLS0	CLS1	CLS2	MEAN
VAL  set, REC:	1.000	1.000	1.000	1.000	
VAL  set, F1 :	1.000	1.000	1.000	1.000	
VAL  set, AUC:	1.000	1.000	1.000	1.000	
VAL  set, ACC:	1.000	1.000	1.000	1.000	
VAL  set, SPE:	1.000	1.000	1.000	1.000	
[21-02-13 21:52:33-INFO] TEST_RECALL: 0.597, TIME: 39.1s
[21-02-13 21:52:33-DEBUG] 
TEST set, TITLE	CLS0	CLS1	CLS2	MEAN
TEST set, REC:	0.690	0.440	0.661	0.597	
TEST set, F1 :	0.730	0.431	0.602	0.588	
TEST set, AUC:	0.821	0.630	0.844	0.765	
TEST set, ACC:	0.746	0.665	0.812	0.741	
TEST set, SPE:	0.802	0.757	0.853	0.804	
[21-02-13 21:52:35-INFO] BEST_RECALL: 0.647, EPOCH:  26
[21-02-13 22:00:26-INFO] EPOCH: 48
[21-02-13 22:00:26-INFO] TRAIN_LOSS : 0.038, TIME: 471.4s
[21-02-13 22:01:05-INFO] VAL _RECALL: 1.000, TIME: 38.6s
[21-02-13 22:01:05-DEBUG] 
VAL  set, TITLE	CLS0	CLS1	CLS2	MEAN
VAL  set, REC:	1.000	1.000	1.000	1.000	
VAL  set, F1 :	1.000	1.000	1.000	1.000	
VAL  set, AUC:	1.000	1.000	1.000	1.000	
VAL  set, ACC:	1.000	1.000	1.000	1.000	
VAL  set, SPE:	1.000	1.000	1.000	1.000	
[21-02-13 22:01:44-INFO] TEST_RECALL: 0.588, TIME: 38.9s
[21-02-13 22:01:44-DEBUG] 
TEST set, TITLE	CLS0	CLS1	CLS2	MEAN
TEST set, REC:	0.690	0.360	0.714	0.588	
TEST set, F1 :	0.721	0.378	0.615	0.571	
TEST set, AUC:	0.815	0.638	0.828	0.760	
TEST set, ACC:	0.735	0.658	0.808	0.733	
TEST set, SPE:	0.779	0.778	0.833	0.797	
[21-02-13 22:01:45-INFO] BEST_RECALL: 0.647, EPOCH:  26
[21-02-13 22:09:36-INFO] EPOCH: 49
[21-02-13 22:09:37-INFO] TRAIN_LOSS : 0.018, TIME: 471.6s
[21-02-13 22:10:15-INFO] VAL _RECALL: 1.000, TIME: 38.8s
[21-02-13 22:10:15-DEBUG] 
VAL  set, TITLE	CLS0	CLS1	CLS2	MEAN
VAL  set, REC:	1.000	1.000	1.000	1.000	
VAL  set, F1 :	1.000	1.000	1.000	1.000	
VAL  set, AUC:	1.000	1.000	1.000	1.000	
VAL  set, ACC:	1.000	1.000	1.000	1.000	
VAL  set, SPE:	1.000	1.000	1.000	1.000	
[21-02-13 22:10:54-INFO] TEST_RECALL: 0.592, TIME: 39.0s
[21-02-13 22:10:54-DEBUG] 
TEST set, TITLE	CLS0	CLS1	CLS2	MEAN
TEST set, REC:	0.736	0.360	0.679	0.592	
TEST set, F1 :	0.754	0.378	0.608	0.580	
TEST set, AUC:	0.833	0.635	0.830	0.766	
TEST set, ACC:	0.762	0.658	0.812	0.744	
TEST set, SPE:	0.786	0.778	0.848	0.804	
[21-02-13 22:10:56-INFO] BEST_RECALL: 0.647, EPOCH:  26
[21-02-13 22:18:47-INFO] EPOCH: 50
[21-02-13 22:18:47-INFO] TRAIN_LOSS : 0.009, TIME: 471.1s
[21-02-13 22:19:26-INFO] VAL _RECALL: 1.000, TIME: 38.8s
[21-02-13 22:19:26-DEBUG] 
VAL  set, TITLE	CLS0	CLS1	CLS2	MEAN
VAL  set, REC:	1.000	1.000	1.000	1.000	
VAL  set, F1 :	1.000	1.000	1.000	1.000	
VAL  set, AUC:	1.000	1.000	1.000	1.000	
VAL  set, ACC:	1.000	1.000	1.000	1.000	
VAL  set, SPE:	1.000	1.000	1.000	1.000	
[21-02-13 22:20:05-INFO] TEST_RECALL: 0.575, TIME: 39.0s
[21-02-13 22:20:05-DEBUG] 
TEST set, TITLE	CLS0	CLS1	CLS2	MEAN
TEST set, REC:	0.829	0.253	0.643	0.575	
TEST set, F1 :	0.756	0.309	0.632	0.566	
TEST set, AUC:	0.826	0.645	0.844	0.772	
TEST set, ACC:	0.735	0.673	0.838	0.749	
TEST set, SPE:	0.641	0.843	0.892	0.792	
[21-02-13 22:20:06-INFO] BEST_RECALL: 0.647, EPOCH:  26
[21-02-13 22:27:57-INFO] EPOCH: 51
[21-02-13 22:27:57-INFO] TRAIN_LOSS : 0.004, TIME: 471.2s
[21-02-13 22:28:36-INFO] VAL _RECALL: 1.000, TIME: 38.7s
[21-02-13 22:28:36-DEBUG] 
VAL  set, TITLE	CLS0	CLS1	CLS2	MEAN
VAL  set, REC:	1.000	1.000	1.000	1.000	
VAL  set, F1 :	1.000	1.000	1.000	1.000	
VAL  set, AUC:	1.000	1.000	1.000	1.000	
VAL  set, ACC:	1.000	1.000	1.000	1.000	
VAL  set, SPE:	1.000	1.000	1.000	1.000	
[21-02-13 22:29:15-INFO] TEST_RECALL: 0.584, TIME: 39.0s
[21-02-13 22:29:15-DEBUG] 
TEST set, TITLE	CLS0	CLS1	CLS2	MEAN
TEST set, REC:	0.860	0.213	0.679	0.584	
TEST set, F1 :	0.784	0.283	0.613	0.560	
TEST set, AUC:	0.838	0.652	0.849	0.780	
TEST set, ACC:	0.765	0.688	0.815	0.756	
TEST set, SPE:	0.672	0.881	0.853	0.802	
[21-02-13 22:29:16-INFO] BEST_RECALL: 0.647, EPOCH:  26
[21-02-13 22:37:07-INFO] EPOCH: 52
[21-02-13 22:37:07-INFO] TRAIN_LOSS : 0.001, TIME: 471.1s
[21-02-13 22:37:46-INFO] VAL _RECALL: 1.000, TIME: 38.7s
[21-02-13 22:37:46-DEBUG] 
VAL  set, TITLE	CLS0	CLS1	CLS2	MEAN
VAL  set, REC:	1.000	1.000	1.000	1.000	
VAL  set, F1 :	1.000	1.000	1.000	1.000	
VAL  set, AUC:	1.000	1.000	1.000	1.000	
VAL  set, ACC:	1.000	1.000	1.000	1.000	
VAL  set, SPE:	1.000	1.000	1.000	1.000	
[21-02-13 22:38:25-INFO] TEST_RECALL: 0.584, TIME: 39.1s
[21-02-13 22:38:25-DEBUG] 
TEST set, TITLE	CLS0	CLS1	CLS2	MEAN
TEST set, REC:	0.884	0.227	0.643	0.584	
TEST set, F1 :	0.784	0.296	0.632	0.570	
TEST set, AUC:	0.832	0.648	0.848	0.776	
TEST set, ACC:	0.758	0.688	0.838	0.762	
TEST set, SPE:	0.634	0.876	0.892	0.800	
[21-02-13 22:38:27-INFO] BEST_RECALL: 0.647, EPOCH:  26
[21-02-13 22:46:18-INFO] EPOCH: 53
[21-02-13 22:46:18-INFO] TRAIN_LOSS : 0.001, TIME: 471.2s
[21-02-13 22:46:57-INFO] VAL _RECALL: 1.000, TIME: 38.8s
[21-02-13 22:46:57-DEBUG] 
VAL  set, TITLE	CLS0	CLS1	CLS2	MEAN
VAL  set, REC:	1.000	1.000	1.000	1.000	
VAL  set, F1 :	1.000	1.000	1.000	1.000	
VAL  set, AUC:	1.000	1.000	1.000	1.000	
VAL  set, ACC:	1.000	1.000	1.000	1.000	
VAL  set, SPE:	1.000	1.000	1.000	1.000	
[21-02-13 22:47:36-INFO] TEST_RECALL: 0.573, TIME: 39.1s
[21-02-13 22:47:36-DEBUG] 
TEST set, TITLE	CLS0	CLS1	CLS2	MEAN
TEST set, REC:	0.814	0.280	0.625	0.573	
TEST set, F1 :	0.755	0.333	0.603	0.564	
TEST set, AUC:	0.830	0.642	0.837	0.770	
TEST set, ACC:	0.738	0.677	0.823	0.746	
TEST set, SPE:	0.664	0.838	0.877	0.793	
[21-02-13 22:47:37-INFO] BEST_RECALL: 0.647, EPOCH:  26
[21-02-13 22:55:28-INFO] EPOCH: 54
[21-02-13 22:55:28-INFO] TRAIN_LOSS : 0.001, TIME: 471.1s
[21-02-13 22:56:07-INFO] VAL _RECALL: 1.000, TIME: 38.8s
[21-02-13 22:56:07-DEBUG] 
VAL  set, TITLE	CLS0	CLS1	CLS2	MEAN
VAL  set, REC:	1.000	1.000	1.000	1.000	
VAL  set, F1 :	1.000	1.000	1.000	1.000	
VAL  set, AUC:	1.000	1.000	1.000	1.000	
VAL  set, ACC:	1.000	1.000	1.000	1.000	
VAL  set, SPE:	1.000	1.000	1.000	1.000	
[21-02-13 22:56:46-INFO] TEST_RECALL: 0.579, TIME: 39.0s
[21-02-13 22:56:46-DEBUG] 
TEST set, TITLE	CLS0	CLS1	CLS2	MEAN
TEST set, REC:	0.822	0.253	0.661	0.579	
TEST set, F1 :	0.760	0.314	0.617	0.564	
TEST set, AUC:	0.830	0.640	0.841	0.770	
TEST set, ACC:	0.742	0.681	0.823	0.749	
TEST set, SPE:	0.664	0.854	0.868	0.795	
[21-02-13 22:56:47-INFO] BEST_RECALL: 0.647, EPOCH:  26
[21-02-13 23:04:38-INFO] EPOCH: 55
[21-02-13 23:04:38-INFO] TRAIN_LOSS : 0.001, TIME: 470.9s
[21-02-13 23:05:17-INFO] VAL _RECALL: 1.000, TIME: 38.7s
[21-02-13 23:05:17-DEBUG] 
VAL  set, TITLE	CLS0	CLS1	CLS2	MEAN
VAL  set, REC:	1.000	1.000	1.000	1.000	
VAL  set, F1 :	1.000	1.000	1.000	1.000	
VAL  set, AUC:	1.000	1.000	1.000	1.000	
VAL  set, ACC:	1.000	1.000	1.000	1.000	
VAL  set, SPE:	1.000	1.000	1.000	1.000	
[21-02-13 23:05:56-INFO] TEST_RECALL: 0.571, TIME: 39.1s
[21-02-13 23:05:56-DEBUG] 
TEST set, TITLE	CLS0	CLS1	CLS2	MEAN
TEST set, REC:	0.829	0.240	0.643	0.571	
TEST set, F1 :	0.756	0.303	0.610	0.556	
TEST set, AUC:	0.827	0.639	0.841	0.769	
TEST set, ACC:	0.735	0.681	0.823	0.746	
TEST set, SPE:	0.641	0.859	0.873	0.791	
[21-02-13 23:05:57-INFO] BEST_RECALL: 0.647, EPOCH:  26
[21-02-13 23:13:48-INFO] EPOCH: 56
[21-02-13 23:13:48-INFO] TRAIN_LOSS : 0.001, TIME: 471.0s
[21-02-13 23:14:27-INFO] VAL _RECALL: 1.000, TIME: 38.9s
[21-02-13 23:14:27-DEBUG] 
VAL  set, TITLE	CLS0	CLS1	CLS2	MEAN
VAL  set, REC:	1.000	1.000	1.000	1.000	
VAL  set, F1 :	1.000	1.000	1.000	1.000	
VAL  set, AUC:	1.000	1.000	1.000	1.000	
VAL  set, ACC:	1.000	1.000	1.000	1.000	
VAL  set, SPE:	1.000	1.000	1.000	1.000	
[21-02-13 23:15:06-INFO] TEST_RECALL: 0.580, TIME: 39.0s
[21-02-13 23:15:06-DEBUG] 
TEST set, TITLE	CLS0	CLS1	CLS2	MEAN
TEST set, REC:	0.814	0.267	0.661	0.580	
TEST set, F1 :	0.755	0.325	0.622	0.567	
TEST set, AUC:	0.826	0.635	0.842	0.768	
TEST set, ACC:	0.738	0.681	0.827	0.749	
TEST set, SPE:	0.664	0.849	0.873	0.795	
[21-02-13 23:15:07-INFO] BEST_RECALL: 0.647, EPOCH:  26
[21-02-13 23:22:58-INFO] EPOCH: 57
[21-02-13 23:22:58-INFO] TRAIN_LOSS : 0.001, TIME: 471.0s
[21-02-13 23:23:37-INFO] VAL _RECALL: 1.000, TIME: 38.6s
[21-02-13 23:23:37-DEBUG] 
VAL  set, TITLE	CLS0	CLS1	CLS2	MEAN
VAL  set, REC:	1.000	1.000	1.000	1.000	
VAL  set, F1 :	1.000	1.000	1.000	1.000	
VAL  set, AUC:	1.000	1.000	1.000	1.000	
VAL  set, ACC:	1.000	1.000	1.000	1.000	
VAL  set, SPE:	1.000	1.000	1.000	1.000	
[21-02-13 23:24:16-INFO] TEST_RECALL: 0.570, TIME: 39.0s
[21-02-13 23:24:16-DEBUG] 
TEST set, TITLE	CLS0	CLS1	CLS2	MEAN
TEST set, REC:	0.837	0.213	0.661	0.570	
TEST set, F1 :	0.753	0.278	0.627	0.553	
TEST set, AUC:	0.829	0.640	0.849	0.773	
TEST set, ACC:	0.727	0.681	0.831	0.746	
TEST set, SPE:	0.618	0.870	0.877	0.789	
[21-02-13 23:24:17-INFO] BEST_RECALL: 0.647, EPOCH:  26
[21-02-13 23:32:08-INFO] EPOCH: 58
[21-02-13 23:32:08-INFO] TRAIN_LOSS : 0.001, TIME: 471.0s
[21-02-13 23:32:47-INFO] VAL _RECALL: 1.000, TIME: 38.7s
[21-02-13 23:32:47-DEBUG] 
VAL  set, TITLE	CLS0	CLS1	CLS2	MEAN
VAL  set, REC:	1.000	1.000	1.000	1.000	
VAL  set, F1 :	1.000	1.000	1.000	1.000	
VAL  set, AUC:	1.000	1.000	1.000	1.000	
VAL  set, ACC:	1.000	1.000	1.000	1.000	
VAL  set, SPE:	1.000	1.000	1.000	1.000	
[21-02-13 23:33:26-INFO] TEST_RECALL: 0.585, TIME: 39.1s
[21-02-13 23:33:26-DEBUG] 
TEST set, TITLE	CLS0	CLS1	CLS2	MEAN
TEST set, REC:	0.845	0.213	0.696	0.585	
TEST set, F1 :	0.765	0.286	0.634	0.562	
TEST set, AUC:	0.829	0.636	0.845	0.770	
TEST set, ACC:	0.742	0.692	0.827	0.754	
TEST set, SPE:	0.641	0.886	0.863	0.797	
[21-02-13 23:33:28-INFO] BEST_RECALL: 0.647, EPOCH:  26
[21-02-13 23:41:18-INFO] EPOCH: 59
[21-02-13 23:41:18-INFO] TRAIN_LOSS : 0.000, TIME: 470.7s
[21-02-13 23:41:57-INFO] VAL _RECALL: 1.000, TIME: 38.6s
[21-02-13 23:41:57-DEBUG] 
VAL  set, TITLE	CLS0	CLS1	CLS2	MEAN
VAL  set, REC:	1.000	1.000	1.000	1.000	
VAL  set, F1 :	1.000	1.000	1.000	1.000	
VAL  set, AUC:	1.000	1.000	1.000	1.000	
VAL  set, ACC:	1.000	1.000	1.000	1.000	
VAL  set, SPE:	1.000	1.000	1.000	1.000	
[21-02-13 23:42:36-INFO] TEST_RECALL: 0.588, TIME: 39.0s
[21-02-13 23:42:36-DEBUG] 
TEST set, TITLE	CLS0	CLS1	CLS2	MEAN
TEST set, REC:	0.868	0.200	0.696	0.588	
TEST set, F1 :	0.772	0.278	0.639	0.563	
TEST set, AUC:	0.829	0.635	0.847	0.770	
TEST set, ACC:	0.746	0.700	0.831	0.759	
TEST set, SPE:	0.626	0.903	0.868	0.799	
[21-02-13 23:42:37-INFO] BEST_RECALL: 0.647, EPOCH:  26
[21-02-13 23:50:28-INFO] EPOCH: 60
[21-02-13 23:50:28-INFO] TRAIN_LOSS : 0.002, TIME: 470.7s
[21-02-13 23:51:07-INFO] VAL _RECALL: 1.000, TIME: 38.8s
[21-02-13 23:51:07-DEBUG] 
VAL  set, TITLE	CLS0	CLS1	CLS2	MEAN
VAL  set, REC:	1.000	1.000	1.000	1.000	
VAL  set, F1 :	1.000	1.000	1.000	1.000	
VAL  set, AUC:	1.000	1.000	1.000	1.000	
VAL  set, ACC:	1.000	1.000	1.000	1.000	
VAL  set, SPE:	1.000	1.000	1.000	1.000	
[21-02-13 23:51:46-INFO] TEST_RECALL: 0.576, TIME: 39.1s
[21-02-13 23:51:46-DEBUG] 
TEST set, TITLE	CLS0	CLS1	CLS2	MEAN
TEST set, REC:	0.845	0.240	0.643	0.576	
TEST set, F1 :	0.762	0.310	0.610	0.561	
TEST set, AUC:	0.829	0.642	0.843	0.772	
TEST set, ACC:	0.738	0.692	0.823	0.751	
TEST set, SPE:	0.634	0.876	0.873	0.794	
[21-02-13 23:51:47-INFO] BEST_RECALL: 0.647, EPOCH:  26
[21-02-13 23:59:38-INFO] EPOCH: 61
[21-02-13 23:59:38-INFO] TRAIN_LOSS : 0.001, TIME: 470.5s
[21-02-14 00:00:16-INFO] VAL _RECALL: 1.000, TIME: 38.6s
[21-02-14 00:00:16-DEBUG] 
VAL  set, TITLE	CLS0	CLS1	CLS2	MEAN
VAL  set, REC:	1.000	1.000	1.000	1.000	
VAL  set, F1 :	1.000	1.000	1.000	1.000	
VAL  set, AUC:	1.000	1.000	1.000	1.000	
VAL  set, ACC:	1.000	1.000	1.000	1.000	
VAL  set, SPE:	1.000	1.000	1.000	1.000	
[21-02-14 00:00:55-INFO] TEST_RECALL: 0.592, TIME: 39.1s
[21-02-14 00:00:55-DEBUG] 
TEST set, TITLE	CLS0	CLS1	CLS2	MEAN
TEST set, REC:	0.822	0.240	0.714	0.592	
TEST set, F1 :	0.765	0.305	0.640	0.570	
TEST set, AUC:	0.823	0.638	0.860	0.773	
TEST set, ACC:	0.750	0.685	0.827	0.754	
TEST set, SPE:	0.679	0.865	0.858	0.801	
[21-02-14 00:00:57-INFO] BEST_RECALL: 0.647, EPOCH:  26
[21-02-14 00:08:48-INFO] EPOCH: 62
[21-02-14 00:08:48-INFO] TRAIN_LOSS : 0.072, TIME: 471.4s
[21-02-14 00:09:27-INFO] VAL _RECALL: 0.906, TIME: 38.7s
[21-02-14 00:09:27-DEBUG] 
VAL  set, TITLE	CLS0	CLS1	CLS2	MEAN
VAL  set, REC:	0.788	1.000	0.930	0.906	
VAL  set, F1 :	0.881	0.778	0.957	0.872	
VAL  set, AUC:	0.999	0.999	0.999	0.999	
VAL  set, ACC:	0.892	0.876	0.977	0.915	
VAL  set, SPE:	1.000	0.842	0.995	0.946	
[21-02-14 00:10:06-INFO] TEST_RECALL: 0.551, TIME: 39.0s
[21-02-14 00:10:06-DEBUG] 
TEST set, TITLE	CLS0	CLS1	CLS2	MEAN
TEST set, REC:	0.450	0.667	0.536	0.551	
TEST set, F1 :	0.574	0.476	0.556	0.535	
TEST set, AUC:	0.798	0.614	0.793	0.735	
TEST set, ACC:	0.669	0.577	0.815	0.687	
TEST set, SPE:	0.885	0.541	0.892	0.773	
[21-02-14 00:10:08-INFO] BEST_RECALL: 0.647, EPOCH:  26
[21-02-14 00:17:59-INFO] EPOCH: 63
[21-02-14 00:17:59-INFO] TRAIN_LOSS : 0.108, TIME: 471.6s
[21-02-14 00:18:38-INFO] VAL _RECALL: 0.992, TIME: 38.8s
[21-02-14 00:18:38-DEBUG] 
VAL  set, TITLE	CLS0	CLS1	CLS2	MEAN
VAL  set, REC:	0.992	0.982	1.000	0.992	
VAL  set, F1 :	0.996	0.991	0.986	0.991	
VAL  set, AUC:	1.000	1.000	1.000	1.000	
VAL  set, ACC:	0.996	0.996	0.992	0.995	
VAL  set, SPE:	1.000	1.000	0.989	0.996	
[21-02-14 00:19:17-INFO] TEST_RECALL: 0.565, TIME: 39.0s
[21-02-14 00:19:17-DEBUG] 
TEST set, TITLE	CLS0	CLS1	CLS2	MEAN
TEST set, REC:	0.705	0.187	0.804	0.565	
TEST set, F1 :	0.743	0.262	0.536	0.513	
TEST set, AUC:	0.842	0.623	0.811	0.758	
TEST set, ACC:	0.758	0.696	0.700	0.718	
TEST set, SPE:	0.809	0.903	0.672	0.794	
[21-02-14 00:19:19-INFO] BEST_RECALL: 0.647, EPOCH:  26
[21-02-14 00:27:10-INFO] EPOCH: 64
[21-02-14 00:27:10-INFO] TRAIN_LOSS : 0.018, TIME: 471.0s
[21-02-14 00:27:49-INFO] VAL _RECALL: 1.000, TIME: 38.8s
[21-02-14 00:27:49-DEBUG] 
VAL  set, TITLE	CLS0	CLS1	CLS2	MEAN
VAL  set, REC:	1.000	1.000	1.000	1.000	
VAL  set, F1 :	1.000	1.000	1.000	1.000	
VAL  set, AUC:	1.000	1.000	1.000	1.000	
VAL  set, ACC:	1.000	1.000	1.000	1.000	
VAL  set, SPE:	1.000	1.000	1.000	1.000	
[21-02-14 00:28:28-INFO] TEST_RECALL: 0.586, TIME: 39.0s
[21-02-14 00:28:28-DEBUG] 
TEST set, TITLE	CLS0	CLS1	CLS2	MEAN
TEST set, REC:	0.651	0.373	0.732	0.586	
TEST set, F1 :	0.712	0.389	0.586	0.562	
TEST set, AUC:	0.822	0.636	0.831	0.763	
TEST set, ACC:	0.738	0.662	0.777	0.726	
TEST set, SPE:	0.824	0.778	0.789	0.797	
[21-02-14 00:28:29-INFO] BEST_RECALL: 0.647, EPOCH:  26
[21-02-14 00:36:20-INFO] EPOCH: 65
[21-02-14 00:36:20-INFO] TRAIN_LOSS : 0.011, TIME: 470.8s
[21-02-14 00:36:59-INFO] VAL _RECALL: 1.000, TIME: 38.6s
[21-02-14 00:36:59-DEBUG] 
VAL  set, TITLE	CLS0	CLS1	CLS2	MEAN
VAL  set, REC:	1.000	1.000	1.000	1.000	
VAL  set, F1 :	1.000	1.000	1.000	1.000	
VAL  set, AUC:	1.000	1.000	1.000	1.000	
VAL  set, ACC:	1.000	1.000	1.000	1.000	
VAL  set, SPE:	1.000	1.000	1.000	1.000	
[21-02-14 00:37:38-INFO] TEST_RECALL: 0.545, TIME: 39.0s
[21-02-14 00:37:38-DEBUG] 
TEST set, TITLE	CLS0	CLS1	CLS2	MEAN
TEST set, REC:	0.868	0.160	0.607	0.545	
TEST set, F1 :	0.759	0.231	0.562	0.517	
TEST set, AUC:	0.835	0.671	0.851	0.786	
TEST set, ACC:	0.727	0.692	0.796	0.738	
TEST set, SPE:	0.588	0.908	0.848	0.781	
[21-02-14 00:37:39-INFO] BEST_RECALL: 0.647, EPOCH:  26
[21-02-14 00:45:30-INFO] EPOCH: 66
[21-02-14 00:45:30-INFO] TRAIN_LOSS : 0.010, TIME: 470.8s
[21-02-14 00:46:09-INFO] VAL _RECALL: 1.000, TIME: 38.7s
[21-02-14 00:46:09-DEBUG] 
VAL  set, TITLE	CLS0	CLS1	CLS2	MEAN
VAL  set, REC:	1.000	1.000	1.000	1.000	
VAL  set, F1 :	1.000	1.000	1.000	1.000	
VAL  set, AUC:	1.000	1.000	1.000	1.000	
VAL  set, ACC:	1.000	1.000	1.000	1.000	
VAL  set, SPE:	1.000	1.000	1.000	1.000	
[21-02-14 00:46:48-INFO] TEST_RECALL: 0.579, TIME: 39.0s
[21-02-14 00:46:48-DEBUG] 
TEST set, TITLE	CLS0	CLS1	CLS2	MEAN
TEST set, REC:	0.744	0.333	0.661	0.579	
TEST set, F1 :	0.747	0.368	0.583	0.566	
TEST set, AUC:	0.814	0.656	0.817	0.762	
TEST set, ACC:	0.750	0.669	0.796	0.738	
TEST set, SPE:	0.756	0.805	0.833	0.798	
[21-02-14 00:46:49-INFO] BEST_RECALL: 0.647, EPOCH:  26
[21-02-14 00:54:40-INFO] EPOCH: 67
[21-02-14 00:54:40-INFO] TRAIN_LOSS : 0.002, TIME: 470.7s
[21-02-14 00:55:18-INFO] VAL _RECALL: 1.000, TIME: 38.8s
[21-02-14 00:55:18-DEBUG] 
VAL  set, TITLE	CLS0	CLS1	CLS2	MEAN
VAL  set, REC:	1.000	1.000	1.000	1.000	
VAL  set, F1 :	1.000	1.000	1.000	1.000	
VAL  set, AUC:	1.000	1.000	1.000	1.000	
VAL  set, ACC:	1.000	1.000	1.000	1.000	
VAL  set, SPE:	1.000	1.000	1.000	1.000	
[21-02-14 00:55:58-INFO] TEST_RECALL: 0.541, TIME: 39.0s
[21-02-14 00:55:58-DEBUG] 
TEST set, TITLE	CLS0	CLS1	CLS2	MEAN
TEST set, REC:	0.791	0.280	0.554	0.541	
TEST set, F1 :	0.736	0.321	0.554	0.537	
TEST set, AUC:	0.810	0.652	0.831	0.764	
TEST set, ACC:	0.719	0.658	0.808	0.728	
TEST set, SPE:	0.649	0.811	0.877	0.779	
[21-02-14 00:55:59-INFO] BEST_RECALL: 0.647, EPOCH:  26
[21-02-14 01:03:49-INFO] EPOCH: 68
[21-02-14 01:03:50-INFO] TRAIN_LOSS : 0.002, TIME: 470.6s
[21-02-14 01:04:28-INFO] VAL _RECALL: 1.000, TIME: 38.8s
[21-02-14 01:04:28-DEBUG] 
VAL  set, TITLE	CLS0	CLS1	CLS2	MEAN
VAL  set, REC:	1.000	1.000	1.000	1.000	
VAL  set, F1 :	1.000	1.000	1.000	1.000	
VAL  set, AUC:	1.000	1.000	1.000	1.000	
VAL  set, ACC:	1.000	1.000	1.000	1.000	
VAL  set, SPE:	1.000	1.000	1.000	1.000	
[21-02-14 01:05:07-INFO] TEST_RECALL: 0.554, TIME: 39.0s
[21-02-14 01:05:07-DEBUG] 
TEST set, TITLE	CLS0	CLS1	CLS2	MEAN
TEST set, REC:	0.767	0.307	0.589	0.554	
TEST set, F1 :	0.733	0.343	0.569	0.549	
TEST set, AUC:	0.823	0.659	0.837	0.773	
TEST set, ACC:	0.723	0.662	0.808	0.731	
TEST set, SPE:	0.679	0.805	0.868	0.784	
[21-02-14 01:05:09-INFO] BEST_RECALL: 0.647, EPOCH:  26
[21-02-14 01:12:59-INFO] EPOCH: 69
[21-02-14 01:12:59-INFO] TRAIN_LOSS : 0.001, TIME: 470.3s
[21-02-14 01:13:38-INFO] VAL _RECALL: 1.000, TIME: 38.8s
[21-02-14 01:13:38-DEBUG] 
VAL  set, TITLE	CLS0	CLS1	CLS2	MEAN
VAL  set, REC:	1.000	1.000	1.000	1.000	
VAL  set, F1 :	1.000	1.000	1.000	1.000	
VAL  set, AUC:	1.000	1.000	1.000	1.000	
VAL  set, ACC:	1.000	1.000	1.000	1.000	
VAL  set, SPE:	1.000	1.000	1.000	1.000	
[21-02-14 01:14:17-INFO] TEST_RECALL: 0.543, TIME: 38.9s
[21-02-14 01:14:17-DEBUG] 
TEST set, TITLE	CLS0	CLS1	CLS2	MEAN
TEST set, REC:	0.814	0.227	0.589	0.543	
TEST set, F1 :	0.747	0.281	0.559	0.529	
TEST set, AUC:	0.824	0.660	0.842	0.775	
TEST set, ACC:	0.727	0.665	0.800	0.731	
TEST set, SPE:	0.641	0.843	0.858	0.781	
[21-02-14 01:14:18-INFO] BEST_RECALL: 0.647, EPOCH:  26
