[21-02-06 22:14:17-DEBUG] Checkpoints is in:
./results/checkpoints/20210206/3D_ResNet34-2-221416/
[21-02-06 22:14:17-DEBUG] Tensorboard is in:
./results/tensorboards/20210206/3D_ResNet34-2-221416/
[21-02-06 22:14:17-DEBUG] Data is in:
./data/Net_Input/3D_64_z1.0_l0.70_h0.10_20210125/
[21-02-06 22:14:17-DEBUG] LR: 3e-05, LD: 0.98
[21-02-06 22:14:17-DEBUG] WD: 1e-05, WU: 20
[21-02-06 22:14:17-DEBUG] BS: 4, FOLD: 2


[21-02-06 22:21:36-INFO] EPOCH: 1
[21-02-06 22:21:36-INFO] TRAIN_LOSS : 1.049, TIME: 436.5s
[21-02-06 22:22:12-INFO] VAL _RECALL: 0.345, TIME: 35.9s
[21-02-06 22:22:12-DEBUG] 
VAL  set, TITLE	CLS0	CLS1	CLS2	MEAN
VAL  set, REC:	1.000	0.000	0.036	0.345	
VAL  set, F1 :	0.667	0.000	0.069	0.245	
VAL  set, AUC:	0.768	0.622	0.783	0.724	
VAL  set, ACC:	0.504	0.712	0.792	0.669	
VAL  set, SPE:	0.015	1.000	1.000	0.672	
[21-02-06 22:22:48-INFO] TEST_RECALL: 0.353, TIME: 36.1s
[21-02-06 22:22:48-DEBUG] 
TEST set, TITLE	CLS0	CLS1	CLS2	MEAN
TEST set, REC:	1.000	0.000	0.058	0.353	
TEST set, F1 :	0.684	0.000	0.109	0.264	
TEST set, AUC:	0.716	0.589	0.736	0.680	
TEST set, ACC:	0.525	0.714	0.811	0.683	
TEST set, SPE:	0.024	1.000	1.000	0.675	
[21-02-06 22:22:48-INFO] BEST_RECALL: 0.353, EPOCH:   1
[21-02-06 22:30:05-INFO] EPOCH: 2
[21-02-06 22:30:05-INFO] TRAIN_LOSS : 0.986, TIME: 436.2s
[21-02-06 22:30:41-INFO] VAL _RECALL: 0.436, TIME: 36.0s
[21-02-06 22:30:41-DEBUG] 
VAL  set, TITLE	CLS0	CLS1	CLS2	MEAN
VAL  set, REC:	0.070	0.773	0.464	0.436	
VAL  set, F1 :	0.130	0.416	0.505	0.350	
VAL  set, AUC:	0.813	0.545	0.849	0.735	
VAL  set, ACC:	0.538	0.373	0.804	0.572	
VAL  set, SPE:	1.000	0.211	0.897	0.703	
[21-02-06 22:31:17-INFO] TEST_RECALL: 0.470, TIME: 36.1s
[21-02-06 22:31:17-DEBUG] 
TEST set, TITLE	CLS0	CLS1	CLS2	MEAN
TEST set, REC:	0.060	0.811	0.538	0.470	
TEST set, F1 :	0.113	0.451	0.505	0.356	
TEST set, AUC:	0.757	0.620	0.807	0.728	
TEST set, ACC:	0.517	0.436	0.788	0.580	
TEST set, SPE:	1.000	0.286	0.850	0.712	
[21-02-06 22:31:19-INFO] BEST_RECALL: 0.470, EPOCH:   2
[21-02-06 22:38:35-INFO] EPOCH: 3
[21-02-06 22:38:35-INFO] TRAIN_LOSS : 0.922, TIME: 436.5s
[21-02-06 22:39:11-INFO] VAL _RECALL: 0.406, TIME: 36.0s
[21-02-06 22:39:11-DEBUG] 
VAL  set, TITLE	CLS0	CLS1	CLS2	MEAN
VAL  set, REC:	1.000	0.093	0.125	0.406	
VAL  set, F1 :	0.707	0.152	0.222	0.360	
VAL  set, AUC:	0.852	0.651	0.856	0.786	
VAL  set, ACC:	0.588	0.700	0.812	0.700	
VAL  set, SPE:	0.183	0.946	1.000	0.710	
[21-02-06 22:39:47-INFO] TEST_RECALL: 0.403, TIME: 35.9s
[21-02-06 22:39:47-DEBUG] 
TEST set, TITLE	CLS0	CLS1	CLS2	MEAN
TEST set, REC:	0.992	0.081	0.135	0.403	
TEST set, F1 :	0.725	0.129	0.230	0.361	
TEST set, AUC:	0.805	0.613	0.844	0.754	
TEST set, ACC:	0.614	0.687	0.819	0.707	
TEST set, SPE:	0.214	0.930	0.990	0.711	
[21-02-06 22:39:47-INFO] BEST_RECALL: 0.470, EPOCH:   2
[21-02-06 22:47:03-INFO] EPOCH: 4
[21-02-06 22:47:03-INFO] TRAIN_LOSS : 0.832, TIME: 436.1s
[21-02-06 22:47:39-INFO] VAL _RECALL: 0.499, TIME: 35.9s
[21-02-06 22:47:39-DEBUG] 
VAL  set, TITLE	CLS0	CLS1	CLS2	MEAN
VAL  set, REC:	0.946	0.427	0.125	0.499	
VAL  set, F1 :	0.803	0.421	0.219	0.481	
VAL  set, AUC:	0.919	0.737	0.841	0.832	
VAL  set, ACC:	0.769	0.662	0.808	0.746	
VAL  set, SPE:	0.595	0.757	0.995	0.782	
[21-02-06 22:48:15-INFO] TEST_RECALL: 0.437, TIME: 36.0s
[21-02-06 22:48:15-DEBUG] 
TEST set, TITLE	CLS0	CLS1	CLS2	MEAN
TEST set, REC:	0.902	0.351	0.058	0.437	
TEST set, F1 :	0.762	0.356	0.105	0.408	
TEST set, AUC:	0.827	0.658	0.745	0.743	
TEST set, ACC:	0.710	0.637	0.803	0.717	
TEST set, SPE:	0.508	0.751	0.990	0.750	
[21-02-06 22:48:15-INFO] BEST_RECALL: 0.470, EPOCH:   2
[21-02-06 22:55:32-INFO] EPOCH: 5
[21-02-06 22:55:32-INFO] TRAIN_LOSS : 0.810, TIME: 436.4s
[21-02-06 22:56:08-INFO] VAL _RECALL: 0.351, TIME: 36.1s
[21-02-06 22:56:08-DEBUG] 
VAL  set, TITLE	CLS0	CLS1	CLS2	MEAN
VAL  set, REC:	0.054	0.000	1.000	0.351	
VAL  set, F1 :	0.103	0.000	0.362	0.155	
VAL  set, AUC:	0.881	0.377	0.873	0.710	
VAL  set, ACC:	0.531	0.712	0.242	0.495	
VAL  set, SPE:	1.000	1.000	0.034	0.678	
[21-02-06 22:56:44-INFO] TEST_RECALL: 0.346, TIME: 35.9s
[21-02-06 22:56:44-DEBUG] 
TEST set, TITLE	CLS0	CLS1	CLS2	MEAN
TEST set, REC:	0.038	0.000	1.000	0.346	
TEST set, F1 :	0.072	0.000	0.340	0.137	
TEST set, AUC:	0.771	0.460	0.825	0.685	
TEST set, ACC:	0.506	0.714	0.220	0.480	
TEST set, SPE:	1.000	1.000	0.024	0.675	
[21-02-06 22:56:44-INFO] BEST_RECALL: 0.470, EPOCH:   2
[21-02-06 23:04:00-INFO] EPOCH: 6
[21-02-06 23:04:00-INFO] TRAIN_LOSS : 0.764, TIME: 436.2s
[21-02-06 23:04:36-INFO] VAL _RECALL: 0.587, TIME: 36.1s
[21-02-06 23:04:36-DEBUG] 
VAL  set, TITLE	CLS0	CLS1	CLS2	MEAN
VAL  set, REC:	0.364	0.467	0.929	0.587	
VAL  set, F1 :	0.531	0.380	0.654	0.522	
VAL  set, AUC:	0.952	0.631	0.953	0.845	
VAL  set, ACC:	0.681	0.562	0.788	0.677	
VAL  set, SPE:	0.992	0.600	0.750	0.781	
[21-02-06 23:05:12-INFO] TEST_RECALL: 0.527, TIME: 36.1s
[21-02-06 23:05:12-DEBUG] 
TEST set, TITLE	CLS0	CLS1	CLS2	MEAN
TEST set, REC:	0.286	0.527	0.769	0.527	
TEST set, F1 :	0.434	0.411	0.523	0.456	
TEST set, AUC:	0.823	0.592	0.853	0.756	
TEST set, ACC:	0.618	0.568	0.718	0.634	
TEST set, SPE:	0.968	0.584	0.705	0.752	
[21-02-06 23:05:14-INFO] BEST_RECALL: 0.527, EPOCH:   6
[21-02-06 23:12:31-INFO] EPOCH: 7
[21-02-06 23:12:31-INFO] TRAIN_LOSS : 0.718, TIME: 436.1s
[21-02-06 23:13:06-INFO] VAL _RECALL: 0.774, TIME: 35.9s
[21-02-06 23:13:06-DEBUG] 
VAL  set, TITLE	CLS0	CLS1	CLS2	MEAN
VAL  set, REC:	0.860	0.907	0.554	0.774	
VAL  set, F1 :	0.906	0.731	0.697	0.778	
VAL  set, AUC:	0.984	0.919	0.974	0.959	
VAL  set, ACC:	0.912	0.808	0.896	0.872	
VAL  set, SPE:	0.962	0.768	0.990	0.907	
[21-02-06 23:13:42-INFO] TEST_RECALL: 0.562, TIME: 36.0s
[21-02-06 23:13:42-DEBUG] 
TEST set, TITLE	CLS0	CLS1	CLS2	MEAN
TEST set, REC:	0.602	0.757	0.327	0.562	
TEST set, F1 :	0.693	0.521	0.472	0.562	
TEST set, AUC:	0.826	0.708	0.858	0.797	
TEST set, ACC:	0.726	0.602	0.853	0.727	
TEST set, SPE:	0.857	0.541	0.986	0.794	
[21-02-06 23:13:46-INFO] BEST_RECALL: 0.562, EPOCH:   7
[21-02-06 23:21:02-INFO] EPOCH: 8
[21-02-06 23:21:02-INFO] TRAIN_LOSS : 0.646, TIME: 436.0s
[21-02-06 23:21:38-INFO] VAL _RECALL: 0.778, TIME: 35.9s
[21-02-06 23:21:38-DEBUG] 
VAL  set, TITLE	CLS0	CLS1	CLS2	MEAN
VAL  set, REC:	0.891	0.853	0.589	0.778	
VAL  set, F1 :	0.913	0.731	0.710	0.785	
VAL  set, AUC:	0.964	0.889	0.959	0.937	
VAL  set, ACC:	0.915	0.819	0.896	0.877	
VAL  set, SPE:	0.939	0.805	0.980	0.908	
[21-02-06 23:22:14-INFO] TEST_RECALL: 0.612, TIME: 36.0s
[21-02-06 23:22:14-DEBUG] 
TEST set, TITLE	CLS0	CLS1	CLS2	MEAN
TEST set, REC:	0.707	0.649	0.481	0.612	
TEST set, F1 :	0.746	0.542	0.562	0.617	
TEST set, AUC:	0.830	0.714	0.823	0.789	
TEST set, ACC:	0.753	0.687	0.849	0.763	
TEST set, SPE:	0.802	0.703	0.942	0.815	
[21-02-06 23:22:18-INFO] BEST_RECALL: 0.612, EPOCH:   8
[21-02-06 23:29:34-INFO] EPOCH: 9
[21-02-06 23:29:34-INFO] TRAIN_LOSS : 0.621, TIME: 435.9s
[21-02-06 23:30:10-INFO] VAL _RECALL: 0.447, TIME: 35.8s
[21-02-06 23:30:10-DEBUG] 
VAL  set, TITLE	CLS0	CLS1	CLS2	MEAN
VAL  set, REC:	0.248	0.093	1.000	0.447	
VAL  set, F1 :	0.398	0.103	0.502	0.334	
VAL  set, AUC:	0.991	0.507	0.945	0.814	
VAL  set, ACC:	0.627	0.531	0.573	0.577	
VAL  set, SPE:	1.000	0.708	0.456	0.721	
[21-02-06 23:30:46-INFO] TEST_RECALL: 0.425, TIME: 36.0s
[21-02-06 23:30:46-DEBUG] 
TEST set, TITLE	CLS0	CLS1	CLS2	MEAN
TEST set, REC:	0.143	0.189	0.942	0.425	
TEST set, F1 :	0.245	0.209	0.428	0.294	
TEST set, AUC:	0.842	0.512	0.833	0.729	
TEST set, ACC:	0.548	0.591	0.494	0.544	
TEST set, SPE:	0.976	0.751	0.382	0.703	
[21-02-06 23:30:47-INFO] BEST_RECALL: 0.612, EPOCH:   8
[21-02-06 23:38:03-INFO] EPOCH: 10
[21-02-06 23:38:03-INFO] TRAIN_LOSS : 0.610, TIME: 436.0s
[21-02-06 23:38:39-INFO] VAL _RECALL: 0.661, TIME: 36.0s
[21-02-06 23:38:39-DEBUG] 
VAL  set, TITLE	CLS0	CLS1	CLS2	MEAN
VAL  set, REC:	0.775	0.227	0.982	0.661	
VAL  set, F1 :	0.855	0.309	0.625	0.596	
VAL  set, AUC:	0.970	0.807	0.962	0.913	
VAL  set, ACC:	0.869	0.708	0.746	0.774	
VAL  set, SPE:	0.962	0.903	0.681	0.849	
[21-02-06 23:39:15-INFO] TEST_RECALL: 0.507, TIME: 35.9s
[21-02-06 23:39:15-DEBUG] 
TEST set, TITLE	CLS0	CLS1	CLS2	MEAN
TEST set, REC:	0.534	0.122	0.865	0.507	
TEST set, F1 :	0.626	0.161	0.503	0.430	
TEST set, AUC:	0.788	0.613	0.849	0.750	
TEST set, ACC:	0.672	0.637	0.656	0.655	
TEST set, SPE:	0.817	0.843	0.604	0.755	
[21-02-06 23:39:17-INFO] BEST_RECALL: 0.612, EPOCH:   8
[21-02-06 23:46:33-INFO] EPOCH: 11
[21-02-06 23:46:33-INFO] TRAIN_LOSS : 0.550, TIME: 435.7s
[21-02-06 23:47:09-INFO] VAL _RECALL: 0.421, TIME: 36.0s
[21-02-06 23:47:09-DEBUG] 
VAL  set, TITLE	CLS0	CLS1	CLS2	MEAN
VAL  set, REC:	1.000	0.013	0.250	0.421	
VAL  set, F1 :	0.692	0.026	0.400	0.373	
VAL  set, AUC:	0.980	0.777	0.962	0.906	
VAL  set, ACC:	0.558	0.712	0.838	0.703	
VAL  set, SPE:	0.122	0.995	1.000	0.706	
[21-02-06 23:47:45-INFO] TEST_RECALL: 0.378, TIME: 36.0s
[21-02-06 23:47:45-DEBUG] 
TEST set, TITLE	CLS0	CLS1	CLS2	MEAN
TEST set, REC:	1.000	0.000	0.135	0.378	
TEST set, F1 :	0.691	0.000	0.237	0.309	
TEST set, AUC:	0.845	0.690	0.831	0.788	
TEST set, ACC:	0.541	0.714	0.826	0.694	
TEST set, SPE:	0.056	1.000	1.000	0.685	
[21-02-06 23:47:47-INFO] BEST_RECALL: 0.612, EPOCH:   8
[21-02-06 23:55:03-INFO] EPOCH: 12
[21-02-06 23:55:03-INFO] TRAIN_LOSS : 0.500, TIME: 435.6s
[21-02-06 23:55:38-INFO] VAL _RECALL: 0.756, TIME: 35.9s
[21-02-06 23:55:38-DEBUG] 
VAL  set, TITLE	CLS0	CLS1	CLS2	MEAN
VAL  set, REC:	0.922	0.933	0.411	0.756	
VAL  set, F1 :	0.944	0.745	0.575	0.755	
VAL  set, AUC:	0.993	0.949	0.988	0.976	
VAL  set, ACC:	0.946	0.815	0.869	0.877	
VAL  set, SPE:	0.969	0.768	0.995	0.911	
[21-02-06 23:56:15-INFO] TEST_RECALL: 0.577, TIME: 36.0s
[21-02-06 23:56:15-DEBUG] 
TEST set, TITLE	CLS0	CLS1	CLS2	MEAN
TEST set, REC:	0.684	0.662	0.385	0.577	
TEST set, F1 :	0.728	0.513	0.519	0.587	
TEST set, AUC:	0.821	0.694	0.842	0.786	
TEST set, ACC:	0.737	0.641	0.857	0.745	
TEST set, SPE:	0.794	0.632	0.976	0.801	
[21-02-06 23:56:16-INFO] BEST_RECALL: 0.612, EPOCH:   8
[21-02-07 00:03:32-INFO] EPOCH: 13
[21-02-07 00:03:32-INFO] TRAIN_LOSS : 0.513, TIME: 435.5s
[21-02-07 00:04:08-INFO] VAL _RECALL: 0.761, TIME: 35.9s
[21-02-07 00:04:08-DEBUG] 
VAL  set, TITLE	CLS0	CLS1	CLS2	MEAN
VAL  set, REC:	1.000	0.693	0.589	0.761	
VAL  set, F1 :	0.912	0.707	0.733	0.784	
VAL  set, AUC:	0.998	0.916	0.992	0.968	
VAL  set, ACC:	0.904	0.835	0.908	0.882	
VAL  set, SPE:	0.809	0.892	0.995	0.899	
[21-02-07 00:04:44-INFO] TEST_RECALL: 0.531, TIME: 35.9s
[21-02-07 00:04:44-DEBUG] 
TEST set, TITLE	CLS0	CLS1	CLS2	MEAN
TEST set, REC:	0.880	0.405	0.308	0.531	
TEST set, F1 :	0.770	0.420	0.451	0.547	
TEST set, AUC:	0.834	0.689	0.873	0.799	
TEST set, ACC:	0.730	0.680	0.849	0.753	
TEST set, SPE:	0.571	0.789	0.986	0.782	
[21-02-07 00:04:46-INFO] BEST_RECALL: 0.612, EPOCH:   8
[21-02-07 00:12:01-INFO] EPOCH: 14
[21-02-07 00:12:01-INFO] TRAIN_LOSS : 0.443, TIME: 435.5s
[21-02-07 00:12:37-INFO] VAL _RECALL: 0.578, TIME: 35.9s
[21-02-07 00:12:37-DEBUG] 
VAL  set, TITLE	CLS0	CLS1	CLS2	MEAN
VAL  set, REC:	0.519	0.213	1.000	0.578	
VAL  set, F1 :	0.684	0.323	0.498	0.502	
VAL  set, AUC:	0.985	0.819	0.952	0.919	
VAL  set, ACC:	0.762	0.742	0.565	0.690	
VAL  set, SPE:	1.000	0.957	0.446	0.801	
[21-02-07 00:13:13-INFO] TEST_RECALL: 0.449, TIME: 36.0s
[21-02-07 00:13:13-DEBUG] 
TEST set, TITLE	CLS0	CLS1	CLS2	MEAN
TEST set, REC:	0.331	0.054	0.962	0.449	
TEST set, F1 :	0.473	0.092	0.408	0.324	
TEST set, AUC:	0.770	0.589	0.841	0.733	
TEST set, ACC:	0.622	0.695	0.440	0.586	
TEST set, SPE:	0.929	0.951	0.309	0.730	
[21-02-07 00:13:15-INFO] BEST_RECALL: 0.612, EPOCH:   8
[21-02-07 00:20:31-INFO] EPOCH: 15
[21-02-07 00:20:31-INFO] TRAIN_LOSS : 0.433, TIME: 435.8s
[21-02-07 00:21:07-INFO] VAL _RECALL: 0.654, TIME: 35.8s
[21-02-07 00:21:07-DEBUG] 
VAL  set, TITLE	CLS0	CLS1	CLS2	MEAN
VAL  set, REC:	0.992	0.880	0.089	0.654	
VAL  set, F1 :	0.962	0.684	0.164	0.603	
VAL  set, AUC:	0.997	0.855	0.993	0.948	
VAL  set, ACC:	0.962	0.765	0.804	0.844	
VAL  set, SPE:	0.931	0.719	1.000	0.883	
[21-02-07 00:21:43-INFO] TEST_RECALL: 0.449, TIME: 36.0s
[21-02-07 00:21:43-DEBUG] 
TEST set, TITLE	CLS0	CLS1	CLS2	MEAN
TEST set, REC:	0.827	0.500	0.019	0.449	
TEST set, F1 :	0.748	0.433	0.038	0.406	
TEST set, AUC:	0.797	0.651	0.840	0.763	
TEST set, ACC:	0.714	0.625	0.803	0.714	
TEST set, SPE:	0.595	0.676	1.000	0.757	
[21-02-07 00:21:45-INFO] BEST_RECALL: 0.612, EPOCH:   8
[21-02-07 00:29:01-INFO] EPOCH: 16
[21-02-07 00:29:01-INFO] TRAIN_LOSS : 0.471, TIME: 435.9s
[21-02-07 00:29:37-INFO] VAL _RECALL: 0.693, TIME: 36.0s
[21-02-07 00:29:37-DEBUG] 
VAL  set, TITLE	CLS0	CLS1	CLS2	MEAN
VAL  set, REC:	1.000	0.133	0.946	0.693	
VAL  set, F1 :	0.806	0.235	0.922	0.654	
VAL  set, AUC:	0.998	0.982	0.997	0.992	
VAL  set, ACC:	0.762	0.750	0.965	0.826	
VAL  set, SPE:	0.527	1.000	0.971	0.832	
[21-02-07 00:30:12-INFO] TEST_RECALL: 0.520, TIME: 36.0s
[21-02-07 00:30:12-DEBUG] 
TEST set, TITLE	CLS0	CLS1	CLS2	MEAN
TEST set, REC:	0.962	0.000	0.596	0.520	
TEST set, F1 :	0.738	0.000	0.639	0.459	
TEST set, AUC:	0.815	0.692	0.871	0.793	
TEST set, ACC:	0.649	0.714	0.865	0.743	
TEST set, SPE:	0.317	1.000	0.932	0.750	
[21-02-07 00:30:14-INFO] BEST_RECALL: 0.612, EPOCH:   8
[21-02-07 00:37:30-INFO] EPOCH: 17
[21-02-07 00:37:30-INFO] TRAIN_LOSS : 0.367, TIME: 435.4s
[21-02-07 00:38:06-INFO] VAL _RECALL: 0.784, TIME: 35.8s
[21-02-07 00:38:06-DEBUG] 
VAL  set, TITLE	CLS0	CLS1	CLS2	MEAN
VAL  set, REC:	0.674	1.000	0.679	0.784	
VAL  set, F1 :	0.806	0.718	0.800	0.774	
VAL  set, AUC:	0.996	0.975	0.992	0.988	
VAL  set, ACC:	0.838	0.773	0.927	0.846	
VAL  set, SPE:	1.000	0.681	0.995	0.892	
[21-02-07 00:38:42-INFO] TEST_RECALL: 0.536, TIME: 36.0s
[21-02-07 00:38:42-DEBUG] 
TEST set, TITLE	CLS0	CLS1	CLS2	MEAN
TEST set, REC:	0.429	0.892	0.288	0.536	
TEST set, F1 :	0.585	0.528	0.411	0.508	
TEST set, AUC:	0.824	0.697	0.841	0.787	
TEST set, ACC:	0.687	0.544	0.834	0.689	
TEST set, SPE:	0.960	0.405	0.971	0.779	
[21-02-07 00:38:43-INFO] BEST_RECALL: 0.612, EPOCH:   8
[21-02-07 00:45:59-INFO] EPOCH: 18
[21-02-07 00:45:59-INFO] TRAIN_LOSS : 0.390, TIME: 435.7s
[21-02-07 00:46:35-INFO] VAL _RECALL: 0.916, TIME: 36.0s
[21-02-07 00:46:35-DEBUG] 
VAL  set, TITLE	CLS0	CLS1	CLS2	MEAN
VAL  set, REC:	0.930	0.960	0.857	0.916	
VAL  set, F1 :	0.960	0.883	0.897	0.914	
VAL  set, AUC:	0.996	0.978	0.992	0.988	
VAL  set, ACC:	0.962	0.927	0.958	0.949	
VAL  set, SPE:	0.992	0.914	0.985	0.964	
[21-02-07 00:47:11-INFO] TEST_RECALL: 0.605, TIME: 36.0s
[21-02-07 00:47:11-DEBUG] 
TEST set, TITLE	CLS0	CLS1	CLS2	MEAN
TEST set, REC:	0.729	0.527	0.558	0.605	
TEST set, F1 :	0.735	0.510	0.574	0.606	
TEST set, AUC:	0.802	0.723	0.850	0.792	
TEST set, ACC:	0.730	0.710	0.834	0.758	
TEST set, SPE:	0.730	0.784	0.903	0.806	
[21-02-07 00:47:13-INFO] BEST_RECALL: 0.612, EPOCH:   8
[21-02-07 00:54:29-INFO] EPOCH: 19
[21-02-07 00:54:29-INFO] TRAIN_LOSS : 0.451, TIME: 435.7s
[21-02-07 00:55:05-INFO] VAL _RECALL: 0.856, TIME: 35.9s
[21-02-07 00:55:05-DEBUG] 
VAL  set, TITLE	CLS0	CLS1	CLS2	MEAN
VAL  set, REC:	0.791	0.813	0.964	0.856	
VAL  set, F1 :	0.879	0.813	0.783	0.825	
VAL  set, AUC:	0.993	0.955	0.975	0.974	
VAL  set, ACC:	0.892	0.892	0.885	0.890	
VAL  set, SPE:	0.992	0.924	0.863	0.926	
[21-02-07 00:55:41-INFO] TEST_RECALL: 0.565, TIME: 36.0s
[21-02-07 00:55:41-DEBUG] 
TEST set, TITLE	CLS0	CLS1	CLS2	MEAN
TEST set, REC:	0.481	0.405	0.808	0.565	
TEST set, F1 :	0.610	0.397	0.535	0.514	
TEST set, AUC:	0.824	0.653	0.844	0.774	
TEST set, ACC:	0.683	0.649	0.718	0.683	
TEST set, SPE:	0.897	0.746	0.696	0.779	
[21-02-07 00:55:42-INFO] BEST_RECALL: 0.612, EPOCH:   8
[21-02-07 01:02:58-INFO] EPOCH: 20
[21-02-07 01:02:58-INFO] TRAIN_LOSS : 0.306, TIME: 435.3s
[21-02-07 01:03:34-INFO] VAL _RECALL: 0.928, TIME: 35.9s
[21-02-07 01:03:34-DEBUG] 
VAL  set, TITLE	CLS0	CLS1	CLS2	MEAN
VAL  set, REC:	0.891	0.947	0.946	0.928	
VAL  set, F1 :	0.943	0.887	0.914	0.915	
VAL  set, AUC:	1.000	0.981	0.995	0.992	
VAL  set, ACC:	0.946	0.931	0.962	0.946	
VAL  set, SPE:	1.000	0.924	0.966	0.963	
[21-02-07 01:04:10-INFO] TEST_RECALL: 0.630, TIME: 35.9s
[21-02-07 01:04:10-DEBUG] 
TEST set, TITLE	CLS0	CLS1	CLS2	MEAN
TEST set, REC:	0.511	0.649	0.731	0.630	
TEST set, F1 :	0.638	0.542	0.594	0.592	
TEST set, AUC:	0.779	0.677	0.853	0.770	
TEST set, ACC:	0.703	0.687	0.799	0.730	
TEST set, SPE:	0.905	0.703	0.816	0.808	
[21-02-07 01:04:13-INFO] BEST_RECALL: 0.630, EPOCH:  20
[21-02-07 01:11:29-INFO] EPOCH: 21
[21-02-07 01:11:29-INFO] TRAIN_LOSS : 0.147, TIME: 435.7s
[21-02-07 01:12:05-INFO] VAL _RECALL: 0.988, TIME: 35.9s
[21-02-07 01:12:05-DEBUG] 
VAL  set, TITLE	CLS0	CLS1	CLS2	MEAN
VAL  set, REC:	0.977	0.987	1.000	0.988	
VAL  set, F1 :	0.988	0.974	0.991	0.984	
VAL  set, AUC:	1.000	0.998	0.999	0.999	
VAL  set, ACC:	0.988	0.985	0.996	0.990	
VAL  set, SPE:	1.000	0.984	0.995	0.993	
[21-02-07 01:12:41-INFO] TEST_RECALL: 0.581, TIME: 36.1s
[21-02-07 01:12:41-DEBUG] 
TEST set, TITLE	CLS0	CLS1	CLS2	MEAN
TEST set, REC:	0.692	0.514	0.538	0.581	
TEST set, F1 :	0.700	0.466	0.609	0.592	
TEST set, AUC:	0.777	0.670	0.905	0.784	
TEST set, ACC:	0.695	0.664	0.861	0.740	
TEST set, SPE:	0.698	0.724	0.942	0.788	
[21-02-07 01:12:43-INFO] BEST_RECALL: 0.630, EPOCH:  20
[21-02-07 01:19:58-INFO] EPOCH: 22
[21-02-07 01:19:58-INFO] TRAIN_LOSS : 0.087, TIME: 435.4s
[21-02-07 01:20:34-INFO] VAL _RECALL: 0.956, TIME: 35.9s
[21-02-07 01:20:34-DEBUG] 
VAL  set, TITLE	CLS0	CLS1	CLS2	MEAN
VAL  set, REC:	1.000	0.867	1.000	0.956	
VAL  set, F1 :	0.963	0.929	1.000	0.964	
VAL  set, AUC:	1.000	1.000	1.000	1.000	
VAL  set, ACC:	0.962	0.962	1.000	0.974	
VAL  set, SPE:	0.924	1.000	1.000	0.975	
[21-02-07 01:21:10-INFO] TEST_RECALL: 0.535, TIME: 36.0s
[21-02-07 01:21:10-DEBUG] 
TEST set, TITLE	CLS0	CLS1	CLS2	MEAN
TEST set, REC:	0.932	0.095	0.577	0.535	
TEST set, F1 :	0.749	0.163	0.594	0.502	
TEST set, AUC:	0.808	0.676	0.888	0.791	
TEST set, ACC:	0.680	0.722	0.842	0.748	
TEST set, SPE:	0.413	0.973	0.908	0.765	
[21-02-07 01:21:12-INFO] BEST_RECALL: 0.630, EPOCH:  20
[21-02-07 01:28:28-INFO] EPOCH: 23
[21-02-07 01:28:28-INFO] TRAIN_LOSS : 0.041, TIME: 435.3s
[21-02-07 01:29:03-INFO] VAL _RECALL: 1.000, TIME: 35.9s
[21-02-07 01:29:03-DEBUG] 
VAL  set, TITLE	CLS0	CLS1	CLS2	MEAN
VAL  set, REC:	1.000	1.000	1.000	1.000	
VAL  set, F1 :	1.000	1.000	1.000	1.000	
VAL  set, AUC:	1.000	1.000	1.000	1.000	
VAL  set, ACC:	1.000	1.000	1.000	1.000	
VAL  set, SPE:	1.000	1.000	1.000	1.000	
[21-02-07 01:29:39-INFO] TEST_RECALL: 0.588, TIME: 35.9s
[21-02-07 01:29:39-DEBUG] 
TEST set, TITLE	CLS0	CLS1	CLS2	MEAN
TEST set, REC:	0.820	0.405	0.538	0.588	
TEST set, F1 :	0.754	0.441	0.602	0.599	
TEST set, AUC:	0.809	0.712	0.876	0.799	
TEST set, ACC:	0.726	0.707	0.857	0.763	
TEST set, SPE:	0.627	0.827	0.937	0.797	
[21-02-07 01:29:41-INFO] BEST_RECALL: 0.630, EPOCH:  20
[21-02-07 01:36:56-INFO] EPOCH: 24
[21-02-07 01:36:56-INFO] TRAIN_LOSS : 0.055, TIME: 435.1s
[21-02-07 01:37:32-INFO] VAL _RECALL: 0.875, TIME: 36.0s
[21-02-07 01:37:32-DEBUG] 
VAL  set, TITLE	CLS0	CLS1	CLS2	MEAN
VAL  set, REC:	0.946	0.680	1.000	0.875	
VAL  set, F1 :	0.972	0.803	0.789	0.855	
VAL  set, AUC:	0.999	0.940	0.996	0.978	
VAL  set, ACC:	0.973	0.904	0.885	0.921	
VAL  set, SPE:	1.000	0.995	0.853	0.949	
[21-02-07 01:38:08-INFO] TEST_RECALL: 0.512, TIME: 36.0s
[21-02-07 01:38:08-DEBUG] 
TEST set, TITLE	CLS0	CLS1	CLS2	MEAN
TEST set, REC:	0.496	0.135	0.904	0.512	
TEST set, F1 :	0.608	0.206	0.461	0.425	
TEST set, AUC:	0.774	0.593	0.812	0.726	
TEST set, ACC:	0.672	0.703	0.575	0.650	
TEST set, SPE:	0.857	0.930	0.493	0.760	
[21-02-07 01:38:10-INFO] BEST_RECALL: 0.630, EPOCH:  20
[21-02-07 01:45:26-INFO] EPOCH: 25
[21-02-07 01:45:26-INFO] TRAIN_LOSS : 0.103, TIME: 435.4s
[21-02-07 01:46:02-INFO] VAL _RECALL: 0.966, TIME: 35.9s
[21-02-07 01:46:02-DEBUG] 
VAL  set, TITLE	CLS0	CLS1	CLS2	MEAN
VAL  set, REC:	0.992	0.907	1.000	0.966	
VAL  set, F1 :	0.996	0.944	0.941	0.961	
VAL  set, AUC:	1.000	0.998	1.000	0.999	
VAL  set, ACC:	0.996	0.969	0.973	0.979	
VAL  set, SPE:	1.000	0.995	0.966	0.987	
[21-02-07 01:46:38-INFO] TEST_RECALL: 0.616, TIME: 36.0s
[21-02-07 01:46:38-DEBUG] 
TEST set, TITLE	CLS0	CLS1	CLS2	MEAN
TEST set, REC:	0.767	0.311	0.769	0.616	
TEST set, F1 :	0.739	0.393	0.640	0.591	
TEST set, AUC:	0.799	0.729	0.886	0.804	
TEST set, ACC:	0.722	0.726	0.826	0.758	
TEST set, SPE:	0.675	0.892	0.841	0.802	
[21-02-07 01:46:40-INFO] BEST_RECALL: 0.630, EPOCH:  20
[21-02-07 01:53:55-INFO] EPOCH: 26
[21-02-07 01:53:55-INFO] TRAIN_LOSS : 0.113, TIME: 435.4s
[21-02-07 01:54:31-INFO] VAL _RECALL: 0.990, TIME: 35.9s
[21-02-07 01:54:31-DEBUG] 
VAL  set, TITLE	CLS0	CLS1	CLS2	MEAN
VAL  set, REC:	0.969	1.000	1.000	0.990	
VAL  set, F1 :	0.984	0.980	0.991	0.985	
VAL  set, AUC:	1.000	1.000	1.000	1.000	
VAL  set, ACC:	0.985	0.988	0.996	0.990	
VAL  set, SPE:	1.000	0.984	0.995	0.993	
[21-02-07 01:55:07-INFO] TEST_RECALL: 0.570, TIME: 36.0s
[21-02-07 01:55:07-DEBUG] 
TEST set, TITLE	CLS0	CLS1	CLS2	MEAN
TEST set, REC:	0.549	0.622	0.538	0.570	
TEST set, F1 :	0.649	0.479	0.554	0.561	
TEST set, AUC:	0.779	0.667	0.817	0.754	
TEST set, ACC:	0.695	0.614	0.826	0.712	
TEST set, SPE:	0.849	0.611	0.899	0.786	
[21-02-07 01:55:09-INFO] BEST_RECALL: 0.630, EPOCH:  20
[21-02-07 02:02:24-INFO] EPOCH: 27
[21-02-07 02:02:24-INFO] TRAIN_LOSS : 0.068, TIME: 434.8s
[21-02-07 02:03:00-INFO] VAL _RECALL: 1.000, TIME: 35.9s
[21-02-07 02:03:00-DEBUG] 
VAL  set, TITLE	CLS0	CLS1	CLS2	MEAN
VAL  set, REC:	1.000	1.000	1.000	1.000	
VAL  set, F1 :	1.000	1.000	1.000	1.000	
VAL  set, AUC:	1.000	1.000	1.000	1.000	
VAL  set, ACC:	1.000	1.000	1.000	1.000	
VAL  set, SPE:	1.000	1.000	1.000	1.000	
[21-02-07 02:03:36-INFO] TEST_RECALL: 0.528, TIME: 36.0s
[21-02-07 02:03:36-DEBUG] 
TEST set, TITLE	CLS0	CLS1	CLS2	MEAN
TEST set, REC:	0.812	0.311	0.462	0.528	
TEST set, F1 :	0.718	0.357	0.545	0.540	
TEST set, AUC:	0.771	0.661	0.863	0.765	
TEST set, ACC:	0.672	0.680	0.846	0.732	
TEST set, SPE:	0.524	0.827	0.942	0.764	
[21-02-07 02:03:37-INFO] BEST_RECALL: 0.630, EPOCH:  20
[21-02-07 02:10:52-INFO] EPOCH: 28
[21-02-07 02:10:52-INFO] TRAIN_LOSS : 0.048, TIME: 434.6s
[21-02-07 02:11:28-INFO] VAL _RECALL: 0.991, TIME: 35.8s
[21-02-07 02:11:28-DEBUG] 
VAL  set, TITLE	CLS0	CLS1	CLS2	MEAN
VAL  set, REC:	1.000	0.973	1.000	0.991	
VAL  set, F1 :	0.996	0.986	0.991	0.991	
VAL  set, AUC:	1.000	1.000	1.000	1.000	
VAL  set, ACC:	0.996	0.992	0.996	0.995	
VAL  set, SPE:	0.992	1.000	0.995	0.996	
[21-02-07 02:12:04-INFO] TEST_RECALL: 0.577, TIME: 36.0s
[21-02-07 02:12:04-DEBUG] 
TEST set, TITLE	CLS0	CLS1	CLS2	MEAN
TEST set, REC:	0.827	0.230	0.673	0.577	
TEST set, F1 :	0.753	0.306	0.609	0.556	
TEST set, AUC:	0.804	0.711	0.862	0.792	
TEST set, ACC:	0.722	0.703	0.826	0.750	
TEST set, SPE:	0.611	0.892	0.865	0.789	
[21-02-07 02:12:06-INFO] BEST_RECALL: 0.630, EPOCH:  20
[21-02-07 02:19:21-INFO] EPOCH: 29
[21-02-07 02:19:21-INFO] TRAIN_LOSS : 0.064, TIME: 435.1s
[21-02-07 02:19:57-INFO] VAL _RECALL: 0.990, TIME: 35.9s
[21-02-07 02:19:57-DEBUG] 
VAL  set, TITLE	CLS0	CLS1	CLS2	MEAN
VAL  set, REC:	1.000	0.987	0.982	0.990	
VAL  set, F1 :	0.992	0.993	0.991	0.992	
VAL  set, AUC:	1.000	1.000	1.000	1.000	
VAL  set, ACC:	0.992	0.996	0.996	0.995	
VAL  set, SPE:	0.985	1.000	1.000	0.995	
[21-02-07 02:20:33-INFO] TEST_RECALL: 0.548, TIME: 36.0s
[21-02-07 02:20:33-DEBUG] 
TEST set, TITLE	CLS0	CLS1	CLS2	MEAN
TEST set, REC:	0.767	0.378	0.500	0.548	
TEST set, F1 :	0.699	0.412	0.578	0.563	
TEST set, AUC:	0.779	0.697	0.864	0.780	
TEST set, ACC:	0.660	0.691	0.853	0.735	
TEST set, SPE:	0.548	0.816	0.942	0.769	
[21-02-07 02:20:35-INFO] BEST_RECALL: 0.630, EPOCH:  20
[21-02-07 02:27:49-INFO] EPOCH: 30
[21-02-07 02:27:49-INFO] TRAIN_LOSS : 0.067, TIME: 434.7s
[21-02-07 02:28:25-INFO] VAL _RECALL: 0.994, TIME: 36.0s
[21-02-07 02:28:25-DEBUG] 
VAL  set, TITLE	CLS0	CLS1	CLS2	MEAN
VAL  set, REC:	1.000	1.000	0.982	0.994	
VAL  set, F1 :	1.000	0.993	0.991	0.995	
VAL  set, AUC:	1.000	1.000	1.000	1.000	
VAL  set, ACC:	1.000	0.996	0.996	0.997	
VAL  set, SPE:	1.000	0.995	1.000	0.998	
[21-02-07 02:29:01-INFO] TEST_RECALL: 0.574, TIME: 36.1s
[21-02-07 02:29:01-DEBUG] 
TEST set, TITLE	CLS0	CLS1	CLS2	MEAN
TEST set, REC:	0.744	0.419	0.558	0.574	
TEST set, F1 :	0.712	0.425	0.617	0.585	
TEST set, AUC:	0.773	0.692	0.860	0.775	
TEST set, ACC:	0.691	0.676	0.861	0.743	
TEST set, SPE:	0.635	0.778	0.937	0.783	
[21-02-07 02:29:03-INFO] BEST_RECALL: 0.630, EPOCH:  20
[21-02-07 02:36:18-INFO] EPOCH: 31
[21-02-07 02:36:18-INFO] TRAIN_LOSS : 0.064, TIME: 435.0s
[21-02-07 02:36:54-INFO] VAL _RECALL: 0.991, TIME: 35.8s
[21-02-07 02:36:54-DEBUG] 
VAL  set, TITLE	CLS0	CLS1	CLS2	MEAN
VAL  set, REC:	1.000	0.973	1.000	0.991	
VAL  set, F1 :	1.000	0.986	0.982	0.990	
VAL  set, AUC:	1.000	1.000	1.000	1.000	
VAL  set, ACC:	1.000	0.992	0.992	0.995	
VAL  set, SPE:	1.000	1.000	0.990	0.997	
[21-02-07 02:37:30-INFO] TEST_RECALL: 0.600, TIME: 35.9s
[21-02-07 02:37:30-DEBUG] 
TEST set, TITLE	CLS0	CLS1	CLS2	MEAN
TEST set, REC:	0.677	0.527	0.596	0.600	
TEST set, F1 :	0.732	0.470	0.585	0.595	
TEST set, AUC:	0.800	0.689	0.852	0.780	
TEST set, ACC:	0.745	0.660	0.830	0.745	
TEST set, SPE:	0.817	0.714	0.889	0.807	
[21-02-07 02:37:32-INFO] BEST_RECALL: 0.630, EPOCH:  20
[21-02-07 02:44:47-INFO] EPOCH: 32
[21-02-07 02:44:47-INFO] TRAIN_LOSS : 0.020, TIME: 435.1s
[21-02-07 02:45:23-INFO] VAL _RECALL: 1.000, TIME: 35.9s
[21-02-07 02:45:23-DEBUG] 
VAL  set, TITLE	CLS0	CLS1	CLS2	MEAN
VAL  set, REC:	1.000	1.000	1.000	1.000	
VAL  set, F1 :	1.000	1.000	1.000	1.000	
VAL  set, AUC:	1.000	1.000	1.000	1.000	
VAL  set, ACC:	1.000	1.000	1.000	1.000	
VAL  set, SPE:	1.000	1.000	1.000	1.000	
[21-02-07 02:45:59-INFO] TEST_RECALL: 0.597, TIME: 35.9s
[21-02-07 02:45:59-DEBUG] 
TEST set, TITLE	CLS0	CLS1	CLS2	MEAN
TEST set, REC:	0.767	0.446	0.577	0.597	
TEST set, F1 :	0.739	0.482	0.571	0.597	
TEST set, AUC:	0.797	0.704	0.852	0.784	
TEST set, ACC:	0.722	0.726	0.826	0.758	
TEST set, SPE:	0.675	0.838	0.889	0.800	
[21-02-07 02:46:01-INFO] BEST_RECALL: 0.630, EPOCH:  20
[21-02-07 02:53:15-INFO] EPOCH: 33
[21-02-07 02:53:15-INFO] TRAIN_LOSS : 0.019, TIME: 434.6s
[21-02-07 02:53:51-INFO] VAL _RECALL: 0.996, TIME: 36.0s
[21-02-07 02:53:51-DEBUG] 
VAL  set, TITLE	CLS0	CLS1	CLS2	MEAN
VAL  set, REC:	1.000	0.987	1.000	0.996	
VAL  set, F1 :	0.996	0.993	1.000	0.996	
VAL  set, AUC:	1.000	1.000	1.000	1.000	
VAL  set, ACC:	0.996	0.996	1.000	0.997	
VAL  set, SPE:	0.992	1.000	1.000	0.997	
[21-02-07 02:54:27-INFO] TEST_RECALL: 0.579, TIME: 35.9s
[21-02-07 02:54:27-DEBUG] 
TEST set, TITLE	CLS0	CLS1	CLS2	MEAN
TEST set, REC:	0.820	0.284	0.635	0.579	
TEST set, F1 :	0.747	0.359	0.606	0.570	
TEST set, AUC:	0.796	0.684	0.874	0.785	
TEST set, ACC:	0.714	0.710	0.834	0.753	
TEST set, SPE:	0.603	0.881	0.884	0.789	
[21-02-07 02:54:29-INFO] BEST_RECALL: 0.630, EPOCH:  20
[21-02-07 03:01:44-INFO] EPOCH: 34
[21-02-07 03:01:44-INFO] TRAIN_LOSS : 0.055, TIME: 434.6s
[21-02-07 03:02:20-INFO] VAL _RECALL: 0.976, TIME: 36.0s
[21-02-07 03:02:20-DEBUG] 
VAL  set, TITLE	CLS0	CLS1	CLS2	MEAN
VAL  set, REC:	0.977	0.987	0.964	0.976	
VAL  set, F1 :	0.984	0.980	0.956	0.973	
VAL  set, AUC:	0.999	0.999	0.998	0.999	
VAL  set, ACC:	0.985	0.988	0.981	0.985	
VAL  set, SPE:	0.992	0.989	0.985	0.989	
[21-02-07 03:02:56-INFO] TEST_RECALL: 0.584, TIME: 35.9s
[21-02-07 03:02:56-DEBUG] 
TEST set, TITLE	CLS0	CLS1	CLS2	MEAN
TEST set, REC:	0.737	0.419	0.596	0.584	
TEST set, F1 :	0.729	0.425	0.602	0.585	
TEST set, AUC:	0.790	0.661	0.856	0.769	
TEST set, ACC:	0.718	0.676	0.842	0.745	
TEST set, SPE:	0.698	0.778	0.903	0.793	
[21-02-07 03:02:57-INFO] BEST_RECALL: 0.630, EPOCH:  20
[21-02-07 03:10:12-INFO] EPOCH: 35
[21-02-07 03:10:12-INFO] TRAIN_LOSS : 0.056, TIME: 434.9s
[21-02-07 03:10:48-INFO] VAL _RECALL: 0.997, TIME: 35.9s
[21-02-07 03:10:48-DEBUG] 
VAL  set, TITLE	CLS0	CLS1	CLS2	MEAN
VAL  set, REC:	0.992	1.000	1.000	0.997	
VAL  set, F1 :	0.996	0.993	1.000	0.996	
VAL  set, AUC:	1.000	1.000	1.000	1.000	
VAL  set, ACC:	0.996	0.996	1.000	0.997	
VAL  set, SPE:	1.000	0.995	1.000	0.998	
[21-02-07 03:11:24-INFO] TEST_RECALL: 0.557, TIME: 36.0s
[21-02-07 03:11:24-DEBUG] 
TEST set, TITLE	CLS0	CLS1	CLS2	MEAN
TEST set, REC:	0.774	0.338	0.558	0.557	
TEST set, F1 :	0.741	0.368	0.558	0.555	
TEST set, AUC:	0.814	0.687	0.858	0.786	
TEST set, ACC:	0.722	0.668	0.822	0.737	
TEST set, SPE:	0.667	0.800	0.889	0.785	
[21-02-07 03:11:26-INFO] BEST_RECALL: 0.630, EPOCH:  20
[21-02-07 03:18:41-INFO] EPOCH: 36
[21-02-07 03:18:41-INFO] TRAIN_LOSS : 0.025, TIME: 434.5s
[21-02-07 03:19:17-INFO] VAL _RECALL: 0.993, TIME: 36.1s
[21-02-07 03:19:17-DEBUG] 
VAL  set, TITLE	CLS0	CLS1	CLS2	MEAN
VAL  set, REC:	0.992	0.987	1.000	0.993	
VAL  set, F1 :	0.992	0.987	1.000	0.993	
VAL  set, AUC:	1.000	1.000	1.000	1.000	
VAL  set, ACC:	0.992	0.992	1.000	0.995	
VAL  set, SPE:	0.992	0.995	1.000	0.996	
[21-02-07 03:19:53-INFO] TEST_RECALL: 0.591, TIME: 35.9s
[21-02-07 03:19:53-DEBUG] 
TEST set, TITLE	CLS0	CLS1	CLS2	MEAN
TEST set, REC:	0.759	0.378	0.635	0.591	
TEST set, F1 :	0.740	0.415	0.600	0.585	
TEST set, AUC:	0.797	0.668	0.850	0.772	
TEST set, ACC:	0.726	0.695	0.830	0.750	
TEST set, SPE:	0.690	0.822	0.879	0.797	
[21-02-07 03:19:55-INFO] BEST_RECALL: 0.630, EPOCH:  20
[21-02-07 03:27:09-INFO] EPOCH: 37
[21-02-07 03:27:09-INFO] TRAIN_LOSS : 0.016, TIME: 434.5s
[21-02-07 03:27:45-INFO] VAL _RECALL: 0.997, TIME: 35.9s
[21-02-07 03:27:45-DEBUG] 
VAL  set, TITLE	CLS0	CLS1	CLS2	MEAN
VAL  set, REC:	0.992	1.000	1.000	0.997	
VAL  set, F1 :	0.996	1.000	0.991	0.996	
VAL  set, AUC:	1.000	1.000	1.000	1.000	
VAL  set, ACC:	0.996	1.000	0.996	0.997	
VAL  set, SPE:	1.000	1.000	0.995	0.998	
[21-02-07 03:28:21-INFO] TEST_RECALL: 0.568, TIME: 36.0s
[21-02-07 03:28:21-DEBUG] 
TEST set, TITLE	CLS0	CLS1	CLS2	MEAN
TEST set, REC:	0.835	0.216	0.654	0.568	
TEST set, F1 :	0.755	0.288	0.602	0.548	
TEST set, AUC:	0.813	0.691	0.875	0.793	
TEST set, ACC:	0.722	0.695	0.826	0.748	
TEST set, SPE:	0.603	0.886	0.870	0.786	
[21-02-07 03:28:23-INFO] BEST_RECALL: 0.630, EPOCH:  20
[21-02-07 03:35:38-INFO] EPOCH: 38
[21-02-07 03:35:38-INFO] TRAIN_LOSS : 0.009, TIME: 434.5s
[21-02-07 03:36:13-INFO] VAL _RECALL: 1.000, TIME: 35.8s
[21-02-07 03:36:13-DEBUG] 
VAL  set, TITLE	CLS0	CLS1	CLS2	MEAN
VAL  set, REC:	1.000	1.000	1.000	1.000	
VAL  set, F1 :	1.000	1.000	1.000	1.000	
VAL  set, AUC:	1.000	1.000	1.000	1.000	
VAL  set, ACC:	1.000	1.000	1.000	1.000	
VAL  set, SPE:	1.000	1.000	1.000	1.000	
[21-02-07 03:36:49-INFO] TEST_RECALL: 0.571, TIME: 36.0s
[21-02-07 03:36:49-DEBUG] 
TEST set, TITLE	CLS0	CLS1	CLS2	MEAN
TEST set, REC:	0.805	0.351	0.558	0.571	
TEST set, F1 :	0.762	0.391	0.558	0.570	
TEST set, AUC:	0.824	0.708	0.849	0.794	
TEST set, ACC:	0.741	0.687	0.822	0.750	
TEST set, SPE:	0.675	0.822	0.889	0.795	
[21-02-07 03:36:51-INFO] BEST_RECALL: 0.630, EPOCH:  20
[21-02-07 03:44:06-INFO] EPOCH: 39
[21-02-07 03:44:06-INFO] TRAIN_LOSS : 0.013, TIME: 434.9s
[21-02-07 03:44:42-INFO] VAL _RECALL: 0.970, TIME: 36.0s
[21-02-07 03:44:42-DEBUG] 
VAL  set, TITLE	CLS0	CLS1	CLS2	MEAN
VAL  set, REC:	1.000	1.000	0.911	0.970	
VAL  set, F1 :	0.981	1.000	0.953	0.978	
VAL  set, AUC:	1.000	1.000	1.000	1.000	
VAL  set, ACC:	0.981	1.000	0.981	0.987	
VAL  set, SPE:	0.962	1.000	1.000	0.987	
[21-02-07 03:45:18-INFO] TEST_RECALL: 0.473, TIME: 35.9s
[21-02-07 03:45:18-DEBUG] 
TEST set, TITLE	CLS0	CLS1	CLS2	MEAN
TEST set, REC:	0.872	0.297	0.250	0.473	
TEST set, F1 :	0.718	0.344	0.388	0.483	
TEST set, AUC:	0.755	0.647	0.827	0.743	
TEST set, ACC:	0.649	0.676	0.842	0.722	
TEST set, SPE:	0.413	0.827	0.990	0.743	
[21-02-07 03:45:20-INFO] BEST_RECALL: 0.630, EPOCH:  20
[21-02-07 03:52:35-INFO] EPOCH: 40
[21-02-07 03:52:35-INFO] TRAIN_LOSS : 0.005, TIME: 434.4s
[21-02-07 03:53:11-INFO] VAL _RECALL: 1.000, TIME: 36.0s
[21-02-07 03:53:11-DEBUG] 
VAL  set, TITLE	CLS0	CLS1	CLS2	MEAN
VAL  set, REC:	1.000	1.000	1.000	1.000	
VAL  set, F1 :	1.000	1.000	1.000	1.000	
VAL  set, AUC:	1.000	1.000	1.000	1.000	
VAL  set, ACC:	1.000	1.000	1.000	1.000	
VAL  set, SPE:	1.000	1.000	1.000	1.000	
[21-02-07 03:53:46-INFO] TEST_RECALL: 0.558, TIME: 35.9s
[21-02-07 03:53:46-DEBUG] 
TEST set, TITLE	CLS0	CLS1	CLS2	MEAN
TEST set, REC:	0.827	0.270	0.577	0.558	
TEST set, F1 :	0.741	0.333	0.594	0.556	
TEST set, AUC:	0.788	0.684	0.841	0.771	
TEST set, ACC:	0.703	0.691	0.842	0.745	
TEST set, SPE:	0.571	0.859	0.908	0.780	
[21-02-07 03:53:48-INFO] BEST_RECALL: 0.630, EPOCH:  20
[21-02-07 04:01:03-INFO] EPOCH: 41
[21-02-07 04:01:03-INFO] TRAIN_LOSS : 0.089, TIME: 434.8s
[21-02-07 04:01:39-INFO] VAL _RECALL: 0.997, TIME: 36.0s
[21-02-07 04:01:39-DEBUG] 
VAL  set, TITLE	CLS0	CLS1	CLS2	MEAN
VAL  set, REC:	0.992	1.000	1.000	0.997	
VAL  set, F1 :	0.996	0.993	1.000	0.996	
VAL  set, AUC:	1.000	1.000	1.000	1.000	
VAL  set, ACC:	0.996	0.996	1.000	0.997	
VAL  set, SPE:	1.000	0.995	1.000	0.998	
[21-02-07 04:02:15-INFO] TEST_RECALL: 0.568, TIME: 36.0s
[21-02-07 04:02:15-DEBUG] 
TEST set, TITLE	CLS0	CLS1	CLS2	MEAN
TEST set, REC:	0.692	0.378	0.635	0.568	
TEST set, F1 :	0.697	0.384	0.611	0.564	
TEST set, AUC:	0.771	0.633	0.865	0.756	
TEST set, ACC:	0.691	0.653	0.838	0.727	
TEST set, SPE:	0.690	0.762	0.889	0.781	
[21-02-07 04:02:17-INFO] BEST_RECALL: 0.630, EPOCH:  20
[21-02-07 04:09:32-INFO] EPOCH: 42
[21-02-07 04:09:32-INFO] TRAIN_LOSS : 0.061, TIME: 434.7s
[21-02-07 04:10:08-INFO] VAL _RECALL: 0.993, TIME: 36.0s
[21-02-07 04:10:08-DEBUG] 
VAL  set, TITLE	CLS0	CLS1	CLS2	MEAN
VAL  set, REC:	0.992	0.987	1.000	0.993	
VAL  set, F1 :	0.996	0.993	0.982	0.991	
VAL  set, AUC:	1.000	1.000	1.000	1.000	
VAL  set, ACC:	0.996	0.996	0.992	0.995	
VAL  set, SPE:	1.000	1.000	0.990	0.997	
[21-02-07 04:10:44-INFO] TEST_RECALL: 0.587, TIME: 36.0s
[21-02-07 04:10:44-DEBUG] 
TEST set, TITLE	CLS0	CLS1	CLS2	MEAN
TEST set, REC:	0.744	0.189	0.827	0.587	
TEST set, F1 :	0.723	0.275	0.606	0.534	
TEST set, AUC:	0.804	0.660	0.864	0.776	
TEST set, ACC:	0.707	0.714	0.784	0.735	
TEST set, SPE:	0.667	0.924	0.773	0.788	
[21-02-07 04:10:46-INFO] BEST_RECALL: 0.630, EPOCH:  20
[21-02-07 04:18:00-INFO] EPOCH: 43
[21-02-07 04:18:00-INFO] TRAIN_LOSS : 0.023, TIME: 434.6s
[21-02-07 04:18:36-INFO] VAL _RECALL: 1.000, TIME: 35.9s
[21-02-07 04:18:36-DEBUG] 
VAL  set, TITLE	CLS0	CLS1	CLS2	MEAN
VAL  set, REC:	1.000	1.000	1.000	1.000	
VAL  set, F1 :	1.000	1.000	1.000	1.000	
VAL  set, AUC:	1.000	1.000	1.000	1.000	
VAL  set, ACC:	1.000	1.000	1.000	1.000	
VAL  set, SPE:	1.000	1.000	1.000	1.000	
[21-02-07 04:19:12-INFO] TEST_RECALL: 0.605, TIME: 36.0s
[21-02-07 04:19:12-DEBUG] 
TEST set, TITLE	CLS0	CLS1	CLS2	MEAN
TEST set, REC:	0.797	0.324	0.692	0.605	
TEST set, F1 :	0.746	0.400	0.632	0.593	
TEST set, AUC:	0.806	0.702	0.872	0.793	
TEST set, ACC:	0.722	0.722	0.838	0.761	
TEST set, SPE:	0.643	0.881	0.874	0.799	
[21-02-07 04:19:14-INFO] BEST_RECALL: 0.630, EPOCH:  20
[21-02-07 04:26:29-INFO] EPOCH: 44
[21-02-07 04:26:29-INFO] TRAIN_LOSS : 0.005, TIME: 435.0s
[21-02-07 04:27:05-INFO] VAL _RECALL: 0.987, TIME: 35.8s
[21-02-07 04:27:05-DEBUG] 
VAL  set, TITLE	CLS0	CLS1	CLS2	MEAN
VAL  set, REC:	1.000	0.960	1.000	0.987	
VAL  set, F1 :	0.989	0.980	1.000	0.989	
VAL  set, AUC:	1.000	1.000	1.000	1.000	
VAL  set, ACC:	0.988	0.988	1.000	0.992	
VAL  set, SPE:	0.977	1.000	1.000	0.992	
[21-02-07 04:27:41-INFO] TEST_RECALL: 0.541, TIME: 36.0s
[21-02-07 04:27:41-DEBUG] 
TEST set, TITLE	CLS0	CLS1	CLS2	MEAN
TEST set, REC:	0.895	0.095	0.635	0.541	
TEST set, F1 :	0.744	0.152	0.623	0.506	
TEST set, AUC:	0.829	0.713	0.886	0.809	
TEST set, ACC:	0.683	0.699	0.846	0.743	
TEST set, SPE:	0.460	0.941	0.899	0.766	
[21-02-07 04:27:43-INFO] BEST_RECALL: 0.630, EPOCH:  20
[21-02-07 04:34:58-INFO] EPOCH: 45
[21-02-07 04:34:58-INFO] TRAIN_LOSS : 0.023, TIME: 434.8s
[21-02-07 04:35:34-INFO] VAL _RECALL: 0.997, TIME: 35.8s
[21-02-07 04:35:34-DEBUG] 
VAL  set, TITLE	CLS0	CLS1	CLS2	MEAN
VAL  set, REC:	0.992	1.000	1.000	0.997	
VAL  set, F1 :	0.996	0.993	1.000	0.996	
VAL  set, AUC:	1.000	1.000	1.000	1.000	
VAL  set, ACC:	0.996	0.996	1.000	0.997	
VAL  set, SPE:	1.000	0.995	1.000	0.998	
[21-02-07 04:36:09-INFO] TEST_RECALL: 0.591, TIME: 35.9s
[21-02-07 04:36:09-DEBUG] 
TEST set, TITLE	CLS0	CLS1	CLS2	MEAN
TEST set, REC:	0.699	0.419	0.654	0.591	
TEST set, F1 :	0.732	0.431	0.567	0.577	
TEST set, AUC:	0.824	0.704	0.856	0.795	
TEST set, ACC:	0.737	0.683	0.799	0.740	
TEST set, SPE:	0.778	0.789	0.836	0.801	
[21-02-07 04:36:12-INFO] BEST_RECALL: 0.630, EPOCH:  20
[21-02-07 04:43:26-INFO] EPOCH: 46
[21-02-07 04:43:26-INFO] TRAIN_LOSS : 0.010, TIME: 434.9s
[21-02-07 04:44:02-INFO] VAL _RECALL: 1.000, TIME: 36.0s
[21-02-07 04:44:02-DEBUG] 
VAL  set, TITLE	CLS0	CLS1	CLS2	MEAN
VAL  set, REC:	1.000	1.000	1.000	1.000	
VAL  set, F1 :	1.000	1.000	1.000	1.000	
VAL  set, AUC:	1.000	1.000	1.000	1.000	
VAL  set, ACC:	1.000	1.000	1.000	1.000	
VAL  set, SPE:	1.000	1.000	1.000	1.000	
[21-02-07 04:44:38-INFO] TEST_RECALL: 0.568, TIME: 36.0s
[21-02-07 04:44:38-DEBUG] 
TEST set, TITLE	CLS0	CLS1	CLS2	MEAN
TEST set, REC:	0.789	0.432	0.481	0.568	
TEST set, F1 :	0.750	0.432	0.556	0.579	
TEST set, AUC:	0.801	0.676	0.850	0.776	
TEST set, ACC:	0.730	0.676	0.846	0.750	
TEST set, SPE:	0.667	0.773	0.937	0.792	
[21-02-07 04:44:40-INFO] BEST_RECALL: 0.630, EPOCH:  20
[21-02-07 04:51:55-INFO] EPOCH: 47
[21-02-07 04:51:55-INFO] TRAIN_LOSS : 0.006, TIME: 434.7s
[21-02-07 04:52:31-INFO] VAL _RECALL: 1.000, TIME: 36.0s
[21-02-07 04:52:31-DEBUG] 
VAL  set, TITLE	CLS0	CLS1	CLS2	MEAN
VAL  set, REC:	1.000	1.000	1.000	1.000	
VAL  set, F1 :	1.000	1.000	1.000	1.000	
VAL  set, AUC:	1.000	1.000	1.000	1.000	
VAL  set, ACC:	1.000	1.000	1.000	1.000	
VAL  set, SPE:	1.000	1.000	1.000	1.000	
[21-02-07 04:53:07-INFO] TEST_RECALL: 0.608, TIME: 36.0s
[21-02-07 04:53:07-DEBUG] 
TEST set, TITLE	CLS0	CLS1	CLS2	MEAN
TEST set, REC:	0.812	0.378	0.635	0.608	
TEST set, F1 :	0.774	0.431	0.606	0.603	
TEST set, AUC:	0.810	0.703	0.868	0.794	
TEST set, ACC:	0.757	0.714	0.834	0.768	
TEST set, SPE:	0.698	0.849	0.884	0.810	
[21-02-07 04:53:09-INFO] BEST_RECALL: 0.630, EPOCH:  20
[21-02-07 05:00:23-INFO] EPOCH: 48
[21-02-07 05:00:23-INFO] TRAIN_LOSS : 0.002, TIME: 434.4s
[21-02-07 05:00:59-INFO] VAL _RECALL: 1.000, TIME: 36.0s
[21-02-07 05:00:59-DEBUG] 
VAL  set, TITLE	CLS0	CLS1	CLS2	MEAN
VAL  set, REC:	1.000	1.000	1.000	1.000	
VAL  set, F1 :	1.000	1.000	1.000	1.000	
VAL  set, AUC:	1.000	1.000	1.000	1.000	
VAL  set, ACC:	1.000	1.000	1.000	1.000	
VAL  set, SPE:	1.000	1.000	1.000	1.000	
[21-02-07 05:01:35-INFO] TEST_RECALL: 0.585, TIME: 36.0s
[21-02-07 05:01:35-DEBUG] 
TEST set, TITLE	CLS0	CLS1	CLS2	MEAN
TEST set, REC:	0.827	0.351	0.577	0.585	
TEST set, F1 :	0.753	0.397	0.632	0.594	
TEST set, AUC:	0.801	0.700	0.873	0.791	
TEST set, ACC:	0.722	0.695	0.865	0.761	
TEST set, SPE:	0.611	0.832	0.937	0.794	
[21-02-07 05:01:37-INFO] BEST_RECALL: 0.630, EPOCH:  20
[21-02-07 05:08:52-INFO] EPOCH: 49
[21-02-07 05:08:52-INFO] TRAIN_LOSS : 0.001, TIME: 434.5s
[21-02-07 05:09:28-INFO] VAL _RECALL: 1.000, TIME: 35.9s
[21-02-07 05:09:28-DEBUG] 
VAL  set, TITLE	CLS0	CLS1	CLS2	MEAN
VAL  set, REC:	1.000	1.000	1.000	1.000	
VAL  set, F1 :	1.000	1.000	1.000	1.000	
VAL  set, AUC:	1.000	1.000	1.000	1.000	
VAL  set, ACC:	1.000	1.000	1.000	1.000	
VAL  set, SPE:	1.000	1.000	1.000	1.000	
[21-02-07 05:10:04-INFO] TEST_RECALL: 0.601, TIME: 36.0s
[21-02-07 05:10:04-DEBUG] 
TEST set, TITLE	CLS0	CLS1	CLS2	MEAN
TEST set, REC:	0.820	0.311	0.673	0.601	
TEST set, F1 :	0.770	0.374	0.625	0.590	
TEST set, AUC:	0.811	0.705	0.877	0.798	
TEST set, ACC:	0.749	0.703	0.838	0.763	
TEST set, SPE:	0.675	0.859	0.879	0.804	
[21-02-07 05:10:06-INFO] BEST_RECALL: 0.630, EPOCH:  20
[21-02-07 05:17:20-INFO] EPOCH: 50
[21-02-07 05:17:20-INFO] TRAIN_LOSS : 0.001, TIME: 434.0s
[21-02-07 05:17:56-INFO] VAL _RECALL: 1.000, TIME: 36.0s
[21-02-07 05:17:56-DEBUG] 
VAL  set, TITLE	CLS0	CLS1	CLS2	MEAN
VAL  set, REC:	1.000	1.000	1.000	1.000	
VAL  set, F1 :	1.000	1.000	1.000	1.000	
VAL  set, AUC:	1.000	1.000	1.000	1.000	
VAL  set, ACC:	1.000	1.000	1.000	1.000	
VAL  set, SPE:	1.000	1.000	1.000	1.000	
[21-02-07 05:18:32-INFO] TEST_RECALL: 0.620, TIME: 35.9s
[21-02-07 05:18:32-DEBUG] 
TEST set, TITLE	CLS0	CLS1	CLS2	MEAN
TEST set, REC:	0.827	0.284	0.750	0.620	
TEST set, F1 :	0.775	0.368	0.650	0.598	
TEST set, AUC:	0.817	0.705	0.879	0.800	
TEST set, ACC:	0.753	0.722	0.838	0.771	
TEST set, SPE:	0.675	0.897	0.860	0.811	
[21-02-07 05:18:33-INFO] BEST_RECALL: 0.630, EPOCH:  20
[21-02-07 05:25:48-INFO] EPOCH: 51
[21-02-07 05:25:48-INFO] TRAIN_LOSS : 0.001, TIME: 434.1s
[21-02-07 05:26:24-INFO] VAL _RECALL: 1.000, TIME: 35.9s
[21-02-07 05:26:24-DEBUG] 
VAL  set, TITLE	CLS0	CLS1	CLS2	MEAN
VAL  set, REC:	1.000	1.000	1.000	1.000	
VAL  set, F1 :	1.000	1.000	1.000	1.000	
VAL  set, AUC:	1.000	1.000	1.000	1.000	
VAL  set, ACC:	1.000	1.000	1.000	1.000	
VAL  set, SPE:	1.000	1.000	1.000	1.000	
[21-02-07 05:27:00-INFO] TEST_RECALL: 0.590, TIME: 36.0s
[21-02-07 05:27:00-DEBUG] 
TEST set, TITLE	CLS0	CLS1	CLS2	MEAN
TEST set, REC:	0.827	0.365	0.577	0.590	
TEST set, F1 :	0.761	0.412	0.612	0.595	
TEST set, AUC:	0.804	0.694	0.872	0.790	
TEST set, ACC:	0.734	0.703	0.853	0.763	
TEST set, SPE:	0.635	0.838	0.923	0.798	
[21-02-07 05:27:01-INFO] BEST_RECALL: 0.630, EPOCH:  20
[21-02-07 05:34:16-INFO] EPOCH: 52
[21-02-07 05:34:16-INFO] TRAIN_LOSS : 0.001, TIME: 434.3s
[21-02-07 05:34:52-INFO] VAL _RECALL: 1.000, TIME: 35.9s
[21-02-07 05:34:52-DEBUG] 
VAL  set, TITLE	CLS0	CLS1	CLS2	MEAN
VAL  set, REC:	1.000	1.000	1.000	1.000	
VAL  set, F1 :	1.000	1.000	1.000	1.000	
VAL  set, AUC:	1.000	1.000	1.000	1.000	
VAL  set, ACC:	1.000	1.000	1.000	1.000	
VAL  set, SPE:	1.000	1.000	1.000	1.000	
[21-02-07 05:35:28-INFO] TEST_RECALL: 0.611, TIME: 35.9s
[21-02-07 05:35:28-DEBUG] 
TEST set, TITLE	CLS0	CLS1	CLS2	MEAN
TEST set, REC:	0.827	0.392	0.615	0.611	
TEST set, F1 :	0.777	0.433	0.634	0.615	
TEST set, AUC:	0.808	0.698	0.865	0.790	
TEST set, ACC:	0.757	0.707	0.857	0.773	
TEST set, SPE:	0.683	0.832	0.918	0.811	
[21-02-07 05:35:30-INFO] BEST_RECALL: 0.630, EPOCH:  20
[21-02-07 05:42:44-INFO] EPOCH: 53
[21-02-07 05:42:44-INFO] TRAIN_LOSS : 0.001, TIME: 434.2s
[21-02-07 05:43:20-INFO] VAL _RECALL: 1.000, TIME: 35.8s
[21-02-07 05:43:20-DEBUG] 
VAL  set, TITLE	CLS0	CLS1	CLS2	MEAN
VAL  set, REC:	1.000	1.000	1.000	1.000	
VAL  set, F1 :	1.000	1.000	1.000	1.000	
VAL  set, AUC:	1.000	1.000	1.000	1.000	
VAL  set, ACC:	1.000	1.000	1.000	1.000	
VAL  set, SPE:	1.000	1.000	1.000	1.000	
[21-02-07 05:43:56-INFO] TEST_RECALL: 0.595, TIME: 36.0s
[21-02-07 05:43:56-DEBUG] 
TEST set, TITLE	CLS0	CLS1	CLS2	MEAN
TEST set, REC:	0.835	0.392	0.558	0.595	
TEST set, F1 :	0.768	0.436	0.604	0.603	
TEST set, AUC:	0.809	0.701	0.874	0.795	
TEST set, ACC:	0.741	0.710	0.853	0.768	
TEST set, SPE:	0.643	0.838	0.928	0.803	
[21-02-07 05:43:58-INFO] BEST_RECALL: 0.630, EPOCH:  20
[21-02-07 05:51:12-INFO] EPOCH: 54
[21-02-07 05:51:12-INFO] TRAIN_LOSS : 0.000, TIME: 434.0s
[21-02-07 05:51:47-INFO] VAL _RECALL: 1.000, TIME: 35.9s
[21-02-07 05:51:47-DEBUG] 
VAL  set, TITLE	CLS0	CLS1	CLS2	MEAN
VAL  set, REC:	1.000	1.000	1.000	1.000	
VAL  set, F1 :	1.000	1.000	1.000	1.000	
VAL  set, AUC:	1.000	1.000	1.000	1.000	
VAL  set, ACC:	1.000	1.000	1.000	1.000	
VAL  set, SPE:	1.000	1.000	1.000	1.000	
[21-02-07 05:52:23-INFO] TEST_RECALL: 0.602, TIME: 36.0s
[21-02-07 05:52:23-DEBUG] 
TEST set, TITLE	CLS0	CLS1	CLS2	MEAN
TEST set, REC:	0.842	0.311	0.654	0.602	
TEST set, F1 :	0.767	0.387	0.636	0.596	
TEST set, AUC:	0.814	0.700	0.880	0.798	
TEST set, ACC:	0.737	0.718	0.849	0.768	
TEST set, SPE:	0.627	0.881	0.899	0.802	
[21-02-07 05:52:25-INFO] BEST_RECALL: 0.630, EPOCH:  20
[21-02-07 05:59:40-INFO] EPOCH: 55
[21-02-07 05:59:40-INFO] TRAIN_LOSS : 0.000, TIME: 434.3s
[21-02-07 06:00:16-INFO] VAL _RECALL: 1.000, TIME: 36.0s
[21-02-07 06:00:16-DEBUG] 
VAL  set, TITLE	CLS0	CLS1	CLS2	MEAN
VAL  set, REC:	1.000	1.000	1.000	1.000	
VAL  set, F1 :	1.000	1.000	1.000	1.000	
VAL  set, AUC:	1.000	1.000	1.000	1.000	
VAL  set, ACC:	1.000	1.000	1.000	1.000	
VAL  set, SPE:	1.000	1.000	1.000	1.000	
[21-02-07 06:00:52-INFO] TEST_RECALL: 0.603, TIME: 36.0s
[21-02-07 06:00:52-DEBUG] 
TEST set, TITLE	CLS0	CLS1	CLS2	MEAN
TEST set, REC:	0.835	0.378	0.596	0.603	
TEST set, F1 :	0.768	0.431	0.626	0.608	
TEST set, AUC:	0.812	0.698	0.879	0.796	
TEST set, ACC:	0.741	0.714	0.857	0.771	
TEST set, SPE:	0.643	0.849	0.923	0.805	
[21-02-07 06:00:54-INFO] BEST_RECALL: 0.630, EPOCH:  20
[21-02-07 06:08:07-INFO] EPOCH: 56
[21-02-07 06:08:07-INFO] TRAIN_LOSS : 0.000, TIME: 433.9s
[21-02-07 06:08:43-INFO] VAL _RECALL: 1.000, TIME: 35.9s
[21-02-07 06:08:43-DEBUG] 
VAL  set, TITLE	CLS0	CLS1	CLS2	MEAN
VAL  set, REC:	1.000	1.000	1.000	1.000	
VAL  set, F1 :	1.000	1.000	1.000	1.000	
VAL  set, AUC:	1.000	1.000	1.000	1.000	
VAL  set, ACC:	1.000	1.000	1.000	1.000	
VAL  set, SPE:	1.000	1.000	1.000	1.000	
[21-02-07 06:09:19-INFO] TEST_RECALL: 0.593, TIME: 35.9s
[21-02-07 06:09:19-DEBUG] 
TEST set, TITLE	CLS0	CLS1	CLS2	MEAN
TEST set, REC:	0.850	0.351	0.577	0.593	
TEST set, F1 :	0.761	0.416	0.625	0.601	
TEST set, AUC:	0.811	0.691	0.880	0.794	
TEST set, ACC:	0.726	0.718	0.861	0.768	
TEST set, SPE:	0.595	0.865	0.932	0.797	
[21-02-07 06:09:21-INFO] BEST_RECALL: 0.630, EPOCH:  20
[21-02-07 06:16:35-INFO] EPOCH: 57
[21-02-07 06:16:35-INFO] TRAIN_LOSS : 0.000, TIME: 434.0s
[21-02-07 06:17:11-INFO] VAL _RECALL: 1.000, TIME: 35.9s
[21-02-07 06:17:11-DEBUG] 
VAL  set, TITLE	CLS0	CLS1	CLS2	MEAN
VAL  set, REC:	1.000	1.000	1.000	1.000	
VAL  set, F1 :	1.000	1.000	1.000	1.000	
VAL  set, AUC:	1.000	1.000	1.000	1.000	
VAL  set, ACC:	1.000	1.000	1.000	1.000	
VAL  set, SPE:	1.000	1.000	1.000	1.000	
[21-02-07 06:17:47-INFO] TEST_RECALL: 0.616, TIME: 36.0s
[21-02-07 06:17:47-DEBUG] 
TEST set, TITLE	CLS0	CLS1	CLS2	MEAN
TEST set, REC:	0.827	0.405	0.615	0.616	
TEST set, F1 :	0.780	0.444	0.634	0.619	
TEST set, AUC:	0.809	0.696	0.873	0.793	
TEST set, ACC:	0.761	0.710	0.857	0.776	
TEST set, SPE:	0.690	0.832	0.918	0.814	
[21-02-07 06:17:49-INFO] BEST_RECALL: 0.630, EPOCH:  20
[21-02-07 06:25:03-INFO] EPOCH: 58
[21-02-07 06:25:03-INFO] TRAIN_LOSS : 0.001, TIME: 434.1s
[21-02-07 06:25:39-INFO] VAL _RECALL: 1.000, TIME: 36.0s
[21-02-07 06:25:39-DEBUG] 
VAL  set, TITLE	CLS0	CLS1	CLS2	MEAN
VAL  set, REC:	1.000	1.000	1.000	1.000	
VAL  set, F1 :	1.000	1.000	1.000	1.000	
VAL  set, AUC:	1.000	1.000	1.000	1.000	
VAL  set, ACC:	1.000	1.000	1.000	1.000	
VAL  set, SPE:	1.000	1.000	1.000	1.000	
[21-02-07 06:26:15-INFO] TEST_RECALL: 0.612, TIME: 35.9s
[21-02-07 06:26:15-DEBUG] 
TEST set, TITLE	CLS0	CLS1	CLS2	MEAN
TEST set, REC:	0.850	0.351	0.635	0.612	
TEST set, F1 :	0.787	0.406	0.641	0.611	
TEST set, AUC:	0.810	0.698	0.871	0.793	
TEST set, ACC:	0.764	0.707	0.857	0.776	
TEST set, SPE:	0.675	0.849	0.913	0.812	
[21-02-07 06:26:17-INFO] BEST_RECALL: 0.630, EPOCH:  20
[21-02-07 06:33:31-INFO] EPOCH: 59
[21-02-07 06:33:31-INFO] TRAIN_LOSS : 0.001, TIME: 434.2s
[21-02-07 06:34:07-INFO] VAL _RECALL: 1.000, TIME: 35.9s
[21-02-07 06:34:07-DEBUG] 
VAL  set, TITLE	CLS0	CLS1	CLS2	MEAN
VAL  set, REC:	1.000	1.000	1.000	1.000	
VAL  set, F1 :	1.000	1.000	1.000	1.000	
VAL  set, AUC:	1.000	1.000	1.000	1.000	
VAL  set, ACC:	1.000	1.000	1.000	1.000	
VAL  set, SPE:	1.000	1.000	1.000	1.000	
[21-02-07 06:34:43-INFO] TEST_RECALL: 0.611, TIME: 36.0s
[21-02-07 06:34:43-DEBUG] 
TEST set, TITLE	CLS0	CLS1	CLS2	MEAN
TEST set, REC:	0.759	0.459	0.615	0.611	
TEST set, F1 :	0.748	0.456	0.646	0.617	
TEST set, AUC:	0.800	0.693	0.862	0.785	
TEST set, ACC:	0.737	0.687	0.865	0.763	
TEST set, SPE:	0.714	0.778	0.928	0.807	
[21-02-07 06:34:45-INFO] BEST_RECALL: 0.630, EPOCH:  20
[21-02-07 06:41:58-INFO] EPOCH: 60
[21-02-07 06:41:58-INFO] TRAIN_LOSS : 0.000, TIME: 433.6s
[21-02-07 06:42:34-INFO] VAL _RECALL: 1.000, TIME: 35.9s
[21-02-07 06:42:34-DEBUG] 
VAL  set, TITLE	CLS0	CLS1	CLS2	MEAN
VAL  set, REC:	1.000	1.000	1.000	1.000	
VAL  set, F1 :	1.000	1.000	1.000	1.000	
VAL  set, AUC:	1.000	1.000	1.000	1.000	
VAL  set, ACC:	1.000	1.000	1.000	1.000	
VAL  set, SPE:	1.000	1.000	1.000	1.000	
[21-02-07 06:43:10-INFO] TEST_RECALL: 0.630, TIME: 35.9s
[21-02-07 06:43:10-DEBUG] 
TEST set, TITLE	CLS0	CLS1	CLS2	MEAN
TEST set, REC:	0.820	0.378	0.692	0.630	
TEST set, F1 :	0.776	0.441	0.655	0.624	
TEST set, AUC:	0.810	0.699	0.864	0.791	
TEST set, ACC:	0.757	0.726	0.853	0.779	
TEST set, SPE:	0.690	0.865	0.894	0.816	
[21-02-07 06:43:12-INFO] BEST_RECALL: 0.630, EPOCH:  20
[21-02-07 06:50:26-INFO] EPOCH: 61
[21-02-07 06:50:26-INFO] TRAIN_LOSS : 0.000, TIME: 434.0s
[21-02-07 06:51:02-INFO] VAL _RECALL: 1.000, TIME: 35.9s
[21-02-07 06:51:02-DEBUG] 
VAL  set, TITLE	CLS0	CLS1	CLS2	MEAN
VAL  set, REC:	1.000	1.000	1.000	1.000	
VAL  set, F1 :	1.000	1.000	1.000	1.000	
VAL  set, AUC:	1.000	1.000	1.000	1.000	
VAL  set, ACC:	1.000	1.000	1.000	1.000	
VAL  set, SPE:	1.000	1.000	1.000	1.000	
[21-02-07 06:51:38-INFO] TEST_RECALL: 0.605, TIME: 36.0s
[21-02-07 06:51:38-DEBUG] 
TEST set, TITLE	CLS0	CLS1	CLS2	MEAN
TEST set, REC:	0.835	0.365	0.615	0.605	
TEST set, F1 :	0.766	0.419	0.646	0.610	
TEST set, AUC:	0.813	0.695	0.870	0.793	
TEST set, ACC:	0.737	0.710	0.865	0.771	
TEST set, SPE:	0.635	0.849	0.928	0.804	
[21-02-07 06:51:40-INFO] BEST_RECALL: 0.630, EPOCH:  20
[21-02-07 06:58:54-INFO] EPOCH: 62
[21-02-07 06:58:54-INFO] TRAIN_LOSS : 0.000, TIME: 434.1s
[21-02-07 06:59:30-INFO] VAL _RECALL: 1.000, TIME: 36.0s
[21-02-07 06:59:30-DEBUG] 
VAL  set, TITLE	CLS0	CLS1	CLS2	MEAN
VAL  set, REC:	1.000	1.000	1.000	1.000	
VAL  set, F1 :	1.000	1.000	1.000	1.000	
VAL  set, AUC:	1.000	1.000	1.000	1.000	
VAL  set, ACC:	1.000	1.000	1.000	1.000	
VAL  set, SPE:	1.000	1.000	1.000	1.000	
[21-02-07 07:00:06-INFO] TEST_RECALL: 0.604, TIME: 35.9s
[21-02-07 07:00:06-DEBUG] 
TEST set, TITLE	CLS0	CLS1	CLS2	MEAN
TEST set, REC:	0.850	0.365	0.596	0.604	
TEST set, F1 :	0.769	0.422	0.646	0.612	
TEST set, AUC:	0.806	0.691	0.868	0.789	
TEST set, ACC:	0.737	0.714	0.869	0.773	
TEST set, SPE:	0.619	0.854	0.937	0.803	
[21-02-07 07:00:08-INFO] BEST_RECALL: 0.630, EPOCH:  20
[21-02-07 07:07:22-INFO] EPOCH: 63
[21-02-07 07:07:22-INFO] TRAIN_LOSS : 0.000, TIME: 434.3s
[21-02-07 07:07:58-INFO] VAL _RECALL: 1.000, TIME: 35.9s
[21-02-07 07:07:58-DEBUG] 
VAL  set, TITLE	CLS0	CLS1	CLS2	MEAN
VAL  set, REC:	1.000	1.000	1.000	1.000	
VAL  set, F1 :	1.000	1.000	1.000	1.000	
VAL  set, AUC:	1.000	1.000	1.000	1.000	
VAL  set, ACC:	1.000	1.000	1.000	1.000	
VAL  set, SPE:	1.000	1.000	1.000	1.000	
[21-02-07 07:08:34-INFO] TEST_RECALL: 0.602, TIME: 35.9s
[21-02-07 07:08:34-DEBUG] 
TEST set, TITLE	CLS0	CLS1	CLS2	MEAN
TEST set, REC:	0.850	0.378	0.577	0.602	
TEST set, F1 :	0.769	0.431	0.638	0.613	
TEST set, AUC:	0.804	0.691	0.869	0.788	
TEST set, ACC:	0.737	0.714	0.869	0.773	
TEST set, SPE:	0.619	0.849	0.942	0.803	
[21-02-07 07:08:36-INFO] BEST_RECALL: 0.630, EPOCH:  20
[21-02-07 07:15:50-INFO] EPOCH: 64
[21-02-07 07:15:50-INFO] TRAIN_LOSS : 0.000, TIME: 434.0s
[21-02-07 07:16:26-INFO] VAL _RECALL: 1.000, TIME: 35.8s
[21-02-07 07:16:26-DEBUG] 
VAL  set, TITLE	CLS0	CLS1	CLS2	MEAN
VAL  set, REC:	1.000	1.000	1.000	1.000	
VAL  set, F1 :	1.000	1.000	1.000	1.000	
VAL  set, AUC:	1.000	1.000	1.000	1.000	
VAL  set, ACC:	1.000	1.000	1.000	1.000	
VAL  set, SPE:	1.000	1.000	1.000	1.000	
[21-02-07 07:17:02-INFO] TEST_RECALL: 0.576, TIME: 36.0s
[21-02-07 07:17:02-DEBUG] 
TEST set, TITLE	CLS0	CLS1	CLS2	MEAN
TEST set, REC:	0.850	0.378	0.500	0.576	
TEST set, F1 :	0.761	0.427	0.578	0.589	
TEST set, AUC:	0.804	0.691	0.860	0.785	
TEST set, ACC:	0.726	0.710	0.853	0.763	
TEST set, SPE:	0.595	0.843	0.942	0.794	
[21-02-07 07:17:03-INFO] BEST_RECALL: 0.630, EPOCH:  20
[21-02-07 07:24:17-INFO] EPOCH: 65
[21-02-07 07:24:17-INFO] TRAIN_LOSS : 0.000, TIME: 433.9s
[21-02-07 07:24:53-INFO] VAL _RECALL: 1.000, TIME: 36.0s
[21-02-07 07:24:53-DEBUG] 
VAL  set, TITLE	CLS0	CLS1	CLS2	MEAN
VAL  set, REC:	1.000	1.000	1.000	1.000	
VAL  set, F1 :	1.000	1.000	1.000	1.000	
VAL  set, AUC:	1.000	1.000	1.000	1.000	
VAL  set, ACC:	1.000	1.000	1.000	1.000	
VAL  set, SPE:	1.000	1.000	1.000	1.000	
[21-02-07 07:25:29-INFO] TEST_RECALL: 0.602, TIME: 35.9s
[21-02-07 07:25:29-DEBUG] 
TEST set, TITLE	CLS0	CLS1	CLS2	MEAN
TEST set, REC:	0.827	0.324	0.654	0.602	
TEST set, F1 :	0.764	0.390	0.636	0.597	
TEST set, AUC:	0.810	0.697	0.862	0.789	
TEST set, ACC:	0.737	0.710	0.849	0.766	
TEST set, SPE:	0.643	0.865	0.899	0.802	
[21-02-07 07:25:31-INFO] BEST_RECALL: 0.630, EPOCH:  20
[21-02-07 07:32:45-INFO] EPOCH: 66
[21-02-07 07:32:45-INFO] TRAIN_LOSS : 0.000, TIME: 433.6s
[21-02-07 07:33:21-INFO] VAL _RECALL: 1.000, TIME: 35.9s
[21-02-07 07:33:21-DEBUG] 
VAL  set, TITLE	CLS0	CLS1	CLS2	MEAN
VAL  set, REC:	1.000	1.000	1.000	1.000	
VAL  set, F1 :	1.000	1.000	1.000	1.000	
VAL  set, AUC:	1.000	1.000	1.000	1.000	
VAL  set, ACC:	1.000	1.000	1.000	1.000	
VAL  set, SPE:	1.000	1.000	1.000	1.000	
[21-02-07 07:33:57-INFO] TEST_RECALL: 0.599, TIME: 36.0s
[21-02-07 07:33:57-DEBUG] 
TEST set, TITLE	CLS0	CLS1	CLS2	MEAN
TEST set, REC:	0.842	0.378	0.577	0.599	
TEST set, F1 :	0.767	0.431	0.625	0.608	
TEST set, AUC:	0.802	0.690	0.864	0.785	
TEST set, ACC:	0.737	0.714	0.861	0.771	
TEST set, SPE:	0.627	0.849	0.932	0.803	
[21-02-07 07:33:59-INFO] BEST_RECALL: 0.630, EPOCH:  20
[21-02-07 07:41:13-INFO] EPOCH: 67
[21-02-07 07:41:13-INFO] TRAIN_LOSS : 0.000, TIME: 433.9s
[21-02-07 07:41:49-INFO] VAL _RECALL: 1.000, TIME: 35.9s
[21-02-07 07:41:49-DEBUG] 
VAL  set, TITLE	CLS0	CLS1	CLS2	MEAN
VAL  set, REC:	1.000	1.000	1.000	1.000	
VAL  set, F1 :	1.000	1.000	1.000	1.000	
VAL  set, AUC:	1.000	1.000	1.000	1.000	
VAL  set, ACC:	1.000	1.000	1.000	1.000	
VAL  set, SPE:	1.000	1.000	1.000	1.000	
[21-02-07 07:42:24-INFO] TEST_RECALL: 0.576, TIME: 35.9s
[21-02-07 07:42:24-DEBUG] 
TEST set, TITLE	CLS0	CLS1	CLS2	MEAN
TEST set, REC:	0.850	0.378	0.500	0.576	
TEST set, F1 :	0.758	0.427	0.584	0.590	
TEST set, AUC:	0.803	0.687	0.864	0.785	
TEST set, ACC:	0.722	0.710	0.857	0.763	
TEST set, SPE:	0.587	0.843	0.947	0.792	
[21-02-07 07:42:26-INFO] BEST_RECALL: 0.630, EPOCH:  20
[21-02-07 07:49:40-INFO] EPOCH: 68
[21-02-07 07:49:40-INFO] TRAIN_LOSS : 0.000, TIME: 434.2s
[21-02-07 07:50:16-INFO] VAL _RECALL: 1.000, TIME: 36.0s
[21-02-07 07:50:16-DEBUG] 
VAL  set, TITLE	CLS0	CLS1	CLS2	MEAN
VAL  set, REC:	1.000	1.000	1.000	1.000	
VAL  set, F1 :	1.000	1.000	1.000	1.000	
VAL  set, AUC:	1.000	1.000	1.000	1.000	
VAL  set, ACC:	1.000	1.000	1.000	1.000	
VAL  set, SPE:	1.000	1.000	1.000	1.000	
[21-02-07 07:50:52-INFO] TEST_RECALL: 0.594, TIME: 35.9s
[21-02-07 07:50:52-DEBUG] 
TEST set, TITLE	CLS0	CLS1	CLS2	MEAN
TEST set, REC:	0.835	0.351	0.596	0.594	
TEST set, F1 :	0.758	0.406	0.639	0.601	
TEST set, AUC:	0.800	0.689	0.861	0.783	
TEST set, ACC:	0.726	0.707	0.865	0.766	
TEST set, SPE:	0.611	0.849	0.932	0.797	
[21-02-07 07:50:54-INFO] BEST_RECALL: 0.630, EPOCH:  20
[21-02-07 07:58:08-INFO] EPOCH: 69
[21-02-07 07:58:08-INFO] TRAIN_LOSS : 0.000, TIME: 434.0s
[21-02-07 07:58:44-INFO] VAL _RECALL: 1.000, TIME: 35.9s
[21-02-07 07:58:44-DEBUG] 
VAL  set, TITLE	CLS0	CLS1	CLS2	MEAN
VAL  set, REC:	1.000	1.000	1.000	1.000	
VAL  set, F1 :	1.000	1.000	1.000	1.000	
VAL  set, AUC:	1.000	1.000	1.000	1.000	
VAL  set, ACC:	1.000	1.000	1.000	1.000	
VAL  set, SPE:	1.000	1.000	1.000	1.000	
[21-02-07 07:59:20-INFO] TEST_RECALL: 0.597, TIME: 36.0s
[21-02-07 07:59:20-DEBUG] 
TEST set, TITLE	CLS0	CLS1	CLS2	MEAN
TEST set, REC:	0.827	0.311	0.654	0.597	
TEST set, F1 :	0.764	0.383	0.618	0.588	
TEST set, AUC:	0.818	0.701	0.861	0.793	
TEST set, ACC:	0.737	0.714	0.838	0.763	
TEST set, SPE:	0.643	0.876	0.884	0.801	
[21-02-07 07:59:22-INFO] BEST_RECALL: 0.630, EPOCH:  20
