[21-02-06 02:44:33-DEBUG] Checkpoints is in:
./results/checkpoints/20210206/3D_ResNet34-0-024431/
[21-02-06 02:44:33-DEBUG] Tensorboard is in:
./results/tensorboards/20210206/3D_ResNet34-0-024431/
[21-02-06 02:44:33-DEBUG] Data is in:
./data/Net_Input/3D_64_z1.0_l0.70_h0.10_20210125/
[21-02-06 02:44:33-DEBUG] LR: 3e-05, LD: 0.98
[21-02-06 02:44:33-DEBUG] WD: 1e-05, WU: 20
[21-02-06 02:44:33-DEBUG] BS: 4, FOLD: 0


[21-02-06 02:51:55-INFO] EPOCH: 1
[21-02-06 02:51:55-INFO] TRAIN_LOSS : 1.039, TIME: 435.0s
[21-02-06 02:52:31-INFO] VAL _RECALL: 0.431, TIME: 35.9s
[21-02-06 02:52:31-DEBUG] 
VAL  set, TITLE	CLS0	CLS1	CLS2	MEAN
VAL  set, REC:	0.455	0.839	0.000	0.431	
VAL  set, F1 :	0.561	0.403	0.000	0.321	
VAL  set, AUC:	0.725	0.586	0.771	0.694	
VAL  set, ACC:	0.637	0.463	0.726	0.609	
VAL  set, SPE:	0.827	0.360	1.000	0.729	
[21-02-06 02:53:07-INFO] TEST_RECALL: 0.403, TIME: 36.1s
[21-02-06 02:53:07-DEBUG] 
TEST set, TITLE	CLS0	CLS1	CLS2	MEAN
TEST set, REC:	0.488	0.720	0.000	0.403	
TEST set, F1 :	0.562	0.450	0.000	0.337	
TEST set, AUC:	0.697	0.594	0.726	0.672	
TEST set, ACC:	0.623	0.492	0.785	0.633	
TEST set, SPE:	0.756	0.400	1.000	0.719	
[21-02-06 02:53:08-INFO] BEST_RECALL: 0.403, EPOCH:   1
[21-02-06 03:00:23-INFO] EPOCH: 2
[21-02-06 03:00:23-INFO] TRAIN_LOSS : 0.979, TIME: 435.3s
[21-02-06 03:00:59-INFO] VAL _RECALL: 0.452, TIME: 35.8s
[21-02-06 03:00:59-DEBUG] 
VAL  set, TITLE	CLS0	CLS1	CLS2	MEAN
VAL  set, REC:	0.962	0.125	0.268	0.452	
VAL  set, F1 :	0.758	0.163	0.392	0.438	
VAL  set, AUC:	0.853	0.660	0.845	0.786	
VAL  set, ACC:	0.687	0.722	0.772	0.727	
VAL  set, SPE:	0.402	0.887	0.963	0.750	
[21-02-06 03:01:35-INFO] TEST_RECALL: 0.456, TIME: 36.0s
[21-02-06 03:01:35-DEBUG] 
TEST set, TITLE	CLS0	CLS1	CLS2	MEAN
TEST set, REC:	0.922	0.213	0.232	0.456	
TEST set, F1 :	0.726	0.271	0.351	0.449	
TEST set, AUC:	0.797	0.628	0.800	0.741	
TEST set, ACC:	0.654	0.669	0.815	0.713	
TEST set, SPE:	0.389	0.854	0.975	0.740	
[21-02-06 03:01:37-INFO] BEST_RECALL: 0.456, EPOCH:   2
[21-02-06 03:08:52-INFO] EPOCH: 3
[21-02-06 03:08:52-INFO] TRAIN_LOSS : 0.901, TIME: 435.2s
[21-02-06 03:09:28-INFO] VAL _RECALL: 0.584, TIME: 35.8s
[21-02-06 03:09:28-DEBUG] 
VAL  set, TITLE	CLS0	CLS1	CLS2	MEAN
VAL  set, REC:	0.780	0.071	0.901	0.584	
VAL  set, F1 :	0.777	0.127	0.674	0.526	
VAL  set, AUC:	0.878	0.686	0.903	0.822	
VAL  set, ACC:	0.772	0.788	0.761	0.773	
VAL  set, SPE:	0.764	0.985	0.707	0.819	
[21-02-06 03:10:04-INFO] TEST_RECALL: 0.535, TIME: 36.0s
[21-02-06 03:10:04-DEBUG] 
TEST set, TITLE	CLS0	CLS1	CLS2	MEAN
TEST set, REC:	0.775	0.080	0.750	0.535	
TEST set, F1 :	0.738	0.136	0.522	0.465	
TEST set, AUC:	0.809	0.652	0.829	0.763	
TEST set, ACC:	0.727	0.708	0.704	0.713	
TEST set, SPE:	0.679	0.962	0.691	0.778	
[21-02-06 03:10:06-INFO] BEST_RECALL: 0.535, EPOCH:   3
[21-02-06 03:17:21-INFO] EPOCH: 4
[21-02-06 03:17:21-INFO] TRAIN_LOSS : 0.860, TIME: 435.2s
[21-02-06 03:17:57-INFO] VAL _RECALL: 0.563, TIME: 35.9s
[21-02-06 03:17:57-DEBUG] 
VAL  set, TITLE	CLS0	CLS1	CLS2	MEAN
VAL  set, REC:	0.803	0.000	0.887	0.563	
VAL  set, F1 :	0.785	0.000	0.656	0.480	
VAL  set, AUC:	0.880	0.637	0.883	0.800	
VAL  set, ACC:	0.776	0.784	0.745	0.768	
VAL  set, SPE:	0.748	1.000	0.691	0.813	
[21-02-06 03:18:33-INFO] TEST_RECALL: 0.540, TIME: 36.0s
[21-02-06 03:18:33-DEBUG] 
TEST set, TITLE	CLS0	CLS1	CLS2	MEAN
TEST set, REC:	0.798	0.000	0.821	0.540	
TEST set, F1 :	0.760	0.000	0.529	0.430	
TEST set, AUC:	0.809	0.513	0.796	0.706	
TEST set, ACC:	0.750	0.712	0.685	0.715	
TEST set, SPE:	0.702	1.000	0.647	0.783	
[21-02-06 03:18:35-INFO] BEST_RECALL: 0.540, EPOCH:   4
[21-02-06 03:25:50-INFO] EPOCH: 5
[21-02-06 03:25:50-INFO] TRAIN_LOSS : 0.807, TIME: 435.1s
[21-02-06 03:26:26-INFO] VAL _RECALL: 0.622, TIME: 35.8s
[21-02-06 03:26:26-DEBUG] 
VAL  set, TITLE	CLS0	CLS1	CLS2	MEAN
VAL  set, REC:	0.962	0.018	0.887	0.622	
VAL  set, F1 :	0.833	0.035	0.808	0.559	
VAL  set, AUC:	0.915	0.795	0.945	0.885	
VAL  set, ACC:	0.803	0.788	0.884	0.825	
VAL  set, SPE:	0.638	1.000	0.883	0.840	
[21-02-06 03:27:02-INFO] TEST_RECALL: 0.535, TIME: 36.1s
[21-02-06 03:27:02-DEBUG] 
TEST set, TITLE	CLS0	CLS1	CLS2	MEAN
TEST set, REC:	0.899	0.027	0.679	0.535	
TEST set, F1 :	0.771	0.050	0.547	0.456	
TEST set, AUC:	0.825	0.669	0.824	0.773	
TEST set, ACC:	0.735	0.708	0.758	0.733	
TEST set, SPE:	0.573	0.984	0.779	0.779	
[21-02-06 03:27:02-INFO] BEST_RECALL: 0.540, EPOCH:   4
[21-02-06 03:34:17-INFO] EPOCH: 6
[21-02-06 03:34:17-INFO] TRAIN_LOSS : 0.771, TIME: 435.0s
[21-02-06 03:34:53-INFO] VAL _RECALL: 0.667, TIME: 35.8s
[21-02-06 03:34:53-DEBUG] 
VAL  set, TITLE	CLS0	CLS1	CLS2	MEAN
VAL  set, REC:	0.871	0.821	0.310	0.667	
VAL  set, F1 :	0.888	0.554	0.473	0.638	
VAL  set, AUC:	0.947	0.805	0.963	0.905	
VAL  set, ACC:	0.888	0.714	0.811	0.804	
VAL  set, SPE:	0.906	0.685	1.000	0.863	
[21-02-06 03:35:29-INFO] TEST_RECALL: 0.540, TIME: 36.1s
[21-02-06 03:35:29-DEBUG] 
TEST set, TITLE	CLS0	CLS1	CLS2	MEAN
TEST set, REC:	0.744	0.680	0.196	0.540	
TEST set, F1 :	0.753	0.515	0.328	0.532	
TEST set, AUC:	0.846	0.702	0.858	0.802	
TEST set, ACC:	0.758	0.631	0.827	0.738	
TEST set, SPE:	0.771	0.611	1.000	0.794	
[21-02-06 03:35:31-INFO] BEST_RECALL: 0.540, EPOCH:   6
[21-02-06 03:42:46-INFO] EPOCH: 7
[21-02-06 03:42:46-INFO] TRAIN_LOSS : 0.736, TIME: 435.0s
[21-02-06 03:43:22-INFO] VAL _RECALL: 0.333, TIME: 35.7s
[21-02-06 03:43:22-DEBUG] 
VAL  set, TITLE	CLS0	CLS1	CLS2	MEAN
VAL  set, REC:	1.000	0.000	0.000	0.333	
VAL  set, F1 :	0.675	0.000	0.000	0.225	
VAL  set, AUC:	0.928	0.627	0.962	0.839	
VAL  set, ACC:	0.510	0.784	0.726	0.673	
VAL  set, SPE:	0.000	1.000	1.000	0.667	
[21-02-06 03:43:58-INFO] TEST_RECALL: 0.333, TIME: 36.2s
[21-02-06 03:43:58-DEBUG] 
TEST set, TITLE	CLS0	CLS1	CLS2	MEAN
TEST set, REC:	1.000	0.000	0.000	0.333	
TEST set, F1 :	0.663	0.000	0.000	0.221	
TEST set, AUC:	0.832	0.644	0.852	0.776	
TEST set, ACC:	0.496	0.712	0.785	0.664	
TEST set, SPE:	0.000	1.000	1.000	0.667	
[21-02-06 03:44:00-INFO] BEST_RECALL: 0.540, EPOCH:   6
[21-02-06 03:51:15-INFO] EPOCH: 8
[21-02-06 03:51:15-INFO] TRAIN_LOSS : 0.727, TIME: 435.2s
[21-02-06 03:51:51-INFO] VAL _RECALL: 0.520, TIME: 35.9s
[21-02-06 03:51:51-DEBUG] 
VAL  set, TITLE	CLS0	CLS1	CLS2	MEAN
VAL  set, REC:	0.235	0.339	0.986	0.520	
VAL  set, F1 :	0.378	0.268	0.660	0.435	
VAL  set, AUC:	0.940	0.575	0.962	0.826	
VAL  set, ACC:	0.606	0.598	0.722	0.642	
VAL  set, SPE:	0.992	0.670	0.622	0.761	
[21-02-06 03:52:27-INFO] TEST_RECALL: 0.453, TIME: 36.1s
[21-02-06 03:52:27-DEBUG] 
TEST set, TITLE	CLS0	CLS1	CLS2	MEAN
TEST set, REC:	0.155	0.293	0.911	0.453	
TEST set, F1 :	0.265	0.277	0.486	0.342	
TEST set, AUC:	0.806	0.497	0.803	0.702	
TEST set, ACC:	0.573	0.558	0.585	0.572	
TEST set, SPE:	0.985	0.665	0.495	0.715	
[21-02-06 03:52:29-INFO] BEST_RECALL: 0.540, EPOCH:   6
[21-02-06 03:59:44-INFO] EPOCH: 9
[21-02-06 03:59:44-INFO] TRAIN_LOSS : 0.661, TIME: 435.1s
[21-02-06 04:00:20-INFO] VAL _RECALL: 0.775, TIME: 35.9s
[21-02-06 04:00:20-DEBUG] 
VAL  set, TITLE	CLS0	CLS1	CLS2	MEAN
VAL  set, REC:	0.871	0.750	0.704	0.775	
VAL  set, F1 :	0.871	0.641	0.813	0.775	
VAL  set, AUC:	0.948	0.866	0.973	0.929	
VAL  set, ACC:	0.869	0.819	0.911	0.866	
VAL  set, SPE:	0.866	0.837	0.989	0.898	
[21-02-06 04:00:56-INFO] TEST_RECALL: 0.563, TIME: 36.1s
[21-02-06 04:00:56-DEBUG] 
TEST set, TITLE	CLS0	CLS1	CLS2	MEAN
TEST set, REC:	0.775	0.573	0.339	0.563	
TEST set, F1 :	0.755	0.491	0.475	0.574	
TEST set, AUC:	0.834	0.698	0.791	0.774	
TEST set, ACC:	0.750	0.658	0.838	0.749	
TEST set, SPE:	0.725	0.692	0.975	0.798	
[21-02-06 04:01:00-INFO] BEST_RECALL: 0.563, EPOCH:   9
[21-02-06 04:08:15-INFO] EPOCH: 10
[21-02-06 04:08:15-INFO] TRAIN_LOSS : 0.639, TIME: 434.8s
[21-02-06 04:08:50-INFO] VAL _RECALL: 0.824, TIME: 35.7s
[21-02-06 04:08:50-DEBUG] 
VAL  set, TITLE	CLS0	CLS1	CLS2	MEAN
VAL  set, REC:	0.955	0.589	0.930	0.824	
VAL  set, F1 :	0.903	0.660	0.950	0.838	
VAL  set, AUC:	0.976	0.938	0.996	0.970	
VAL  set, ACC:	0.896	0.869	0.973	0.912	
VAL  set, SPE:	0.835	0.946	0.989	0.923	
[21-02-06 04:09:26-INFO] TEST_RECALL: 0.570, TIME: 36.1s
[21-02-06 04:09:26-DEBUG] 
TEST set, TITLE	CLS0	CLS1	CLS2	MEAN
TEST set, REC:	0.775	0.400	0.536	0.570	
TEST set, F1 :	0.752	0.423	0.536	0.570	
TEST set, AUC:	0.815	0.687	0.845	0.782	
TEST set, ACC:	0.746	0.685	0.800	0.744	
TEST set, SPE:	0.718	0.800	0.873	0.797	
[21-02-06 04:09:30-INFO] BEST_RECALL: 0.570, EPOCH:  10
[21-02-06 04:16:45-INFO] EPOCH: 11
[21-02-06 04:16:45-INFO] TRAIN_LOSS : 0.609, TIME: 434.9s
[21-02-06 04:17:21-INFO] VAL _RECALL: 0.493, TIME: 35.7s
[21-02-06 04:17:21-DEBUG] 
VAL  set, TITLE	CLS0	CLS1	CLS2	MEAN
VAL  set, REC:	1.000	0.000	0.479	0.493	
VAL  set, F1 :	0.746	0.000	0.630	0.458	
VAL  set, AUC:	0.984	0.864	0.955	0.934	
VAL  set, ACC:	0.653	0.784	0.846	0.761	
VAL  set, SPE:	0.291	1.000	0.984	0.758	
[21-02-06 04:17:57-INFO] TEST_RECALL: 0.390, TIME: 36.0s
[21-02-06 04:17:57-DEBUG] 
TEST set, TITLE	CLS0	CLS1	CLS2	MEAN
TEST set, REC:	0.992	0.000	0.179	0.390	
TEST set, F1 :	0.688	0.000	0.274	0.321	
TEST set, AUC:	0.812	0.660	0.782	0.751	
TEST set, ACC:	0.554	0.712	0.796	0.687	
TEST set, SPE:	0.122	1.000	0.966	0.696	
[21-02-06 04:17:59-INFO] BEST_RECALL: 0.570, EPOCH:  10
[21-02-06 04:25:13-INFO] EPOCH: 12
[21-02-06 04:25:13-INFO] TRAIN_LOSS : 0.565, TIME: 434.9s
[21-02-06 04:25:49-INFO] VAL _RECALL: 0.678, TIME: 35.9s
[21-02-06 04:25:49-DEBUG] 
VAL  set, TITLE	CLS0	CLS1	CLS2	MEAN
VAL  set, REC:	1.000	0.161	0.873	0.678	
VAL  set, F1 :	0.849	0.277	0.873	0.666	
VAL  set, AUC:	0.995	0.951	0.986	0.977	
VAL  set, ACC:	0.819	0.819	0.931	0.856	
VAL  set, SPE:	0.630	1.000	0.952	0.861	
[21-02-06 04:26:25-INFO] TEST_RECALL: 0.499, TIME: 36.0s
[21-02-06 04:26:25-DEBUG] 
TEST set, TITLE	CLS0	CLS1	CLS2	MEAN
TEST set, REC:	0.961	0.053	0.482	0.499	
TEST set, F1 :	0.734	0.099	0.535	0.456	
TEST set, AUC:	0.827	0.690	0.833	0.783	
TEST set, ACC:	0.654	0.719	0.819	0.731	
TEST set, SPE:	0.351	0.989	0.912	0.751	
[21-02-06 04:26:27-INFO] BEST_RECALL: 0.570, EPOCH:  10
[21-02-06 04:33:42-INFO] EPOCH: 13
[21-02-06 04:33:42-INFO] TRAIN_LOSS : 0.513, TIME: 434.8s
[21-02-06 04:34:18-INFO] VAL _RECALL: 0.667, TIME: 35.7s
[21-02-06 04:34:18-DEBUG] 
VAL  set, TITLE	CLS0	CLS1	CLS2	MEAN
VAL  set, REC:	0.182	0.875	0.944	0.667	
VAL  set, F1 :	0.308	0.452	0.924	0.561	
VAL  set, AUC:	0.994	0.751	0.985	0.910	
VAL  set, ACC:	0.583	0.541	0.958	0.694	
VAL  set, SPE:	1.000	0.448	0.963	0.804	
[21-02-06 04:34:54-INFO] TEST_RECALL: 0.455, TIME: 36.0s
[21-02-06 04:34:54-DEBUG] 
TEST set, TITLE	CLS0	CLS1	CLS2	MEAN
TEST set, REC:	0.101	0.747	0.518	0.455	
TEST set, F1 :	0.182	0.418	0.532	0.377	
TEST set, AUC:	0.832	0.541	0.830	0.734	
TEST set, ACC:	0.550	0.400	0.804	0.585	
TEST set, SPE:	0.992	0.259	0.882	0.711	
[21-02-06 04:34:56-INFO] BEST_RECALL: 0.570, EPOCH:  10
[21-02-06 04:42:10-INFO] EPOCH: 14
[21-02-06 04:42:10-INFO] TRAIN_LOSS : 0.458, TIME: 434.8s
[21-02-06 04:42:46-INFO] VAL _RECALL: 0.792, TIME: 35.8s
[21-02-06 04:42:46-DEBUG] 
VAL  set, TITLE	CLS0	CLS1	CLS2	MEAN
VAL  set, REC:	0.977	0.893	0.507	0.792	
VAL  set, F1 :	0.942	0.730	0.673	0.781	
VAL  set, AUC:	0.995	0.949	0.993	0.979	
VAL  set, ACC:	0.938	0.857	0.865	0.887	
VAL  set, SPE:	0.898	0.847	1.000	0.915	
[21-02-06 04:43:22-INFO] TEST_RECALL: 0.516, TIME: 36.0s
[21-02-06 04:43:22-DEBUG] 
TEST set, TITLE	CLS0	CLS1	CLS2	MEAN
TEST set, REC:	0.884	0.467	0.196	0.516	
TEST set, F1 :	0.760	0.458	0.328	0.515	
TEST set, AUC:	0.821	0.681	0.834	0.779	
TEST set, ACC:	0.723	0.681	0.827	0.744	
TEST set, SPE:	0.565	0.768	1.000	0.777	
[21-02-06 04:43:24-INFO] BEST_RECALL: 0.570, EPOCH:  10
[21-02-06 04:50:39-INFO] EPOCH: 15
[21-02-06 04:50:39-INFO] TRAIN_LOSS : 0.463, TIME: 434.6s
[21-02-06 04:51:15-INFO] VAL _RECALL: 0.526, TIME: 35.8s
[21-02-06 04:51:15-DEBUG] 
VAL  set, TITLE	CLS0	CLS1	CLS2	MEAN
VAL  set, REC:	0.311	0.268	1.000	0.526	
VAL  set, F1 :	0.474	0.242	0.643	0.453	
VAL  set, AUC:	0.988	0.591	0.996	0.858	
VAL  set, ACC:	0.649	0.637	0.695	0.660	
VAL  set, SPE:	1.000	0.739	0.580	0.773	
[21-02-06 04:51:51-INFO] TEST_RECALL: 0.402, TIME: 36.1s
[21-02-06 04:51:51-DEBUG] 
TEST set, TITLE	CLS0	CLS1	CLS2	MEAN
TEST set, REC:	0.140	0.173	0.893	0.402	
TEST set, F1 :	0.245	0.173	0.448	0.289	
TEST set, AUC:	0.858	0.431	0.813	0.701	
TEST set, ACC:	0.573	0.523	0.527	0.541	
TEST set, SPE:	1.000	0.665	0.426	0.697	
[21-02-06 04:51:53-INFO] BEST_RECALL: 0.570, EPOCH:  10
[21-02-06 04:59:07-INFO] EPOCH: 16
[21-02-06 04:59:07-INFO] TRAIN_LOSS : 0.388, TIME: 434.7s
[21-02-06 04:59:43-INFO] VAL _RECALL: 0.413, TIME: 35.7s
[21-02-06 04:59:43-DEBUG] 
VAL  set, TITLE	CLS0	CLS1	CLS2	MEAN
VAL  set, REC:	0.167	0.071	1.000	0.413	
VAL  set, F1 :	0.286	0.114	0.483	0.294	
VAL  set, AUC:	0.976	0.773	0.943	0.897	
VAL  set, ACC:	0.575	0.761	0.413	0.583	
VAL  set, SPE:	1.000	0.951	0.191	0.714	
[21-02-06 05:00:19-INFO] TEST_RECALL: 0.351, TIME: 36.1s
[21-02-06 05:00:19-DEBUG] 
TEST set, TITLE	CLS0	CLS1	CLS2	MEAN
TEST set, REC:	0.054	0.053	0.946	0.351	
TEST set, F1 :	0.103	0.088	0.362	0.184	
TEST set, AUC:	0.832	0.498	0.752	0.694	
TEST set, ACC:	0.531	0.681	0.281	0.497	
TEST set, SPE:	1.000	0.935	0.098	0.678	
[21-02-06 05:00:21-INFO] BEST_RECALL: 0.570, EPOCH:  10
[21-02-06 05:07:36-INFO] EPOCH: 17
[21-02-06 05:07:36-INFO] TRAIN_LOSS : 0.419, TIME: 434.5s
[21-02-06 05:08:11-INFO] VAL _RECALL: 0.776, TIME: 35.8s
[21-02-06 05:08:11-DEBUG] 
VAL  set, TITLE	CLS0	CLS1	CLS2	MEAN
VAL  set, REC:	0.992	0.393	0.944	0.776	
VAL  set, F1 :	0.879	0.564	0.944	0.796	
VAL  set, AUC:	0.989	0.976	0.994	0.986	
VAL  set, ACC:	0.861	0.869	0.969	0.900	
VAL  set, SPE:	0.724	1.000	0.979	0.901	
[21-02-06 05:08:48-INFO] TEST_RECALL: 0.481, TIME: 36.1s
[21-02-06 05:08:48-DEBUG] 
TEST set, TITLE	CLS0	CLS1	CLS2	MEAN
TEST set, REC:	0.938	0.040	0.464	0.481	
TEST set, F1 :	0.712	0.073	0.531	0.439	
TEST set, AUC:	0.783	0.603	0.816	0.734	
TEST set, ACC:	0.623	0.708	0.823	0.718	
TEST set, SPE:	0.313	0.978	0.922	0.738	
[21-02-06 05:08:49-INFO] BEST_RECALL: 0.570, EPOCH:  10
[21-02-06 05:16:04-INFO] EPOCH: 18
[21-02-06 05:16:04-INFO] TRAIN_LOSS : 0.303, TIME: 434.6s
[21-02-06 05:16:40-INFO] VAL _RECALL: 0.826, TIME: 35.7s
[21-02-06 05:16:40-DEBUG] 
VAL  set, TITLE	CLS0	CLS1	CLS2	MEAN
VAL  set, REC:	0.970	0.536	0.972	0.826	
VAL  set, F1 :	0.938	0.682	0.879	0.833	
VAL  set, AUC:	0.986	0.970	0.992	0.983	
VAL  set, ACC:	0.934	0.892	0.927	0.918	
VAL  set, SPE:	0.898	0.990	0.910	0.932	
[21-02-06 05:17:16-INFO] TEST_RECALL: 0.538, TIME: 36.1s
[21-02-06 05:17:16-DEBUG] 
TEST set, TITLE	CLS0	CLS1	CLS2	MEAN
TEST set, REC:	0.860	0.040	0.714	0.538	
TEST set, F1 :	0.747	0.071	0.576	0.465	
TEST set, AUC:	0.781	0.568	0.811	0.720	
TEST set, ACC:	0.712	0.700	0.773	0.728	
TEST set, SPE:	0.565	0.968	0.789	0.774	
[21-02-06 05:17:18-INFO] BEST_RECALL: 0.570, EPOCH:  10
[21-02-06 05:24:32-INFO] EPOCH: 19
[21-02-06 05:24:32-INFO] TRAIN_LOSS : 0.405, TIME: 434.7s
[21-02-06 05:25:08-INFO] VAL _RECALL: 0.834, TIME: 35.8s
[21-02-06 05:25:08-DEBUG] 
VAL  set, TITLE	CLS0	CLS1	CLS2	MEAN
VAL  set, REC:	0.977	0.946	0.577	0.834	
VAL  set, F1 :	0.963	0.768	0.732	0.821	
VAL  set, AUC:	0.996	0.977	0.992	0.988	
VAL  set, ACC:	0.961	0.876	0.884	0.907	
VAL  set, SPE:	0.945	0.857	1.000	0.934	
[21-02-06 05:25:44-INFO] TEST_RECALL: 0.563, TIME: 36.1s
[21-02-06 05:25:44-DEBUG] 
TEST set, TITLE	CLS0	CLS1	CLS2	MEAN
TEST set, REC:	0.791	0.613	0.286	0.563	
TEST set, F1 :	0.750	0.529	0.432	0.570	
TEST set, AUC:	0.837	0.724	0.851	0.804	
TEST set, ACC:	0.738	0.685	0.838	0.754	
TEST set, SPE:	0.687	0.714	0.990	0.797	
[21-02-06 05:25:46-INFO] BEST_RECALL: 0.570, EPOCH:  10
[21-02-06 05:33:01-INFO] EPOCH: 20
[21-02-06 05:33:01-INFO] TRAIN_LOSS : 0.327, TIME: 434.4s
[21-02-06 05:33:36-INFO] VAL _RECALL: 0.949, TIME: 35.8s
[21-02-06 05:33:36-DEBUG] 
VAL  set, TITLE	CLS0	CLS1	CLS2	MEAN
VAL  set, REC:	0.977	0.911	0.958	0.949	
VAL  set, F1 :	0.974	0.911	0.965	0.950	
VAL  set, AUC:	0.998	0.988	0.998	0.995	
VAL  set, ACC:	0.973	0.961	0.981	0.972	
VAL  set, SPE:	0.969	0.975	0.989	0.978	
[21-02-06 05:34:12-INFO] TEST_RECALL: 0.555, TIME: 36.1s
[21-02-06 05:34:12-DEBUG] 
TEST set, TITLE	CLS0	CLS1	CLS2	MEAN
TEST set, REC:	0.806	0.307	0.554	0.555	
TEST set, F1 :	0.735	0.365	0.559	0.553	
TEST set, AUC:	0.796	0.644	0.817	0.752	
TEST set, ACC:	0.712	0.692	0.812	0.738	
TEST set, SPE:	0.618	0.849	0.882	0.783	
[21-02-06 05:34:14-INFO] BEST_RECALL: 0.570, EPOCH:  10
[21-02-06 05:41:29-INFO] EPOCH: 21
[21-02-06 05:41:29-INFO] TRAIN_LOSS : 0.151, TIME: 434.5s
[21-02-06 05:42:05-INFO] VAL _RECALL: 0.980, TIME: 35.7s
[21-02-06 05:42:05-DEBUG] 
VAL  set, TITLE	CLS0	CLS1	CLS2	MEAN
VAL  set, REC:	0.992	0.946	1.000	0.980	
VAL  set, F1 :	0.989	0.964	0.993	0.982	
VAL  set, AUC:	1.000	0.999	1.000	1.000	
VAL  set, ACC:	0.988	0.985	0.996	0.990	
VAL  set, SPE:	0.984	0.995	0.995	0.991	
[21-02-06 05:42:41-INFO] TEST_RECALL: 0.605, TIME: 36.2s
[21-02-06 05:42:41-DEBUG] 
TEST set, TITLE	CLS0	CLS1	CLS2	MEAN
TEST set, REC:	0.829	0.467	0.518	0.605	
TEST set, F1 :	0.781	0.467	0.604	0.617	
TEST set, AUC:	0.840	0.665	0.871	0.792	
TEST set, ACC:	0.769	0.692	0.854	0.772	
TEST set, SPE:	0.710	0.784	0.946	0.813	
[21-02-06 05:42:45-INFO] BEST_RECALL: 0.605, EPOCH:  21
[21-02-06 05:49:59-INFO] EPOCH: 22
[21-02-06 05:49:59-INFO] TRAIN_LOSS : 0.078, TIME: 434.4s
[21-02-06 05:50:35-INFO] VAL _RECALL: 1.000, TIME: 35.9s
[21-02-06 05:50:35-DEBUG] 
VAL  set, TITLE	CLS0	CLS1	CLS2	MEAN
VAL  set, REC:	1.000	1.000	1.000	1.000	
VAL  set, F1 :	1.000	1.000	1.000	1.000	
VAL  set, AUC:	1.000	1.000	1.000	1.000	
VAL  set, ACC:	1.000	1.000	1.000	1.000	
VAL  set, SPE:	1.000	1.000	1.000	1.000	
[21-02-06 05:51:11-INFO] TEST_RECALL: 0.538, TIME: 36.1s
[21-02-06 05:51:11-DEBUG] 
TEST set, TITLE	CLS0	CLS1	CLS2	MEAN
TEST set, REC:	0.822	0.400	0.393	0.538	
TEST set, F1 :	0.744	0.411	0.494	0.550	
TEST set, AUC:	0.773	0.637	0.831	0.747	
TEST set, ACC:	0.719	0.669	0.827	0.738	
TEST set, SPE:	0.618	0.778	0.946	0.781	
[21-02-06 05:51:13-INFO] BEST_RECALL: 0.605, EPOCH:  21
[21-02-06 05:58:27-INFO] EPOCH: 23
[21-02-06 05:58:27-INFO] TRAIN_LOSS : 0.050, TIME: 434.3s
[21-02-06 05:59:03-INFO] VAL _RECALL: 0.992, TIME: 35.7s
[21-02-06 05:59:03-DEBUG] 
VAL  set, TITLE	CLS0	CLS1	CLS2	MEAN
VAL  set, REC:	0.977	1.000	1.000	0.992	
VAL  set, F1 :	0.989	0.974	1.000	0.987	
VAL  set, AUC:	1.000	0.999	1.000	1.000	
VAL  set, ACC:	0.988	0.988	1.000	0.992	
VAL  set, SPE:	1.000	0.985	1.000	0.995	
[21-02-06 05:59:39-INFO] TEST_RECALL: 0.539, TIME: 36.1s
[21-02-06 05:59:39-DEBUG] 
TEST set, TITLE	CLS0	CLS1	CLS2	MEAN
TEST set, REC:	0.519	0.400	0.696	0.539	
TEST set, F1 :	0.638	0.359	0.545	0.514	
TEST set, AUC:	0.802	0.575	0.839	0.739	
TEST set, ACC:	0.708	0.588	0.750	0.682	
TEST set, SPE:	0.893	0.665	0.765	0.774	
[21-02-06 05:59:41-INFO] BEST_RECALL: 0.605, EPOCH:  21
[21-02-06 06:06:55-INFO] EPOCH: 24
[21-02-06 06:06:55-INFO] TRAIN_LOSS : 0.093, TIME: 434.4s
[21-02-06 06:07:31-INFO] VAL _RECALL: 0.897, TIME: 35.7s
[21-02-06 06:07:31-DEBUG] 
VAL  set, TITLE	CLS0	CLS1	CLS2	MEAN
VAL  set, REC:	1.000	1.000	0.690	0.897	
VAL  set, F1 :	0.989	0.855	0.817	0.887	
VAL  set, AUC:	1.000	0.996	1.000	0.999	
VAL  set, ACC:	0.988	0.927	0.915	0.943	
VAL  set, SPE:	0.976	0.906	1.000	0.961	
[21-02-06 06:08:07-INFO] TEST_RECALL: 0.518, TIME: 36.0s
[21-02-06 06:08:07-DEBUG] 
TEST set, TITLE	CLS0	CLS1	CLS2	MEAN
TEST set, REC:	0.798	0.507	0.250	0.518	
TEST set, F1 :	0.736	0.455	0.384	0.525	
TEST set, AUC:	0.773	0.636	0.847	0.752	
TEST set, ACC:	0.715	0.650	0.827	0.731	
TEST set, SPE:	0.634	0.708	0.985	0.776	
[21-02-06 06:08:09-INFO] BEST_RECALL: 0.605, EPOCH:  21
[21-02-06 06:15:24-INFO] EPOCH: 25
[21-02-06 06:15:24-INFO] TRAIN_LOSS : 0.073, TIME: 434.4s
[21-02-06 06:15:59-INFO] VAL _RECALL: 0.906, TIME: 35.7s
[21-02-06 06:15:59-DEBUG] 
VAL  set, TITLE	CLS0	CLS1	CLS2	MEAN
VAL  set, REC:	0.826	0.893	1.000	0.906	
VAL  set, F1 :	0.901	0.935	0.840	0.892	
VAL  set, AUC:	0.994	0.998	0.998	0.997	
VAL  set, ACC:	0.907	0.973	0.896	0.925	
VAL  set, SPE:	0.992	0.995	0.856	0.948	
[21-02-06 06:16:35-INFO] TEST_RECALL: 0.479, TIME: 36.1s
[21-02-06 06:16:35-DEBUG] 
TEST set, TITLE	CLS0	CLS1	CLS2	MEAN
TEST set, REC:	0.519	0.133	0.786	0.479	
TEST set, F1 :	0.604	0.185	0.463	0.417	
TEST set, AUC:	0.747	0.523	0.753	0.674	
TEST set, ACC:	0.662	0.662	0.608	0.644	
TEST set, SPE:	0.802	0.876	0.559	0.745	
[21-02-06 06:16:37-INFO] BEST_RECALL: 0.605, EPOCH:  21
[21-02-06 06:23:51-INFO] EPOCH: 26
[21-02-06 06:23:51-INFO] TRAIN_LOSS : 0.083, TIME: 434.0s
[21-02-06 06:24:27-INFO] VAL _RECALL: 0.995, TIME: 35.8s
[21-02-06 06:24:27-DEBUG] 
VAL  set, TITLE	CLS0	CLS1	CLS2	MEAN
VAL  set, REC:	0.985	1.000	1.000	0.995	
VAL  set, F1 :	0.992	0.982	1.000	0.992	
VAL  set, AUC:	1.000	1.000	1.000	1.000	
VAL  set, ACC:	0.992	0.992	1.000	0.995	
VAL  set, SPE:	1.000	0.990	1.000	0.997	
[21-02-06 06:25:03-INFO] TEST_RECALL: 0.545, TIME: 36.1s
[21-02-06 06:25:03-DEBUG] 
TEST set, TITLE	CLS0	CLS1	CLS2	MEAN
TEST set, REC:	0.690	0.480	0.464	0.545	
TEST set, F1 :	0.706	0.426	0.525	0.553	
TEST set, AUC:	0.760	0.589	0.811	0.720	
TEST set, ACC:	0.715	0.627	0.819	0.721	
TEST set, SPE:	0.740	0.686	0.917	0.781	
[21-02-06 06:25:05-INFO] BEST_RECALL: 0.605, EPOCH:  21
[21-02-06 06:32:19-INFO] EPOCH: 27
[21-02-06 06:32:19-INFO] TRAIN_LOSS : 0.032, TIME: 434.0s
[21-02-06 06:32:55-INFO] VAL _RECALL: 0.991, TIME: 35.7s
[21-02-06 06:32:55-DEBUG] 
VAL  set, TITLE	CLS0	CLS1	CLS2	MEAN
VAL  set, REC:	1.000	1.000	0.972	0.991	
VAL  set, F1 :	0.992	1.000	0.986	0.993	
VAL  set, AUC:	1.000	1.000	1.000	1.000	
VAL  set, ACC:	0.992	1.000	0.992	0.995	
VAL  set, SPE:	0.984	1.000	1.000	0.995	
[21-02-06 06:33:31-INFO] TEST_RECALL: 0.525, TIME: 36.1s
[21-02-06 06:33:31-DEBUG] 
TEST set, TITLE	CLS0	CLS1	CLS2	MEAN
TEST set, REC:	0.915	0.320	0.339	0.525	
TEST set, F1 :	0.756	0.381	0.463	0.534	
TEST set, AUC:	0.768	0.639	0.846	0.751	
TEST set, ACC:	0.708	0.700	0.831	0.746	
TEST set, SPE:	0.504	0.854	0.966	0.775	
[21-02-06 06:33:33-INFO] BEST_RECALL: 0.605, EPOCH:  21
[21-02-06 06:40:47-INFO] EPOCH: 28
[21-02-06 06:40:47-INFO] TRAIN_LOSS : 0.031, TIME: 433.9s
[21-02-06 06:41:22-INFO] VAL _RECALL: 1.000, TIME: 35.8s
[21-02-06 06:41:22-DEBUG] 
VAL  set, TITLE	CLS0	CLS1	CLS2	MEAN
VAL  set, REC:	1.000	1.000	1.000	1.000	
VAL  set, F1 :	1.000	1.000	1.000	1.000	
VAL  set, AUC:	1.000	1.000	1.000	1.000	
VAL  set, ACC:	1.000	1.000	1.000	1.000	
VAL  set, SPE:	1.000	1.000	1.000	1.000	
[21-02-06 06:41:59-INFO] TEST_RECALL: 0.544, TIME: 36.1s
[21-02-06 06:41:59-DEBUG] 
TEST set, TITLE	CLS0	CLS1	CLS2	MEAN
TEST set, REC:	0.837	0.293	0.500	0.544	
TEST set, F1 :	0.747	0.328	0.577	0.551	
TEST set, AUC:	0.801	0.621	0.845	0.756	
TEST set, ACC:	0.719	0.654	0.842	0.738	
TEST set, SPE:	0.603	0.800	0.936	0.780	
[21-02-06 06:42:00-INFO] BEST_RECALL: 0.605, EPOCH:  21
[21-02-06 06:49:14-INFO] EPOCH: 29
[21-02-06 06:49:14-INFO] TRAIN_LOSS : 0.027, TIME: 434.1s
[21-02-06 06:49:50-INFO] VAL _RECALL: 0.994, TIME: 35.7s
[21-02-06 06:49:50-DEBUG] 
VAL  set, TITLE	CLS0	CLS1	CLS2	MEAN
VAL  set, REC:	1.000	0.982	1.000	0.994	
VAL  set, F1 :	1.000	0.991	0.993	0.995	
VAL  set, AUC:	1.000	1.000	1.000	1.000	
VAL  set, ACC:	1.000	0.996	0.996	0.997	
VAL  set, SPE:	1.000	1.000	0.995	0.998	
[21-02-06 06:50:26-INFO] TEST_RECALL: 0.571, TIME: 36.1s
[21-02-06 06:50:26-DEBUG] 
TEST set, TITLE	CLS0	CLS1	CLS2	MEAN
TEST set, REC:	0.736	0.440	0.536	0.571	
TEST set, F1 :	0.734	0.429	0.561	0.574	
TEST set, AUC:	0.833	0.686	0.837	0.785	
TEST set, ACC:	0.735	0.662	0.819	0.738	
TEST set, SPE:	0.733	0.751	0.897	0.794	
[21-02-06 06:50:28-INFO] BEST_RECALL: 0.605, EPOCH:  21
[21-02-06 06:57:42-INFO] EPOCH: 30
[21-02-06 06:57:42-INFO] TRAIN_LOSS : 0.021, TIME: 434.1s
[21-02-06 06:58:18-INFO] VAL _RECALL: 1.000, TIME: 35.7s
[21-02-06 06:58:18-DEBUG] 
VAL  set, TITLE	CLS0	CLS1	CLS2	MEAN
VAL  set, REC:	1.000	1.000	1.000	1.000	
VAL  set, F1 :	1.000	1.000	1.000	1.000	
VAL  set, AUC:	1.000	1.000	1.000	1.000	
VAL  set, ACC:	1.000	1.000	1.000	1.000	
VAL  set, SPE:	1.000	1.000	1.000	1.000	
[21-02-06 06:58:54-INFO] TEST_RECALL: 0.568, TIME: 36.1s
[21-02-06 06:58:54-DEBUG] 
TEST set, TITLE	CLS0	CLS1	CLS2	MEAN
TEST set, REC:	0.729	0.387	0.589	0.568	
TEST set, F1 :	0.732	0.397	0.564	0.564	
TEST set, AUC:	0.809	0.615	0.825	0.750	
TEST set, ACC:	0.735	0.662	0.804	0.733	
TEST set, SPE:	0.740	0.773	0.863	0.792	
[21-02-06 06:58:56-INFO] BEST_RECALL: 0.605, EPOCH:  21
[21-02-06 07:06:10-INFO] EPOCH: 31
[21-02-06 07:06:10-INFO] TRAIN_LOSS : 0.056, TIME: 434.0s
[21-02-06 07:06:46-INFO] VAL _RECALL: 0.960, TIME: 35.8s
[21-02-06 07:06:46-DEBUG] 
VAL  set, TITLE	CLS0	CLS1	CLS2	MEAN
VAL  set, REC:	0.894	1.000	0.986	0.960	
VAL  set, F1 :	0.944	0.882	0.993	0.940	
VAL  set, AUC:	1.000	0.999	1.000	1.000	
VAL  set, ACC:	0.946	0.942	0.996	0.961	
VAL  set, SPE:	1.000	0.926	1.000	0.975	
[21-02-06 07:07:22-INFO] TEST_RECALL: 0.503, TIME: 36.1s
[21-02-06 07:07:22-DEBUG] 
TEST set, TITLE	CLS0	CLS1	CLS2	MEAN
TEST set, REC:	0.450	0.613	0.446	0.503	
TEST set, F1 :	0.566	0.436	0.481	0.494	
TEST set, AUC:	0.776	0.594	0.808	0.726	
TEST set, ACC:	0.658	0.542	0.792	0.664	
TEST set, SPE:	0.863	0.514	0.887	0.754	
[21-02-06 07:07:24-INFO] BEST_RECALL: 0.605, EPOCH:  21
[21-02-06 07:14:38-INFO] EPOCH: 32
[21-02-06 07:14:38-INFO] TRAIN_LOSS : 0.089, TIME: 434.2s
[21-02-06 07:15:14-INFO] VAL _RECALL: 0.987, TIME: 35.8s
[21-02-06 07:15:14-DEBUG] 
VAL  set, TITLE	CLS0	CLS1	CLS2	MEAN
VAL  set, REC:	0.992	0.982	0.986	0.987	
VAL  set, F1 :	0.996	0.973	0.986	0.985	
VAL  set, AUC:	1.000	1.000	1.000	1.000	
VAL  set, ACC:	0.996	0.988	0.992	0.992	
VAL  set, SPE:	1.000	0.990	0.995	0.995	
[21-02-06 07:15:50-INFO] TEST_RECALL: 0.541, TIME: 36.0s
[21-02-06 07:15:50-DEBUG] 
TEST set, TITLE	CLS0	CLS1	CLS2	MEAN
TEST set, REC:	0.705	0.400	0.518	0.541	
TEST set, F1 :	0.703	0.403	0.518	0.541	
TEST set, AUC:	0.786	0.638	0.830	0.751	
TEST set, ACC:	0.704	0.658	0.792	0.718	
TEST set, SPE:	0.702	0.762	0.868	0.777	
[21-02-06 07:15:52-INFO] BEST_RECALL: 0.605, EPOCH:  21
[21-02-06 07:23:06-INFO] EPOCH: 33
[21-02-06 07:23:06-INFO] TRAIN_LOSS : 0.059, TIME: 434.0s
[21-02-06 07:23:41-INFO] VAL _RECALL: 1.000, TIME: 35.7s
[21-02-06 07:23:41-DEBUG] 
VAL  set, TITLE	CLS0	CLS1	CLS2	MEAN
VAL  set, REC:	1.000	1.000	1.000	1.000	
VAL  set, F1 :	1.000	1.000	1.000	1.000	
VAL  set, AUC:	1.000	1.000	1.000	1.000	
VAL  set, ACC:	1.000	1.000	1.000	1.000	
VAL  set, SPE:	1.000	1.000	1.000	1.000	
[21-02-06 07:24:17-INFO] TEST_RECALL: 0.564, TIME: 36.0s
[21-02-06 07:24:17-DEBUG] 
TEST set, TITLE	CLS0	CLS1	CLS2	MEAN
TEST set, REC:	0.791	0.400	0.500	0.564	
TEST set, F1 :	0.742	0.420	0.549	0.570	
TEST set, AUC:	0.799	0.645	0.827	0.757	
TEST set, ACC:	0.727	0.681	0.823	0.744	
TEST set, SPE:	0.664	0.795	0.912	0.790	
[21-02-06 07:24:19-INFO] BEST_RECALL: 0.605, EPOCH:  21
[21-02-06 07:31:33-INFO] EPOCH: 34
[21-02-06 07:31:33-INFO] TRAIN_LOSS : 0.033, TIME: 433.8s
[21-02-06 07:32:09-INFO] VAL _RECALL: 1.000, TIME: 35.7s
[21-02-06 07:32:09-DEBUG] 
VAL  set, TITLE	CLS0	CLS1	CLS2	MEAN
VAL  set, REC:	1.000	1.000	1.000	1.000	
VAL  set, F1 :	1.000	1.000	1.000	1.000	
VAL  set, AUC:	1.000	1.000	1.000	1.000	
VAL  set, ACC:	1.000	1.000	1.000	1.000	
VAL  set, SPE:	1.000	1.000	1.000	1.000	
[21-02-06 07:32:45-INFO] TEST_RECALL: 0.596, TIME: 36.2s
[21-02-06 07:32:45-DEBUG] 
TEST set, TITLE	CLS0	CLS1	CLS2	MEAN
TEST set, REC:	0.860	0.427	0.500	0.596	
TEST set, F1 :	0.784	0.478	0.544	0.602	
TEST set, AUC:	0.824	0.670	0.834	0.776	
TEST set, ACC:	0.765	0.731	0.819	0.772	
TEST set, SPE:	0.672	0.854	0.907	0.811	
[21-02-06 07:32:47-INFO] BEST_RECALL: 0.605, EPOCH:  21
[21-02-06 07:40:01-INFO] EPOCH: 35
[21-02-06 07:40:01-INFO] TRAIN_LOSS : 0.011, TIME: 433.6s
[21-02-06 07:40:36-INFO] VAL _RECALL: 1.000, TIME: 35.6s
[21-02-06 07:40:36-DEBUG] 
VAL  set, TITLE	CLS0	CLS1	CLS2	MEAN
VAL  set, REC:	1.000	1.000	1.000	1.000	
VAL  set, F1 :	1.000	1.000	1.000	1.000	
VAL  set, AUC:	1.000	1.000	1.000	1.000	
VAL  set, ACC:	1.000	1.000	1.000	1.000	
VAL  set, SPE:	1.000	1.000	1.000	1.000	
[21-02-06 07:41:12-INFO] TEST_RECALL: 0.594, TIME: 36.0s
[21-02-06 07:41:12-DEBUG] 
TEST set, TITLE	CLS0	CLS1	CLS2	MEAN
TEST set, REC:	0.767	0.533	0.482	0.594	
TEST set, F1 :	0.750	0.491	0.581	0.607	
TEST set, AUC:	0.806	0.666	0.846	0.773	
TEST set, ACC:	0.746	0.681	0.850	0.759	
TEST set, SPE:	0.725	0.741	0.951	0.806	
[21-02-06 07:41:14-INFO] BEST_RECALL: 0.605, EPOCH:  21
[21-02-06 07:48:28-INFO] EPOCH: 36
[21-02-06 07:48:28-INFO] TRAIN_LOSS : 0.003, TIME: 433.4s
[21-02-06 07:49:03-INFO] VAL _RECALL: 1.000, TIME: 35.7s
[21-02-06 07:49:03-DEBUG] 
VAL  set, TITLE	CLS0	CLS1	CLS2	MEAN
VAL  set, REC:	1.000	1.000	1.000	1.000	
VAL  set, F1 :	1.000	1.000	1.000	1.000	
VAL  set, AUC:	1.000	1.000	1.000	1.000	
VAL  set, ACC:	1.000	1.000	1.000	1.000	
VAL  set, SPE:	1.000	1.000	1.000	1.000	
[21-02-06 07:49:39-INFO] TEST_RECALL: 0.592, TIME: 36.1s
[21-02-06 07:49:39-DEBUG] 
TEST set, TITLE	CLS0	CLS1	CLS2	MEAN
TEST set, REC:	0.798	0.333	0.643	0.592	
TEST set, F1 :	0.755	0.388	0.610	0.584	
TEST set, AUC:	0.832	0.644	0.850	0.775	
TEST set, ACC:	0.742	0.696	0.823	0.754	
TEST set, SPE:	0.687	0.843	0.873	0.801	
[21-02-06 07:49:41-INFO] BEST_RECALL: 0.605, EPOCH:  21
[21-02-06 07:56:55-INFO] EPOCH: 37
[21-02-06 07:56:55-INFO] TRAIN_LOSS : 0.008, TIME: 433.7s
[21-02-06 07:57:31-INFO] VAL _RECALL: 0.995, TIME: 35.7s
[21-02-06 07:57:31-DEBUG] 
VAL  set, TITLE	CLS0	CLS1	CLS2	MEAN
VAL  set, REC:	1.000	1.000	0.986	0.995	
VAL  set, F1 :	1.000	0.991	0.993	0.995	
VAL  set, AUC:	1.000	1.000	1.000	1.000	
VAL  set, ACC:	1.000	0.996	0.996	0.997	
VAL  set, SPE:	1.000	0.995	1.000	0.998	
[21-02-06 07:58:07-INFO] TEST_RECALL: 0.570, TIME: 36.0s
[21-02-06 07:58:07-DEBUG] 
TEST set, TITLE	CLS0	CLS1	CLS2	MEAN
TEST set, REC:	0.845	0.453	0.411	0.570	
TEST set, F1 :	0.776	0.456	0.511	0.581	
TEST set, AUC:	0.813	0.658	0.831	0.767	
TEST set, ACC:	0.758	0.688	0.831	0.759	
TEST set, SPE:	0.672	0.784	0.946	0.801	
[21-02-06 07:58:08-INFO] BEST_RECALL: 0.605, EPOCH:  21
[21-02-06 08:05:22-INFO] EPOCH: 38
[21-02-06 08:05:22-INFO] TRAIN_LOSS : 0.014, TIME: 433.8s
[21-02-06 08:05:58-INFO] VAL _RECALL: 0.997, TIME: 35.7s
[21-02-06 08:05:58-DEBUG] 
VAL  set, TITLE	CLS0	CLS1	CLS2	MEAN
VAL  set, REC:	0.992	1.000	1.000	0.997	
VAL  set, F1 :	0.996	0.991	1.000	0.996	
VAL  set, AUC:	1.000	1.000	1.000	1.000	
VAL  set, ACC:	0.996	0.996	1.000	0.997	
VAL  set, SPE:	1.000	0.995	1.000	0.998	
[21-02-06 08:06:34-INFO] TEST_RECALL: 0.575, TIME: 36.1s
[21-02-06 08:06:34-DEBUG] 
TEST set, TITLE	CLS0	CLS1	CLS2	MEAN
TEST set, REC:	0.473	0.733	0.518	0.575	
TEST set, F1 :	0.619	0.505	0.552	0.559	
TEST set, AUC:	0.843	0.641	0.821	0.768	
TEST set, ACC:	0.712	0.585	0.819	0.705	
TEST set, SPE:	0.947	0.524	0.902	0.791	
[21-02-06 08:06:36-INFO] BEST_RECALL: 0.605, EPOCH:  21
[21-02-06 08:13:50-INFO] EPOCH: 39
[21-02-06 08:13:50-INFO] TRAIN_LOSS : 0.019, TIME: 433.5s
[21-02-06 08:14:25-INFO] VAL _RECALL: 1.000, TIME: 35.8s
[21-02-06 08:14:25-DEBUG] 
VAL  set, TITLE	CLS0	CLS1	CLS2	MEAN
VAL  set, REC:	1.000	1.000	1.000	1.000	
VAL  set, F1 :	1.000	1.000	1.000	1.000	
VAL  set, AUC:	1.000	1.000	1.000	1.000	
VAL  set, ACC:	1.000	1.000	1.000	1.000	
VAL  set, SPE:	1.000	1.000	1.000	1.000	
[21-02-06 08:15:01-INFO] TEST_RECALL: 0.579, TIME: 36.0s
[21-02-06 08:15:01-DEBUG] 
TEST set, TITLE	CLS0	CLS1	CLS2	MEAN
TEST set, REC:	0.791	0.213	0.732	0.579	
TEST set, F1 :	0.739	0.278	0.636	0.551	
TEST set, AUC:	0.828	0.611	0.862	0.767	
TEST set, ACC:	0.723	0.681	0.819	0.741	
TEST set, SPE:	0.656	0.870	0.843	0.790	
[21-02-06 08:15:03-INFO] BEST_RECALL: 0.605, EPOCH:  21
[21-02-06 08:22:17-INFO] EPOCH: 40
[21-02-06 08:22:17-INFO] TRAIN_LOSS : 0.102, TIME: 433.9s
[21-02-06 08:22:53-INFO] VAL _RECALL: 0.995, TIME: 35.7s
[21-02-06 08:22:53-DEBUG] 
VAL  set, TITLE	CLS0	CLS1	CLS2	MEAN
VAL  set, REC:	1.000	1.000	0.986	0.995	
VAL  set, F1 :	1.000	0.991	0.993	0.995	
VAL  set, AUC:	1.000	1.000	1.000	1.000	
VAL  set, ACC:	1.000	0.996	0.996	0.997	
VAL  set, SPE:	1.000	0.995	1.000	0.998	
[21-02-06 08:23:29-INFO] TEST_RECALL: 0.557, TIME: 36.1s
[21-02-06 08:23:29-DEBUG] 
TEST set, TITLE	CLS0	CLS1	CLS2	MEAN
TEST set, REC:	0.674	0.533	0.464	0.557	
TEST set, F1 :	0.710	0.471	0.495	0.559	
TEST set, AUC:	0.806	0.643	0.800	0.750	
TEST set, ACC:	0.727	0.654	0.796	0.726	
TEST set, SPE:	0.779	0.703	0.887	0.790	
[21-02-06 08:23:31-INFO] BEST_RECALL: 0.605, EPOCH:  21
[21-02-06 08:30:45-INFO] EPOCH: 41
[21-02-06 08:30:45-INFO] TRAIN_LOSS : 0.068, TIME: 433.8s
[21-02-06 08:31:21-INFO] VAL _RECALL: 1.000, TIME: 35.7s
[21-02-06 08:31:21-DEBUG] 
VAL  set, TITLE	CLS0	CLS1	CLS2	MEAN
VAL  set, REC:	1.000	1.000	1.000	1.000	
VAL  set, F1 :	1.000	1.000	1.000	1.000	
VAL  set, AUC:	1.000	1.000	1.000	1.000	
VAL  set, ACC:	1.000	1.000	1.000	1.000	
VAL  set, SPE:	1.000	1.000	1.000	1.000	
[21-02-06 08:31:57-INFO] TEST_RECALL: 0.571, TIME: 36.1s
[21-02-06 08:31:57-DEBUG] 
TEST set, TITLE	CLS0	CLS1	CLS2	MEAN
TEST set, REC:	0.791	0.387	0.536	0.571	
TEST set, F1 :	0.770	0.414	0.522	0.569	
TEST set, AUC:	0.819	0.637	0.804	0.753	
TEST set, ACC:	0.765	0.685	0.788	0.746	
TEST set, SPE:	0.740	0.805	0.858	0.801	
[21-02-06 08:31:59-INFO] BEST_RECALL: 0.605, EPOCH:  21
[21-02-06 08:39:12-INFO] EPOCH: 42
[21-02-06 08:39:12-INFO] TRAIN_LOSS : 0.022, TIME: 433.6s
[21-02-06 08:39:48-INFO] VAL _RECALL: 1.000, TIME: 35.8s
[21-02-06 08:39:48-DEBUG] 
VAL  set, TITLE	CLS0	CLS1	CLS2	MEAN
VAL  set, REC:	1.000	1.000	1.000	1.000	
VAL  set, F1 :	1.000	1.000	1.000	1.000	
VAL  set, AUC:	1.000	1.000	1.000	1.000	
VAL  set, ACC:	1.000	1.000	1.000	1.000	
VAL  set, SPE:	1.000	1.000	1.000	1.000	
[21-02-06 08:40:24-INFO] TEST_RECALL: 0.562, TIME: 36.1s
[21-02-06 08:40:24-DEBUG] 
TEST set, TITLE	CLS0	CLS1	CLS2	MEAN
TEST set, REC:	0.791	0.413	0.482	0.562	
TEST set, F1 :	0.758	0.431	0.505	0.565	
TEST set, AUC:	0.820	0.648	0.799	0.755	
TEST set, ACC:	0.750	0.685	0.796	0.744	
TEST set, SPE:	0.710	0.795	0.882	0.796	
[21-02-06 08:40:26-INFO] BEST_RECALL: 0.605, EPOCH:  21
[21-02-06 08:47:40-INFO] EPOCH: 43
[21-02-06 08:47:40-INFO] TRAIN_LOSS : 0.008, TIME: 433.5s
[21-02-06 08:48:15-INFO] VAL _RECALL: 1.000, TIME: 35.7s
[21-02-06 08:48:15-DEBUG] 
VAL  set, TITLE	CLS0	CLS1	CLS2	MEAN
VAL  set, REC:	1.000	1.000	1.000	1.000	
VAL  set, F1 :	1.000	1.000	1.000	1.000	
VAL  set, AUC:	1.000	1.000	1.000	1.000	
VAL  set, ACC:	1.000	1.000	1.000	1.000	
VAL  set, SPE:	1.000	1.000	1.000	1.000	
[21-02-06 08:48:52-INFO] TEST_RECALL: 0.540, TIME: 36.1s
[21-02-06 08:48:52-DEBUG] 
TEST set, TITLE	CLS0	CLS1	CLS2	MEAN
TEST set, REC:	0.822	0.387	0.411	0.540	
TEST set, F1 :	0.736	0.420	0.489	0.549	
TEST set, AUC:	0.811	0.663	0.813	0.763	
TEST set, ACC:	0.708	0.692	0.815	0.738	
TEST set, SPE:	0.595	0.816	0.926	0.779	
[21-02-06 08:48:54-INFO] BEST_RECALL: 0.605, EPOCH:  21
[21-02-06 08:56:07-INFO] EPOCH: 44
[21-02-06 08:56:07-INFO] TRAIN_LOSS : 0.040, TIME: 433.7s
[21-02-06 08:56:43-INFO] VAL _RECALL: 0.957, TIME: 35.6s
[21-02-06 08:56:43-DEBUG] 
VAL  set, TITLE	CLS0	CLS1	CLS2	MEAN
VAL  set, REC:	0.955	1.000	0.915	0.957	
VAL  set, F1 :	0.977	0.941	0.922	0.947	
VAL  set, AUC:	1.000	1.000	0.996	0.999	
VAL  set, ACC:	0.977	0.973	0.958	0.969	
VAL  set, SPE:	1.000	0.966	0.973	0.980	
[21-02-06 08:57:19-INFO] TEST_RECALL: 0.561, TIME: 36.0s
[21-02-06 08:57:19-DEBUG] 
TEST set, TITLE	CLS0	CLS1	CLS2	MEAN
TEST set, REC:	0.628	0.520	0.536	0.561	
TEST set, F1 :	0.689	0.491	0.476	0.552	
TEST set, AUC:	0.799	0.667	0.769	0.745	
TEST set, ACC:	0.719	0.688	0.746	0.718	
TEST set, SPE:	0.809	0.757	0.804	0.790	
[21-02-06 08:57:21-INFO] BEST_RECALL: 0.605, EPOCH:  21
[21-02-06 09:04:35-INFO] EPOCH: 45
[21-02-06 09:04:35-INFO] TRAIN_LOSS : 0.064, TIME: 433.9s
[21-02-06 09:05:11-INFO] VAL _RECALL: 0.995, TIME: 35.7s
[21-02-06 09:05:11-DEBUG] 
VAL  set, TITLE	CLS0	CLS1	CLS2	MEAN
VAL  set, REC:	1.000	1.000	0.986	0.995	
VAL  set, F1 :	1.000	0.991	0.993	0.995	
VAL  set, AUC:	1.000	1.000	1.000	1.000	
VAL  set, ACC:	1.000	0.996	0.996	0.997	
VAL  set, SPE:	1.000	0.995	1.000	0.998	
[21-02-06 09:05:47-INFO] TEST_RECALL: 0.557, TIME: 36.1s
[21-02-06 09:05:47-DEBUG] 
TEST set, TITLE	CLS0	CLS1	CLS2	MEAN
TEST set, REC:	0.736	0.560	0.375	0.557	
TEST set, F1 :	0.722	0.497	0.477	0.566	
TEST set, AUC:	0.791	0.667	0.818	0.759	
TEST set, ACC:	0.719	0.673	0.823	0.738	
TEST set, SPE:	0.702	0.719	0.946	0.789	
[21-02-06 09:05:49-INFO] BEST_RECALL: 0.605, EPOCH:  21
[21-02-06 09:13:02-INFO] EPOCH: 46
[21-02-06 09:13:02-INFO] TRAIN_LOSS : 0.014, TIME: 433.5s
[21-02-06 09:13:38-INFO] VAL _RECALL: 1.000, TIME: 35.8s
[21-02-06 09:13:38-DEBUG] 
VAL  set, TITLE	CLS0	CLS1	CLS2	MEAN
VAL  set, REC:	1.000	1.000	1.000	1.000	
VAL  set, F1 :	1.000	1.000	1.000	1.000	
VAL  set, AUC:	1.000	1.000	1.000	1.000	
VAL  set, ACC:	1.000	1.000	1.000	1.000	
VAL  set, SPE:	1.000	1.000	1.000	1.000	
[21-02-06 09:14:14-INFO] TEST_RECALL: 0.578, TIME: 36.1s
[21-02-06 09:14:14-DEBUG] 
TEST set, TITLE	CLS0	CLS1	CLS2	MEAN
TEST set, REC:	0.775	0.440	0.518	0.578	
TEST set, F1 :	0.738	0.446	0.574	0.586	
TEST set, AUC:	0.805	0.648	0.822	0.758	
TEST set, ACC:	0.727	0.685	0.835	0.749	
TEST set, SPE:	0.679	0.784	0.922	0.795	
[21-02-06 09:14:16-INFO] BEST_RECALL: 0.605, EPOCH:  21
[21-02-06 09:21:29-INFO] EPOCH: 47
[21-02-06 09:21:29-INFO] TRAIN_LOSS : 0.008, TIME: 433.5s
[21-02-06 09:22:05-INFO] VAL _RECALL: 1.000, TIME: 35.6s
[21-02-06 09:22:05-DEBUG] 
VAL  set, TITLE	CLS0	CLS1	CLS2	MEAN
VAL  set, REC:	1.000	1.000	1.000	1.000	
VAL  set, F1 :	1.000	1.000	1.000	1.000	
VAL  set, AUC:	1.000	1.000	1.000	1.000	
VAL  set, ACC:	1.000	1.000	1.000	1.000	
VAL  set, SPE:	1.000	1.000	1.000	1.000	
[21-02-06 09:22:41-INFO] TEST_RECALL: 0.544, TIME: 36.1s
[21-02-06 09:22:41-DEBUG] 
TEST set, TITLE	CLS0	CLS1	CLS2	MEAN
TEST set, REC:	0.829	0.267	0.536	0.544	
TEST set, F1 :	0.735	0.331	0.556	0.541	
TEST set, AUC:	0.806	0.652	0.845	0.768	
TEST set, ACC:	0.704	0.688	0.815	0.736	
TEST set, SPE:	0.580	0.859	0.892	0.777	
[21-02-06 09:22:43-INFO] BEST_RECALL: 0.605, EPOCH:  21
[21-02-06 09:29:56-INFO] EPOCH: 48
[21-02-06 09:29:56-INFO] TRAIN_LOSS : 0.003, TIME: 433.2s
[21-02-06 09:30:32-INFO] VAL _RECALL: 1.000, TIME: 35.8s
[21-02-06 09:30:32-DEBUG] 
VAL  set, TITLE	CLS0	CLS1	CLS2	MEAN
VAL  set, REC:	1.000	1.000	1.000	1.000	
VAL  set, F1 :	1.000	1.000	1.000	1.000	
VAL  set, AUC:	1.000	1.000	1.000	1.000	
VAL  set, ACC:	1.000	1.000	1.000	1.000	
VAL  set, SPE:	1.000	1.000	1.000	1.000	
[21-02-06 09:31:08-INFO] TEST_RECALL: 0.536, TIME: 36.1s
[21-02-06 09:31:08-DEBUG] 
TEST set, TITLE	CLS0	CLS1	CLS2	MEAN
TEST set, REC:	0.783	0.307	0.518	0.536	
TEST set, F1 :	0.714	0.348	0.552	0.538	
TEST set, AUC:	0.787	0.642	0.841	0.757	
TEST set, ACC:	0.688	0.669	0.819	0.726	
TEST set, SPE:	0.595	0.816	0.902	0.771	
[21-02-06 09:31:10-INFO] BEST_RECALL: 0.605, EPOCH:  21
[21-02-06 09:38:24-INFO] EPOCH: 49
[21-02-06 09:38:24-INFO] TRAIN_LOSS : 0.002, TIME: 433.4s
[21-02-06 09:38:59-INFO] VAL _RECALL: 1.000, TIME: 35.7s
[21-02-06 09:38:59-DEBUG] 
VAL  set, TITLE	CLS0	CLS1	CLS2	MEAN
VAL  set, REC:	1.000	1.000	1.000	1.000	
VAL  set, F1 :	1.000	1.000	1.000	1.000	
VAL  set, AUC:	1.000	1.000	1.000	1.000	
VAL  set, ACC:	1.000	1.000	1.000	1.000	
VAL  set, SPE:	1.000	1.000	1.000	1.000	
[21-02-06 09:39:35-INFO] TEST_RECALL: 0.548, TIME: 36.1s
[21-02-06 09:39:35-DEBUG] 
TEST set, TITLE	CLS0	CLS1	CLS2	MEAN
TEST set, REC:	0.798	0.293	0.554	0.548	
TEST set, F1 :	0.723	0.349	0.569	0.547	
TEST set, AUC:	0.790	0.637	0.839	0.756	
TEST set, ACC:	0.696	0.685	0.819	0.733	
TEST set, SPE:	0.595	0.843	0.892	0.777	
[21-02-06 09:39:37-INFO] BEST_RECALL: 0.605, EPOCH:  21
[21-02-06 09:46:51-INFO] EPOCH: 50
[21-02-06 09:46:51-INFO] TRAIN_LOSS : 0.002, TIME: 433.4s
[21-02-06 09:47:27-INFO] VAL _RECALL: 1.000, TIME: 35.8s
[21-02-06 09:47:27-DEBUG] 
VAL  set, TITLE	CLS0	CLS1	CLS2	MEAN
VAL  set, REC:	1.000	1.000	1.000	1.000	
VAL  set, F1 :	1.000	1.000	1.000	1.000	
VAL  set, AUC:	1.000	1.000	1.000	1.000	
VAL  set, ACC:	1.000	1.000	1.000	1.000	
VAL  set, SPE:	1.000	1.000	1.000	1.000	
[21-02-06 09:48:03-INFO] TEST_RECALL: 0.552, TIME: 36.0s
[21-02-06 09:48:03-DEBUG] 
TEST set, TITLE	CLS0	CLS1	CLS2	MEAN
TEST set, REC:	0.690	0.413	0.554	0.552	
TEST set, F1 :	0.698	0.411	0.544	0.551	
TEST set, AUC:	0.782	0.627	0.824	0.744	
TEST set, ACC:	0.704	0.658	0.800	0.721	
TEST set, SPE:	0.718	0.757	0.868	0.781	
[21-02-06 09:48:04-INFO] BEST_RECALL: 0.605, EPOCH:  21
[21-02-06 09:55:18-INFO] EPOCH: 51
[21-02-06 09:55:18-INFO] TRAIN_LOSS : 0.001, TIME: 433.4s
[21-02-06 09:55:54-INFO] VAL _RECALL: 1.000, TIME: 35.7s
[21-02-06 09:55:54-DEBUG] 
VAL  set, TITLE	CLS0	CLS1	CLS2	MEAN
VAL  set, REC:	1.000	1.000	1.000	1.000	
VAL  set, F1 :	1.000	1.000	1.000	1.000	
VAL  set, AUC:	1.000	1.000	1.000	1.000	
VAL  set, ACC:	1.000	1.000	1.000	1.000	
VAL  set, SPE:	1.000	1.000	1.000	1.000	
[21-02-06 09:56:30-INFO] TEST_RECALL: 0.549, TIME: 36.0s
[21-02-06 09:56:30-DEBUG] 
TEST set, TITLE	CLS0	CLS1	CLS2	MEAN
TEST set, REC:	0.752	0.413	0.482	0.549	
TEST set, F1 :	0.711	0.422	0.540	0.557	
TEST set, AUC:	0.782	0.652	0.828	0.754	
TEST set, ACC:	0.696	0.673	0.823	0.731	
TEST set, SPE:	0.641	0.778	0.917	0.779	
[21-02-06 09:56:32-INFO] BEST_RECALL: 0.605, EPOCH:  21
[21-02-06 10:03:45-INFO] EPOCH: 52
[21-02-06 10:03:45-INFO] TRAIN_LOSS : 0.001, TIME: 433.0s
[21-02-06 10:04:20-INFO] VAL _RECALL: 1.000, TIME: 35.7s
[21-02-06 10:04:20-DEBUG] 
VAL  set, TITLE	CLS0	CLS1	CLS2	MEAN
VAL  set, REC:	1.000	1.000	1.000	1.000	
VAL  set, F1 :	1.000	1.000	1.000	1.000	
VAL  set, AUC:	1.000	1.000	1.000	1.000	
VAL  set, ACC:	1.000	1.000	1.000	1.000	
VAL  set, SPE:	1.000	1.000	1.000	1.000	
[21-02-06 10:04:56-INFO] TEST_RECALL: 0.549, TIME: 36.1s
[21-02-06 10:04:56-DEBUG] 
TEST set, TITLE	CLS0	CLS1	CLS2	MEAN
TEST set, REC:	0.783	0.347	0.518	0.549	
TEST set, F1 :	0.721	0.385	0.552	0.553	
TEST set, AUC:	0.787	0.651	0.830	0.756	
TEST set, ACC:	0.700	0.681	0.819	0.733	
TEST set, SPE:	0.618	0.816	0.902	0.779	
[21-02-06 10:04:58-INFO] BEST_RECALL: 0.605, EPOCH:  21
[21-02-06 10:12:12-INFO] EPOCH: 53
[21-02-06 10:12:12-INFO] TRAIN_LOSS : 0.001, TIME: 433.2s
[21-02-06 10:12:47-INFO] VAL _RECALL: 1.000, TIME: 35.6s
[21-02-06 10:12:47-DEBUG] 
VAL  set, TITLE	CLS0	CLS1	CLS2	MEAN
VAL  set, REC:	1.000	1.000	1.000	1.000	
VAL  set, F1 :	1.000	1.000	1.000	1.000	
VAL  set, AUC:	1.000	1.000	1.000	1.000	
VAL  set, ACC:	1.000	1.000	1.000	1.000	
VAL  set, SPE:	1.000	1.000	1.000	1.000	
[21-02-06 10:13:23-INFO] TEST_RECALL: 0.560, TIME: 36.1s
[21-02-06 10:13:23-DEBUG] 
TEST set, TITLE	CLS0	CLS1	CLS2	MEAN
TEST set, REC:	0.783	0.360	0.536	0.560	
TEST set, F1 :	0.727	0.403	0.556	0.562	
TEST set, AUC:	0.795	0.654	0.835	0.761	
TEST set, ACC:	0.708	0.692	0.815	0.738	
TEST set, SPE:	0.634	0.827	0.892	0.784	
[21-02-06 10:13:25-INFO] BEST_RECALL: 0.605, EPOCH:  21
[21-02-06 10:20:39-INFO] EPOCH: 54
[21-02-06 10:20:39-INFO] TRAIN_LOSS : 0.003, TIME: 433.4s
[21-02-06 10:21:14-INFO] VAL _RECALL: 1.000, TIME: 35.7s
[21-02-06 10:21:14-DEBUG] 
VAL  set, TITLE	CLS0	CLS1	CLS2	MEAN
VAL  set, REC:	1.000	1.000	1.000	1.000	
VAL  set, F1 :	1.000	1.000	1.000	1.000	
VAL  set, AUC:	1.000	1.000	1.000	1.000	
VAL  set, ACC:	1.000	1.000	1.000	1.000	
VAL  set, SPE:	1.000	1.000	1.000	1.000	
[21-02-06 10:21:50-INFO] TEST_RECALL: 0.510, TIME: 35.9s
[21-02-06 10:21:50-DEBUG] 
TEST set, TITLE	CLS0	CLS1	CLS2	MEAN
TEST set, REC:	0.829	0.253	0.446	0.510	
TEST set, F1 :	0.713	0.314	0.505	0.511	
TEST set, AUC:	0.785	0.643	0.829	0.752	
TEST set, ACC:	0.669	0.681	0.812	0.721	
TEST set, SPE:	0.511	0.854	0.912	0.759	
[21-02-06 10:21:52-INFO] BEST_RECALL: 0.605, EPOCH:  21
[21-02-06 10:29:06-INFO] EPOCH: 55
[21-02-06 10:29:06-INFO] TRAIN_LOSS : 0.081, TIME: 433.8s
[21-02-06 10:29:42-INFO] VAL _RECALL: 0.994, TIME: 35.8s
[21-02-06 10:29:42-DEBUG] 
VAL  set, TITLE	CLS0	CLS1	CLS2	MEAN
VAL  set, REC:	1.000	0.982	1.000	0.994	
VAL  set, F1 :	0.996	0.991	1.000	0.996	
VAL  set, AUC:	1.000	1.000	1.000	1.000	
VAL  set, ACC:	0.996	0.996	1.000	0.997	
VAL  set, SPE:	0.992	1.000	1.000	0.997	
[21-02-06 10:30:18-INFO] TEST_RECALL: 0.544, TIME: 36.1s
[21-02-06 10:30:18-DEBUG] 
TEST set, TITLE	CLS0	CLS1	CLS2	MEAN
TEST set, REC:	0.822	0.240	0.571	0.544	
TEST set, F1 :	0.752	0.305	0.533	0.530	
TEST set, AUC:	0.793	0.627	0.809	0.743	
TEST set, ACC:	0.731	0.685	0.785	0.733	
TEST set, SPE:	0.641	0.865	0.843	0.783	
[21-02-06 10:30:20-INFO] BEST_RECALL: 0.605, EPOCH:  21
[21-02-06 10:37:34-INFO] EPOCH: 56
[21-02-06 10:37:34-INFO] TRAIN_LOSS : 0.045, TIME: 433.9s
[21-02-06 10:38:10-INFO] VAL _RECALL: 1.000, TIME: 35.9s
[21-02-06 10:38:10-DEBUG] 
VAL  set, TITLE	CLS0	CLS1	CLS2	MEAN
VAL  set, REC:	1.000	1.000	1.000	1.000	
VAL  set, F1 :	1.000	1.000	1.000	1.000	
VAL  set, AUC:	1.000	1.000	1.000	1.000	
VAL  set, ACC:	1.000	1.000	1.000	1.000	
VAL  set, SPE:	1.000	1.000	1.000	1.000	
[21-02-06 10:38:46-INFO] TEST_RECALL: 0.548, TIME: 36.1s
[21-02-06 10:38:46-DEBUG] 
TEST set, TITLE	CLS0	CLS1	CLS2	MEAN
TEST set, REC:	0.837	0.253	0.554	0.548	
TEST set, F1 :	0.755	0.317	0.544	0.539	
TEST set, AUC:	0.793	0.632	0.796	0.740	
TEST set, ACC:	0.731	0.685	0.800	0.738	
TEST set, SPE:	0.626	0.859	0.868	0.784	
[21-02-06 10:38:48-INFO] BEST_RECALL: 0.605, EPOCH:  21
[21-02-06 10:46:01-INFO] EPOCH: 57
[21-02-06 10:46:01-INFO] TRAIN_LOSS : 0.009, TIME: 433.6s
[21-02-06 10:46:37-INFO] VAL _RECALL: 1.000, TIME: 35.7s
[21-02-06 10:46:37-DEBUG] 
VAL  set, TITLE	CLS0	CLS1	CLS2	MEAN
VAL  set, REC:	1.000	1.000	1.000	1.000	
VAL  set, F1 :	1.000	1.000	1.000	1.000	
VAL  set, AUC:	1.000	1.000	1.000	1.000	
VAL  set, ACC:	1.000	1.000	1.000	1.000	
VAL  set, SPE:	1.000	1.000	1.000	1.000	
[21-02-06 10:47:13-INFO] TEST_RECALL: 0.551, TIME: 36.0s
[21-02-06 10:47:13-DEBUG] 
TEST set, TITLE	CLS0	CLS1	CLS2	MEAN
TEST set, REC:	0.767	0.387	0.500	0.551	
TEST set, F1 :	0.728	0.406	0.533	0.556	
TEST set, AUC:	0.781	0.609	0.786	0.725	
TEST set, ACC:	0.715	0.673	0.812	0.733	
TEST set, SPE:	0.664	0.789	0.897	0.783	
[21-02-06 10:47:15-INFO] BEST_RECALL: 0.605, EPOCH:  21
[21-02-06 10:54:29-INFO] EPOCH: 58
[21-02-06 10:54:29-INFO] TRAIN_LOSS : 0.004, TIME: 433.6s
[21-02-06 10:55:04-INFO] VAL _RECALL: 1.000, TIME: 35.8s
[21-02-06 10:55:04-DEBUG] 
VAL  set, TITLE	CLS0	CLS1	CLS2	MEAN
VAL  set, REC:	1.000	1.000	1.000	1.000	
VAL  set, F1 :	1.000	1.000	1.000	1.000	
VAL  set, AUC:	1.000	1.000	1.000	1.000	
VAL  set, ACC:	1.000	1.000	1.000	1.000	
VAL  set, SPE:	1.000	1.000	1.000	1.000	
[21-02-06 10:55:40-INFO] TEST_RECALL: 0.547, TIME: 36.0s
[21-02-06 10:55:40-DEBUG] 
TEST set, TITLE	CLS0	CLS1	CLS2	MEAN
TEST set, REC:	0.791	0.387	0.464	0.547	
TEST set, F1 :	0.742	0.406	0.510	0.552	
TEST set, AUC:	0.804	0.630	0.789	0.741	
TEST set, ACC:	0.727	0.673	0.808	0.736	
TEST set, SPE:	0.664	0.789	0.902	0.785	
[21-02-06 10:55:42-INFO] BEST_RECALL: 0.605, EPOCH:  21
[21-02-06 11:02:56-INFO] EPOCH: 59
[21-02-06 11:02:56-INFO] TRAIN_LOSS : 0.003, TIME: 433.4s
[21-02-06 11:03:31-INFO] VAL _RECALL: 1.000, TIME: 35.6s
[21-02-06 11:03:31-DEBUG] 
VAL  set, TITLE	CLS0	CLS1	CLS2	MEAN
VAL  set, REC:	1.000	1.000	1.000	1.000	
VAL  set, F1 :	1.000	1.000	1.000	1.000	
VAL  set, AUC:	1.000	1.000	1.000	1.000	
VAL  set, ACC:	1.000	1.000	1.000	1.000	
VAL  set, SPE:	1.000	1.000	1.000	1.000	
[21-02-06 11:04:07-INFO] TEST_RECALL: 0.519, TIME: 36.1s
[21-02-06 11:04:07-DEBUG] 
TEST set, TITLE	CLS0	CLS1	CLS2	MEAN
TEST set, REC:	0.682	0.373	0.500	0.519	
TEST set, F1 :	0.698	0.366	0.487	0.517	
TEST set, AUC:	0.803	0.617	0.790	0.737	
TEST set, ACC:	0.708	0.627	0.773	0.703	
TEST set, SPE:	0.733	0.730	0.848	0.770	
[21-02-06 11:04:09-INFO] BEST_RECALL: 0.605, EPOCH:  21
[21-02-06 11:11:23-INFO] EPOCH: 60
[21-02-06 11:11:23-INFO] TRAIN_LOSS : 0.002, TIME: 433.3s
[21-02-06 11:11:58-INFO] VAL _RECALL: 1.000, TIME: 35.6s
[21-02-06 11:11:58-DEBUG] 
VAL  set, TITLE	CLS0	CLS1	CLS2	MEAN
VAL  set, REC:	1.000	1.000	1.000	1.000	
VAL  set, F1 :	1.000	1.000	1.000	1.000	
VAL  set, AUC:	1.000	1.000	1.000	1.000	
VAL  set, ACC:	1.000	1.000	1.000	1.000	
VAL  set, SPE:	1.000	1.000	1.000	1.000	
[21-02-06 11:12:34-INFO] TEST_RECALL: 0.555, TIME: 36.0s
[21-02-06 11:12:34-DEBUG] 
TEST set, TITLE	CLS0	CLS1	CLS2	MEAN
TEST set, REC:	0.791	0.373	0.500	0.555	
TEST set, F1 :	0.734	0.409	0.533	0.559	
TEST set, AUC:	0.808	0.637	0.803	0.749	
TEST set, ACC:	0.715	0.688	0.812	0.738	
TEST set, SPE:	0.641	0.816	0.897	0.785	
[21-02-06 11:12:36-INFO] BEST_RECALL: 0.605, EPOCH:  21
[21-02-06 11:19:49-INFO] EPOCH: 61
[21-02-06 11:19:49-INFO] TRAIN_LOSS : 0.001, TIME: 433.2s
[21-02-06 11:20:25-INFO] VAL _RECALL: 1.000, TIME: 35.7s
[21-02-06 11:20:25-DEBUG] 
VAL  set, TITLE	CLS0	CLS1	CLS2	MEAN
VAL  set, REC:	1.000	1.000	1.000	1.000	
VAL  set, F1 :	1.000	1.000	1.000	1.000	
VAL  set, AUC:	1.000	1.000	1.000	1.000	
VAL  set, ACC:	1.000	1.000	1.000	1.000	
VAL  set, SPE:	1.000	1.000	1.000	1.000	
[21-02-06 11:21:01-INFO] TEST_RECALL: 0.540, TIME: 36.0s
[21-02-06 11:21:01-DEBUG] 
TEST set, TITLE	CLS0	CLS1	CLS2	MEAN
TEST set, REC:	0.829	0.253	0.536	0.540	
TEST set, F1 :	0.740	0.319	0.536	0.532	
TEST set, AUC:	0.811	0.628	0.813	0.750	
TEST set, ACC:	0.712	0.688	0.800	0.733	
TEST set, SPE:	0.595	0.865	0.873	0.778	
[21-02-06 11:21:03-INFO] BEST_RECALL: 0.605, EPOCH:  21
[21-02-06 11:28:16-INFO] EPOCH: 62
[21-02-06 11:28:16-INFO] TRAIN_LOSS : 0.001, TIME: 433.1s
[21-02-06 11:28:52-INFO] VAL _RECALL: 1.000, TIME: 35.6s
[21-02-06 11:28:52-DEBUG] 
VAL  set, TITLE	CLS0	CLS1	CLS2	MEAN
VAL  set, REC:	1.000	1.000	1.000	1.000	
VAL  set, F1 :	1.000	1.000	1.000	1.000	
VAL  set, AUC:	1.000	1.000	1.000	1.000	
VAL  set, ACC:	1.000	1.000	1.000	1.000	
VAL  set, SPE:	1.000	1.000	1.000	1.000	
[21-02-06 11:29:28-INFO] TEST_RECALL: 0.540, TIME: 36.0s
[21-02-06 11:29:28-DEBUG] 
TEST set, TITLE	CLS0	CLS1	CLS2	MEAN
TEST set, REC:	0.791	0.347	0.482	0.540	
TEST set, F1 :	0.723	0.380	0.535	0.546	
TEST set, AUC:	0.795	0.640	0.809	0.748	
TEST set, ACC:	0.700	0.673	0.819	0.731	
TEST set, SPE:	0.611	0.805	0.912	0.776	
[21-02-06 11:29:30-INFO] BEST_RECALL: 0.605, EPOCH:  21
[21-02-06 11:36:43-INFO] EPOCH: 63
[21-02-06 11:36:43-INFO] TRAIN_LOSS : 0.001, TIME: 433.4s
[21-02-06 11:37:19-INFO] VAL _RECALL: 1.000, TIME: 35.9s
[21-02-06 11:37:19-DEBUG] 
VAL  set, TITLE	CLS0	CLS1	CLS2	MEAN
VAL  set, REC:	1.000	1.000	1.000	1.000	
VAL  set, F1 :	1.000	1.000	1.000	1.000	
VAL  set, AUC:	1.000	1.000	1.000	1.000	
VAL  set, ACC:	1.000	1.000	1.000	1.000	
VAL  set, SPE:	1.000	1.000	1.000	1.000	
[21-02-06 11:37:55-INFO] TEST_RECALL: 0.559, TIME: 36.0s
[21-02-06 11:37:55-DEBUG] 
TEST set, TITLE	CLS0	CLS1	CLS2	MEAN
TEST set, REC:	0.829	0.293	0.554	0.559	
TEST set, F1 :	0.738	0.364	0.569	0.557	
TEST set, AUC:	0.813	0.634	0.814	0.754	
TEST set, ACC:	0.708	0.704	0.819	0.744	
TEST set, SPE:	0.588	0.870	0.892	0.783	
[21-02-06 11:37:57-INFO] BEST_RECALL: 0.605, EPOCH:  21
[21-02-06 11:45:10-INFO] EPOCH: 64
[21-02-06 11:45:10-INFO] TRAIN_LOSS : 0.001, TIME: 433.5s
[21-02-06 11:45:46-INFO] VAL _RECALL: 1.000, TIME: 35.9s
[21-02-06 11:45:46-DEBUG] 
VAL  set, TITLE	CLS0	CLS1	CLS2	MEAN
VAL  set, REC:	1.000	1.000	1.000	1.000	
VAL  set, F1 :	1.000	1.000	1.000	1.000	
VAL  set, AUC:	1.000	1.000	1.000	1.000	
VAL  set, ACC:	1.000	1.000	1.000	1.000	
VAL  set, SPE:	1.000	1.000	1.000	1.000	
[21-02-06 11:46:22-INFO] TEST_RECALL: 0.558, TIME: 36.0s
[21-02-06 11:46:22-DEBUG] 
TEST set, TITLE	CLS0	CLS1	CLS2	MEAN
TEST set, REC:	0.791	0.347	0.536	0.558	
TEST set, F1 :	0.723	0.394	0.566	0.561	
TEST set, AUC:	0.811	0.636	0.808	0.751	
TEST set, ACC:	0.700	0.692	0.823	0.738	
TEST set, SPE:	0.611	0.832	0.902	0.782	
[21-02-06 11:46:24-INFO] BEST_RECALL: 0.605, EPOCH:  21
[21-02-06 11:53:37-INFO] EPOCH: 65
[21-02-06 11:53:37-INFO] TRAIN_LOSS : 0.001, TIME: 433.4s
[21-02-06 11:54:13-INFO] VAL _RECALL: 1.000, TIME: 35.8s
[21-02-06 11:54:13-DEBUG] 
VAL  set, TITLE	CLS0	CLS1	CLS2	MEAN
VAL  set, REC:	1.000	1.000	1.000	1.000	
VAL  set, F1 :	1.000	1.000	1.000	1.000	
VAL  set, AUC:	1.000	1.000	1.000	1.000	
VAL  set, ACC:	1.000	1.000	1.000	1.000	
VAL  set, SPE:	1.000	1.000	1.000	1.000	
[21-02-06 11:54:49-INFO] TEST_RECALL: 0.550, TIME: 36.1s
[21-02-06 11:54:49-DEBUG] 
TEST set, TITLE	CLS0	CLS1	CLS2	MEAN
TEST set, REC:	0.767	0.400	0.482	0.550	
TEST set, F1 :	0.720	0.420	0.529	0.556	
TEST set, AUC:	0.793	0.643	0.795	0.744	
TEST set, ACC:	0.704	0.681	0.815	0.733	
TEST set, SPE:	0.641	0.795	0.907	0.781	
[21-02-06 11:54:51-INFO] BEST_RECALL: 0.605, EPOCH:  21
[21-02-06 12:02:05-INFO] EPOCH: 66
[21-02-06 12:02:05-INFO] TRAIN_LOSS : 0.001, TIME: 433.3s
[21-02-06 12:02:40-INFO] VAL _RECALL: 1.000, TIME: 35.8s
[21-02-06 12:02:40-DEBUG] 
VAL  set, TITLE	CLS0	CLS1	CLS2	MEAN
VAL  set, REC:	1.000	1.000	1.000	1.000	
VAL  set, F1 :	1.000	1.000	1.000	1.000	
VAL  set, AUC:	1.000	1.000	1.000	1.000	
VAL  set, ACC:	1.000	1.000	1.000	1.000	
VAL  set, SPE:	1.000	1.000	1.000	1.000	
[21-02-06 12:03:16-INFO] TEST_RECALL: 0.555, TIME: 36.0s
[21-02-06 12:03:16-DEBUG] 
TEST set, TITLE	CLS0	CLS1	CLS2	MEAN
TEST set, REC:	0.791	0.373	0.500	0.555	
TEST set, F1 :	0.723	0.409	0.554	0.562	
TEST set, AUC:	0.801	0.647	0.801	0.749	
TEST set, ACC:	0.700	0.688	0.827	0.738	
TEST set, SPE:	0.611	0.816	0.917	0.781	
[21-02-06 12:03:18-INFO] BEST_RECALL: 0.605, EPOCH:  21
[21-02-06 12:10:31-INFO] EPOCH: 67
[21-02-06 12:10:31-INFO] TRAIN_LOSS : 0.001, TIME: 433.0s
[21-02-06 12:11:07-INFO] VAL _RECALL: 1.000, TIME: 35.8s
[21-02-06 12:11:07-DEBUG] 
VAL  set, TITLE	CLS0	CLS1	CLS2	MEAN
VAL  set, REC:	1.000	1.000	1.000	1.000	
VAL  set, F1 :	1.000	1.000	1.000	1.000	
VAL  set, AUC:	1.000	1.000	1.000	1.000	
VAL  set, ACC:	1.000	1.000	1.000	1.000	
VAL  set, SPE:	1.000	1.000	1.000	1.000	
[21-02-06 12:11:43-INFO] TEST_RECALL: 0.558, TIME: 36.1s
[21-02-06 12:11:43-DEBUG] 
TEST set, TITLE	CLS0	CLS1	CLS2	MEAN
TEST set, REC:	0.806	0.387	0.482	0.558	
TEST set, F1 :	0.725	0.426	0.557	0.569	
TEST set, AUC:	0.801	0.652	0.798	0.750	
TEST set, ACC:	0.696	0.700	0.835	0.744	
TEST set, SPE:	0.588	0.827	0.931	0.782	
[21-02-06 12:11:45-INFO] BEST_RECALL: 0.605, EPOCH:  21
[21-02-06 12:18:58-INFO] EPOCH: 68
[21-02-06 12:18:58-INFO] TRAIN_LOSS : 0.000, TIME: 433.1s
[21-02-06 12:19:34-INFO] VAL _RECALL: 1.000, TIME: 35.8s
[21-02-06 12:19:34-DEBUG] 
VAL  set, TITLE	CLS0	CLS1	CLS2	MEAN
VAL  set, REC:	1.000	1.000	1.000	1.000	
VAL  set, F1 :	1.000	1.000	1.000	1.000	
VAL  set, AUC:	1.000	1.000	1.000	1.000	
VAL  set, ACC:	1.000	1.000	1.000	1.000	
VAL  set, SPE:	1.000	1.000	1.000	1.000	
[21-02-06 12:20:10-INFO] TEST_RECALL: 0.563, TIME: 36.1s
[21-02-06 12:20:10-DEBUG] 
TEST set, TITLE	CLS0	CLS1	CLS2	MEAN
TEST set, REC:	0.798	0.373	0.518	0.563	
TEST set, F1 :	0.728	0.415	0.569	0.570	
TEST set, AUC:	0.801	0.641	0.801	0.748	
TEST set, ACC:	0.704	0.696	0.831	0.744	
TEST set, SPE:	0.611	0.827	0.917	0.785	
[21-02-06 12:20:12-INFO] BEST_RECALL: 0.605, EPOCH:  21
[21-02-06 12:27:25-INFO] EPOCH: 69
[21-02-06 12:27:25-INFO] TRAIN_LOSS : 0.000, TIME: 433.2s
[21-02-06 12:28:01-INFO] VAL _RECALL: 1.000, TIME: 35.7s
[21-02-06 12:28:01-DEBUG] 
VAL  set, TITLE	CLS0	CLS1	CLS2	MEAN
VAL  set, REC:	1.000	1.000	1.000	1.000	
VAL  set, F1 :	1.000	1.000	1.000	1.000	
VAL  set, AUC:	1.000	1.000	1.000	1.000	
VAL  set, ACC:	1.000	1.000	1.000	1.000	
VAL  set, SPE:	1.000	1.000	1.000	1.000	
[21-02-06 12:28:37-INFO] TEST_RECALL: 0.559, TIME: 36.0s
[21-02-06 12:28:37-DEBUG] 
TEST set, TITLE	CLS0	CLS1	CLS2	MEAN
TEST set, REC:	0.791	0.387	0.500	0.559	
TEST set, F1 :	0.718	0.423	0.566	0.569	
TEST set, AUC:	0.800	0.647	0.804	0.750	
TEST set, ACC:	0.692	0.696	0.835	0.741	
TEST set, SPE:	0.595	0.822	0.926	0.781	
[21-02-06 12:28:39-INFO] BEST_RECALL: 0.605, EPOCH:  21
