[21-02-06 12:28:41-DEBUG] Checkpoints is in:
./results/checkpoints/20210206/3D_ResNet34-1-122841/
[21-02-06 12:28:41-DEBUG] Tensorboard is in:
./results/tensorboards/20210206/3D_ResNet34-1-122841/
[21-02-06 12:28:41-DEBUG] Data is in:
./data/Net_Input/3D_64_z1.0_l0.70_h0.10_20210125/
[21-02-06 12:28:41-DEBUG] LR: 3e-05, LD: 0.98
[21-02-06 12:28:41-DEBUG] WD: 1e-05, WU: 20
[21-02-06 12:28:41-DEBUG] BS: 4, FOLD: 1


[21-02-06 12:36:00-INFO] EPOCH: 1
[21-02-06 12:36:00-INFO] TRAIN_LOSS : 1.046, TIME: 435.7s
[21-02-06 12:36:36-INFO] VAL _RECALL: 0.345, TIME: 35.8s
[21-02-06 12:36:36-DEBUG] 
VAL  set, TITLE	CLS0	CLS1	CLS2	MEAN
VAL  set, REC:	1.000	0.000	0.036	0.345	
VAL  set, F1 :	0.667	0.000	0.069	0.245	
VAL  set, AUC:	0.776	0.641	0.775	0.731	
VAL  set, ACC:	0.504	0.712	0.792	0.669	
VAL  set, SPE:	0.015	1.000	1.000	0.672	
[21-02-06 12:37:12-INFO] TEST_RECALL: 0.358, TIME: 35.9s
[21-02-06 12:37:12-DEBUG] 
TEST set, TITLE	CLS0	CLS1	CLS2	MEAN
TEST set, REC:	1.000	0.018	0.056	0.358	
TEST set, F1 :	0.686	0.035	0.105	0.275	
TEST set, AUC:	0.787	0.599	0.772	0.719	
TEST set, ACC:	0.533	0.788	0.737	0.686	
TEST set, SPE:	0.047	1.000	0.995	0.681	
[21-02-06 12:37:12-INFO] BEST_RECALL: 0.358, EPOCH:   1
[21-02-06 12:44:28-INFO] EPOCH: 2
[21-02-06 12:44:28-INFO] TRAIN_LOSS : 0.995, TIME: 436.1s
[21-02-06 12:45:04-INFO] VAL _RECALL: 0.492, TIME: 35.9s
[21-02-06 12:45:04-DEBUG] 
VAL  set, TITLE	CLS0	CLS1	CLS2	MEAN
VAL  set, REC:	0.287	0.813	0.375	0.492	
VAL  set, F1 :	0.430	0.466	0.488	0.461	
VAL  set, AUC:	0.807	0.634	0.819	0.753	
VAL  set, ACC:	0.623	0.462	0.831	0.638	
VAL  set, SPE:	0.954	0.319	0.956	0.743	
[21-02-06 12:45:40-INFO] TEST_RECALL: 0.412, TIME: 35.8s
[21-02-06 12:45:40-DEBUG] 
TEST set, TITLE	CLS0	CLS1	CLS2	MEAN
TEST set, REC:	0.152	0.732	0.352	0.412	
TEST set, F1 :	0.256	0.325	0.455	0.345	
TEST set, AUC:	0.809	0.592	0.799	0.733	
TEST set, ACC:	0.552	0.344	0.768	0.555	
TEST set, SPE:	0.969	0.236	0.926	0.710	
[21-02-06 12:45:42-INFO] BEST_RECALL: 0.412, EPOCH:   2
[21-02-06 12:52:58-INFO] EPOCH: 3
[21-02-06 12:52:58-INFO] TRAIN_LOSS : 0.937, TIME: 436.0s
[21-02-06 12:53:34-INFO] VAL _RECALL: 0.569, TIME: 36.0s
[21-02-06 12:53:34-DEBUG] 
VAL  set, TITLE	CLS0	CLS1	CLS2	MEAN
VAL  set, REC:	0.922	0.000	0.786	0.569	
VAL  set, F1 :	0.796	0.000	0.603	0.466	
VAL  set, AUC:	0.873	0.700	0.872	0.815	
VAL  set, ACC:	0.765	0.712	0.777	0.751	
VAL  set, SPE:	0.611	1.000	0.775	0.795	
[21-02-06 12:54:10-INFO] TEST_RECALL: 0.515, TIME: 35.9s
[21-02-06 12:54:10-DEBUG] 
TEST set, TITLE	CLS0	CLS1	CLS2	MEAN
TEST set, REC:	0.826	0.000	0.718	0.515	
TEST set, F1 :	0.747	0.000	0.600	0.449	
TEST set, AUC:	0.838	0.644	0.842	0.775	
TEST set, ACC:	0.714	0.784	0.737	0.745	
TEST set, SPE:	0.598	1.000	0.745	0.781	
[21-02-06 12:54:12-INFO] BEST_RECALL: 0.515, EPOCH:   3
[21-02-06 13:01:27-INFO] EPOCH: 4
[21-02-06 13:01:27-INFO] TRAIN_LOSS : 0.867, TIME: 435.8s
[21-02-06 13:02:03-INFO] VAL _RECALL: 0.339, TIME: 35.9s
[21-02-06 13:02:03-DEBUG] 
VAL  set, TITLE	CLS0	CLS1	CLS2	MEAN
VAL  set, REC:	1.000	0.000	0.018	0.339	
VAL  set, F1 :	0.665	0.000	0.035	0.233	
VAL  set, AUC:	0.903	0.724	0.895	0.840	
VAL  set, ACC:	0.500	0.712	0.788	0.667	
VAL  set, SPE:	0.008	1.000	1.000	0.669	
[21-02-06 13:02:39-INFO] TEST_RECALL: 0.333, TIME: 36.0s
[21-02-06 13:02:39-DEBUG] 
TEST set, TITLE	CLS0	CLS1	CLS2	MEAN
TEST set, REC:	1.000	0.000	0.000	0.333	
TEST set, F1 :	0.675	0.000	0.000	0.225	
TEST set, AUC:	0.812	0.593	0.855	0.753	
TEST set, ACC:	0.510	0.784	0.726	0.673	
TEST set, SPE:	0.000	1.000	1.000	0.667	
[21-02-06 13:02:39-INFO] BEST_RECALL: 0.515, EPOCH:   3
[21-02-06 13:09:55-INFO] EPOCH: 5
[21-02-06 13:09:55-INFO] TRAIN_LOSS : 0.824, TIME: 436.0s
[21-02-06 13:10:31-INFO] VAL _RECALL: 0.459, TIME: 35.9s
[21-02-06 13:10:31-DEBUG] 
VAL  set, TITLE	CLS0	CLS1	CLS2	MEAN
VAL  set, REC:	0.000	0.467	0.911	0.459	
VAL  set, F1 :	0.000	0.335	0.560	0.298	
VAL  set, AUC:	0.919	0.491	0.910	0.773	
VAL  set, ACC:	0.504	0.465	0.692	0.554	
VAL  set, SPE:	1.000	0.465	0.632	0.699	
[21-02-06 13:11:07-INFO] TEST_RECALL: 0.426, TIME: 36.0s
[21-02-06 13:11:07-DEBUG] 
TEST set, TITLE	CLS0	CLS1	CLS2	MEAN
TEST set, REC:	0.000	0.446	0.831	0.426	
TEST set, F1 :	0.000	0.269	0.590	0.286	
TEST set, AUC:	0.858	0.493	0.855	0.735	
TEST set, ACC:	0.490	0.475	0.683	0.550	
TEST set, SPE:	1.000	0.483	0.628	0.703	
[21-02-06 13:11:07-INFO] BEST_RECALL: 0.515, EPOCH:   3
[21-02-06 13:18:23-INFO] EPOCH: 6
[21-02-06 13:18:23-INFO] TRAIN_LOSS : 0.784, TIME: 436.0s
[21-02-06 13:18:59-INFO] VAL _RECALL: 0.530, TIME: 36.0s
[21-02-06 13:18:59-DEBUG] 
VAL  set, TITLE	CLS0	CLS1	CLS2	MEAN
VAL  set, REC:	0.178	0.467	0.946	0.530	
VAL  set, F1 :	0.303	0.343	0.646	0.431	
VAL  set, AUC:	0.942	0.589	0.960	0.830	
VAL  set, ACC:	0.592	0.485	0.777	0.618	
VAL  set, SPE:	1.000	0.492	0.730	0.741	
[21-02-06 13:19:35-INFO] TEST_RECALL: 0.488, TIME: 35.9s
[21-02-06 13:19:35-DEBUG] 
TEST set, TITLE	CLS0	CLS1	CLS2	MEAN
TEST set, REC:	0.068	0.536	0.859	0.488	
TEST set, F1 :	0.128	0.312	0.659	0.367	
TEST set, AUC:	0.856	0.535	0.864	0.752	
TEST set, ACC:	0.525	0.490	0.757	0.591	
TEST set, SPE:	1.000	0.478	0.718	0.732	
[21-02-06 13:19:36-INFO] BEST_RECALL: 0.515, EPOCH:   3
[21-02-06 13:26:52-INFO] EPOCH: 7
[21-02-06 13:26:52-INFO] TRAIN_LOSS : 0.767, TIME: 435.9s
[21-02-06 13:27:27-INFO] VAL _RECALL: 0.473, TIME: 35.8s
[21-02-06 13:27:27-DEBUG] 
VAL  set, TITLE	CLS0	CLS1	CLS2	MEAN
VAL  set, REC:	1.000	0.240	0.179	0.473	
VAL  set, F1 :	0.784	0.288	0.303	0.458	
VAL  set, AUC:	0.967	0.744	0.976	0.896	
VAL  set, ACC:	0.727	0.658	0.823	0.736	
VAL  set, SPE:	0.458	0.827	1.000	0.762	
[21-02-06 13:28:03-INFO] TEST_RECALL: 0.387, TIME: 35.9s
[21-02-06 13:28:03-DEBUG] 
TEST set, TITLE	CLS0	CLS1	CLS2	MEAN
TEST set, REC:	0.977	0.143	0.042	0.387	
TEST set, F1 :	0.746	0.163	0.081	0.330	
TEST set, AUC:	0.857	0.614	0.880	0.784	
TEST set, ACC:	0.660	0.683	0.737	0.694	
TEST set, SPE:	0.331	0.833	1.000	0.721	
[21-02-06 13:28:05-INFO] BEST_RECALL: 0.515, EPOCH:   3
[21-02-06 13:35:21-INFO] EPOCH: 8
[21-02-06 13:35:21-INFO] TRAIN_LOSS : 0.673, TIME: 435.7s
[21-02-06 13:35:57-INFO] VAL _RECALL: 0.530, TIME: 35.9s
[21-02-06 13:35:57-DEBUG] 
VAL  set, TITLE	CLS0	CLS1	CLS2	MEAN
VAL  set, REC:	0.946	0.573	0.071	0.530	
VAL  set, F1 :	0.841	0.506	0.133	0.494	
VAL  set, AUC:	0.946	0.774	0.948	0.890	
VAL  set, ACC:	0.823	0.677	0.800	0.767	
VAL  set, SPE:	0.702	0.719	1.000	0.807	
[21-02-06 13:36:33-INFO] TEST_RECALL: 0.472, TIME: 35.9s
[21-02-06 13:36:33-DEBUG] 
TEST set, TITLE	CLS0	CLS1	CLS2	MEAN
TEST set, REC:	0.833	0.554	0.028	0.472	
TEST set, F1 :	0.775	0.385	0.055	0.405	
TEST set, AUC:	0.849	0.634	0.879	0.788	
TEST set, ACC:	0.753	0.618	0.734	0.701	
TEST set, SPE:	0.669	0.635	1.000	0.768	
[21-02-06 13:36:35-INFO] BEST_RECALL: 0.515, EPOCH:   3
[21-02-06 13:43:50-INFO] EPOCH: 9
[21-02-06 13:43:50-INFO] TRAIN_LOSS : 0.642, TIME: 435.8s
[21-02-06 13:44:26-INFO] VAL _RECALL: 0.753, TIME: 35.8s
[21-02-06 13:44:26-DEBUG] 
VAL  set, TITLE	CLS0	CLS1	CLS2	MEAN
VAL  set, REC:	0.682	0.667	0.911	0.753	
VAL  set, F1 :	0.804	0.595	0.767	0.722	
VAL  set, AUC:	0.971	0.814	0.967	0.917	
VAL  set, ACC:	0.835	0.738	0.881	0.818	
VAL  set, SPE:	0.985	0.768	0.873	0.875	
[21-02-06 13:45:02-INFO] TEST_RECALL: 0.569, TIME: 35.9s
[21-02-06 13:45:02-DEBUG] 
TEST set, TITLE	CLS0	CLS1	CLS2	MEAN
TEST set, REC:	0.447	0.500	0.761	0.569	
TEST set, F1 :	0.590	0.366	0.655	0.537	
TEST set, AUC:	0.841	0.593	0.870	0.768	
TEST set, ACC:	0.683	0.625	0.780	0.696	
TEST set, SPE:	0.929	0.660	0.787	0.792	
[21-02-06 13:45:06-INFO] BEST_RECALL: 0.569, EPOCH:   9
[21-02-06 13:52:22-INFO] EPOCH: 10
[21-02-06 13:52:22-INFO] TRAIN_LOSS : 0.570, TIME: 435.5s
[21-02-06 13:52:57-INFO] VAL _RECALL: 0.506, TIME: 35.8s
[21-02-06 13:52:57-DEBUG] 
VAL  set, TITLE	CLS0	CLS1	CLS2	MEAN
VAL  set, REC:	0.295	0.240	0.982	0.506	
VAL  set, F1 :	0.455	0.269	0.502	0.409	
VAL  set, AUC:	0.966	0.587	0.948	0.833	
VAL  set, ACC:	0.650	0.623	0.581	0.618	
VAL  set, SPE:	1.000	0.778	0.471	0.750	
[21-02-06 13:53:33-INFO] TEST_RECALL: 0.424, TIME: 35.9s
[21-02-06 13:53:33-DEBUG] 
TEST set, TITLE	CLS0	CLS1	CLS2	MEAN
TEST set, REC:	0.189	0.125	0.958	0.424	
TEST set, F1 :	0.312	0.146	0.519	0.326	
TEST set, AUC:	0.788	0.505	0.799	0.697	
TEST set, ACC:	0.575	0.683	0.514	0.591	
TEST set, SPE:	0.976	0.837	0.346	0.720	
[21-02-06 13:53:35-INFO] BEST_RECALL: 0.569, EPOCH:   9
[21-02-06 14:00:51-INFO] EPOCH: 11
[21-02-06 14:00:51-INFO] TRAIN_LOSS : 0.610, TIME: 435.6s
[21-02-06 14:01:27-INFO] VAL _RECALL: 0.853, TIME: 35.9s
[21-02-06 14:01:27-DEBUG] 
VAL  set, TITLE	CLS0	CLS1	CLS2	MEAN
VAL  set, REC:	0.884	0.960	0.714	0.853	
VAL  set, F1 :	0.923	0.814	0.833	0.857	
VAL  set, AUC:	0.986	0.961	0.994	0.980	
VAL  set, ACC:	0.927	0.873	0.938	0.913	
VAL  set, SPE:	0.969	0.838	1.000	0.936	
[21-02-06 14:02:03-INFO] TEST_RECALL: 0.571, TIME: 36.0s
[21-02-06 14:02:03-DEBUG] 
TEST set, TITLE	CLS0	CLS1	CLS2	MEAN
TEST set, REC:	0.712	0.607	0.394	0.571	
TEST set, F1 :	0.749	0.425	0.523	0.566	
TEST set, AUC:	0.824	0.654	0.873	0.784	
TEST set, ACC:	0.757	0.645	0.803	0.735	
TEST set, SPE:	0.803	0.655	0.957	0.805	
[21-02-06 14:02:07-INFO] BEST_RECALL: 0.571, EPOCH:  11
[21-02-06 14:09:22-INFO] EPOCH: 12
[21-02-06 14:09:22-INFO] TRAIN_LOSS : 0.573, TIME: 435.7s
[21-02-06 14:09:58-INFO] VAL _RECALL: 0.692, TIME: 36.0s
[21-02-06 14:09:58-DEBUG] 
VAL  set, TITLE	CLS0	CLS1	CLS2	MEAN
VAL  set, REC:	1.000	0.667	0.411	0.692	
VAL  set, F1 :	0.902	0.645	0.582	0.710	
VAL  set, AUC:	0.994	0.896	0.972	0.954	
VAL  set, ACC:	0.892	0.788	0.873	0.851	
VAL  set, SPE:	0.786	0.838	1.000	0.875	
[21-02-06 14:10:34-INFO] TEST_RECALL: 0.492, TIME: 36.0s
[21-02-06 14:10:34-DEBUG] 
TEST set, TITLE	CLS0	CLS1	CLS2	MEAN
TEST set, REC:	0.909	0.286	0.282	0.492	
TEST set, F1 :	0.757	0.291	0.440	0.496	
TEST set, AUC:	0.823	0.598	0.872	0.765	
TEST set, ACC:	0.703	0.699	0.803	0.735	
TEST set, SPE:	0.488	0.813	1.000	0.767	
[21-02-06 14:10:36-INFO] BEST_RECALL: 0.571, EPOCH:  11
[21-02-06 14:17:52-INFO] EPOCH: 13
[21-02-06 14:17:52-INFO] TRAIN_LOSS : 0.519, TIME: 435.6s
[21-02-06 14:18:28-INFO] VAL _RECALL: 0.687, TIME: 35.9s
[21-02-06 14:18:28-DEBUG] 
VAL  set, TITLE	CLS0	CLS1	CLS2	MEAN
VAL  set, REC:	0.519	0.987	0.554	0.687	
VAL  set, F1 :	0.680	0.627	0.713	0.673	
VAL  set, AUC:	0.985	0.962	0.990	0.979	
VAL  set, ACC:	0.758	0.662	0.904	0.774	
VAL  set, SPE:	0.992	0.530	1.000	0.841	
[21-02-06 14:19:04-INFO] TEST_RECALL: 0.471, TIME: 35.9s
[21-02-06 14:19:04-DEBUG] 
TEST set, TITLE	CLS0	CLS1	CLS2	MEAN
TEST set, REC:	0.258	0.875	0.282	0.471	
TEST set, F1 :	0.393	0.392	0.421	0.402	
TEST set, AUC:	0.812	0.656	0.852	0.773	
TEST set, ACC:	0.595	0.413	0.788	0.598	
TEST set, SPE:	0.945	0.286	0.979	0.736	
[21-02-06 14:19:05-INFO] BEST_RECALL: 0.571, EPOCH:  11
[21-02-06 14:26:21-INFO] EPOCH: 14
[21-02-06 14:26:21-INFO] TRAIN_LOSS : 0.485, TIME: 435.3s
[21-02-06 14:26:57-INFO] VAL _RECALL: 0.844, TIME: 35.9s
[21-02-06 14:26:57-DEBUG] 
VAL  set, TITLE	CLS0	CLS1	CLS2	MEAN
VAL  set, REC:	0.953	0.613	0.964	0.844	
VAL  set, F1 :	0.950	0.730	0.800	0.827	
VAL  set, AUC:	0.992	0.958	0.982	0.977	
VAL  set, ACC:	0.950	0.869	0.896	0.905	
VAL  set, SPE:	0.947	0.973	0.877	0.932	
[21-02-06 14:27:33-INFO] TEST_RECALL: 0.559, TIME: 35.9s
[21-02-06 14:27:33-DEBUG] 
TEST set, TITLE	CLS0	CLS1	CLS2	MEAN
TEST set, REC:	0.705	0.196	0.775	0.559	
TEST set, F1 :	0.724	0.259	0.625	0.536	
TEST set, AUC:	0.807	0.614	0.834	0.752	
TEST set, ACC:	0.726	0.757	0.745	0.743	
TEST set, SPE:	0.748	0.911	0.734	0.798	
[21-02-06 14:27:34-INFO] BEST_RECALL: 0.571, EPOCH:  11
[21-02-06 14:34:50-INFO] EPOCH: 15
[21-02-06 14:34:50-INFO] TRAIN_LOSS : 0.415, TIME: 435.5s
[21-02-06 14:35:26-INFO] VAL _RECALL: 0.856, TIME: 36.0s
[21-02-06 14:35:26-DEBUG] 
VAL  set, TITLE	CLS0	CLS1	CLS2	MEAN
VAL  set, REC:	0.884	0.933	0.750	0.856	
VAL  set, F1 :	0.931	0.805	0.832	0.856	
VAL  set, AUC:	0.993	0.975	0.988	0.985	
VAL  set, ACC:	0.935	0.869	0.935	0.913	
VAL  set, SPE:	0.985	0.843	0.985	0.938	
[21-02-06 14:36:02-INFO] TEST_RECALL: 0.564, TIME: 35.9s
[21-02-06 14:36:02-DEBUG] 
TEST set, TITLE	CLS0	CLS1	CLS2	MEAN
TEST set, REC:	0.606	0.607	0.479	0.564	
TEST set, F1 :	0.687	0.410	0.571	0.556	
TEST set, AUC:	0.826	0.654	0.845	0.775	
TEST set, ACC:	0.718	0.622	0.803	0.714	
TEST set, SPE:	0.835	0.626	0.926	0.795	
[21-02-06 14:36:04-INFO] BEST_RECALL: 0.571, EPOCH:  11
[21-02-06 14:43:19-INFO] EPOCH: 16
[21-02-06 14:43:19-INFO] TRAIN_LOSS : 0.441, TIME: 435.2s
[21-02-06 14:43:55-INFO] VAL _RECALL: 0.809, TIME: 35.9s
[21-02-06 14:43:55-DEBUG] 
VAL  set, TITLE	CLS0	CLS1	CLS2	MEAN
VAL  set, REC:	0.992	0.507	0.929	0.809	
VAL  set, F1 :	0.905	0.673	0.839	0.805	
VAL  set, AUC:	0.993	0.981	0.977	0.984	
VAL  set, ACC:	0.896	0.858	0.923	0.892	
VAL  set, SPE:	0.802	1.000	0.922	0.908	
[21-02-06 14:44:31-INFO] TEST_RECALL: 0.553, TIME: 36.0s
[21-02-06 14:44:31-DEBUG] 
TEST set, TITLE	CLS0	CLS1	CLS2	MEAN
TEST set, REC:	0.909	0.089	0.662	0.553	
TEST set, F1 :	0.774	0.152	0.662	0.529	
TEST set, AUC:	0.828	0.615	0.855	0.766	
TEST set, ACC:	0.730	0.784	0.815	0.776	
TEST set, SPE:	0.543	0.975	0.872	0.797	
[21-02-06 14:44:33-INFO] BEST_RECALL: 0.571, EPOCH:  11
[21-02-06 14:51:48-INFO] EPOCH: 17
[21-02-06 14:51:48-INFO] TRAIN_LOSS : 0.348, TIME: 435.6s
[21-02-06 14:52:24-INFO] VAL _RECALL: 0.813, TIME: 35.9s
[21-02-06 14:52:24-DEBUG] 
VAL  set, TITLE	CLS0	CLS1	CLS2	MEAN
VAL  set, REC:	0.992	0.840	0.607	0.813	
VAL  set, F1 :	0.924	0.824	0.756	0.834	
VAL  set, AUC:	0.993	0.953	0.991	0.979	
VAL  set, ACC:	0.919	0.896	0.915	0.910	
VAL  set, SPE:	0.847	0.919	1.000	0.922	
[21-02-06 14:53:00-INFO] TEST_RECALL: 0.519, TIME: 36.0s
[21-02-06 14:53:00-DEBUG] 
TEST set, TITLE	CLS0	CLS1	CLS2	MEAN
TEST set, REC:	0.902	0.304	0.352	0.519	
TEST set, F1 :	0.763	0.324	0.495	0.527	
TEST set, AUC:	0.827	0.632	0.868	0.776	
TEST set, ACC:	0.714	0.726	0.803	0.748	
TEST set, SPE:	0.520	0.842	0.973	0.778	
[21-02-06 14:53:02-INFO] BEST_RECALL: 0.571, EPOCH:  11
[21-02-06 15:00:18-INFO] EPOCH: 18
[21-02-06 15:00:18-INFO] TRAIN_LOSS : 0.355, TIME: 435.5s
[21-02-06 15:00:54-INFO] VAL _RECALL: 0.901, TIME: 36.0s
[21-02-06 15:00:54-DEBUG] 
VAL  set, TITLE	CLS0	CLS1	CLS2	MEAN
VAL  set, REC:	0.984	0.933	0.786	0.901	
VAL  set, F1 :	0.966	0.897	0.871	0.912	
VAL  set, AUC:	0.994	0.983	0.992	0.989	
VAL  set, ACC:	0.965	0.938	0.950	0.951	
VAL  set, SPE:	0.947	0.941	0.995	0.961	
[21-02-06 15:01:30-INFO] TEST_RECALL: 0.551, TIME: 35.9s
[21-02-06 15:01:30-DEBUG] 
TEST set, TITLE	CLS0	CLS1	CLS2	MEAN
TEST set, REC:	0.811	0.393	0.451	0.551	
TEST set, F1 :	0.775	0.341	0.566	0.561	
TEST set, AUC:	0.849	0.668	0.860	0.792	
TEST set, ACC:	0.761	0.672	0.811	0.748	
TEST set, SPE:	0.709	0.749	0.947	0.801	
[21-02-06 15:01:32-INFO] BEST_RECALL: 0.571, EPOCH:  11
[21-02-06 15:08:47-INFO] EPOCH: 19
[21-02-06 15:08:47-INFO] TRAIN_LOSS : 0.314, TIME: 435.4s
[21-02-06 15:09:23-INFO] VAL _RECALL: 0.811, TIME: 35.9s
[21-02-06 15:09:23-DEBUG] 
VAL  set, TITLE	CLS0	CLS1	CLS2	MEAN
VAL  set, REC:	0.992	0.600	0.839	0.811	
VAL  set, F1 :	0.889	0.726	0.870	0.828	
VAL  set, AUC:	0.994	0.969	0.983	0.982	
VAL  set, ACC:	0.877	0.869	0.946	0.897	
VAL  set, SPE:	0.763	0.978	0.975	0.906	
[21-02-06 15:09:59-INFO] TEST_RECALL: 0.558, TIME: 35.9s
[21-02-06 15:09:59-DEBUG] 
TEST set, TITLE	CLS0	CLS1	CLS2	MEAN
TEST set, REC:	0.848	0.179	0.648	0.558	
TEST set, F1 :	0.757	0.256	0.639	0.551	
TEST set, AUC:	0.809	0.641	0.857	0.769	
TEST set, ACC:	0.722	0.776	0.799	0.766	
TEST set, SPE:	0.591	0.941	0.856	0.796	
[21-02-06 15:10:01-INFO] BEST_RECALL: 0.571, EPOCH:  11
[21-02-06 15:17:16-INFO] EPOCH: 20
[21-02-06 15:17:16-INFO] TRAIN_LOSS : 0.314, TIME: 435.6s
[21-02-06 15:17:52-INFO] VAL _RECALL: 0.804, TIME: 36.0s
[21-02-06 15:17:52-DEBUG] 
VAL  set, TITLE	CLS0	CLS1	CLS2	MEAN
VAL  set, REC:	0.891	0.520	1.000	0.804	
VAL  set, F1 :	0.935	0.667	0.713	0.772	
VAL  set, AUC:	0.996	0.950	0.992	0.979	
VAL  set, ACC:	0.938	0.850	0.827	0.872	
VAL  set, SPE:	0.985	0.984	0.779	0.916	
[21-02-06 15:18:28-INFO] TEST_RECALL: 0.501, TIME: 35.9s
[21-02-06 15:18:28-DEBUG] 
TEST set, TITLE	CLS0	CLS1	CLS2	MEAN
TEST set, REC:	0.462	0.125	0.915	0.501	
TEST set, F1 :	0.584	0.169	0.575	0.443	
TEST set, AUC:	0.772	0.575	0.819	0.722	
TEST set, ACC:	0.664	0.734	0.629	0.676	
TEST set, SPE:	0.874	0.901	0.521	0.766	
[21-02-06 15:18:30-INFO] BEST_RECALL: 0.571, EPOCH:  11
[21-02-06 15:25:45-INFO] EPOCH: 21
[21-02-06 15:25:45-INFO] TRAIN_LOSS : 0.165, TIME: 435.5s
[21-02-06 15:26:21-INFO] VAL _RECALL: 0.995, TIME: 35.9s
[21-02-06 15:26:21-DEBUG] 
VAL  set, TITLE	CLS0	CLS1	CLS2	MEAN
VAL  set, REC:	0.984	1.000	1.000	0.995	
VAL  set, F1 :	0.992	0.993	0.991	0.992	
VAL  set, AUC:	1.000	1.000	1.000	1.000	
VAL  set, ACC:	0.992	0.996	0.996	0.995	
VAL  set, SPE:	1.000	0.995	0.995	0.997	
[21-02-06 15:26:57-INFO] TEST_RECALL: 0.615, TIME: 35.9s
[21-02-06 15:26:57-DEBUG] 
TEST set, TITLE	CLS0	CLS1	CLS2	MEAN
TEST set, REC:	0.629	0.429	0.789	0.615	
TEST set, F1 :	0.706	0.393	0.696	0.598	
TEST set, AUC:	0.826	0.630	0.864	0.773	
TEST set, ACC:	0.734	0.714	0.811	0.753	
TEST set, SPE:	0.843	0.793	0.819	0.818	
[21-02-06 15:27:01-INFO] BEST_RECALL: 0.615, EPOCH:  21
[21-02-06 15:34:17-INFO] EPOCH: 22
[21-02-06 15:34:17-INFO] TRAIN_LOSS : 0.066, TIME: 435.4s
[21-02-06 15:34:53-INFO] VAL _RECALL: 0.991, TIME: 35.9s
[21-02-06 15:34:53-DEBUG] 
VAL  set, TITLE	CLS0	CLS1	CLS2	MEAN
VAL  set, REC:	1.000	0.973	1.000	0.991	
VAL  set, F1 :	1.000	0.986	0.982	0.990	
VAL  set, AUC:	1.000	1.000	1.000	1.000	
VAL  set, ACC:	1.000	0.992	0.992	0.995	
VAL  set, SPE:	1.000	1.000	0.990	0.997	
[21-02-06 15:35:29-INFO] TEST_RECALL: 0.603, TIME: 36.1s
[21-02-06 15:35:29-DEBUG] 
TEST set, TITLE	CLS0	CLS1	CLS2	MEAN
TEST set, REC:	0.750	0.214	0.845	0.603	
TEST set, F1 :	0.753	0.293	0.694	0.580	
TEST set, AUC:	0.826	0.647	0.878	0.784	
TEST set, ACC:	0.749	0.776	0.795	0.773	
TEST set, SPE:	0.748	0.931	0.777	0.819	
[21-02-06 15:35:31-INFO] BEST_RECALL: 0.615, EPOCH:  21
[21-02-06 15:42:46-INFO] EPOCH: 23
[21-02-06 15:42:46-INFO] TRAIN_LOSS : 0.048, TIME: 435.5s
[21-02-06 15:43:22-INFO] VAL _RECALL: 1.000, TIME: 36.0s
[21-02-06 15:43:22-DEBUG] 
VAL  set, TITLE	CLS0	CLS1	CLS2	MEAN
VAL  set, REC:	1.000	1.000	1.000	1.000	
VAL  set, F1 :	1.000	1.000	1.000	1.000	
VAL  set, AUC:	1.000	1.000	1.000	1.000	
VAL  set, ACC:	1.000	1.000	1.000	1.000	
VAL  set, SPE:	1.000	1.000	1.000	1.000	
[21-02-06 15:43:58-INFO] TEST_RECALL: 0.589, TIME: 36.0s
[21-02-06 15:43:58-DEBUG] 
TEST set, TITLE	CLS0	CLS1	CLS2	MEAN
TEST set, REC:	0.788	0.304	0.676	0.589	
TEST set, F1 :	0.754	0.351	0.662	0.589	
TEST set, AUC:	0.821	0.656	0.874	0.784	
TEST set, ACC:	0.737	0.757	0.811	0.768	
TEST set, SPE:	0.685	0.882	0.862	0.810	
[21-02-06 15:44:00-INFO] BEST_RECALL: 0.615, EPOCH:  21
[21-02-06 15:51:15-INFO] EPOCH: 24
[21-02-06 15:51:15-INFO] TRAIN_LOSS : 0.056, TIME: 435.3s
[21-02-06 15:51:51-INFO] VAL _RECALL: 0.991, TIME: 36.0s
[21-02-06 15:51:51-DEBUG] 
VAL  set, TITLE	CLS0	CLS1	CLS2	MEAN
VAL  set, REC:	1.000	0.973	1.000	0.991	
VAL  set, F1 :	1.000	0.986	0.982	0.990	
VAL  set, AUC:	1.000	1.000	1.000	1.000	
VAL  set, ACC:	1.000	0.992	0.992	0.995	
VAL  set, SPE:	1.000	1.000	0.990	0.997	
[21-02-06 15:52:27-INFO] TEST_RECALL: 0.632, TIME: 36.0s
[21-02-06 15:52:27-DEBUG] 
TEST set, TITLE	CLS0	CLS1	CLS2	MEAN
TEST set, REC:	0.864	0.357	0.676	0.632	
TEST set, F1 :	0.789	0.412	0.727	0.643	
TEST set, AUC:	0.859	0.686	0.892	0.812	
TEST set, ACC:	0.764	0.780	0.861	0.802	
TEST set, SPE:	0.661	0.897	0.931	0.830	
[21-02-06 15:52:31-INFO] BEST_RECALL: 0.632, EPOCH:  24
[21-02-06 15:59:47-INFO] EPOCH: 25
[21-02-06 15:59:47-INFO] TRAIN_LOSS : 0.059, TIME: 435.4s
[21-02-06 16:00:22-INFO] VAL _RECALL: 1.000, TIME: 35.9s
[21-02-06 16:00:22-DEBUG] 
VAL  set, TITLE	CLS0	CLS1	CLS2	MEAN
VAL  set, REC:	1.000	1.000	1.000	1.000	
VAL  set, F1 :	1.000	1.000	1.000	1.000	
VAL  set, AUC:	1.000	1.000	1.000	1.000	
VAL  set, ACC:	1.000	1.000	1.000	1.000	
VAL  set, SPE:	1.000	1.000	1.000	1.000	
[21-02-06 16:00:59-INFO] TEST_RECALL: 0.580, TIME: 36.0s
[21-02-06 16:00:59-DEBUG] 
TEST set, TITLE	CLS0	CLS1	CLS2	MEAN
TEST set, REC:	0.803	0.232	0.704	0.580	
TEST set, F1 :	0.765	0.280	0.676	0.574	
TEST set, AUC:	0.844	0.664	0.891	0.800	
TEST set, ACC:	0.749	0.741	0.815	0.768	
TEST set, SPE:	0.693	0.882	0.856	0.810	
[21-02-06 16:01:00-INFO] BEST_RECALL: 0.632, EPOCH:  24
[21-02-06 16:08:16-INFO] EPOCH: 26
[21-02-06 16:08:16-INFO] TRAIN_LOSS : 0.038, TIME: 435.2s
[21-02-06 16:08:52-INFO] VAL _RECALL: 1.000, TIME: 36.0s
[21-02-06 16:08:52-DEBUG] 
VAL  set, TITLE	CLS0	CLS1	CLS2	MEAN
VAL  set, REC:	1.000	1.000	1.000	1.000	
VAL  set, F1 :	1.000	1.000	1.000	1.000	
VAL  set, AUC:	1.000	1.000	1.000	1.000	
VAL  set, ACC:	1.000	1.000	1.000	1.000	
VAL  set, SPE:	1.000	1.000	1.000	1.000	
[21-02-06 16:09:28-INFO] TEST_RECALL: 0.593, TIME: 36.0s
[21-02-06 16:09:28-DEBUG] 
TEST set, TITLE	CLS0	CLS1	CLS2	MEAN
TEST set, REC:	0.788	0.357	0.634	0.593	
TEST set, F1 :	0.748	0.360	0.698	0.602	
TEST set, AUC:	0.824	0.655	0.872	0.784	
TEST set, ACC:	0.730	0.726	0.849	0.768	
TEST set, SPE:	0.669	0.828	0.931	0.809	
[21-02-06 16:09:30-INFO] BEST_RECALL: 0.632, EPOCH:  24
[21-02-06 16:16:45-INFO] EPOCH: 27
[21-02-06 16:16:45-INFO] TRAIN_LOSS : 0.042, TIME: 435.4s
[21-02-06 16:17:21-INFO] VAL _RECALL: 0.944, TIME: 35.8s
[21-02-06 16:17:21-DEBUG] 
VAL  set, TITLE	CLS0	CLS1	CLS2	MEAN
VAL  set, REC:	0.992	0.840	1.000	0.944	
VAL  set, F1 :	0.988	0.913	0.911	0.937	
VAL  set, AUC:	0.999	1.000	1.000	1.000	
VAL  set, ACC:	0.988	0.954	0.958	0.967	
VAL  set, SPE:	0.985	1.000	0.946	0.977	
[21-02-06 16:17:57-INFO] TEST_RECALL: 0.568, TIME: 35.9s
[21-02-06 16:17:57-DEBUG] 
TEST set, TITLE	CLS0	CLS1	CLS2	MEAN
TEST set, REC:	0.788	0.071	0.845	0.568	
TEST set, F1 :	0.765	0.125	0.659	0.516	
TEST set, AUC:	0.808	0.627	0.850	0.762	
TEST set, ACC:	0.753	0.784	0.761	0.766	
TEST set, SPE:	0.717	0.980	0.729	0.809	
[21-02-06 16:17:59-INFO] BEST_RECALL: 0.632, EPOCH:  24
[21-02-06 16:25:14-INFO] EPOCH: 28
[21-02-06 16:25:14-INFO] TRAIN_LOSS : 0.116, TIME: 435.5s
[21-02-06 16:25:50-INFO] VAL _RECALL: 0.961, TIME: 36.0s
[21-02-06 16:25:50-DEBUG] 
VAL  set, TITLE	CLS0	CLS1	CLS2	MEAN
VAL  set, REC:	0.977	0.907	1.000	0.961	
VAL  set, F1 :	0.988	0.951	0.918	0.952	
VAL  set, AUC:	1.000	1.000	1.000	1.000	
VAL  set, ACC:	0.988	0.973	0.962	0.974	
VAL  set, SPE:	1.000	1.000	0.951	0.984	
[21-02-06 16:26:26-INFO] TEST_RECALL: 0.553, TIME: 35.8s
[21-02-06 16:26:26-DEBUG] 
TEST set, TITLE	CLS0	CLS1	CLS2	MEAN
TEST set, REC:	0.697	0.214	0.746	0.553	
TEST set, F1 :	0.724	0.255	0.624	0.534	
TEST set, AUC:	0.810	0.620	0.840	0.757	
TEST set, ACC:	0.730	0.730	0.753	0.737	
TEST set, SPE:	0.764	0.872	0.755	0.797	
[21-02-06 16:26:28-INFO] BEST_RECALL: 0.632, EPOCH:  24
[21-02-06 16:33:43-INFO] EPOCH: 29
[21-02-06 16:33:43-INFO] TRAIN_LOSS : 0.125, TIME: 435.1s
[21-02-06 16:34:19-INFO] VAL _RECALL: 0.997, TIME: 35.9s
[21-02-06 16:34:19-DEBUG] 
VAL  set, TITLE	CLS0	CLS1	CLS2	MEAN
VAL  set, REC:	0.992	1.000	1.000	0.997	
VAL  set, F1 :	0.996	1.000	0.991	0.996	
VAL  set, AUC:	1.000	1.000	1.000	1.000	
VAL  set, ACC:	0.996	1.000	0.996	0.997	
VAL  set, SPE:	1.000	1.000	0.995	0.998	
[21-02-06 16:34:55-INFO] TEST_RECALL: 0.549, TIME: 35.9s
[21-02-06 16:34:55-DEBUG] 
TEST set, TITLE	CLS0	CLS1	CLS2	MEAN
TEST set, REC:	0.652	0.518	0.479	0.549	
TEST set, F1 :	0.680	0.406	0.557	0.548	
TEST set, AUC:	0.777	0.631	0.843	0.751	
TEST set, ACC:	0.687	0.672	0.792	0.717	
TEST set, SPE:	0.724	0.714	0.910	0.783	
[21-02-06 16:34:57-INFO] BEST_RECALL: 0.632, EPOCH:  24
[21-02-06 16:42:12-INFO] EPOCH: 30
[21-02-06 16:42:12-INFO] TRAIN_LOSS : 0.061, TIME: 435.0s
[21-02-06 16:42:48-INFO] VAL _RECALL: 1.000, TIME: 35.8s
[21-02-06 16:42:48-DEBUG] 
VAL  set, TITLE	CLS0	CLS1	CLS2	MEAN
VAL  set, REC:	1.000	1.000	1.000	1.000	
VAL  set, F1 :	1.000	1.000	1.000	1.000	
VAL  set, AUC:	1.000	1.000	1.000	1.000	
VAL  set, ACC:	1.000	1.000	1.000	1.000	
VAL  set, SPE:	1.000	1.000	1.000	1.000	
[21-02-06 16:43:24-INFO] TEST_RECALL: 0.592, TIME: 36.0s
[21-02-06 16:43:24-DEBUG] 
TEST set, TITLE	CLS0	CLS1	CLS2	MEAN
TEST set, REC:	0.682	0.446	0.648	0.592	
TEST set, F1 :	0.720	0.420	0.617	0.586	
TEST set, AUC:	0.830	0.661	0.839	0.777	
TEST set, ACC:	0.730	0.734	0.780	0.748	
TEST set, SPE:	0.780	0.813	0.830	0.807	
[21-02-06 16:43:26-INFO] BEST_RECALL: 0.632, EPOCH:  24
[21-02-06 16:50:41-INFO] EPOCH: 31
[21-02-06 16:50:41-INFO] TRAIN_LOSS : 0.038, TIME: 434.9s
[21-02-06 16:51:17-INFO] VAL _RECALL: 1.000, TIME: 36.0s
[21-02-06 16:51:17-DEBUG] 
VAL  set, TITLE	CLS0	CLS1	CLS2	MEAN
VAL  set, REC:	1.000	1.000	1.000	1.000	
VAL  set, F1 :	1.000	1.000	1.000	1.000	
VAL  set, AUC:	1.000	1.000	1.000	1.000	
VAL  set, ACC:	1.000	1.000	1.000	1.000	
VAL  set, SPE:	1.000	1.000	1.000	1.000	
[21-02-06 16:51:53-INFO] TEST_RECALL: 0.571, TIME: 36.0s
[21-02-06 16:51:53-DEBUG] 
TEST set, TITLE	CLS0	CLS1	CLS2	MEAN
TEST set, REC:	0.742	0.393	0.577	0.571	
TEST set, F1 :	0.729	0.376	0.621	0.575	
TEST set, AUC:	0.803	0.652	0.855	0.770	
TEST set, ACC:	0.718	0.718	0.807	0.748	
TEST set, SPE:	0.693	0.808	0.894	0.798	
[21-02-06 16:51:55-INFO] BEST_RECALL: 0.632, EPOCH:  24
[21-02-06 16:59:09-INFO] EPOCH: 32
[21-02-06 16:59:09-INFO] TRAIN_LOSS : 0.048, TIME: 434.8s
[21-02-06 16:59:45-INFO] VAL _RECALL: 1.000, TIME: 36.0s
[21-02-06 16:59:45-DEBUG] 
VAL  set, TITLE	CLS0	CLS1	CLS2	MEAN
VAL  set, REC:	1.000	1.000	1.000	1.000	
VAL  set, F1 :	1.000	1.000	1.000	1.000	
VAL  set, AUC:	1.000	1.000	1.000	1.000	
VAL  set, ACC:	1.000	1.000	1.000	1.000	
VAL  set, SPE:	1.000	1.000	1.000	1.000	
[21-02-06 17:00:21-INFO] TEST_RECALL: 0.594, TIME: 36.0s
[21-02-06 17:00:21-DEBUG] 
TEST set, TITLE	CLS0	CLS1	CLS2	MEAN
TEST set, REC:	0.712	0.464	0.606	0.594	
TEST set, F1 :	0.732	0.400	0.656	0.596	
TEST set, AUC:	0.820	0.660	0.887	0.789	
TEST set, ACC:	0.734	0.699	0.826	0.753	
TEST set, SPE:	0.756	0.764	0.910	0.810	
[21-02-06 17:00:24-INFO] BEST_RECALL: 0.632, EPOCH:  24
[21-02-06 17:07:38-INFO] EPOCH: 33
[21-02-06 17:07:38-INFO] TRAIN_LOSS : 0.026, TIME: 434.9s
[21-02-06 17:08:14-INFO] VAL _RECALL: 1.000, TIME: 35.8s
[21-02-06 17:08:14-DEBUG] 
VAL  set, TITLE	CLS0	CLS1	CLS2	MEAN
VAL  set, REC:	1.000	1.000	1.000	1.000	
VAL  set, F1 :	1.000	1.000	1.000	1.000	
VAL  set, AUC:	1.000	1.000	1.000	1.000	
VAL  set, ACC:	1.000	1.000	1.000	1.000	
VAL  set, SPE:	1.000	1.000	1.000	1.000	
[21-02-06 17:08:50-INFO] TEST_RECALL: 0.611, TIME: 35.9s
[21-02-06 17:08:50-DEBUG] 
TEST set, TITLE	CLS0	CLS1	CLS2	MEAN
TEST set, REC:	0.750	0.393	0.690	0.611	
TEST set, F1 :	0.747	0.393	0.695	0.612	
TEST set, AUC:	0.828	0.651	0.878	0.786	
TEST set, ACC:	0.741	0.737	0.834	0.771	
TEST set, SPE:	0.732	0.833	0.888	0.818	
[21-02-06 17:08:52-INFO] BEST_RECALL: 0.632, EPOCH:  24
[21-02-06 17:16:07-INFO] EPOCH: 34
[21-02-06 17:16:07-INFO] TRAIN_LOSS : 0.021, TIME: 435.1s
[21-02-06 17:16:43-INFO] VAL _RECALL: 1.000, TIME: 36.0s
[21-02-06 17:16:43-DEBUG] 
VAL  set, TITLE	CLS0	CLS1	CLS2	MEAN
VAL  set, REC:	1.000	1.000	1.000	1.000	
VAL  set, F1 :	1.000	1.000	1.000	1.000	
VAL  set, AUC:	1.000	1.000	1.000	1.000	
VAL  set, ACC:	1.000	1.000	1.000	1.000	
VAL  set, SPE:	1.000	1.000	1.000	1.000	
[21-02-06 17:17:19-INFO] TEST_RECALL: 0.604, TIME: 36.1s
[21-02-06 17:17:19-DEBUG] 
TEST set, TITLE	CLS0	CLS1	CLS2	MEAN
TEST set, REC:	0.712	0.411	0.690	0.604	
TEST set, F1 :	0.740	0.365	0.710	0.605	
TEST set, AUC:	0.834	0.649	0.893	0.792	
TEST set, ACC:	0.745	0.691	0.846	0.761	
TEST set, SPE:	0.780	0.768	0.904	0.817	
[21-02-06 17:17:21-INFO] BEST_RECALL: 0.632, EPOCH:  24
[21-02-06 17:24:36-INFO] EPOCH: 35
[21-02-06 17:24:36-INFO] TRAIN_LOSS : 0.020, TIME: 434.9s
[21-02-06 17:25:12-INFO] VAL _RECALL: 1.000, TIME: 35.8s
[21-02-06 17:25:12-DEBUG] 
VAL  set, TITLE	CLS0	CLS1	CLS2	MEAN
VAL  set, REC:	1.000	1.000	1.000	1.000	
VAL  set, F1 :	1.000	1.000	1.000	1.000	
VAL  set, AUC:	1.000	1.000	1.000	1.000	
VAL  set, ACC:	1.000	1.000	1.000	1.000	
VAL  set, SPE:	1.000	1.000	1.000	1.000	
[21-02-06 17:25:48-INFO] TEST_RECALL: 0.561, TIME: 35.9s
[21-02-06 17:25:48-DEBUG] 
TEST set, TITLE	CLS0	CLS1	CLS2	MEAN
TEST set, REC:	0.682	0.411	0.592	0.561	
TEST set, F1 :	0.717	0.336	0.646	0.566	
TEST set, AUC:	0.821	0.632	0.872	0.775	
TEST set, ACC:	0.726	0.649	0.822	0.732	
TEST set, SPE:	0.772	0.714	0.910	0.799	
[21-02-06 17:25:50-INFO] BEST_RECALL: 0.632, EPOCH:  24
[21-02-06 17:33:05-INFO] EPOCH: 36
[21-02-06 17:33:05-INFO] TRAIN_LOSS : 0.005, TIME: 435.2s
[21-02-06 17:33:41-INFO] VAL _RECALL: 1.000, TIME: 35.9s
[21-02-06 17:33:41-DEBUG] 
VAL  set, TITLE	CLS0	CLS1	CLS2	MEAN
VAL  set, REC:	1.000	1.000	1.000	1.000	
VAL  set, F1 :	1.000	1.000	1.000	1.000	
VAL  set, AUC:	1.000	1.000	1.000	1.000	
VAL  set, ACC:	1.000	1.000	1.000	1.000	
VAL  set, SPE:	1.000	1.000	1.000	1.000	
[21-02-06 17:34:16-INFO] TEST_RECALL: 0.587, TIME: 35.9s
[21-02-06 17:34:16-DEBUG] 
TEST set, TITLE	CLS0	CLS1	CLS2	MEAN
TEST set, REC:	0.848	0.250	0.662	0.587	
TEST set, F1 :	0.780	0.286	0.707	0.591	
TEST set, AUC:	0.831	0.646	0.889	0.789	
TEST set, ACC:	0.757	0.730	0.849	0.779	
TEST set, SPE:	0.661	0.862	0.920	0.815	
[21-02-06 17:34:18-INFO] BEST_RECALL: 0.632, EPOCH:  24
[21-02-06 17:41:34-INFO] EPOCH: 37
[21-02-06 17:41:34-INFO] TRAIN_LOSS : 0.008, TIME: 435.1s
[21-02-06 17:42:10-INFO] VAL _RECALL: 1.000, TIME: 36.0s
[21-02-06 17:42:10-DEBUG] 
VAL  set, TITLE	CLS0	CLS1	CLS2	MEAN
VAL  set, REC:	1.000	1.000	1.000	1.000	
VAL  set, F1 :	1.000	1.000	1.000	1.000	
VAL  set, AUC:	1.000	1.000	1.000	1.000	
VAL  set, ACC:	1.000	1.000	1.000	1.000	
VAL  set, SPE:	1.000	1.000	1.000	1.000	
[21-02-06 17:42:45-INFO] TEST_RECALL: 0.617, TIME: 35.9s
[21-02-06 17:42:45-DEBUG] 
TEST set, TITLE	CLS0	CLS1	CLS2	MEAN
TEST set, REC:	0.811	0.393	0.648	0.617	
TEST set, F1 :	0.781	0.389	0.702	0.624	
TEST set, AUC:	0.847	0.667	0.885	0.800	
TEST set, ACC:	0.768	0.734	0.849	0.784	
TEST set, SPE:	0.724	0.828	0.926	0.826	
[21-02-06 17:42:47-INFO] BEST_RECALL: 0.632, EPOCH:  24
[21-02-06 17:50:03-INFO] EPOCH: 38
[21-02-06 17:50:03-INFO] TRAIN_LOSS : 0.008, TIME: 435.4s
[21-02-06 17:50:39-INFO] VAL _RECALL: 1.000, TIME: 36.0s
[21-02-06 17:50:39-DEBUG] 
VAL  set, TITLE	CLS0	CLS1	CLS2	MEAN
VAL  set, REC:	1.000	1.000	1.000	1.000	
VAL  set, F1 :	1.000	1.000	1.000	1.000	
VAL  set, AUC:	1.000	1.000	1.000	1.000	
VAL  set, ACC:	1.000	1.000	1.000	1.000	
VAL  set, SPE:	1.000	1.000	1.000	1.000	
[21-02-06 17:51:15-INFO] TEST_RECALL: 0.610, TIME: 35.9s
[21-02-06 17:51:15-DEBUG] 
TEST set, TITLE	CLS0	CLS1	CLS2	MEAN
TEST set, REC:	0.758	0.482	0.592	0.610	
TEST set, F1 :	0.749	0.429	0.672	0.617	
TEST set, AUC:	0.839	0.687	0.888	0.805	
TEST set, ACC:	0.741	0.722	0.842	0.768	
TEST set, SPE:	0.724	0.788	0.936	0.816	
[21-02-06 17:51:16-INFO] BEST_RECALL: 0.632, EPOCH:  24
[21-02-06 17:58:32-INFO] EPOCH: 39
[21-02-06 17:58:32-INFO] TRAIN_LOSS : 0.092, TIME: 435.3s
[21-02-06 17:59:08-INFO] VAL _RECALL: 0.975, TIME: 35.9s
[21-02-06 17:59:08-DEBUG] 
VAL  set, TITLE	CLS0	CLS1	CLS2	MEAN
VAL  set, REC:	1.000	0.960	0.964	0.975	
VAL  set, F1 :	0.981	0.980	0.982	0.981	
VAL  set, AUC:	1.000	0.999	1.000	1.000	
VAL  set, ACC:	0.981	0.988	0.992	0.987	
VAL  set, SPE:	0.962	1.000	1.000	0.987	
[21-02-06 17:59:44-INFO] TEST_RECALL: 0.556, TIME: 36.0s
[21-02-06 17:59:44-DEBUG] 
TEST set, TITLE	CLS0	CLS1	CLS2	MEAN
TEST set, REC:	0.780	0.339	0.549	0.556	
TEST set, F1 :	0.738	0.328	0.634	0.567	
TEST set, AUC:	0.780	0.604	0.838	0.741	
TEST set, ACC:	0.718	0.699	0.826	0.748	
TEST set, SPE:	0.654	0.798	0.931	0.794	
[21-02-06 17:59:46-INFO] BEST_RECALL: 0.632, EPOCH:  24
[21-02-06 18:07:01-INFO] EPOCH: 40
[21-02-06 18:07:01-INFO] TRAIN_LOSS : 0.110, TIME: 435.4s
[21-02-06 18:07:37-INFO] VAL _RECALL: 0.997, TIME: 35.9s
[21-02-06 18:07:37-DEBUG] 
VAL  set, TITLE	CLS0	CLS1	CLS2	MEAN
VAL  set, REC:	0.992	1.000	1.000	0.997	
VAL  set, F1 :	0.996	0.993	1.000	0.996	
VAL  set, AUC:	1.000	1.000	1.000	1.000	
VAL  set, ACC:	0.996	0.996	1.000	0.997	
VAL  set, SPE:	1.000	0.995	1.000	0.998	
[21-02-06 18:08:13-INFO] TEST_RECALL: 0.592, TIME: 35.9s
[21-02-06 18:08:13-DEBUG] 
TEST set, TITLE	CLS0	CLS1	CLS2	MEAN
TEST set, REC:	0.689	0.482	0.606	0.592	
TEST set, F1 :	0.719	0.391	0.677	0.596	
TEST set, AUC:	0.798	0.647	0.872	0.772	
TEST set, ACC:	0.726	0.676	0.842	0.748	
TEST set, SPE:	0.764	0.729	0.931	0.808	
[21-02-06 18:08:15-INFO] BEST_RECALL: 0.632, EPOCH:  24
[21-02-06 18:15:30-INFO] EPOCH: 41
[21-02-06 18:15:30-INFO] TRAIN_LOSS : 0.021, TIME: 435.2s
[21-02-06 18:16:06-INFO] VAL _RECALL: 1.000, TIME: 35.9s
[21-02-06 18:16:06-DEBUG] 
VAL  set, TITLE	CLS0	CLS1	CLS2	MEAN
VAL  set, REC:	1.000	1.000	1.000	1.000	
VAL  set, F1 :	1.000	1.000	1.000	1.000	
VAL  set, AUC:	1.000	1.000	1.000	1.000	
VAL  set, ACC:	1.000	1.000	1.000	1.000	
VAL  set, SPE:	1.000	1.000	1.000	1.000	
[21-02-06 18:16:42-INFO] TEST_RECALL: 0.524, TIME: 36.0s
[21-02-06 18:16:42-DEBUG] 
TEST set, TITLE	CLS0	CLS1	CLS2	MEAN
TEST set, REC:	0.871	0.250	0.451	0.524	
TEST set, F1 :	0.752	0.280	0.571	0.534	
TEST set, AUC:	0.805	0.611	0.857	0.758	
TEST set, ACC:	0.707	0.722	0.815	0.748	
TEST set, SPE:	0.535	0.852	0.952	0.780	
[21-02-06 18:16:44-INFO] BEST_RECALL: 0.632, EPOCH:  24
[21-02-06 18:23:59-INFO] EPOCH: 42
[21-02-06 18:23:59-INFO] TRAIN_LOSS : 0.027, TIME: 435.3s
[21-02-06 18:24:35-INFO] VAL _RECALL: 1.000, TIME: 35.9s
[21-02-06 18:24:35-DEBUG] 
VAL  set, TITLE	CLS0	CLS1	CLS2	MEAN
VAL  set, REC:	1.000	1.000	1.000	1.000	
VAL  set, F1 :	1.000	1.000	1.000	1.000	
VAL  set, AUC:	1.000	1.000	1.000	1.000	
VAL  set, ACC:	1.000	1.000	1.000	1.000	
VAL  set, SPE:	1.000	1.000	1.000	1.000	
[21-02-06 18:25:11-INFO] TEST_RECALL: 0.603, TIME: 36.0s
[21-02-06 18:25:11-DEBUG] 
TEST set, TITLE	CLS0	CLS1	CLS2	MEAN
TEST set, REC:	0.803	0.429	0.577	0.603	
TEST set, F1 :	0.774	0.403	0.656	0.611	
TEST set, AUC:	0.814	0.634	0.860	0.769	
TEST set, ACC:	0.761	0.726	0.834	0.773	
TEST set, SPE:	0.717	0.808	0.931	0.818	
[21-02-06 18:25:13-INFO] BEST_RECALL: 0.632, EPOCH:  24
[21-02-06 18:32:28-INFO] EPOCH: 43
[21-02-06 18:32:28-INFO] TRAIN_LOSS : 0.011, TIME: 435.0s
[21-02-06 18:33:04-INFO] VAL _RECALL: 1.000, TIME: 35.8s
[21-02-06 18:33:04-DEBUG] 
VAL  set, TITLE	CLS0	CLS1	CLS2	MEAN
VAL  set, REC:	1.000	1.000	1.000	1.000	
VAL  set, F1 :	1.000	1.000	1.000	1.000	
VAL  set, AUC:	1.000	1.000	1.000	1.000	
VAL  set, ACC:	1.000	1.000	1.000	1.000	
VAL  set, SPE:	1.000	1.000	1.000	1.000	
[21-02-06 18:33:40-INFO] TEST_RECALL: 0.643, TIME: 35.9s
[21-02-06 18:33:40-DEBUG] 
TEST set, TITLE	CLS0	CLS1	CLS2	MEAN
TEST set, REC:	0.750	0.518	0.662	0.643	
TEST set, F1 :	0.764	0.453	0.718	0.645	
TEST set, AUC:	0.819	0.655	0.873	0.783	
TEST set, ACC:	0.764	0.730	0.857	0.784	
TEST set, SPE:	0.780	0.788	0.931	0.833	
[21-02-06 18:33:44-INFO] BEST_RECALL: 0.643, EPOCH:  43
[21-02-06 18:40:59-INFO] EPOCH: 44
[21-02-06 18:40:59-INFO] TRAIN_LOSS : 0.004, TIME: 435.3s
[21-02-06 18:41:35-INFO] VAL _RECALL: 1.000, TIME: 36.0s
[21-02-06 18:41:35-DEBUG] 
VAL  set, TITLE	CLS0	CLS1	CLS2	MEAN
VAL  set, REC:	1.000	1.000	1.000	1.000	
VAL  set, F1 :	1.000	1.000	1.000	1.000	
VAL  set, AUC:	1.000	1.000	1.000	1.000	
VAL  set, ACC:	1.000	1.000	1.000	1.000	
VAL  set, SPE:	1.000	1.000	1.000	1.000	
[21-02-06 18:42:11-INFO] TEST_RECALL: 0.615, TIME: 36.0s
[21-02-06 18:42:11-DEBUG] 
TEST set, TITLE	CLS0	CLS1	CLS2	MEAN
TEST set, REC:	0.818	0.393	0.634	0.615	
TEST set, F1 :	0.771	0.396	0.709	0.625	
TEST set, AUC:	0.814	0.637	0.880	0.777	
TEST set, ACC:	0.753	0.741	0.857	0.784	
TEST set, SPE:	0.685	0.837	0.941	0.821	
[21-02-06 18:42:13-INFO] BEST_RECALL: 0.643, EPOCH:  43
[21-02-06 18:49:28-INFO] EPOCH: 45
[21-02-06 18:49:28-INFO] TRAIN_LOSS : 0.002, TIME: 434.8s
[21-02-06 18:50:04-INFO] VAL _RECALL: 1.000, TIME: 36.0s
[21-02-06 18:50:04-DEBUG] 
VAL  set, TITLE	CLS0	CLS1	CLS2	MEAN
VAL  set, REC:	1.000	1.000	1.000	1.000	
VAL  set, F1 :	1.000	1.000	1.000	1.000	
VAL  set, AUC:	1.000	1.000	1.000	1.000	
VAL  set, ACC:	1.000	1.000	1.000	1.000	
VAL  set, SPE:	1.000	1.000	1.000	1.000	
[21-02-06 18:50:40-INFO] TEST_RECALL: 0.616, TIME: 36.0s
[21-02-06 18:50:40-DEBUG] 
TEST set, TITLE	CLS0	CLS1	CLS2	MEAN
TEST set, REC:	0.788	0.357	0.704	0.616	
TEST set, F1 :	0.768	0.357	0.741	0.622	
TEST set, AUC:	0.815	0.638	0.879	0.777	
TEST set, ACC:	0.757	0.722	0.865	0.781	
TEST set, SPE:	0.724	0.823	0.926	0.824	
[21-02-06 18:50:41-INFO] BEST_RECALL: 0.643, EPOCH:  43
[21-02-06 18:57:56-INFO] EPOCH: 46
[21-02-06 18:57:56-INFO] TRAIN_LOSS : 0.002, TIME: 434.8s
[21-02-06 18:58:32-INFO] VAL _RECALL: 1.000, TIME: 36.0s
[21-02-06 18:58:32-DEBUG] 
VAL  set, TITLE	CLS0	CLS1	CLS2	MEAN
VAL  set, REC:	1.000	1.000	1.000	1.000	
VAL  set, F1 :	1.000	1.000	1.000	1.000	
VAL  set, AUC:	1.000	1.000	1.000	1.000	
VAL  set, ACC:	1.000	1.000	1.000	1.000	
VAL  set, SPE:	1.000	1.000	1.000	1.000	
[21-02-06 18:59:08-INFO] TEST_RECALL: 0.603, TIME: 36.0s
[21-02-06 18:59:08-DEBUG] 
TEST set, TITLE	CLS0	CLS1	CLS2	MEAN
TEST set, REC:	0.750	0.411	0.648	0.603	
TEST set, F1 :	0.744	0.371	0.719	0.611	
TEST set, AUC:	0.805	0.642	0.875	0.774	
TEST set, ACC:	0.737	0.699	0.861	0.766	
TEST set, SPE:	0.724	0.778	0.941	0.815	
[21-02-06 18:59:10-INFO] BEST_RECALL: 0.643, EPOCH:  43
[21-02-06 19:06:25-INFO] EPOCH: 47
[21-02-06 19:06:25-INFO] TRAIN_LOSS : 0.001, TIME: 434.6s
[21-02-06 19:07:01-INFO] VAL _RECALL: 1.000, TIME: 35.8s
[21-02-06 19:07:01-DEBUG] 
VAL  set, TITLE	CLS0	CLS1	CLS2	MEAN
VAL  set, REC:	1.000	1.000	1.000	1.000	
VAL  set, F1 :	1.000	1.000	1.000	1.000	
VAL  set, AUC:	1.000	1.000	1.000	1.000	
VAL  set, ACC:	1.000	1.000	1.000	1.000	
VAL  set, SPE:	1.000	1.000	1.000	1.000	
[21-02-06 19:07:37-INFO] TEST_RECALL: 0.600, TIME: 36.0s
[21-02-06 19:07:37-DEBUG] 
TEST set, TITLE	CLS0	CLS1	CLS2	MEAN
TEST set, REC:	0.780	0.357	0.662	0.600	
TEST set, F1 :	0.752	0.351	0.723	0.609	
TEST set, AUC:	0.812	0.644	0.875	0.777	
TEST set, ACC:	0.737	0.714	0.861	0.771	
TEST set, SPE:	0.693	0.813	0.936	0.814	
[21-02-06 19:07:39-INFO] BEST_RECALL: 0.643, EPOCH:  43
[21-02-06 19:14:53-INFO] EPOCH: 48
[21-02-06 19:14:53-INFO] TRAIN_LOSS : 0.001, TIME: 434.7s
[21-02-06 19:15:29-INFO] VAL _RECALL: 1.000, TIME: 35.9s
[21-02-06 19:15:29-DEBUG] 
VAL  set, TITLE	CLS0	CLS1	CLS2	MEAN
VAL  set, REC:	1.000	1.000	1.000	1.000	
VAL  set, F1 :	1.000	1.000	1.000	1.000	
VAL  set, AUC:	1.000	1.000	1.000	1.000	
VAL  set, ACC:	1.000	1.000	1.000	1.000	
VAL  set, SPE:	1.000	1.000	1.000	1.000	
[21-02-06 19:16:05-INFO] TEST_RECALL: 0.573, TIME: 35.9s
[21-02-06 19:16:05-DEBUG] 
TEST set, TITLE	CLS0	CLS1	CLS2	MEAN
TEST set, REC:	0.795	0.375	0.549	0.573	
TEST set, F1 :	0.750	0.359	0.645	0.585	
TEST set, AUC:	0.809	0.645	0.874	0.776	
TEST set, ACC:	0.730	0.710	0.834	0.758	
TEST set, SPE:	0.661	0.803	0.941	0.802	
[21-02-06 19:16:07-INFO] BEST_RECALL: 0.643, EPOCH:  43
[21-02-06 19:23:22-INFO] EPOCH: 49
[21-02-06 19:23:22-INFO] TRAIN_LOSS : 0.001, TIME: 434.8s
[21-02-06 19:23:58-INFO] VAL _RECALL: 1.000, TIME: 35.9s
[21-02-06 19:23:58-DEBUG] 
VAL  set, TITLE	CLS0	CLS1	CLS2	MEAN
VAL  set, REC:	1.000	1.000	1.000	1.000	
VAL  set, F1 :	1.000	1.000	1.000	1.000	
VAL  set, AUC:	1.000	1.000	1.000	1.000	
VAL  set, ACC:	1.000	1.000	1.000	1.000	
VAL  set, SPE:	1.000	1.000	1.000	1.000	
[21-02-06 19:24:34-INFO] TEST_RECALL: 0.592, TIME: 36.1s
[21-02-06 19:24:34-DEBUG] 
TEST set, TITLE	CLS0	CLS1	CLS2	MEAN
TEST set, REC:	0.795	0.375	0.606	0.592	
TEST set, F1 :	0.758	0.362	0.688	0.603	
TEST set, AUC:	0.817	0.649	0.871	0.779	
TEST set, ACC:	0.741	0.714	0.849	0.768	
TEST set, SPE:	0.685	0.808	0.941	0.811	
[21-02-06 19:24:36-INFO] BEST_RECALL: 0.643, EPOCH:  43
[21-02-06 19:31:51-INFO] EPOCH: 50
[21-02-06 19:31:51-INFO] TRAIN_LOSS : 0.001, TIME: 434.8s
[21-02-06 19:32:26-INFO] VAL _RECALL: 1.000, TIME: 35.9s
[21-02-06 19:32:26-DEBUG] 
VAL  set, TITLE	CLS0	CLS1	CLS2	MEAN
VAL  set, REC:	1.000	1.000	1.000	1.000	
VAL  set, F1 :	1.000	1.000	1.000	1.000	
VAL  set, AUC:	1.000	1.000	1.000	1.000	
VAL  set, ACC:	1.000	1.000	1.000	1.000	
VAL  set, SPE:	1.000	1.000	1.000	1.000	
[21-02-06 19:33:03-INFO] TEST_RECALL: 0.594, TIME: 36.0s
[21-02-06 19:33:03-DEBUG] 
TEST set, TITLE	CLS0	CLS1	CLS2	MEAN
TEST set, REC:	0.795	0.339	0.648	0.594	
TEST set, F1 :	0.755	0.345	0.708	0.603	
TEST set, AUC:	0.815	0.643	0.879	0.779	
TEST set, ACC:	0.737	0.722	0.853	0.771	
TEST set, SPE:	0.677	0.828	0.931	0.812	
[21-02-06 19:33:04-INFO] BEST_RECALL: 0.643, EPOCH:  43
[21-02-06 19:40:19-INFO] EPOCH: 51
[21-02-06 19:40:19-INFO] TRAIN_LOSS : 0.000, TIME: 434.4s
[21-02-06 19:40:55-INFO] VAL _RECALL: 1.000, TIME: 36.0s
[21-02-06 19:40:55-DEBUG] 
VAL  set, TITLE	CLS0	CLS1	CLS2	MEAN
VAL  set, REC:	1.000	1.000	1.000	1.000	
VAL  set, F1 :	1.000	1.000	1.000	1.000	
VAL  set, AUC:	1.000	1.000	1.000	1.000	
VAL  set, ACC:	1.000	1.000	1.000	1.000	
VAL  set, SPE:	1.000	1.000	1.000	1.000	
[21-02-06 19:41:31-INFO] TEST_RECALL: 0.591, TIME: 36.0s
[21-02-06 19:41:31-DEBUG] 
TEST set, TITLE	CLS0	CLS1	CLS2	MEAN
TEST set, REC:	0.795	0.357	0.620	0.591	
TEST set, F1 :	0.755	0.354	0.693	0.601	
TEST set, AUC:	0.813	0.644	0.875	0.777	
TEST set, ACC:	0.737	0.718	0.849	0.768	
TEST set, SPE:	0.677	0.818	0.936	0.810	
[21-02-06 19:41:33-INFO] BEST_RECALL: 0.643, EPOCH:  43
[21-02-06 19:48:47-INFO] EPOCH: 52
[21-02-06 19:48:48-INFO] TRAIN_LOSS : 0.001, TIME: 434.9s
[21-02-06 19:49:23-INFO] VAL _RECALL: 1.000, TIME: 36.0s
[21-02-06 19:49:23-DEBUG] 
VAL  set, TITLE	CLS0	CLS1	CLS2	MEAN
VAL  set, REC:	1.000	1.000	1.000	1.000	
VAL  set, F1 :	1.000	1.000	1.000	1.000	
VAL  set, AUC:	1.000	1.000	1.000	1.000	
VAL  set, ACC:	1.000	1.000	1.000	1.000	
VAL  set, SPE:	1.000	1.000	1.000	1.000	
[21-02-06 19:50:00-INFO] TEST_RECALL: 0.612, TIME: 36.0s
[21-02-06 19:50:00-DEBUG] 
TEST set, TITLE	CLS0	CLS1	CLS2	MEAN
TEST set, REC:	0.765	0.464	0.606	0.612	
TEST set, F1 :	0.754	0.419	0.683	0.619	
TEST set, AUC:	0.809	0.653	0.869	0.777	
TEST set, ACC:	0.745	0.722	0.846	0.771	
TEST set, SPE:	0.724	0.793	0.936	0.818	
[21-02-06 19:50:01-INFO] BEST_RECALL: 0.643, EPOCH:  43
[21-02-06 19:57:16-INFO] EPOCH: 53
[21-02-06 19:57:16-INFO] TRAIN_LOSS : 0.000, TIME: 434.6s
[21-02-06 19:57:52-INFO] VAL _RECALL: 1.000, TIME: 35.9s
[21-02-06 19:57:52-DEBUG] 
VAL  set, TITLE	CLS0	CLS1	CLS2	MEAN
VAL  set, REC:	1.000	1.000	1.000	1.000	
VAL  set, F1 :	1.000	1.000	1.000	1.000	
VAL  set, AUC:	1.000	1.000	1.000	1.000	
VAL  set, ACC:	1.000	1.000	1.000	1.000	
VAL  set, SPE:	1.000	1.000	1.000	1.000	
[21-02-06 19:58:28-INFO] TEST_RECALL: 0.595, TIME: 36.0s
[21-02-06 19:58:28-DEBUG] 
TEST set, TITLE	CLS0	CLS1	CLS2	MEAN
TEST set, REC:	0.780	0.429	0.577	0.595	
TEST set, F1 :	0.755	0.390	0.672	0.606	
TEST set, AUC:	0.804	0.652	0.867	0.774	
TEST set, ACC:	0.741	0.710	0.846	0.766	
TEST set, SPE:	0.701	0.788	0.947	0.812	
[21-02-06 19:58:30-INFO] BEST_RECALL: 0.643, EPOCH:  43
[21-02-06 20:05:44-INFO] EPOCH: 54
[21-02-06 20:05:44-INFO] TRAIN_LOSS : 0.000, TIME: 434.5s
[21-02-06 20:06:20-INFO] VAL _RECALL: 1.000, TIME: 35.9s
[21-02-06 20:06:20-DEBUG] 
VAL  set, TITLE	CLS0	CLS1	CLS2	MEAN
VAL  set, REC:	1.000	1.000	1.000	1.000	
VAL  set, F1 :	1.000	1.000	1.000	1.000	
VAL  set, AUC:	1.000	1.000	1.000	1.000	
VAL  set, ACC:	1.000	1.000	1.000	1.000	
VAL  set, SPE:	1.000	1.000	1.000	1.000	
[21-02-06 20:06:56-INFO] TEST_RECALL: 0.586, TIME: 36.0s
[21-02-06 20:06:56-DEBUG] 
TEST set, TITLE	CLS0	CLS1	CLS2	MEAN
TEST set, REC:	0.788	0.321	0.648	0.586	
TEST set, F1 :	0.743	0.333	0.708	0.595	
TEST set, AUC:	0.810	0.649	0.873	0.777	
TEST set, ACC:	0.722	0.722	0.853	0.766	
TEST set, SPE:	0.654	0.833	0.931	0.806	
[21-02-06 20:06:58-INFO] BEST_RECALL: 0.643, EPOCH:  43
[21-02-06 20:14:13-INFO] EPOCH: 55
[21-02-06 20:14:13-INFO] TRAIN_LOSS : 0.002, TIME: 435.2s
[21-02-06 20:14:49-INFO] VAL _RECALL: 1.000, TIME: 36.0s
[21-02-06 20:14:49-DEBUG] 
VAL  set, TITLE	CLS0	CLS1	CLS2	MEAN
VAL  set, REC:	1.000	1.000	1.000	1.000	
VAL  set, F1 :	1.000	1.000	1.000	1.000	
VAL  set, AUC:	1.000	1.000	1.000	1.000	
VAL  set, ACC:	1.000	1.000	1.000	1.000	
VAL  set, SPE:	1.000	1.000	1.000	1.000	
[21-02-06 20:15:25-INFO] TEST_RECALL: 0.596, TIME: 36.0s
[21-02-06 20:15:25-DEBUG] 
TEST set, TITLE	CLS0	CLS1	CLS2	MEAN
TEST set, REC:	0.773	0.411	0.606	0.596	
TEST set, F1 :	0.747	0.380	0.694	0.607	
TEST set, AUC:	0.827	0.673	0.867	0.789	
TEST set, ACC:	0.734	0.710	0.853	0.766	
TEST set, SPE:	0.693	0.793	0.947	0.811	
[21-02-06 20:15:27-INFO] BEST_RECALL: 0.643, EPOCH:  43
[21-02-06 20:22:43-INFO] EPOCH: 56
[21-02-06 20:22:43-INFO] TRAIN_LOSS : 0.130, TIME: 435.7s
[21-02-06 20:23:19-INFO] VAL _RECALL: 0.974, TIME: 36.0s
[21-02-06 20:23:19-DEBUG] 
VAL  set, TITLE	CLS0	CLS1	CLS2	MEAN
VAL  set, REC:	0.922	1.000	1.000	0.974	
VAL  set, F1 :	0.960	0.938	1.000	0.966	
VAL  set, AUC:	1.000	1.000	1.000	1.000	
VAL  set, ACC:	0.962	0.962	1.000	0.974	
VAL  set, SPE:	1.000	0.946	1.000	0.982	
[21-02-06 20:23:55-INFO] TEST_RECALL: 0.567, TIME: 36.1s
[21-02-06 20:23:55-DEBUG] 
TEST set, TITLE	CLS0	CLS1	CLS2	MEAN
TEST set, REC:	0.470	0.696	0.535	0.567	
TEST set, F1 :	0.590	0.422	0.618	0.543	
TEST set, AUC:	0.780	0.633	0.840	0.751	
TEST set, ACC:	0.668	0.587	0.819	0.691	
TEST set, SPE:	0.874	0.557	0.926	0.785	
[21-02-06 20:23:57-INFO] BEST_RECALL: 0.643, EPOCH:  43
[21-02-06 20:31:12-INFO] EPOCH: 57
[21-02-06 20:31:12-INFO] TRAIN_LOSS : 0.042, TIME: 435.4s
[21-02-06 20:31:48-INFO] VAL _RECALL: 1.000, TIME: 36.0s
[21-02-06 20:31:48-DEBUG] 
VAL  set, TITLE	CLS0	CLS1	CLS2	MEAN
VAL  set, REC:	1.000	1.000	1.000	1.000	
VAL  set, F1 :	1.000	1.000	1.000	1.000	
VAL  set, AUC:	1.000	1.000	1.000	1.000	
VAL  set, ACC:	1.000	1.000	1.000	1.000	
VAL  set, SPE:	1.000	1.000	1.000	1.000	
[21-02-06 20:32:24-INFO] TEST_RECALL: 0.596, TIME: 36.0s
[21-02-06 20:32:24-DEBUG] 
TEST set, TITLE	CLS0	CLS1	CLS2	MEAN
TEST set, REC:	0.742	0.286	0.761	0.596	
TEST set, F1 :	0.751	0.314	0.697	0.587	
TEST set, AUC:	0.826	0.685	0.864	0.791	
TEST set, ACC:	0.749	0.730	0.819	0.766	
TEST set, SPE:	0.756	0.852	0.840	0.816	
[21-02-06 20:32:26-INFO] BEST_RECALL: 0.643, EPOCH:  43
[21-02-06 20:39:42-INFO] EPOCH: 58
[21-02-06 20:39:42-INFO] TRAIN_LOSS : 0.025, TIME: 435.7s
[21-02-06 20:40:18-INFO] VAL _RECALL: 1.000, TIME: 35.9s
[21-02-06 20:40:18-DEBUG] 
VAL  set, TITLE	CLS0	CLS1	CLS2	MEAN
VAL  set, REC:	1.000	1.000	1.000	1.000	
VAL  set, F1 :	1.000	1.000	1.000	1.000	
VAL  set, AUC:	1.000	1.000	1.000	1.000	
VAL  set, ACC:	1.000	1.000	1.000	1.000	
VAL  set, SPE:	1.000	1.000	1.000	1.000	
[21-02-06 20:40:53-INFO] TEST_RECALL: 0.538, TIME: 35.9s
[21-02-06 20:40:53-DEBUG] 
TEST set, TITLE	CLS0	CLS1	CLS2	MEAN
TEST set, REC:	0.712	0.339	0.563	0.538	
TEST set, F1 :	0.704	0.306	0.630	0.547	
TEST set, AUC:	0.776	0.594	0.852	0.741	
TEST set, ACC:	0.695	0.668	0.819	0.727	
TEST set, SPE:	0.677	0.759	0.915	0.784	
[21-02-06 20:40:55-INFO] BEST_RECALL: 0.643, EPOCH:  43
[21-02-06 20:48:11-INFO] EPOCH: 59
[21-02-06 20:48:11-INFO] TRAIN_LOSS : 0.003, TIME: 435.5s
[21-02-06 20:48:47-INFO] VAL _RECALL: 1.000, TIME: 35.9s
[21-02-06 20:48:47-DEBUG] 
VAL  set, TITLE	CLS0	CLS1	CLS2	MEAN
VAL  set, REC:	1.000	1.000	1.000	1.000	
VAL  set, F1 :	1.000	1.000	1.000	1.000	
VAL  set, AUC:	1.000	1.000	1.000	1.000	
VAL  set, ACC:	1.000	1.000	1.000	1.000	
VAL  set, SPE:	1.000	1.000	1.000	1.000	
[21-02-06 20:49:23-INFO] TEST_RECALL: 0.546, TIME: 36.1s
[21-02-06 20:49:23-DEBUG] 
TEST set, TITLE	CLS0	CLS1	CLS2	MEAN
TEST set, REC:	0.765	0.268	0.606	0.546	
TEST set, F1 :	0.727	0.270	0.667	0.555	
TEST set, AUC:	0.787	0.607	0.853	0.749	
TEST set, ACC:	0.707	0.687	0.834	0.743	
TEST set, SPE:	0.646	0.803	0.920	0.790	
[21-02-06 20:49:25-INFO] BEST_RECALL: 0.643, EPOCH:  43
[21-02-06 20:56:40-INFO] EPOCH: 60
[21-02-06 20:56:40-INFO] TRAIN_LOSS : 0.012, TIME: 435.6s
[21-02-06 20:57:16-INFO] VAL _RECALL: 1.000, TIME: 35.8s
[21-02-06 20:57:16-DEBUG] 
VAL  set, TITLE	CLS0	CLS1	CLS2	MEAN
VAL  set, REC:	1.000	1.000	1.000	1.000	
VAL  set, F1 :	1.000	1.000	1.000	1.000	
VAL  set, AUC:	1.000	1.000	1.000	1.000	
VAL  set, ACC:	1.000	1.000	1.000	1.000	
VAL  set, SPE:	1.000	1.000	1.000	1.000	
[21-02-06 20:57:52-INFO] TEST_RECALL: 0.560, TIME: 35.9s
[21-02-06 20:57:52-DEBUG] 
TEST set, TITLE	CLS0	CLS1	CLS2	MEAN
TEST set, REC:	0.864	0.196	0.620	0.560	
TEST set, F1 :	0.763	0.247	0.677	0.562	
TEST set, AUC:	0.796	0.594	0.869	0.753	
TEST set, ACC:	0.726	0.741	0.838	0.768	
TEST set, SPE:	0.583	0.892	0.920	0.798	
[21-02-06 20:57:54-INFO] BEST_RECALL: 0.643, EPOCH:  43
[21-02-06 21:05:09-INFO] EPOCH: 61
[21-02-06 21:05:09-INFO] TRAIN_LOSS : 0.003, TIME: 435.1s
[21-02-06 21:05:45-INFO] VAL _RECALL: 1.000, TIME: 35.8s
[21-02-06 21:05:45-DEBUG] 
VAL  set, TITLE	CLS0	CLS1	CLS2	MEAN
VAL  set, REC:	1.000	1.000	1.000	1.000	
VAL  set, F1 :	1.000	1.000	1.000	1.000	
VAL  set, AUC:	1.000	1.000	1.000	1.000	
VAL  set, ACC:	1.000	1.000	1.000	1.000	
VAL  set, SPE:	1.000	1.000	1.000	1.000	
[21-02-06 21:06:21-INFO] TEST_RECALL: 0.516, TIME: 35.9s
[21-02-06 21:06:21-DEBUG] 
TEST set, TITLE	CLS0	CLS1	CLS2	MEAN
TEST set, REC:	0.773	0.196	0.577	0.516	
TEST set, F1 :	0.726	0.216	0.607	0.516	
TEST set, AUC:	0.774	0.572	0.858	0.735	
TEST set, ACC:	0.703	0.691	0.795	0.730	
TEST set, SPE:	0.630	0.828	0.878	0.778	
[21-02-06 21:06:23-INFO] BEST_RECALL: 0.643, EPOCH:  43
[21-02-06 21:13:38-INFO] EPOCH: 62
[21-02-06 21:13:38-INFO] TRAIN_LOSS : 0.002, TIME: 435.3s
[21-02-06 21:14:14-INFO] VAL _RECALL: 1.000, TIME: 36.0s
[21-02-06 21:14:14-DEBUG] 
VAL  set, TITLE	CLS0	CLS1	CLS2	MEAN
VAL  set, REC:	1.000	1.000	1.000	1.000	
VAL  set, F1 :	1.000	1.000	1.000	1.000	
VAL  set, AUC:	1.000	1.000	1.000	1.000	
VAL  set, ACC:	1.000	1.000	1.000	1.000	
VAL  set, SPE:	1.000	1.000	1.000	1.000	
[21-02-06 21:14:50-INFO] TEST_RECALL: 0.521, TIME: 36.0s
[21-02-06 21:14:50-DEBUG] 
TEST set, TITLE	CLS0	CLS1	CLS2	MEAN
TEST set, REC:	0.780	0.232	0.549	0.521	
TEST set, F1 :	0.723	0.248	0.609	0.527	
TEST set, AUC:	0.774	0.578	0.852	0.735	
TEST set, ACC:	0.695	0.695	0.807	0.732	
TEST set, SPE:	0.606	0.823	0.904	0.778	
[21-02-06 21:14:52-INFO] BEST_RECALL: 0.643, EPOCH:  43
[21-02-06 21:22:07-INFO] EPOCH: 63
[21-02-06 21:22:07-INFO] TRAIN_LOSS : 0.001, TIME: 434.9s
[21-02-06 21:22:43-INFO] VAL _RECALL: 1.000, TIME: 35.9s
[21-02-06 21:22:43-DEBUG] 
VAL  set, TITLE	CLS0	CLS1	CLS2	MEAN
VAL  set, REC:	1.000	1.000	1.000	1.000	
VAL  set, F1 :	1.000	1.000	1.000	1.000	
VAL  set, AUC:	1.000	1.000	1.000	1.000	
VAL  set, ACC:	1.000	1.000	1.000	1.000	
VAL  set, SPE:	1.000	1.000	1.000	1.000	
[21-02-06 21:23:19-INFO] TEST_RECALL: 0.514, TIME: 36.1s
[21-02-06 21:23:19-DEBUG] 
TEST set, TITLE	CLS0	CLS1	CLS2	MEAN
TEST set, REC:	0.780	0.268	0.493	0.514	
TEST set, F1 :	0.718	0.270	0.583	0.524	
TEST set, AUC:	0.769	0.579	0.853	0.734	
TEST set, ACC:	0.687	0.687	0.807	0.727	
TEST set, SPE:	0.591	0.803	0.926	0.773	
[21-02-06 21:23:21-INFO] BEST_RECALL: 0.643, EPOCH:  43
[21-02-06 21:30:36-INFO] EPOCH: 64
[21-02-06 21:30:36-INFO] TRAIN_LOSS : 0.001, TIME: 435.0s
[21-02-06 21:31:12-INFO] VAL _RECALL: 1.000, TIME: 36.0s
[21-02-06 21:31:12-DEBUG] 
VAL  set, TITLE	CLS0	CLS1	CLS2	MEAN
VAL  set, REC:	1.000	1.000	1.000	1.000	
VAL  set, F1 :	1.000	1.000	1.000	1.000	
VAL  set, AUC:	1.000	1.000	1.000	1.000	
VAL  set, ACC:	1.000	1.000	1.000	1.000	
VAL  set, SPE:	1.000	1.000	1.000	1.000	
[21-02-06 21:31:48-INFO] TEST_RECALL: 0.513, TIME: 36.1s
[21-02-06 21:31:48-DEBUG] 
TEST set, TITLE	CLS0	CLS1	CLS2	MEAN
TEST set, REC:	0.765	0.268	0.507	0.513	
TEST set, F1 :	0.714	0.268	0.585	0.522	
TEST set, AUC:	0.771	0.582	0.852	0.735	
TEST set, ACC:	0.687	0.683	0.803	0.725	
TEST set, SPE:	0.606	0.798	0.915	0.773	
[21-02-06 21:31:50-INFO] BEST_RECALL: 0.643, EPOCH:  43
[21-02-06 21:39:05-INFO] EPOCH: 65
[21-02-06 21:39:05-INFO] TRAIN_LOSS : 0.001, TIME: 435.2s
[21-02-06 21:39:41-INFO] VAL _RECALL: 1.000, TIME: 35.9s
[21-02-06 21:39:41-DEBUG] 
VAL  set, TITLE	CLS0	CLS1	CLS2	MEAN
VAL  set, REC:	1.000	1.000	1.000	1.000	
VAL  set, F1 :	1.000	1.000	1.000	1.000	
VAL  set, AUC:	1.000	1.000	1.000	1.000	
VAL  set, ACC:	1.000	1.000	1.000	1.000	
VAL  set, SPE:	1.000	1.000	1.000	1.000	
[21-02-06 21:40:17-INFO] TEST_RECALL: 0.529, TIME: 36.0s
[21-02-06 21:40:17-DEBUG] 
TEST set, TITLE	CLS0	CLS1	CLS2	MEAN
TEST set, REC:	0.803	0.250	0.535	0.529	
TEST set, F1 :	0.734	0.269	0.608	0.537	
TEST set, AUC:	0.774	0.580	0.853	0.736	
TEST set, ACC:	0.703	0.707	0.811	0.740	
TEST set, SPE:	0.598	0.833	0.915	0.782	
[21-02-06 21:40:19-INFO] BEST_RECALL: 0.643, EPOCH:  43
[21-02-06 21:47:34-INFO] EPOCH: 66
[21-02-06 21:47:34-INFO] TRAIN_LOSS : 0.000, TIME: 435.2s
[21-02-06 21:48:10-INFO] VAL _RECALL: 1.000, TIME: 36.0s
[21-02-06 21:48:10-DEBUG] 
VAL  set, TITLE	CLS0	CLS1	CLS2	MEAN
VAL  set, REC:	1.000	1.000	1.000	1.000	
VAL  set, F1 :	1.000	1.000	1.000	1.000	
VAL  set, AUC:	1.000	1.000	1.000	1.000	
VAL  set, ACC:	1.000	1.000	1.000	1.000	
VAL  set, SPE:	1.000	1.000	1.000	1.000	
[21-02-06 21:48:46-INFO] TEST_RECALL: 0.518, TIME: 36.1s
[21-02-06 21:48:46-DEBUG] 
TEST set, TITLE	CLS0	CLS1	CLS2	MEAN
TEST set, REC:	0.780	0.268	0.507	0.518	
TEST set, F1 :	0.718	0.273	0.595	0.529	
TEST set, AUC:	0.769	0.579	0.849	0.733	
TEST set, ACC:	0.687	0.691	0.811	0.730	
TEST set, SPE:	0.591	0.808	0.926	0.775	
[21-02-06 21:48:48-INFO] BEST_RECALL: 0.643, EPOCH:  43
[21-02-06 21:56:03-INFO] EPOCH: 67
[21-02-06 21:56:03-INFO] TRAIN_LOSS : 0.001, TIME: 434.9s
[21-02-06 21:56:39-INFO] VAL _RECALL: 1.000, TIME: 35.9s
[21-02-06 21:56:39-DEBUG] 
VAL  set, TITLE	CLS0	CLS1	CLS2	MEAN
VAL  set, REC:	1.000	1.000	1.000	1.000	
VAL  set, F1 :	1.000	1.000	1.000	1.000	
VAL  set, AUC:	1.000	1.000	1.000	1.000	
VAL  set, ACC:	1.000	1.000	1.000	1.000	
VAL  set, SPE:	1.000	1.000	1.000	1.000	
[21-02-06 21:57:15-INFO] TEST_RECALL: 0.503, TIME: 35.9s
[21-02-06 21:57:15-DEBUG] 
TEST set, TITLE	CLS0	CLS1	CLS2	MEAN
TEST set, REC:	0.773	0.286	0.451	0.503	
TEST set, F1 :	0.706	0.281	0.557	0.514	
TEST set, AUC:	0.762	0.582	0.851	0.732	
TEST set, ACC:	0.672	0.683	0.803	0.719	
TEST set, SPE:	0.567	0.793	0.936	0.765	
[21-02-06 21:57:17-INFO] BEST_RECALL: 0.643, EPOCH:  43
[21-02-06 22:04:32-INFO] EPOCH: 68
[21-02-06 22:04:32-INFO] TRAIN_LOSS : 0.000, TIME: 435.2s
[21-02-06 22:05:08-INFO] VAL _RECALL: 1.000, TIME: 35.9s
[21-02-06 22:05:08-DEBUG] 
VAL  set, TITLE	CLS0	CLS1	CLS2	MEAN
VAL  set, REC:	1.000	1.000	1.000	1.000	
VAL  set, F1 :	1.000	1.000	1.000	1.000	
VAL  set, AUC:	1.000	1.000	1.000	1.000	
VAL  set, ACC:	1.000	1.000	1.000	1.000	
VAL  set, SPE:	1.000	1.000	1.000	1.000	
[21-02-06 22:05:44-INFO] TEST_RECALL: 0.545, TIME: 35.9s
[21-02-06 22:05:44-DEBUG] 
TEST set, TITLE	CLS0	CLS1	CLS2	MEAN
TEST set, REC:	0.765	0.250	0.620	0.545	
TEST set, F1 :	0.724	0.262	0.667	0.551	
TEST set, AUC:	0.781	0.593	0.852	0.742	
TEST set, ACC:	0.703	0.695	0.830	0.743	
TEST set, SPE:	0.638	0.818	0.910	0.788	
[21-02-06 22:05:46-INFO] BEST_RECALL: 0.643, EPOCH:  43
[21-02-06 22:13:01-INFO] EPOCH: 69
[21-02-06 22:13:01-INFO] TRAIN_LOSS : 0.000, TIME: 435.1s
[21-02-06 22:13:37-INFO] VAL _RECALL: 1.000, TIME: 35.8s
[21-02-06 22:13:37-DEBUG] 
VAL  set, TITLE	CLS0	CLS1	CLS2	MEAN
VAL  set, REC:	1.000	1.000	1.000	1.000	
VAL  set, F1 :	1.000	1.000	1.000	1.000	
VAL  set, AUC:	1.000	1.000	1.000	1.000	
VAL  set, ACC:	1.000	1.000	1.000	1.000	
VAL  set, SPE:	1.000	1.000	1.000	1.000	
[21-02-06 22:14:13-INFO] TEST_RECALL: 0.529, TIME: 35.9s
[21-02-06 22:14:13-DEBUG] 
TEST set, TITLE	CLS0	CLS1	CLS2	MEAN
TEST set, REC:	0.742	0.268	0.577	0.529	
TEST set, F1 :	0.708	0.265	0.641	0.538	
TEST set, AUC:	0.775	0.590	0.852	0.739	
TEST set, ACC:	0.687	0.680	0.822	0.730	
TEST set, SPE:	0.630	0.793	0.915	0.779	
[21-02-06 22:14:14-INFO] BEST_RECALL: 0.643, EPOCH:  43
