[21-02-02 09:34:54-DEBUG] Checkpoints is in:
./results/checkpoints/20210202/3D_ResNet10-3-093452/
[21-02-02 09:34:54-DEBUG] Tensorboard is in:
./results/tensorboards/20210202/3D_ResNet10-3-093452/
[21-02-02 09:34:54-DEBUG] Data is in:
./data/Net_Input/3D_64_z1.0_l0.70_h0.10_20210125/
[21-02-02 09:34:54-DEBUG] LR: 3e-05, LD: 0.98
[21-02-02 09:34:54-DEBUG] WD: 1e-05, WU: 20
[21-02-02 09:34:54-DEBUG] BS: 4, FOLD: 3


[21-02-02 09:38:24-INFO] EPOCH: 1
[21-02-02 09:38:24-INFO] TRAIN_LOSS : 1.046, TIME: 202.9s
[21-02-02 09:38:42-INFO] VAL _RECALL: 0.333, TIME: 18.0s
[21-02-02 09:38:42-DEBUG] 
VAL  set, TITLE	CLS0	CLS1	CLS2	MEAN
VAL  set, REC:	1.000	0.000	0.000	0.333	
VAL  set, F1 :	0.663	0.000	0.000	0.221	
VAL  set, AUC:	0.611	0.566	0.587	0.588	
VAL  set, ACC:	0.496	0.712	0.785	0.664	
VAL  set, SPE:	0.000	1.000	1.000	0.667	
[21-02-02 09:39:00-INFO] TEST_RECALL: 0.340, TIME: 18.0s
[21-02-02 09:39:00-DEBUG] 
TEST set, TITLE	CLS0	CLS1	CLS2	MEAN
TEST set, REC:	1.000	0.000	0.019	0.340	
TEST set, F1 :	0.694	0.000	0.037	0.244	
TEST set, AUC:	0.605	0.567	0.619	0.597	
TEST set, ACC:	0.533	0.734	0.799	0.689	
TEST set, SPE:	0.008	1.000	1.000	0.669	
[21-02-02 09:39:00-INFO] BEST_RECALL: 0.340, EPOCH:   1
[21-02-02 09:42:24-INFO] EPOCH: 2
[21-02-02 09:42:24-INFO] TRAIN_LOSS : 1.021, TIME: 203.3s
[21-02-02 09:42:41-INFO] VAL _RECALL: 0.401, TIME: 17.9s
[21-02-02 09:42:41-DEBUG] 
VAL  set, TITLE	CLS0	CLS1	CLS2	MEAN
VAL  set, REC:	0.899	0.000	0.304	0.401	
VAL  set, F1 :	0.680	0.000	0.327	0.336	
VAL  set, AUC:	0.706	0.590	0.681	0.659	
VAL  set, ACC:	0.581	0.712	0.731	0.674	
VAL  set, SPE:	0.267	1.000	0.848	0.705	
[21-02-02 09:42:59-INFO] TEST_RECALL: 0.416, TIME: 18.0s
[21-02-02 09:42:59-DEBUG] 
TEST set, TITLE	CLS0	CLS1	CLS2	MEAN
TEST set, REC:	0.891	0.000	0.358	0.416	
TEST set, F1 :	0.703	0.000	0.373	0.359	
TEST set, AUC:	0.701	0.619	0.697	0.672	
TEST set, ACC:	0.602	0.734	0.753	0.696	
TEST set, SPE:	0.279	1.000	0.854	0.711	
[21-02-02 09:43:00-INFO] BEST_RECALL: 0.416, EPOCH:   2
[21-02-02 09:46:23-INFO] EPOCH: 3
[21-02-02 09:46:23-INFO] TRAIN_LOSS : 0.990, TIME: 203.1s
[21-02-02 09:46:41-INFO] VAL _RECALL: 0.446, TIME: 18.0s
[21-02-02 09:46:41-DEBUG] 
VAL  set, TITLE	CLS0	CLS1	CLS2	MEAN
VAL  set, REC:	0.760	0.347	0.232	0.446	
VAL  set, F1 :	0.705	0.340	0.292	0.446	
VAL  set, AUC:	0.740	0.593	0.758	0.697	
VAL  set, ACC:	0.685	0.612	0.758	0.685	
VAL  set, SPE:	0.611	0.719	0.902	0.744	
[21-02-02 09:46:59-INFO] TEST_RECALL: 0.473, TIME: 18.1s
[21-02-02 09:46:59-DEBUG] 
TEST set, TITLE	CLS0	CLS1	CLS2	MEAN
TEST set, REC:	0.723	0.377	0.321	0.473	
TEST set, F1 :	0.702	0.349	0.391	0.481	
TEST set, AUC:	0.734	0.587	0.764	0.695	
TEST set, ACC:	0.676	0.625	0.795	0.699	
TEST set, SPE:	0.623	0.716	0.917	0.752	
[21-02-02 09:47:00-INFO] BEST_RECALL: 0.473, EPOCH:   3
[21-02-02 09:50:23-INFO] EPOCH: 4
[21-02-02 09:50:23-INFO] TRAIN_LOSS : 0.963, TIME: 203.1s
[21-02-02 09:50:40-INFO] VAL _RECALL: 0.536, TIME: 17.9s
[21-02-02 09:50:41-DEBUG] 
VAL  set, TITLE	CLS0	CLS1	CLS2	MEAN
VAL  set, REC:	0.736	0.067	0.804	0.536	
VAL  set, F1 :	0.739	0.112	0.517	0.456	
VAL  set, AUC:	0.798	0.542	0.797	0.713	
VAL  set, ACC:	0.742	0.696	0.677	0.705	
VAL  set, SPE:	0.748	0.951	0.642	0.781	
[21-02-02 09:50:59-INFO] TEST_RECALL: 0.504, TIME: 18.1s
[21-02-02 09:50:59-DEBUG] 
TEST set, TITLE	CLS0	CLS1	CLS2	MEAN
TEST set, REC:	0.672	0.029	0.811	0.504	
TEST set, F1 :	0.705	0.051	0.483	0.413	
TEST set, AUC:	0.782	0.576	0.794	0.718	
TEST set, ACC:	0.703	0.710	0.645	0.686	
TEST set, SPE:	0.738	0.958	0.602	0.766	
[21-02-02 09:50:59-INFO] BEST_RECALL: 0.504, EPOCH:   4
[21-02-02 09:54:22-INFO] EPOCH: 5
[21-02-02 09:54:22-INFO] TRAIN_LOSS : 0.917, TIME: 203.1s
[21-02-02 09:54:40-INFO] VAL _RECALL: 0.333, TIME: 17.9s
[21-02-02 09:54:40-DEBUG] 
VAL  set, TITLE	CLS0	CLS1	CLS2	MEAN
VAL  set, REC:	1.000	0.000	0.000	0.333	
VAL  set, F1 :	0.665	0.000	0.000	0.222	
VAL  set, AUC:	0.764	0.582	0.790	0.712	
VAL  set, ACC:	0.500	0.708	0.785	0.664	
VAL  set, SPE:	0.008	0.995	1.000	0.667	
[21-02-02 09:54:58-INFO] TEST_RECALL: 0.333, TIME: 18.2s
[21-02-02 09:54:58-DEBUG] 
TEST set, TITLE	CLS0	CLS1	CLS2	MEAN
TEST set, REC:	1.000	0.000	0.000	0.333	
TEST set, F1 :	0.692	0.000	0.000	0.231	
TEST set, AUC:	0.736	0.596	0.738	0.690	
TEST set, ACC:	0.529	0.734	0.795	0.686	
TEST set, SPE:	0.000	1.000	1.000	0.667	
[21-02-02 09:54:58-INFO] BEST_RECALL: 0.504, EPOCH:   4
[21-02-02 09:58:21-INFO] EPOCH: 6
[21-02-02 09:58:21-INFO] TRAIN_LOSS : 0.925, TIME: 203.1s
[21-02-02 09:58:39-INFO] VAL _RECALL: 0.347, TIME: 17.9s
[21-02-02 09:58:39-DEBUG] 
VAL  set, TITLE	CLS0	CLS1	CLS2	MEAN
VAL  set, REC:	0.047	0.013	0.982	0.347	
VAL  set, F1 :	0.088	0.022	0.373	0.161	
VAL  set, AUC:	0.831	0.439	0.795	0.689	
VAL  set, ACC:	0.523	0.665	0.288	0.492	
VAL  set, SPE:	0.992	0.930	0.098	0.673	
[21-02-02 09:58:58-INFO] TEST_RECALL: 0.348, TIME: 18.1s
[21-02-02 09:58:58-DEBUG] 
TEST set, TITLE	CLS0	CLS1	CLS2	MEAN
TEST set, REC:	0.044	0.000	1.000	0.348	
TEST set, F1 :	0.084	0.000	0.357	0.147	
TEST set, AUC:	0.786	0.464	0.800	0.683	
TEST set, ACC:	0.494	0.699	0.263	0.485	
TEST set, SPE:	1.000	0.953	0.073	0.675	
[21-02-02 09:58:58-INFO] BEST_RECALL: 0.504, EPOCH:   4
[21-02-02 10:02:21-INFO] EPOCH: 7
[21-02-02 10:02:21-INFO] TRAIN_LOSS : 0.876, TIME: 203.1s
[21-02-02 10:02:39-INFO] VAL _RECALL: 0.408, TIME: 17.9s
[21-02-02 10:02:39-DEBUG] 
VAL  set, TITLE	CLS0	CLS1	CLS2	MEAN
VAL  set, REC:	0.992	0.000	0.232	0.408	
VAL  set, F1 :	0.684	0.000	0.366	0.350	
VAL  set, AUC:	0.879	0.657	0.890	0.808	
VAL  set, ACC:	0.546	0.712	0.827	0.695	
VAL  set, SPE:	0.107	1.000	0.990	0.699	
[21-02-02 10:02:57-INFO] TEST_RECALL: 0.434, TIME: 18.2s
[21-02-02 10:02:57-DEBUG] 
TEST set, TITLE	CLS0	CLS1	CLS2	MEAN
TEST set, REC:	1.000	0.000	0.302	0.434	
TEST set, F1 :	0.721	0.000	0.464	0.395	
TEST set, AUC:	0.840	0.639	0.871	0.783	
TEST set, ACC:	0.591	0.734	0.857	0.727	
TEST set, SPE:	0.131	1.000	1.000	0.710	
[21-02-02 10:02:57-INFO] BEST_RECALL: 0.504, EPOCH:   4
[21-02-02 10:06:20-INFO] EPOCH: 8
[21-02-02 10:06:20-INFO] TRAIN_LOSS : 0.839, TIME: 203.0s
[21-02-02 10:06:38-INFO] VAL _RECALL: 0.357, TIME: 17.9s
[21-02-02 10:06:38-DEBUG] 
VAL  set, TITLE	CLS0	CLS1	CLS2	MEAN
VAL  set, REC:	1.000	0.000	0.071	0.357	
VAL  set, F1 :	0.670	0.000	0.133	0.268	
VAL  set, AUC:	0.886	0.674	0.887	0.815	
VAL  set, ACC:	0.512	0.712	0.800	0.674	
VAL  set, SPE:	0.031	1.000	1.000	0.677	
[21-02-02 10:06:56-INFO] TEST_RECALL: 0.340, TIME: 18.1s
[21-02-02 10:06:56-DEBUG] 
TEST set, TITLE	CLS0	CLS1	CLS2	MEAN
TEST set, REC:	1.000	0.000	0.019	0.340	
TEST set, F1 :	0.694	0.000	0.037	0.244	
TEST set, AUC:	0.817	0.630	0.846	0.765	
TEST set, ACC:	0.533	0.734	0.799	0.689	
TEST set, SPE:	0.008	1.000	1.000	0.669	
[21-02-02 10:06:57-INFO] BEST_RECALL: 0.504, EPOCH:   4
[21-02-02 10:10:20-INFO] EPOCH: 9
[21-02-02 10:10:20-INFO] TRAIN_LOSS : 0.825, TIME: 203.3s
[21-02-02 10:10:38-INFO] VAL _RECALL: 0.470, TIME: 18.1s
[21-02-02 10:10:38-DEBUG] 
VAL  set, TITLE	CLS0	CLS1	CLS2	MEAN
VAL  set, REC:	0.295	0.133	0.982	0.470	
VAL  set, F1 :	0.450	0.167	0.476	0.364	
VAL  set, AUC:	0.892	0.482	0.859	0.744	
VAL  set, ACC:	0.642	0.615	0.535	0.597	
VAL  set, SPE:	0.985	0.811	0.412	0.736	
[21-02-02 10:10:56-INFO] TEST_RECALL: 0.412, TIME: 18.0s
[21-02-02 10:10:56-DEBUG] 
TEST set, TITLE	CLS0	CLS1	CLS2	MEAN
TEST set, REC:	0.175	0.116	0.943	0.412	
TEST set, F1 :	0.294	0.147	0.407	0.283	
TEST set, AUC:	0.800	0.493	0.813	0.702	
TEST set, ACC:	0.556	0.641	0.436	0.544	
TEST set, SPE:	0.984	0.832	0.306	0.707	
[21-02-02 10:10:56-INFO] BEST_RECALL: 0.504, EPOCH:   4
[21-02-02 10:14:20-INFO] EPOCH: 10
[21-02-02 10:14:20-INFO] TRAIN_LOSS : 0.798, TIME: 203.3s
[21-02-02 10:14:38-INFO] VAL _RECALL: 0.356, TIME: 18.0s
[21-02-02 10:14:38-DEBUG] 
VAL  set, TITLE	CLS0	CLS1	CLS2	MEAN
VAL  set, REC:	1.000	0.013	0.054	0.356	
VAL  set, F1 :	0.697	0.022	0.102	0.274	
VAL  set, AUC:	0.943	0.707	0.942	0.864	
VAL  set, ACC:	0.569	0.658	0.796	0.674	
VAL  set, SPE:	0.145	0.919	1.000	0.688	
[21-02-02 10:14:56-INFO] TEST_RECALL: 0.359, TIME: 18.0s
[21-02-02 10:14:56-DEBUG] 
TEST set, TITLE	CLS0	CLS1	CLS2	MEAN
TEST set, REC:	0.993	0.029	0.057	0.359	
TEST set, F1 :	0.721	0.047	0.107	0.292	
TEST set, AUC:	0.845	0.646	0.878	0.790	
TEST set, ACC:	0.595	0.687	0.807	0.696	
TEST set, SPE:	0.148	0.926	1.000	0.691	
[21-02-02 10:14:56-INFO] BEST_RECALL: 0.504, EPOCH:   4
[21-02-02 10:18:19-INFO] EPOCH: 11
[21-02-02 10:18:19-INFO] TRAIN_LOSS : 0.785, TIME: 203.1s
[21-02-02 10:18:37-INFO] VAL _RECALL: 0.526, TIME: 17.9s
[21-02-02 10:18:37-DEBUG] 
VAL  set, TITLE	CLS0	CLS1	CLS2	MEAN
VAL  set, REC:	0.023	0.680	0.875	0.526	
VAL  set, F1 :	0.045	0.405	0.721	0.390	
VAL  set, AUC:	0.919	0.557	0.929	0.802	
VAL  set, ACC:	0.515	0.423	0.854	0.597	
VAL  set, SPE:	1.000	0.319	0.848	0.722	
[21-02-02 10:18:55-INFO] TEST_RECALL: 0.475, TIME: 18.0s
[21-02-02 10:18:55-DEBUG] 
TEST set, TITLE	CLS0	CLS1	CLS2	MEAN
TEST set, REC:	0.015	0.638	0.774	0.475	
TEST set, F1 :	0.029	0.362	0.603	0.331	
TEST set, AUC:	0.826	0.534	0.881	0.747	
TEST set, ACC:	0.479	0.402	0.792	0.557	
TEST set, SPE:	1.000	0.316	0.796	0.704	
[21-02-02 10:18:56-INFO] BEST_RECALL: 0.504, EPOCH:   4
[21-02-02 10:22:19-INFO] EPOCH: 12
[21-02-02 10:22:19-INFO] TRAIN_LOSS : 0.723, TIME: 203.2s
[21-02-02 10:22:37-INFO] VAL _RECALL: 0.551, TIME: 17.9s
[21-02-02 10:22:37-DEBUG] 
VAL  set, TITLE	CLS0	CLS1	CLS2	MEAN
VAL  set, REC:	0.612	0.933	0.107	0.551	
VAL  set, F1 :	0.742	0.571	0.194	0.502	
VAL  set, AUC:	0.946	0.846	0.969	0.920	
VAL  set, ACC:	0.788	0.596	0.808	0.731	
VAL  set, SPE:	0.962	0.459	1.000	0.807	
[21-02-02 10:22:55-INFO] TEST_RECALL: 0.493, TIME: 18.1s
[21-02-02 10:22:55-DEBUG] 
TEST set, TITLE	CLS0	CLS1	CLS2	MEAN
TEST set, REC:	0.467	0.899	0.113	0.493	
TEST set, F1 :	0.615	0.494	0.203	0.438	
TEST set, AUC:	0.850	0.715	0.897	0.821	
TEST set, ACC:	0.691	0.510	0.819	0.673	
TEST set, SPE:	0.943	0.368	1.000	0.770	
[21-02-02 10:22:55-INFO] BEST_RECALL: 0.504, EPOCH:   4
[21-02-02 10:26:19-INFO] EPOCH: 13
[21-02-02 10:26:19-INFO] TRAIN_LOSS : 0.693, TIME: 203.3s
[21-02-02 10:26:36-INFO] VAL _RECALL: 0.727, TIME: 17.9s
[21-02-02 10:26:36-DEBUG] 
VAL  set, TITLE	CLS0	CLS1	CLS2	MEAN
VAL  set, REC:	0.977	0.293	0.911	0.727	
VAL  set, F1 :	0.884	0.423	0.779	0.695	
VAL  set, AUC:	0.980	0.896	0.968	0.948	
VAL  set, ACC:	0.873	0.769	0.888	0.844	
VAL  set, SPE:	0.771	0.962	0.882	0.872	
[21-02-02 10:26:55-INFO] TEST_RECALL: 0.623, TIME: 18.0s
[21-02-02 10:26:55-DEBUG] 
TEST set, TITLE	CLS0	CLS1	CLS2	MEAN
TEST set, REC:	0.898	0.159	0.811	0.623	
TEST set, F1 :	0.820	0.253	0.656	0.576	
TEST set, AUC:	0.889	0.763	0.917	0.856	
TEST set, ACC:	0.792	0.749	0.826	0.789	
TEST set, SPE:	0.672	0.963	0.830	0.822	
[21-02-02 10:26:55-INFO] BEST_RECALL: 0.623, EPOCH:  13
[21-02-02 10:30:19-INFO] EPOCH: 14
[21-02-02 10:30:19-INFO] TRAIN_LOSS : 0.651, TIME: 203.2s
[21-02-02 10:30:37-INFO] VAL _RECALL: 0.351, TIME: 18.0s
[21-02-02 10:30:37-DEBUG] 
VAL  set, TITLE	CLS0	CLS1	CLS2	MEAN
VAL  set, REC:	1.000	0.000	0.054	0.351	
VAL  set, F1 :	0.668	0.000	0.102	0.257	
VAL  set, AUC:	0.982	0.720	0.974	0.892	
VAL  set, ACC:	0.508	0.712	0.796	0.672	
VAL  set, SPE:	0.023	1.000	1.000	0.674	
[21-02-02 10:30:55-INFO] TEST_RECALL: 0.333, TIME: 18.1s
[21-02-02 10:30:55-DEBUG] 
TEST set, TITLE	CLS0	CLS1	CLS2	MEAN
TEST set, REC:	1.000	0.000	0.000	0.333	
TEST set, F1 :	0.694	0.000	0.000	0.231	
TEST set, AUC:	0.852	0.653	0.873	0.793	
TEST set, ACC:	0.533	0.734	0.792	0.686	
TEST set, SPE:	0.008	1.000	0.995	0.668	
[21-02-02 10:30:55-INFO] BEST_RECALL: 0.623, EPOCH:  13
[21-02-02 10:34:19-INFO] EPOCH: 15
[21-02-02 10:34:19-INFO] TRAIN_LOSS : 0.599, TIME: 203.3s
[21-02-02 10:34:36-INFO] VAL _RECALL: 0.499, TIME: 17.9s
[21-02-02 10:34:36-DEBUG] 
VAL  set, TITLE	CLS0	CLS1	CLS2	MEAN
VAL  set, REC:	0.496	0.000	1.000	0.499	
VAL  set, F1 :	0.663	0.000	0.448	0.370	
VAL  set, AUC:	0.977	0.583	0.948	0.836	
VAL  set, ACC:	0.750	0.704	0.469	0.641	
VAL  set, SPE:	1.000	0.989	0.324	0.771	
[21-02-02 10:34:55-INFO] TEST_RECALL: 0.434, TIME: 18.0s
[21-02-02 10:34:55-DEBUG] 
TEST set, TITLE	CLS0	CLS1	CLS2	MEAN
TEST set, REC:	0.321	0.000	0.981	0.434	
TEST set, F1 :	0.471	0.000	0.397	0.289	
TEST set, AUC:	0.819	0.566	0.853	0.746	
TEST set, ACC:	0.618	0.734	0.390	0.580	
TEST set, SPE:	0.951	1.000	0.238	0.730	
[21-02-02 10:34:55-INFO] BEST_RECALL: 0.623, EPOCH:  13
[21-02-02 10:38:18-INFO] EPOCH: 16
[21-02-02 10:38:18-INFO] TRAIN_LOSS : 0.560, TIME: 203.2s
[21-02-02 10:38:36-INFO] VAL _RECALL: 0.369, TIME: 18.0s
[21-02-02 10:38:36-DEBUG] 
VAL  set, TITLE	CLS0	CLS1	CLS2	MEAN
VAL  set, REC:	1.000	0.000	0.107	0.369	
VAL  set, F1 :	0.674	0.000	0.194	0.289	
VAL  set, AUC:	0.988	0.763	0.981	0.911	
VAL  set, ACC:	0.519	0.712	0.808	0.679	
VAL  set, SPE:	0.046	1.000	1.000	0.682	
[21-02-02 10:38:54-INFO] TEST_RECALL: 0.340, TIME: 18.1s
[21-02-02 10:38:54-DEBUG] 
TEST set, TITLE	CLS0	CLS1	CLS2	MEAN
TEST set, REC:	1.000	0.000	0.019	0.340	
TEST set, F1 :	0.694	0.000	0.037	0.244	
TEST set, AUC:	0.820	0.650	0.856	0.775	
TEST set, ACC:	0.533	0.734	0.799	0.689	
TEST set, SPE:	0.008	1.000	1.000	0.669	
[21-02-02 10:38:55-INFO] BEST_RECALL: 0.623, EPOCH:  13
[21-02-02 10:42:18-INFO] EPOCH: 17
[21-02-02 10:42:18-INFO] TRAIN_LOSS : 0.505, TIME: 203.2s
[21-02-02 10:42:36-INFO] VAL _RECALL: 0.370, TIME: 18.0s
[21-02-02 10:42:36-DEBUG] 
VAL  set, TITLE	CLS0	CLS1	CLS2	MEAN
VAL  set, REC:	0.109	0.000	1.000	0.370	
VAL  set, F1 :	0.196	0.000	0.373	0.190	
VAL  set, AUC:	0.999	0.572	0.995	0.856	
VAL  set, ACC:	0.558	0.704	0.277	0.513	
VAL  set, SPE:	1.000	0.989	0.078	0.689	
[21-02-02 10:42:54-INFO] TEST_RECALL: 0.350, TIME: 18.1s
[21-02-02 10:42:54-DEBUG] 
TEST set, TITLE	CLS0	CLS1	CLS2	MEAN
TEST set, REC:	0.051	0.000	1.000	0.350	
TEST set, F1 :	0.097	0.000	0.349	0.149	
TEST set, AUC:	0.856	0.487	0.902	0.748	
TEST set, ACC:	0.498	0.730	0.236	0.488	
TEST set, SPE:	1.000	0.995	0.039	0.678	
[21-02-02 10:42:55-INFO] BEST_RECALL: 0.623, EPOCH:  13
[21-02-02 10:46:18-INFO] EPOCH: 18
[21-02-02 10:46:18-INFO] TRAIN_LOSS : 0.463, TIME: 203.3s
[21-02-02 10:46:36-INFO] VAL _RECALL: 0.738, TIME: 17.9s
[21-02-02 10:46:36-DEBUG] 
VAL  set, TITLE	CLS0	CLS1	CLS2	MEAN
VAL  set, REC:	1.000	0.213	1.000	0.738	
VAL  set, F1 :	0.830	0.352	0.949	0.710	
VAL  set, AUC:	1.000	0.988	0.999	0.995	
VAL  set, ACC:	0.796	0.773	0.977	0.849	
VAL  set, SPE:	0.595	1.000	0.971	0.855	
[21-02-02 10:46:54-INFO] TEST_RECALL: 0.502, TIME: 18.0s
[21-02-02 10:46:54-DEBUG] 
TEST set, TITLE	CLS0	CLS1	CLS2	MEAN
TEST set, REC:	0.978	0.000	0.528	0.502	
TEST set, F1 :	0.761	0.000	0.577	0.446	
TEST set, AUC:	0.856	0.707	0.887	0.817	
TEST set, ACC:	0.676	0.734	0.842	0.750	
TEST set, SPE:	0.336	1.000	0.922	0.753	
[21-02-02 10:46:54-INFO] BEST_RECALL: 0.623, EPOCH:  13
[21-02-02 10:50:18-INFO] EPOCH: 19
[21-02-02 10:50:18-INFO] TRAIN_LOSS : 0.428, TIME: 203.4s
[21-02-02 10:50:35-INFO] VAL _RECALL: 0.781, TIME: 17.9s
[21-02-02 10:50:35-DEBUG] 
VAL  set, TITLE	CLS0	CLS1	CLS2	MEAN
VAL  set, REC:	1.000	0.413	0.929	0.781	
VAL  set, F1 :	0.849	0.574	0.963	0.795	
VAL  set, AUC:	1.000	0.970	1.000	0.990	
VAL  set, ACC:	0.823	0.823	0.985	0.877	
VAL  set, SPE:	0.649	0.989	1.000	0.879	
[21-02-02 10:50:54-INFO] TEST_RECALL: 0.454, TIME: 18.1s
[21-02-02 10:50:54-DEBUG] 
TEST set, TITLE	CLS0	CLS1	CLS2	MEAN
TEST set, REC:	0.993	0.087	0.283	0.454	
TEST set, F1 :	0.743	0.145	0.435	0.441	
TEST set, AUC:	0.859	0.667	0.915	0.814	
TEST set, ACC:	0.637	0.726	0.849	0.737	
TEST set, SPE:	0.238	0.958	0.995	0.730	
[21-02-02 10:50:54-INFO] BEST_RECALL: 0.623, EPOCH:  13
[21-02-02 10:54:17-INFO] EPOCH: 20
[21-02-02 10:54:17-INFO] TRAIN_LOSS : 0.338, TIME: 203.2s
[21-02-02 10:54:35-INFO] VAL _RECALL: 0.704, TIME: 18.0s
[21-02-02 10:54:35-DEBUG] 
VAL  set, TITLE	CLS0	CLS1	CLS2	MEAN
VAL  set, REC:	1.000	0.987	0.125	0.704	
VAL  set, F1 :	0.970	0.775	0.222	0.656	
VAL  set, AUC:	1.000	0.966	0.998	0.988	
VAL  set, ACC:	0.969	0.835	0.812	0.872	
VAL  set, SPE:	0.939	0.773	1.000	0.904	
[21-02-02 10:54:54-INFO] TEST_RECALL: 0.408, TIME: 18.2s
[21-02-02 10:54:54-DEBUG] 
TEST set, TITLE	CLS0	CLS1	CLS2	MEAN
TEST set, REC:	0.847	0.377	0.000	0.408	
TEST set, F1 :	0.739	0.344	0.000	0.361	
TEST set, AUC:	0.794	0.618	0.860	0.757	
TEST set, ACC:	0.683	0.618	0.795	0.699	
TEST set, SPE:	0.500	0.705	1.000	0.735	
[21-02-02 10:54:54-INFO] BEST_RECALL: 0.623, EPOCH:  13
[21-02-02 10:58:17-INFO] EPOCH: 21
[21-02-02 10:58:17-INFO] TRAIN_LOSS : 0.266, TIME: 203.3s
[21-02-02 10:58:35-INFO] VAL _RECALL: 0.368, TIME: 18.0s
[21-02-02 10:58:35-DEBUG] 
VAL  set, TITLE	CLS0	CLS1	CLS2	MEAN
VAL  set, REC:	0.070	1.000	0.036	0.368	
VAL  set, F1 :	0.130	0.463	0.069	0.221	
VAL  set, AUC:	0.999	1.000	1.000	1.000	
VAL  set, ACC:	0.538	0.331	0.792	0.554	
VAL  set, SPE:	1.000	0.059	1.000	0.686	
[21-02-02 10:58:53-INFO] TEST_RECALL: 0.345, TIME: 18.1s
[21-02-02 10:58:53-DEBUG] 
TEST set, TITLE	CLS0	CLS1	CLS2	MEAN
TEST set, REC:	0.036	1.000	0.000	0.345	
TEST set, F1 :	0.070	0.427	0.000	0.166	
TEST set, AUC:	0.808	0.683	0.820	0.771	
TEST set, ACC:	0.490	0.286	0.795	0.524	
TEST set, SPE:	1.000	0.026	1.000	0.675	
[21-02-02 10:58:54-INFO] BEST_RECALL: 0.623, EPOCH:  13
[21-02-02 11:02:17-INFO] EPOCH: 22
[21-02-02 11:02:17-INFO] TRAIN_LOSS : 0.212, TIME: 203.4s
[21-02-02 11:02:35-INFO] VAL _RECALL: 0.387, TIME: 17.9s
[21-02-02 11:02:35-DEBUG] 
VAL  set, TITLE	CLS0	CLS1	CLS2	MEAN
VAL  set, REC:	1.000	0.000	0.161	0.387	
VAL  set, F1 :	0.679	0.000	0.277	0.319	
VAL  set, AUC:	1.000	0.991	1.000	0.997	
VAL  set, ACC:	0.531	0.712	0.819	0.687	
VAL  set, SPE:	0.069	1.000	1.000	0.690	
[21-02-02 11:02:53-INFO] TEST_RECALL: 0.333, TIME: 18.1s
[21-02-02 11:02:53-DEBUG] 
TEST set, TITLE	CLS0	CLS1	CLS2	MEAN
TEST set, REC:	1.000	0.000	0.000	0.333	
TEST set, F1 :	0.692	0.000	0.000	0.231	
TEST set, AUC:	0.837	0.675	0.896	0.803	
TEST set, ACC:	0.529	0.734	0.795	0.686	
TEST set, SPE:	0.000	1.000	1.000	0.667	
[21-02-02 11:02:54-INFO] BEST_RECALL: 0.623, EPOCH:  13
[21-02-02 11:06:17-INFO] EPOCH: 23
[21-02-02 11:06:17-INFO] TRAIN_LOSS : 0.150, TIME: 203.3s
[21-02-02 11:06:35-INFO] VAL _RECALL: 0.542, TIME: 17.9s
[21-02-02 11:06:35-DEBUG] 
VAL  set, TITLE	CLS0	CLS1	CLS2	MEAN
VAL  set, REC:	1.000	0.000	0.625	0.542	
VAL  set, F1 :	0.729	0.000	0.769	0.499	
VAL  set, AUC:	1.000	0.974	1.000	0.991	
VAL  set, ACC:	0.631	0.712	0.919	0.754	
VAL  set, SPE:	0.267	1.000	1.000	0.756	
[21-02-02 11:06:53-INFO] TEST_RECALL: 0.396, TIME: 18.0s
[21-02-02 11:06:53-DEBUG] 
TEST set, TITLE	CLS0	CLS1	CLS2	MEAN
TEST set, REC:	1.000	0.000	0.189	0.396	
TEST set, F1 :	0.710	0.000	0.317	0.342	
TEST set, AUC:	0.857	0.678	0.900	0.811	
TEST set, ACC:	0.568	0.734	0.834	0.712	
TEST set, SPE:	0.082	1.000	1.000	0.694	
[21-02-02 11:06:53-INFO] BEST_RECALL: 0.623, EPOCH:  13
[21-02-02 11:10:17-INFO] EPOCH: 24
[21-02-02 11:10:17-INFO] TRAIN_LOSS : 0.153, TIME: 203.3s
[21-02-02 11:10:35-INFO] VAL _RECALL: 0.810, TIME: 18.0s
[21-02-02 11:10:35-DEBUG] 
VAL  set, TITLE	CLS0	CLS1	CLS2	MEAN
VAL  set, REC:	0.884	0.547	1.000	0.810	
VAL  set, F1 :	0.938	0.707	0.696	0.780	
VAL  set, AUC:	1.000	1.000	1.000	1.000	
VAL  set, ACC:	0.942	0.869	0.812	0.874	
VAL  set, SPE:	1.000	1.000	0.760	0.920	
[21-02-02 11:10:53-INFO] TEST_RECALL: 0.508, TIME: 18.2s
[21-02-02 11:10:53-DEBUG] 
TEST set, TITLE	CLS0	CLS1	CLS2	MEAN
TEST set, REC:	0.496	0.029	1.000	0.508	
TEST set, F1 :	0.621	0.056	0.467	0.381	
TEST set, AUC:	0.838	0.645	0.889	0.790	
TEST set, ACC:	0.680	0.737	0.533	0.650	
TEST set, SPE:	0.885	0.995	0.413	0.764	
[21-02-02 11:10:54-INFO] BEST_RECALL: 0.623, EPOCH:  13
[21-02-02 11:14:17-INFO] EPOCH: 25
[21-02-02 11:14:17-INFO] TRAIN_LOSS : 0.136, TIME: 203.3s
[21-02-02 11:14:35-INFO] VAL _RECALL: 0.686, TIME: 18.0s
[21-02-02 11:14:35-DEBUG] 
VAL  set, TITLE	CLS0	CLS1	CLS2	MEAN
VAL  set, REC:	0.938	0.120	1.000	0.686	
VAL  set, F1 :	0.968	0.214	0.602	0.595	
VAL  set, AUC:	1.000	1.000	1.000	1.000	
VAL  set, ACC:	0.969	0.746	0.715	0.810	
VAL  set, SPE:	1.000	1.000	0.637	0.879	
[21-02-02 11:14:53-INFO] TEST_RECALL: 0.477, TIME: 18.1s
[21-02-02 11:14:53-DEBUG] 
TEST set, TITLE	CLS0	CLS1	CLS2	MEAN
TEST set, REC:	0.431	0.000	1.000	0.477	
TEST set, F1 :	0.587	0.000	0.427	0.338	
TEST set, AUC:	0.871	0.694	0.911	0.825	
TEST set, ACC:	0.680	0.734	0.452	0.622	
TEST set, SPE:	0.959	1.000	0.311	0.757	
[21-02-02 11:14:53-INFO] BEST_RECALL: 0.623, EPOCH:  13
[21-02-02 11:18:17-INFO] EPOCH: 26
[21-02-02 11:18:17-INFO] TRAIN_LOSS : 0.138, TIME: 203.3s
[21-02-02 11:18:35-INFO] VAL _RECALL: 0.858, TIME: 18.0s
[21-02-02 11:18:35-DEBUG] 
VAL  set, TITLE	CLS0	CLS1	CLS2	MEAN
VAL  set, REC:	1.000	0.573	1.000	0.858	
VAL  set, F1 :	0.893	0.729	0.991	0.871	
VAL  set, AUC:	1.000	1.000	1.000	1.000	
VAL  set, ACC:	0.881	0.877	0.996	0.918	
VAL  set, SPE:	0.763	1.000	0.995	0.919	
[21-02-02 11:18:53-INFO] TEST_RECALL: 0.488, TIME: 18.1s
[21-02-02 11:18:53-DEBUG] 
TEST set, TITLE	CLS0	CLS1	CLS2	MEAN
TEST set, REC:	0.993	0.000	0.472	0.488	
TEST set, F1 :	0.751	0.000	0.575	0.442	
TEST set, AUC:	0.874	0.712	0.907	0.831	
TEST set, ACC:	0.653	0.734	0.857	0.748	
TEST set, SPE:	0.270	1.000	0.956	0.742	
[21-02-02 11:18:53-INFO] BEST_RECALL: 0.623, EPOCH:  13
[21-02-02 11:22:17-INFO] EPOCH: 27
[21-02-02 11:22:17-INFO] TRAIN_LOSS : 0.095, TIME: 203.2s
[21-02-02 11:22:34-INFO] VAL _RECALL: 0.996, TIME: 17.9s
[21-02-02 11:22:34-DEBUG] 
VAL  set, TITLE	CLS0	CLS1	CLS2	MEAN
VAL  set, REC:	1.000	0.987	1.000	0.996	
VAL  set, F1 :	1.000	0.993	0.991	0.995	
VAL  set, AUC:	1.000	1.000	1.000	1.000	
VAL  set, ACC:	1.000	0.996	0.996	0.997	
VAL  set, SPE:	1.000	1.000	0.995	0.998	
[21-02-02 11:22:53-INFO] TEST_RECALL: 0.581, TIME: 18.1s
[21-02-02 11:22:53-DEBUG] 
TEST set, TITLE	CLS0	CLS1	CLS2	MEAN
TEST set, REC:	0.847	0.029	0.868	0.581	
TEST set, F1 :	0.786	0.056	0.609	0.484	
TEST set, AUC:	0.874	0.747	0.916	0.846	
TEST set, ACC:	0.757	0.737	0.772	0.755	
TEST set, SPE:	0.656	0.995	0.748	0.799	
[21-02-02 11:22:53-INFO] BEST_RECALL: 0.623, EPOCH:  13
[21-02-02 11:26:16-INFO] EPOCH: 28
[21-02-02 11:26:16-INFO] TRAIN_LOSS : 0.139, TIME: 203.3s
[21-02-02 11:26:34-INFO] VAL _RECALL: 1.000, TIME: 18.0s
[21-02-02 11:26:34-DEBUG] 
VAL  set, TITLE	CLS0	CLS1	CLS2	MEAN
VAL  set, REC:	1.000	1.000	1.000	1.000	
VAL  set, F1 :	1.000	1.000	1.000	1.000	
VAL  set, AUC:	1.000	1.000	1.000	1.000	
VAL  set, ACC:	1.000	1.000	1.000	1.000	
VAL  set, SPE:	1.000	1.000	1.000	1.000	
[21-02-02 11:26:53-INFO] TEST_RECALL: 0.596, TIME: 18.2s
[21-02-02 11:26:53-DEBUG] 
TEST set, TITLE	CLS0	CLS1	CLS2	MEAN
TEST set, REC:	0.518	0.420	0.849	0.596	
TEST set, F1 :	0.667	0.397	0.566	0.543	
TEST set, AUC:	0.874	0.665	0.893	0.811	
TEST set, ACC:	0.726	0.660	0.734	0.707	
TEST set, SPE:	0.959	0.747	0.704	0.803	
[21-02-02 11:26:53-INFO] BEST_RECALL: 0.623, EPOCH:  13
[21-02-02 11:30:16-INFO] EPOCH: 29
[21-02-02 11:30:16-INFO] TRAIN_LOSS : 0.059, TIME: 203.2s
[21-02-02 11:30:34-INFO] VAL _RECALL: 1.000, TIME: 17.9s
[21-02-02 11:30:34-DEBUG] 
VAL  set, TITLE	CLS0	CLS1	CLS2	MEAN
VAL  set, REC:	1.000	1.000	1.000	1.000	
VAL  set, F1 :	1.000	1.000	1.000	1.000	
VAL  set, AUC:	1.000	1.000	1.000	1.000	
VAL  set, ACC:	1.000	1.000	1.000	1.000	
VAL  set, SPE:	1.000	1.000	1.000	1.000	
[21-02-02 11:30:52-INFO] TEST_RECALL: 0.588, TIME: 18.1s
[21-02-02 11:30:52-DEBUG] 
TEST set, TITLE	CLS0	CLS1	CLS2	MEAN
TEST set, REC:	0.489	0.841	0.434	0.588	
TEST set, F1 :	0.635	0.513	0.568	0.572	
TEST set, AUC:	0.840	0.719	0.870	0.810	
TEST set, ACC:	0.703	0.575	0.865	0.714	
TEST set, SPE:	0.943	0.479	0.976	0.799	
[21-02-02 11:30:53-INFO] BEST_RECALL: 0.623, EPOCH:  13
[21-02-02 11:34:16-INFO] EPOCH: 30
[21-02-02 11:34:16-INFO] TRAIN_LOSS : 0.067, TIME: 203.2s
[21-02-02 11:34:34-INFO] VAL _RECALL: 1.000, TIME: 18.0s
[21-02-02 11:34:34-DEBUG] 
VAL  set, TITLE	CLS0	CLS1	CLS2	MEAN
VAL  set, REC:	1.000	1.000	1.000	1.000	
VAL  set, F1 :	1.000	1.000	1.000	1.000	
VAL  set, AUC:	1.000	1.000	1.000	1.000	
VAL  set, ACC:	1.000	1.000	1.000	1.000	
VAL  set, SPE:	1.000	1.000	1.000	1.000	
[21-02-02 11:34:52-INFO] TEST_RECALL: 0.562, TIME: 18.1s
[21-02-02 11:34:52-DEBUG] 
TEST set, TITLE	CLS0	CLS1	CLS2	MEAN
TEST set, REC:	0.905	0.290	0.491	0.562	
TEST set, F1 :	0.773	0.351	0.627	0.583	
TEST set, AUC:	0.873	0.712	0.891	0.825	
TEST set, ACC:	0.718	0.714	0.880	0.771	
TEST set, SPE:	0.508	0.868	0.981	0.786	
[21-02-02 11:34:52-INFO] BEST_RECALL: 0.623, EPOCH:  13
[21-02-02 11:38:16-INFO] EPOCH: 31
[21-02-02 11:38:16-INFO] TRAIN_LOSS : 0.052, TIME: 203.3s
[21-02-02 11:38:34-INFO] VAL _RECALL: 0.708, TIME: 18.0s
[21-02-02 11:38:34-DEBUG] 
VAL  set, TITLE	CLS0	CLS1	CLS2	MEAN
VAL  set, REC:	0.124	1.000	1.000	0.708	
VAL  set, F1 :	0.221	0.573	0.991	0.595	
VAL  set, AUC:	1.000	1.000	1.000	1.000	
VAL  set, ACC:	0.565	0.569	0.996	0.710	
VAL  set, SPE:	1.000	0.395	0.995	0.797	
[21-02-02 11:38:52-INFO] TEST_RECALL: 0.493, TIME: 18.2s
[21-02-02 11:38:52-DEBUG] 
TEST set, TITLE	CLS0	CLS1	CLS2	MEAN
TEST set, REC:	0.044	0.870	0.566	0.493	
TEST set, F1 :	0.084	0.432	0.619	0.378	
TEST set, AUC:	0.834	0.571	0.826	0.744	
TEST set, ACC:	0.494	0.390	0.857	0.580	
TEST set, SPE:	1.000	0.216	0.932	0.716	
[21-02-02 11:38:52-INFO] BEST_RECALL: 0.623, EPOCH:  13
[21-02-02 11:42:16-INFO] EPOCH: 32
[21-02-02 11:42:16-INFO] TRAIN_LOSS : 0.085, TIME: 203.3s
[21-02-02 11:42:34-INFO] VAL _RECALL: 1.000, TIME: 18.0s
[21-02-02 11:42:34-DEBUG] 
VAL  set, TITLE	CLS0	CLS1	CLS2	MEAN
VAL  set, REC:	1.000	1.000	1.000	1.000	
VAL  set, F1 :	1.000	1.000	1.000	1.000	
VAL  set, AUC:	1.000	1.000	1.000	1.000	
VAL  set, ACC:	1.000	1.000	1.000	1.000	
VAL  set, SPE:	1.000	1.000	1.000	1.000	
[21-02-02 11:42:52-INFO] TEST_RECALL: 0.592, TIME: 18.0s
[21-02-02 11:42:52-DEBUG] 
TEST set, TITLE	CLS0	CLS1	CLS2	MEAN
TEST set, REC:	0.898	0.087	0.792	0.592	
TEST set, F1 :	0.801	0.146	0.651	0.533	
TEST set, AUC:	0.883	0.737	0.901	0.840	
TEST set, ACC:	0.764	0.730	0.826	0.773	
TEST set, SPE:	0.615	0.963	0.835	0.804	
[21-02-02 11:42:52-INFO] BEST_RECALL: 0.623, EPOCH:  13
[21-02-02 11:46:16-INFO] EPOCH: 33
[21-02-02 11:46:16-INFO] TRAIN_LOSS : 0.040, TIME: 203.2s
[21-02-02 11:46:33-INFO] VAL _RECALL: 1.000, TIME: 17.9s
[21-02-02 11:46:33-DEBUG] 
VAL  set, TITLE	CLS0	CLS1	CLS2	MEAN
VAL  set, REC:	1.000	1.000	1.000	1.000	
VAL  set, F1 :	1.000	1.000	1.000	1.000	
VAL  set, AUC:	1.000	1.000	1.000	1.000	
VAL  set, ACC:	1.000	1.000	1.000	1.000	
VAL  set, SPE:	1.000	1.000	1.000	1.000	
[21-02-02 11:46:52-INFO] TEST_RECALL: 0.665, TIME: 18.1s
[21-02-02 11:46:52-DEBUG] 
TEST set, TITLE	CLS0	CLS1	CLS2	MEAN
TEST set, REC:	0.737	0.710	0.547	0.665	
TEST set, F1 :	0.805	0.554	0.644	0.668	
TEST set, AUC:	0.867	0.739	0.885	0.830	
TEST set, ACC:	0.811	0.695	0.876	0.794	
TEST set, SPE:	0.893	0.689	0.961	0.848	
[21-02-02 11:46:52-INFO] BEST_RECALL: 0.665, EPOCH:  33
[21-02-02 11:50:16-INFO] EPOCH: 34
[21-02-02 11:50:16-INFO] TRAIN_LOSS : 0.023, TIME: 203.3s
[21-02-02 11:50:34-INFO] VAL _RECALL: 1.000, TIME: 18.0s
[21-02-02 11:50:34-DEBUG] 
VAL  set, TITLE	CLS0	CLS1	CLS2	MEAN
VAL  set, REC:	1.000	1.000	1.000	1.000	
VAL  set, F1 :	1.000	1.000	1.000	1.000	
VAL  set, AUC:	1.000	1.000	1.000	1.000	
VAL  set, ACC:	1.000	1.000	1.000	1.000	
VAL  set, SPE:	1.000	1.000	1.000	1.000	
[21-02-02 11:50:52-INFO] TEST_RECALL: 0.656, TIME: 18.1s
[21-02-02 11:50:52-DEBUG] 
TEST set, TITLE	CLS0	CLS1	CLS2	MEAN
TEST set, REC:	0.788	0.594	0.585	0.656	
TEST set, F1 :	0.803	0.529	0.660	0.664	
TEST set, AUC:	0.873	0.746	0.878	0.833	
TEST set, ACC:	0.795	0.718	0.876	0.797	
TEST set, SPE:	0.803	0.763	0.951	0.839	
[21-02-02 11:50:52-INFO] BEST_RECALL: 0.665, EPOCH:  33
[21-02-02 11:54:16-INFO] EPOCH: 35
[21-02-02 11:54:16-INFO] TRAIN_LOSS : 0.019, TIME: 203.2s
[21-02-02 11:54:34-INFO] VAL _RECALL: 0.822, TIME: 18.0s
[21-02-02 11:54:34-DEBUG] 
VAL  set, TITLE	CLS0	CLS1	CLS2	MEAN
VAL  set, REC:	1.000	0.467	1.000	0.822	
VAL  set, F1 :	1.000	0.636	0.737	0.791	
VAL  set, AUC:	1.000	1.000	1.000	1.000	
VAL  set, ACC:	1.000	0.846	0.846	0.897	
VAL  set, SPE:	1.000	1.000	0.804	0.935	
[21-02-02 11:54:52-INFO] TEST_RECALL: 0.508, TIME: 18.1s
[21-02-02 11:54:52-DEBUG] 
TEST set, TITLE	CLS0	CLS1	CLS2	MEAN
TEST set, REC:	0.562	0.000	0.962	0.508	
TEST set, F1 :	0.697	0.000	0.449	0.382	
TEST set, AUC:	0.861	0.697	0.886	0.815	
TEST set, ACC:	0.741	0.730	0.517	0.663	
TEST set, SPE:	0.943	0.995	0.403	0.780	
[21-02-02 11:54:52-INFO] BEST_RECALL: 0.665, EPOCH:  33
[21-02-02 11:58:15-INFO] EPOCH: 36
[21-02-02 11:58:15-INFO] TRAIN_LOSS : 0.035, TIME: 203.3s
[21-02-02 11:58:33-INFO] VAL _RECALL: 1.000, TIME: 18.0s
[21-02-02 11:58:33-DEBUG] 
VAL  set, TITLE	CLS0	CLS1	CLS2	MEAN
VAL  set, REC:	1.000	1.000	1.000	1.000	
VAL  set, F1 :	1.000	1.000	1.000	1.000	
VAL  set, AUC:	1.000	1.000	1.000	1.000	
VAL  set, ACC:	1.000	1.000	1.000	1.000	
VAL  set, SPE:	1.000	1.000	1.000	1.000	
[21-02-02 11:58:52-INFO] TEST_RECALL: 0.597, TIME: 18.1s
[21-02-02 11:58:52-DEBUG] 
TEST set, TITLE	CLS0	CLS1	CLS2	MEAN
TEST set, REC:	0.825	0.420	0.547	0.597	
TEST set, F1 :	0.799	0.417	0.604	0.607	
TEST set, AUC:	0.883	0.745	0.891	0.839	
TEST set, ACC:	0.780	0.687	0.853	0.773	
TEST set, SPE:	0.730	0.784	0.932	0.815	
[21-02-02 11:58:52-INFO] BEST_RECALL: 0.665, EPOCH:  33
[21-02-02 12:02:15-INFO] EPOCH: 37
[21-02-02 12:02:15-INFO] TRAIN_LOSS : 0.009, TIME: 203.2s
[21-02-02 12:02:33-INFO] VAL _RECALL: 1.000, TIME: 18.0s
[21-02-02 12:02:33-DEBUG] 
VAL  set, TITLE	CLS0	CLS1	CLS2	MEAN
VAL  set, REC:	1.000	1.000	1.000	1.000	
VAL  set, F1 :	1.000	1.000	1.000	1.000	
VAL  set, AUC:	1.000	1.000	1.000	1.000	
VAL  set, ACC:	1.000	1.000	1.000	1.000	
VAL  set, SPE:	1.000	1.000	1.000	1.000	
[21-02-02 12:02:51-INFO] TEST_RECALL: 0.635, TIME: 18.0s
[21-02-02 12:02:51-DEBUG] 
TEST set, TITLE	CLS0	CLS1	CLS2	MEAN
TEST set, REC:	0.796	0.261	0.849	0.635	
TEST set, F1 :	0.810	0.343	0.625	0.593	
TEST set, AUC:	0.890	0.741	0.894	0.841	
TEST set, ACC:	0.803	0.734	0.792	0.776	
TEST set, SPE:	0.811	0.905	0.777	0.831	
[21-02-02 12:02:52-INFO] BEST_RECALL: 0.665, EPOCH:  33
[21-02-02 12:06:15-INFO] EPOCH: 38
[21-02-02 12:06:15-INFO] TRAIN_LOSS : 0.010, TIME: 203.3s
[21-02-02 12:06:33-INFO] VAL _RECALL: 1.000, TIME: 17.9s
[21-02-02 12:06:33-DEBUG] 
VAL  set, TITLE	CLS0	CLS1	CLS2	MEAN
VAL  set, REC:	1.000	1.000	1.000	1.000	
VAL  set, F1 :	1.000	1.000	1.000	1.000	
VAL  set, AUC:	1.000	1.000	1.000	1.000	
VAL  set, ACC:	1.000	1.000	1.000	1.000	
VAL  set, SPE:	1.000	1.000	1.000	1.000	
[21-02-02 12:06:51-INFO] TEST_RECALL: 0.617, TIME: 18.2s
[21-02-02 12:06:51-DEBUG] 
TEST set, TITLE	CLS0	CLS1	CLS2	MEAN
TEST set, REC:	0.774	0.246	0.830	0.617	
TEST set, F1 :	0.800	0.321	0.599	0.573	
TEST set, AUC:	0.889	0.739	0.894	0.841	
TEST set, ACC:	0.795	0.722	0.772	0.763	
TEST set, SPE:	0.820	0.895	0.757	0.824	
[21-02-02 12:06:51-INFO] BEST_RECALL: 0.665, EPOCH:  33
[21-02-02 12:10:15-INFO] EPOCH: 39
[21-02-02 12:10:15-INFO] TRAIN_LOSS : 0.008, TIME: 203.4s
[21-02-02 12:10:33-INFO] VAL _RECALL: 1.000, TIME: 17.9s
[21-02-02 12:10:33-DEBUG] 
VAL  set, TITLE	CLS0	CLS1	CLS2	MEAN
VAL  set, REC:	1.000	1.000	1.000	1.000	
VAL  set, F1 :	1.000	1.000	1.000	1.000	
VAL  set, AUC:	1.000	1.000	1.000	1.000	
VAL  set, ACC:	1.000	1.000	1.000	1.000	
VAL  set, SPE:	1.000	1.000	1.000	1.000	
[21-02-02 12:10:51-INFO] TEST_RECALL: 0.614, TIME: 18.2s
[21-02-02 12:10:51-DEBUG] 
TEST set, TITLE	CLS0	CLS1	CLS2	MEAN
TEST set, REC:	0.839	0.304	0.698	0.614	
TEST set, F1 :	0.793	0.365	0.655	0.604	
TEST set, AUC:	0.885	0.745	0.899	0.843	
TEST set, ACC:	0.768	0.718	0.849	0.779	
TEST set, SPE:	0.689	0.868	0.888	0.815	
[21-02-02 12:10:51-INFO] BEST_RECALL: 0.665, EPOCH:  33
[21-02-02 12:14:15-INFO] EPOCH: 40
[21-02-02 12:14:15-INFO] TRAIN_LOSS : 0.011, TIME: 203.2s
[21-02-02 12:14:32-INFO] VAL _RECALL: 1.000, TIME: 18.0s
[21-02-02 12:14:32-DEBUG] 
VAL  set, TITLE	CLS0	CLS1	CLS2	MEAN
VAL  set, REC:	1.000	1.000	1.000	1.000	
VAL  set, F1 :	1.000	1.000	1.000	1.000	
VAL  set, AUC:	1.000	1.000	1.000	1.000	
VAL  set, ACC:	1.000	1.000	1.000	1.000	
VAL  set, SPE:	1.000	1.000	1.000	1.000	
[21-02-02 12:14:51-INFO] TEST_RECALL: 0.648, TIME: 18.2s
[21-02-02 12:14:51-DEBUG] 
TEST set, TITLE	CLS0	CLS1	CLS2	MEAN
TEST set, REC:	0.810	0.435	0.698	0.648	
TEST set, F1 :	0.804	0.451	0.679	0.645	
TEST set, AUC:	0.882	0.742	0.900	0.842	
TEST set, ACC:	0.792	0.718	0.865	0.792	
TEST set, SPE:	0.770	0.821	0.908	0.833	
[21-02-02 12:14:51-INFO] BEST_RECALL: 0.665, EPOCH:  33
[21-02-02 12:18:15-INFO] EPOCH: 41
[21-02-02 12:18:15-INFO] TRAIN_LOSS : 0.007, TIME: 203.3s
[21-02-02 12:18:33-INFO] VAL _RECALL: 1.000, TIME: 18.1s
[21-02-02 12:18:33-DEBUG] 
VAL  set, TITLE	CLS0	CLS1	CLS2	MEAN
VAL  set, REC:	1.000	1.000	1.000	1.000	
VAL  set, F1 :	1.000	1.000	1.000	1.000	
VAL  set, AUC:	1.000	1.000	1.000	1.000	
VAL  set, ACC:	1.000	1.000	1.000	1.000	
VAL  set, SPE:	1.000	1.000	1.000	1.000	
[21-02-02 12:18:51-INFO] TEST_RECALL: 0.622, TIME: 18.1s
[21-02-02 12:18:51-DEBUG] 
TEST set, TITLE	CLS0	CLS1	CLS2	MEAN
TEST set, REC:	0.825	0.304	0.736	0.622	
TEST set, F1 :	0.796	0.359	0.667	0.607	
TEST set, AUC:	0.885	0.751	0.903	0.846	
TEST set, ACC:	0.776	0.710	0.849	0.779	
TEST set, SPE:	0.721	0.858	0.879	0.819	
[21-02-02 12:18:51-INFO] BEST_RECALL: 0.665, EPOCH:  33
[21-02-02 12:22:15-INFO] EPOCH: 42
[21-02-02 12:22:15-INFO] TRAIN_LOSS : 0.006, TIME: 203.3s
[21-02-02 12:22:33-INFO] VAL _RECALL: 1.000, TIME: 18.0s
[21-02-02 12:22:33-DEBUG] 
VAL  set, TITLE	CLS0	CLS1	CLS2	MEAN
VAL  set, REC:	1.000	1.000	1.000	1.000	
VAL  set, F1 :	1.000	1.000	1.000	1.000	
VAL  set, AUC:	1.000	1.000	1.000	1.000	
VAL  set, ACC:	1.000	1.000	1.000	1.000	
VAL  set, SPE:	1.000	1.000	1.000	1.000	
[21-02-02 12:22:51-INFO] TEST_RECALL: 0.653, TIME: 18.1s
[21-02-02 12:22:51-DEBUG] 
TEST set, TITLE	CLS0	CLS1	CLS2	MEAN
TEST set, REC:	0.781	0.594	0.585	0.653	
TEST set, F1 :	0.808	0.519	0.653	0.660	
TEST set, AUC:	0.873	0.742	0.888	0.835	
TEST set, ACC:	0.803	0.707	0.873	0.794	
TEST set, SPE:	0.828	0.747	0.947	0.841	
[21-02-02 12:22:51-INFO] BEST_RECALL: 0.665, EPOCH:  33
[21-02-02 12:26:14-INFO] EPOCH: 43
[21-02-02 12:26:14-INFO] TRAIN_LOSS : 0.004, TIME: 203.2s
[21-02-02 12:26:32-INFO] VAL _RECALL: 1.000, TIME: 17.9s
[21-02-02 12:26:32-DEBUG] 
VAL  set, TITLE	CLS0	CLS1	CLS2	MEAN
VAL  set, REC:	1.000	1.000	1.000	1.000	
VAL  set, F1 :	1.000	1.000	1.000	1.000	
VAL  set, AUC:	1.000	1.000	1.000	1.000	
VAL  set, ACC:	1.000	1.000	1.000	1.000	
VAL  set, SPE:	1.000	1.000	1.000	1.000	
[21-02-02 12:26:50-INFO] TEST_RECALL: 0.650, TIME: 18.1s
[21-02-02 12:26:50-DEBUG] 
TEST set, TITLE	CLS0	CLS1	CLS2	MEAN
TEST set, REC:	0.803	0.449	0.698	0.650	
TEST set, F1 :	0.806	0.459	0.673	0.646	
TEST set, AUC:	0.881	0.743	0.891	0.838	
TEST set, ACC:	0.795	0.718	0.861	0.792	
TEST set, SPE:	0.787	0.816	0.903	0.835	
[21-02-02 12:26:51-INFO] BEST_RECALL: 0.665, EPOCH:  33
[21-02-02 12:30:14-INFO] EPOCH: 44
[21-02-02 12:30:14-INFO] TRAIN_LOSS : 0.003, TIME: 203.4s
[21-02-02 12:30:32-INFO] VAL _RECALL: 1.000, TIME: 18.1s
[21-02-02 12:30:32-DEBUG] 
VAL  set, TITLE	CLS0	CLS1	CLS2	MEAN
VAL  set, REC:	1.000	1.000	1.000	1.000	
VAL  set, F1 :	1.000	1.000	1.000	1.000	
VAL  set, AUC:	1.000	1.000	1.000	1.000	
VAL  set, ACC:	1.000	1.000	1.000	1.000	
VAL  set, SPE:	1.000	1.000	1.000	1.000	
[21-02-02 12:30:50-INFO] TEST_RECALL: 0.647, TIME: 18.1s
[21-02-02 12:30:50-DEBUG] 
TEST set, TITLE	CLS0	CLS1	CLS2	MEAN
TEST set, REC:	0.803	0.420	0.717	0.647	
TEST set, F1 :	0.803	0.450	0.661	0.638	
TEST set, AUC:	0.882	0.738	0.892	0.837	
TEST set, ACC:	0.792	0.726	0.849	0.789	
TEST set, SPE:	0.779	0.837	0.883	0.833	
[21-02-02 12:30:51-INFO] BEST_RECALL: 0.665, EPOCH:  33
[21-02-02 12:34:14-INFO] EPOCH: 45
[21-02-02 12:34:14-INFO] TRAIN_LOSS : 0.003, TIME: 203.2s
[21-02-02 12:34:32-INFO] VAL _RECALL: 1.000, TIME: 17.9s
[21-02-02 12:34:32-DEBUG] 
VAL  set, TITLE	CLS0	CLS1	CLS2	MEAN
VAL  set, REC:	1.000	1.000	1.000	1.000	
VAL  set, F1 :	1.000	1.000	1.000	1.000	
VAL  set, AUC:	1.000	1.000	1.000	1.000	
VAL  set, ACC:	1.000	1.000	1.000	1.000	
VAL  set, SPE:	1.000	1.000	1.000	1.000	
[21-02-02 12:34:50-INFO] TEST_RECALL: 0.626, TIME: 18.1s
[21-02-02 12:34:50-DEBUG] 
TEST set, TITLE	CLS0	CLS1	CLS2	MEAN
TEST set, REC:	0.839	0.377	0.660	0.626	
TEST set, F1 :	0.801	0.403	0.686	0.630	
TEST set, AUC:	0.878	0.741	0.898	0.839	
TEST set, ACC:	0.780	0.703	0.876	0.786	
TEST set, SPE:	0.713	0.821	0.932	0.822	
[21-02-02 12:34:51-INFO] BEST_RECALL: 0.665, EPOCH:  33
[21-02-02 12:38:14-INFO] EPOCH: 46
[21-02-02 12:38:14-INFO] TRAIN_LOSS : 0.003, TIME: 203.2s
[21-02-02 12:38:32-INFO] VAL _RECALL: 1.000, TIME: 17.9s
[21-02-02 12:38:32-DEBUG] 
VAL  set, TITLE	CLS0	CLS1	CLS2	MEAN
VAL  set, REC:	1.000	1.000	1.000	1.000	
VAL  set, F1 :	1.000	1.000	1.000	1.000	
VAL  set, AUC:	1.000	1.000	1.000	1.000	
VAL  set, ACC:	1.000	1.000	1.000	1.000	
VAL  set, SPE:	1.000	1.000	1.000	1.000	
[21-02-02 12:38:50-INFO] TEST_RECALL: 0.611, TIME: 18.1s
[21-02-02 12:38:50-DEBUG] 
TEST set, TITLE	CLS0	CLS1	CLS2	MEAN
TEST set, REC:	0.876	0.145	0.811	0.611	
TEST set, F1 :	0.795	0.222	0.683	0.566	
TEST set, AUC:	0.887	0.743	0.902	0.844	
TEST set, ACC:	0.761	0.730	0.846	0.779	
TEST set, SPE:	0.631	0.942	0.854	0.809	
[21-02-02 12:38:50-INFO] BEST_RECALL: 0.665, EPOCH:  33
[21-02-02 12:42:13-INFO] EPOCH: 47
[21-02-02 12:42:13-INFO] TRAIN_LOSS : 0.002, TIME: 203.3s
[21-02-02 12:42:31-INFO] VAL _RECALL: 1.000, TIME: 17.9s
[21-02-02 12:42:31-DEBUG] 
VAL  set, TITLE	CLS0	CLS1	CLS2	MEAN
VAL  set, REC:	1.000	1.000	1.000	1.000	
VAL  set, F1 :	1.000	1.000	1.000	1.000	
VAL  set, AUC:	1.000	1.000	1.000	1.000	
VAL  set, ACC:	1.000	1.000	1.000	1.000	
VAL  set, SPE:	1.000	1.000	1.000	1.000	
[21-02-02 12:42:49-INFO] TEST_RECALL: 0.619, TIME: 18.1s
[21-02-02 12:42:49-DEBUG] 
TEST set, TITLE	CLS0	CLS1	CLS2	MEAN
TEST set, REC:	0.847	0.275	0.736	0.619	
TEST set, F1 :	0.800	0.342	0.667	0.603	
TEST set, AUC:	0.883	0.742	0.898	0.841	
TEST set, ACC:	0.776	0.718	0.849	0.781	
TEST set, SPE:	0.697	0.879	0.879	0.818	
[21-02-02 12:42:50-INFO] BEST_RECALL: 0.665, EPOCH:  33
[21-02-02 12:46:13-INFO] EPOCH: 48
[21-02-02 12:46:13-INFO] TRAIN_LOSS : 0.002, TIME: 203.2s
[21-02-02 12:46:31-INFO] VAL _RECALL: 1.000, TIME: 17.9s
[21-02-02 12:46:31-DEBUG] 
VAL  set, TITLE	CLS0	CLS1	CLS2	MEAN
VAL  set, REC:	1.000	1.000	1.000	1.000	
VAL  set, F1 :	1.000	1.000	1.000	1.000	
VAL  set, AUC:	1.000	1.000	1.000	1.000	
VAL  set, ACC:	1.000	1.000	1.000	1.000	
VAL  set, SPE:	1.000	1.000	1.000	1.000	
[21-02-02 12:46:49-INFO] TEST_RECALL: 0.631, TIME: 18.1s
[21-02-02 12:46:49-DEBUG] 
TEST set, TITLE	CLS0	CLS1	CLS2	MEAN
TEST set, REC:	0.825	0.333	0.736	0.631	
TEST set, F1 :	0.799	0.387	0.672	0.619	
TEST set, AUC:	0.880	0.740	0.895	0.838	
TEST set, ACC:	0.780	0.718	0.853	0.784	
TEST set, SPE:	0.730	0.858	0.883	0.824	
[21-02-02 12:46:50-INFO] BEST_RECALL: 0.665, EPOCH:  33
[21-02-02 12:50:13-INFO] EPOCH: 49
[21-02-02 12:50:13-INFO] TRAIN_LOSS : 0.002, TIME: 203.3s
[21-02-02 12:50:31-INFO] VAL _RECALL: 1.000, TIME: 18.1s
[21-02-02 12:50:31-DEBUG] 
VAL  set, TITLE	CLS0	CLS1	CLS2	MEAN
VAL  set, REC:	1.000	1.000	1.000	1.000	
VAL  set, F1 :	1.000	1.000	1.000	1.000	
VAL  set, AUC:	1.000	1.000	1.000	1.000	
VAL  set, ACC:	1.000	1.000	1.000	1.000	
VAL  set, SPE:	1.000	1.000	1.000	1.000	
[21-02-02 12:50:49-INFO] TEST_RECALL: 0.605, TIME: 18.1s
[21-02-02 12:50:49-DEBUG] 
TEST set, TITLE	CLS0	CLS1	CLS2	MEAN
TEST set, REC:	0.839	0.145	0.830	0.605	
TEST set, F1 :	0.793	0.217	0.647	0.553	
TEST set, AUC:	0.885	0.742	0.903	0.844	
TEST set, ACC:	0.768	0.722	0.815	0.768	
TEST set, SPE:	0.689	0.932	0.811	0.810	
[21-02-02 12:50:50-INFO] BEST_RECALL: 0.665, EPOCH:  33
[21-02-02 12:54:13-INFO] EPOCH: 50
[21-02-02 12:54:13-INFO] TRAIN_LOSS : 0.002, TIME: 203.5s
[21-02-02 12:54:31-INFO] VAL _RECALL: 1.000, TIME: 18.1s
[21-02-02 12:54:31-DEBUG] 
VAL  set, TITLE	CLS0	CLS1	CLS2	MEAN
VAL  set, REC:	1.000	1.000	1.000	1.000	
VAL  set, F1 :	1.000	1.000	1.000	1.000	
VAL  set, AUC:	1.000	1.000	1.000	1.000	
VAL  set, ACC:	1.000	1.000	1.000	1.000	
VAL  set, SPE:	1.000	1.000	1.000	1.000	
[21-02-02 12:54:49-INFO] TEST_RECALL: 0.638, TIME: 18.1s
[21-02-02 12:54:49-DEBUG] 
TEST set, TITLE	CLS0	CLS1	CLS2	MEAN
TEST set, REC:	0.825	0.391	0.698	0.638	
TEST set, F1 :	0.799	0.422	0.692	0.637	
TEST set, AUC:	0.875	0.741	0.898	0.838	
TEST set, ACC:	0.780	0.714	0.873	0.789	
TEST set, SPE:	0.730	0.832	0.917	0.826	
[21-02-02 12:54:50-INFO] BEST_RECALL: 0.665, EPOCH:  33
[21-02-02 12:58:13-INFO] EPOCH: 51
[21-02-02 12:58:13-INFO] TRAIN_LOSS : 0.001, TIME: 203.3s
[21-02-02 12:58:31-INFO] VAL _RECALL: 1.000, TIME: 17.9s
[21-02-02 12:58:31-DEBUG] 
VAL  set, TITLE	CLS0	CLS1	CLS2	MEAN
VAL  set, REC:	1.000	1.000	1.000	1.000	
VAL  set, F1 :	1.000	1.000	1.000	1.000	
VAL  set, AUC:	1.000	1.000	1.000	1.000	
VAL  set, ACC:	1.000	1.000	1.000	1.000	
VAL  set, SPE:	1.000	1.000	1.000	1.000	
[21-02-02 12:58:49-INFO] TEST_RECALL: 0.635, TIME: 18.1s
[21-02-02 12:58:49-DEBUG] 
TEST set, TITLE	CLS0	CLS1	CLS2	MEAN
TEST set, REC:	0.847	0.304	0.755	0.635	
TEST set, F1 :	0.806	0.378	0.672	0.619	
TEST set, AUC:	0.881	0.749	0.896	0.842	
TEST set, ACC:	0.784	0.734	0.849	0.789	
TEST set, SPE:	0.713	0.889	0.874	0.825	
[21-02-02 12:58:49-INFO] BEST_RECALL: 0.665, EPOCH:  33
[21-02-02 13:02:13-INFO] EPOCH: 52
[21-02-02 13:02:13-INFO] TRAIN_LOSS : 0.001, TIME: 203.5s
[21-02-02 13:02:31-INFO] VAL _RECALL: 1.000, TIME: 18.0s
[21-02-02 13:02:31-DEBUG] 
VAL  set, TITLE	CLS0	CLS1	CLS2	MEAN
VAL  set, REC:	1.000	1.000	1.000	1.000	
VAL  set, F1 :	1.000	1.000	1.000	1.000	
VAL  set, AUC:	1.000	1.000	1.000	1.000	
VAL  set, ACC:	1.000	1.000	1.000	1.000	
VAL  set, SPE:	1.000	1.000	1.000	1.000	
[21-02-02 13:02:49-INFO] TEST_RECALL: 0.614, TIME: 18.1s
[21-02-02 13:02:49-DEBUG] 
TEST set, TITLE	CLS0	CLS1	CLS2	MEAN
TEST set, REC:	0.876	0.362	0.604	0.614	
TEST set, F1 :	0.800	0.407	0.674	0.627	
TEST set, AUC:	0.875	0.733	0.900	0.836	
TEST set, ACC:	0.768	0.718	0.880	0.789	
TEST set, SPE:	0.648	0.847	0.951	0.815	
[21-02-02 13:02:50-INFO] BEST_RECALL: 0.665, EPOCH:  33
[21-02-02 13:06:13-INFO] EPOCH: 53
[21-02-02 13:06:13-INFO] TRAIN_LOSS : 0.001, TIME: 203.2s
[21-02-02 13:06:31-INFO] VAL _RECALL: 1.000, TIME: 18.0s
[21-02-02 13:06:31-DEBUG] 
VAL  set, TITLE	CLS0	CLS1	CLS2	MEAN
VAL  set, REC:	1.000	1.000	1.000	1.000	
VAL  set, F1 :	1.000	1.000	1.000	1.000	
VAL  set, AUC:	1.000	1.000	1.000	1.000	
VAL  set, ACC:	1.000	1.000	1.000	1.000	
VAL  set, SPE:	1.000	1.000	1.000	1.000	
[21-02-02 13:06:49-INFO] TEST_RECALL: 0.622, TIME: 18.1s
[21-02-02 13:06:49-DEBUG] 
TEST set, TITLE	CLS0	CLS1	CLS2	MEAN
TEST set, REC:	0.854	0.275	0.736	0.622	
TEST set, F1 :	0.799	0.342	0.684	0.608	
TEST set, AUC:	0.882	0.745	0.901	0.843	
TEST set, ACC:	0.772	0.718	0.861	0.784	
TEST set, SPE:	0.680	0.879	0.893	0.817	
[21-02-02 13:06:49-INFO] BEST_RECALL: 0.665, EPOCH:  33
[21-02-02 13:10:13-INFO] EPOCH: 54
[21-02-02 13:10:13-INFO] TRAIN_LOSS : 0.001, TIME: 203.3s
[21-02-02 13:10:31-INFO] VAL _RECALL: 1.000, TIME: 17.9s
[21-02-02 13:10:31-DEBUG] 
VAL  set, TITLE	CLS0	CLS1	CLS2	MEAN
VAL  set, REC:	1.000	1.000	1.000	1.000	
VAL  set, F1 :	1.000	1.000	1.000	1.000	
VAL  set, AUC:	1.000	1.000	1.000	1.000	
VAL  set, ACC:	1.000	1.000	1.000	1.000	
VAL  set, SPE:	1.000	1.000	1.000	1.000	
[21-02-02 13:10:49-INFO] TEST_RECALL: 0.650, TIME: 18.1s
[21-02-02 13:10:49-DEBUG] 
TEST set, TITLE	CLS0	CLS1	CLS2	MEAN
TEST set, REC:	0.810	0.478	0.660	0.650	
TEST set, F1 :	0.799	0.475	0.693	0.655	
TEST set, AUC:	0.873	0.741	0.896	0.837	
TEST set, ACC:	0.784	0.718	0.880	0.794	
TEST set, SPE:	0.754	0.805	0.937	0.832	
[21-02-02 13:10:49-INFO] BEST_RECALL: 0.665, EPOCH:  33
[21-02-02 13:14:13-INFO] EPOCH: 55
[21-02-02 13:14:13-INFO] TRAIN_LOSS : 0.001, TIME: 203.5s
[21-02-02 13:14:31-INFO] VAL _RECALL: 1.000, TIME: 18.0s
[21-02-02 13:14:31-DEBUG] 
VAL  set, TITLE	CLS0	CLS1	CLS2	MEAN
VAL  set, REC:	1.000	1.000	1.000	1.000	
VAL  set, F1 :	1.000	1.000	1.000	1.000	
VAL  set, AUC:	1.000	1.000	1.000	1.000	
VAL  set, ACC:	1.000	1.000	1.000	1.000	
VAL  set, SPE:	1.000	1.000	1.000	1.000	
[21-02-02 13:14:49-INFO] TEST_RECALL: 0.603, TIME: 18.1s
[21-02-02 13:14:49-DEBUG] 
TEST set, TITLE	CLS0	CLS1	CLS2	MEAN
TEST set, REC:	0.876	0.159	0.774	0.603	
TEST set, F1 :	0.800	0.232	0.667	0.566	
TEST set, AUC:	0.885	0.741	0.904	0.843	
TEST set, ACC:	0.768	0.718	0.842	0.776	
TEST set, SPE:	0.648	0.921	0.859	0.809	
[21-02-02 13:14:49-INFO] BEST_RECALL: 0.665, EPOCH:  33
[21-02-02 13:18:12-INFO] EPOCH: 56
[21-02-02 13:18:12-INFO] TRAIN_LOSS : 0.102, TIME: 203.3s
[21-02-02 13:18:30-INFO] VAL _RECALL: 0.676, TIME: 18.1s
[21-02-02 13:18:30-DEBUG] 
VAL  set, TITLE	CLS0	CLS1	CLS2	MEAN
VAL  set, REC:	1.000	0.027	1.000	0.676	
VAL  set, F1 :	0.794	0.052	0.949	0.598	
VAL  set, AUC:	0.994	1.000	1.000	0.998	
VAL  set, ACC:	0.742	0.719	0.977	0.813	
VAL  set, SPE:	0.489	1.000	0.971	0.820	
[21-02-02 13:18:49-INFO] TEST_RECALL: 0.500, TIME: 18.2s
[21-02-02 13:18:49-DEBUG] 
TEST set, TITLE	CLS0	CLS1	CLS2	MEAN
TEST set, REC:	0.971	0.000	0.528	0.500	
TEST set, F1 :	0.762	0.000	0.560	0.441	
TEST set, AUC:	0.855	0.716	0.877	0.816	
TEST set, ACC:	0.680	0.734	0.830	0.748	
TEST set, SPE:	0.352	1.000	0.908	0.753	
[21-02-02 13:18:49-INFO] BEST_RECALL: 0.665, EPOCH:  33
[21-02-02 13:22:12-INFO] EPOCH: 57
[21-02-02 13:22:12-INFO] TRAIN_LOSS : 0.088, TIME: 203.2s
[21-02-02 13:22:30-INFO] VAL _RECALL: 1.000, TIME: 18.0s
[21-02-02 13:22:30-DEBUG] 
VAL  set, TITLE	CLS0	CLS1	CLS2	MEAN
VAL  set, REC:	1.000	1.000	1.000	1.000	
VAL  set, F1 :	1.000	1.000	1.000	1.000	
VAL  set, AUC:	1.000	1.000	1.000	1.000	
VAL  set, ACC:	1.000	1.000	1.000	1.000	
VAL  set, SPE:	1.000	1.000	1.000	1.000	
[21-02-02 13:22:48-INFO] TEST_RECALL: 0.609, TIME: 18.2s
[21-02-02 13:22:48-DEBUG] 
TEST set, TITLE	CLS0	CLS1	CLS2	MEAN
TEST set, REC:	0.861	0.116	0.849	0.609	
TEST set, F1 :	0.803	0.195	0.634	0.544	
TEST set, AUC:	0.881	0.739	0.903	0.841	
TEST set, ACC:	0.776	0.745	0.799	0.773	
TEST set, SPE:	0.680	0.974	0.786	0.813	
[21-02-02 13:22:49-INFO] BEST_RECALL: 0.665, EPOCH:  33
[21-02-02 13:26:12-INFO] EPOCH: 58
[21-02-02 13:26:12-INFO] TRAIN_LOSS : 0.012, TIME: 203.1s
[21-02-02 13:26:30-INFO] VAL _RECALL: 0.362, TIME: 18.0s
[21-02-02 13:26:30-DEBUG] 
VAL  set, TITLE	CLS0	CLS1	CLS2	MEAN
VAL  set, REC:	0.085	0.000	1.000	0.362	
VAL  set, F1 :	0.157	0.000	0.367	0.175	
VAL  set, AUC:	1.000	1.000	0.998	0.999	
VAL  set, ACC:	0.546	0.712	0.258	0.505	
VAL  set, SPE:	1.000	1.000	0.054	0.685	
[21-02-02 13:26:48-INFO] TEST_RECALL: 0.348, TIME: 18.1s
[21-02-02 13:26:48-DEBUG] 
TEST set, TITLE	CLS0	CLS1	CLS2	MEAN
TEST set, REC:	0.044	0.000	1.000	0.348	
TEST set, F1 :	0.084	0.000	0.346	0.143	
TEST set, AUC:	0.856	0.692	0.882	0.810	
TEST set, ACC:	0.494	0.734	0.228	0.485	
TEST set, SPE:	1.000	1.000	0.029	0.676	
[21-02-02 13:26:48-INFO] BEST_RECALL: 0.665, EPOCH:  33
[21-02-02 13:30:12-INFO] EPOCH: 59
[21-02-02 13:30:12-INFO] TRAIN_LOSS : 0.062, TIME: 203.3s
[21-02-02 13:30:30-INFO] VAL _RECALL: 1.000, TIME: 17.9s
[21-02-02 13:30:30-DEBUG] 
VAL  set, TITLE	CLS0	CLS1	CLS2	MEAN
VAL  set, REC:	1.000	1.000	1.000	1.000	
VAL  set, F1 :	1.000	1.000	1.000	1.000	
VAL  set, AUC:	1.000	1.000	1.000	1.000	
VAL  set, ACC:	1.000	1.000	1.000	1.000	
VAL  set, SPE:	1.000	1.000	1.000	1.000	
[21-02-02 13:30:48-INFO] TEST_RECALL: 0.521, TIME: 18.2s
[21-02-02 13:30:48-DEBUG] 
TEST set, TITLE	CLS0	CLS1	CLS2	MEAN
TEST set, REC:	0.774	0.638	0.151	0.521	
TEST set, F1 :	0.768	0.489	0.258	0.505	
TEST set, AUC:	0.849	0.701	0.876	0.809	
TEST set, ACC:	0.753	0.645	0.822	0.740	
TEST set, SPE:	0.730	0.647	0.995	0.791	
[21-02-02 13:30:48-INFO] BEST_RECALL: 0.665, EPOCH:  33
[21-02-02 13:34:11-INFO] EPOCH: 60
[21-02-02 13:34:11-INFO] TRAIN_LOSS : 0.025, TIME: 203.0s
[21-02-02 13:34:29-INFO] VAL _RECALL: 1.000, TIME: 18.0s
[21-02-02 13:34:29-DEBUG] 
VAL  set, TITLE	CLS0	CLS1	CLS2	MEAN
VAL  set, REC:	1.000	1.000	1.000	1.000	
VAL  set, F1 :	1.000	1.000	1.000	1.000	
VAL  set, AUC:	1.000	1.000	1.000	1.000	
VAL  set, ACC:	1.000	1.000	1.000	1.000	
VAL  set, SPE:	1.000	1.000	1.000	1.000	
[21-02-02 13:34:47-INFO] TEST_RECALL: 0.622, TIME: 18.1s
[21-02-02 13:34:47-DEBUG] 
TEST set, TITLE	CLS0	CLS1	CLS2	MEAN
TEST set, REC:	0.825	0.362	0.679	0.622	
TEST set, F1 :	0.793	0.391	0.686	0.623	
TEST set, AUC:	0.872	0.717	0.892	0.827	
TEST set, ACC:	0.772	0.699	0.873	0.781	
TEST set, SPE:	0.713	0.821	0.922	0.819	
[21-02-02 13:34:48-INFO] BEST_RECALL: 0.665, EPOCH:  33
[21-02-02 13:38:11-INFO] EPOCH: 61
[21-02-02 13:38:11-INFO] TRAIN_LOSS : 0.005, TIME: 203.0s
[21-02-02 13:38:29-INFO] VAL _RECALL: 1.000, TIME: 18.0s
[21-02-02 13:38:29-DEBUG] 
VAL  set, TITLE	CLS0	CLS1	CLS2	MEAN
VAL  set, REC:	1.000	1.000	1.000	1.000	
VAL  set, F1 :	1.000	1.000	1.000	1.000	
VAL  set, AUC:	1.000	1.000	1.000	1.000	
VAL  set, ACC:	1.000	1.000	1.000	1.000	
VAL  set, SPE:	1.000	1.000	1.000	1.000	
[21-02-02 13:38:47-INFO] TEST_RECALL: 0.624, TIME: 18.2s
[21-02-02 13:38:47-DEBUG] 
TEST set, TITLE	CLS0	CLS1	CLS2	MEAN
TEST set, REC:	0.774	0.420	0.679	0.624	
TEST set, F1 :	0.782	0.417	0.667	0.622	
TEST set, AUC:	0.876	0.721	0.893	0.830	
TEST set, ACC:	0.772	0.687	0.861	0.773	
TEST set, SPE:	0.770	0.784	0.908	0.821	
[21-02-02 13:38:47-INFO] BEST_RECALL: 0.665, EPOCH:  33
[21-02-02 13:42:11-INFO] EPOCH: 62
[21-02-02 13:42:11-INFO] TRAIN_LOSS : 0.004, TIME: 203.2s
[21-02-02 13:42:29-INFO] VAL _RECALL: 1.000, TIME: 18.0s
[21-02-02 13:42:29-DEBUG] 
VAL  set, TITLE	CLS0	CLS1	CLS2	MEAN
VAL  set, REC:	1.000	1.000	1.000	1.000	
VAL  set, F1 :	1.000	1.000	1.000	1.000	
VAL  set, AUC:	1.000	1.000	1.000	1.000	
VAL  set, ACC:	1.000	1.000	1.000	1.000	
VAL  set, SPE:	1.000	1.000	1.000	1.000	
[21-02-02 13:42:47-INFO] TEST_RECALL: 0.620, TIME: 18.2s
[21-02-02 13:42:47-DEBUG] 
TEST set, TITLE	CLS0	CLS1	CLS2	MEAN
TEST set, REC:	0.861	0.319	0.679	0.620	
TEST set, F1 :	0.805	0.367	0.686	0.619	
TEST set, AUC:	0.880	0.729	0.899	0.836	
TEST set, ACC:	0.780	0.707	0.873	0.786	
TEST set, SPE:	0.689	0.847	0.922	0.819	
[21-02-02 13:42:47-INFO] BEST_RECALL: 0.665, EPOCH:  33
[21-02-02 13:46:10-INFO] EPOCH: 63
[21-02-02 13:46:10-INFO] TRAIN_LOSS : 0.003, TIME: 203.1s
[21-02-02 13:46:28-INFO] VAL _RECALL: 1.000, TIME: 17.8s
[21-02-02 13:46:28-DEBUG] 
VAL  set, TITLE	CLS0	CLS1	CLS2	MEAN
VAL  set, REC:	1.000	1.000	1.000	1.000	
VAL  set, F1 :	1.000	1.000	1.000	1.000	
VAL  set, AUC:	1.000	1.000	1.000	1.000	
VAL  set, ACC:	1.000	1.000	1.000	1.000	
VAL  set, SPE:	1.000	1.000	1.000	1.000	
[21-02-02 13:46:46-INFO] TEST_RECALL: 0.635, TIME: 18.0s
[21-02-02 13:46:46-DEBUG] 
TEST set, TITLE	CLS0	CLS1	CLS2	MEAN
TEST set, REC:	0.788	0.493	0.623	0.635	
TEST set, F1 :	0.788	0.469	0.667	0.641	
TEST set, AUC:	0.877	0.733	0.889	0.833	
TEST set, ACC:	0.776	0.703	0.873	0.784	
TEST set, SPE:	0.762	0.779	0.937	0.826	
[21-02-02 13:46:46-INFO] BEST_RECALL: 0.665, EPOCH:  33
[21-02-02 13:50:10-INFO] EPOCH: 64
[21-02-02 13:50:10-INFO] TRAIN_LOSS : 0.002, TIME: 203.0s
[21-02-02 13:50:27-INFO] VAL _RECALL: 1.000, TIME: 17.9s
[21-02-02 13:50:27-DEBUG] 
VAL  set, TITLE	CLS0	CLS1	CLS2	MEAN
VAL  set, REC:	1.000	1.000	1.000	1.000	
VAL  set, F1 :	1.000	1.000	1.000	1.000	
VAL  set, AUC:	1.000	1.000	1.000	1.000	
VAL  set, ACC:	1.000	1.000	1.000	1.000	
VAL  set, SPE:	1.000	1.000	1.000	1.000	
[21-02-02 13:50:46-INFO] TEST_RECALL: 0.637, TIME: 18.1s
[21-02-02 13:50:46-DEBUG] 
TEST set, TITLE	CLS0	CLS1	CLS2	MEAN
TEST set, REC:	0.839	0.449	0.623	0.637	
TEST set, F1 :	0.801	0.459	0.688	0.649	
TEST set, AUC:	0.879	0.732	0.895	0.836	
TEST set, ACC:	0.780	0.718	0.884	0.794	
TEST set, SPE:	0.713	0.816	0.951	0.827	
[21-02-02 13:50:46-INFO] BEST_RECALL: 0.665, EPOCH:  33
[21-02-02 13:54:09-INFO] EPOCH: 65
[21-02-02 13:54:09-INFO] TRAIN_LOSS : 0.002, TIME: 203.1s
[21-02-02 13:54:27-INFO] VAL _RECALL: 1.000, TIME: 17.9s
[21-02-02 13:54:27-DEBUG] 
VAL  set, TITLE	CLS0	CLS1	CLS2	MEAN
VAL  set, REC:	1.000	1.000	1.000	1.000	
VAL  set, F1 :	1.000	1.000	1.000	1.000	
VAL  set, AUC:	1.000	1.000	1.000	1.000	
VAL  set, ACC:	1.000	1.000	1.000	1.000	
VAL  set, SPE:	1.000	1.000	1.000	1.000	
[21-02-02 13:54:45-INFO] TEST_RECALL: 0.640, TIME: 18.1s
[21-02-02 13:54:45-DEBUG] 
TEST set, TITLE	CLS0	CLS1	CLS2	MEAN
TEST set, REC:	0.847	0.449	0.623	0.640	
TEST set, F1 :	0.806	0.463	0.688	0.652	
TEST set, AUC:	0.879	0.733	0.893	0.835	
TEST set, ACC:	0.784	0.722	0.884	0.797	
TEST set, SPE:	0.713	0.821	0.951	0.829	
[21-02-02 13:54:46-INFO] BEST_RECALL: 0.665, EPOCH:  33
[21-02-02 13:58:09-INFO] EPOCH: 66
[21-02-02 13:58:09-INFO] TRAIN_LOSS : 0.002, TIME: 203.2s
[21-02-02 13:58:27-INFO] VAL _RECALL: 1.000, TIME: 18.0s
[21-02-02 13:58:27-DEBUG] 
VAL  set, TITLE	CLS0	CLS1	CLS2	MEAN
VAL  set, REC:	1.000	1.000	1.000	1.000	
VAL  set, F1 :	1.000	1.000	1.000	1.000	
VAL  set, AUC:	1.000	1.000	1.000	1.000	
VAL  set, ACC:	1.000	1.000	1.000	1.000	
VAL  set, SPE:	1.000	1.000	1.000	1.000	
[21-02-02 13:58:45-INFO] TEST_RECALL: 0.620, TIME: 18.2s
[21-02-02 13:58:45-DEBUG] 
TEST set, TITLE	CLS0	CLS1	CLS2	MEAN
TEST set, REC:	0.861	0.377	0.623	0.620	
TEST set, F1 :	0.805	0.409	0.673	0.629	
TEST set, AUC:	0.881	0.733	0.896	0.837	
TEST set, ACC:	0.780	0.710	0.876	0.789	
TEST set, SPE:	0.689	0.832	0.942	0.821	
[21-02-02 13:58:45-INFO] BEST_RECALL: 0.665, EPOCH:  33
[21-02-02 14:02:08-INFO] EPOCH: 67
[21-02-02 14:02:08-INFO] TRAIN_LOSS : 0.002, TIME: 203.0s
[21-02-02 14:02:26-INFO] VAL _RECALL: 1.000, TIME: 17.9s
[21-02-02 14:02:26-DEBUG] 
VAL  set, TITLE	CLS0	CLS1	CLS2	MEAN
VAL  set, REC:	1.000	1.000	1.000	1.000	
VAL  set, F1 :	1.000	1.000	1.000	1.000	
VAL  set, AUC:	1.000	1.000	1.000	1.000	
VAL  set, ACC:	1.000	1.000	1.000	1.000	
VAL  set, SPE:	1.000	1.000	1.000	1.000	
[21-02-02 14:02:45-INFO] TEST_RECALL: 0.637, TIME: 18.2s
[21-02-02 14:02:45-DEBUG] 
TEST set, TITLE	CLS0	CLS1	CLS2	MEAN
TEST set, REC:	0.788	0.464	0.660	0.637	
TEST set, F1 :	0.794	0.457	0.660	0.637	
TEST set, AUC:	0.879	0.740	0.891	0.837	
TEST set, ACC:	0.784	0.707	0.861	0.784	
TEST set, SPE:	0.779	0.795	0.913	0.829	
[21-02-02 14:02:45-INFO] BEST_RECALL: 0.665, EPOCH:  33
[21-02-02 14:06:08-INFO] EPOCH: 68
[21-02-02 14:06:08-INFO] TRAIN_LOSS : 0.001, TIME: 203.2s
[21-02-02 14:06:26-INFO] VAL _RECALL: 1.000, TIME: 18.0s
[21-02-02 14:06:26-DEBUG] 
VAL  set, TITLE	CLS0	CLS1	CLS2	MEAN
VAL  set, REC:	1.000	1.000	1.000	1.000	
VAL  set, F1 :	1.000	1.000	1.000	1.000	
VAL  set, AUC:	1.000	1.000	1.000	1.000	
VAL  set, ACC:	1.000	1.000	1.000	1.000	
VAL  set, SPE:	1.000	1.000	1.000	1.000	
[21-02-02 14:06:44-INFO] TEST_RECALL: 0.637, TIME: 18.1s
[21-02-02 14:06:44-DEBUG] 
TEST set, TITLE	CLS0	CLS1	CLS2	MEAN
TEST set, REC:	0.796	0.493	0.623	0.637	
TEST set, F1 :	0.793	0.472	0.667	0.644	
TEST set, AUC:	0.879	0.742	0.891	0.837	
TEST set, ACC:	0.780	0.707	0.873	0.786	
TEST set, SPE:	0.762	0.784	0.937	0.828	
[21-02-02 14:06:45-INFO] BEST_RECALL: 0.665, EPOCH:  33
[21-02-02 14:10:08-INFO] EPOCH: 69
[21-02-02 14:10:08-INFO] TRAIN_LOSS : 0.001, TIME: 203.2s
[21-02-02 14:10:26-INFO] VAL _RECALL: 1.000, TIME: 18.0s
[21-02-02 14:10:26-DEBUG] 
VAL  set, TITLE	CLS0	CLS1	CLS2	MEAN
VAL  set, REC:	1.000	1.000	1.000	1.000	
VAL  set, F1 :	1.000	1.000	1.000	1.000	
VAL  set, AUC:	1.000	1.000	1.000	1.000	
VAL  set, ACC:	1.000	1.000	1.000	1.000	
VAL  set, SPE:	1.000	1.000	1.000	1.000	
[21-02-02 14:10:44-INFO] TEST_RECALL: 0.643, TIME: 18.2s
[21-02-02 14:10:44-DEBUG] 
TEST set, TITLE	CLS0	CLS1	CLS2	MEAN
TEST set, REC:	0.825	0.464	0.642	0.643	
TEST set, F1 :	0.801	0.471	0.680	0.651	
TEST set, AUC:	0.878	0.738	0.894	0.837	
TEST set, ACC:	0.784	0.722	0.876	0.794	
TEST set, SPE:	0.738	0.816	0.937	0.830	
[21-02-02 14:10:45-INFO] BEST_RECALL: 0.665, EPOCH:  33
[21-02-02 14:14:08-INFO] EPOCH: 70
[21-02-02 14:14:08-INFO] TRAIN_LOSS : 0.001, TIME: 203.3s
[21-02-02 14:14:26-INFO] VAL _RECALL: 1.000, TIME: 18.1s
[21-02-02 14:14:26-DEBUG] 
VAL  set, TITLE	CLS0	CLS1	CLS2	MEAN
VAL  set, REC:	1.000	1.000	1.000	1.000	
VAL  set, F1 :	1.000	1.000	1.000	1.000	
VAL  set, AUC:	1.000	1.000	1.000	1.000	
VAL  set, ACC:	1.000	1.000	1.000	1.000	
VAL  set, SPE:	1.000	1.000	1.000	1.000	
[21-02-02 14:14:44-INFO] TEST_RECALL: 0.639, TIME: 18.1s
[21-02-02 14:14:44-DEBUG] 
TEST set, TITLE	CLS0	CLS1	CLS2	MEAN
TEST set, REC:	0.818	0.478	0.623	0.639	
TEST set, F1 :	0.800	0.468	0.680	0.649	
TEST set, AUC:	0.876	0.738	0.894	0.836	
TEST set, ACC:	0.784	0.710	0.880	0.792	
TEST set, SPE:	0.746	0.795	0.947	0.829	
[21-02-02 14:14:45-INFO] BEST_RECALL: 0.665, EPOCH:  33
[21-02-02 14:18:08-INFO] EPOCH: 71
[21-02-02 14:18:08-INFO] TRAIN_LOSS : 0.001, TIME: 203.1s
[21-02-02 14:18:26-INFO] VAL _RECALL: 1.000, TIME: 17.9s
[21-02-02 14:18:26-DEBUG] 
VAL  set, TITLE	CLS0	CLS1	CLS2	MEAN
VAL  set, REC:	1.000	1.000	1.000	1.000	
VAL  set, F1 :	1.000	1.000	1.000	1.000	
VAL  set, AUC:	1.000	1.000	1.000	1.000	
VAL  set, ACC:	1.000	1.000	1.000	1.000	
VAL  set, SPE:	1.000	1.000	1.000	1.000	
[21-02-02 14:18:44-INFO] TEST_RECALL: 0.646, TIME: 18.1s
[21-02-02 14:18:44-DEBUG] 
TEST set, TITLE	CLS0	CLS1	CLS2	MEAN
TEST set, REC:	0.818	0.478	0.642	0.646	
TEST set, F1 :	0.803	0.475	0.680	0.653	
TEST set, AUC:	0.877	0.737	0.892	0.835	
TEST set, ACC:	0.788	0.718	0.876	0.794	
TEST set, SPE:	0.754	0.805	0.937	0.832	
[21-02-02 14:18:44-INFO] BEST_RECALL: 0.665, EPOCH:  33
[21-02-02 14:22:08-INFO] EPOCH: 72
[21-02-02 14:22:08-INFO] TRAIN_LOSS : 0.001, TIME: 203.2s
[21-02-02 14:22:26-INFO] VAL _RECALL: 1.000, TIME: 18.0s
[21-02-02 14:22:26-DEBUG] 
VAL  set, TITLE	CLS0	CLS1	CLS2	MEAN
VAL  set, REC:	1.000	1.000	1.000	1.000	
VAL  set, F1 :	1.000	1.000	1.000	1.000	
VAL  set, AUC:	1.000	1.000	1.000	1.000	
VAL  set, ACC:	1.000	1.000	1.000	1.000	
VAL  set, SPE:	1.000	1.000	1.000	1.000	
[21-02-02 14:22:44-INFO] TEST_RECALL: 0.634, TIME: 18.1s
[21-02-02 14:22:44-DEBUG] 
TEST set, TITLE	CLS0	CLS1	CLS2	MEAN
TEST set, REC:	0.832	0.391	0.679	0.634	
TEST set, F1 :	0.800	0.422	0.686	0.636	
TEST set, AUC:	0.880	0.738	0.895	0.838	
TEST set, ACC:	0.780	0.714	0.873	0.789	
TEST set, SPE:	0.721	0.832	0.922	0.825	
[21-02-02 14:22:44-INFO] BEST_RECALL: 0.665, EPOCH:  33
[21-02-02 14:26:07-INFO] EPOCH: 73
[21-02-02 14:26:07-INFO] TRAIN_LOSS : 0.001, TIME: 203.2s
[21-02-02 14:26:25-INFO] VAL _RECALL: 1.000, TIME: 18.0s
[21-02-02 14:26:25-DEBUG] 
VAL  set, TITLE	CLS0	CLS1	CLS2	MEAN
VAL  set, REC:	1.000	1.000	1.000	1.000	
VAL  set, F1 :	1.000	1.000	1.000	1.000	
VAL  set, AUC:	1.000	1.000	1.000	1.000	
VAL  set, ACC:	1.000	1.000	1.000	1.000	
VAL  set, SPE:	1.000	1.000	1.000	1.000	
[21-02-02 14:26:43-INFO] TEST_RECALL: 0.614, TIME: 18.1s
[21-02-02 14:26:43-DEBUG] 
TEST set, TITLE	CLS0	CLS1	CLS2	MEAN
TEST set, REC:	0.839	0.362	0.642	0.614	
TEST set, F1 :	0.793	0.391	0.680	0.621	
TEST set, AUC:	0.879	0.736	0.897	0.837	
TEST set, ACC:	0.768	0.699	0.876	0.781	
TEST set, SPE:	0.689	0.821	0.937	0.815	
[21-02-02 14:26:44-INFO] BEST_RECALL: 0.665, EPOCH:  33
[21-02-02 14:30:07-INFO] EPOCH: 74
[21-02-02 14:30:07-INFO] TRAIN_LOSS : 0.001, TIME: 203.2s
[21-02-02 14:30:25-INFO] VAL _RECALL: 1.000, TIME: 17.9s
[21-02-02 14:30:25-DEBUG] 
VAL  set, TITLE	CLS0	CLS1	CLS2	MEAN
VAL  set, REC:	1.000	1.000	1.000	1.000	
VAL  set, F1 :	1.000	1.000	1.000	1.000	
VAL  set, AUC:	1.000	1.000	1.000	1.000	
VAL  set, ACC:	1.000	1.000	1.000	1.000	
VAL  set, SPE:	1.000	1.000	1.000	1.000	
[21-02-02 14:30:43-INFO] TEST_RECALL: 0.632, TIME: 18.1s
[21-02-02 14:30:43-DEBUG] 
TEST set, TITLE	CLS0	CLS1	CLS2	MEAN
TEST set, REC:	0.825	0.449	0.623	0.632	
TEST set, F1 :	0.799	0.459	0.660	0.639	
TEST set, AUC:	0.877	0.734	0.890	0.834	
TEST set, ACC:	0.780	0.718	0.869	0.789	
TEST set, SPE:	0.730	0.816	0.932	0.826	
[21-02-02 14:30:43-INFO] BEST_RECALL: 0.665, EPOCH:  33
[21-02-02 14:34:07-INFO] EPOCH: 75
[21-02-02 14:34:07-INFO] TRAIN_LOSS : 0.001, TIME: 203.2s
[21-02-02 14:34:25-INFO] VAL _RECALL: 1.000, TIME: 18.0s
[21-02-02 14:34:25-DEBUG] 
VAL  set, TITLE	CLS0	CLS1	CLS2	MEAN
VAL  set, REC:	1.000	1.000	1.000	1.000	
VAL  set, F1 :	1.000	1.000	1.000	1.000	
VAL  set, AUC:	1.000	1.000	1.000	1.000	
VAL  set, ACC:	1.000	1.000	1.000	1.000	
VAL  set, SPE:	1.000	1.000	1.000	1.000	
[21-02-02 14:34:43-INFO] TEST_RECALL: 0.634, TIME: 18.0s
[21-02-02 14:34:43-DEBUG] 
TEST set, TITLE	CLS0	CLS1	CLS2	MEAN
TEST set, REC:	0.825	0.435	0.642	0.634	
TEST set, F1 :	0.801	0.448	0.667	0.639	
TEST set, AUC:	0.878	0.736	0.897	0.837	
TEST set, ACC:	0.784	0.714	0.869	0.789	
TEST set, SPE:	0.738	0.816	0.927	0.827	
[21-02-02 14:34:43-INFO] BEST_RECALL: 0.665, EPOCH:  33
[21-02-02 14:38:06-INFO] EPOCH: 76
[21-02-02 14:38:06-INFO] TRAIN_LOSS : 0.001, TIME: 203.1s
[21-02-02 14:38:24-INFO] VAL _RECALL: 1.000, TIME: 18.1s
[21-02-02 14:38:24-DEBUG] 
VAL  set, TITLE	CLS0	CLS1	CLS2	MEAN
VAL  set, REC:	1.000	1.000	1.000	1.000	
VAL  set, F1 :	1.000	1.000	1.000	1.000	
VAL  set, AUC:	1.000	1.000	1.000	1.000	
VAL  set, ACC:	1.000	1.000	1.000	1.000	
VAL  set, SPE:	1.000	1.000	1.000	1.000	
[21-02-02 14:38:42-INFO] TEST_RECALL: 0.623, TIME: 18.2s
[21-02-02 14:38:42-DEBUG] 
TEST set, TITLE	CLS0	CLS1	CLS2	MEAN
TEST set, REC:	0.861	0.348	0.660	0.623	
TEST set, F1 :	0.805	0.393	0.680	0.626	
TEST set, AUC:	0.880	0.735	0.895	0.837	
TEST set, ACC:	0.780	0.714	0.873	0.789	
TEST set, SPE:	0.689	0.847	0.927	0.821	
[21-02-02 14:38:43-INFO] BEST_RECALL: 0.665, EPOCH:  33
[21-02-02 14:42:06-INFO] EPOCH: 77
[21-02-02 14:42:06-INFO] TRAIN_LOSS : 0.001, TIME: 203.3s
[21-02-02 14:42:24-INFO] VAL _RECALL: 1.000, TIME: 18.0s
[21-02-02 14:42:24-DEBUG] 
VAL  set, TITLE	CLS0	CLS1	CLS2	MEAN
VAL  set, REC:	1.000	1.000	1.000	1.000	
VAL  set, F1 :	1.000	1.000	1.000	1.000	
VAL  set, AUC:	1.000	1.000	1.000	1.000	
VAL  set, ACC:	1.000	1.000	1.000	1.000	
VAL  set, SPE:	1.000	1.000	1.000	1.000	
[21-02-02 14:42:42-INFO] TEST_RECALL: 0.647, TIME: 18.1s
[21-02-02 14:42:42-DEBUG] 
TEST set, TITLE	CLS0	CLS1	CLS2	MEAN
TEST set, REC:	0.825	0.493	0.623	0.647	
TEST set, F1 :	0.810	0.482	0.673	0.655	
TEST set, AUC:	0.876	0.737	0.891	0.835	
TEST set, ACC:	0.795	0.718	0.876	0.797	
TEST set, SPE:	0.762	0.800	0.942	0.835	
[21-02-02 14:42:43-INFO] BEST_RECALL: 0.665, EPOCH:  33
[21-02-02 14:46:06-INFO] EPOCH: 78
[21-02-02 14:46:06-INFO] TRAIN_LOSS : 0.001, TIME: 203.3s
[21-02-02 14:46:24-INFO] VAL _RECALL: 1.000, TIME: 17.9s
[21-02-02 14:46:24-DEBUG] 
VAL  set, TITLE	CLS0	CLS1	CLS2	MEAN
VAL  set, REC:	1.000	1.000	1.000	1.000	
VAL  set, F1 :	1.000	1.000	1.000	1.000	
VAL  set, AUC:	1.000	1.000	1.000	1.000	
VAL  set, ACC:	1.000	1.000	1.000	1.000	
VAL  set, SPE:	1.000	1.000	1.000	1.000	
[21-02-02 14:46:42-INFO] TEST_RECALL: 0.624, TIME: 18.1s
[21-02-02 14:46:42-DEBUG] 
TEST set, TITLE	CLS0	CLS1	CLS2	MEAN
TEST set, REC:	0.869	0.362	0.642	0.624	
TEST set, F1 :	0.807	0.403	0.687	0.632	
TEST set, AUC:	0.881	0.738	0.892	0.837	
TEST set, ACC:	0.780	0.714	0.880	0.792	
TEST set, SPE:	0.680	0.842	0.942	0.821	
[21-02-02 14:46:43-INFO] BEST_RECALL: 0.665, EPOCH:  33
[21-02-02 14:50:06-INFO] EPOCH: 79
[21-02-02 14:50:06-INFO] TRAIN_LOSS : 0.001, TIME: 203.1s
[21-02-02 14:50:24-INFO] VAL _RECALL: 1.000, TIME: 18.0s
[21-02-02 14:50:24-DEBUG] 
VAL  set, TITLE	CLS0	CLS1	CLS2	MEAN
VAL  set, REC:	1.000	1.000	1.000	1.000	
VAL  set, F1 :	1.000	1.000	1.000	1.000	
VAL  set, AUC:	1.000	1.000	1.000	1.000	
VAL  set, ACC:	1.000	1.000	1.000	1.000	
VAL  set, SPE:	1.000	1.000	1.000	1.000	
[21-02-02 14:50:42-INFO] TEST_RECALL: 0.642, TIME: 18.3s
[21-02-02 14:50:42-DEBUG] 
TEST set, TITLE	CLS0	CLS1	CLS2	MEAN
TEST set, REC:	0.825	0.478	0.623	0.642	
TEST set, F1 :	0.804	0.471	0.680	0.652	
TEST set, AUC:	0.877	0.738	0.892	0.836	
TEST set, ACC:	0.788	0.714	0.880	0.794	
TEST set, SPE:	0.746	0.800	0.947	0.831	
[21-02-02 14:50:42-INFO] BEST_RECALL: 0.665, EPOCH:  33
[21-02-02 14:54:06-INFO] EPOCH: 80
[21-02-02 14:54:06-INFO] TRAIN_LOSS : 0.001, TIME: 203.2s
[21-02-02 14:54:23-INFO] VAL _RECALL: 1.000, TIME: 17.9s
[21-02-02 14:54:23-DEBUG] 
VAL  set, TITLE	CLS0	CLS1	CLS2	MEAN
VAL  set, REC:	1.000	1.000	1.000	1.000	
VAL  set, F1 :	1.000	1.000	1.000	1.000	
VAL  set, AUC:	1.000	1.000	1.000	1.000	
VAL  set, ACC:	1.000	1.000	1.000	1.000	
VAL  set, SPE:	1.000	1.000	1.000	1.000	
[21-02-02 14:54:42-INFO] TEST_RECALL: 0.613, TIME: 18.2s
[21-02-02 14:54:42-DEBUG] 
TEST set, TITLE	CLS0	CLS1	CLS2	MEAN
TEST set, REC:	0.861	0.261	0.717	0.613	
TEST set, F1 :	0.800	0.319	0.691	0.603	
TEST set, AUC:	0.881	0.736	0.896	0.838	
TEST set, ACC:	0.772	0.703	0.869	0.781	
TEST set, SPE:	0.672	0.863	0.908	0.814	
[21-02-02 14:54:42-INFO] BEST_RECALL: 0.665, EPOCH:  33
[21-02-02 14:58:05-INFO] EPOCH: 81
[21-02-02 14:58:05-INFO] TRAIN_LOSS : 0.001, TIME: 203.3s
[21-02-02 14:58:23-INFO] VAL _RECALL: 1.000, TIME: 18.0s
[21-02-02 14:58:23-DEBUG] 
VAL  set, TITLE	CLS0	CLS1	CLS2	MEAN
VAL  set, REC:	1.000	1.000	1.000	1.000	
VAL  set, F1 :	1.000	1.000	1.000	1.000	
VAL  set, AUC:	1.000	1.000	1.000	1.000	
VAL  set, ACC:	1.000	1.000	1.000	1.000	
VAL  set, SPE:	1.000	1.000	1.000	1.000	
[21-02-02 14:58:42-INFO] TEST_RECALL: 0.633, TIME: 18.1s
[21-02-02 14:58:42-DEBUG] 
TEST set, TITLE	CLS0	CLS1	CLS2	MEAN
TEST set, REC:	0.854	0.348	0.698	0.633	
TEST set, F1 :	0.807	0.400	0.685	0.631	
TEST set, AUC:	0.881	0.739	0.894	0.838	
TEST set, ACC:	0.784	0.722	0.869	0.792	
TEST set, SPE:	0.705	0.858	0.913	0.825	
[21-02-02 14:58:42-INFO] BEST_RECALL: 0.665, EPOCH:  33
[21-02-02 15:02:05-INFO] EPOCH: 82
[21-02-02 15:02:05-INFO] TRAIN_LOSS : 0.001, TIME: 203.1s
[21-02-02 15:02:23-INFO] VAL _RECALL: 1.000, TIME: 18.0s
[21-02-02 15:02:23-DEBUG] 
VAL  set, TITLE	CLS0	CLS1	CLS2	MEAN
VAL  set, REC:	1.000	1.000	1.000	1.000	
VAL  set, F1 :	1.000	1.000	1.000	1.000	
VAL  set, AUC:	1.000	1.000	1.000	1.000	
VAL  set, ACC:	1.000	1.000	1.000	1.000	
VAL  set, SPE:	1.000	1.000	1.000	1.000	
[21-02-02 15:02:41-INFO] TEST_RECALL: 0.620, TIME: 18.2s
[21-02-02 15:02:41-DEBUG] 
TEST set, TITLE	CLS0	CLS1	CLS2	MEAN
TEST set, REC:	0.854	0.290	0.717	0.620	
TEST set, F1 :	0.801	0.351	0.679	0.610	
TEST set, AUC:	0.882	0.741	0.894	0.839	
TEST set, ACC:	0.776	0.714	0.861	0.784	
TEST set, SPE:	0.689	0.868	0.898	0.818	
[21-02-02 15:02:42-INFO] BEST_RECALL: 0.665, EPOCH:  33
[21-02-02 15:06:05-INFO] EPOCH: 83
[21-02-02 15:06:05-INFO] TRAIN_LOSS : 0.001, TIME: 203.3s
[21-02-02 15:06:23-INFO] VAL _RECALL: 1.000, TIME: 18.0s
[21-02-02 15:06:23-DEBUG] 
VAL  set, TITLE	CLS0	CLS1	CLS2	MEAN
VAL  set, REC:	1.000	1.000	1.000	1.000	
VAL  set, F1 :	1.000	1.000	1.000	1.000	
VAL  set, AUC:	1.000	1.000	1.000	1.000	
VAL  set, ACC:	1.000	1.000	1.000	1.000	
VAL  set, SPE:	1.000	1.000	1.000	1.000	
[21-02-02 15:06:41-INFO] TEST_RECALL: 0.615, TIME: 18.1s
[21-02-02 15:06:41-DEBUG] 
TEST set, TITLE	CLS0	CLS1	CLS2	MEAN
TEST set, REC:	0.818	0.536	0.491	0.615	
TEST set, F1 :	0.797	0.493	0.598	0.629	
TEST set, AUC:	0.870	0.728	0.893	0.830	
TEST set, ACC:	0.780	0.707	0.865	0.784	
TEST set, SPE:	0.738	0.768	0.961	0.822	
[21-02-02 15:06:42-INFO] BEST_RECALL: 0.665, EPOCH:  33
[21-02-02 15:10:05-INFO] EPOCH: 84
[21-02-02 15:10:05-INFO] TRAIN_LOSS : 0.000, TIME: 203.2s
[21-02-02 15:10:23-INFO] VAL _RECALL: 1.000, TIME: 17.9s
[21-02-02 15:10:23-DEBUG] 
VAL  set, TITLE	CLS0	CLS1	CLS2	MEAN
VAL  set, REC:	1.000	1.000	1.000	1.000	
VAL  set, F1 :	1.000	1.000	1.000	1.000	
VAL  set, AUC:	1.000	1.000	1.000	1.000	
VAL  set, ACC:	1.000	1.000	1.000	1.000	
VAL  set, SPE:	1.000	1.000	1.000	1.000	
[21-02-02 15:10:41-INFO] TEST_RECALL: 0.636, TIME: 18.1s
[21-02-02 15:10:41-DEBUG] 
TEST set, TITLE	CLS0	CLS1	CLS2	MEAN
TEST set, REC:	0.825	0.478	0.604	0.636	
TEST set, F1 :	0.804	0.468	0.667	0.646	
TEST set, AUC:	0.877	0.737	0.894	0.836	
TEST set, ACC:	0.788	0.710	0.876	0.792	
TEST set, SPE:	0.746	0.795	0.947	0.829	
[21-02-02 15:10:41-INFO] BEST_RECALL: 0.665, EPOCH:  33
[21-02-02 15:14:04-INFO] EPOCH: 85
[21-02-02 15:14:04-INFO] TRAIN_LOSS : 0.000, TIME: 203.2s
[21-02-02 15:14:22-INFO] VAL _RECALL: 1.000, TIME: 18.1s
[21-02-02 15:14:22-DEBUG] 
VAL  set, TITLE	CLS0	CLS1	CLS2	MEAN
VAL  set, REC:	1.000	1.000	1.000	1.000	
VAL  set, F1 :	1.000	1.000	1.000	1.000	
VAL  set, AUC:	1.000	1.000	1.000	1.000	
VAL  set, ACC:	1.000	1.000	1.000	1.000	
VAL  set, SPE:	1.000	1.000	1.000	1.000	
[21-02-02 15:14:41-INFO] TEST_RECALL: 0.625, TIME: 18.1s
[21-02-02 15:14:41-DEBUG] 
TEST set, TITLE	CLS0	CLS1	CLS2	MEAN
TEST set, REC:	0.847	0.406	0.623	0.625	
TEST set, F1 :	0.800	0.427	0.680	0.636	
TEST set, AUC:	0.877	0.736	0.893	0.835	
TEST set, ACC:	0.776	0.710	0.880	0.789	
TEST set, SPE:	0.697	0.821	0.947	0.821	
[21-02-02 15:14:41-INFO] BEST_RECALL: 0.665, EPOCH:  33
[21-02-02 15:18:05-INFO] EPOCH: 86
[21-02-02 15:18:05-INFO] TRAIN_LOSS : 0.001, TIME: 203.4s
[21-02-02 15:18:22-INFO] VAL _RECALL: 1.000, TIME: 17.9s
[21-02-02 15:18:22-DEBUG] 
VAL  set, TITLE	CLS0	CLS1	CLS2	MEAN
VAL  set, REC:	1.000	1.000	1.000	1.000	
VAL  set, F1 :	1.000	1.000	1.000	1.000	
VAL  set, AUC:	1.000	1.000	1.000	1.000	
VAL  set, ACC:	1.000	1.000	1.000	1.000	
VAL  set, SPE:	1.000	1.000	1.000	1.000	
[21-02-02 15:18:41-INFO] TEST_RECALL: 0.634, TIME: 18.1s
[21-02-02 15:18:41-DEBUG] 
TEST set, TITLE	CLS0	CLS1	CLS2	MEAN
TEST set, REC:	0.854	0.406	0.642	0.634	
TEST set, F1 :	0.812	0.434	0.673	0.640	
TEST set, AUC:	0.881	0.736	0.892	0.836	
TEST set, ACC:	0.792	0.718	0.873	0.794	
TEST set, SPE:	0.721	0.832	0.932	0.828	
[21-02-02 15:18:41-INFO] BEST_RECALL: 0.665, EPOCH:  33
[21-02-02 15:22:04-INFO] EPOCH: 87
[21-02-02 15:22:04-INFO] TRAIN_LOSS : 0.000, TIME: 203.3s
[21-02-02 15:22:22-INFO] VAL _RECALL: 1.000, TIME: 18.0s
[21-02-02 15:22:22-DEBUG] 
VAL  set, TITLE	CLS0	CLS1	CLS2	MEAN
VAL  set, REC:	1.000	1.000	1.000	1.000	
VAL  set, F1 :	1.000	1.000	1.000	1.000	
VAL  set, AUC:	1.000	1.000	1.000	1.000	
VAL  set, ACC:	1.000	1.000	1.000	1.000	
VAL  set, SPE:	1.000	1.000	1.000	1.000	
[21-02-02 15:22:40-INFO] TEST_RECALL: 0.620, TIME: 18.1s
[21-02-02 15:22:40-DEBUG] 
TEST set, TITLE	CLS0	CLS1	CLS2	MEAN
TEST set, REC:	0.847	0.333	0.679	0.620	
TEST set, F1 :	0.800	0.383	0.667	0.617	
TEST set, AUC:	0.883	0.736	0.895	0.838	
TEST set, ACC:	0.776	0.714	0.861	0.784	
TEST set, SPE:	0.697	0.853	0.908	0.819	
[21-02-02 15:22:41-INFO] BEST_RECALL: 0.665, EPOCH:  33
[21-02-02 15:26:04-INFO] EPOCH: 88
[21-02-02 15:26:04-INFO] TRAIN_LOSS : 0.000, TIME: 203.3s
[21-02-02 15:26:22-INFO] VAL _RECALL: 1.000, TIME: 18.1s
[21-02-02 15:26:22-DEBUG] 
VAL  set, TITLE	CLS0	CLS1	CLS2	MEAN
VAL  set, REC:	1.000	1.000	1.000	1.000	
VAL  set, F1 :	1.000	1.000	1.000	1.000	
VAL  set, AUC:	1.000	1.000	1.000	1.000	
VAL  set, ACC:	1.000	1.000	1.000	1.000	
VAL  set, SPE:	1.000	1.000	1.000	1.000	
[21-02-02 15:26:40-INFO] TEST_RECALL: 0.635, TIME: 18.1s
[21-02-02 15:26:40-DEBUG] 
TEST set, TITLE	CLS0	CLS1	CLS2	MEAN
TEST set, REC:	0.825	0.362	0.717	0.635	
TEST set, F1 :	0.807	0.403	0.667	0.626	
TEST set, AUC:	0.884	0.740	0.892	0.839	
TEST set, ACC:	0.792	0.714	0.853	0.786	
TEST set, SPE:	0.754	0.842	0.888	0.828	
[21-02-02 15:26:41-INFO] BEST_RECALL: 0.665, EPOCH:  33
[21-02-02 15:30:04-INFO] EPOCH: 89
[21-02-02 15:30:04-INFO] TRAIN_LOSS : 0.000, TIME: 203.2s
[21-02-02 15:30:22-INFO] VAL _RECALL: 1.000, TIME: 18.1s
[21-02-02 15:30:22-DEBUG] 
VAL  set, TITLE	CLS0	CLS1	CLS2	MEAN
VAL  set, REC:	1.000	1.000	1.000	1.000	
VAL  set, F1 :	1.000	1.000	1.000	1.000	
VAL  set, AUC:	1.000	1.000	1.000	1.000	
VAL  set, ACC:	1.000	1.000	1.000	1.000	
VAL  set, SPE:	1.000	1.000	1.000	1.000	
[21-02-02 15:30:40-INFO] TEST_RECALL: 0.606, TIME: 18.1s
[21-02-02 15:30:40-DEBUG] 
TEST set, TITLE	CLS0	CLS1	CLS2	MEAN
TEST set, REC:	0.876	0.319	0.623	0.606	
TEST set, F1 :	0.803	0.367	0.667	0.612	
TEST set, AUC:	0.881	0.734	0.897	0.837	
TEST set, ACC:	0.772	0.707	0.873	0.784	
TEST set, SPE:	0.656	0.847	0.937	0.813	
[21-02-02 15:30:41-INFO] BEST_RECALL: 0.665, EPOCH:  33
