[21-02-02 15:32:08-DEBUG] Checkpoints is in:
./results/checkpoints/20210202/3D_ResNet10-4-153207/
[21-02-02 15:32:08-DEBUG] Tensorboard is in:
./results/tensorboards/20210202/3D_ResNet10-4-153207/
[21-02-02 15:32:08-DEBUG] Data is in:
./data/Net_Input/3D_64_z1.0_l0.70_h0.10_20210125/
[21-02-02 15:32:08-DEBUG] LR: 3e-05, LD: 0.98
[21-02-02 15:32:08-DEBUG] WD: 1e-05, WU: 20
[21-02-02 15:32:08-DEBUG] BS: 4, FOLD: 4


[21-02-02 15:39:02-INFO] EPOCH: 1
[21-02-02 15:39:02-INFO] TRAIN_LOSS : 1.034, TIME: 410.9s
[21-02-02 15:39:37-INFO] VAL _RECALL: 0.339, TIME: 35.9s
[21-02-02 15:39:37-DEBUG] 
VAL  set, TITLE	CLS0	CLS1	CLS2	MEAN
VAL  set, REC:	1.000	0.000	0.018	0.339	
VAL  set, F1 :	0.667	0.000	0.034	0.234	
VAL  set, AUC:	0.623	0.571	0.604	0.599	
VAL  set, ACC:	0.504	0.712	0.785	0.667	
VAL  set, SPE:	0.015	1.000	0.995	0.670	
[21-02-02 15:40:13-INFO] TEST_RECALL: 0.335, TIME: 35.9s
[21-02-02 15:40:13-DEBUG] 
TEST set, TITLE	CLS0	CLS1	CLS2	MEAN
TEST set, REC:	0.975	0.000	0.030	0.335	
TEST set, F1 :	0.627	0.000	0.054	0.227	
TEST set, AUC:	0.635	0.537	0.631	0.601	
TEST set, ACC:	0.467	0.714	0.730	0.637	
TEST set, SPE:	0.036	1.000	0.969	0.668	
[21-02-02 15:40:14-INFO] BEST_RECALL: 0.335, EPOCH:   1
[21-02-02 15:47:04-INFO] EPOCH: 2
[21-02-02 15:47:04-INFO] TRAIN_LOSS : 1.005, TIME: 410.0s
[21-02-02 15:47:40-INFO] VAL _RECALL: 0.394, TIME: 35.9s
[21-02-02 15:47:40-DEBUG] 
VAL  set, TITLE	CLS0	CLS1	CLS2	MEAN
VAL  set, REC:	0.860	0.000	0.321	0.394	
VAL  set, F1 :	0.669	0.000	0.319	0.329	
VAL  set, AUC:	0.703	0.587	0.690	0.660	
VAL  set, ACC:	0.577	0.712	0.704	0.664	
VAL  set, SPE:	0.298	1.000	0.809	0.702	
[21-02-02 15:48:16-INFO] TEST_RECALL: 0.423, TIME: 36.0s
[21-02-02 15:48:16-DEBUG] 
TEST set, TITLE	CLS0	CLS1	CLS2	MEAN
TEST set, REC:	0.891	0.000	0.379	0.423	
TEST set, F1 :	0.669	0.000	0.394	0.354	
TEST set, AUC:	0.685	0.571	0.654	0.637	
TEST set, ACC:	0.595	0.714	0.703	0.671	
TEST set, SPE:	0.343	1.000	0.813	0.719	
[21-02-02 15:48:16-INFO] BEST_RECALL: 0.423, EPOCH:   2
[21-02-02 15:55:06-INFO] EPOCH: 3
[21-02-02 15:55:06-INFO] TRAIN_LOSS : 0.975, TIME: 410.2s
[21-02-02 15:55:42-INFO] VAL _RECALL: 0.522, TIME: 35.9s
[21-02-02 15:55:42-DEBUG] 
VAL  set, TITLE	CLS0	CLS1	CLS2	MEAN
VAL  set, REC:	0.760	0.093	0.714	0.522	
VAL  set, F1 :	0.713	0.167	0.497	0.459	
VAL  set, AUC:	0.743	0.575	0.747	0.689	
VAL  set, ACC:	0.696	0.731	0.688	0.705	
VAL  set, SPE:	0.634	0.989	0.681	0.768	
[21-02-02 15:56:18-INFO] TEST_RECALL: 0.425, TIME: 35.9s
[21-02-02 15:56:18-DEBUG] 
TEST set, TITLE	CLS0	CLS1	CLS2	MEAN
TEST set, REC:	0.639	0.000	0.636	0.425	
TEST set, F1 :	0.608	0.000	0.449	0.352	
TEST set, AUC:	0.708	0.559	0.680	0.649	
TEST set, ACC:	0.622	0.687	0.602	0.637	
TEST set, SPE:	0.607	0.962	0.591	0.720	
[21-02-02 15:56:19-INFO] BEST_RECALL: 0.425, EPOCH:   3
[21-02-02 16:03:09-INFO] EPOCH: 4
[21-02-02 16:03:09-INFO] TRAIN_LOSS : 0.937, TIME: 410.1s
[21-02-02 16:03:44-INFO] VAL _RECALL: 0.546, TIME: 35.7s
[21-02-02 16:03:44-DEBUG] 
VAL  set, TITLE	CLS0	CLS1	CLS2	MEAN
VAL  set, REC:	0.729	0.053	0.857	0.546	
VAL  set, F1 :	0.737	0.094	0.533	0.455	
VAL  set, AUC:	0.802	0.553	0.803	0.719	
VAL  set, ACC:	0.742	0.704	0.677	0.708	
VAL  set, SPE:	0.756	0.968	0.627	0.784	
[21-02-02 16:04:20-INFO] TEST_RECALL: 0.484, TIME: 35.9s
[21-02-02 16:04:20-DEBUG] 
TEST set, TITLE	CLS0	CLS1	CLS2	MEAN
TEST set, REC:	0.613	0.081	0.758	0.484	
TEST set, F1 :	0.640	0.135	0.498	0.424	
TEST set, AUC:	0.726	0.526	0.711	0.655	
TEST set, ACC:	0.683	0.703	0.610	0.665	
TEST set, SPE:	0.743	0.951	0.560	0.751	
[21-02-02 16:04:21-INFO] BEST_RECALL: 0.484, EPOCH:   4
[21-02-02 16:11:12-INFO] EPOCH: 5
[21-02-02 16:11:12-INFO] TRAIN_LOSS : 0.907, TIME: 411.0s
[21-02-02 16:11:48-INFO] VAL _RECALL: 0.343, TIME: 35.7s
[21-02-02 16:11:48-DEBUG] 
VAL  set, TITLE	CLS0	CLS1	CLS2	MEAN
VAL  set, REC:	0.984	0.027	0.018	0.343	
VAL  set, F1 :	0.674	0.047	0.035	0.252	
VAL  set, AUC:	0.812	0.620	0.825	0.752	
VAL  set, ACC:	0.527	0.685	0.788	0.667	
VAL  set, SPE:	0.076	0.951	1.000	0.676	
[21-02-02 16:12:24-INFO] TEST_RECALL: 0.344, TIME: 36.0s
[21-02-02 16:12:24-DEBUG] 
TEST set, TITLE	CLS0	CLS1	CLS2	MEAN
TEST set, REC:	0.992	0.041	0.000	0.344	
TEST set, F1 :	0.645	0.070	0.000	0.238	
TEST set, AUC:	0.734	0.597	0.700	0.677	
TEST set, ACC:	0.498	0.691	0.745	0.645	
TEST set, SPE:	0.079	0.951	1.000	0.677	
[21-02-02 16:12:24-INFO] BEST_RECALL: 0.484, EPOCH:   4
[21-02-02 16:19:13-INFO] EPOCH: 6
[21-02-02 16:19:13-INFO] TRAIN_LOSS : 0.896, TIME: 409.7s
[21-02-02 16:19:49-INFO] VAL _RECALL: 0.594, TIME: 35.8s
[21-02-02 16:19:49-DEBUG] 
VAL  set, TITLE	CLS0	CLS1	CLS2	MEAN
VAL  set, REC:	0.775	0.293	0.714	0.594	
VAL  set, F1 :	0.775	0.346	0.593	0.571	
VAL  set, AUC:	0.866	0.708	0.864	0.813	
VAL  set, ACC:	0.777	0.681	0.788	0.749	
VAL  set, SPE:	0.779	0.838	0.809	0.808	
[21-02-02 16:20:25-INFO] TEST_RECALL: 0.511, TIME: 35.9s
[21-02-02 16:20:25-DEBUG] 
TEST set, TITLE	CLS0	CLS1	CLS2	MEAN
TEST set, REC:	0.639	0.257	0.636	0.511	
TEST set, F1 :	0.664	0.295	0.525	0.494	
TEST set, AUC:	0.767	0.604	0.749	0.706	
TEST set, ACC:	0.703	0.649	0.707	0.686	
TEST set, SPE:	0.757	0.805	0.731	0.764	
[21-02-02 16:20:26-INFO] BEST_RECALL: 0.511, EPOCH:   6
[21-02-02 16:27:16-INFO] EPOCH: 7
[21-02-02 16:27:16-INFO] TRAIN_LOSS : 0.861, TIME: 410.1s
[21-02-02 16:27:52-INFO] VAL _RECALL: 0.599, TIME: 36.0s
[21-02-02 16:27:52-DEBUG] 
VAL  set, TITLE	CLS0	CLS1	CLS2	MEAN
VAL  set, REC:	0.860	0.027	0.911	0.599	
VAL  set, F1 :	0.816	0.051	0.600	0.489	
VAL  set, AUC:	0.884	0.785	0.887	0.852	
VAL  set, ACC:	0.808	0.715	0.738	0.754	
VAL  set, SPE:	0.756	0.995	0.691	0.814	
[21-02-02 16:28:28-INFO] TEST_RECALL: 0.518, TIME: 36.0s
[21-02-02 16:28:28-DEBUG] 
TEST set, TITLE	CLS0	CLS1	CLS2	MEAN
TEST set, REC:	0.765	0.000	0.788	0.518	
TEST set, F1 :	0.722	0.000	0.542	0.421	
TEST set, AUC:	0.812	0.652	0.793	0.752	
TEST set, ACC:	0.730	0.714	0.660	0.701	
TEST set, SPE:	0.700	1.000	0.617	0.772	
[21-02-02 16:28:29-INFO] BEST_RECALL: 0.518, EPOCH:   7
[21-02-02 16:35:19-INFO] EPOCH: 8
[21-02-02 16:35:19-INFO] TRAIN_LOSS : 0.810, TIME: 410.7s
[21-02-02 16:35:56-INFO] VAL _RECALL: 0.333, TIME: 36.0s
[21-02-02 16:35:56-DEBUG] 
VAL  set, TITLE	CLS0	CLS1	CLS2	MEAN
VAL  set, REC:	1.000	0.000	0.000	0.333	
VAL  set, F1 :	0.663	0.000	0.000	0.221	
VAL  set, AUC:	0.849	0.639	0.865	0.784	
VAL  set, ACC:	0.496	0.712	0.785	0.664	
VAL  set, SPE:	0.000	1.000	1.000	0.667	
[21-02-02 16:36:31-INFO] TEST_RECALL: 0.333, TIME: 35.9s
[21-02-02 16:36:31-DEBUG] 
TEST set, TITLE	CLS0	CLS1	CLS2	MEAN
TEST set, REC:	1.000	0.000	0.000	0.333	
TEST set, F1 :	0.630	0.000	0.000	0.210	
TEST set, AUC:	0.741	0.581	0.741	0.688	
TEST set, ACC:	0.459	0.714	0.745	0.640	
TEST set, SPE:	0.000	1.000	1.000	0.667	
[21-02-02 16:36:32-INFO] BEST_RECALL: 0.518, EPOCH:   7
[21-02-02 16:43:22-INFO] EPOCH: 9
[21-02-02 16:43:22-INFO] TRAIN_LOSS : 0.784, TIME: 410.3s
[21-02-02 16:43:58-INFO] VAL _RECALL: 0.441, TIME: 35.9s
[21-02-02 16:43:58-DEBUG] 
VAL  set, TITLE	CLS0	CLS1	CLS2	MEAN
VAL  set, REC:	0.977	0.133	0.214	0.441	
VAL  set, F1 :	0.739	0.180	0.353	0.424	
VAL  set, AUC:	0.898	0.707	0.900	0.835	
VAL  set, ACC:	0.658	0.650	0.831	0.713	
VAL  set, SPE:	0.344	0.859	1.000	0.734	
[21-02-02 16:44:34-INFO] TEST_RECALL: 0.404, TIME: 35.9s
[21-02-02 16:44:34-DEBUG] 
TEST set, TITLE	CLS0	CLS1	CLS2	MEAN
TEST set, REC:	0.966	0.108	0.136	0.404	
TEST set, F1 :	0.674	0.158	0.237	0.357	
TEST set, AUC:	0.794	0.621	0.781	0.732	
TEST set, ACC:	0.571	0.672	0.776	0.673	
TEST set, SPE:	0.236	0.897	0.995	0.709	
[21-02-02 16:44:34-INFO] BEST_RECALL: 0.518, EPOCH:   7
[21-02-02 16:51:24-INFO] EPOCH: 10
[21-02-02 16:51:24-INFO] TRAIN_LOSS : 0.771, TIME: 409.9s
[21-02-02 16:52:00-INFO] VAL _RECALL: 0.518, TIME: 35.9s
[21-02-02 16:52:00-DEBUG] 
VAL  set, TITLE	CLS0	CLS1	CLS2	MEAN
VAL  set, REC:	0.016	0.680	0.857	0.518	
VAL  set, F1 :	0.031	0.425	0.644	0.367	
VAL  set, AUC:	0.885	0.587	0.903	0.792	
VAL  set, ACC:	0.512	0.469	0.796	0.592	
VAL  set, SPE:	1.000	0.384	0.779	0.721	
[21-02-02 16:52:36-INFO] TEST_RECALL: 0.418, TIME: 36.0s
[21-02-02 16:52:36-DEBUG] 
TEST set, TITLE	CLS0	CLS1	CLS2	MEAN
TEST set, REC:	0.008	0.595	0.652	0.418	
TEST set, F1 :	0.017	0.367	0.544	0.309	
TEST set, AUC:	0.804	0.493	0.808	0.702	
TEST set, ACC:	0.544	0.413	0.722	0.560	
TEST set, SPE:	1.000	0.341	0.746	0.696	
[21-02-02 16:52:37-INFO] BEST_RECALL: 0.518, EPOCH:   7
[21-02-02 16:59:27-INFO] EPOCH: 11
[21-02-02 16:59:27-INFO] TRAIN_LOSS : 0.776, TIME: 410.8s
[21-02-02 17:00:03-INFO] VAL _RECALL: 0.425, TIME: 35.9s
[21-02-02 17:00:03-DEBUG] 
VAL  set, TITLE	CLS0	CLS1	CLS2	MEAN
VAL  set, REC:	0.008	1.000	0.268	0.425	
VAL  set, F1 :	0.015	0.470	0.423	0.303	
VAL  set, AUC:	0.955	0.696	0.938	0.863	
VAL  set, ACC:	0.508	0.350	0.842	0.567	
VAL  set, SPE:	1.000	0.086	1.000	0.695	
[21-02-02 17:00:39-INFO] TEST_RECALL: 0.397, TIME: 35.8s
[21-02-02 17:00:39-DEBUG] 
TEST set, TITLE	CLS0	CLS1	CLS2	MEAN
TEST set, REC:	0.008	0.986	0.197	0.397	
TEST set, F1 :	0.017	0.459	0.325	0.267	
TEST set, AUC:	0.817	0.542	0.839	0.733	
TEST set, ACC:	0.544	0.336	0.792	0.557	
TEST set, SPE:	1.000	0.076	0.995	0.690	
[21-02-02 17:00:40-INFO] BEST_RECALL: 0.518, EPOCH:   7
[21-02-02 17:07:29-INFO] EPOCH: 12
[21-02-02 17:07:29-INFO] TRAIN_LOSS : 0.687, TIME: 409.9s
[21-02-02 17:08:05-INFO] VAL _RECALL: 0.351, TIME: 36.0s
[21-02-02 17:08:05-DEBUG] 
VAL  set, TITLE	CLS0	CLS1	CLS2	MEAN
VAL  set, REC:	0.000	0.053	1.000	0.351	
VAL  set, F1 :	0.000	0.075	0.394	0.156	
VAL  set, AUC:	0.935	0.470	0.947	0.784	
VAL  set, ACC:	0.504	0.619	0.338	0.487	
VAL  set, SPE:	1.000	0.849	0.157	0.669	
[21-02-02 17:08:41-INFO] TEST_RECALL: 0.337, TIME: 36.0s
[21-02-02 17:08:41-DEBUG] 
TEST set, TITLE	CLS0	CLS1	CLS2	MEAN
TEST set, REC:	0.000	0.027	0.985	0.337	
TEST set, F1 :	0.000	0.039	0.439	0.159	
TEST set, AUC:	0.821	0.413	0.818	0.684	
TEST set, ACC:	0.541	0.618	0.359	0.506	
TEST set, SPE:	1.000	0.854	0.145	0.666	
[21-02-02 17:08:42-INFO] BEST_RECALL: 0.518, EPOCH:   7
[21-02-02 17:15:32-INFO] EPOCH: 13
[21-02-02 17:15:32-INFO] TRAIN_LOSS : 0.680, TIME: 410.1s
[21-02-02 17:16:08-INFO] VAL _RECALL: 0.691, TIME: 35.8s
[21-02-02 17:16:08-DEBUG] 
VAL  set, TITLE	CLS0	CLS1	CLS2	MEAN
VAL  set, REC:	0.527	0.813	0.732	0.691	
VAL  set, F1 :	0.687	0.581	0.732	0.667	
VAL  set, AUC:	0.959	0.802	0.948	0.903	
VAL  set, ACC:	0.762	0.662	0.885	0.769	
VAL  set, SPE:	0.992	0.600	0.926	0.840	
[21-02-02 17:16:44-INFO] TEST_RECALL: 0.499, TIME: 36.0s
[21-02-02 17:16:44-DEBUG] 
TEST set, TITLE	CLS0	CLS1	CLS2	MEAN
TEST set, REC:	0.345	0.608	0.545	0.499	
TEST set, F1 :	0.485	0.415	0.545	0.482	
TEST set, AUC:	0.804	0.569	0.803	0.725	
TEST set, ACC:	0.664	0.510	0.768	0.647	
TEST set, SPE:	0.936	0.470	0.845	0.750	
[21-02-02 17:16:44-INFO] BEST_RECALL: 0.518, EPOCH:   7
[21-02-02 17:23:35-INFO] EPOCH: 14
[21-02-02 17:23:35-INFO] TRAIN_LOSS : 0.620, TIME: 410.9s
[21-02-02 17:24:11-INFO] VAL _RECALL: 0.333, TIME: 35.8s
[21-02-02 17:24:11-DEBUG] 
VAL  set, TITLE	CLS0	CLS1	CLS2	MEAN
VAL  set, REC:	1.000	0.000	0.000	0.333	
VAL  set, F1 :	0.663	0.000	0.000	0.221	
VAL  set, AUC:	0.919	0.733	0.965	0.873	
VAL  set, ACC:	0.496	0.712	0.785	0.664	
VAL  set, SPE:	0.000	1.000	1.000	0.667	
[21-02-02 17:24:47-INFO] TEST_RECALL: 0.333, TIME: 36.0s
[21-02-02 17:24:47-DEBUG] 
TEST set, TITLE	CLS0	CLS1	CLS2	MEAN
TEST set, REC:	1.000	0.000	0.000	0.333	
TEST set, F1 :	0.630	0.000	0.000	0.210	
TEST set, AUC:	0.771	0.616	0.811	0.733	
TEST set, ACC:	0.459	0.714	0.745	0.640	
TEST set, SPE:	0.000	1.000	1.000	0.667	
[21-02-02 17:24:48-INFO] BEST_RECALL: 0.518, EPOCH:   7
[21-02-02 17:31:38-INFO] EPOCH: 15
[21-02-02 17:31:38-INFO] TRAIN_LOSS : 0.597, TIME: 410.6s
[21-02-02 17:32:14-INFO] VAL _RECALL: 0.672, TIME: 35.8s
[21-02-02 17:32:14-DEBUG] 
VAL  set, TITLE	CLS0	CLS1	CLS2	MEAN
VAL  set, REC:	0.961	0.053	1.000	0.672	
VAL  set, F1 :	0.922	0.101	0.651	0.558	
VAL  set, AUC:	0.984	0.895	0.975	0.952	
VAL  set, ACC:	0.919	0.727	0.769	0.805	
VAL  set, SPE:	0.878	1.000	0.706	0.861	
[21-02-02 17:32:50-INFO] TEST_RECALL: 0.548, TIME: 36.0s
[21-02-02 17:32:50-DEBUG] 
TEST set, TITLE	CLS0	CLS1	CLS2	MEAN
TEST set, REC:	0.798	0.027	0.818	0.548	
TEST set, F1 :	0.754	0.052	0.571	0.459	
TEST set, AUC:	0.841	0.630	0.827	0.766	
TEST set, ACC:	0.761	0.718	0.687	0.722	
TEST set, SPE:	0.729	0.995	0.642	0.789	
[21-02-02 17:32:51-INFO] BEST_RECALL: 0.548, EPOCH:  15
[21-02-02 17:39:42-INFO] EPOCH: 16
[21-02-02 17:39:42-INFO] TRAIN_LOSS : 0.559, TIME: 410.8s
[21-02-02 17:40:18-INFO] VAL _RECALL: 0.339, TIME: 35.8s
[21-02-02 17:40:18-DEBUG] 
VAL  set, TITLE	CLS0	CLS1	CLS2	MEAN
VAL  set, REC:	1.000	0.000	0.018	0.339	
VAL  set, F1 :	0.665	0.000	0.035	0.233	
VAL  set, AUC:	0.986	0.790	0.966	0.914	
VAL  set, ACC:	0.500	0.712	0.788	0.667	
VAL  set, SPE:	0.008	1.000	1.000	0.669	
[21-02-02 17:40:54-INFO] TEST_RECALL: 0.333, TIME: 36.0s
[21-02-02 17:40:54-DEBUG] 
TEST set, TITLE	CLS0	CLS1	CLS2	MEAN
TEST set, REC:	1.000	0.000	0.000	0.333	
TEST set, F1 :	0.630	0.000	0.000	0.210	
TEST set, AUC:	0.789	0.627	0.796	0.738	
TEST set, ACC:	0.459	0.714	0.745	0.640	
TEST set, SPE:	0.000	1.000	1.000	0.667	
[21-02-02 17:40:54-INFO] BEST_RECALL: 0.548, EPOCH:  15
[21-02-02 17:47:44-INFO] EPOCH: 17
[21-02-02 17:47:44-INFO] TRAIN_LOSS : 0.485, TIME: 410.2s
[21-02-02 17:48:20-INFO] VAL _RECALL: 0.695, TIME: 35.9s
[21-02-02 17:48:20-DEBUG] 
VAL  set, TITLE	CLS0	CLS1	CLS2	MEAN
VAL  set, REC:	0.791	0.293	1.000	0.695	
VAL  set, F1 :	0.883	0.393	0.633	0.636	
VAL  set, AUC:	0.999	0.852	0.997	0.949	
VAL  set, ACC:	0.896	0.738	0.750	0.795	
VAL  set, SPE:	1.000	0.919	0.681	0.867	
[21-02-02 17:48:56-INFO] TEST_RECALL: 0.497, TIME: 36.1s
[21-02-02 17:48:56-DEBUG] 
TEST set, TITLE	CLS0	CLS1	CLS2	MEAN
TEST set, REC:	0.429	0.108	0.955	0.497	
TEST set, F1 :	0.576	0.155	0.529	0.420	
TEST set, AUC:	0.822	0.529	0.833	0.728	
TEST set, ACC:	0.710	0.664	0.568	0.647	
TEST set, SPE:	0.950	0.886	0.435	0.757	
[21-02-02 17:48:57-INFO] BEST_RECALL: 0.548, EPOCH:  15
[21-02-02 17:55:48-INFO] EPOCH: 18
[21-02-02 17:55:48-INFO] TRAIN_LOSS : 0.456, TIME: 411.0s
[21-02-02 17:56:24-INFO] VAL _RECALL: 0.707, TIME: 35.8s
[21-02-02 17:56:24-DEBUG] 
VAL  set, TITLE	CLS0	CLS1	CLS2	MEAN
VAL  set, REC:	1.000	0.120	1.000	0.707	
VAL  set, F1 :	0.970	0.214	0.659	0.614	
VAL  set, AUC:	1.000	0.994	0.996	0.997	
VAL  set, ACC:	0.969	0.746	0.777	0.831	
VAL  set, SPE:	0.939	1.000	0.716	0.885	
[21-02-02 17:57:00-INFO] TEST_RECALL: 0.542, TIME: 35.9s
[21-02-02 17:57:00-DEBUG] 
TEST set, TITLE	CLS0	CLS1	CLS2	MEAN
TEST set, REC:	0.824	0.000	0.803	0.542	
TEST set, F1 :	0.748	0.000	0.582	0.444	
TEST set, AUC:	0.824	0.637	0.820	0.760	
TEST set, ACC:	0.745	0.714	0.707	0.722	
TEST set, SPE:	0.679	1.000	0.674	0.784	
[21-02-02 17:57:00-INFO] BEST_RECALL: 0.548, EPOCH:  15
[21-02-02 18:03:50-INFO] EPOCH: 19
[21-02-02 18:03:50-INFO] TRAIN_LOSS : 0.394, TIME: 410.4s
[21-02-02 18:04:26-INFO] VAL _RECALL: 0.805, TIME: 35.9s
[21-02-02 18:04:26-DEBUG] 
VAL  set, TITLE	CLS0	CLS1	CLS2	MEAN
VAL  set, REC:	0.868	0.547	1.000	0.805	
VAL  set, F1 :	0.929	0.678	0.709	0.772	
VAL  set, AUC:	1.000	0.943	0.999	0.981	
VAL  set, ACC:	0.935	0.850	0.823	0.869	
VAL  set, SPE:	1.000	0.973	0.775	0.916	
[21-02-02 18:05:02-INFO] TEST_RECALL: 0.523, TIME: 35.9s
[21-02-02 18:05:02-DEBUG] 
TEST set, TITLE	CLS0	CLS1	CLS2	MEAN
TEST set, REC:	0.420	0.270	0.879	0.523	
TEST set, F1 :	0.565	0.308	0.550	0.474	
TEST set, AUC:	0.833	0.597	0.842	0.757	
TEST set, ACC:	0.703	0.653	0.633	0.663	
TEST set, SPE:	0.943	0.805	0.549	0.766	
[21-02-02 18:05:03-INFO] BEST_RECALL: 0.548, EPOCH:  15
[21-02-02 18:11:53-INFO] EPOCH: 20
[21-02-02 18:11:53-INFO] TRAIN_LOSS : 0.362, TIME: 410.0s
[21-02-02 18:12:29-INFO] VAL _RECALL: 0.951, TIME: 35.8s
[21-02-02 18:12:29-DEBUG] 
VAL  set, TITLE	CLS0	CLS1	CLS2	MEAN
VAL  set, REC:	0.946	0.907	1.000	0.951	
VAL  set, F1 :	0.972	0.907	0.941	0.940	
VAL  set, AUC:	0.999	0.988	1.000	0.996	
VAL  set, ACC:	0.973	0.946	0.973	0.964	
VAL  set, SPE:	1.000	0.962	0.966	0.976	
[21-02-02 18:13:05-INFO] TEST_RECALL: 0.590, TIME: 36.0s
[21-02-02 18:13:05-DEBUG] 
TEST set, TITLE	CLS0	CLS1	CLS2	MEAN
TEST set, REC:	0.571	0.365	0.833	0.590	
TEST set, F1 :	0.687	0.378	0.621	0.562	
TEST set, AUC:	0.837	0.637	0.845	0.773	
TEST set, ACC:	0.761	0.656	0.741	0.719	
TEST set, SPE:	0.921	0.773	0.710	0.801	
[21-02-02 18:13:05-INFO] BEST_RECALL: 0.590, EPOCH:  20
[21-02-02 18:19:56-INFO] EPOCH: 21
[21-02-02 18:19:56-INFO] TRAIN_LOSS : 0.249, TIME: 410.6s
[21-02-02 18:20:32-INFO] VAL _RECALL: 0.962, TIME: 35.9s
[21-02-02 18:20:32-DEBUG] 
VAL  set, TITLE	CLS0	CLS1	CLS2	MEAN
VAL  set, REC:	0.977	1.000	0.911	0.962	
VAL  set, F1 :	0.988	0.949	0.953	0.964	
VAL  set, AUC:	1.000	1.000	1.000	1.000	
VAL  set, ACC:	0.988	0.969	0.981	0.979	
VAL  set, SPE:	1.000	0.957	1.000	0.986	
[21-02-02 18:21:08-INFO] TEST_RECALL: 0.552, TIME: 35.8s
[21-02-02 18:21:08-DEBUG] 
TEST set, TITLE	CLS0	CLS1	CLS2	MEAN
TEST set, REC:	0.538	0.784	0.333	0.552	
TEST set, F1 :	0.637	0.513	0.484	0.545	
TEST set, AUC:	0.820	0.683	0.822	0.775	
TEST set, ACC:	0.718	0.575	0.819	0.704	
TEST set, SPE:	0.871	0.492	0.984	0.783	
[21-02-02 18:21:08-INFO] BEST_RECALL: 0.590, EPOCH:  20
[21-02-02 18:27:58-INFO] EPOCH: 22
[21-02-02 18:27:58-INFO] TRAIN_LOSS : 0.183, TIME: 410.1s
[21-02-02 18:28:34-INFO] VAL _RECALL: 0.653, TIME: 35.9s
[21-02-02 18:28:34-DEBUG] 
VAL  set, TITLE	CLS0	CLS1	CLS2	MEAN
VAL  set, REC:	1.000	0.960	0.000	0.653	
VAL  set, F1 :	0.860	0.878	0.000	0.579	
VAL  set, AUC:	1.000	0.991	1.000	0.997	
VAL  set, ACC:	0.838	0.923	0.785	0.849	
VAL  set, SPE:	0.679	0.908	1.000	0.862	
[21-02-02 18:29:10-INFO] TEST_RECALL: 0.382, TIME: 36.0s
[21-02-02 18:29:10-DEBUG] 
TEST set, TITLE	CLS0	CLS1	CLS2	MEAN
TEST set, REC:	0.958	0.189	0.000	0.382	
TEST set, F1 :	0.677	0.243	0.000	0.307	
TEST set, AUC:	0.791	0.610	0.835	0.745	
TEST set, ACC:	0.579	0.664	0.745	0.663	
TEST set, SPE:	0.257	0.854	1.000	0.704	
[21-02-02 18:29:11-INFO] BEST_RECALL: 0.590, EPOCH:  20
[21-02-02 18:36:00-INFO] EPOCH: 23
[21-02-02 18:36:00-INFO] TRAIN_LOSS : 0.137, TIME: 409.6s
[21-02-02 18:36:36-INFO] VAL _RECALL: 1.000, TIME: 35.8s
[21-02-02 18:36:36-DEBUG] 
VAL  set, TITLE	CLS0	CLS1	CLS2	MEAN
VAL  set, REC:	1.000	1.000	1.000	1.000	
VAL  set, F1 :	1.000	1.000	1.000	1.000	
VAL  set, AUC:	1.000	1.000	1.000	1.000	
VAL  set, ACC:	1.000	1.000	1.000	1.000	
VAL  set, SPE:	1.000	1.000	1.000	1.000	
[21-02-02 18:37:12-INFO] TEST_RECALL: 0.527, TIME: 35.9s
[21-02-02 18:37:12-DEBUG] 
TEST set, TITLE	CLS0	CLS1	CLS2	MEAN
TEST set, REC:	0.866	0.351	0.364	0.527	
TEST set, F1 :	0.720	0.377	0.511	0.536	
TEST set, AUC:	0.825	0.675	0.871	0.790	
TEST set, ACC:	0.691	0.668	0.822	0.727	
TEST set, SPE:	0.543	0.795	0.979	0.772	
[21-02-02 18:37:13-INFO] BEST_RECALL: 0.590, EPOCH:  20
[21-02-02 18:44:02-INFO] EPOCH: 24
[21-02-02 18:44:02-INFO] TRAIN_LOSS : 0.160, TIME: 409.0s
[21-02-02 18:44:38-INFO] VAL _RECALL: 1.000, TIME: 35.9s
[21-02-02 18:44:38-DEBUG] 
VAL  set, TITLE	CLS0	CLS1	CLS2	MEAN
VAL  set, REC:	1.000	1.000	1.000	1.000	
VAL  set, F1 :	1.000	1.000	1.000	1.000	
VAL  set, AUC:	1.000	1.000	1.000	1.000	
VAL  set, ACC:	1.000	1.000	1.000	1.000	
VAL  set, SPE:	1.000	1.000	1.000	1.000	
[21-02-02 18:45:14-INFO] TEST_RECALL: 0.570, TIME: 36.0s
[21-02-02 18:45:14-DEBUG] 
TEST set, TITLE	CLS0	CLS1	CLS2	MEAN
TEST set, REC:	0.891	0.230	0.591	0.570	
TEST set, F1 :	0.734	0.327	0.624	0.561	
TEST set, AUC:	0.830	0.672	0.861	0.788	
TEST set, ACC:	0.703	0.730	0.819	0.750	
TEST set, SPE:	0.543	0.930	0.896	0.790	
[21-02-02 18:45:14-INFO] BEST_RECALL: 0.590, EPOCH:  20
[21-02-02 18:52:05-INFO] EPOCH: 25
[21-02-02 18:52:05-INFO] TRAIN_LOSS : 0.125, TIME: 410.4s
[21-02-02 18:52:40-INFO] VAL _RECALL: 0.984, TIME: 35.8s
[21-02-02 18:52:40-DEBUG] 
VAL  set, TITLE	CLS0	CLS1	CLS2	MEAN
VAL  set, REC:	0.953	1.000	1.000	0.984	
VAL  set, F1 :	0.976	0.993	0.957	0.976	
VAL  set, AUC:	1.000	1.000	1.000	1.000	
VAL  set, ACC:	0.977	0.996	0.981	0.985	
VAL  set, SPE:	1.000	0.995	0.975	0.990	
[21-02-02 18:53:16-INFO] TEST_RECALL: 0.516, TIME: 35.9s
[21-02-02 18:53:16-DEBUG] 
TEST set, TITLE	CLS0	CLS1	CLS2	MEAN
TEST set, REC:	0.429	0.270	0.848	0.516	
TEST set, F1 :	0.573	0.301	0.541	0.472	
TEST set, AUC:	0.835	0.635	0.832	0.767	
TEST set, ACC:	0.707	0.641	0.633	0.660	
TEST set, SPE:	0.943	0.789	0.560	0.764	
[21-02-02 18:53:17-INFO] BEST_RECALL: 0.590, EPOCH:  20
[21-02-02 19:00:07-INFO] EPOCH: 26
[21-02-02 19:00:07-INFO] TRAIN_LOSS : 0.101, TIME: 410.4s
[21-02-02 19:00:43-INFO] VAL _RECALL: 1.000, TIME: 35.9s
[21-02-02 19:00:43-DEBUG] 
VAL  set, TITLE	CLS0	CLS1	CLS2	MEAN
VAL  set, REC:	1.000	1.000	1.000	1.000	
VAL  set, F1 :	1.000	1.000	1.000	1.000	
VAL  set, AUC:	1.000	1.000	1.000	1.000	
VAL  set, ACC:	1.000	1.000	1.000	1.000	
VAL  set, SPE:	1.000	1.000	1.000	1.000	
[21-02-02 19:01:19-INFO] TEST_RECALL: 0.474, TIME: 35.9s
[21-02-02 19:01:19-DEBUG] 
TEST set, TITLE	CLS0	CLS1	CLS2	MEAN
TEST set, REC:	0.992	0.068	0.364	0.474	
TEST set, F1 :	0.698	0.120	0.495	0.438	
TEST set, AUC:	0.840	0.681	0.864	0.795	
TEST set, ACC:	0.606	0.718	0.811	0.712	
TEST set, SPE:	0.279	0.978	0.964	0.740	
[21-02-02 19:01:19-INFO] BEST_RECALL: 0.590, EPOCH:  20
[21-02-02 19:08:10-INFO] EPOCH: 27
[21-02-02 19:08:10-INFO] TRAIN_LOSS : 0.113, TIME: 410.8s
[21-02-02 19:08:46-INFO] VAL _RECALL: 0.929, TIME: 36.0s
[21-02-02 19:08:46-DEBUG] 
VAL  set, TITLE	CLS0	CLS1	CLS2	MEAN
VAL  set, REC:	1.000	0.787	1.000	0.929	
VAL  set, F1 :	0.942	0.881	1.000	0.941	
VAL  set, AUC:	1.000	1.000	1.000	1.000	
VAL  set, ACC:	0.938	0.938	1.000	0.959	
VAL  set, SPE:	0.878	1.000	1.000	0.959	
[21-02-02 19:09:22-INFO] TEST_RECALL: 0.469, TIME: 36.0s
[21-02-02 19:09:22-DEBUG] 
TEST set, TITLE	CLS0	CLS1	CLS2	MEAN
TEST set, REC:	0.983	0.000	0.424	0.469	
TEST set, F1 :	0.696	0.000	0.519	0.405	
TEST set, AUC:	0.842	0.669	0.848	0.786	
TEST set, ACC:	0.606	0.714	0.799	0.707	
TEST set, SPE:	0.286	1.000	0.927	0.738	
[21-02-02 19:09:23-INFO] BEST_RECALL: 0.590, EPOCH:  20
[21-02-02 19:16:12-INFO] EPOCH: 28
[21-02-02 19:16:12-INFO] TRAIN_LOSS : 0.115, TIME: 409.3s
[21-02-02 19:16:48-INFO] VAL _RECALL: 0.787, TIME: 35.7s
[21-02-02 19:16:48-DEBUG] 
VAL  set, TITLE	CLS0	CLS1	CLS2	MEAN
VAL  set, REC:	0.961	0.400	1.000	0.787	
VAL  set, F1 :	0.980	0.571	0.691	0.748	
VAL  set, AUC:	1.000	1.000	1.000	1.000	
VAL  set, ACC:	0.981	0.827	0.808	0.872	
VAL  set, SPE:	1.000	1.000	0.755	0.918	
[21-02-02 19:17:24-INFO] TEST_RECALL: 0.479, TIME: 36.0s
[21-02-02 19:17:24-DEBUG] 
TEST set, TITLE	CLS0	CLS1	CLS2	MEAN
TEST set, REC:	0.454	0.014	0.970	0.479	
TEST set, F1 :	0.597	0.027	0.489	0.371	
TEST set, AUC:	0.851	0.607	0.836	0.765	
TEST set, ACC:	0.718	0.718	0.483	0.640	
TEST set, SPE:	0.943	1.000	0.316	0.753	
[21-02-02 19:17:24-INFO] BEST_RECALL: 0.590, EPOCH:  20
[21-02-02 19:24:14-INFO] EPOCH: 29
[21-02-02 19:24:14-INFO] TRAIN_LOSS : 0.055, TIME: 410.3s
[21-02-02 19:24:50-INFO] VAL _RECALL: 1.000, TIME: 35.9s
[21-02-02 19:24:50-DEBUG] 
VAL  set, TITLE	CLS0	CLS1	CLS2	MEAN
VAL  set, REC:	1.000	1.000	1.000	1.000	
VAL  set, F1 :	1.000	1.000	1.000	1.000	
VAL  set, AUC:	1.000	1.000	1.000	1.000	
VAL  set, ACC:	1.000	1.000	1.000	1.000	
VAL  set, SPE:	1.000	1.000	1.000	1.000	
[21-02-02 19:25:26-INFO] TEST_RECALL: 0.568, TIME: 35.8s
[21-02-02 19:25:26-DEBUG] 
TEST set, TITLE	CLS0	CLS1	CLS2	MEAN
TEST set, REC:	0.487	0.838	0.379	0.568	
TEST set, F1 :	0.620	0.525	0.526	0.557	
TEST set, AUC:	0.808	0.673	0.859	0.780	
TEST set, ACC:	0.726	0.568	0.826	0.707	
TEST set, SPE:	0.929	0.459	0.979	0.789	
[21-02-02 19:25:27-INFO] BEST_RECALL: 0.590, EPOCH:  20
[21-02-02 19:32:16-INFO] EPOCH: 30
[21-02-02 19:32:16-INFO] TRAIN_LOSS : 0.043, TIME: 409.5s
[21-02-02 19:32:52-INFO] VAL _RECALL: 1.000, TIME: 35.8s
[21-02-02 19:32:52-DEBUG] 
VAL  set, TITLE	CLS0	CLS1	CLS2	MEAN
VAL  set, REC:	1.000	1.000	1.000	1.000	
VAL  set, F1 :	1.000	1.000	1.000	1.000	
VAL  set, AUC:	1.000	1.000	1.000	1.000	
VAL  set, ACC:	1.000	1.000	1.000	1.000	
VAL  set, SPE:	1.000	1.000	1.000	1.000	
[21-02-02 19:33:28-INFO] TEST_RECALL: 0.605, TIME: 35.9s
[21-02-02 19:33:28-DEBUG] 
TEST set, TITLE	CLS0	CLS1	CLS2	MEAN
TEST set, REC:	0.672	0.459	0.682	0.605	
TEST set, F1 :	0.727	0.430	0.643	0.600	
TEST set, AUC:	0.837	0.656	0.853	0.782	
TEST set, ACC:	0.768	0.653	0.807	0.743	
TEST set, SPE:	0.850	0.730	0.850	0.810	
[21-02-02 19:33:29-INFO] BEST_RECALL: 0.605, EPOCH:  30
[21-02-02 19:40:19-INFO] EPOCH: 31
[21-02-02 19:40:19-INFO] TRAIN_LOSS : 0.038, TIME: 410.4s
[21-02-02 19:40:55-INFO] VAL _RECALL: 0.995, TIME: 35.8s
[21-02-02 19:40:55-DEBUG] 
VAL  set, TITLE	CLS0	CLS1	CLS2	MEAN
VAL  set, REC:	0.984	1.000	1.000	0.995	
VAL  set, F1 :	0.992	1.000	0.982	0.992	
VAL  set, AUC:	1.000	1.000	1.000	1.000	
VAL  set, ACC:	0.992	1.000	0.992	0.995	
VAL  set, SPE:	1.000	1.000	0.990	0.997	
[21-02-02 19:41:31-INFO] TEST_RECALL: 0.497, TIME: 35.9s
[21-02-02 19:41:31-DEBUG] 
TEST set, TITLE	CLS0	CLS1	CLS2	MEAN
TEST set, REC:	0.445	0.122	0.924	0.497	
TEST set, F1 :	0.592	0.164	0.533	0.430	
TEST set, AUC:	0.854	0.615	0.864	0.778	
TEST set, ACC:	0.718	0.645	0.587	0.650	
TEST set, SPE:	0.950	0.854	0.472	0.759	
[21-02-02 19:41:31-INFO] BEST_RECALL: 0.605, EPOCH:  30
[21-02-02 19:48:21-INFO] EPOCH: 32
[21-02-02 19:48:21-INFO] TRAIN_LOSS : 0.032, TIME: 409.5s
[21-02-02 19:48:57-INFO] VAL _RECALL: 1.000, TIME: 35.8s
[21-02-02 19:48:57-DEBUG] 
VAL  set, TITLE	CLS0	CLS1	CLS2	MEAN
VAL  set, REC:	1.000	1.000	1.000	1.000	
VAL  set, F1 :	1.000	1.000	1.000	1.000	
VAL  set, AUC:	1.000	1.000	1.000	1.000	
VAL  set, ACC:	1.000	1.000	1.000	1.000	
VAL  set, SPE:	1.000	1.000	1.000	1.000	
[21-02-02 19:49:33-INFO] TEST_RECALL: 0.571, TIME: 35.9s
[21-02-02 19:49:33-DEBUG] 
TEST set, TITLE	CLS0	CLS1	CLS2	MEAN
TEST set, REC:	0.765	0.054	0.894	0.571	
TEST set, F1 :	0.765	0.099	0.593	0.485	
TEST set, AUC:	0.854	0.660	0.859	0.791	
TEST set, ACC:	0.784	0.718	0.687	0.730	
TEST set, SPE:	0.800	0.984	0.617	0.800	
[21-02-02 19:49:33-INFO] BEST_RECALL: 0.605, EPOCH:  30
[21-02-02 19:56:23-INFO] EPOCH: 33
[21-02-02 19:56:23-INFO] TRAIN_LOSS : 0.055, TIME: 410.1s
[21-02-02 19:56:59-INFO] VAL _RECALL: 0.979, TIME: 35.8s
[21-02-02 19:56:59-DEBUG] 
VAL  set, TITLE	CLS0	CLS1	CLS2	MEAN
VAL  set, REC:	0.938	1.000	1.000	0.979	
VAL  set, F1 :	0.968	0.949	1.000	0.972	
VAL  set, AUC:	1.000	1.000	1.000	1.000	
VAL  set, ACC:	0.969	0.969	1.000	0.979	
VAL  set, SPE:	1.000	0.957	1.000	0.986	
[21-02-02 19:57:35-INFO] TEST_RECALL: 0.476, TIME: 36.0s
[21-02-02 19:57:35-DEBUG] 
TEST set, TITLE	CLS0	CLS1	CLS2	MEAN
TEST set, REC:	0.218	0.905	0.303	0.476	
TEST set, F1 :	0.351	0.480	0.440	0.424	
TEST set, AUC:	0.802	0.657	0.841	0.767	
TEST set, ACC:	0.629	0.440	0.803	0.624	
TEST set, SPE:	0.979	0.254	0.974	0.736	
[21-02-02 19:57:35-INFO] BEST_RECALL: 0.605, EPOCH:  30
[21-02-02 20:04:26-INFO] EPOCH: 34
[21-02-02 20:04:26-INFO] TRAIN_LOSS : 0.032, TIME: 410.5s
[21-02-02 20:05:02-INFO] VAL _RECALL: 1.000, TIME: 35.9s
[21-02-02 20:05:02-DEBUG] 
VAL  set, TITLE	CLS0	CLS1	CLS2	MEAN
VAL  set, REC:	1.000	1.000	1.000	1.000	
VAL  set, F1 :	1.000	1.000	1.000	1.000	
VAL  set, AUC:	1.000	1.000	1.000	1.000	
VAL  set, ACC:	1.000	1.000	1.000	1.000	
VAL  set, SPE:	1.000	1.000	1.000	1.000	
[21-02-02 20:05:38-INFO] TEST_RECALL: 0.563, TIME: 36.0s
[21-02-02 20:05:38-DEBUG] 
TEST set, TITLE	CLS0	CLS1	CLS2	MEAN
TEST set, REC:	0.664	0.284	0.742	0.563	
TEST set, F1 :	0.718	0.333	0.570	0.540	
TEST set, AUC:	0.839	0.662	0.850	0.783	
TEST set, ACC:	0.761	0.676	0.714	0.717	
TEST set, SPE:	0.843	0.832	0.705	0.793	
[21-02-02 20:05:38-INFO] BEST_RECALL: 0.605, EPOCH:  30
[21-02-02 20:12:28-INFO] EPOCH: 35
[21-02-02 20:12:28-INFO] TRAIN_LOSS : 0.024, TIME: 409.7s
[21-02-02 20:13:04-INFO] VAL _RECALL: 1.000, TIME: 35.8s
[21-02-02 20:13:04-DEBUG] 
VAL  set, TITLE	CLS0	CLS1	CLS2	MEAN
VAL  set, REC:	1.000	1.000	1.000	1.000	
VAL  set, F1 :	1.000	1.000	1.000	1.000	
VAL  set, AUC:	1.000	1.000	1.000	1.000	
VAL  set, ACC:	1.000	1.000	1.000	1.000	
VAL  set, SPE:	1.000	1.000	1.000	1.000	
[21-02-02 20:13:40-INFO] TEST_RECALL: 0.592, TIME: 35.9s
[21-02-02 20:13:40-DEBUG] 
TEST set, TITLE	CLS0	CLS1	CLS2	MEAN
TEST set, REC:	0.630	0.419	0.727	0.592	
TEST set, F1 :	0.704	0.416	0.615	0.579	
TEST set, AUC:	0.839	0.642	0.854	0.779	
TEST set, ACC:	0.757	0.664	0.768	0.730	
TEST set, SPE:	0.864	0.762	0.782	0.803	
[21-02-02 20:13:40-INFO] BEST_RECALL: 0.605, EPOCH:  30
[21-02-02 20:20:30-INFO] EPOCH: 36
[21-02-02 20:20:30-INFO] TRAIN_LOSS : 0.027, TIME: 410.1s
[21-02-02 20:21:06-INFO] VAL _RECALL: 1.000, TIME: 35.9s
[21-02-02 20:21:06-DEBUG] 
VAL  set, TITLE	CLS0	CLS1	CLS2	MEAN
VAL  set, REC:	1.000	1.000	1.000	1.000	
VAL  set, F1 :	1.000	1.000	1.000	1.000	
VAL  set, AUC:	1.000	1.000	1.000	1.000	
VAL  set, ACC:	1.000	1.000	1.000	1.000	
VAL  set, SPE:	1.000	1.000	1.000	1.000	
[21-02-02 20:21:42-INFO] TEST_RECALL: 0.612, TIME: 35.9s
[21-02-02 20:21:42-DEBUG] 
TEST set, TITLE	CLS0	CLS1	CLS2	MEAN
TEST set, REC:	0.529	0.838	0.470	0.612	
TEST set, F1 :	0.656	0.551	0.614	0.607	
TEST set, AUC:	0.817	0.684	0.850	0.784	
TEST set, ACC:	0.745	0.610	0.849	0.735	
TEST set, SPE:	0.929	0.519	0.979	0.809	
[21-02-02 20:21:43-INFO] BEST_RECALL: 0.612, EPOCH:  36
[21-02-02 20:28:33-INFO] EPOCH: 37
[21-02-02 20:28:33-INFO] TRAIN_LOSS : 0.009, TIME: 410.0s
[21-02-02 20:29:09-INFO] VAL _RECALL: 1.000, TIME: 35.6s
[21-02-02 20:29:09-DEBUG] 
VAL  set, TITLE	CLS0	CLS1	CLS2	MEAN
VAL  set, REC:	1.000	1.000	1.000	1.000	
VAL  set, F1 :	1.000	1.000	1.000	1.000	
VAL  set, AUC:	1.000	1.000	1.000	1.000	
VAL  set, ACC:	1.000	1.000	1.000	1.000	
VAL  set, SPE:	1.000	1.000	1.000	1.000	
[21-02-02 20:29:45-INFO] TEST_RECALL: 0.588, TIME: 36.0s
[21-02-02 20:29:45-DEBUG] 
TEST set, TITLE	CLS0	CLS1	CLS2	MEAN
TEST set, REC:	0.723	0.149	0.894	0.588	
TEST set, F1 :	0.758	0.222	0.615	0.532	
TEST set, AUC:	0.853	0.646	0.861	0.787	
TEST set, ACC:	0.788	0.703	0.714	0.735	
TEST set, SPE:	0.843	0.924	0.653	0.807	
[21-02-02 20:29:45-INFO] BEST_RECALL: 0.612, EPOCH:  36
[21-02-02 20:36:35-INFO] EPOCH: 38
[21-02-02 20:36:35-INFO] TRAIN_LOSS : 0.008, TIME: 410.3s
[21-02-02 20:37:11-INFO] VAL _RECALL: 1.000, TIME: 35.8s
[21-02-02 20:37:11-DEBUG] 
VAL  set, TITLE	CLS0	CLS1	CLS2	MEAN
VAL  set, REC:	1.000	1.000	1.000	1.000	
VAL  set, F1 :	1.000	1.000	1.000	1.000	
VAL  set, AUC:	1.000	1.000	1.000	1.000	
VAL  set, ACC:	1.000	1.000	1.000	1.000	
VAL  set, SPE:	1.000	1.000	1.000	1.000	
[21-02-02 20:37:47-INFO] TEST_RECALL: 0.569, TIME: 35.9s
[21-02-02 20:37:47-DEBUG] 
TEST set, TITLE	CLS0	CLS1	CLS2	MEAN
TEST set, REC:	0.672	0.095	0.939	0.569	
TEST set, F1 :	0.748	0.157	0.577	0.494	
TEST set, AUC:	0.856	0.630	0.862	0.783	
TEST set, ACC:	0.792	0.710	0.649	0.717	
TEST set, SPE:	0.893	0.957	0.549	0.800	
[21-02-02 20:37:48-INFO] BEST_RECALL: 0.612, EPOCH:  36
[21-02-02 20:44:38-INFO] EPOCH: 39
[21-02-02 20:44:38-INFO] TRAIN_LOSS : 0.007, TIME: 410.1s
[21-02-02 20:45:14-INFO] VAL _RECALL: 1.000, TIME: 35.8s
[21-02-02 20:45:14-DEBUG] 
VAL  set, TITLE	CLS0	CLS1	CLS2	MEAN
VAL  set, REC:	1.000	1.000	1.000	1.000	
VAL  set, F1 :	1.000	1.000	1.000	1.000	
VAL  set, AUC:	1.000	1.000	1.000	1.000	
VAL  set, ACC:	1.000	1.000	1.000	1.000	
VAL  set, SPE:	1.000	1.000	1.000	1.000	
[21-02-02 20:45:50-INFO] TEST_RECALL: 0.591, TIME: 36.0s
[21-02-02 20:45:50-DEBUG] 
TEST set, TITLE	CLS0	CLS1	CLS2	MEAN
TEST set, REC:	0.756	0.486	0.530	0.591	
TEST set, F1 :	0.723	0.459	0.625	0.602	
TEST set, AUC:	0.826	0.680	0.866	0.790	
TEST set, ACC:	0.734	0.672	0.838	0.748	
TEST set, SPE:	0.714	0.746	0.943	0.801	
[21-02-02 20:45:50-INFO] BEST_RECALL: 0.612, EPOCH:  36
[21-02-02 20:52:40-INFO] EPOCH: 40
[21-02-02 20:52:40-INFO] TRAIN_LOSS : 0.006, TIME: 410.1s
[21-02-02 20:53:16-INFO] VAL _RECALL: 1.000, TIME: 35.8s
[21-02-02 20:53:16-DEBUG] 
VAL  set, TITLE	CLS0	CLS1	CLS2	MEAN
VAL  set, REC:	1.000	1.000	1.000	1.000	
VAL  set, F1 :	1.000	1.000	1.000	1.000	
VAL  set, AUC:	1.000	1.000	1.000	1.000	
VAL  set, ACC:	1.000	1.000	1.000	1.000	
VAL  set, SPE:	1.000	1.000	1.000	1.000	
[21-02-02 20:53:52-INFO] TEST_RECALL: 0.567, TIME: 35.9s
[21-02-02 20:53:52-DEBUG] 
TEST set, TITLE	CLS0	CLS1	CLS2	MEAN
TEST set, REC:	0.849	0.230	0.621	0.567	
TEST set, F1 :	0.751	0.293	0.617	0.554	
TEST set, AUC:	0.845	0.679	0.867	0.797	
TEST set, ACC:	0.741	0.683	0.803	0.743	
TEST set, SPE:	0.650	0.865	0.865	0.793	
[21-02-02 20:53:53-INFO] BEST_RECALL: 0.612, EPOCH:  36
[21-02-02 21:00:43-INFO] EPOCH: 41
[21-02-02 21:00:43-INFO] TRAIN_LOSS : 0.005, TIME: 410.3s
[21-02-02 21:01:18-INFO] VAL _RECALL: 1.000, TIME: 35.7s
[21-02-02 21:01:18-DEBUG] 
VAL  set, TITLE	CLS0	CLS1	CLS2	MEAN
VAL  set, REC:	1.000	1.000	1.000	1.000	
VAL  set, F1 :	1.000	1.000	1.000	1.000	
VAL  set, AUC:	1.000	1.000	1.000	1.000	
VAL  set, ACC:	1.000	1.000	1.000	1.000	
VAL  set, SPE:	1.000	1.000	1.000	1.000	
[21-02-02 21:01:54-INFO] TEST_RECALL: 0.577, TIME: 36.0s
[21-02-02 21:01:54-DEBUG] 
TEST set, TITLE	CLS0	CLS1	CLS2	MEAN
TEST set, REC:	0.782	0.297	0.652	0.577	
TEST set, F1 :	0.744	0.341	0.619	0.568	
TEST set, AUC:	0.843	0.678	0.864	0.795	
TEST set, ACC:	0.753	0.672	0.795	0.740	
TEST set, SPE:	0.729	0.822	0.845	0.798	
[21-02-02 21:01:55-INFO] BEST_RECALL: 0.612, EPOCH:  36
[21-02-02 21:08:45-INFO] EPOCH: 42
[21-02-02 21:08:45-INFO] TRAIN_LOSS : 0.005, TIME: 410.5s
[21-02-02 21:09:21-INFO] VAL _RECALL: 1.000, TIME: 35.8s
[21-02-02 21:09:21-DEBUG] 
VAL  set, TITLE	CLS0	CLS1	CLS2	MEAN
VAL  set, REC:	1.000	1.000	1.000	1.000	
VAL  set, F1 :	1.000	1.000	1.000	1.000	
VAL  set, AUC:	1.000	1.000	1.000	1.000	
VAL  set, ACC:	1.000	1.000	1.000	1.000	
VAL  set, SPE:	1.000	1.000	1.000	1.000	
[21-02-02 21:09:57-INFO] TEST_RECALL: 0.590, TIME: 35.9s
[21-02-02 21:09:57-DEBUG] 
TEST set, TITLE	CLS0	CLS1	CLS2	MEAN
TEST set, REC:	0.815	0.378	0.576	0.590	
TEST set, F1 :	0.746	0.406	0.633	0.595	
TEST set, AUC:	0.833	0.676	0.870	0.793	
TEST set, ACC:	0.745	0.683	0.830	0.753	
TEST set, SPE:	0.686	0.805	0.917	0.803	
[21-02-02 21:09:58-INFO] BEST_RECALL: 0.612, EPOCH:  36
[21-02-02 21:16:47-INFO] EPOCH: 43
[21-02-02 21:16:47-INFO] TRAIN_LOSS : 0.003, TIME: 409.8s
[21-02-02 21:17:23-INFO] VAL _RECALL: 1.000, TIME: 35.6s
[21-02-02 21:17:23-DEBUG] 
VAL  set, TITLE	CLS0	CLS1	CLS2	MEAN
VAL  set, REC:	1.000	1.000	1.000	1.000	
VAL  set, F1 :	1.000	1.000	1.000	1.000	
VAL  set, AUC:	1.000	1.000	1.000	1.000	
VAL  set, ACC:	1.000	1.000	1.000	1.000	
VAL  set, SPE:	1.000	1.000	1.000	1.000	
[21-02-02 21:17:59-INFO] TEST_RECALL: 0.575, TIME: 35.9s
[21-02-02 21:17:59-DEBUG] 
TEST set, TITLE	CLS0	CLS1	CLS2	MEAN
TEST set, REC:	0.748	0.432	0.545	0.575	
TEST set, F1 :	0.721	0.418	0.610	0.583	
TEST set, AUC:	0.829	0.678	0.862	0.790	
TEST set, ACC:	0.734	0.656	0.822	0.737	
TEST set, SPE:	0.721	0.746	0.917	0.795	
[21-02-02 21:17:59-INFO] BEST_RECALL: 0.612, EPOCH:  36
[21-02-02 21:24:50-INFO] EPOCH: 44
[21-02-02 21:24:50-INFO] TRAIN_LOSS : 0.003, TIME: 410.1s
[21-02-02 21:25:26-INFO] VAL _RECALL: 1.000, TIME: 36.0s
[21-02-02 21:25:26-DEBUG] 
VAL  set, TITLE	CLS0	CLS1	CLS2	MEAN
VAL  set, REC:	1.000	1.000	1.000	1.000	
VAL  set, F1 :	1.000	1.000	1.000	1.000	
VAL  set, AUC:	1.000	1.000	1.000	1.000	
VAL  set, ACC:	1.000	1.000	1.000	1.000	
VAL  set, SPE:	1.000	1.000	1.000	1.000	
[21-02-02 21:26:01-INFO] TEST_RECALL: 0.585, TIME: 35.9s
[21-02-02 21:26:01-DEBUG] 
TEST set, TITLE	CLS0	CLS1	CLS2	MEAN
TEST set, REC:	0.697	0.527	0.530	0.585	
TEST set, F1 :	0.703	0.464	0.614	0.594	
TEST set, AUC:	0.823	0.672	0.860	0.785	
TEST set, ACC:	0.730	0.653	0.830	0.737	
TEST set, SPE:	0.757	0.703	0.933	0.797	
[21-02-02 21:26:02-INFO] BEST_RECALL: 0.612, EPOCH:  36
[21-02-02 21:32:52-INFO] EPOCH: 45
[21-02-02 21:32:52-INFO] TRAIN_LOSS : 0.003, TIME: 410.1s
[21-02-02 21:33:28-INFO] VAL _RECALL: 1.000, TIME: 35.7s
[21-02-02 21:33:28-DEBUG] 
VAL  set, TITLE	CLS0	CLS1	CLS2	MEAN
VAL  set, REC:	1.000	1.000	1.000	1.000	
VAL  set, F1 :	1.000	1.000	1.000	1.000	
VAL  set, AUC:	1.000	1.000	1.000	1.000	
VAL  set, ACC:	1.000	1.000	1.000	1.000	
VAL  set, SPE:	1.000	1.000	1.000	1.000	
[21-02-02 21:34:04-INFO] TEST_RECALL: 0.571, TIME: 35.9s
[21-02-02 21:34:04-DEBUG] 
TEST set, TITLE	CLS0	CLS1	CLS2	MEAN
TEST set, REC:	0.815	0.338	0.561	0.571	
TEST set, F1 :	0.729	0.370	0.632	0.577	
TEST set, AUC:	0.833	0.680	0.863	0.792	
TEST set, ACC:	0.722	0.672	0.834	0.743	
TEST set, SPE:	0.643	0.805	0.927	0.792	
[21-02-02 21:34:04-INFO] BEST_RECALL: 0.612, EPOCH:  36
[21-02-02 21:40:55-INFO] EPOCH: 46
[21-02-02 21:40:55-INFO] TRAIN_LOSS : 0.002, TIME: 410.4s
[21-02-02 21:41:31-INFO] VAL _RECALL: 1.000, TIME: 35.9s
[21-02-02 21:41:31-DEBUG] 
VAL  set, TITLE	CLS0	CLS1	CLS2	MEAN
VAL  set, REC:	1.000	1.000	1.000	1.000	
VAL  set, F1 :	1.000	1.000	1.000	1.000	
VAL  set, AUC:	1.000	1.000	1.000	1.000	
VAL  set, ACC:	1.000	1.000	1.000	1.000	
VAL  set, SPE:	1.000	1.000	1.000	1.000	
[21-02-02 21:42:07-INFO] TEST_RECALL: 0.562, TIME: 36.0s
[21-02-02 21:42:07-DEBUG] 
TEST set, TITLE	CLS0	CLS1	CLS2	MEAN
TEST set, REC:	0.840	0.270	0.576	0.562	
TEST set, F1 :	0.746	0.320	0.608	0.558	
TEST set, AUC:	0.844	0.679	0.864	0.796	
TEST set, ACC:	0.737	0.672	0.811	0.740	
TEST set, SPE:	0.650	0.832	0.891	0.791	
[21-02-02 21:42:07-INFO] BEST_RECALL: 0.612, EPOCH:  36
[21-02-02 21:48:57-INFO] EPOCH: 47
[21-02-02 21:48:57-INFO] TRAIN_LOSS : 0.002, TIME: 410.0s
[21-02-02 21:49:33-INFO] VAL _RECALL: 1.000, TIME: 35.8s
[21-02-02 21:49:33-DEBUG] 
VAL  set, TITLE	CLS0	CLS1	CLS2	MEAN
VAL  set, REC:	1.000	1.000	1.000	1.000	
VAL  set, F1 :	1.000	1.000	1.000	1.000	
VAL  set, AUC:	1.000	1.000	1.000	1.000	
VAL  set, ACC:	1.000	1.000	1.000	1.000	
VAL  set, SPE:	1.000	1.000	1.000	1.000	
[21-02-02 21:50:09-INFO] TEST_RECALL: 0.568, TIME: 35.9s
[21-02-02 21:50:09-DEBUG] 
TEST set, TITLE	CLS0	CLS1	CLS2	MEAN
TEST set, REC:	0.882	0.216	0.606	0.568	
TEST set, F1 :	0.739	0.302	0.625	0.555	
TEST set, AUC:	0.842	0.678	0.861	0.794	
TEST set, ACC:	0.714	0.714	0.815	0.748	
TEST set, SPE:	0.571	0.914	0.886	0.790	
[21-02-02 21:50:09-INFO] BEST_RECALL: 0.612, EPOCH:  36
[21-02-02 21:57:00-INFO] EPOCH: 48
[21-02-02 21:57:00-INFO] TRAIN_LOSS : 0.076, TIME: 410.2s
[21-02-02 21:57:35-INFO] VAL _RECALL: 0.984, TIME: 35.7s
[21-02-02 21:57:35-DEBUG] 
VAL  set, TITLE	CLS0	CLS1	CLS2	MEAN
VAL  set, REC:	0.953	1.000	1.000	0.984	
VAL  set, F1 :	0.976	0.962	1.000	0.979	
VAL  set, AUC:	1.000	1.000	1.000	1.000	
VAL  set, ACC:	0.977	0.977	1.000	0.985	
VAL  set, SPE:	1.000	0.968	1.000	0.989	
[21-02-02 21:58:11-INFO] TEST_RECALL: 0.554, TIME: 36.0s
[21-02-02 21:58:11-DEBUG] 
TEST set, TITLE	CLS0	CLS1	CLS2	MEAN
TEST set, REC:	0.437	0.635	0.591	0.554	
TEST set, F1 :	0.565	0.461	0.600	0.542	
TEST set, AUC:	0.776	0.631	0.819	0.742	
TEST set, ACC:	0.691	0.575	0.799	0.689	
TEST set, SPE:	0.907	0.551	0.870	0.776	
[21-02-02 21:58:12-INFO] BEST_RECALL: 0.612, EPOCH:  36
[21-02-02 22:05:02-INFO] EPOCH: 49
[21-02-02 22:05:02-INFO] TRAIN_LOSS : 0.132, TIME: 410.4s
[21-02-02 22:05:38-INFO] VAL _RECALL: 0.674, TIME: 35.7s
[21-02-02 22:05:38-DEBUG] 
VAL  set, TITLE	CLS0	CLS1	CLS2	MEAN
VAL  set, REC:	0.023	1.000	1.000	0.674	
VAL  set, F1 :	0.045	0.543	1.000	0.530	
VAL  set, AUC:	1.000	0.987	1.000	0.996	
VAL  set, ACC:	0.515	0.515	1.000	0.677	
VAL  set, SPE:	1.000	0.319	1.000	0.773	
[21-02-02 22:06:14-INFO] TEST_RECALL: 0.386, TIME: 36.0s
[21-02-02 22:06:14-DEBUG] 
TEST set, TITLE	CLS0	CLS1	CLS2	MEAN
TEST set, REC:	0.000	0.946	0.212	0.386	
TEST set, F1 :	0.000	0.446	0.329	0.258	
TEST set, AUC:	0.762	0.493	0.829	0.695	
TEST set, ACC:	0.541	0.328	0.780	0.550	
TEST set, SPE:	1.000	0.081	0.974	0.685	
[21-02-02 22:06:14-INFO] BEST_RECALL: 0.612, EPOCH:  36
[21-02-02 22:13:04-INFO] EPOCH: 50
[21-02-02 22:13:04-INFO] TRAIN_LOSS : 0.046, TIME: 409.9s
[21-02-02 22:13:40-INFO] VAL _RECALL: 1.000, TIME: 35.7s
[21-02-02 22:13:40-DEBUG] 
VAL  set, TITLE	CLS0	CLS1	CLS2	MEAN
VAL  set, REC:	1.000	1.000	1.000	1.000	
VAL  set, F1 :	1.000	1.000	1.000	1.000	
VAL  set, AUC:	1.000	1.000	1.000	1.000	
VAL  set, ACC:	1.000	1.000	1.000	1.000	
VAL  set, SPE:	1.000	1.000	1.000	1.000	
[21-02-02 22:14:16-INFO] TEST_RECALL: 0.582, TIME: 36.0s
[21-02-02 22:14:16-DEBUG] 
TEST set, TITLE	CLS0	CLS1	CLS2	MEAN
TEST set, REC:	0.773	0.216	0.758	0.582	
TEST set, F1 :	0.751	0.274	0.641	0.555	
TEST set, AUC:	0.854	0.661	0.872	0.796	
TEST set, ACC:	0.764	0.672	0.784	0.740	
TEST set, SPE:	0.757	0.854	0.793	0.801	
[21-02-02 22:14:17-INFO] BEST_RECALL: 0.612, EPOCH:  36
[21-02-02 22:21:07-INFO] EPOCH: 51
[21-02-02 22:21:07-INFO] TRAIN_LOSS : 0.011, TIME: 410.1s
[21-02-02 22:21:43-INFO] VAL _RECALL: 1.000, TIME: 35.8s
[21-02-02 22:21:43-DEBUG] 
VAL  set, TITLE	CLS0	CLS1	CLS2	MEAN
VAL  set, REC:	1.000	1.000	1.000	1.000	
VAL  set, F1 :	1.000	1.000	1.000	1.000	
VAL  set, AUC:	1.000	1.000	1.000	1.000	
VAL  set, ACC:	1.000	1.000	1.000	1.000	
VAL  set, SPE:	1.000	1.000	1.000	1.000	
[21-02-02 22:22:19-INFO] TEST_RECALL: 0.604, TIME: 36.0s
[21-02-02 22:22:19-DEBUG] 
TEST set, TITLE	CLS0	CLS1	CLS2	MEAN
TEST set, REC:	0.798	0.392	0.621	0.604	
TEST set, F1 :	0.745	0.423	0.651	0.606	
TEST set, AUC:	0.843	0.680	0.876	0.800	
TEST set, ACC:	0.749	0.695	0.830	0.758	
TEST set, SPE:	0.707	0.816	0.902	0.808	
[21-02-02 22:22:19-INFO] BEST_RECALL: 0.612, EPOCH:  36
[21-02-02 22:29:09-INFO] EPOCH: 52
[21-02-02 22:29:09-INFO] TRAIN_LOSS : 0.006, TIME: 410.0s
[21-02-02 22:29:45-INFO] VAL _RECALL: 1.000, TIME: 35.8s
[21-02-02 22:29:45-DEBUG] 
VAL  set, TITLE	CLS0	CLS1	CLS2	MEAN
VAL  set, REC:	1.000	1.000	1.000	1.000	
VAL  set, F1 :	1.000	1.000	1.000	1.000	
VAL  set, AUC:	1.000	1.000	1.000	1.000	
VAL  set, ACC:	1.000	1.000	1.000	1.000	
VAL  set, SPE:	1.000	1.000	1.000	1.000	
[21-02-02 22:30:21-INFO] TEST_RECALL: 0.532, TIME: 36.0s
[21-02-02 22:30:21-DEBUG] 
TEST set, TITLE	CLS0	CLS1	CLS2	MEAN
TEST set, REC:	0.672	0.622	0.303	0.532	
TEST set, F1 :	0.675	0.482	0.444	0.534	
TEST set, AUC:	0.804	0.675	0.874	0.784	
TEST set, ACC:	0.703	0.618	0.807	0.709	
TEST set, SPE:	0.729	0.616	0.979	0.775	
[21-02-02 22:30:21-INFO] BEST_RECALL: 0.612, EPOCH:  36
[21-02-02 22:37:12-INFO] EPOCH: 53
[21-02-02 22:37:12-INFO] TRAIN_LOSS : 0.005, TIME: 410.2s
[21-02-02 22:37:48-INFO] VAL _RECALL: 1.000, TIME: 35.9s
[21-02-02 22:37:48-DEBUG] 
VAL  set, TITLE	CLS0	CLS1	CLS2	MEAN
VAL  set, REC:	1.000	1.000	1.000	1.000	
VAL  set, F1 :	1.000	1.000	1.000	1.000	
VAL  set, AUC:	1.000	1.000	1.000	1.000	
VAL  set, ACC:	1.000	1.000	1.000	1.000	
VAL  set, SPE:	1.000	1.000	1.000	1.000	
[21-02-02 22:38:23-INFO] TEST_RECALL: 0.591, TIME: 35.9s
[21-02-02 22:38:23-DEBUG] 
TEST set, TITLE	CLS0	CLS1	CLS2	MEAN
TEST set, REC:	0.824	0.162	0.788	0.591	
TEST set, F1 :	0.772	0.235	0.642	0.550	
TEST set, AUC:	0.855	0.672	0.877	0.801	
TEST set, ACC:	0.776	0.699	0.776	0.750	
TEST set, SPE:	0.736	0.914	0.772	0.807	
[21-02-02 22:38:24-INFO] BEST_RECALL: 0.612, EPOCH:  36
[21-02-02 22:45:14-INFO] EPOCH: 54
[21-02-02 22:45:14-INFO] TRAIN_LOSS : 0.011, TIME: 410.1s
[21-02-02 22:45:50-INFO] VAL _RECALL: 1.000, TIME: 35.9s
[21-02-02 22:45:50-DEBUG] 
VAL  set, TITLE	CLS0	CLS1	CLS2	MEAN
VAL  set, REC:	1.000	1.000	1.000	1.000	
VAL  set, F1 :	1.000	1.000	1.000	1.000	
VAL  set, AUC:	1.000	1.000	1.000	1.000	
VAL  set, ACC:	1.000	1.000	1.000	1.000	
VAL  set, SPE:	1.000	1.000	1.000	1.000	
[21-02-02 22:46:26-INFO] TEST_RECALL: 0.581, TIME: 35.9s
[21-02-02 22:46:26-DEBUG] 
TEST set, TITLE	CLS0	CLS1	CLS2	MEAN
TEST set, REC:	0.765	0.432	0.545	0.581	
TEST set, F1 :	0.728	0.435	0.595	0.586	
TEST set, AUC:	0.827	0.674	0.873	0.791	
TEST set, ACC:	0.737	0.680	0.811	0.743	
TEST set, SPE:	0.714	0.778	0.902	0.798	
[21-02-02 22:46:26-INFO] BEST_RECALL: 0.612, EPOCH:  36
[21-02-02 22:53:16-INFO] EPOCH: 55
[21-02-02 22:53:16-INFO] TRAIN_LOSS : 0.005, TIME: 410.2s
[21-02-02 22:53:52-INFO] VAL _RECALL: 1.000, TIME: 35.8s
[21-02-02 22:53:52-DEBUG] 
VAL  set, TITLE	CLS0	CLS1	CLS2	MEAN
VAL  set, REC:	1.000	1.000	1.000	1.000	
VAL  set, F1 :	1.000	1.000	1.000	1.000	
VAL  set, AUC:	1.000	1.000	1.000	1.000	
VAL  set, ACC:	1.000	1.000	1.000	1.000	
VAL  set, SPE:	1.000	1.000	1.000	1.000	
[21-02-02 22:54:28-INFO] TEST_RECALL: 0.590, TIME: 36.0s
[21-02-02 22:54:28-DEBUG] 
TEST set, TITLE	CLS0	CLS1	CLS2	MEAN
TEST set, REC:	0.798	0.365	0.606	0.590	
TEST set, F1 :	0.739	0.400	0.635	0.591	
TEST set, AUC:	0.833	0.675	0.872	0.794	
TEST set, ACC:	0.741	0.687	0.822	0.750	
TEST set, SPE:	0.693	0.816	0.896	0.802	
[21-02-02 22:54:29-INFO] BEST_RECALL: 0.612, EPOCH:  36
[21-02-02 23:01:19-INFO] EPOCH: 56
[21-02-02 23:01:19-INFO] TRAIN_LOSS : 0.004, TIME: 410.0s
[21-02-02 23:01:54-INFO] VAL _RECALL: 0.976, TIME: 35.8s
[21-02-02 23:01:54-DEBUG] 
VAL  set, TITLE	CLS0	CLS1	CLS2	MEAN
VAL  set, REC:	0.969	0.960	1.000	0.976	
VAL  set, F1 :	0.984	0.980	0.941	0.968	
VAL  set, AUC:	1.000	1.000	1.000	1.000	
VAL  set, ACC:	0.985	0.988	0.973	0.982	
VAL  set, SPE:	1.000	1.000	0.966	0.989	
[21-02-02 23:02:30-INFO] TEST_RECALL: 0.444, TIME: 35.9s
[21-02-02 23:02:30-DEBUG] 
TEST set, TITLE	CLS0	CLS1	CLS2	MEAN
TEST set, REC:	0.319	0.014	1.000	0.444	
TEST set, F1 :	0.475	0.027	0.466	0.323	
TEST set, AUC:	0.860	0.603	0.862	0.775	
TEST set, ACC:	0.676	0.718	0.417	0.604	
TEST set, SPE:	0.979	1.000	0.218	0.732	
[21-02-02 23:02:31-INFO] BEST_RECALL: 0.612, EPOCH:  36
[21-02-02 23:09:21-INFO] EPOCH: 57
[21-02-02 23:09:21-INFO] TRAIN_LOSS : 0.096, TIME: 410.3s
[21-02-02 23:09:57-INFO] VAL _RECALL: 1.000, TIME: 35.8s
[21-02-02 23:09:57-DEBUG] 
VAL  set, TITLE	CLS0	CLS1	CLS2	MEAN
VAL  set, REC:	1.000	1.000	1.000	1.000	
VAL  set, F1 :	1.000	1.000	1.000	1.000	
VAL  set, AUC:	1.000	1.000	1.000	1.000	
VAL  set, ACC:	1.000	1.000	1.000	1.000	
VAL  set, SPE:	1.000	1.000	1.000	1.000	
[21-02-02 23:10:33-INFO] TEST_RECALL: 0.598, TIME: 35.9s
[21-02-02 23:10:33-DEBUG] 
TEST set, TITLE	CLS0	CLS1	CLS2	MEAN
TEST set, REC:	0.866	0.338	0.591	0.598	
TEST set, F1 :	0.757	0.403	0.639	0.600	
TEST set, AUC:	0.842	0.676	0.861	0.793	
TEST set, ACC:	0.745	0.714	0.830	0.763	
TEST set, SPE:	0.643	0.865	0.912	0.807	
[21-02-02 23:10:33-INFO] BEST_RECALL: 0.612, EPOCH:  36
[21-02-02 23:17:24-INFO] EPOCH: 58
[21-02-02 23:17:24-INFO] TRAIN_LOSS : 0.009, TIME: 410.1s
[21-02-02 23:17:59-INFO] VAL _RECALL: 1.000, TIME: 35.7s
[21-02-02 23:17:59-DEBUG] 
VAL  set, TITLE	CLS0	CLS1	CLS2	MEAN
VAL  set, REC:	1.000	1.000	1.000	1.000	
VAL  set, F1 :	1.000	1.000	1.000	1.000	
VAL  set, AUC:	1.000	1.000	1.000	1.000	
VAL  set, ACC:	1.000	1.000	1.000	1.000	
VAL  set, SPE:	1.000	1.000	1.000	1.000	
[21-02-02 23:18:35-INFO] TEST_RECALL: 0.602, TIME: 36.0s
[21-02-02 23:18:35-DEBUG] 
TEST set, TITLE	CLS0	CLS1	CLS2	MEAN
TEST set, REC:	0.824	0.392	0.591	0.602	
TEST set, F1 :	0.757	0.426	0.634	0.606	
TEST set, AUC:	0.841	0.684	0.862	0.796	
TEST set, ACC:	0.757	0.699	0.826	0.761	
TEST set, SPE:	0.700	0.822	0.907	0.809	
[21-02-02 23:18:36-INFO] BEST_RECALL: 0.612, EPOCH:  36
[21-02-02 23:25:26-INFO] EPOCH: 59
[21-02-02 23:25:26-INFO] TRAIN_LOSS : 0.006, TIME: 410.3s
[21-02-02 23:26:02-INFO] VAL _RECALL: 1.000, TIME: 35.8s
[21-02-02 23:26:02-DEBUG] 
VAL  set, TITLE	CLS0	CLS1	CLS2	MEAN
VAL  set, REC:	1.000	1.000	1.000	1.000	
VAL  set, F1 :	1.000	1.000	1.000	1.000	
VAL  set, AUC:	1.000	1.000	1.000	1.000	
VAL  set, ACC:	1.000	1.000	1.000	1.000	
VAL  set, SPE:	1.000	1.000	1.000	1.000	
[21-02-02 23:26:38-INFO] TEST_RECALL: 0.599, TIME: 35.9s
[21-02-02 23:26:38-DEBUG] 
TEST set, TITLE	CLS0	CLS1	CLS2	MEAN
TEST set, REC:	0.773	0.432	0.591	0.599	
TEST set, F1 :	0.739	0.432	0.645	0.605	
TEST set, AUC:	0.837	0.677	0.865	0.793	
TEST set, ACC:	0.749	0.676	0.834	0.753	
TEST set, SPE:	0.729	0.773	0.917	0.806	
[21-02-02 23:26:38-INFO] BEST_RECALL: 0.612, EPOCH:  36
[21-02-02 23:33:28-INFO] EPOCH: 60
[21-02-02 23:33:28-INFO] TRAIN_LOSS : 0.003, TIME: 410.2s
[21-02-02 23:34:04-INFO] VAL _RECALL: 1.000, TIME: 35.7s
[21-02-02 23:34:04-DEBUG] 
VAL  set, TITLE	CLS0	CLS1	CLS2	MEAN
VAL  set, REC:	1.000	1.000	1.000	1.000	
VAL  set, F1 :	1.000	1.000	1.000	1.000	
VAL  set, AUC:	1.000	1.000	1.000	1.000	
VAL  set, ACC:	1.000	1.000	1.000	1.000	
VAL  set, SPE:	1.000	1.000	1.000	1.000	
[21-02-02 23:34:40-INFO] TEST_RECALL: 0.617, TIME: 36.0s
[21-02-02 23:34:40-DEBUG] 
TEST set, TITLE	CLS0	CLS1	CLS2	MEAN
TEST set, REC:	0.739	0.446	0.667	0.617	
TEST set, F1 :	0.736	0.446	0.672	0.618	
TEST set, AUC:	0.840	0.669	0.858	0.789	
TEST set, ACC:	0.757	0.683	0.834	0.758	
TEST set, SPE:	0.771	0.778	0.891	0.814	
[21-02-02 23:34:41-INFO] BEST_RECALL: 0.617, EPOCH:  60
[21-02-02 23:41:30-INFO] EPOCH: 61
[21-02-02 23:41:30-INFO] TRAIN_LOSS : 0.003, TIME: 409.3s
[21-02-02 23:42:06-INFO] VAL _RECALL: 1.000, TIME: 36.1s
[21-02-02 23:42:06-DEBUG] 
VAL  set, TITLE	CLS0	CLS1	CLS2	MEAN
VAL  set, REC:	1.000	1.000	1.000	1.000	
VAL  set, F1 :	1.000	1.000	1.000	1.000	
VAL  set, AUC:	1.000	1.000	1.000	1.000	
VAL  set, ACC:	1.000	1.000	1.000	1.000	
VAL  set, SPE:	1.000	1.000	1.000	1.000	
[21-02-02 23:42:42-INFO] TEST_RECALL: 0.590, TIME: 36.0s
[21-02-02 23:42:42-DEBUG] 
TEST set, TITLE	CLS0	CLS1	CLS2	MEAN
TEST set, REC:	0.790	0.419	0.561	0.590	
TEST set, F1 :	0.740	0.425	0.627	0.597	
TEST set, AUC:	0.836	0.676	0.863	0.791	
TEST set, ACC:	0.745	0.676	0.830	0.750	
TEST set, SPE:	0.707	0.778	0.922	0.803	
[21-02-02 23:42:43-INFO] BEST_RECALL: 0.617, EPOCH:  60
[21-02-02 23:49:32-INFO] EPOCH: 62
[21-02-02 23:49:32-INFO] TRAIN_LOSS : 0.003, TIME: 409.5s
[21-02-02 23:50:08-INFO] VAL _RECALL: 1.000, TIME: 35.8s
[21-02-02 23:50:08-DEBUG] 
VAL  set, TITLE	CLS0	CLS1	CLS2	MEAN
VAL  set, REC:	1.000	1.000	1.000	1.000	
VAL  set, F1 :	1.000	1.000	1.000	1.000	
VAL  set, AUC:	1.000	1.000	1.000	1.000	
VAL  set, ACC:	1.000	1.000	1.000	1.000	
VAL  set, SPE:	1.000	1.000	1.000	1.000	
[21-02-02 23:50:44-INFO] TEST_RECALL: 0.609, TIME: 35.9s
[21-02-02 23:50:44-DEBUG] 
TEST set, TITLE	CLS0	CLS1	CLS2	MEAN
TEST set, REC:	0.798	0.378	0.652	0.609	
TEST set, F1 :	0.751	0.424	0.647	0.607	
TEST set, AUC:	0.843	0.678	0.870	0.797	
TEST set, ACC:	0.757	0.707	0.819	0.761	
TEST set, SPE:	0.721	0.838	0.876	0.812	
[21-02-02 23:50:45-INFO] BEST_RECALL: 0.617, EPOCH:  60
[21-02-02 23:57:35-INFO] EPOCH: 63
[21-02-02 23:57:35-INFO] TRAIN_LOSS : 0.002, TIME: 410.2s
[21-02-02 23:58:11-INFO] VAL _RECALL: 1.000, TIME: 35.8s
[21-02-02 23:58:11-DEBUG] 
VAL  set, TITLE	CLS0	CLS1	CLS2	MEAN
VAL  set, REC:	1.000	1.000	1.000	1.000	
VAL  set, F1 :	1.000	1.000	1.000	1.000	
VAL  set, AUC:	1.000	1.000	1.000	1.000	
VAL  set, ACC:	1.000	1.000	1.000	1.000	
VAL  set, SPE:	1.000	1.000	1.000	1.000	
[21-02-02 23:58:46-INFO] TEST_RECALL: 0.583, TIME: 35.9s
[21-02-02 23:58:46-DEBUG] 
TEST set, TITLE	CLS0	CLS1	CLS2	MEAN
TEST set, REC:	0.773	0.446	0.530	0.583	
TEST set, F1 :	0.733	0.431	0.614	0.593	
TEST set, AUC:	0.831	0.677	0.865	0.791	
TEST set, ACC:	0.741	0.664	0.830	0.745	
TEST set, SPE:	0.714	0.751	0.933	0.799	
[21-02-02 23:58:47-INFO] BEST_RECALL: 0.617, EPOCH:  60
[21-02-03 00:05:37-INFO] EPOCH: 64
[21-02-03 00:05:37-INFO] TRAIN_LOSS : 0.002, TIME: 410.1s
[21-02-03 00:06:13-INFO] VAL _RECALL: 1.000, TIME: 36.0s
[21-02-03 00:06:13-DEBUG] 
VAL  set, TITLE	CLS0	CLS1	CLS2	MEAN
VAL  set, REC:	1.000	1.000	1.000	1.000	
VAL  set, F1 :	1.000	1.000	1.000	1.000	
VAL  set, AUC:	1.000	1.000	1.000	1.000	
VAL  set, ACC:	1.000	1.000	1.000	1.000	
VAL  set, SPE:	1.000	1.000	1.000	1.000	
[21-02-03 00:06:49-INFO] TEST_RECALL: 0.590, TIME: 35.9s
[21-02-03 00:06:49-DEBUG] 
TEST set, TITLE	CLS0	CLS1	CLS2	MEAN
TEST set, REC:	0.782	0.459	0.530	0.590	
TEST set, F1 :	0.738	0.444	0.619	0.601	
TEST set, AUC:	0.832	0.679	0.868	0.793	
TEST set, ACC:	0.745	0.672	0.834	0.750	
TEST set, SPE:	0.714	0.757	0.938	0.803	
[21-02-03 00:06:49-INFO] BEST_RECALL: 0.617, EPOCH:  60
[21-02-03 00:13:39-INFO] EPOCH: 65
[21-02-03 00:13:39-INFO] TRAIN_LOSS : 0.002, TIME: 409.9s
[21-02-03 00:14:15-INFO] VAL _RECALL: 1.000, TIME: 35.8s
[21-02-03 00:14:15-DEBUG] 
VAL  set, TITLE	CLS0	CLS1	CLS2	MEAN
VAL  set, REC:	1.000	1.000	1.000	1.000	
VAL  set, F1 :	1.000	1.000	1.000	1.000	
VAL  set, AUC:	1.000	1.000	1.000	1.000	
VAL  set, ACC:	1.000	1.000	1.000	1.000	
VAL  set, SPE:	1.000	1.000	1.000	1.000	
[21-02-03 00:14:51-INFO] TEST_RECALL: 0.594, TIME: 36.0s
[21-02-03 00:14:51-DEBUG] 
TEST set, TITLE	CLS0	CLS1	CLS2	MEAN
TEST set, REC:	0.815	0.392	0.576	0.594	
TEST set, F1 :	0.746	0.414	0.644	0.602	
TEST set, AUC:	0.835	0.678	0.870	0.794	
TEST set, ACC:	0.745	0.683	0.838	0.755	
TEST set, SPE:	0.686	0.800	0.927	0.804	
[21-02-03 00:14:52-INFO] BEST_RECALL: 0.617, EPOCH:  60
[21-02-03 00:21:41-INFO] EPOCH: 66
[21-02-03 00:21:41-INFO] TRAIN_LOSS : 0.002, TIME: 409.9s
[21-02-03 00:22:17-INFO] VAL _RECALL: 1.000, TIME: 35.9s
[21-02-03 00:22:17-DEBUG] 
VAL  set, TITLE	CLS0	CLS1	CLS2	MEAN
VAL  set, REC:	1.000	1.000	1.000	1.000	
VAL  set, F1 :	1.000	1.000	1.000	1.000	
VAL  set, AUC:	1.000	1.000	1.000	1.000	
VAL  set, ACC:	1.000	1.000	1.000	1.000	
VAL  set, SPE:	1.000	1.000	1.000	1.000	
[21-02-03 00:22:53-INFO] TEST_RECALL: 0.576, TIME: 35.9s
[21-02-03 00:22:53-DEBUG] 
TEST set, TITLE	CLS0	CLS1	CLS2	MEAN
TEST set, REC:	0.807	0.392	0.530	0.576	
TEST set, F1 :	0.733	0.408	0.614	0.585	
TEST set, AUC:	0.832	0.678	0.868	0.793	
TEST set, ACC:	0.730	0.676	0.830	0.745	
TEST set, SPE:	0.664	0.789	0.933	0.795	
[21-02-03 00:22:54-INFO] BEST_RECALL: 0.617, EPOCH:  60
[21-02-03 00:29:44-INFO] EPOCH: 67
[21-02-03 00:29:44-INFO] TRAIN_LOSS : 0.001, TIME: 409.6s
[21-02-03 00:30:19-INFO] VAL _RECALL: 1.000, TIME: 35.7s
[21-02-03 00:30:19-DEBUG] 
VAL  set, TITLE	CLS0	CLS1	CLS2	MEAN
VAL  set, REC:	1.000	1.000	1.000	1.000	
VAL  set, F1 :	1.000	1.000	1.000	1.000	
VAL  set, AUC:	1.000	1.000	1.000	1.000	
VAL  set, ACC:	1.000	1.000	1.000	1.000	
VAL  set, SPE:	1.000	1.000	1.000	1.000	
[21-02-03 00:30:55-INFO] TEST_RECALL: 0.580, TIME: 36.0s
[21-02-03 00:30:55-DEBUG] 
TEST set, TITLE	CLS0	CLS1	CLS2	MEAN
TEST set, REC:	0.773	0.392	0.576	0.580	
TEST set, F1 :	0.733	0.403	0.618	0.585	
TEST set, AUC:	0.837	0.679	0.867	0.794	
TEST set, ACC:	0.741	0.668	0.819	0.743	
TEST set, SPE:	0.714	0.778	0.902	0.798	
[21-02-03 00:30:56-INFO] BEST_RECALL: 0.617, EPOCH:  60
[21-02-03 00:37:46-INFO] EPOCH: 68
[21-02-03 00:37:46-INFO] TRAIN_LOSS : 0.002, TIME: 409.9s
[21-02-03 00:38:22-INFO] VAL _RECALL: 1.000, TIME: 35.8s
[21-02-03 00:38:22-DEBUG] 
VAL  set, TITLE	CLS0	CLS1	CLS2	MEAN
VAL  set, REC:	1.000	1.000	1.000	1.000	
VAL  set, F1 :	1.000	1.000	1.000	1.000	
VAL  set, AUC:	1.000	1.000	1.000	1.000	
VAL  set, ACC:	1.000	1.000	1.000	1.000	
VAL  set, SPE:	1.000	1.000	1.000	1.000	
[21-02-03 00:38:57-INFO] TEST_RECALL: 0.577, TIME: 35.9s
[21-02-03 00:38:57-DEBUG] 
TEST set, TITLE	CLS0	CLS1	CLS2	MEAN
TEST set, REC:	0.798	0.419	0.515	0.577	
TEST set, F1 :	0.736	0.425	0.596	0.586	
TEST set, AUC:	0.830	0.677	0.865	0.791	
TEST set, ACC:	0.737	0.676	0.822	0.745	
TEST set, SPE:	0.686	0.778	0.927	0.797	
[21-02-03 00:38:58-INFO] BEST_RECALL: 0.617, EPOCH:  60
[21-02-03 00:45:48-INFO] EPOCH: 69
[21-02-03 00:45:48-INFO] TRAIN_LOSS : 0.001, TIME: 410.3s
[21-02-03 00:46:24-INFO] VAL _RECALL: 1.000, TIME: 35.8s
[21-02-03 00:46:24-DEBUG] 
VAL  set, TITLE	CLS0	CLS1	CLS2	MEAN
VAL  set, REC:	1.000	1.000	1.000	1.000	
VAL  set, F1 :	1.000	1.000	1.000	1.000	
VAL  set, AUC:	1.000	1.000	1.000	1.000	
VAL  set, ACC:	1.000	1.000	1.000	1.000	
VAL  set, SPE:	1.000	1.000	1.000	1.000	
[21-02-03 00:47:00-INFO] TEST_RECALL: 0.582, TIME: 35.9s
[21-02-03 00:47:00-DEBUG] 
TEST set, TITLE	CLS0	CLS1	CLS2	MEAN
TEST set, REC:	0.807	0.378	0.561	0.582	
TEST set, F1 :	0.738	0.400	0.627	0.589	
TEST set, AUC:	0.835	0.682	0.868	0.795	
TEST set, ACC:	0.737	0.676	0.830	0.748	
TEST set, SPE:	0.679	0.795	0.922	0.798	
[21-02-03 00:47:00-INFO] BEST_RECALL: 0.617, EPOCH:  60
