[21-02-15 08:58:35-DEBUG] Checkpoints is in:
./results/checkpoints/20210215/3D_ResNet50-4-085834/
[21-02-15 08:58:35-DEBUG] Tensorboard is in:
./results/tensorboards/20210215/3D_ResNet50-4-085834/
[21-02-15 08:58:35-DEBUG] Data is in:
./data/Net_Input/3D_64_z1.0_l0.70_h0.10_20210125/
[21-02-15 08:58:35-DEBUG] LR: 0.0001, LD: 0.98
[21-02-15 08:58:35-DEBUG] WD: 1e-05, WU: 20
[21-02-15 08:58:35-DEBUG] BS: 4, FOLD: 4


[21-02-15 09:06:37-INFO] EPOCH: 1
[21-02-15 09:06:37-INFO] TRAIN_LOSS : 1.027, TIME: 474.2s
[21-02-15 09:07:16-INFO] VAL _RECALL: 0.406, TIME: 38.9s
[21-02-15 09:07:16-DEBUG] 
VAL  set, TITLE	CLS0	CLS1	CLS2	MEAN
VAL  set, REC:	0.922	0.080	0.214	0.406	
VAL  set, F1 :	0.690	0.132	0.286	0.369	
VAL  set, AUC:	0.721	0.599	0.683	0.667	
VAL  set, ACC:	0.588	0.696	0.769	0.685	
VAL  set, SPE:	0.260	0.946	0.922	0.709	
[21-02-15 09:07:55-INFO] TEST_RECALL: 0.428, TIME: 39.0s
[21-02-15 09:07:55-DEBUG] 
TEST set, TITLE	CLS0	CLS1	CLS2	MEAN
TEST set, REC:	0.933	0.095	0.258	0.428	
TEST set, F1 :	0.677	0.156	0.340	0.391	
TEST set, AUC:	0.687	0.563	0.661	0.637	
TEST set, ACC:	0.591	0.707	0.745	0.681	
TEST set, SPE:	0.300	0.951	0.912	0.721	
[21-02-15 09:07:55-INFO] BEST_RECALL: 0.428, EPOCH:   1
[21-02-15 09:15:49-INFO] EPOCH: 2
[21-02-15 09:15:49-INFO] TRAIN_LOSS : 0.982, TIME: 473.9s
[21-02-15 09:16:28-INFO] VAL _RECALL: 0.426, TIME: 39.0s
[21-02-15 09:16:28-DEBUG] 
VAL  set, TITLE	CLS0	CLS1	CLS2	MEAN
VAL  set, REC:	0.318	0.067	0.893	0.426	
VAL  set, F1 :	0.448	0.110	0.407	0.321	
VAL  set, AUC:	0.749	0.472	0.709	0.643	
VAL  set, ACC:	0.612	0.688	0.438	0.579	
VAL  set, SPE:	0.901	0.941	0.314	0.718	
[21-02-15 09:17:07-INFO] TEST_RECALL: 0.418, TIME: 38.9s
[21-02-15 09:17:07-DEBUG] 
TEST set, TITLE	CLS0	CLS1	CLS2	MEAN
TEST set, REC:	0.261	0.054	0.939	0.418	
TEST set, F1 :	0.385	0.094	0.456	0.312	
TEST set, AUC:	0.720	0.466	0.687	0.624	
TEST set, ACC:	0.618	0.703	0.429	0.583	
TEST set, SPE:	0.921	0.962	0.254	0.712	
[21-02-15 09:17:07-INFO] BEST_RECALL: 0.428, EPOCH:   1
[21-02-15 09:25:01-INFO] EPOCH: 3
[21-02-15 09:25:01-INFO] TRAIN_LOSS : 0.936, TIME: 473.8s
[21-02-15 09:25:40-INFO] VAL _RECALL: 0.527, TIME: 38.9s
[21-02-15 09:25:40-DEBUG] 
VAL  set, TITLE	CLS0	CLS1	CLS2	MEAN
VAL  set, REC:	0.837	0.227	0.518	0.527	
VAL  set, F1 :	0.730	0.286	0.552	0.523	
VAL  set, AUC:	0.796	0.660	0.817	0.758	
VAL  set, ACC:	0.692	0.673	0.819	0.728	
VAL  set, SPE:	0.550	0.854	0.902	0.769	
[21-02-15 09:26:19-INFO] TEST_RECALL: 0.517, TIME: 38.8s
[21-02-15 09:26:19-DEBUG] 
TEST set, TITLE	CLS0	CLS1	CLS2	MEAN
TEST set, REC:	0.798	0.284	0.470	0.517	
TEST set, F1 :	0.704	0.336	0.504	0.515	
TEST set, AUC:	0.754	0.586	0.764	0.701	
TEST set, ACC:	0.691	0.680	0.764	0.712	
TEST set, SPE:	0.600	0.838	0.865	0.768	
[21-02-15 09:26:20-INFO] BEST_RECALL: 0.517, EPOCH:   3
[21-02-15 09:34:14-INFO] EPOCH: 4
[21-02-15 09:34:14-INFO] TRAIN_LOSS : 0.896, TIME: 473.7s
[21-02-15 09:34:53-INFO] VAL _RECALL: 0.333, TIME: 39.0s
[21-02-15 09:34:53-DEBUG] 
VAL  set, TITLE	CLS0	CLS1	CLS2	MEAN
VAL  set, REC:	1.000	0.000	0.000	0.333	
VAL  set, F1 :	0.663	0.000	0.000	0.221	
VAL  set, AUC:	0.766	0.613	0.792	0.724	
VAL  set, ACC:	0.496	0.712	0.785	0.664	
VAL  set, SPE:	0.000	1.000	1.000	0.667	
[21-02-15 09:35:31-INFO] TEST_RECALL: 0.333, TIME: 38.8s
[21-02-15 09:35:31-DEBUG] 
TEST set, TITLE	CLS0	CLS1	CLS2	MEAN
TEST set, REC:	1.000	0.000	0.000	0.333	
TEST set, F1 :	0.630	0.000	0.000	0.210	
TEST set, AUC:	0.685	0.575	0.713	0.657	
TEST set, ACC:	0.459	0.714	0.745	0.640	
TEST set, SPE:	0.000	1.000	1.000	0.667	
[21-02-15 09:35:31-INFO] BEST_RECALL: 0.517, EPOCH:   3
[21-02-15 09:43:25-INFO] EPOCH: 5
[21-02-15 09:43:25-INFO] TRAIN_LOSS : 0.843, TIME: 473.7s
[21-02-15 09:44:04-INFO] VAL _RECALL: 0.486, TIME: 38.9s
[21-02-15 09:44:04-DEBUG] 
VAL  set, TITLE	CLS0	CLS1	CLS2	MEAN
VAL  set, REC:	0.922	0.267	0.268	0.486	
VAL  set, F1 :	0.717	0.342	0.423	0.494	
VAL  set, AUC:	0.842	0.720	0.889	0.817	
VAL  set, ACC:	0.638	0.704	0.842	0.728	
VAL  set, SPE:	0.359	0.881	1.000	0.747	
[21-02-15 09:44:43-INFO] TEST_RECALL: 0.481, TIME: 38.9s
[21-02-15 09:44:43-DEBUG] 
TEST set, TITLE	CLS0	CLS1	CLS2	MEAN
TEST set, REC:	0.899	0.270	0.273	0.481	
TEST set, F1 :	0.697	0.325	0.409	0.477	
TEST set, AUC:	0.782	0.629	0.813	0.741	
TEST set, ACC:	0.641	0.680	0.799	0.707	
TEST set, SPE:	0.421	0.843	0.979	0.748	
[21-02-15 09:44:43-INFO] BEST_RECALL: 0.517, EPOCH:   3
[21-02-15 09:52:37-INFO] EPOCH: 6
[21-02-15 09:52:37-INFO] TRAIN_LOSS : 0.820, TIME: 473.7s
[21-02-15 09:53:15-INFO] VAL _RECALL: 0.561, TIME: 38.8s
[21-02-15 09:53:15-DEBUG] 
VAL  set, TITLE	CLS0	CLS1	CLS2	MEAN
VAL  set, REC:	0.961	0.027	0.696	0.561	
VAL  set, F1 :	0.780	0.051	0.634	0.488	
VAL  set, AUC:	0.879	0.753	0.904	0.845	
VAL  set, ACC:	0.731	0.712	0.827	0.756	
VAL  set, SPE:	0.504	0.989	0.863	0.785	
[21-02-15 09:53:54-INFO] TEST_RECALL: 0.523, TIME: 38.9s
[21-02-15 09:53:54-DEBUG] 
TEST set, TITLE	CLS0	CLS1	CLS2	MEAN
TEST set, REC:	0.908	0.041	0.621	0.523	
TEST set, F1 :	0.715	0.076	0.599	0.463	
TEST set, AUC:	0.798	0.641	0.808	0.749	
TEST set, ACC:	0.668	0.718	0.788	0.725	
TEST set, SPE:	0.464	0.989	0.845	0.766	
[21-02-15 09:53:56-INFO] BEST_RECALL: 0.523, EPOCH:   6
[21-02-15 10:01:50-INFO] EPOCH: 7
[21-02-15 10:01:50-INFO] TRAIN_LOSS : 0.810, TIME: 473.4s
[21-02-15 10:02:28-INFO] VAL _RECALL: 0.665, TIME: 38.8s
[21-02-15 10:02:28-DEBUG] 
VAL  set, TITLE	CLS0	CLS1	CLS2	MEAN
VAL  set, REC:	0.636	0.467	0.893	0.665	
VAL  set, F1 :	0.722	0.464	0.704	0.630	
VAL  set, AUC:	0.868	0.642	0.920	0.810	
VAL  set, ACC:	0.758	0.688	0.838	0.762	
VAL  set, SPE:	0.878	0.778	0.824	0.827	
[21-02-15 10:03:07-INFO] TEST_RECALL: 0.536, TIME: 38.8s
[21-02-15 10:03:07-DEBUG] 
TEST set, TITLE	CLS0	CLS1	CLS2	MEAN
TEST set, REC:	0.479	0.432	0.697	0.536	
TEST set, F1 :	0.582	0.393	0.579	0.518	
TEST set, AUC:	0.776	0.575	0.801	0.718	
TEST set, ACC:	0.683	0.618	0.741	0.681	
TEST set, SPE:	0.857	0.692	0.756	0.769	
[21-02-15 10:03:10-INFO] BEST_RECALL: 0.536, EPOCH:   7
[21-02-15 10:11:03-INFO] EPOCH: 8
[21-02-15 10:11:03-INFO] TRAIN_LOSS : 0.771, TIME: 473.5s
[21-02-15 10:11:42-INFO] VAL _RECALL: 0.704, TIME: 38.8s
[21-02-15 10:11:42-DEBUG] 
VAL  set, TITLE	CLS0	CLS1	CLS2	MEAN
VAL  set, REC:	0.775	0.640	0.696	0.704	
VAL  set, F1 :	0.803	0.589	0.722	0.705	
VAL  set, AUC:	0.893	0.788	0.911	0.864	
VAL  set, ACC:	0.812	0.742	0.885	0.813	
VAL  set, SPE:	0.847	0.784	0.936	0.856	
[21-02-15 10:12:21-INFO] TEST_RECALL: 0.543, TIME: 38.9s
[21-02-15 10:12:21-DEBUG] 
TEST set, TITLE	CLS0	CLS1	CLS2	MEAN
TEST set, REC:	0.613	0.500	0.515	0.543	
TEST set, F1 :	0.667	0.425	0.544	0.545	
TEST set, AUC:	0.792	0.629	0.806	0.743	
TEST set, ACC:	0.718	0.614	0.780	0.704	
TEST set, SPE:	0.807	0.659	0.870	0.779	
[21-02-15 10:12:24-INFO] BEST_RECALL: 0.543, EPOCH:   8
[21-02-15 10:20:17-INFO] EPOCH: 9
[21-02-15 10:20:17-INFO] TRAIN_LOSS : 0.769, TIME: 473.4s
[21-02-15 10:20:56-INFO] VAL _RECALL: 0.553, TIME: 38.8s
[21-02-15 10:20:56-DEBUG] 
VAL  set, TITLE	CLS0	CLS1	CLS2	MEAN
VAL  set, REC:	0.690	0.773	0.196	0.553	
VAL  set, F1 :	0.748	0.540	0.328	0.539	
VAL  set, AUC:	0.871	0.702	0.893	0.822	
VAL  set, ACC:	0.769	0.619	0.827	0.738	
VAL  set, SPE:	0.847	0.557	1.000	0.801	
[21-02-15 10:21:35-INFO] TEST_RECALL: 0.442, TIME: 39.0s
[21-02-15 10:21:35-DEBUG] 
TEST set, TITLE	CLS0	CLS1	CLS2	MEAN
TEST set, REC:	0.588	0.676	0.061	0.442	
TEST set, F1 :	0.639	0.437	0.114	0.397	
TEST set, AUC:	0.778	0.604	0.774	0.719	
TEST set, ACC:	0.695	0.502	0.761	0.653	
TEST set, SPE:	0.786	0.432	1.000	0.739	
[21-02-15 10:21:36-INFO] BEST_RECALL: 0.543, EPOCH:   8
[21-02-15 10:29:29-INFO] EPOCH: 10
[21-02-15 10:29:29-INFO] TRAIN_LOSS : 0.751, TIME: 473.2s
[21-02-15 10:30:08-INFO] VAL _RECALL: 0.716, TIME: 38.9s
[21-02-15 10:30:08-DEBUG] 
VAL  set, TITLE	CLS0	CLS1	CLS2	MEAN
VAL  set, REC:	0.783	0.560	0.804	0.716	
VAL  set, F1 :	0.811	0.571	0.726	0.703	
VAL  set, AUC:	0.915	0.782	0.923	0.873	
VAL  set, ACC:	0.819	0.758	0.869	0.815	
VAL  set, SPE:	0.855	0.838	0.887	0.860	
[21-02-15 10:30:47-INFO] TEST_RECALL: 0.559, TIME: 38.8s
[21-02-15 10:30:47-DEBUG] 
TEST set, TITLE	CLS0	CLS1	CLS2	MEAN
TEST set, REC:	0.613	0.473	0.591	0.559	
TEST set, F1 :	0.679	0.419	0.574	0.557	
TEST set, AUC:	0.831	0.622	0.830	0.761	
TEST set, ACC:	0.734	0.625	0.776	0.712	
TEST set, SPE:	0.836	0.686	0.839	0.787	
[21-02-15 10:30:50-INFO] BEST_RECALL: 0.559, EPOCH:  10
[21-02-15 10:38:43-INFO] EPOCH: 11
[21-02-15 10:38:43-INFO] TRAIN_LOSS : 0.761, TIME: 473.1s
[21-02-15 10:39:22-INFO] VAL _RECALL: 0.562, TIME: 38.9s
[21-02-15 10:39:22-DEBUG] 
VAL  set, TITLE	CLS0	CLS1	CLS2	MEAN
VAL  set, REC:	0.620	0.067	1.000	0.562	
VAL  set, F1 :	0.734	0.118	0.516	0.456	
VAL  set, AUC:	0.907	0.718	0.942	0.856	
VAL  set, ACC:	0.777	0.712	0.596	0.695	
VAL  set, SPE:	0.931	0.973	0.485	0.797	
[21-02-15 10:40:01-INFO] TEST_RECALL: 0.471, TIME: 38.8s
[21-02-15 10:40:01-DEBUG] 
TEST set, TITLE	CLS0	CLS1	CLS2	MEAN
TEST set, REC:	0.487	0.000	0.924	0.471	
TEST set, F1 :	0.607	0.000	0.498	0.368	
TEST set, AUC:	0.789	0.560	0.791	0.713	
TEST set, ACC:	0.710	0.683	0.525	0.640	
TEST set, SPE:	0.900	0.957	0.389	0.748	
[21-02-15 10:40:02-INFO] BEST_RECALL: 0.559, EPOCH:  10
[21-02-15 10:47:55-INFO] EPOCH: 12
[21-02-15 10:47:55-INFO] TRAIN_LOSS : 0.703, TIME: 473.1s
[21-02-15 10:48:34-INFO] VAL _RECALL: 0.662, TIME: 38.9s
[21-02-15 10:48:34-DEBUG] 
VAL  set, TITLE	CLS0	CLS1	CLS2	MEAN
VAL  set, REC:	0.837	0.720	0.429	0.662	
VAL  set, F1 :	0.834	0.600	0.593	0.676	
VAL  set, AUC:	0.921	0.804	0.942	0.889	
VAL  set, ACC:	0.835	0.723	0.873	0.810	
VAL  set, SPE:	0.832	0.724	0.995	0.850	
[21-02-15 10:49:13-INFO] TEST_RECALL: 0.526, TIME: 38.8s
[21-02-15 10:49:13-DEBUG] 
TEST set, TITLE	CLS0	CLS1	CLS2	MEAN
TEST set, REC:	0.689	0.676	0.212	0.526	
TEST set, F1 :	0.707	0.488	0.346	0.513	
TEST set, AUC:	0.828	0.639	0.807	0.758	
TEST set, ACC:	0.737	0.595	0.795	0.709	
TEST set, SPE:	0.779	0.562	0.995	0.779	
[21-02-15 10:49:14-INFO] BEST_RECALL: 0.559, EPOCH:  10
[21-02-15 10:57:07-INFO] EPOCH: 13
[21-02-15 10:57:07-INFO] TRAIN_LOSS : 0.712, TIME: 473.0s
[21-02-15 10:57:46-INFO] VAL _RECALL: 0.644, TIME: 38.8s
[21-02-15 10:57:46-DEBUG] 
VAL  set, TITLE	CLS0	CLS1	CLS2	MEAN
VAL  set, REC:	0.930	0.467	0.536	0.644	
VAL  set, F1 :	0.814	0.511	0.682	0.669	
VAL  set, AUC:	0.927	0.817	0.944	0.896	
VAL  set, ACC:	0.788	0.742	0.892	0.808	
VAL  set, SPE:	0.649	0.854	0.990	0.831	
[21-02-15 10:58:25-INFO] TEST_RECALL: 0.487, TIME: 38.9s
[21-02-15 10:58:25-DEBUG] 
TEST set, TITLE	CLS0	CLS1	CLS2	MEAN
TEST set, REC:	0.874	0.270	0.318	0.487	
TEST set, F1 :	0.717	0.305	0.433	0.485	
TEST set, AUC:	0.807	0.618	0.791	0.739	
TEST set, ACC:	0.683	0.649	0.788	0.707	
TEST set, SPE:	0.521	0.800	0.948	0.757	
[21-02-15 10:58:26-INFO] BEST_RECALL: 0.559, EPOCH:  10
[21-02-15 11:06:19-INFO] EPOCH: 14
[21-02-15 11:06:19-INFO] TRAIN_LOSS : 0.696, TIME: 473.1s
[21-02-15 11:06:58-INFO] VAL _RECALL: 0.697, TIME: 38.7s
[21-02-15 11:06:58-DEBUG] 
VAL  set, TITLE	CLS0	CLS1	CLS2	MEAN
VAL  set, REC:	0.884	0.440	0.768	0.697	
VAL  set, F1 :	0.835	0.520	0.717	0.691	
VAL  set, AUC:	0.924	0.827	0.941	0.897	
VAL  set, ACC:	0.827	0.765	0.869	0.821	
VAL  set, SPE:	0.771	0.897	0.897	0.855	
[21-02-15 11:07:37-INFO] TEST_RECALL: 0.569, TIME: 38.9s
[21-02-15 11:07:37-DEBUG] 
TEST set, TITLE	CLS0	CLS1	CLS2	MEAN
TEST set, REC:	0.773	0.297	0.636	0.569	
TEST set, F1 :	0.733	0.338	0.613	0.562	
TEST set, AUC:	0.827	0.613	0.841	0.760	
TEST set, ACC:	0.741	0.668	0.795	0.735	
TEST set, SPE:	0.714	0.816	0.850	0.793	
[21-02-15 11:07:40-INFO] BEST_RECALL: 0.569, EPOCH:  14
[21-02-15 11:15:33-INFO] EPOCH: 15
[21-02-15 11:15:33-INFO] TRAIN_LOSS : 0.735, TIME: 473.1s
[21-02-15 11:16:12-INFO] VAL _RECALL: 0.664, TIME: 38.8s
[21-02-15 11:16:12-DEBUG] 
VAL  set, TITLE	CLS0	CLS1	CLS2	MEAN
VAL  set, REC:	0.651	0.680	0.661	0.664	
VAL  set, F1 :	0.740	0.554	0.679	0.658	
VAL  set, AUC:	0.873	0.719	0.907	0.833	
VAL  set, ACC:	0.773	0.685	0.865	0.774	
VAL  set, SPE:	0.893	0.686	0.922	0.834	
[21-02-15 11:16:51-INFO] TEST_RECALL: 0.516, TIME: 38.8s
[21-02-15 11:16:51-DEBUG] 
TEST set, TITLE	CLS0	CLS1	CLS2	MEAN
TEST set, REC:	0.529	0.595	0.424	0.516	
TEST set, F1 :	0.627	0.444	0.471	0.514	
TEST set, AUC:	0.791	0.584	0.784	0.720	
TEST set, ACC:	0.710	0.575	0.757	0.681	
TEST set, SPE:	0.864	0.568	0.870	0.767	
[21-02-15 11:16:52-INFO] BEST_RECALL: 0.569, EPOCH:  14
[21-02-15 11:24:45-INFO] EPOCH: 16
[21-02-15 11:24:45-INFO] TRAIN_LOSS : 0.733, TIME: 472.9s
[21-02-15 11:25:24-INFO] VAL _RECALL: 0.671, TIME: 38.8s
[21-02-15 11:25:24-DEBUG] 
VAL  set, TITLE	CLS0	CLS1	CLS2	MEAN
VAL  set, REC:	0.876	0.333	0.804	0.671	
VAL  set, F1 :	0.831	0.427	0.687	0.648	
VAL  set, AUC:	0.905	0.802	0.933	0.880	
VAL  set, ACC:	0.823	0.742	0.842	0.803	
VAL  set, SPE:	0.771	0.908	0.853	0.844	
[21-02-15 11:26:03-INFO] TEST_RECALL: 0.513, TIME: 38.9s
[21-02-15 11:26:03-DEBUG] 
TEST set, TITLE	CLS0	CLS1	CLS2	MEAN
TEST set, REC:	0.731	0.203	0.606	0.513	
TEST set, F1 :	0.696	0.256	0.530	0.494	
TEST set, AUC:	0.816	0.640	0.799	0.752	
TEST set, ACC:	0.707	0.664	0.726	0.699	
TEST set, SPE:	0.686	0.849	0.767	0.767	
[21-02-15 11:26:04-INFO] BEST_RECALL: 0.569, EPOCH:  14
[21-02-15 11:33:57-INFO] EPOCH: 17
[21-02-15 11:33:57-INFO] TRAIN_LOSS : 0.699, TIME: 473.1s
[21-02-15 11:34:36-INFO] VAL _RECALL: 0.620, TIME: 38.7s
[21-02-15 11:34:36-DEBUG] 
VAL  set, TITLE	CLS0	CLS1	CLS2	MEAN
VAL  set, REC:	0.597	0.960	0.304	0.620	
VAL  set, F1 :	0.737	0.605	0.466	0.603	
VAL  set, AUC:	0.950	0.844	0.938	0.910	
VAL  set, ACC:	0.788	0.638	0.850	0.759	
VAL  set, SPE:	0.977	0.508	1.000	0.828	
[21-02-15 11:35:15-INFO] TEST_RECALL: 0.445, TIME: 38.8s
[21-02-15 11:35:15-DEBUG] 
TEST set, TITLE	CLS0	CLS1	CLS2	MEAN
TEST set, REC:	0.353	0.892	0.091	0.445	
TEST set, F1 :	0.494	0.478	0.167	0.380	
TEST set, AUC:	0.817	0.620	0.789	0.742	
TEST set, ACC:	0.668	0.444	0.768	0.627	
TEST set, SPE:	0.936	0.265	1.000	0.734	
[21-02-15 11:35:16-INFO] BEST_RECALL: 0.569, EPOCH:  14
[21-02-15 11:43:09-INFO] EPOCH: 18
[21-02-15 11:43:09-INFO] TRAIN_LOSS : 0.652, TIME: 472.9s
[21-02-15 11:43:48-INFO] VAL _RECALL: 0.802, TIME: 38.9s
[21-02-15 11:43:48-DEBUG] 
VAL  set, TITLE	CLS0	CLS1	CLS2	MEAN
VAL  set, REC:	0.930	0.707	0.768	0.802	
VAL  set, F1 :	0.902	0.716	0.811	0.810	
VAL  set, AUC:	0.969	0.928	0.970	0.956	
VAL  set, ACC:	0.900	0.838	0.923	0.887	
VAL  set, SPE:	0.870	0.892	0.966	0.909	
[21-02-15 11:44:27-INFO] TEST_RECALL: 0.529, TIME: 38.9s
[21-02-15 11:44:27-DEBUG] 
TEST set, TITLE	CLS0	CLS1	CLS2	MEAN
TEST set, REC:	0.790	0.419	0.379	0.529	
TEST set, F1 :	0.723	0.392	0.500	0.538	
TEST set, AUC:	0.834	0.624	0.861	0.773	
TEST set, ACC:	0.722	0.629	0.807	0.719	
TEST set, SPE:	0.664	0.714	0.953	0.777	
[21-02-15 11:44:28-INFO] BEST_RECALL: 0.569, EPOCH:  14
[21-02-15 11:52:21-INFO] EPOCH: 19
[21-02-15 11:52:21-INFO] TRAIN_LOSS : 0.626, TIME: 473.0s
[21-02-15 11:53:00-INFO] VAL _RECALL: 0.414, TIME: 38.8s
[21-02-15 11:53:00-DEBUG] 
VAL  set, TITLE	CLS0	CLS1	CLS2	MEAN
VAL  set, REC:	1.000	0.080	0.161	0.414	
VAL  set, F1 :	0.739	0.113	0.277	0.376	
VAL  set, AUC:	0.900	0.673	0.925	0.833	
VAL  set, ACC:	0.650	0.638	0.819	0.703	
VAL  set, SPE:	0.305	0.865	1.000	0.723	
[21-02-15 11:53:39-INFO] TEST_RECALL: 0.377, TIME: 38.8s
[21-02-15 11:53:39-DEBUG] 
TEST set, TITLE	CLS0	CLS1	CLS2	MEAN
TEST set, REC:	0.975	0.081	0.076	0.377	
TEST set, F1 :	0.667	0.121	0.141	0.310	
TEST set, AUC:	0.792	0.566	0.783	0.713	
TEST set, ACC:	0.552	0.664	0.764	0.660	
TEST set, SPE:	0.193	0.897	1.000	0.697	
[21-02-15 11:53:40-INFO] BEST_RECALL: 0.569, EPOCH:  14
[21-02-15 12:01:33-INFO] EPOCH: 20
[21-02-15 12:01:33-INFO] TRAIN_LOSS : 0.639, TIME: 472.7s
[21-02-15 12:02:12-INFO] VAL _RECALL: 0.731, TIME: 38.9s
[21-02-15 12:02:12-DEBUG] 
VAL  set, TITLE	CLS0	CLS1	CLS2	MEAN
VAL  set, REC:	0.961	0.267	0.964	0.731	
VAL  set, F1 :	0.876	0.408	0.777	0.687	
VAL  set, AUC:	0.959	0.914	0.977	0.950	
VAL  set, ACC:	0.865	0.777	0.881	0.841	
VAL  set, SPE:	0.771	0.984	0.858	0.871	
[21-02-15 12:02:51-INFO] TEST_RECALL: 0.561, TIME: 38.9s
[21-02-15 12:02:51-DEBUG] 
TEST set, TITLE	CLS0	CLS1	CLS2	MEAN
TEST set, REC:	0.824	0.162	0.697	0.561	
TEST set, F1 :	0.742	0.220	0.634	0.532	
TEST set, AUC:	0.838	0.630	0.856	0.775	
TEST set, ACC:	0.737	0.672	0.795	0.735	
TEST set, SPE:	0.664	0.876	0.829	0.790	
[21-02-15 12:02:52-INFO] BEST_RECALL: 0.569, EPOCH:  14
[21-02-15 12:10:45-INFO] EPOCH: 21
[21-02-15 12:10:45-INFO] TRAIN_LOSS : 0.495, TIME: 473.0s
[21-02-15 12:11:24-INFO] VAL _RECALL: 0.831, TIME: 38.9s
[21-02-15 12:11:24-DEBUG] 
VAL  set, TITLE	CLS0	CLS1	CLS2	MEAN
VAL  set, REC:	0.969	0.720	0.804	0.831	
VAL  set, F1 :	0.906	0.761	0.882	0.850	
VAL  set, AUC:	0.978	0.930	0.990	0.966	
VAL  set, ACC:	0.900	0.869	0.954	0.908	
VAL  set, SPE:	0.832	0.930	0.995	0.919	
[21-02-15 12:12:03-INFO] TEST_RECALL: 0.524, TIME: 39.0s
[21-02-15 12:12:03-DEBUG] 
TEST set, TITLE	CLS0	CLS1	CLS2	MEAN
TEST set, REC:	0.840	0.338	0.394	0.524	
TEST set, F1 :	0.733	0.352	0.505	0.530	
TEST set, AUC:	0.810	0.624	0.854	0.762	
TEST set, ACC:	0.718	0.645	0.803	0.722	
TEST set, SPE:	0.614	0.768	0.943	0.775	
[21-02-15 12:12:04-INFO] BEST_RECALL: 0.569, EPOCH:  14
[21-02-15 12:19:57-INFO] EPOCH: 22
[21-02-15 12:19:57-INFO] TRAIN_LOSS : 0.441, TIME: 473.2s
[21-02-15 12:20:36-INFO] VAL _RECALL: 0.904, TIME: 38.8s
[21-02-15 12:20:36-DEBUG] 
VAL  set, TITLE	CLS0	CLS1	CLS2	MEAN
VAL  set, REC:	0.845	0.867	1.000	0.904	
VAL  set, F1 :	0.905	0.823	0.926	0.884	
VAL  set, AUC:	0.991	0.964	1.000	0.985	
VAL  set, ACC:	0.912	0.892	0.965	0.923	
VAL  set, SPE:	0.977	0.903	0.956	0.945	
[21-02-15 12:21:15-INFO] TEST_RECALL: 0.542, TIME: 38.9s
[21-02-15 12:21:15-DEBUG] 
TEST set, TITLE	CLS0	CLS1	CLS2	MEAN
TEST set, REC:	0.597	0.378	0.652	0.542	
TEST set, F1 :	0.643	0.373	0.585	0.534	
TEST set, AUC:	0.805	0.608	0.805	0.739	
TEST set, ACC:	0.695	0.637	0.764	0.699	
TEST set, SPE:	0.779	0.741	0.803	0.774	
[21-02-15 12:21:16-INFO] BEST_RECALL: 0.569, EPOCH:  14
[21-02-15 12:29:09-INFO] EPOCH: 23
[21-02-15 12:29:09-INFO] TRAIN_LOSS : 0.331, TIME: 473.0s
[21-02-15 12:29:48-INFO] VAL _RECALL: 0.916, TIME: 38.7s
[21-02-15 12:29:48-DEBUG] 
VAL  set, TITLE	CLS0	CLS1	CLS2	MEAN
VAL  set, REC:	0.907	0.840	1.000	0.916	
VAL  set, F1 :	0.940	0.846	0.918	0.901	
VAL  set, AUC:	0.993	0.966	0.996	0.985	
VAL  set, ACC:	0.942	0.912	0.962	0.938	
VAL  set, SPE:	0.977	0.941	0.951	0.956	
[21-02-15 12:30:27-INFO] TEST_RECALL: 0.563, TIME: 38.8s
[21-02-15 12:30:27-DEBUG] 
TEST set, TITLE	CLS0	CLS1	CLS2	MEAN
TEST set, REC:	0.672	0.365	0.652	0.563	
TEST set, F1 :	0.708	0.367	0.593	0.556	
TEST set, AUC:	0.822	0.629	0.815	0.755	
TEST set, ACC:	0.745	0.641	0.772	0.719	
TEST set, SPE:	0.807	0.751	0.813	0.791	
[21-02-15 12:30:28-INFO] BEST_RECALL: 0.569, EPOCH:  14
[21-02-15 12:38:21-INFO] EPOCH: 24
[21-02-15 12:38:21-INFO] TRAIN_LOSS : 0.292, TIME: 473.2s
[21-02-15 12:39:00-INFO] VAL _RECALL: 0.955, TIME: 38.8s
[21-02-15 12:39:00-DEBUG] 
VAL  set, TITLE	CLS0	CLS1	CLS2	MEAN
VAL  set, REC:	0.977	0.907	0.982	0.955	
VAL  set, F1 :	0.977	0.925	0.957	0.953	
VAL  set, AUC:	0.999	0.993	0.997	0.996	
VAL  set, ACC:	0.977	0.958	0.981	0.972	
VAL  set, SPE:	0.977	0.978	0.980	0.979	
[21-02-15 12:39:39-INFO] TEST_RECALL: 0.550, TIME: 38.9s
[21-02-15 12:39:39-DEBUG] 
TEST set, TITLE	CLS0	CLS1	CLS2	MEAN
TEST set, REC:	0.773	0.378	0.500	0.550	
TEST set, F1 :	0.751	0.381	0.524	0.552	
TEST set, AUC:	0.824	0.601	0.807	0.744	
TEST set, ACC:	0.764	0.649	0.768	0.727	
TEST set, SPE:	0.757	0.757	0.860	0.791	
[21-02-15 12:39:41-INFO] BEST_RECALL: 0.569, EPOCH:  14
[21-02-15 12:47:33-INFO] EPOCH: 25
[21-02-15 12:47:33-INFO] TRAIN_LOSS : 0.259, TIME: 472.8s
[21-02-15 12:48:12-INFO] VAL _RECALL: 0.921, TIME: 38.9s
[21-02-15 12:48:12-DEBUG] 
VAL  set, TITLE	CLS0	CLS1	CLS2	MEAN
VAL  set, REC:	1.000	0.800	0.964	0.921	
VAL  set, F1 :	0.952	0.876	0.964	0.931	
VAL  set, AUC:	0.999	0.994	0.999	0.998	
VAL  set, ACC:	0.950	0.935	0.985	0.956	
VAL  set, SPE:	0.901	0.989	0.990	0.960	
[21-02-15 12:48:51-INFO] TEST_RECALL: 0.543, TIME: 38.8s
[21-02-15 12:48:51-DEBUG] 
TEST set, TITLE	CLS0	CLS1	CLS2	MEAN
TEST set, REC:	0.857	0.257	0.515	0.543	
TEST set, F1 :	0.721	0.330	0.567	0.539	
TEST set, AUC:	0.809	0.638	0.825	0.757	
TEST set, ACC:	0.695	0.703	0.799	0.732	
TEST set, SPE:	0.557	0.881	0.896	0.778	
[21-02-15 12:48:52-INFO] BEST_RECALL: 0.569, EPOCH:  14
[21-02-15 12:56:45-INFO] EPOCH: 26
[21-02-15 12:56:45-INFO] TRAIN_LOSS : 0.223, TIME: 472.8s
[21-02-15 12:57:24-INFO] VAL _RECALL: 0.964, TIME: 38.8s
[21-02-15 12:57:24-DEBUG] 
VAL  set, TITLE	CLS0	CLS1	CLS2	MEAN
VAL  set, REC:	1.000	0.947	0.946	0.964	
VAL  set, F1 :	0.977	0.966	0.972	0.972	
VAL  set, AUC:	1.000	0.998	1.000	0.999	
VAL  set, ACC:	0.977	0.981	0.988	0.982	
VAL  set, SPE:	0.954	0.995	1.000	0.983	
[21-02-15 12:58:03-INFO] TEST_RECALL: 0.505, TIME: 38.8s
[21-02-15 12:58:03-DEBUG] 
TEST set, TITLE	CLS0	CLS1	CLS2	MEAN
TEST set, REC:	0.916	0.189	0.409	0.505	
TEST set, F1 :	0.727	0.259	0.491	0.492	
TEST set, AUC:	0.813	0.620	0.797	0.743	
TEST set, ACC:	0.683	0.691	0.784	0.719	
TEST set, SPE:	0.486	0.892	0.912	0.763	
[21-02-15 12:58:04-INFO] BEST_RECALL: 0.569, EPOCH:  14
[21-02-15 13:05:57-INFO] EPOCH: 27
[21-02-15 13:05:57-INFO] TRAIN_LOSS : 0.139, TIME: 472.7s
[21-02-15 13:06:36-INFO] VAL _RECALL: 0.791, TIME: 38.8s
[21-02-15 13:06:36-DEBUG] 
VAL  set, TITLE	CLS0	CLS1	CLS2	MEAN
VAL  set, REC:	0.992	0.453	0.929	0.791	
VAL  set, F1 :	0.952	0.624	0.732	0.769	
VAL  set, AUC:	0.997	0.994	0.956	0.983	
VAL  set, ACC:	0.950	0.842	0.854	0.882	
VAL  set, SPE:	0.908	1.000	0.833	0.914	
[21-02-15 13:07:15-INFO] TEST_RECALL: 0.501, TIME: 38.9s
[21-02-15 13:07:15-DEBUG] 
TEST set, TITLE	CLS0	CLS1	CLS2	MEAN
TEST set, REC:	0.857	0.054	0.591	0.501	
TEST set, F1 :	0.718	0.094	0.523	0.445	
TEST set, AUC:	0.813	0.642	0.803	0.753	
TEST set, ACC:	0.691	0.703	0.726	0.707	
TEST set, SPE:	0.550	0.962	0.772	0.761	
[21-02-15 13:07:16-INFO] BEST_RECALL: 0.569, EPOCH:  14
[21-02-15 13:15:09-INFO] EPOCH: 28
[21-02-15 13:15:09-INFO] TRAIN_LOSS : 0.148, TIME: 472.9s
[21-02-15 13:15:48-INFO] VAL _RECALL: 0.942, TIME: 38.8s
[21-02-15 13:15:48-DEBUG] 
VAL  set, TITLE	CLS0	CLS1	CLS2	MEAN
VAL  set, REC:	1.000	0.827	1.000	0.942	
VAL  set, F1 :	1.000	0.905	0.896	0.934	
VAL  set, AUC:	1.000	0.996	1.000	0.999	
VAL  set, ACC:	1.000	0.950	0.950	0.967	
VAL  set, SPE:	1.000	1.000	0.936	0.979	
[21-02-15 13:16:26-INFO] TEST_RECALL: 0.558, TIME: 38.8s
[21-02-15 13:16:26-DEBUG] 
TEST set, TITLE	CLS0	CLS1	CLS2	MEAN
TEST set, REC:	0.639	0.324	0.712	0.558	
TEST set, F1 :	0.688	0.343	0.599	0.543	
TEST set, AUC:	0.812	0.593	0.826	0.743	
TEST set, ACC:	0.734	0.645	0.757	0.712	
TEST set, SPE:	0.814	0.773	0.772	0.786	
[21-02-15 13:16:28-INFO] BEST_RECALL: 0.569, EPOCH:  14
[21-02-15 13:24:20-INFO] EPOCH: 29
[21-02-15 13:24:20-INFO] TRAIN_LOSS : 0.140, TIME: 472.6s
[21-02-15 13:24:59-INFO] VAL _RECALL: 0.977, TIME: 38.8s
[21-02-15 13:24:59-DEBUG] 
VAL  set, TITLE	CLS0	CLS1	CLS2	MEAN
VAL  set, REC:	0.984	0.947	1.000	0.977	
VAL  set, F1 :	0.984	0.973	0.966	0.974	
VAL  set, AUC:	0.996	1.000	1.000	0.999	
VAL  set, ACC:	0.985	0.985	0.985	0.985	
VAL  set, SPE:	0.985	1.000	0.980	0.988	
[21-02-15 13:25:38-INFO] TEST_RECALL: 0.525, TIME: 38.8s
[21-02-15 13:25:38-DEBUG] 
TEST set, TITLE	CLS0	CLS1	CLS2	MEAN
TEST set, REC:	0.748	0.176	0.652	0.525	
TEST set, F1 :	0.709	0.234	0.551	0.498	
TEST set, AUC:	0.807	0.609	0.798	0.738	
TEST set, ACC:	0.718	0.672	0.730	0.707	
TEST set, SPE:	0.693	0.870	0.756	0.773	
[21-02-15 13:25:39-INFO] BEST_RECALL: 0.569, EPOCH:  14
[21-02-15 13:33:32-INFO] EPOCH: 30
[21-02-15 13:33:32-INFO] TRAIN_LOSS : 0.168, TIME: 472.8s
[21-02-15 13:34:11-INFO] VAL _RECALL: 0.991, TIME: 38.7s
[21-02-15 13:34:11-DEBUG] 
VAL  set, TITLE	CLS0	CLS1	CLS2	MEAN
VAL  set, REC:	0.992	1.000	0.982	0.991	
VAL  set, F1 :	0.996	0.987	0.991	0.991	
VAL  set, AUC:	1.000	0.999	1.000	1.000	
VAL  set, ACC:	0.996	0.992	0.996	0.995	
VAL  set, SPE:	1.000	0.989	1.000	0.996	
[21-02-15 13:34:50-INFO] TEST_RECALL: 0.548, TIME: 38.9s
[21-02-15 13:34:50-DEBUG] 
TEST set, TITLE	CLS0	CLS1	CLS2	MEAN
TEST set, REC:	0.773	0.446	0.424	0.548	
TEST set, F1 :	0.730	0.405	0.544	0.560	
TEST set, AUC:	0.820	0.615	0.851	0.762	
TEST set, ACC:	0.737	0.625	0.819	0.727	
TEST set, SPE:	0.707	0.697	0.953	0.786	
[21-02-15 13:34:51-INFO] BEST_RECALL: 0.569, EPOCH:  14
[21-02-15 13:42:44-INFO] EPOCH: 31
[21-02-15 13:42:44-INFO] TRAIN_LOSS : 0.069, TIME: 472.5s
[21-02-15 13:43:23-INFO] VAL _RECALL: 0.996, TIME: 38.9s
[21-02-15 13:43:23-DEBUG] 
VAL  set, TITLE	CLS0	CLS1	CLS2	MEAN
VAL  set, REC:	1.000	0.987	1.000	0.996	
VAL  set, F1 :	1.000	0.993	0.991	0.995	
VAL  set, AUC:	1.000	1.000	1.000	1.000	
VAL  set, ACC:	1.000	0.996	0.996	0.997	
VAL  set, SPE:	1.000	1.000	0.995	0.998	
[21-02-15 13:44:01-INFO] TEST_RECALL: 0.543, TIME: 38.9s
[21-02-15 13:44:01-DEBUG] 
TEST set, TITLE	CLS0	CLS1	CLS2	MEAN
TEST set, REC:	0.866	0.189	0.576	0.543	
TEST set, F1 :	0.733	0.262	0.585	0.526	
TEST set, AUC:	0.812	0.622	0.827	0.754	
TEST set, ACC:	0.710	0.695	0.792	0.732	
TEST set, SPE:	0.579	0.897	0.865	0.780	
[21-02-15 13:44:03-INFO] BEST_RECALL: 0.569, EPOCH:  14
[21-02-15 13:51:55-INFO] EPOCH: 32
[21-02-15 13:51:55-INFO] TRAIN_LOSS : 0.041, TIME: 472.7s
[21-02-15 13:52:34-INFO] VAL _RECALL: 0.991, TIME: 38.9s
[21-02-15 13:52:34-DEBUG] 
VAL  set, TITLE	CLS0	CLS1	CLS2	MEAN
VAL  set, REC:	0.992	1.000	0.982	0.991	
VAL  set, F1 :	0.996	0.987	0.991	0.991	
VAL  set, AUC:	1.000	1.000	1.000	1.000	
VAL  set, ACC:	0.996	0.992	0.996	0.995	
VAL  set, SPE:	1.000	0.989	1.000	0.996	
[21-02-15 13:53:13-INFO] TEST_RECALL: 0.567, TIME: 38.9s
[21-02-15 13:53:13-DEBUG] 
TEST set, TITLE	CLS0	CLS1	CLS2	MEAN
TEST set, REC:	0.672	0.514	0.515	0.567	
TEST set, F1 :	0.702	0.434	0.591	0.576	
TEST set, AUC:	0.768	0.592	0.825	0.728	
TEST set, ACC:	0.737	0.618	0.819	0.725	
TEST set, SPE:	0.793	0.659	0.922	0.792	
[21-02-15 13:53:15-INFO] BEST_RECALL: 0.569, EPOCH:  14
[21-02-15 14:01:07-INFO] EPOCH: 33
[21-02-15 14:01:07-INFO] TRAIN_LOSS : 0.089, TIME: 472.6s
[21-02-15 14:01:46-INFO] VAL _RECALL: 0.985, TIME: 38.8s
[21-02-15 14:01:46-DEBUG] 
VAL  set, TITLE	CLS0	CLS1	CLS2	MEAN
VAL  set, REC:	0.969	0.987	1.000	0.985	
VAL  set, F1 :	0.984	0.974	0.982	0.980	
VAL  set, AUC:	1.000	1.000	1.000	1.000	
VAL  set, ACC:	0.985	0.985	0.992	0.987	
VAL  set, SPE:	1.000	0.984	0.990	0.991	
[21-02-15 14:02:25-INFO] TEST_RECALL: 0.559, TIME: 38.9s
[21-02-15 14:02:25-DEBUG] 
TEST set, TITLE	CLS0	CLS1	CLS2	MEAN
TEST set, REC:	0.706	0.365	0.606	0.559	
TEST set, F1 :	0.697	0.386	0.584	0.556	
TEST set, AUC:	0.792	0.632	0.818	0.747	
TEST set, ACC:	0.718	0.668	0.780	0.722	
TEST set, SPE:	0.729	0.789	0.839	0.786	
[21-02-15 14:02:26-INFO] BEST_RECALL: 0.569, EPOCH:  14
[21-02-15 14:10:19-INFO] EPOCH: 34
[21-02-15 14:10:19-INFO] TRAIN_LOSS : 0.058, TIME: 472.7s
[21-02-15 14:10:58-INFO] VAL _RECALL: 0.985, TIME: 38.9s
[21-02-15 14:10:58-DEBUG] 
VAL  set, TITLE	CLS0	CLS1	CLS2	MEAN
VAL  set, REC:	1.000	0.973	0.982	0.985	
VAL  set, F1 :	0.996	0.980	0.982	0.986	
VAL  set, AUC:	1.000	0.999	1.000	1.000	
VAL  set, ACC:	0.996	0.988	0.992	0.992	
VAL  set, SPE:	0.992	0.995	0.995	0.994	
[21-02-15 14:11:37-INFO] TEST_RECALL: 0.562, TIME: 38.9s
[21-02-15 14:11:37-DEBUG] 
TEST set, TITLE	CLS0	CLS1	CLS2	MEAN
TEST set, REC:	0.857	0.297	0.530	0.562	
TEST set, F1 :	0.758	0.346	0.574	0.560	
TEST set, AUC:	0.812	0.595	0.833	0.747	
TEST set, ACC:	0.749	0.680	0.799	0.743	
TEST set, SPE:	0.657	0.832	0.891	0.794	
[21-02-15 14:11:38-INFO] BEST_RECALL: 0.569, EPOCH:  14
[21-02-15 14:19:31-INFO] EPOCH: 35
[21-02-15 14:19:31-INFO] TRAIN_LOSS : 0.053, TIME: 472.7s
[21-02-15 14:20:10-INFO] VAL _RECALL: 0.996, TIME: 38.8s
[21-02-15 14:20:10-DEBUG] 
VAL  set, TITLE	CLS0	CLS1	CLS2	MEAN
VAL  set, REC:	1.000	0.987	1.000	0.996	
VAL  set, F1 :	1.000	0.993	0.991	0.995	
VAL  set, AUC:	1.000	1.000	1.000	1.000	
VAL  set, ACC:	1.000	0.996	0.996	0.997	
VAL  set, SPE:	1.000	1.000	0.995	0.998	
[21-02-15 14:20:49-INFO] TEST_RECALL: 0.540, TIME: 38.9s
[21-02-15 14:20:49-DEBUG] 
TEST set, TITLE	CLS0	CLS1	CLS2	MEAN
TEST set, REC:	0.681	0.378	0.561	0.540	
TEST set, F1 :	0.701	0.359	0.565	0.542	
TEST set, AUC:	0.810	0.588	0.812	0.737	
TEST set, ACC:	0.734	0.614	0.780	0.709	
TEST set, SPE:	0.779	0.708	0.855	0.781	
[21-02-15 14:20:50-INFO] BEST_RECALL: 0.569, EPOCH:  14
[21-02-15 14:28:43-INFO] EPOCH: 36
[21-02-15 14:28:43-INFO] TRAIN_LOSS : 0.054, TIME: 472.5s
[21-02-15 14:29:21-INFO] VAL _RECALL: 0.960, TIME: 38.8s
[21-02-15 14:29:21-DEBUG] 
VAL  set, TITLE	CLS0	CLS1	CLS2	MEAN
VAL  set, REC:	1.000	0.880	1.000	0.960	
VAL  set, F1 :	1.000	0.936	0.926	0.954	
VAL  set, AUC:	1.000	1.000	1.000	1.000	
VAL  set, ACC:	1.000	0.965	0.965	0.977	
VAL  set, SPE:	1.000	1.000	0.956	0.985	
[21-02-15 14:30:00-INFO] TEST_RECALL: 0.575, TIME: 39.0s
[21-02-15 14:30:00-DEBUG] 
TEST set, TITLE	CLS0	CLS1	CLS2	MEAN
TEST set, REC:	0.798	0.230	0.697	0.575	
TEST set, F1 :	0.742	0.288	0.639	0.556	
TEST set, AUC:	0.814	0.612	0.856	0.761	
TEST set, ACC:	0.745	0.676	0.799	0.740	
TEST set, SPE:	0.700	0.854	0.834	0.796	
[21-02-15 14:30:03-INFO] BEST_RECALL: 0.575, EPOCH:  36
[21-02-15 14:37:56-INFO] EPOCH: 37
[21-02-15 14:37:56-INFO] TRAIN_LOSS : 0.099, TIME: 472.6s
[21-02-15 14:38:35-INFO] VAL _RECALL: 0.988, TIME: 38.7s
[21-02-15 14:38:35-DEBUG] 
VAL  set, TITLE	CLS0	CLS1	CLS2	MEAN
VAL  set, REC:	1.000	1.000	0.964	0.988	
VAL  set, F1 :	1.000	0.987	0.982	0.990	
VAL  set, AUC:	1.000	1.000	1.000	1.000	
VAL  set, ACC:	1.000	0.992	0.992	0.995	
VAL  set, SPE:	1.000	0.989	1.000	0.996	
[21-02-15 14:39:13-INFO] TEST_RECALL: 0.535, TIME: 38.8s
[21-02-15 14:39:13-DEBUG] 
TEST set, TITLE	CLS0	CLS1	CLS2	MEAN
TEST set, REC:	0.706	0.459	0.439	0.535	
TEST set, F1 :	0.703	0.410	0.513	0.542	
TEST set, AUC:	0.796	0.612	0.826	0.745	
TEST set, ACC:	0.726	0.622	0.788	0.712	
TEST set, SPE:	0.743	0.686	0.907	0.779	
[21-02-15 14:39:15-INFO] BEST_RECALL: 0.575, EPOCH:  36
[21-02-15 14:47:08-INFO] EPOCH: 38
[21-02-15 14:47:08-INFO] TRAIN_LOSS : 0.074, TIME: 472.8s
[21-02-15 14:47:47-INFO] VAL _RECALL: 0.938, TIME: 38.9s
[21-02-15 14:47:47-DEBUG] 
VAL  set, TITLE	CLS0	CLS1	CLS2	MEAN
VAL  set, REC:	1.000	0.973	0.839	0.938	
VAL  set, F1 :	0.966	0.973	0.913	0.951	
VAL  set, AUC:	1.000	0.998	1.000	0.999	
VAL  set, ACC:	0.965	0.985	0.965	0.972	
VAL  set, SPE:	0.931	0.989	1.000	0.973	
[21-02-15 14:48:25-INFO] TEST_RECALL: 0.483, TIME: 38.8s
[21-02-15 14:48:25-DEBUG] 
TEST set, TITLE	CLS0	CLS1	CLS2	MEAN
TEST set, REC:	0.874	0.257	0.318	0.483	
TEST set, F1 :	0.691	0.306	0.452	0.483	
TEST set, AUC:	0.759	0.578	0.833	0.723	
TEST set, ACC:	0.641	0.668	0.803	0.704	
TEST set, SPE:	0.443	0.832	0.969	0.748	
[21-02-15 14:48:27-INFO] BEST_RECALL: 0.575, EPOCH:  36
[21-02-15 14:56:19-INFO] EPOCH: 39
[21-02-15 14:56:19-INFO] TRAIN_LOSS : 0.077, TIME: 472.6s
[21-02-15 14:56:58-INFO] VAL _RECALL: 0.971, TIME: 38.9s
[21-02-15 14:56:58-DEBUG] 
VAL  set, TITLE	CLS0	CLS1	CLS2	MEAN
VAL  set, REC:	0.992	0.920	1.000	0.971	
VAL  set, F1 :	0.992	0.952	0.957	0.967	
VAL  set, AUC:	0.999	0.999	1.000	0.999	
VAL  set, ACC:	0.992	0.973	0.981	0.982	
VAL  set, SPE:	0.992	0.995	0.975	0.987	
[21-02-15 14:57:37-INFO] TEST_RECALL: 0.531, TIME: 38.8s
[21-02-15 14:57:37-DEBUG] 
TEST set, TITLE	CLS0	CLS1	CLS2	MEAN
TEST set, REC:	0.647	0.203	0.742	0.531	
TEST set, F1 :	0.655	0.256	0.590	0.501	
TEST set, AUC:	0.781	0.585	0.845	0.737	
TEST set, ACC:	0.687	0.664	0.737	0.696	
TEST set, SPE:	0.721	0.849	0.736	0.769	
[21-02-15 14:57:38-INFO] BEST_RECALL: 0.575, EPOCH:  36
[21-02-15 15:05:31-INFO] EPOCH: 40
[21-02-15 15:05:31-INFO] TRAIN_LOSS : 0.056, TIME: 472.3s
[21-02-15 15:06:10-INFO] VAL _RECALL: 0.992, TIME: 38.9s
[21-02-15 15:06:10-DEBUG] 
VAL  set, TITLE	CLS0	CLS1	CLS2	MEAN
VAL  set, REC:	0.977	1.000	1.000	0.992	
VAL  set, F1 :	0.988	0.993	0.982	0.988	
VAL  set, AUC:	1.000	1.000	1.000	1.000	
VAL  set, ACC:	0.988	0.996	0.992	0.992	
VAL  set, SPE:	1.000	0.995	0.990	0.995	
[21-02-15 15:06:49-INFO] TEST_RECALL: 0.572, TIME: 38.9s
[21-02-15 15:06:49-DEBUG] 
TEST set, TITLE	CLS0	CLS1	CLS2	MEAN
TEST set, REC:	0.630	0.405	0.682	0.572	
TEST set, F1 :	0.676	0.390	0.634	0.566	
TEST set, AUC:	0.806	0.625	0.840	0.757	
TEST set, ACC:	0.722	0.637	0.799	0.719	
TEST set, SPE:	0.800	0.730	0.839	0.790	
[21-02-15 15:06:50-INFO] BEST_RECALL: 0.575, EPOCH:  36
[21-02-15 15:14:42-INFO] EPOCH: 41
[21-02-15 15:14:42-INFO] TRAIN_LOSS : 0.013, TIME: 472.2s
[21-02-15 15:15:21-INFO] VAL _RECALL: 1.000, TIME: 38.8s
[21-02-15 15:15:21-DEBUG] 
VAL  set, TITLE	CLS0	CLS1	CLS2	MEAN
VAL  set, REC:	1.000	1.000	1.000	1.000	
VAL  set, F1 :	1.000	1.000	1.000	1.000	
VAL  set, AUC:	1.000	1.000	1.000	1.000	
VAL  set, ACC:	1.000	1.000	1.000	1.000	
VAL  set, SPE:	1.000	1.000	1.000	1.000	
[21-02-15 15:16:00-INFO] TEST_RECALL: 0.550, TIME: 38.9s
[21-02-15 15:16:00-DEBUG] 
TEST set, TITLE	CLS0	CLS1	CLS2	MEAN
TEST set, REC:	0.798	0.338	0.515	0.550	
TEST set, F1 :	0.728	0.360	0.576	0.555	
TEST set, AUC:	0.817	0.626	0.855	0.766	
TEST set, ACC:	0.726	0.656	0.807	0.730	
TEST set, SPE:	0.664	0.784	0.907	0.785	
[21-02-15 15:16:01-INFO] BEST_RECALL: 0.575, EPOCH:  36
[21-02-15 15:23:54-INFO] EPOCH: 42
[21-02-15 15:23:54-INFO] TRAIN_LOSS : 0.049, TIME: 472.4s
[21-02-15 15:24:32-INFO] VAL _RECALL: 0.974, TIME: 38.8s
[21-02-15 15:24:32-DEBUG] 
VAL  set, TITLE	CLS0	CLS1	CLS2	MEAN
VAL  set, REC:	0.992	1.000	0.929	0.974	
VAL  set, F1 :	0.996	0.968	0.963	0.976	
VAL  set, AUC:	1.000	1.000	1.000	1.000	
VAL  set, ACC:	0.996	0.981	0.985	0.987	
VAL  set, SPE:	1.000	0.973	1.000	0.991	
[21-02-15 15:25:11-INFO] TEST_RECALL: 0.536, TIME: 38.8s
[21-02-15 15:25:11-DEBUG] 
TEST set, TITLE	CLS0	CLS1	CLS2	MEAN
TEST set, REC:	0.613	0.676	0.318	0.536	
TEST set, F1 :	0.667	0.476	0.472	0.538	
TEST set, AUC:	0.778	0.616	0.824	0.739	
TEST set, ACC:	0.718	0.575	0.819	0.704	
TEST set, SPE:	0.807	0.535	0.990	0.777	
[21-02-15 15:25:13-INFO] BEST_RECALL: 0.575, EPOCH:  36
[21-02-15 15:33:05-INFO] EPOCH: 43
[21-02-15 15:33:05-INFO] TRAIN_LOSS : 0.097, TIME: 472.4s
[21-02-15 15:33:44-INFO] VAL _RECALL: 1.000, TIME: 38.8s
[21-02-15 15:33:44-DEBUG] 
VAL  set, TITLE	CLS0	CLS1	CLS2	MEAN
VAL  set, REC:	1.000	1.000	1.000	1.000	
VAL  set, F1 :	1.000	1.000	1.000	1.000	
VAL  set, AUC:	1.000	1.000	1.000	1.000	
VAL  set, ACC:	1.000	1.000	1.000	1.000	
VAL  set, SPE:	1.000	1.000	1.000	1.000	
[21-02-15 15:34:23-INFO] TEST_RECALL: 0.576, TIME: 38.9s
[21-02-15 15:34:23-DEBUG] 
TEST set, TITLE	CLS0	CLS1	CLS2	MEAN
TEST set, REC:	0.773	0.378	0.576	0.576	
TEST set, F1 :	0.733	0.384	0.628	0.582	
TEST set, AUC:	0.809	0.621	0.865	0.765	
TEST set, ACC:	0.741	0.653	0.826	0.740	
TEST set, SPE:	0.714	0.762	0.912	0.796	
[21-02-15 15:34:25-INFO] BEST_RECALL: 0.576, EPOCH:  43
[21-02-15 15:42:18-INFO] EPOCH: 44
[21-02-15 15:42:18-INFO] TRAIN_LOSS : 0.027, TIME: 472.1s
[21-02-15 15:42:56-INFO] VAL _RECALL: 1.000, TIME: 38.9s
[21-02-15 15:42:56-DEBUG] 
VAL  set, TITLE	CLS0	CLS1	CLS2	MEAN
VAL  set, REC:	1.000	1.000	1.000	1.000	
VAL  set, F1 :	1.000	1.000	1.000	1.000	
VAL  set, AUC:	1.000	1.000	1.000	1.000	
VAL  set, ACC:	1.000	1.000	1.000	1.000	
VAL  set, SPE:	1.000	1.000	1.000	1.000	
[21-02-15 15:43:35-INFO] TEST_RECALL: 0.556, TIME: 38.9s
[21-02-15 15:43:35-DEBUG] 
TEST set, TITLE	CLS0	CLS1	CLS2	MEAN
TEST set, REC:	0.731	0.392	0.545	0.556	
TEST set, F1 :	0.719	0.372	0.600	0.564	
TEST set, AUC:	0.808	0.619	0.874	0.767	
TEST set, ACC:	0.737	0.622	0.815	0.725	
TEST set, SPE:	0.743	0.714	0.907	0.788	
[21-02-15 15:43:37-INFO] BEST_RECALL: 0.576, EPOCH:  43
[21-02-15 15:51:28-INFO] EPOCH: 45
[21-02-15 15:51:28-INFO] TRAIN_LOSS : 0.015, TIME: 471.8s
[21-02-15 15:52:07-INFO] VAL _RECALL: 0.996, TIME: 38.7s
[21-02-15 15:52:07-DEBUG] 
VAL  set, TITLE	CLS0	CLS1	CLS2	MEAN
VAL  set, REC:	1.000	0.987	1.000	0.996	
VAL  set, F1 :	1.000	0.993	0.991	0.995	
VAL  set, AUC:	1.000	1.000	1.000	1.000	
VAL  set, ACC:	1.000	0.996	0.996	0.997	
VAL  set, SPE:	1.000	1.000	0.995	0.998	
[21-02-15 15:52:46-INFO] TEST_RECALL: 0.535, TIME: 38.8s
[21-02-15 15:52:46-DEBUG] 
TEST set, TITLE	CLS0	CLS1	CLS2	MEAN
TEST set, REC:	0.857	0.216	0.530	0.535	
TEST set, F1 :	0.716	0.267	0.619	0.534	
TEST set, AUC:	0.794	0.601	0.879	0.758	
TEST set, ACC:	0.687	0.660	0.834	0.727	
TEST set, SPE:	0.543	0.838	0.938	0.773	
[21-02-15 15:52:47-INFO] BEST_RECALL: 0.576, EPOCH:  43
[21-02-15 16:00:39-INFO] EPOCH: 46
[21-02-15 16:00:39-INFO] TRAIN_LOSS : 0.011, TIME: 471.7s
[21-02-15 16:01:18-INFO] VAL _RECALL: 1.000, TIME: 38.8s
[21-02-15 16:01:18-DEBUG] 
VAL  set, TITLE	CLS0	CLS1	CLS2	MEAN
VAL  set, REC:	1.000	1.000	1.000	1.000	
VAL  set, F1 :	1.000	1.000	1.000	1.000	
VAL  set, AUC:	1.000	1.000	1.000	1.000	
VAL  set, ACC:	1.000	1.000	1.000	1.000	
VAL  set, SPE:	1.000	1.000	1.000	1.000	
[21-02-15 16:01:57-INFO] TEST_RECALL: 0.588, TIME: 38.9s
[21-02-15 16:01:57-DEBUG] 
TEST set, TITLE	CLS0	CLS1	CLS2	MEAN
TEST set, REC:	0.773	0.203	0.788	0.588	
TEST set, F1 :	0.736	0.265	0.671	0.557	
TEST set, AUC:	0.805	0.579	0.864	0.749	
TEST set, ACC:	0.745	0.680	0.803	0.743	
TEST set, SPE:	0.721	0.870	0.808	0.800	
[21-02-15 16:02:00-INFO] BEST_RECALL: 0.588, EPOCH:  46
[21-02-15 16:09:51-INFO] EPOCH: 47
[21-02-15 16:09:51-INFO] TRAIN_LOSS : 0.007, TIME: 471.3s
[21-02-15 16:10:30-INFO] VAL _RECALL: 1.000, TIME: 38.9s
[21-02-15 16:10:30-DEBUG] 
VAL  set, TITLE	CLS0	CLS1	CLS2	MEAN
VAL  set, REC:	1.000	1.000	1.000	1.000	
VAL  set, F1 :	1.000	1.000	1.000	1.000	
VAL  set, AUC:	1.000	1.000	1.000	1.000	
VAL  set, ACC:	1.000	1.000	1.000	1.000	
VAL  set, SPE:	1.000	1.000	1.000	1.000	
[21-02-15 16:11:09-INFO] TEST_RECALL: 0.545, TIME: 38.8s
[21-02-15 16:11:09-DEBUG] 
TEST set, TITLE	CLS0	CLS1	CLS2	MEAN
TEST set, REC:	0.849	0.257	0.530	0.545	
TEST set, F1 :	0.743	0.297	0.593	0.544	
TEST set, AUC:	0.809	0.584	0.865	0.752	
TEST set, ACC:	0.730	0.653	0.815	0.732	
TEST set, SPE:	0.629	0.811	0.912	0.784	
[21-02-15 16:11:10-INFO] BEST_RECALL: 0.588, EPOCH:  46
[21-02-15 16:19:02-INFO] EPOCH: 48
[21-02-15 16:19:02-INFO] TRAIN_LOSS : 0.009, TIME: 471.7s
[21-02-15 16:19:40-INFO] VAL _RECALL: 1.000, TIME: 38.8s
[21-02-15 16:19:40-DEBUG] 
VAL  set, TITLE	CLS0	CLS1	CLS2	MEAN
VAL  set, REC:	1.000	1.000	1.000	1.000	
VAL  set, F1 :	1.000	1.000	1.000	1.000	
VAL  set, AUC:	1.000	1.000	1.000	1.000	
VAL  set, ACC:	1.000	1.000	1.000	1.000	
VAL  set, SPE:	1.000	1.000	1.000	1.000	
[21-02-15 16:20:19-INFO] TEST_RECALL: 0.550, TIME: 38.9s
[21-02-15 16:20:19-DEBUG] 
TEST set, TITLE	CLS0	CLS1	CLS2	MEAN
TEST set, REC:	0.924	0.135	0.591	0.550	
TEST set, F1 :	0.751	0.200	0.624	0.525	
TEST set, AUC:	0.823	0.606	0.871	0.767	
TEST set, ACC:	0.718	0.691	0.819	0.743	
TEST set, SPE:	0.543	0.914	0.896	0.784	
[21-02-15 16:20:21-INFO] BEST_RECALL: 0.588, EPOCH:  46
[21-02-15 16:28:13-INFO] EPOCH: 49
[21-02-15 16:28:13-INFO] TRAIN_LOSS : 0.044, TIME: 472.1s
[21-02-15 16:28:52-INFO] VAL _RECALL: 1.000, TIME: 38.8s
[21-02-15 16:28:52-DEBUG] 
VAL  set, TITLE	CLS0	CLS1	CLS2	MEAN
VAL  set, REC:	1.000	1.000	1.000	1.000	
VAL  set, F1 :	1.000	1.000	1.000	1.000	
VAL  set, AUC:	1.000	1.000	1.000	1.000	
VAL  set, ACC:	1.000	1.000	1.000	1.000	
VAL  set, SPE:	1.000	1.000	1.000	1.000	
[21-02-15 16:29:30-INFO] TEST_RECALL: 0.542, TIME: 38.8s
[21-02-15 16:29:30-DEBUG] 
TEST set, TITLE	CLS0	CLS1	CLS2	MEAN
TEST set, REC:	0.832	0.203	0.591	0.542	
TEST set, F1 :	0.739	0.252	0.595	0.529	
TEST set, AUC:	0.818	0.604	0.847	0.756	
TEST set, ACC:	0.730	0.656	0.795	0.727	
TEST set, SPE:	0.643	0.838	0.865	0.782	
[21-02-15 16:29:32-INFO] BEST_RECALL: 0.588, EPOCH:  46
[21-02-15 16:37:24-INFO] EPOCH: 50
[21-02-15 16:37:24-INFO] TRAIN_LOSS : 0.090, TIME: 472.1s
[21-02-15 16:38:03-INFO] VAL _RECALL: 0.995, TIME: 38.9s
[21-02-15 16:38:03-DEBUG] 
VAL  set, TITLE	CLS0	CLS1	CLS2	MEAN
VAL  set, REC:	0.984	1.000	1.000	0.995	
VAL  set, F1 :	0.992	0.987	1.000	0.993	
VAL  set, AUC:	1.000	1.000	1.000	1.000	
VAL  set, ACC:	0.992	0.992	1.000	0.995	
VAL  set, SPE:	1.000	0.989	1.000	0.996	
[21-02-15 16:38:42-INFO] TEST_RECALL: 0.560, TIME: 38.9s
[21-02-15 16:38:42-DEBUG] 
TEST set, TITLE	CLS0	CLS1	CLS2	MEAN
TEST set, REC:	0.714	0.419	0.545	0.560	
TEST set, F1 :	0.711	0.387	0.605	0.568	
TEST set, AUC:	0.785	0.558	0.865	0.736	
TEST set, ACC:	0.734	0.622	0.819	0.725	
TEST set, SPE:	0.750	0.703	0.912	0.788	
[21-02-15 16:38:43-INFO] BEST_RECALL: 0.588, EPOCH:  46
[21-02-15 16:46:35-INFO] EPOCH: 51
[21-02-15 16:46:35-INFO] TRAIN_LOSS : 0.019, TIME: 471.8s
[21-02-15 16:47:14-INFO] VAL _RECALL: 1.000, TIME: 38.8s
[21-02-15 16:47:14-DEBUG] 
VAL  set, TITLE	CLS0	CLS1	CLS2	MEAN
VAL  set, REC:	1.000	1.000	1.000	1.000	
VAL  set, F1 :	1.000	1.000	1.000	1.000	
VAL  set, AUC:	1.000	1.000	1.000	1.000	
VAL  set, ACC:	1.000	1.000	1.000	1.000	
VAL  set, SPE:	1.000	1.000	1.000	1.000	
[21-02-15 16:47:53-INFO] TEST_RECALL: 0.511, TIME: 38.8s
[21-02-15 16:47:53-DEBUG] 
TEST set, TITLE	CLS0	CLS1	CLS2	MEAN
TEST set, REC:	0.790	0.257	0.485	0.511	
TEST set, F1 :	0.712	0.281	0.538	0.510	
TEST set, AUC:	0.778	0.561	0.845	0.728	
TEST set, ACC:	0.707	0.625	0.788	0.707	
TEST set, SPE:	0.636	0.773	0.891	0.767	
[21-02-15 16:47:54-INFO] BEST_RECALL: 0.588, EPOCH:  46
[21-02-15 16:55:46-INFO] EPOCH: 52
[21-02-15 16:55:46-INFO] TRAIN_LOSS : 0.019, TIME: 471.6s
[21-02-15 16:56:25-INFO] VAL _RECALL: 0.996, TIME: 38.9s
[21-02-15 16:56:25-DEBUG] 
VAL  set, TITLE	CLS0	CLS1	CLS2	MEAN
VAL  set, REC:	1.000	0.987	1.000	0.996	
VAL  set, F1 :	0.996	0.993	1.000	0.996	
VAL  set, AUC:	1.000	1.000	1.000	1.000	
VAL  set, ACC:	0.996	0.996	1.000	0.997	
VAL  set, SPE:	0.992	1.000	1.000	0.997	
[21-02-15 16:57:04-INFO] TEST_RECALL: 0.530, TIME: 38.9s
[21-02-15 16:57:04-DEBUG] 
TEST set, TITLE	CLS0	CLS1	CLS2	MEAN
TEST set, REC:	0.807	0.297	0.485	0.530	
TEST set, F1 :	0.727	0.321	0.547	0.532	
TEST set, AUC:	0.812	0.580	0.844	0.746	
TEST set, ACC:	0.722	0.641	0.795	0.719	
TEST set, SPE:	0.650	0.778	0.902	0.777	
[21-02-15 16:57:05-INFO] BEST_RECALL: 0.588, EPOCH:  46
[21-02-15 17:04:56-INFO] EPOCH: 53
[21-02-15 17:04:56-INFO] TRAIN_LOSS : 0.025, TIME: 471.7s
[21-02-15 17:05:35-INFO] VAL _RECALL: 1.000, TIME: 38.8s
[21-02-15 17:05:35-DEBUG] 
VAL  set, TITLE	CLS0	CLS1	CLS2	MEAN
VAL  set, REC:	1.000	1.000	1.000	1.000	
VAL  set, F1 :	1.000	1.000	1.000	1.000	
VAL  set, AUC:	1.000	1.000	1.000	1.000	
VAL  set, ACC:	1.000	1.000	1.000	1.000	
VAL  set, SPE:	1.000	1.000	1.000	1.000	
[21-02-15 17:06:14-INFO] TEST_RECALL: 0.562, TIME: 38.9s
[21-02-15 17:06:14-DEBUG] 
TEST set, TITLE	CLS0	CLS1	CLS2	MEAN
TEST set, REC:	0.798	0.311	0.576	0.562	
TEST set, F1 :	0.728	0.351	0.603	0.561	
TEST set, AUC:	0.812	0.588	0.867	0.756	
TEST set, ACC:	0.726	0.672	0.807	0.735	
TEST set, SPE:	0.664	0.816	0.886	0.789	
[21-02-15 17:06:16-INFO] BEST_RECALL: 0.588, EPOCH:  46
[21-02-15 17:14:07-INFO] EPOCH: 54
[21-02-15 17:14:07-INFO] TRAIN_LOSS : 0.008, TIME: 471.6s
[21-02-15 17:14:46-INFO] VAL _RECALL: 0.996, TIME: 38.8s
[21-02-15 17:14:46-DEBUG] 
VAL  set, TITLE	CLS0	CLS1	CLS2	MEAN
VAL  set, REC:	1.000	0.987	1.000	0.996	
VAL  set, F1 :	0.996	0.993	1.000	0.996	
VAL  set, AUC:	1.000	1.000	1.000	1.000	
VAL  set, ACC:	0.996	0.996	1.000	0.997	
VAL  set, SPE:	0.992	1.000	1.000	0.997	
[21-02-15 17:15:25-INFO] TEST_RECALL: 0.533, TIME: 38.8s
[21-02-15 17:15:25-DEBUG] 
TEST set, TITLE	CLS0	CLS1	CLS2	MEAN
TEST set, REC:	0.857	0.243	0.500	0.533	
TEST set, F1 :	0.711	0.305	0.584	0.533	
TEST set, AUC:	0.787	0.612	0.857	0.752	
TEST set, ACC:	0.680	0.683	0.819	0.727	
TEST set, SPE:	0.529	0.859	0.927	0.772	
[21-02-15 17:15:26-INFO] BEST_RECALL: 0.588, EPOCH:  46
[21-02-15 17:23:18-INFO] EPOCH: 55
[21-02-15 17:23:18-INFO] TRAIN_LOSS : 0.038, TIME: 471.6s
[21-02-15 17:23:57-INFO] VAL _RECALL: 0.961, TIME: 38.8s
[21-02-15 17:23:57-DEBUG] 
VAL  set, TITLE	CLS0	CLS1	CLS2	MEAN
VAL  set, REC:	1.000	0.973	0.911	0.961	
VAL  set, F1 :	0.977	0.986	0.944	0.969	
VAL  set, AUC:	1.000	1.000	0.998	0.999	
VAL  set, ACC:	0.977	0.992	0.977	0.982	
VAL  set, SPE:	0.954	1.000	0.995	0.983	
[21-02-15 17:24:35-INFO] TEST_RECALL: 0.559, TIME: 38.8s
[21-02-15 17:24:35-DEBUG] 
TEST set, TITLE	CLS0	CLS1	CLS2	MEAN
TEST set, REC:	0.891	0.257	0.530	0.559	
TEST set, F1 :	0.749	0.319	0.603	0.557	
TEST set, AUC:	0.821	0.623	0.832	0.759	
TEST set, ACC:	0.726	0.687	0.822	0.745	
TEST set, SPE:	0.586	0.859	0.922	0.789	
[21-02-15 17:24:37-INFO] BEST_RECALL: 0.588, EPOCH:  46
[21-02-15 17:32:28-INFO] EPOCH: 56
[21-02-15 17:32:28-INFO] TRAIN_LOSS : 0.027, TIME: 471.8s
[21-02-15 17:33:07-INFO] VAL _RECALL: 1.000, TIME: 38.9s
[21-02-15 17:33:07-DEBUG] 
VAL  set, TITLE	CLS0	CLS1	CLS2	MEAN
VAL  set, REC:	1.000	1.000	1.000	1.000	
VAL  set, F1 :	1.000	1.000	1.000	1.000	
VAL  set, AUC:	1.000	1.000	1.000	1.000	
VAL  set, ACC:	1.000	1.000	1.000	1.000	
VAL  set, SPE:	1.000	1.000	1.000	1.000	
[21-02-15 17:33:46-INFO] TEST_RECALL: 0.553, TIME: 38.8s
[21-02-15 17:33:46-DEBUG] 
TEST set, TITLE	CLS0	CLS1	CLS2	MEAN
TEST set, REC:	0.840	0.378	0.439	0.553	
TEST set, F1 :	0.763	0.376	0.542	0.560	
TEST set, AUC:	0.839	0.626	0.870	0.778	
TEST set, ACC:	0.761	0.641	0.811	0.737	
TEST set, SPE:	0.693	0.746	0.938	0.792	
[21-02-15 17:33:48-INFO] BEST_RECALL: 0.588, EPOCH:  46
[21-02-15 17:41:39-INFO] EPOCH: 57
[21-02-15 17:41:39-INFO] TRAIN_LOSS : 0.013, TIME: 471.5s
[21-02-15 17:42:18-INFO] VAL _RECALL: 1.000, TIME: 38.8s
[21-02-15 17:42:18-DEBUG] 
VAL  set, TITLE	CLS0	CLS1	CLS2	MEAN
VAL  set, REC:	1.000	1.000	1.000	1.000	
VAL  set, F1 :	1.000	1.000	1.000	1.000	
VAL  set, AUC:	1.000	1.000	1.000	1.000	
VAL  set, ACC:	1.000	1.000	1.000	1.000	
VAL  set, SPE:	1.000	1.000	1.000	1.000	
[21-02-15 17:42:57-INFO] TEST_RECALL: 0.598, TIME: 38.9s
[21-02-15 17:42:57-DEBUG] 
TEST set, TITLE	CLS0	CLS1	CLS2	MEAN
TEST set, REC:	0.782	0.392	0.621	0.598	
TEST set, F1 :	0.753	0.397	0.656	0.602	
TEST set, AUC:	0.829	0.643	0.865	0.779	
TEST set, ACC:	0.764	0.660	0.834	0.753	
TEST set, SPE:	0.750	0.768	0.907	0.808	
[21-02-15 17:42:59-INFO] BEST_RECALL: 0.598, EPOCH:  57
[21-02-15 17:50:51-INFO] EPOCH: 58
[21-02-15 17:50:51-INFO] TRAIN_LOSS : 0.009, TIME: 471.7s
[21-02-15 17:51:30-INFO] VAL _RECALL: 0.992, TIME: 38.9s
[21-02-15 17:51:30-DEBUG] 
VAL  set, TITLE	CLS0	CLS1	CLS2	MEAN
VAL  set, REC:	0.977	1.000	1.000	0.992	
VAL  set, F1 :	0.988	0.980	1.000	0.990	
VAL  set, AUC:	1.000	1.000	1.000	1.000	
VAL  set, ACC:	0.988	0.988	1.000	0.992	
VAL  set, SPE:	1.000	0.984	1.000	0.995	
[21-02-15 17:52:09-INFO] TEST_RECALL: 0.554, TIME: 38.8s
[21-02-15 17:52:09-DEBUG] 
TEST set, TITLE	CLS0	CLS1	CLS2	MEAN
TEST set, REC:	0.597	0.581	0.485	0.554	
TEST set, F1 :	0.660	0.446	0.582	0.563	
TEST set, AUC:	0.804	0.621	0.817	0.747	
TEST set, ACC:	0.718	0.587	0.822	0.709	
TEST set, SPE:	0.821	0.589	0.938	0.783	
[21-02-15 17:52:10-INFO] BEST_RECALL: 0.598, EPOCH:  57
[21-02-15 18:00:02-INFO] EPOCH: 59
[21-02-15 18:00:02-INFO] TRAIN_LOSS : 0.005, TIME: 471.4s
[21-02-15 18:00:40-INFO] VAL _RECALL: 1.000, TIME: 38.8s
[21-02-15 18:00:40-DEBUG] 
VAL  set, TITLE	CLS0	CLS1	CLS2	MEAN
VAL  set, REC:	1.000	1.000	1.000	1.000	
VAL  set, F1 :	1.000	1.000	1.000	1.000	
VAL  set, AUC:	1.000	1.000	1.000	1.000	
VAL  set, ACC:	1.000	1.000	1.000	1.000	
VAL  set, SPE:	1.000	1.000	1.000	1.000	
[21-02-15 18:01:19-INFO] TEST_RECALL: 0.597, TIME: 38.8s
[21-02-15 18:01:19-DEBUG] 
TEST set, TITLE	CLS0	CLS1	CLS2	MEAN
TEST set, REC:	0.815	0.446	0.530	0.597	
TEST set, F1 :	0.752	0.455	0.609	0.605	
TEST set, AUC:	0.813	0.632	0.840	0.761	
TEST set, ACC:	0.753	0.695	0.826	0.758	
TEST set, SPE:	0.700	0.795	0.927	0.807	
[21-02-15 18:01:21-INFO] BEST_RECALL: 0.598, EPOCH:  57
[21-02-15 18:09:12-INFO] EPOCH: 60
[21-02-15 18:09:12-INFO] TRAIN_LOSS : 0.004, TIME: 471.6s
[21-02-15 18:09:51-INFO] VAL _RECALL: 0.997, TIME: 38.8s
[21-02-15 18:09:51-DEBUG] 
VAL  set, TITLE	CLS0	CLS1	CLS2	MEAN
VAL  set, REC:	0.992	1.000	1.000	0.997	
VAL  set, F1 :	0.996	0.993	1.000	0.996	
VAL  set, AUC:	1.000	1.000	1.000	1.000	
VAL  set, ACC:	0.996	0.996	1.000	0.997	
VAL  set, SPE:	1.000	0.995	1.000	0.998	
[21-02-15 18:10:30-INFO] TEST_RECALL: 0.556, TIME: 38.8s
[21-02-15 18:10:30-DEBUG] 
TEST set, TITLE	CLS0	CLS1	CLS2	MEAN
TEST set, REC:	0.664	0.581	0.424	0.556	
TEST set, F1 :	0.699	0.465	0.523	0.562	
TEST set, AUC:	0.812	0.640	0.818	0.757	
TEST set, ACC:	0.737	0.618	0.803	0.719	
TEST set, SPE:	0.800	0.632	0.933	0.788	
[21-02-15 18:10:31-INFO] BEST_RECALL: 0.598, EPOCH:  57
[21-02-15 18:18:22-INFO] EPOCH: 61
[21-02-15 18:18:22-INFO] TRAIN_LOSS : 0.004, TIME: 471.2s
[21-02-15 18:19:01-INFO] VAL _RECALL: 1.000, TIME: 38.8s
[21-02-15 18:19:01-DEBUG] 
VAL  set, TITLE	CLS0	CLS1	CLS2	MEAN
VAL  set, REC:	1.000	1.000	1.000	1.000	
VAL  set, F1 :	1.000	1.000	1.000	1.000	
VAL  set, AUC:	1.000	1.000	1.000	1.000	
VAL  set, ACC:	1.000	1.000	1.000	1.000	
VAL  set, SPE:	1.000	1.000	1.000	1.000	
[21-02-15 18:19:40-INFO] TEST_RECALL: 0.566, TIME: 38.9s
[21-02-15 18:19:40-DEBUG] 
TEST set, TITLE	CLS0	CLS1	CLS2	MEAN
TEST set, REC:	0.782	0.324	0.591	0.566	
TEST set, F1 :	0.753	0.356	0.574	0.561	
TEST set, AUC:	0.812	0.631	0.835	0.759	
TEST set, ACC:	0.764	0.664	0.776	0.735	
TEST set, SPE:	0.750	0.800	0.839	0.796	
[21-02-15 18:19:41-INFO] BEST_RECALL: 0.598, EPOCH:  57
[21-02-15 18:27:33-INFO] EPOCH: 62
[21-02-15 18:27:33-INFO] TRAIN_LOSS : 0.003, TIME: 471.2s
[21-02-15 18:28:11-INFO] VAL _RECALL: 1.000, TIME: 38.9s
[21-02-15 18:28:11-DEBUG] 
VAL  set, TITLE	CLS0	CLS1	CLS2	MEAN
VAL  set, REC:	1.000	1.000	1.000	1.000	
VAL  set, F1 :	1.000	1.000	1.000	1.000	
VAL  set, AUC:	1.000	1.000	1.000	1.000	
VAL  set, ACC:	1.000	1.000	1.000	1.000	
VAL  set, SPE:	1.000	1.000	1.000	1.000	
[21-02-15 18:28:50-INFO] TEST_RECALL: 0.578, TIME: 38.8s
[21-02-15 18:28:50-DEBUG] 
TEST set, TITLE	CLS0	CLS1	CLS2	MEAN
TEST set, REC:	0.832	0.297	0.606	0.578	
TEST set, F1 :	0.759	0.361	0.593	0.571	
TEST set, AUC:	0.814	0.637	0.840	0.764	
TEST set, ACC:	0.757	0.699	0.788	0.748	
TEST set, SPE:	0.693	0.859	0.850	0.801	
[21-02-15 18:28:52-INFO] BEST_RECALL: 0.598, EPOCH:  57
[21-02-15 18:36:43-INFO] EPOCH: 63
[21-02-15 18:36:43-INFO] TRAIN_LOSS : 0.001, TIME: 471.1s
[21-02-15 18:37:21-INFO] VAL _RECALL: 1.000, TIME: 38.7s
[21-02-15 18:37:21-DEBUG] 
VAL  set, TITLE	CLS0	CLS1	CLS2	MEAN
VAL  set, REC:	1.000	1.000	1.000	1.000	
VAL  set, F1 :	1.000	1.000	1.000	1.000	
VAL  set, AUC:	1.000	1.000	1.000	1.000	
VAL  set, ACC:	1.000	1.000	1.000	1.000	
VAL  set, SPE:	1.000	1.000	1.000	1.000	
[21-02-15 18:38:00-INFO] TEST_RECALL: 0.583, TIME: 38.8s
[21-02-15 18:38:00-DEBUG] 
TEST set, TITLE	CLS0	CLS1	CLS2	MEAN
TEST set, REC:	0.815	0.419	0.515	0.583	
TEST set, F1 :	0.755	0.440	0.567	0.587	
TEST set, AUC:	0.817	0.643	0.834	0.765	
TEST set, ACC:	0.757	0.695	0.799	0.750	
TEST set, SPE:	0.707	0.805	0.896	0.803	
[21-02-15 18:38:02-INFO] BEST_RECALL: 0.598, EPOCH:  57
[21-02-15 18:45:52-INFO] EPOCH: 64
[21-02-15 18:45:52-INFO] TRAIN_LOSS : 0.003, TIME: 470.8s
[21-02-15 18:46:31-INFO] VAL _RECALL: 0.988, TIME: 38.8s
[21-02-15 18:46:31-DEBUG] 
VAL  set, TITLE	CLS0	CLS1	CLS2	MEAN
VAL  set, REC:	1.000	1.000	0.964	0.988	
VAL  set, F1 :	0.996	0.993	0.982	0.990	
VAL  set, AUC:	1.000	1.000	1.000	1.000	
VAL  set, ACC:	0.996	0.996	0.992	0.995	
VAL  set, SPE:	0.992	0.995	1.000	0.996	
[21-02-15 18:47:10-INFO] TEST_RECALL: 0.551, TIME: 38.9s
[21-02-15 18:47:10-DEBUG] 
TEST set, TITLE	CLS0	CLS1	CLS2	MEAN
TEST set, REC:	0.790	0.500	0.364	0.551	
TEST set, F1 :	0.726	0.465	0.480	0.557	
TEST set, AUC:	0.806	0.645	0.822	0.758	
TEST set, ACC:	0.726	0.672	0.799	0.732	
TEST set, SPE:	0.671	0.741	0.948	0.787	
[21-02-15 18:47:11-INFO] BEST_RECALL: 0.598, EPOCH:  57
[21-02-15 18:55:03-INFO] EPOCH: 65
[21-02-15 18:55:03-INFO] TRAIN_LOSS : 0.059, TIME: 471.7s
[21-02-15 18:55:42-INFO] VAL _RECALL: 0.985, TIME: 38.9s
[21-02-15 18:55:42-DEBUG] 
VAL  set, TITLE	CLS0	CLS1	CLS2	MEAN
VAL  set, REC:	1.000	0.973	0.982	0.985	
VAL  set, F1 :	0.992	0.980	0.991	0.988	
VAL  set, AUC:	1.000	0.998	0.999	0.999	
VAL  set, ACC:	0.992	0.988	0.996	0.992	
VAL  set, SPE:	0.985	0.995	1.000	0.993	
[21-02-15 18:56:21-INFO] TEST_RECALL: 0.572, TIME: 38.7s
[21-02-15 18:56:21-DEBUG] 
TEST set, TITLE	CLS0	CLS1	CLS2	MEAN
TEST set, REC:	0.840	0.405	0.470	0.572	
TEST set, F1 :	0.769	0.403	0.569	0.580	
TEST set, AUC:	0.844	0.624	0.833	0.767	
TEST set, ACC:	0.768	0.656	0.819	0.748	
TEST set, SPE:	0.707	0.757	0.938	0.801	
[21-02-15 18:56:22-INFO] BEST_RECALL: 0.598, EPOCH:  57
[21-02-15 19:04:14-INFO] EPOCH: 66
[21-02-15 19:04:14-INFO] TRAIN_LOSS : 0.038, TIME: 471.8s
[21-02-15 19:04:53-INFO] VAL _RECALL: 0.995, TIME: 38.9s
[21-02-15 19:04:53-DEBUG] 
VAL  set, TITLE	CLS0	CLS1	CLS2	MEAN
VAL  set, REC:	0.984	1.000	1.000	0.995	
VAL  set, F1 :	0.992	0.993	0.991	0.992	
VAL  set, AUC:	1.000	1.000	1.000	1.000	
VAL  set, ACC:	0.992	0.996	0.996	0.995	
VAL  set, SPE:	1.000	0.995	0.995	0.997	
[21-02-15 19:05:32-INFO] TEST_RECALL: 0.538, TIME: 38.9s
[21-02-15 19:05:32-DEBUG] 
TEST set, TITLE	CLS0	CLS1	CLS2	MEAN
TEST set, REC:	0.597	0.486	0.530	0.538	
TEST set, F1 :	0.679	0.396	0.551	0.542	
TEST set, AUC:	0.819	0.584	0.810	0.738	
TEST set, ACC:	0.741	0.575	0.780	0.699	
TEST set, SPE:	0.864	0.611	0.865	0.780	
[21-02-15 19:05:33-INFO] BEST_RECALL: 0.598, EPOCH:  57
[21-02-15 19:13:24-INFO] EPOCH: 67
[21-02-15 19:13:24-INFO] TRAIN_LOSS : 0.004, TIME: 471.1s
[21-02-15 19:14:03-INFO] VAL _RECALL: 1.000, TIME: 38.8s
[21-02-15 19:14:03-DEBUG] 
VAL  set, TITLE	CLS0	CLS1	CLS2	MEAN
VAL  set, REC:	1.000	1.000	1.000	1.000	
VAL  set, F1 :	1.000	1.000	1.000	1.000	
VAL  set, AUC:	1.000	1.000	1.000	1.000	
VAL  set, ACC:	1.000	1.000	1.000	1.000	
VAL  set, SPE:	1.000	1.000	1.000	1.000	
[21-02-15 19:14:42-INFO] TEST_RECALL: 0.547, TIME: 38.9s
[21-02-15 19:14:42-DEBUG] 
TEST set, TITLE	CLS0	CLS1	CLS2	MEAN
TEST set, REC:	0.849	0.338	0.455	0.547	
TEST set, F1 :	0.748	0.370	0.531	0.550	
TEST set, AUC:	0.807	0.603	0.838	0.750	
TEST set, ACC:	0.737	0.672	0.795	0.735	
TEST set, SPE:	0.643	0.805	0.912	0.787	
[21-02-15 19:14:43-INFO] BEST_RECALL: 0.598, EPOCH:  57
[21-02-15 19:22:35-INFO] EPOCH: 68
[21-02-15 19:22:35-INFO] TRAIN_LOSS : 0.008, TIME: 471.2s
[21-02-15 19:23:13-INFO] VAL _RECALL: 0.994, TIME: 38.7s
[21-02-15 19:23:13-DEBUG] 
VAL  set, TITLE	CLS0	CLS1	CLS2	MEAN
VAL  set, REC:	1.000	1.000	0.982	0.994	
VAL  set, F1 :	1.000	0.993	0.991	0.995	
VAL  set, AUC:	1.000	1.000	1.000	1.000	
VAL  set, ACC:	1.000	0.996	0.996	0.997	
VAL  set, SPE:	1.000	0.995	1.000	0.998	
[21-02-15 19:23:52-INFO] TEST_RECALL: 0.577, TIME: 38.9s
[21-02-15 19:23:52-DEBUG] 
TEST set, TITLE	CLS0	CLS1	CLS2	MEAN
TEST set, REC:	0.807	0.378	0.545	0.577	
TEST set, F1 :	0.771	0.386	0.581	0.579	
TEST set, AUC:	0.819	0.608	0.820	0.749	
TEST set, ACC:	0.780	0.656	0.799	0.745	
TEST set, SPE:	0.757	0.768	0.886	0.804	
[21-02-15 19:23:54-INFO] BEST_RECALL: 0.598, EPOCH:  57
[21-02-15 19:31:45-INFO] EPOCH: 69
[21-02-15 19:31:45-INFO] TRAIN_LOSS : 0.014, TIME: 471.4s
[21-02-15 19:32:24-INFO] VAL _RECALL: 1.000, TIME: 38.8s
[21-02-15 19:32:24-DEBUG] 
VAL  set, TITLE	CLS0	CLS1	CLS2	MEAN
VAL  set, REC:	1.000	1.000	1.000	1.000	
VAL  set, F1 :	1.000	1.000	1.000	1.000	
VAL  set, AUC:	1.000	1.000	1.000	1.000	
VAL  set, ACC:	1.000	1.000	1.000	1.000	
VAL  set, SPE:	1.000	1.000	1.000	1.000	
[21-02-15 19:33:03-INFO] TEST_RECALL: 0.561, TIME: 38.9s
[21-02-15 19:33:03-DEBUG] 
TEST set, TITLE	CLS0	CLS1	CLS2	MEAN
TEST set, REC:	0.748	0.419	0.515	0.561	
TEST set, F1 :	0.745	0.392	0.562	0.566	
TEST set, AUC:	0.807	0.602	0.815	0.741	
TEST set, ACC:	0.764	0.629	0.795	0.730	
TEST set, SPE:	0.779	0.714	0.891	0.794	
[21-02-15 19:33:04-INFO] BEST_RECALL: 0.598, EPOCH:  57
